Args in experiment:
Namespace(is_training=1, model_id='exchange_rate_336_336_S_channels_8', model='DLinear', data='custom', root_path='./dataset/', data_path='exchange_rate.csv', features='S', target='OT', freq='h', checkpoints='./checkpoints/', seq_len=336, label_len=48, pred_len=336, individual=False, embed_type=0, enc_in=8, dec_in=7, c_out=7, d_model=512, n_heads=8, e_layers=2, d_layers=1, d_ff=2048, moving_avg=25, factor=1, distil=True, dropout=0.05, embed='timeF', activation='gelu', output_attention=False, do_predict=False, num_workers=0, itr=1, train_epochs=10, batch_size=8, patience=3, learning_rate=0.0005, des='Exp', loss='mse', lradj='type1', use_amp=False, use_gpu=False, gpu=0, use_multi_gpu=False, devices='0,1,2,3', test_flop=False)
exchange_rate_336_336_S_channels_8
Use CPU

Model(
  (decompsition): series_decomp(
    (moving_avg): moving_avg(
      (avg): AvgPool1d(kernel_size=(25,), stride=(1,), padding=(0,))
    )
  )
  (Linear_Seasonal): Linear(in_features=336, out_features=336, bias=True)
  (Linear_Trend): Linear(in_features=336, out_features=336, bias=True)
  (Linear_Decoder): Linear(in_features=336, out_features=336, bias=True)
)

>>>>>>>start training : exchange_rate_336_336_S_channels_8>>>>>>>>>>>>>>>>>>>>>>>>>>

train 4640
val 425
test 1182
	iters: 100, epoch: 1 | loss: 0.4803801
	speed: 0.0066s/iter; time left: 37.6040s
	iters: 200, epoch: 1 | loss: 0.3817814
	speed: 0.0025s/iter; time left: 14.1644s
	iters: 300, epoch: 1 | loss: 0.2518387
	speed: 0.0018s/iter; time left: 9.8743s
	iters: 400, epoch: 1 | loss: 0.6243833
	speed: 0.0021s/iter; time left: 11.0857s
	iters: 500, epoch: 1 | loss: 0.4704364
	speed: 0.0023s/iter; time left: 12.2193s
Epoch: 1 cost time: 1.3s
Epoch: 1, Steps: 580 | Train Loss: 0.5008329 Vali Loss: 0.6464599 Test Loss: 0.3515344
Validation loss decreased (inf --> 0.646460).  Saving model ...
Updating learning rate to 0.0005
	iters: 100, epoch: 2 | loss: 0.4807000
	speed: 0.0050s/iter; time left: 25.4078s
	iters: 200, epoch: 2 | loss: 0.2594522
	speed: 0.0017s/iter; time left: 8.5819s
	iters: 300, epoch: 2 | loss: 0.5811542
	speed: 0.0018s/iter; time left: 8.7314s
	iters: 400, epoch: 2 | loss: 0.2904608
	speed: 0.0024s/iter; time left: 11.7751s
	iters: 500, epoch: 2 | loss: 0.7032350
	speed: 0.0018s/iter; time left: 8.2980s
Epoch: 2 cost time: 1.1s
Epoch: 2, Steps: 580 | Train Loss: 0.4660744 Vali Loss: 0.7818033 Test Loss: 0.4055764
EarlyStopping counter: 1 out of 3
Updating learning rate to 0.00025
	iters: 100, epoch: 3 | loss: 0.5981781
	speed: 0.0046s/iter; time left: 20.7882s
	iters: 200, epoch: 3 | loss: 0.3611228
	speed: 0.0018s/iter; time left: 7.8862s
	iters: 300, epoch: 3 | loss: 0.3805032
	speed: 0.0018s/iter; time left: 7.9277s
	iters: 400, epoch: 3 | loss: 0.3246371
	speed: 0.0018s/iter; time left: 7.8213s
	iters: 500, epoch: 3 | loss: 0.3543217
	speed: 0.0021s/iter; time left: 8.6178s
Epoch: 3 cost time: 1.1s
Epoch: 3, Steps: 580 | Train Loss: 0.4469108 Vali Loss: 0.5728406 Test Loss: 0.3170644
Validation loss decreased (0.646460 --> 0.572841).  Saving model ...
Updating learning rate to 0.000125
	iters: 100, epoch: 4 | loss: 0.2503862
	speed: 0.0046s/iter; time left: 18.2244s
	iters: 200, epoch: 4 | loss: 0.6364900
	speed: 0.0018s/iter; time left: 6.8884s
	iters: 300, epoch: 4 | loss: 0.4080371
	speed: 0.0018s/iter; time left: 6.7223s
	iters: 400, epoch: 4 | loss: 0.4651278
	speed: 0.0018s/iter; time left: 6.5121s
	iters: 500, epoch: 4 | loss: 0.4737309
	speed: 0.0017s/iter; time left: 6.0100s
Epoch: 4 cost time: 1.0s
Epoch: 4, Steps: 580 | Train Loss: 0.4400273 Vali Loss: 0.9504946 Test Loss: 0.6239265
EarlyStopping counter: 1 out of 3
Updating learning rate to 6.25e-05
	iters: 100, epoch: 5 | loss: 0.3573371
	speed: 0.0043s/iter; time left: 14.6324s
	iters: 200, epoch: 5 | loss: 0.4987029
	speed: 0.0019s/iter; time left: 6.0940s
	iters: 300, epoch: 5 | loss: 0.4128162
	speed: 0.0020s/iter; time left: 6.5146s
	iters: 400, epoch: 5 | loss: 0.1553953
	speed: 0.0018s/iter; time left: 5.6163s
	iters: 500, epoch: 5 | loss: 0.3103886
	speed: 0.0018s/iter; time left: 5.2754s
Epoch: 5 cost time: 1.1s
Epoch: 5, Steps: 580 | Train Loss: 0.4372533 Vali Loss: 0.7124779 Test Loss: 0.4090791
EarlyStopping counter: 2 out of 3
Updating learning rate to 3.125e-05
	iters: 100, epoch: 6 | loss: 0.4473458
	speed: 0.0047s/iter; time left: 13.0864s
	iters: 200, epoch: 6 | loss: 0.2370346
	speed: 0.0020s/iter; time left: 5.4521s
	iters: 300, epoch: 6 | loss: 0.3693095
	speed: 0.0018s/iter; time left: 4.6518s
	iters: 400, epoch: 6 | loss: 0.2413158
	speed: 0.0017s/iter; time left: 4.1812s
	iters: 500, epoch: 6 | loss: 0.4513511
	speed: 0.0019s/iter; time left: 4.5714s
Epoch: 6 cost time: 1.1s
Epoch: 6, Steps: 580 | Train Loss: 0.4355576 Vali Loss: 0.7642837 Test Loss: 0.4380072
EarlyStopping counter: 3 out of 3
Early stopping
>>>>>>>testing : exchange_rate_336_336_S_channels_8<<<<<<<<<<<<<<<<<<<<<<<<<<<<<<<<<
test 1182

Final Metrics:

DLinear      MSE: 0.317064   MAE: 0.457646   SE: 0.657320   RRMSE: 0.337687   RMAE: 0.274454   (numpy)
DLinear      MSE: 0.317064   MAE: 0.457646   SE: 0.657320   RRMSE: 0.337687   RMAE: 0.274454   (torch)

Repeat       MSE: 0.370203   MAE: 0.467749   SE: 0.809456   RRMSE: 0.364888   RMAE: 0.280513   (numpy)
Repeat       MSE: 0.370203   MAE: 0.467749   SE: 0.809456   RRMSE: 0.364888   RMAE: 0.280513   (torch)

Shapes: pred (1176, 336, 1), true (1176, 336, 1), naive_pred (1176, 336, 1), gt (1176, 672, 1), metrics {'DLinear': {'mse': 0.3170644, 'mae': 0.45764557, 'se': 0.6573203, 'relative_rmse': 0.3376865, 'relative_mae': 0.2744538, 'mse_torch': 0.31706440448760986, 'mae_torch': 0.45764556527137756, 'se_torch': 0.6573203802108765, 'relative_rmse_torch': 0.3376865029162967, 'relative_mae_torch': 0.27445378002872073}, 'Repeat': {'mse': 0.3702028, 'mae': 0.4677486, 'se': 0.80945605, 'relative_rmse': 0.36488822, 'relative_mae': 0.28051266, 'mse_torch': 0.3702028691768646, 'mae_torch': 0.4677485525608063, 'se_torch': 0.8094561100006104, 'relative_rmse_torch': 0.3648882247633194, 'relative_mae_torch': 0.2805126239498272}}
