Args in experiment:
Namespace(is_training=1, model_id='exchange_rate_336_336_S_channels_8', model='FITS', data='custom', root_path='./dataset/', data_path='exchange_rate.csv', features='S', target='OT', freq='h', checkpoints='./checkpoints/', seq_len=336, label_len=48, pred_len=336, individual=False, embed_type=0, enc_in=8, dec_in=7, c_out=7, d_model=512, n_heads=8, e_layers=2, d_layers=1, d_ff=2048, moving_avg=25, factor=1, distil=True, dropout=0.05, embed='timeF', activation='gelu', output_attention=False, do_predict=False, num_workers=0, itr=1, train_epochs=10, batch_size=8, patience=3, learning_rate=0.0005, des='Exp', loss='mse', lradj='type1', use_amp=False, use_gpu=False, gpu=0, use_multi_gpu=False, devices='0,1,2,3', test_flop=False)
exchange_rate_336_336_S_channels_8
Use CPU
FITS cutoff frequency: 168

Model(
  (fits): FITS(
    (frequency_upsampler): Linear(in_features=168, out_features=336, bias=True)
  )
)

>>>>>>>start training : exchange_rate_336_336_S_channels_8>>>>>>>>>>>>>>>>>>>>>>>>>>

train 4640
val 425
test 1182
	iters: 100, epoch: 1 | loss: 0.7487259
	speed: 0.0049s/iter; time left: 27.7473s
	iters: 200, epoch: 1 | loss: 0.4266841
	speed: 0.0019s/iter; time left: 10.5264s
	iters: 300, epoch: 1 | loss: 0.5725924
	speed: 0.0018s/iter; time left: 9.9640s
	iters: 400, epoch: 1 | loss: 0.5435464
	speed: 0.0015s/iter; time left: 8.1585s
	iters: 500, epoch: 1 | loss: 0.6727959
	speed: 0.0015s/iter; time left: 7.8817s
Epoch: 1 cost time: 1.0s
Epoch: 1, Steps: 580 | Train Loss: 0.6785987 Vali Loss: 0.3586521 Test Loss: 0.4331389
Validation loss decreased (inf --> 0.358652).  Saving model ...
Updating learning rate to 0.0005
	iters: 100, epoch: 2 | loss: 0.7589118
	speed: 0.0039s/iter; time left: 19.8366s
	iters: 200, epoch: 2 | loss: 0.2583227
	speed: 0.0016s/iter; time left: 8.1640s
	iters: 300, epoch: 2 | loss: 0.9599011
	speed: 0.0015s/iter; time left: 7.3560s
	iters: 400, epoch: 2 | loss: 0.4853535
	speed: 0.0014s/iter; time left: 6.9577s
	iters: 500, epoch: 2 | loss: 1.1356825
	speed: 0.0014s/iter; time left: 6.5651s
Epoch: 2 cost time: 0.9s
Epoch: 2, Steps: 580 | Train Loss: 0.5917851 Vali Loss: 0.3379115 Test Loss: 0.4122023
Validation loss decreased (0.358652 --> 0.337911).  Saving model ...
Updating learning rate to 0.00025
	iters: 100, epoch: 3 | loss: 0.4008286
	speed: 0.0034s/iter; time left: 15.6229s
	iters: 200, epoch: 3 | loss: 0.6841951
	speed: 0.0014s/iter; time left: 6.2013s
	iters: 300, epoch: 3 | loss: 0.4137545
	speed: 0.0015s/iter; time left: 6.5144s
	iters: 400, epoch: 3 | loss: 0.4573093
	speed: 0.0014s/iter; time left: 6.0459s
	iters: 500, epoch: 3 | loss: 0.5569496
	speed: 0.0016s/iter; time left: 6.5336s
Epoch: 3 cost time: 0.9s
Epoch: 3, Steps: 580 | Train Loss: 0.5771481 Vali Loss: 0.3372355 Test Loss: 0.4083401
Validation loss decreased (0.337911 --> 0.337236).  Saving model ...
Updating learning rate to 0.000125
	iters: 100, epoch: 4 | loss: 0.7229089
	speed: 0.0038s/iter; time left: 15.1355s
	iters: 200, epoch: 4 | loss: 0.5932407
	speed: 0.0015s/iter; time left: 5.6624s
	iters: 300, epoch: 4 | loss: 0.5143642
	speed: 0.0019s/iter; time left: 7.0412s
	iters: 400, epoch: 4 | loss: 0.3305216
	speed: 0.0013s/iter; time left: 4.8804s
	iters: 500, epoch: 4 | loss: 0.6345649
	speed: 0.0014s/iter; time left: 5.1235s
Epoch: 4 cost time: 0.9s
Epoch: 4, Steps: 580 | Train Loss: 0.5714944 Vali Loss: 0.3355320 Test Loss: 0.4064374
Validation loss decreased (0.337236 --> 0.335532).  Saving model ...
Updating learning rate to 6.25e-05
	iters: 100, epoch: 5 | loss: 0.4742316
	speed: 0.0036s/iter; time left: 12.0712s
	iters: 200, epoch: 5 | loss: 0.2491118
	speed: 0.0014s/iter; time left: 4.7487s
	iters: 300, epoch: 5 | loss: 0.7002801
	speed: 0.0015s/iter; time left: 4.7196s
	iters: 400, epoch: 5 | loss: 0.4263692
	speed: 0.0014s/iter; time left: 4.2602s
	iters: 500, epoch: 5 | loss: 0.4131379
	speed: 0.0014s/iter; time left: 4.1354s
Epoch: 5 cost time: 0.8s
Epoch: 5, Steps: 580 | Train Loss: 0.5688531 Vali Loss: 0.3351886 Test Loss: 0.4055786
Validation loss decreased (0.335532 --> 0.335189).  Saving model ...
Updating learning rate to 3.125e-05
	iters: 100, epoch: 6 | loss: 0.6801517
	speed: 0.0036s/iter; time left: 10.1133s
	iters: 200, epoch: 6 | loss: 0.5905123
	speed: 0.0014s/iter; time left: 3.7098s
	iters: 300, epoch: 6 | loss: 0.5034155
	speed: 0.0015s/iter; time left: 3.9023s
	iters: 400, epoch: 6 | loss: 0.4250377
	speed: 0.0019s/iter; time left: 4.7863s
	iters: 500, epoch: 6 | loss: 0.9532236
	speed: 0.0015s/iter; time left: 3.5601s
Epoch: 6 cost time: 0.9s
Epoch: 6, Steps: 580 | Train Loss: 0.5675831 Vali Loss: 0.3350404 Test Loss: 0.4051964
Validation loss decreased (0.335189 --> 0.335040).  Saving model ...
Updating learning rate to 1.5625e-05
	iters: 100, epoch: 7 | loss: 0.6625482
	speed: 0.0033s/iter; time left: 7.2649s
	iters: 200, epoch: 7 | loss: 0.4150507
	speed: 0.0014s/iter; time left: 3.0515s
	iters: 300, epoch: 7 | loss: 0.5481725
	speed: 0.0017s/iter; time left: 3.3941s
	iters: 400, epoch: 7 | loss: 0.4271850
	speed: 0.0013s/iter; time left: 2.5374s
	iters: 500, epoch: 7 | loss: 0.7450933
	speed: 0.0015s/iter; time left: 2.6906s
Epoch: 7 cost time: 0.9s
Epoch: 7, Steps: 580 | Train Loss: 0.5669437 Vali Loss: 0.3353289 Test Loss: 0.4049938
EarlyStopping counter: 1 out of 3
Updating learning rate to 7.8125e-06
	iters: 100, epoch: 8 | loss: 0.3718272
	speed: 0.0037s/iter; time left: 6.0170s
	iters: 200, epoch: 8 | loss: 0.9414191
	speed: 0.0016s/iter; time left: 2.4392s
	iters: 300, epoch: 8 | loss: 0.8897263
	speed: 0.0014s/iter; time left: 1.9661s
	iters: 400, epoch: 8 | loss: 0.4221413
	speed: 0.0015s/iter; time left: 2.0414s
	iters: 500, epoch: 8 | loss: 0.7083795
	speed: 0.0018s/iter; time left: 2.2773s
Epoch: 8 cost time: 0.9s
Epoch: 8, Steps: 580 | Train Loss: 0.5666332 Vali Loss: 0.3355029 Test Loss: 0.4048871
EarlyStopping counter: 2 out of 3
Updating learning rate to 3.90625e-06
	iters: 100, epoch: 9 | loss: 0.5008838
	speed: 0.0034s/iter; time left: 3.6339s
	iters: 200, epoch: 9 | loss: 0.7491363
	speed: 0.0017s/iter; time left: 1.5857s
	iters: 300, epoch: 9 | loss: 0.5807509
	speed: 0.0014s/iter; time left: 1.2169s
	iters: 400, epoch: 9 | loss: 0.5574234
	speed: 0.0014s/iter; time left: 1.0707s
	iters: 500, epoch: 9 | loss: 0.8875983
	speed: 0.0014s/iter; time left: 0.9565s
Epoch: 9 cost time: 0.9s
Epoch: 9, Steps: 580 | Train Loss: 0.5664751 Vali Loss: 0.3358862 Test Loss: 0.4048446
EarlyStopping counter: 3 out of 3
Early stopping
>>>>>>>testing : exchange_rate_336_336_S_channels_8<<<<<<<<<<<<<<<<<<<<<<<<<<<<<<<<<
test 1182

Final Metrics:

FITS         MSE: 0.405196   MAE: 0.484977   SE: 0.850832   RRMSE: 0.381744   RMAE: 0.290845   (numpy)
FITS         MSE: 0.405196   MAE: 0.484977   SE: 0.850832   RRMSE: 0.381744   RMAE: 0.290845   (torch)

Repeat       MSE: 0.370203   MAE: 0.467749   SE: 0.809456   RRMSE: 0.364888   RMAE: 0.280513   (numpy)
Repeat       MSE: 0.370203   MAE: 0.467749   SE: 0.809456   RRMSE: 0.364888   RMAE: 0.280513   (torch)

Shapes: pred (1176, 336, 1), true (1176, 336, 1), naive_pred (1176, 336, 1), gt (1176, 672, 1), metrics {'FITS': {'mse': 0.40519646, 'mae': 0.4849769, 'se': 0.8508317, 'relative_rmse': 0.38174447, 'relative_mae': 0.2908446, 'mse_torch': 0.4051963984966278, 'mae_torch': 0.48497679829597473, 'se_torch': 0.8508318066596985, 'relative_rmse_torch': 0.3817444630981402, 'relative_mae_torch': 0.29084454350525174}, 'Repeat': {'mse': 0.3702028, 'mae': 0.4677486, 'se': 0.80945605, 'relative_rmse': 0.36488822, 'relative_mae': 0.28051266, 'mse_torch': 0.3702028691768646, 'mae_torch': 0.4677485525608063, 'se_torch': 0.8094561100006104, 'relative_rmse_torch': 0.3648882247633194, 'relative_mae_torch': 0.2805126239498272}}
