






Dominance frequency: 320
Flag: train 
Length of data set 16973
Flag: val 
Length of data set 1913
Flag: test 
Length of data set 4541
=================================================================
Layer (type:depth-idx)                   Param #
=================================================================
FITS                                     --
├─Linear: 1-1                            205,440
=================================================================
Total params: 205,440
Trainable params: 205,440
Non-trainable params: 0
=================================================================
Initial Learning Rate: 0.0005
Epoch: 1         Train MSE: 0.9142       Train RMAE: 0.8760      Val MSE: 0.5716
Val RMAE: 0.7935
Epoch: 2         Train MSE: 0.5827       Train RMAE: 0.7925      Val MSE: 0.4342
Val RMAE: 0.7379
Epoch: 3         Train MSE: 0.4497       Train RMAE: 0.7388      Val MSE: 0.3337
Val RMAE: 0.6871
Epoch: 4         Train MSE: 0.3507       Train RMAE: 0.6889      Val MSE: 0.2588
Val RMAE: 0.6393
Epoch: 5         Train MSE: 0.2766       Train RMAE: 0.6423      Val MSE: 0.2034
Val RMAE: 0.5947
Epoch: 6         Train MSE: 0.2220       Train RMAE: 0.5990      Val MSE: 0.1633
Val RMAE: 0.5535
Epoch: 7         Train MSE: 0.1826       Train RMAE: 0.5593      Val MSE: 0.1351
Val RMAE: 0.5156
Epoch: 8         Train MSE: 0.1552       Train RMAE: 0.5239      Val MSE: 0.1161
Val RMAE: 0.4822
Epoch: 9         Train MSE: 0.1370       Train RMAE: 0.4932      Val MSE: 0.1041
Val RMAE: 0.4542
Epoch: 10        Train MSE: 0.1255       Train RMAE: 0.4678      Val MSE: 0.0970
Val RMAE: 0.4315
Epoch: 11        Train MSE: 0.1187       Train RMAE: 0.4482      Val MSE: 0.0931
Val RMAE: 0.4149
Epoch: 12        Train MSE: 0.1151       Train RMAE: 0.4345      Val MSE: 0.0912
Val RMAE: 0.4040
Epoch: 13        Train MSE: 0.1133       Train RMAE: 0.4260      Val MSE: 0.0905
Val RMAE: 0.3982
Epoch: 14        Train MSE: 0.1124       Train RMAE: 0.4216      Val MSE: 0.0903
Val RMAE: 0.3954
Epoch: 15        Train MSE: 0.1121       Train RMAE: 0.4196      Val MSE: 0.0904
Val RMAE: 0.3945
Epoch: 16        Train MSE: 0.1120       Train RMAE: 0.4189      Val MSE: 0.0904
Val RMAE: 0.3940
Learning Rate changed to: 5e-05
Epoch: 17        Train MSE: 0.1120       Train RMAE: 0.4186      Val MSE: 0.0905
Val RMAE: 0.3939
Epoch: 18        Train MSE: 0.1118       Train RMAE: 0.4182      Val MSE: 0.0902
Val RMAE: 0.3934
Epoch: 19        Train MSE: 0.1118       Train RMAE: 0.4181      Val MSE: 0.0902
Val RMAE: 0.3935
Epoch: 20        Train MSE: 0.1117       Train RMAE: 0.4181      Val MSE: 0.0901
Val RMAE: 0.3934
Epoch: 21        Train MSE: 0.1117       Train RMAE: 0.4181      Val MSE: 0.0903
Val RMAE: 0.3935
Epoch: 22        Train MSE: 0.1117       Train RMAE: 0.4180      Val MSE: 0.0903
Val RMAE: 0.3934
Learning Rate changed to: 5e-06
Epoch: 23        Train MSE: 0.1117       Train RMAE: 0.4180      Val MSE: 0.0902
Val RMAE: 0.3934
Early stopping triggered after 23 epochs
Test loss MSE: 0.20548192044379007, Test loss RMAE: 0.5423818914823129
Initial Learning Rate: 0.0005
Epoch: 1         Train MSE: 0.2184       Train RMAE: 0.5488      Val MSE: 0.1749
Val RMAE: 0.5122
Epoch: 2         Train MSE: 0.2179       Train RMAE: 0.5483      Val MSE: 0.1749
Val RMAE: 0.5122
Epoch: 3         Train MSE: 0.2178       Train RMAE: 0.5482      Val MSE: 0.1751
Val RMAE: 0.5122
Learning Rate changed to: 5e-05
Epoch: 4         Train MSE: 0.2177       Train RMAE: 0.5481      Val MSE: 0.1749
Val RMAE: 0.5120
Epoch: 5         Train MSE: 0.2173       Train RMAE: 0.5477      Val MSE: 0.1747
Val RMAE: 0.5115
Epoch: 6         Train MSE: 0.2172       Train RMAE: 0.5475      Val MSE: 0.1744
Val RMAE: 0.5113
Epoch: 7         Train MSE: 0.2172       Train RMAE: 0.5475      Val MSE: 0.1743
Val RMAE: 0.5113
Epoch: 8         Train MSE: 0.2173       Train RMAE: 0.5475      Val MSE: 0.1746
Val RMAE: 0.5115
Epoch: 9         Train MSE: 0.2172       Train RMAE: 0.5475      Val MSE: 0.1748
Val RMAE: 0.5115
Learning Rate changed to: 5e-06
Epoch: 10        Train MSE: 0.2172       Train RMAE: 0.5475      Val MSE: 0.1744
Val RMAE: 0.5113
Epoch: 11        Train MSE: 0.2172       Train RMAE: 0.5474      Val MSE: 0.1747
Val RMAE: 0.5115
Early stopping triggered after 11 epochs
Test loss MSE: 0.2039162860789769, Test loss RMAE: 0.5405876074038761

f 0.019 MB uploaded



▂▂▂▃▃▃▄▄▄▅▅▅▅▆▆▆▇▇▇██▁▁▂▂▂▃▃▃▄▄▄




train_loss_rmae █▇▆▅▄▄▃▃▂▂▁▁▁▁▁▁▁▁▁▁▁▁▁▃▃▃▃▃▃▃▃▃▃▃
mse █▆▅▃▃▂▂▁▁▁▁▁▁▁▁▁▁▁▁▁▁▁▁▂▂▂▂▂▂▂▂▂▂▂
▆▅▅▄▃▃▂▂▁▁▁▁▁▁▁▁▁▁▁▁▁▃▃▃▃▃▃▃▃▃▃▃







train_loss_rmae 0.54742



0_model_FITS-time_2024-06-13_20-35-20 at: https://wandb.ai/ssl_fts/ssl_fts/runs/smmh2kz5




