






Dominance frequency: 196
Flag: train 
Length of data set 7201
Flag: val 
Length of data set 2161
Flag: test 
Length of data set 2161
=================================================================
Layer (type:depth-idx)                   Param #
=================================================================
FITS                                     --
├─Linear: 1-1                            77,224
=================================================================
Total params: 77,224
Trainable params: 77,224
Non-trainable params: 0
=================================================================
Initial Learning Rate: 0.0005
Epoch: 1         Train MSE: 0.8844       Train RMAE: 0.8255      Val MSE: 1.5008
Val RMAE: 0.9450
Epoch: 2         Train MSE: 0.5763       Train RMAE: 0.7385      Val MSE: 1.2577
Val RMAE: 0.8971
Epoch: 3         Train MSE: 0.5002       Train RMAE: 0.7080      Val MSE: 1.1522
Val RMAE: 0.8714
Epoch: 4         Train MSE: 0.4582       Train RMAE: 0.6881      Val MSE: 1.0783
Val RMAE: 0.8503
Epoch: 5         Train MSE: 0.4273       Train RMAE: 0.6719      Val MSE: 1.0201
Val RMAE: 0.8318
Epoch: 6         Train MSE: 0.4028       Train RMAE: 0.6577      Val MSE: 0.9716
Val RMAE: 0.8148
Epoch: 7         Train MSE: 0.3832       Train RMAE: 0.6453      Val MSE: 0.9303
Val RMAE: 0.7996
Epoch: 8         Train MSE: 0.3672       Train RMAE: 0.6343      Val MSE: 0.8991
Val RMAE: 0.7862
Epoch: 9         Train MSE: 0.3537       Train RMAE: 0.6245      Val MSE: 0.8719
Val RMAE: 0.7745
Epoch: 10        Train MSE: 0.3426       Train RMAE: 0.6160      Val MSE: 0.8482
Val RMAE: 0.7642
Epoch: 11        Train MSE: 0.3333       Train RMAE: 0.6087      Val MSE: 0.8323
Val RMAE: 0.7552
Epoch: 12        Train MSE: 0.3256       Train RMAE: 0.6021      Val MSE: 0.8158
Val RMAE: 0.7471
Epoch: 13        Train MSE: 0.3190       Train RMAE: 0.5966      Val MSE: 0.8022
Val RMAE: 0.7397
Epoch: 14        Train MSE: 0.3136       Train RMAE: 0.5916      Val MSE: 0.7896
Val RMAE: 0.7335
Epoch: 15        Train MSE: 0.3088       Train RMAE: 0.5872      Val MSE: 0.7832
Val RMAE: 0.7290
Epoch: 16        Train MSE: 0.3048       Train RMAE: 0.5835      Val MSE: 0.7751
Val RMAE: 0.7236
Epoch: 17        Train MSE: 0.3017       Train RMAE: 0.5801      Val MSE: 0.7677
Val RMAE: 0.7197
Epoch: 18        Train MSE: 0.2989       Train RMAE: 0.5772      Val MSE: 0.7624
Val RMAE: 0.7162
Epoch: 19        Train MSE: 0.2966       Train RMAE: 0.5747      Val MSE: 0.7567
Val RMAE: 0.7125
Epoch: 20        Train MSE: 0.2945       Train RMAE: 0.5724      Val MSE: 0.7535
Val RMAE: 0.7097
Epoch: 21        Train MSE: 0.2931       Train RMAE: 0.5706      Val MSE: 0.7521
Val RMAE: 0.7077
Epoch: 22        Train MSE: 0.2916       Train RMAE: 0.5690      Val MSE: 0.7493
Val RMAE: 0.7055
Epoch: 23        Train MSE: 0.2906       Train RMAE: 0.5677      Val MSE: 0.7446
Val RMAE: 0.7033
Epoch: 24        Train MSE: 0.2897       Train RMAE: 0.5666      Val MSE: 0.7445
Val RMAE: 0.7019
Epoch: 25        Train MSE: 0.2891       Train RMAE: 0.5657      Val MSE: 0.7447
Val RMAE: 0.7011
Epoch: 26        Train MSE: 0.2884       Train RMAE: 0.5648      Val MSE: 0.7432
Val RMAE: 0.7002
Epoch: 27        Train MSE: 0.2881       Train RMAE: 0.5644      Val MSE: 0.7426
Val RMAE: 0.6991
Epoch: 28        Train MSE: 0.2876       Train RMAE: 0.5639      Val MSE: 0.7420
Val RMAE: 0.6984
Epoch: 29        Train MSE: 0.2875       Train RMAE: 0.5636      Val MSE: 0.7420
Val RMAE: 0.6984
Epoch: 30        Train MSE: 0.2872       Train RMAE: 0.5633      Val MSE: 0.7418
Val RMAE: 0.6979
Epoch: 31        Train MSE: 0.2872       Train RMAE: 0.5632      Val MSE: 0.7412
Val RMAE: 0.6978
Epoch: 32        Train MSE: 0.2871       Train RMAE: 0.5631      Val MSE: 0.7414
Val RMAE: 0.6978
Epoch: 33        Train MSE: 0.2871       Train RMAE: 0.5631      Val MSE: 0.7401
Val RMAE: 0.6973
Epoch: 34        Train MSE: 0.2871       Train RMAE: 0.5630      Val MSE: 0.7412
Val RMAE: 0.6976
Epoch: 35        Train MSE: 0.2872       Train RMAE: 0.5631      Val MSE: 0.7415
Val RMAE: 0.6977
Epoch: 36        Train MSE: 0.2869       Train RMAE: 0.5630      Val MSE: 0.7398
Val RMAE: 0.6973
Epoch: 37        Train MSE: 0.2870       Train RMAE: 0.5630      Val MSE: 0.7406
Val RMAE: 0.6974
Epoch: 38        Train MSE: 0.2868       Train RMAE: 0.5629      Val MSE: 0.7397
Val RMAE: 0.6972
Epoch: 39        Train MSE: 0.2868       Train RMAE: 0.5629      Val MSE: 0.7411
Val RMAE: 0.6977
Epoch: 40        Train MSE: 0.2868       Train RMAE: 0.5630      Val MSE: 0.7425
Val RMAE: 0.6980
Learning Rate changed to: 5e-05
Epoch: 41        Train MSE: 0.2868       Train RMAE: 0.5630      Val MSE: 0.7405
Val RMAE: 0.6974
Epoch: 42        Train MSE: 0.2858       Train RMAE: 0.5625      Val MSE: 0.7400
Val RMAE: 0.6973
Epoch: 43        Train MSE: 0.2856       Train RMAE: 0.5624      Val MSE: 0.7402
Val RMAE: 0.6974
Early stopping triggered after 43 epochs
Test loss MSE: 0.43828512815868154, Test loss RMAE: 0.6766999714514789
Initial Learning Rate: 0.0005
Epoch: 1         Train MSE: 0.5504       Train RMAE: 0.7269      Val MSE: 1.4447
Val RMAE: 0.9150
Epoch: 2         Train MSE: 0.5496       Train RMAE: 0.7265      Val MSE: 1.4416
Val RMAE: 0.9142
Epoch: 3         Train MSE: 0.5487       Train RMAE: 0.7260      Val MSE: 1.4436
Val RMAE: 0.9143
Epoch: 4         Train MSE: 0.5482       Train RMAE: 0.7257      Val MSE: 1.4419
Val RMAE: 0.9140
Learning Rate changed to: 5e-05
Epoch: 5         Train MSE: 0.5482       Train RMAE: 0.7259      Val MSE: 1.4423
Val RMAE: 0.9141
Epoch: 6         Train MSE: 0.5459       Train RMAE: 0.7250      Val MSE: 1.4397
Val RMAE: 0.9135
Epoch: 7         Train MSE: 0.5455       Train RMAE: 0.7248      Val MSE: 1.4446
Val RMAE: 0.9144
Epoch: 8         Train MSE: 0.5455       Train RMAE: 0.7248      Val MSE: 1.4457
Val RMAE: 0.9145
Learning Rate changed to: 5e-06
Epoch: 9         Train MSE: 0.5456       Train RMAE: 0.7248      Val MSE: 1.4463
Val RMAE: 0.9146
Epoch: 10        Train MSE: 0.5455       Train RMAE: 0.7247      Val MSE: 1.4430
Val RMAE: 0.9142
Epoch: 11        Train MSE: 0.5454       Train RMAE: 0.7247      Val MSE: 1.4440
Val RMAE: 0.9141
Early stopping triggered after 11 epochs
Test loss MSE: 0.43768755828633027, Test loss RMAE: 0.6761840073501363






























