






Dominance frequency: 196
Flag: train 
Length of data set 33121
Flag: val 
Length of data set 10801
Flag: test 
Length of data set 10801
=================================================================
Layer (type:depth-idx)                   Param #
=================================================================
FITS                                     --
├─Linear: 1-1                            77,224
=================================================================
Total params: 77,224
Trainable params: 77,224
Non-trainable params: 0
=================================================================
Initial Learning Rate: 0.0005
Epoch: 1         Train MSE: 0.4083       Train RMAE: 0.6605      Val MSE: 0.6103
Val RMAE: 0.7071
Epoch: 2         Train MSE: 0.2496       Train RMAE: 0.5668      Val MSE: 0.5225
Val RMAE: 0.6525
Epoch: 3         Train MSE: 0.2212       Train RMAE: 0.5320      Val MSE: 0.4943
Val RMAE: 0.6261
Epoch: 4         Train MSE: 0.2111       Train RMAE: 0.5152      Val MSE: 0.4841
Val RMAE: 0.6135
Epoch: 5         Train MSE: 0.2074       Train RMAE: 0.5075      Val MSE: 0.4807
Val RMAE: 0.6076
Epoch: 6         Train MSE: 0.2060       Train RMAE: 0.5040      Val MSE: 0.4788
Val RMAE: 0.6051
Epoch: 7         Train MSE: 0.2055       Train RMAE: 0.5028      Val MSE: 0.4785
Val RMAE: 0.6043
Epoch: 8         Train MSE: 0.2054       Train RMAE: 0.5025      Val MSE: 0.4789
Val RMAE: 0.6044
Epoch: 9         Train MSE: 0.2053       Train RMAE: 0.5024      Val MSE: 0.4784
Val RMAE: 0.6043
Epoch: 10        Train MSE: 0.2053       Train RMAE: 0.5024      Val MSE: 0.4780
Val RMAE: 0.6040
Epoch: 11        Train MSE: 0.2054       Train RMAE: 0.5025      Val MSE: 0.4781
Val RMAE: 0.6041
Epoch: 12        Train MSE: 0.2053       Train RMAE: 0.5024      Val MSE: 0.4791
Val RMAE: 0.6046
Learning Rate changed to: 5e-05
Epoch: 13        Train MSE: 0.2054       Train RMAE: 0.5025      Val MSE: 0.4783
Val RMAE: 0.6044
Epoch: 14        Train MSE: 0.2048       Train RMAE: 0.5021      Val MSE: 0.4782
Val RMAE: 0.6041
Epoch: 15        Train MSE: 0.2048       Train RMAE: 0.5020      Val MSE: 0.4782
Val RMAE: 0.6041
Early stopping triggered after 15 epochs
Test loss MSE: 0.41675689384429415, Test loss RMAE: 0.6405200605561747
Initial Learning Rate: 0.0005
Epoch: 1         Train MSE: 0.3981       Train RMAE: 0.6597      Val MSE: 0.9320
Val RMAE: 0.7987
Epoch: 2         Train MSE: 0.3974       Train RMAE: 0.6591      Val MSE: 0.9337
Val RMAE: 0.7987
Epoch: 3         Train MSE: 0.3972       Train RMAE: 0.6590      Val MSE: 0.9301
Val RMAE: 0.7977
Epoch: 4         Train MSE: 0.3971       Train RMAE: 0.6589      Val MSE: 0.9321
Val RMAE: 0.7985
Epoch: 5         Train MSE: 0.3971       Train RMAE: 0.6588      Val MSE: 0.9324
Val RMAE: 0.7984
Learning Rate changed to: 5e-05
Epoch: 6         Train MSE: 0.3970       Train RMAE: 0.6588      Val MSE: 0.9309
Val RMAE: 0.7979
Epoch: 7         Train MSE: 0.3959       Train RMAE: 0.6582      Val MSE: 0.9304
Val RMAE: 0.7977
Epoch: 8         Train MSE: 0.3957       Train RMAE: 0.6581      Val MSE: 0.9289
Val RMAE: 0.7973
Epoch: 9         Train MSE: 0.3958       Train RMAE: 0.6581      Val MSE: 0.9303
Val RMAE: 0.7976
Epoch: 10        Train MSE: 0.3958       Train RMAE: 0.6581      Val MSE: 0.9304
Val RMAE: 0.7976
Learning Rate changed to: 5e-06
Epoch: 11        Train MSE: 0.3957       Train RMAE: 0.6581      Val MSE: 0.9295
Val RMAE: 0.7975
Epoch: 12        Train MSE: 0.3956       Train RMAE: 0.6580      Val MSE: 0.9292
Val RMAE: 0.7974
Epoch: 13        Train MSE: 0.3956       Train RMAE: 0.6580      Val MSE: 0.9299
Val RMAE: 0.7975
Early stopping triggered after 13 epochs
Test loss MSE: 0.4152289702165762, Test loss RMAE: 0.6391103024313436





























