






Dominance frequency: 196
Flag: train 
Length of data set 33745
Flag: val 
Length of data set 11425
Flag: test 
Length of data set 11425
=================================================================
Layer (type:depth-idx)                   Param #
=================================================================
FITS                                     --
├─Linear: 1-1                            43,734
=================================================================
Total params: 43,734
Trainable params: 43,734
Non-trainable params: 0
=================================================================
Initial Learning Rate: 0.0005
Epoch: 1         Train MSE: 0.2943       Train RMAE: 0.6114      Val MSE: 0.2702
Val RMAE: 0.6051
Epoch: 2         Train MSE: 0.1267       Train RMAE: 0.4955      Val MSE: 0.1581
Val RMAE: 0.5192
Epoch: 3         Train MSE: 0.0780       Train RMAE: 0.4280      Val MSE: 0.1071
Val RMAE: 0.4547
Epoch: 4         Train MSE: 0.0566       Train RMAE: 0.3791      Val MSE: 0.0818
Val RMAE: 0.4058
Epoch: 5         Train MSE: 0.0471       Train RMAE: 0.3461      Val MSE: 0.0702
Val RMAE: 0.3732
Epoch: 6         Train MSE: 0.0431       Train RMAE: 0.3263      Val MSE: 0.0644
Val RMAE: 0.3537
Epoch: 7         Train MSE: 0.0414       Train RMAE: 0.3159      Val MSE: 0.0622
Val RMAE: 0.3444
Epoch: 8         Train MSE: 0.0407       Train RMAE: 0.3112      Val MSE: 0.0613
Val RMAE: 0.3406
Epoch: 9         Train MSE: 0.0405       Train RMAE: 0.3092      Val MSE: 0.0611
Val RMAE: 0.3392
Epoch: 10        Train MSE: 0.0404       Train RMAE: 0.3086      Val MSE: 0.0603
Val RMAE: 0.3384
Epoch: 11        Train MSE: 0.0404       Train RMAE: 0.3085      Val MSE: 0.0612
Val RMAE: 0.3390
Epoch: 12        Train MSE: 0.0404       Train RMAE: 0.3084      Val MSE: 0.0608
Val RMAE: 0.3385
Learning Rate changed to: 5e-05
Epoch: 13        Train MSE: 0.0404       Train RMAE: 0.3084      Val MSE: 0.0607
Val RMAE: 0.3385
Epoch: 14        Train MSE: 0.0403       Train RMAE: 0.3082      Val MSE: 0.0605
Val RMAE: 0.3382
Epoch: 15        Train MSE: 0.0402       Train RMAE: 0.3081      Val MSE: 0.0606
Val RMAE: 0.3383
Early stopping triggered after 15 epochs
Test loss MSE: 0.3204062961499784, Test loss RMAE: 0.5975684889867985
Initial Learning Rate: 0.0005
Epoch: 1         Train MSE: 0.2660       Train RMAE: 0.5920      Val MSE: 0.4003
Val RMAE: 0.6500
Epoch: 2         Train MSE: 0.2634       Train RMAE: 0.5897      Val MSE: 0.3954
Val RMAE: 0.6469
Epoch: 3         Train MSE: 0.2628       Train RMAE: 0.5891      Val MSE: 0.3975
Val RMAE: 0.6477
Epoch: 4         Train MSE: 0.2625       Train RMAE: 0.5888      Val MSE: 0.3949
Val RMAE: 0.6465
Epoch: 5         Train MSE: 0.2623       Train RMAE: 0.5886      Val MSE: 0.3981
Val RMAE: 0.6482
Epoch: 6         Train MSE: 0.2621       Train RMAE: 0.5884      Val MSE: 0.3920
Val RMAE: 0.6452
Epoch: 7         Train MSE: 0.2620       Train RMAE: 0.5884      Val MSE: 0.3991
Val RMAE: 0.6483
Epoch: 8         Train MSE: 0.2620       Train RMAE: 0.5883      Val MSE: 0.3964
Val RMAE: 0.6466
Learning Rate changed to: 5e-05
Epoch: 9         Train MSE: 0.2619       Train RMAE: 0.5882      Val MSE: 0.3925
Val RMAE: 0.6448
Epoch: 10        Train MSE: 0.2603       Train RMAE: 0.5871      Val MSE: 0.3924
Val RMAE: 0.6448
Epoch: 11        Train MSE: 0.2601       Train RMAE: 0.5869      Val MSE: 0.3934
Val RMAE: 0.6453
Early stopping triggered after 11 epochs
Test loss MSE: 0.30805747290063834, Test loss RMAE: 0.5876259680566841





























