Dominance frequency: 196
Flag: train 
Length of data set 3872
Flag: val 
Length of data set 41
Flag: test 
Length of data set 798
=================================================================
Layer (type:depth-idx)                   Param #
=================================================================
FITS                                     --
├─Linear: 1-1                            77,224
=================================================================
Total params: 77,224
Trainable params: 77,224
Non-trainable params: 0
=================================================================
FITS(
  (frequency_upsampler): Linear(in_features=196, out_features=392, bias=True)
)
cuda
Initial Learning Rate: 0.0005
Epoch: 1         Train MSE: 0.7362       Val MSE: 1.0063
Epoch: 2         Train MSE: 0.5657       Val MSE: 0.9027
Epoch: 3         Train MSE: 0.5072       Val MSE: 0.8775
Epoch: 4         Train MSE: 0.4798       Val MSE: 0.8623
Epoch: 5         Train MSE: 0.4640       Val MSE: 0.8507
Epoch: 6         Train MSE: 0.4529       Val MSE: 0.8351
Epoch: 7         Train MSE: 0.4440       Val MSE: 0.8277
Epoch: 8         Train MSE: 0.4366       Val MSE: 0.8162
Epoch: 9         Train MSE: 0.4302       Val MSE: 0.8053
Epoch: 10        Train MSE: 0.4246       Val MSE: 0.7992
Epoch: 11        Train MSE: 0.4197       Val MSE: 0.7892
Epoch: 12        Train MSE: 0.4154       Val MSE: 0.7812
Epoch: 13        Train MSE: 0.4117       Val MSE: 0.7766
Epoch: 14        Train MSE: 0.4084       Val MSE: 0.7738
Epoch: 15        Train MSE: 0.4056       Val MSE: 0.7616
Epoch: 16        Train MSE: 0.4031       Val MSE: 0.7560
Epoch: 17        Train MSE: 0.4009       Val MSE: 0.7521
Epoch: 18        Train MSE: 0.3989       Val MSE: 0.7470
Epoch: 19        Train MSE: 0.3973       Val MSE: 0.7450
Epoch: 20        Train MSE: 0.3959       Val MSE: 0.7384
Epoch: 21        Train MSE: 0.3947       Val MSE: 0.7416
Epoch: 22        Train MSE: 0.3935       Val MSE: 0.7378
Epoch: 23        Train MSE: 0.3925       Val MSE: 0.7394
Epoch: 24        Train MSE: 0.3917       Val MSE: 0.7298
Epoch: 25        Train MSE: 0.3910       Val MSE: 0.7234
Epoch: 26        Train MSE: 0.3904       Val MSE: 0.7279
Epoch: 27        Train MSE: 0.3899       Val MSE: 0.7249
Learning Rate changed to: 5e-05
Epoch: 28        Train MSE: 0.3894       Val MSE: 0.7239
Epoch: 29        Train MSE: 0.3890       Val MSE: 0.7320
Epoch: 30        Train MSE: 0.3889       Val MSE: 0.7223
Epoch: 31        Train MSE: 0.3889       Val MSE: 0.7271
Epoch: 32        Train MSE: 0.3889       Val MSE: 0.7235
Learning Rate changed to: 5e-06
Epoch: 33        Train MSE: 0.3888       Val MSE: 0.7262
Epoch: 34        Train MSE: 0.3888       Val MSE: 0.7231
Epoch: 35        Train MSE: 0.3888       Val MSE: 0.7225
Early stopping triggered after 35 epochs
Test loss MSE: 0.9622, Test loss RMAE: 0.8485
cuda
Initial Learning Rate: 0.0005
Epoch: 1         Train MSE: 0.7696       Val MSE: 1.4232
Epoch: 2         Train MSE: 0.7674       Val MSE: 1.4167
Epoch: 3         Train MSE: 0.7657       Val MSE: 1.4148
Epoch: 4         Train MSE: 0.7642       Val MSE: 1.4045
Epoch: 5         Train MSE: 0.7632       Val MSE: 1.4140
Epoch: 6         Train MSE: 0.7622       Val MSE: 1.4125
Epoch: 7         Train MSE: 0.7614       Val MSE: 1.4025
Epoch: 8         Train MSE: 0.7605       Val MSE: 1.4139
Epoch: 9         Train MSE: 0.7598       Val MSE: 1.4056
Learning Rate changed to: 5e-05
Epoch: 10        Train MSE: 0.7594       Val MSE: 1.4083
Epoch: 11        Train MSE: 0.7586       Val MSE: 1.4211
Epoch: 12        Train MSE: 0.7586       Val MSE: 1.4080
Early stopping triggered after 12 epochs
Test loss MSE: 0.9514, Test loss RMAE: 0.8441
