Dominance frequency: 34

Length of train set: 581

Length of val set: 74

Length of test set: 170
=================================================================
Layer (type:depth-idx)                   Param #
=================================================================
FITS                                     --
├─Linear: 1-1                            1,575
=================================================================
Total params: 1,575
Trainable params: 1,575
Non-trainable params: 0
=================================================================
FITS(
  (frequency_upsampler): Linear(in_features=34, out_features=45, bias=True)
)
Initial Learning Rate: 0.0005
Epoch: 1         Train MSE: 1.1241       Val MSE: 0.7736
Epoch: 2         Train MSE: 0.9420       Val MSE: 0.6445
Epoch: 3         Train MSE: 0.8084       Val MSE: 0.5431
Epoch: 4         Train MSE: 0.7061       Val MSE: 0.4707
Epoch: 5         Train MSE: 0.6265       Val MSE: 0.4169
Epoch: 6         Train MSE: 0.5664       Val MSE: 0.3806
Epoch: 7         Train MSE: 0.5107       Val MSE: 0.3435
Epoch: 8         Train MSE: 0.4716       Val MSE: 0.3203
Epoch: 9         Train MSE: 0.4368       Val MSE: 0.2845
Epoch: 10        Train MSE: 0.4054       Val MSE: 0.2736
Epoch: 11        Train MSE: 0.3779       Val MSE: 0.2527
Epoch: 12        Train MSE: 0.3571       Val MSE: 0.2491
Epoch: 13        Train MSE: 0.3385       Val MSE: 0.2276
Epoch: 14        Train MSE: 0.3219       Val MSE: 0.2201
Epoch: 15        Train MSE: 0.3072       Val MSE: 0.2127
Epoch: 16        Train MSE: 0.2927       Val MSE: 0.2014
Epoch: 17        Train MSE: 0.2819       Val MSE: 0.1952
Epoch: 18        Train MSE: 0.2715       Val MSE: 0.1924
Epoch: 19        Train MSE: 0.2620       Val MSE: 0.1828
Epoch: 20        Train MSE: 0.2503       Val MSE: 0.1762
Epoch: 21        Train MSE: 0.2438       Val MSE: 0.1628
Epoch: 22        Train MSE: 0.2384       Val MSE: 0.1596
Epoch: 23        Train MSE: 0.2302       Val MSE: 0.1533
Epoch: 24        Train MSE: 0.2244       Val MSE: 0.1596
Epoch: 25        Train MSE: 0.2198       Val MSE: 0.1621
Learning Rate changed to: 5e-05
Epoch: 26        Train MSE: 0.2153       Val MSE: 0.1560
Epoch: 27        Train MSE: 0.2123       Val MSE: 0.1593
Epoch: 28        Train MSE: 0.2118       Val MSE: 0.1556
Early stopping triggered after 28 epochs
Test loss MSE: 2.8295, Test loss RMAE: 1.0614
Initial Learning Rate: 0.0005
Epoch: 1         Train MSE: 0.5944       Val MSE: 0.4343
Epoch: 2         Train MSE: 0.5770       Val MSE: 0.4117
Epoch: 3         Train MSE: 0.5668       Val MSE: 0.3890
Epoch: 4         Train MSE: 0.5465       Val MSE: 0.4038
Epoch: 5         Train MSE: 0.5526       Val MSE: 0.3644
Epoch: 6         Train MSE: 0.5488       Val MSE: 0.3540
Epoch: 7         Train MSE: 0.5465       Val MSE: 0.3313
Epoch: 8         Train MSE: 0.5417       Val MSE: 0.3633
Epoch: 9         Train MSE: 0.5429       Val MSE: 0.3349
Learning Rate changed to: 5e-05
Epoch: 10        Train MSE: 0.5402       Val MSE: 0.3593
Epoch: 11        Train MSE: 0.5354       Val MSE: 0.3412
Epoch: 12        Train MSE: 0.5378       Val MSE: 0.3572
Early stopping triggered after 12 epochs
Test loss MSE: 2.5214, Test loss RMAE: 0.9994
