Dominance frequency: 34

Length of train set: 569

Length of val set: 62

Length of test set: 158
=================================================================
Layer (type:depth-idx)                   Param #
=================================================================
FITS                                     --
├─Linear: 1-1                            1,785
=================================================================
Total params: 1,785
Trainable params: 1,785
Non-trainable params: 0
=================================================================
FITS(
  (frequency_upsampler): Linear(in_features=34, out_features=51, bias=True)
)
Initial Learning Rate: 0.0005
Epoch: 1         Train MSE: 1.3202       Val MSE: 1.0566
Epoch: 2         Train MSE: 1.1206       Val MSE: 0.8798
Epoch: 3         Train MSE: 0.9730       Val MSE: 0.7694
Epoch: 4         Train MSE: 0.8593       Val MSE: 0.6803
Epoch: 5         Train MSE: 0.7658       Val MSE: 0.6105
Epoch: 6         Train MSE: 0.6903       Val MSE: 0.5463
Epoch: 7         Train MSE: 0.6266       Val MSE: 0.5081
Epoch: 8         Train MSE: 0.5741       Val MSE: 0.4579
Epoch: 9         Train MSE: 0.5306       Val MSE: 0.4302
Epoch: 10        Train MSE: 0.4869       Val MSE: 0.3952
Epoch: 11        Train MSE: 0.4551       Val MSE: 0.3820
Epoch: 12        Train MSE: 0.4283       Val MSE: 0.3431
Epoch: 13        Train MSE: 0.4017       Val MSE: 0.3229
Epoch: 14        Train MSE: 0.3859       Val MSE: 0.3088
Epoch: 15        Train MSE: 0.3669       Val MSE: 0.2878
Epoch: 16        Train MSE: 0.3513       Val MSE: 0.2755
Epoch: 17        Train MSE: 0.3341       Val MSE: 0.2533
Epoch: 18        Train MSE: 0.3235       Val MSE: 0.2582
Epoch: 19        Train MSE: 0.3093       Val MSE: 0.2399
Epoch: 20        Train MSE: 0.3000       Val MSE: 0.2320
Epoch: 21        Train MSE: 0.2902       Val MSE: 0.2203
Epoch: 22        Train MSE: 0.2845       Val MSE: 0.2146
Epoch: 23        Train MSE: 0.2766       Val MSE: 0.2011
Epoch: 24        Train MSE: 0.2724       Val MSE: 0.1994
Epoch: 25        Train MSE: 0.2648       Val MSE: 0.1956
Epoch: 26        Train MSE: 0.2600       Val MSE: 0.1880
Epoch: 27        Train MSE: 0.2547       Val MSE: 0.1849
Epoch: 28        Train MSE: 0.2491       Val MSE: 0.1730
Epoch: 29        Train MSE: 0.2435       Val MSE: 0.1708
Epoch: 30        Train MSE: 0.2421       Val MSE: 0.1684
Epoch: 31        Train MSE: 0.2372       Val MSE: 0.1594
Epoch: 32        Train MSE: 0.2344       Val MSE: 0.1684
Epoch: 33        Train MSE: 0.2319       Val MSE: 0.1579
Epoch: 34        Train MSE: 0.2273       Val MSE: 0.1547
Epoch: 35        Train MSE: 0.2240       Val MSE: 0.1563
Epoch: 36        Train MSE: 0.2214       Val MSE: 0.1509
Epoch: 37        Train MSE: 0.2210       Val MSE: 0.1474
Epoch: 38        Train MSE: 0.2193       Val MSE: 0.1402
Epoch: 39        Train MSE: 0.2150       Val MSE: 0.1387
Epoch: 40        Train MSE: 0.2140       Val MSE: 0.1396
Epoch: 41        Train MSE: 0.2137       Val MSE: 0.1428
Epoch: 42        Train MSE: 0.2111       Val MSE: 0.1361
Epoch: 43        Train MSE: 0.2102       Val MSE: 0.1258
Epoch: 44        Train MSE: 0.2088       Val MSE: 0.1309
Epoch: 45        Train MSE: 0.2085       Val MSE: 0.1338
Learning Rate changed to: 5e-05
Epoch: 46        Train MSE: 0.2056       Val MSE: 0.1338
Epoch: 47        Train MSE: 0.2042       Val MSE: 0.1336
Epoch: 48        Train MSE: 0.2058       Val MSE: 0.1256
Epoch: 49        Train MSE: 0.2059       Val MSE: 0.1243
Epoch: 50        Train MSE: 0.2049       Val MSE: 0.1313
Test loss MSE: 2.5356, Test loss RMAE: 1.0157
Initial Learning Rate: 0.0005
Epoch: 1         Train MSE: 0.5703       Val MSE: 0.3268
Epoch: 2         Train MSE: 0.5697       Val MSE: 0.3618
Epoch: 3         Train MSE: 0.5597       Val MSE: 0.3111
Epoch: 4         Train MSE: 0.5632       Val MSE: 0.3245
Epoch: 5         Train MSE: 0.5636       Val MSE: 0.3265
Learning Rate changed to: 5e-05
Epoch: 6         Train MSE: 0.5475       Val MSE: 0.3163
Epoch: 7         Train MSE: 0.5560       Val MSE: 0.3134
Epoch: 8         Train MSE: 0.5583       Val MSE: 0.3127
Early stopping triggered after 8 epochs
Test loss MSE: 2.4068, Test loss RMAE: 0.9974
