Dominance frequency: 34

Length of train set: 545

Length of val set: 38

Length of test set: 134
=================================================================
Layer (type:depth-idx)                   Param #
=================================================================
FITS                                     --
├─Linear: 1-1                            2,170
=================================================================
Total params: 2,170
Trainable params: 2,170
Non-trainable params: 0
=================================================================
FITS(
  (frequency_upsampler): Linear(in_features=34, out_features=62, bias=True)
)
Initial Learning Rate: 0.0005
Epoch: 1         Train MSE: 1.5144       Val MSE: 1.2013
Epoch: 2         Train MSE: 1.2587       Val MSE: 0.9742
Epoch: 3         Train MSE: 1.0688       Val MSE: 0.7792
Epoch: 4         Train MSE: 0.9228       Val MSE: 0.6639
Epoch: 5         Train MSE: 0.8141       Val MSE: 0.5716
Epoch: 6         Train MSE: 0.7250       Val MSE: 0.4844
Epoch: 7         Train MSE: 0.6538       Val MSE: 0.4350
Epoch: 8         Train MSE: 0.5948       Val MSE: 0.3791
Epoch: 9         Train MSE: 0.5465       Val MSE: 0.3466
Epoch: 10        Train MSE: 0.5089       Val MSE: 0.3084
Epoch: 11        Train MSE: 0.4762       Val MSE: 0.2927
Epoch: 12        Train MSE: 0.4488       Val MSE: 0.2689
Epoch: 13        Train MSE: 0.4265       Val MSE: 0.2464
Epoch: 14        Train MSE: 0.4076       Val MSE: 0.2375
Epoch: 15        Train MSE: 0.3908       Val MSE: 0.2220
Epoch: 16        Train MSE: 0.3780       Val MSE: 0.2117
Epoch: 17        Train MSE: 0.3663       Val MSE: 0.2003
Epoch: 18        Train MSE: 0.3564       Val MSE: 0.1963
Epoch: 19        Train MSE: 0.3468       Val MSE: 0.1870
Epoch: 20        Train MSE: 0.3394       Val MSE: 0.1836
Epoch: 21        Train MSE: 0.3327       Val MSE: 0.1818
Epoch: 22        Train MSE: 0.3267       Val MSE: 0.1752
Epoch: 23        Train MSE: 0.3214       Val MSE: 0.1676
Epoch: 24        Train MSE: 0.3162       Val MSE: 0.1656
Epoch: 25        Train MSE: 0.3116       Val MSE: 0.1638
Epoch: 26        Train MSE: 0.3079       Val MSE: 0.1595
Epoch: 27        Train MSE: 0.3043       Val MSE: 0.1557
Epoch: 28        Train MSE: 0.3009       Val MSE: 0.1549
Epoch: 29        Train MSE: 0.2980       Val MSE: 0.1530
Epoch: 30        Train MSE: 0.2931       Val MSE: 0.1524
Epoch: 31        Train MSE: 0.2925       Val MSE: 0.1463
Epoch: 32        Train MSE: 0.2901       Val MSE: 0.1429
Epoch: 33        Train MSE: 0.2882       Val MSE: 0.1518
Epoch: 34        Train MSE: 0.2864       Val MSE: 0.1398
Epoch: 35        Train MSE: 0.2843       Val MSE: 0.1408
Epoch: 36        Train MSE: 0.2829       Val MSE: 0.1391
Epoch: 37        Train MSE: 0.2813       Val MSE: 0.1424
Epoch: 38        Train MSE: 0.2792       Val MSE: 0.1341
Epoch: 39        Train MSE: 0.2784       Val MSE: 0.1420
Epoch: 40        Train MSE: 0.2775       Val MSE: 0.1345
Learning Rate changed to: 5e-05
Epoch: 41        Train MSE: 0.2763       Val MSE: 0.1386
Epoch: 42        Train MSE: 0.2754       Val MSE: 0.1345
Epoch: 43        Train MSE: 0.2753       Val MSE: 0.1354
Early stopping triggered after 43 epochs
Test loss MSE: 2.4631, Test loss MAE: 1.0718
Initial Learning Rate: 0.0005
Epoch: 1         Train MSE: 0.5755       Val MSE: 0.2606
Epoch: 2         Train MSE: 0.5714       Val MSE: 0.2559
Epoch: 3         Train MSE: 0.5696       Val MSE: 0.2515
Epoch: 4         Train MSE: 0.5661       Val MSE: 0.2576
Epoch: 5         Train MSE: 0.5673       Val MSE: 0.2491
Epoch: 6         Train MSE: 0.5654       Val MSE: 0.2538
Epoch: 7         Train MSE: 0.5650       Val MSE: 0.2601
Learning Rate changed to: 5e-05
Epoch: 8         Train MSE: 0.5643       Val MSE: 0.2644
Epoch: 9         Train MSE: 0.5622       Val MSE: 0.2637
Epoch: 10        Train MSE: 0.5624       Val MSE: 0.2706
Early stopping triggered after 10 epochs
Test loss MSE: 2.4260, Test loss MAE: 1.0604
