Running model: FITS with pred_len: 96 on ETTh1
Test loss MSE: 0.3805, Test loss MAE: 0.4024
Running model: FITS with pred_len: 192 on ETTh1
Test loss MSE: 0.4174, Test loss MAE: 0.4240
Running model: FITS with pred_len: 336 on ETTh1
Test loss MSE: 0.4435, Test loss MAE: 0.4407
Running model: FITS with pred_len: 720 on ETTh1
Test loss MSE: 0.4366, Test loss MAE: 0.4576
Running model: real_deep_FITS with pred_len: 96 on ETTh1
Test loss MSE: 0.3792, Test loss MAE: 0.4141
Running model: real_deep_FITS with pred_len: 192 on ETTh1
Test loss MSE: 0.4158, Test loss MAE: 0.4370
Running model: real_deep_FITS with pred_len: 336 on ETTh1
Test loss MSE: 0.4494, Test loss MAE: 0.4598
Running model: real_deep_FITS with pred_len: 720 on ETTh1
Test loss MSE: 0.5164, Test loss MAE: 0.5129
Running model: FITS_bypass_layer with pred_len: 96 on ETTh1
Test loss MSE: 0.3761, Test loss MAE: 0.3983
Running model: FITS_bypass_layer with pred_len: 192 on ETTh1
Test loss MSE: 0.4153, Test loss MAE: 0.4222
Running model: FITS_bypass_layer with pred_len: 336 on ETTh1
Test loss MSE: 0.4462, Test loss MAE: 0.4428
Running model: FITS_bypass_layer with pred_len: 720 on ETTh1
Test loss MSE: 0.4635, Test loss MAE: 0.4750
Running model: deep_FITS with pred_len: 96 on ETTh1
Test loss MSE: 0.3692, Test loss MAE: 0.3982
Running model: deep_FITS with pred_len: 192 on ETTh1
Test loss MSE: 0.4050, Test loss MAE: 0.4206
Running model: deep_FITS with pred_len: 336 on ETTh1
Test loss MSE: 0.4333, Test loss MAE: 0.4385
Running model: deep_FITS with pred_len: 720 on ETTh1
Test loss MSE: 0.4445, Test loss MAE: 0.4670
Running model: deep_FITS_after_upscaler with pred_len: 96 on ETTh1
Test loss MSE: 0.3804, Test loss MAE: 0.4023
Running model: deep_FITS_after_upscaler with pred_len: 192 on ETTh1
Test loss MSE: 0.4178, Test loss MAE: 0.4244
Running model: deep_FITS_after_upscaler with pred_len: 336 on ETTh1
Test loss MSE: 0.4427, Test loss MAE: 0.4404
Running model: deep_FITS_after_upscaler with pred_len: 720 on ETTh1
Test loss MSE: 0.4365, Test loss MAE: 0.4575
Running model: FITS with pred_len: 96 on ETTh2
Test loss MSE: 0.2708, Test loss MAE: 0.3365
Running model: FITS with pred_len: 192 on ETTh2
Test loss MSE: 0.3418, Test loss MAE: 0.3808
Running model: FITS with pred_len: 336 on ETTh2
Test loss MSE: 0.3588, Test loss MAE: 0.3980
Running model: FITS with pred_len: 720 on ETTh2
Test loss MSE: 0.3796, Test loss MAE: 0.4238
Running model: real_deep_FITS with pred_len: 96 on ETTh2
Test loss MSE: 0.2877, Test loss MAE: 0.3498
Running model: real_deep_FITS with pred_len: 192 on ETTh2
Test loss MSE: 0.3619, Test loss MAE: 0.3948
Running model: real_deep_FITS with pred_len: 336 on ETTh2
Test loss MSE: 0.3783, Test loss MAE: 0.4130
Running model: real_deep_FITS with pred_len: 720 on ETTh2
Test loss MSE: 0.4251, Test loss MAE: 0.4543
Running model: FITS_bypass_layer with pred_len: 96 on ETTh2
Test loss MSE: 0.2685, Test loss MAE: 0.3345
Running model: FITS_bypass_layer with pred_len: 192 on ETTh2
Test loss MSE: 0.3398, Test loss MAE: 0.3800
Running model: FITS_bypass_layer with pred_len: 336 on ETTh2
Test loss MSE: 0.3573, Test loss MAE: 0.3994
Running model: FITS_bypass_layer with pred_len: 720 on ETTh2
Test loss MSE: 0.3826, Test loss MAE: 0.4285
Running model: deep_FITS with pred_len: 96 on ETTh2
Test loss MSE: 0.2687, Test loss MAE: 0.3345
Running model: deep_FITS with pred_len: 192 on ETTh2
Test loss MSE: 0.3414, Test loss MAE: 0.3800
Running model: deep_FITS with pred_len: 336 on ETTh2
Test loss MSE: 0.3593, Test loss MAE: 0.3990
Running model: deep_FITS with pred_len: 720 on ETTh2
Test loss MSE: 0.3830, Test loss MAE: 0.4270
Running model: deep_FITS_after_upscaler with pred_len: 96 on ETTh2
Test loss MSE: 0.2703, Test loss MAE: 0.3360
Running model: deep_FITS_after_upscaler with pred_len: 192 on ETTh2
Test loss MSE: 0.3415, Test loss MAE: 0.3806
Running model: deep_FITS_after_upscaler with pred_len: 336 on ETTh2
Test loss MSE: 0.3586, Test loss MAE: 0.3978
Running model: deep_FITS_after_upscaler with pred_len: 720 on ETTh2
Test loss MSE: 0.3797, Test loss MAE: 0.4240
Running model: FITS with pred_len: 96 on ETTm1
Test loss MSE: 0.3076, Test loss MAE: 0.3504
Running model: FITS with pred_len: 192 on ETTm1
Test loss MSE: 0.3372, Test loss MAE: 0.3672
Running model: FITS with pred_len: 336 on ETTm1
Test loss MSE: 0.3655, Test loss MAE: 0.3841
Running model: FITS with pred_len: 720 on ETTm1
Test loss MSE: 0.4148, Test loss MAE: 0.4111
Running model: real_deep_FITS with pred_len: 96 on ETTm1
Test loss MSE: 0.3117, Test loss MAE: 0.3617
Running model: real_deep_FITS with pred_len: 192 on ETTm1
Test loss MSE: 0.3437, Test loss MAE: 0.3803
Running model: real_deep_FITS with pred_len: 336 on ETTm1
Test loss MSE: 0.3672, Test loss MAE: 0.3965
Running model: real_deep_FITS with pred_len: 720 on ETTm1
Test loss MSE: 0.4248, Test loss MAE: 0.4285
Running model: FITS_bypass_layer with pred_len: 96 on ETTm1
Test loss MSE: 0.3062, Test loss MAE: 0.3485
Running model: FITS_bypass_layer with pred_len: 192 on ETTm1
Test loss MSE: 0.3359, Test loss MAE: 0.3658
Running model: FITS_bypass_layer with pred_len: 336 on ETTm1
Test loss MSE: 0.3655, Test loss MAE: 0.3835
Running model: FITS_bypass_layer with pred_len: 720 on ETTm1
Test loss MSE: 0.4155, Test loss MAE: 0.4113
Running model: deep_FITS with pred_len: 96 on ETTm1
Test loss MSE: 0.3100, Test loss MAE: 0.3542
Running model: deep_FITS with pred_len: 192 on ETTm1
Test loss MSE: 0.3371, Test loss MAE: 0.3706
Running model: deep_FITS with pred_len: 336 on ETTm1
Test loss MSE: 0.3643, Test loss MAE: 0.3870
Running model: deep_FITS with pred_len: 720 on ETTm1
Test loss MSE: 0.4137, Test loss MAE: 0.4134
Running model: deep_FITS_after_upscaler with pred_len: 96 on ETTm1
Test loss MSE: 0.3079, Test loss MAE: 0.3506
Running model: deep_FITS_after_upscaler with pred_len: 192 on ETTm1
Test loss MSE: 0.3373, Test loss MAE: 0.3672
Running model: deep_FITS_after_upscaler with pred_len: 336 on ETTm1
Test loss MSE: 0.3657, Test loss MAE: 0.3842
Running model: deep_FITS_after_upscaler with pred_len: 720 on ETTm1
Test loss MSE: 0.4149, Test loss MAE: 0.4110
Running model: FITS with pred_len: 96 on ETTm2
Test loss MSE: 0.1617, Test loss MAE: 0.2526
Running model: FITS with pred_len: 192 on ETTm2
Test loss MSE: 0.2157, Test loss MAE: 0.2905
Running model: FITS with pred_len: 336 on ETTm2
Test loss MSE: 0.2687, Test loss MAE: 0.3263
Running model: FITS with pred_len: 720 on ETTm2
Test loss MSE: 0.3494, Test loss MAE: 0.3782
Running model: real_deep_FITS with pred_len: 96 on ETTm2
Test loss MSE: 0.1719, Test loss MAE: 0.2633
Running model: real_deep_FITS with pred_len: 192 on ETTm2
Test loss MSE: 0.2299, Test loss MAE: 0.3028
Running model: real_deep_FITS with pred_len: 336 on ETTm2
Test loss MSE: 0.2825, Test loss MAE: 0.3369
Running model: real_deep_FITS with pred_len: 720 on ETTm2
Test loss MSE: 0.3586, Test loss MAE: 0.3882
Running model: FITS_bypass_layer with pred_len: 96 on ETTm2
Test loss MSE: 0.1617, Test loss MAE: 0.2524
Running model: FITS_bypass_layer with pred_len: 192 on ETTm2
Test loss MSE: 0.2155, Test loss MAE: 0.2904
Running model: FITS_bypass_layer with pred_len: 336 on ETTm2
Test loss MSE: 0.2674, Test loss MAE: 0.3251
Running model: FITS_bypass_layer with pred_len: 720 on ETTm2
Test loss MSE: 0.3495, Test loss MAE: 0.3785
Running model: deep_FITS with pred_len: 96 on ETTm2
Test loss MSE: 0.1722, Test loss MAE: 0.2655
Running model: deep_FITS with pred_len: 192 on ETTm2
Test loss MSE: 0.2155, Test loss MAE: 0.2908
Running model: deep_FITS with pred_len: 336 on ETTm2
Test loss MSE: 0.2682, Test loss MAE: 0.3261
Running model: deep_FITS with pred_len: 720 on ETTm2
Test loss MSE: 0.3501, Test loss MAE: 0.3786
Running model: deep_FITS_after_upscaler with pred_len: 96 on ETTm2
Test loss MSE: 0.1618, Test loss MAE: 0.2528
Running model: deep_FITS_after_upscaler with pred_len: 192 on ETTm2
Test loss MSE: 0.2161, Test loss MAE: 0.2906
Running model: deep_FITS_after_upscaler with pred_len: 336 on ETTm2
Test loss MSE: 0.2680, Test loss MAE: 0.3257
Running model: deep_FITS_after_upscaler with pred_len: 720 on ETTm2
Test loss MSE: 0.3494, Test loss MAE: 0.3781
