






Dominance frequency: 320
Flag: train 
Length of data set 10841
Flag: val 
Length of data set 1037
Flag: test 
Length of data set 2789
=================================================================
Layer (type:depth-idx)                   Param #
=================================================================
FITS                                     --
├─Linear: 1-1                            205,440
=================================================================
Total params: 205,440
Trainable params: 205,440
Non-trainable params: 0
=================================================================
Initial Learning Rate: 0.0005
Epoch: 1         Train MSE: 1.1110       Train RMAE: 0.8820      Val MSE: 0.9060
Val RMAE: 0.8208
Epoch: 2         Train MSE: 0.6808       Train RMAE: 0.7840      Val MSE: 0.7377
Val RMAE: 0.7790
Epoch: 3         Train MSE: 0.5628       Train RMAE: 0.7477      Val MSE: 0.6245
Val RMAE: 0.7445
Epoch: 4         Train MSE: 0.4752       Train RMAE: 0.7147      Val MSE: 0.5361
Val RMAE: 0.7116
Epoch: 5         Train MSE: 0.4056       Train RMAE: 0.6832      Val MSE: 0.4653
Val RMAE: 0.6799
Epoch: 6         Train MSE: 0.3493       Train RMAE: 0.6528      Val MSE: 0.4077
Val RMAE: 0.6491
Epoch: 7         Train MSE: 0.3034       Train RMAE: 0.6235      Val MSE: 0.3605
Val RMAE: 0.6193
Epoch: 8         Train MSE: 0.2661       Train RMAE: 0.5954      Val MSE: 0.3221
Val RMAE: 0.5905
Epoch: 9         Train MSE: 0.2359       Train RMAE: 0.5685      Val MSE: 0.2915
Val RMAE: 0.5630
Epoch: 10        Train MSE: 0.2117       Train RMAE: 0.5428      Val MSE: 0.2669
Val RMAE: 0.5369
Epoch: 11        Train MSE: 0.1926       Train RMAE: 0.5188      Val MSE: 0.2477
Val RMAE: 0.5123
Epoch: 12        Train MSE: 0.1776       Train RMAE: 0.4963      Val MSE: 0.2331
Val RMAE: 0.4896
Epoch: 13        Train MSE: 0.1662       Train RMAE: 0.4759      Val MSE: 0.2222
Val RMAE: 0.4691
Epoch: 14        Train MSE: 0.1577       Train RMAE: 0.4574      Val MSE: 0.2138
Val RMAE: 0.4506
Epoch: 15        Train MSE: 0.1514       Train RMAE: 0.4413      Val MSE: 0.2079
Val RMAE: 0.4346
Epoch: 16        Train MSE: 0.1470       Train RMAE: 0.4275      Val MSE: 0.2037
Val RMAE: 0.4212
Epoch: 17        Train MSE: 0.1439       Train RMAE: 0.4162      Val MSE: 0.2009
Val RMAE: 0.4106
Epoch: 18        Train MSE: 0.1419       Train RMAE: 0.4072      Val MSE: 0.1996
Val RMAE: 0.4021
Epoch: 19        Train MSE: 0.1406       Train RMAE: 0.4004      Val MSE: 0.1985
Val RMAE: 0.3963
Epoch: 20        Train MSE: 0.1398       Train RMAE: 0.3957      Val MSE: 0.1979
Val RMAE: 0.3921
Epoch: 21        Train MSE: 0.1394       Train RMAE: 0.3925      Val MSE: 0.1977
Val RMAE: 0.3896
Epoch: 22        Train MSE: 0.1392       Train RMAE: 0.3906      Val MSE: 0.1973
Val RMAE: 0.3882
Epoch: 23        Train MSE: 0.1390       Train RMAE: 0.3895      Val MSE: 0.1975
Val RMAE: 0.3874
Epoch: 24        Train MSE: 0.1390       Train RMAE: 0.3889      Val MSE: 0.1976
Val RMAE: 0.3870
Learning Rate changed to: 5e-05
Epoch: 25        Train MSE: 0.1389       Train RMAE: 0.3886      Val MSE: 0.1974
Val RMAE: 0.3867
Epoch: 26        Train MSE: 0.1385       Train RMAE: 0.3874      Val MSE: 0.1968
Val RMAE: 0.3850
Epoch: 27        Train MSE: 0.1384       Train RMAE: 0.3870      Val MSE: 0.1968
Val RMAE: 0.3849
Epoch: 28        Train MSE: 0.1384       Train RMAE: 0.3869      Val MSE: 0.1970
Val RMAE: 0.3850
Epoch: 29        Train MSE: 0.1383       Train RMAE: 0.3869      Val MSE: 0.1968
Val RMAE: 0.3849
Epoch: 30        Train MSE: 0.1383       Train RMAE: 0.3869      Val MSE: 0.1969
Val RMAE: 0.3848
Epoch: 31        Train MSE: 0.1383       Train RMAE: 0.3869      Val MSE: 0.1968
Val RMAE: 0.3849
Early stopping triggered after 31 epochs
Test loss MSE: 0.45015419206836005, Test loss RMAE: 0.5470028180967678
Initial Learning Rate: 0.0005
Epoch: 1         Train MSE: 0.2711       Train RMAE: 0.5027      Val MSE: 0.3859
Val RMAE: 0.4937
Epoch: 2         Train MSE: 0.2708       Train RMAE: 0.5023      Val MSE: 0.3858
Val RMAE: 0.4935
Epoch: 3         Train MSE: 0.2708       Train RMAE: 0.5021      Val MSE: 0.3859
Val RMAE: 0.4929
Epoch: 4         Train MSE: 0.2707       Train RMAE: 0.5020      Val MSE: 0.3862
Val RMAE: 0.4929
Learning Rate changed to: 5e-05
Epoch: 5         Train MSE: 0.2708       Train RMAE: 0.5021      Val MSE: 0.3860
Val RMAE: 0.4932
Epoch: 6         Train MSE: 0.2698       Train RMAE: 0.5003      Val MSE: 0.3849
Val RMAE: 0.4906
Epoch: 7         Train MSE: 0.2695       Train RMAE: 0.4996      Val MSE: 0.3848
Val RMAE: 0.4904
Epoch: 8         Train MSE: 0.2695       Train RMAE: 0.4996      Val MSE: 0.3849
Val RMAE: 0.4903
Epoch: 9         Train MSE: 0.2695       Train RMAE: 0.4995      Val MSE: 0.3843
Val RMAE: 0.4903
Epoch: 10        Train MSE: 0.2695       Train RMAE: 0.4996      Val MSE: 0.3853
Val RMAE: 0.4905
Epoch: 11        Train MSE: 0.2695       Train RMAE: 0.4996      Val MSE: 0.3843
Val RMAE: 0.4903
Learning Rate changed to: 5e-06
Epoch: 12        Train MSE: 0.2695       Train RMAE: 0.4996      Val MSE: 0.3850
Val RMAE: 0.4904
Epoch: 13        Train MSE: 0.2694       Train RMAE: 0.4994      Val MSE: 0.3846
Val RMAE: 0.4902
Epoch: 14        Train MSE: 0.2694       Train RMAE: 0.4994      Val MSE: 0.3853
Val RMAE: 0.4902
Early stopping triggered after 14 epochs
Test loss MSE: 0.44914762066169217, Test loss RMAE: 0.5452071157368746

f 0.020 MB uploaded








 train_loss_mse █▅▄▃▃▃▂▂▂▁▁▁▁▁▁▁▁▁▁▁▁▁▁▁▁▁▁▁▂▂▂▂▂▂▂▂▂▂▂▂
mae █▇▆▆▅▅▄▄▃▃▃▂▂▂▂▁▁▁▁▁▁▁▁▁▁▁▁▁▃▃▃▃▃▃▃▃▃▃▃▃
▅▄▄▃▃▂▂▂▁▁▁▁▁▁▁▁▁▁▁▁▁▁▁▁▁▁▃▃▃▃▃▃▃▃▃▃▃▃
▅▅▄▃▃▃▂▂▂▂▁▁▁▁▁▁▁▁▁▁▁▁▁▃▃▃▃▃▃▃▃▃▃▃▃






 train_loss_mse 0.26935









