Args in experiment:
Namespace(is_training=1, model_id='exchange_rate_336_192_MS_channels_8', model='DLinear_FITS', data='custom', root_path='./dataset/', data_path='exchange_rate.csv', features='MS', target='OT', freq='h', checkpoints='./checkpoints/', seq_len=336, label_len=48, pred_len=192, individual=False, embed_type=0, enc_in=8, dec_in=7, c_out=7, d_model=512, n_heads=8, e_layers=2, d_layers=1, d_ff=2048, moving_avg=25, factor=1, distil=True, dropout=0.05, embed='timeF', activation='gelu', output_attention=False, do_predict=False, num_workers=0, itr=1, train_epochs=10, batch_size=8, patience=3, learning_rate=0.0005, des='Exp', loss='mse', lradj='type1', use_amp=False, use_gpu=False, gpu=0, use_multi_gpu=False, devices='0,1,2,3', test_flop=False)
exchange_rate_336_192_MS_channels_8
Use CPU
FITS cutoff frequency: 49

Model(
  (decomposition): SeriesDecomp(
    (moving_avg): MovingAvg(
      (avg): AvgPool1d(kernel_size=(25,), stride=(1,), padding=(0,))
    )
  )
  (fits): FITS(
    (frequency_upsampler): Linear(in_features=49, out_features=77, bias=True)
  )
  (Linear_Seasonal): Linear(in_features=336, out_features=192, bias=True)
  (Linear_Trend): Linear(in_features=336, out_features=192, bias=True)
)

>>>>>>>start training : exchange_rate_336_192_MS_channels_8>>>>>>>>>>>>>>>>>>>>>>>>>>

train 4784
val 569
test 1326
	iters: 100, epoch: 1 | loss: 0.1862516
	speed: 0.0089s/iter; time left: 52.4829s
	iters: 200, epoch: 1 | loss: 0.2485866
	speed: 0.0057s/iter; time left: 32.7747s
	iters: 300, epoch: 1 | loss: 0.4448946
	speed: 0.0052s/iter; time left: 29.4986s
	iters: 400, epoch: 1 | loss: 0.4431232
	speed: 0.0054s/iter; time left: 30.1932s
	iters: 500, epoch: 1 | loss: 0.3461297
	speed: 0.0045s/iter; time left: 24.8249s
Epoch: 1 cost time: 3.1s
Epoch: 1, Steps: 598 | Train Loss: 0.3211919 Vali Loss: 0.7420814 Test Loss: 0.5611526
Validation loss decreased (inf --> 0.742081).  Saving model ...
Updating learning rate to 0.0005
	iters: 100, epoch: 2 | loss: 0.0809269
	speed: 0.0122s/iter; time left: 64.2979s
	iters: 200, epoch: 2 | loss: 0.1830526
	speed: 0.0045s/iter; time left: 23.5597s
	iters: 300, epoch: 2 | loss: 0.2305045
	speed: 0.0044s/iter; time left: 22.2775s
	iters: 400, epoch: 2 | loss: 0.1755903
	speed: 0.0055s/iter; time left: 27.3390s
	iters: 500, epoch: 2 | loss: 0.2636113
	speed: 0.0046s/iter; time left: 22.4690s
Epoch: 2 cost time: 2.7s
Epoch: 2, Steps: 598 | Train Loss: 0.2675223 Vali Loss: 0.2860548 Test Loss: 0.2553163
Validation loss decreased (0.742081 --> 0.286055).  Saving model ...
Updating learning rate to 0.00025
	iters: 100, epoch: 3 | loss: 0.2246499
	speed: 0.0139s/iter; time left: 64.8975s
	iters: 200, epoch: 3 | loss: 0.4655155
	speed: 0.0046s/iter; time left: 21.0536s
	iters: 300, epoch: 3 | loss: 0.1589538
	speed: 0.0040s/iter; time left: 18.1236s
	iters: 400, epoch: 3 | loss: 0.1742360
	speed: 0.0040s/iter; time left: 17.4102s
	iters: 500, epoch: 3 | loss: 0.1592954
	speed: 0.0041s/iter; time left: 17.5436s
Epoch: 3 cost time: 2.7s
Epoch: 3, Steps: 598 | Train Loss: 0.2522390 Vali Loss: 0.4142057 Test Loss: 0.2454582
EarlyStopping counter: 1 out of 3
Updating learning rate to 0.000125
	iters: 100, epoch: 4 | loss: 0.1847323
	speed: 0.0159s/iter; time left: 64.9266s
	iters: 200, epoch: 4 | loss: 0.1673350
	speed: 0.0077s/iter; time left: 30.6301s
	iters: 300, epoch: 4 | loss: 0.1973861
	speed: 0.0045s/iter; time left: 17.5942s
	iters: 400, epoch: 4 | loss: 0.1607969
	speed: 0.0042s/iter; time left: 15.9778s
	iters: 500, epoch: 4 | loss: 0.1161672
	speed: 0.0058s/iter; time left: 21.5596s
Epoch: 4 cost time: 3.3s
Epoch: 4, Steps: 598 | Train Loss: 0.2436837 Vali Loss: 0.3798108 Test Loss: 0.2187549
EarlyStopping counter: 2 out of 3
Updating learning rate to 6.25e-05
	iters: 100, epoch: 5 | loss: 0.3275093
	speed: 0.0166s/iter; time left: 58.0701s
	iters: 200, epoch: 5 | loss: 0.5967624
	speed: 0.0057s/iter; time left: 19.1791s
	iters: 300, epoch: 5 | loss: 0.3703655
	speed: 0.0046s/iter; time left: 15.0844s
	iters: 400, epoch: 5 | loss: 0.5653553
	speed: 0.0047s/iter; time left: 15.1111s
	iters: 500, epoch: 5 | loss: 0.1139042
	speed: 0.0039s/iter; time left: 12.1514s
Epoch: 5 cost time: 3.0s
Epoch: 5, Steps: 598 | Train Loss: 0.2417856 Vali Loss: 0.3538945 Test Loss: 0.2044886
EarlyStopping counter: 3 out of 3
Early stopping
>>>>>>>testing : exchange_rate_336_192_MS_channels_8<<<<<<<<<<<<<<<<<<<<<<<<<<<<<<<<<
test 1326

Final Metrics:

DLinear_FITS MSE: 0.255316   MAE: 0.397462   SE: 0.359645   RRMSE: 0.303228   RMAE: 0.238521   (numpy)
DLinear_FITS MSE: 0.255316   MAE: 0.397462   SE: 0.359645   RRMSE: 0.303228   RMAE: 0.238521   (torch)

Repeat       MSE: 0.188096   MAE: 0.332759   SE: 0.385642   RRMSE: 0.260268   RMAE: 0.199692   (numpy)
Repeat       MSE: 0.188096   MAE: 0.332759   SE: 0.385642   RRMSE: 0.260268   RMAE: 0.199692   (torch)

Shapes: pred (1320, 192, 1), true (1320, 192, 1), naive_pred (1320, 192, 1), gt (1320, 528, 1), metrics {'DLinear_FITS': {'mse': 0.25531623, 'mae': 0.39746222, 'se': 0.35964468, 'relative_rmse': 0.30322832, 'relative_mae': 0.23852089, 'mse_torch': 0.25531622767448425, 'mae_torch': 0.39746221899986267, 'se_torch': 0.35964471101760864, 'relative_rmse_torch': 0.3032283353519017, 'relative_mae_torch': 0.23852089214405592}, 'Repeat': {'mse': 0.18809567, 'mae': 0.33275875, 'se': 0.38564205, 'relative_rmse': 0.26026753, 'relative_mae': 0.19969173, 'mse_torch': 0.18809567391872406, 'mae_torch': 0.33275869488716125, 'se_torch': 0.38564202189445496, 'relative_rmse_torch': 0.2602675211774616, 'relative_mae_torch': 0.19969168635171541}}
