Args in experiment:
Namespace(is_training=1, model_id='exchange_rate_336_192_MS_channels_8', model='FITS100', data='custom', root_path='./dataset/', data_path='exchange_rate.csv', features='MS', target='OT', freq='h', checkpoints='./checkpoints/', seq_len=336, label_len=48, pred_len=192, individual=False, embed_type=0, enc_in=8, dec_in=7, c_out=7, d_model=512, n_heads=8, e_layers=2, d_layers=1, d_ff=2048, moving_avg=25, factor=1, distil=True, dropout=0.05, embed='timeF', activation='gelu', output_attention=False, do_predict=False, num_workers=0, itr=1, train_epochs=10, batch_size=8, patience=3, learning_rate=0.0005, des='Exp', loss='mse', lradj='type1', use_amp=False, use_gpu=False, gpu=0, use_multi_gpu=False, devices='0,1,2,3', test_flop=False)
exchange_rate_336_192_MS_channels_8
Use CPU
FITS cutoff frequency: 100

Model(
  (fits): FITS(
    (frequency_upsampler): Linear(in_features=100, out_features=157, bias=True)
  )
)

>>>>>>>start training : exchange_rate_336_192_MS_channels_8>>>>>>>>>>>>>>>>>>>>>>>>>>

train 4784
val 569
test 1326
	iters: 100, epoch: 1 | loss: 0.2661991
	speed: 0.0052s/iter; time left: 30.5838s
	iters: 200, epoch: 1 | loss: 0.4032992
	speed: 0.0021s/iter; time left: 12.3972s
	iters: 300, epoch: 1 | loss: 0.2236278
	speed: 0.0021s/iter; time left: 11.7095s
	iters: 400, epoch: 1 | loss: 0.4393999
	speed: 0.0021s/iter; time left: 11.5156s
	iters: 500, epoch: 1 | loss: 0.3616432
	speed: 0.0021s/iter; time left: 11.4586s
Epoch: 1 cost time: 1.2s
Epoch: 1, Steps: 598 | Train Loss: 0.4186877 Vali Loss: 0.2057107 Test Loss: 0.2393553
Validation loss decreased (inf --> 0.205711).  Saving model ...
Updating learning rate to 0.0005
	iters: 100, epoch: 2 | loss: 0.3347665
	speed: 0.0073s/iter; time left: 38.5541s
	iters: 200, epoch: 2 | loss: 0.2500328
	speed: 0.0021s/iter; time left: 10.6665s
	iters: 300, epoch: 2 | loss: 0.2856520
	speed: 0.0023s/iter; time left: 11.5161s
	iters: 400, epoch: 2 | loss: 0.6204924
	speed: 0.0023s/iter; time left: 11.2543s
	iters: 500, epoch: 2 | loss: 0.3505124
	speed: 0.0020s/iter; time left: 9.9803s
Epoch: 2 cost time: 1.3s
Epoch: 2, Steps: 598 | Train Loss: 0.3366390 Vali Loss: 0.2166060 Test Loss: 0.2281214
EarlyStopping counter: 1 out of 3
Updating learning rate to 0.00025
	iters: 100, epoch: 3 | loss: 0.6144985
	speed: 0.0081s/iter; time left: 38.1277s
	iters: 200, epoch: 3 | loss: 0.3329314
	speed: 0.0022s/iter; time left: 10.1980s
	iters: 300, epoch: 3 | loss: 0.3680190
	speed: 0.0023s/iter; time left: 10.3226s
	iters: 400, epoch: 3 | loss: 0.2615468
	speed: 0.0020s/iter; time left: 8.6866s
	iters: 500, epoch: 3 | loss: 0.1491276
	speed: 0.0021s/iter; time left: 9.0324s
Epoch: 3 cost time: 1.3s
Epoch: 3, Steps: 598 | Train Loss: 0.3164524 Vali Loss: 0.2226163 Test Loss: 0.2251973
EarlyStopping counter: 2 out of 3
Updating learning rate to 0.000125
	iters: 100, epoch: 4 | loss: 0.1055892
	speed: 0.0063s/iter; time left: 25.6299s
	iters: 200, epoch: 4 | loss: 0.3249603
	speed: 0.0020s/iter; time left: 7.9108s
	iters: 300, epoch: 4 | loss: 0.1277482
	speed: 0.0025s/iter; time left: 9.5403s
	iters: 400, epoch: 4 | loss: 0.3102392
	speed: 0.0022s/iter; time left: 8.4761s
	iters: 500, epoch: 4 | loss: 0.2101483
	speed: 0.0033s/iter; time left: 12.0981s
Epoch: 4 cost time: 1.4s
Epoch: 4, Steps: 598 | Train Loss: 0.3092845 Vali Loss: 0.2261667 Test Loss: 0.2244637
EarlyStopping counter: 3 out of 3
Early stopping
>>>>>>>testing : exchange_rate_336_192_MS_channels_8<<<<<<<<<<<<<<<<<<<<<<<<<<<<<<<<<
test 1326

Final Metrics:

FITS100      MSE: 0.239355   MAE: 0.389341   SE: 0.442538   RRMSE: 0.293597   RMAE: 0.233647   (numpy)
FITS100      MSE: 0.239355   MAE: 0.389341   SE: 0.442538   RRMSE: 0.293597   RMAE: 0.233647   (torch)

Repeat       MSE: 0.188096   MAE: 0.332759   SE: 0.385642   RRMSE: 0.260268   RMAE: 0.199692   (numpy)
Repeat       MSE: 0.188096   MAE: 0.332759   SE: 0.385642   RRMSE: 0.260268   RMAE: 0.199692   (torch)

Shapes: pred (1320, 192, 1), true (1320, 192, 1), naive_pred (1320, 192, 1), gt (1320, 528, 1), metrics {'FITS100': {'mse': 0.23935527, 'mae': 0.38934126, 'se': 0.44253767, 'relative_rmse': 0.2935973, 'relative_mae': 0.23364744, 'mse_torch': 0.23935528099536896, 'mae_torch': 0.3893412947654724, 'se_torch': 0.4425376057624817, 'relative_rmse_torch': 0.2935973147597135, 'relative_mae_torch': 0.23364744757290862}, 'Repeat': {'mse': 0.18809567, 'mae': 0.33275875, 'se': 0.38564205, 'relative_rmse': 0.26026753, 'relative_mae': 0.19969173, 'mse_torch': 0.18809567391872406, 'mae_torch': 0.33275869488716125, 'se_torch': 0.38564202189445496, 'relative_rmse_torch': 0.2602675211774616, 'relative_mae_torch': 0.19969168635171541}}
