Args in experiment:
Namespace(is_training=1, model_id='exchange_rate_336_720_M_channels_8', model='DLinear', data='custom', root_path='./dataset/', data_path='exchange_rate.csv', features='M', target='OT', freq='h', checkpoints='./checkpoints/', seq_len=336, label_len=48, pred_len=720, individual=False, embed_type=0, enc_in=8, dec_in=7, c_out=7, d_model=512, n_heads=8, e_layers=2, d_layers=1, d_ff=2048, moving_avg=25, factor=1, distil=True, dropout=0.05, embed='timeF', activation='gelu', output_attention=False, do_predict=False, num_workers=0, itr=1, train_epochs=10, batch_size=8, patience=3, learning_rate=0.0005, des='Exp', loss='mse', lradj='type1', use_amp=False, use_gpu=False, gpu=0, use_multi_gpu=False, devices='0,1,2,3', test_flop=False)
exchange_rate_336_720_M_channels_8
Use CPU

Model(
  (decompsition): series_decomp(
    (moving_avg): moving_avg(
      (avg): AvgPool1d(kernel_size=(25,), stride=(1,), padding=(0,))
    )
  )
  (Linear_Seasonal): Linear(in_features=336, out_features=720, bias=True)
  (Linear_Trend): Linear(in_features=336, out_features=720, bias=True)
  (Linear_Decoder): Linear(in_features=336, out_features=720, bias=True)
)

>>>>>>>start training : exchange_rate_336_720_M_channels_8>>>>>>>>>>>>>>>>>>>>>>>>>>

train 4256
val 41
test 798
	iters: 100, epoch: 1 | loss: 0.5145882
	speed: 0.0155s/iter; time left: 80.9185s
	iters: 200, epoch: 1 | loss: 0.4924617
	speed: 0.0159s/iter; time left: 81.4333s
	iters: 300, epoch: 1 | loss: 0.5128823
	speed: 0.0046s/iter; time left: 23.1241s
	iters: 400, epoch: 1 | loss: 0.5555008
	speed: 0.0052s/iter; time left: 25.5048s
	iters: 500, epoch: 1 | loss: 0.6533353
	speed: 0.0057s/iter; time left: 27.4184s
Epoch: 1 cost time: 4.6s
Epoch: 1, Steps: 532 | Train Loss: 0.5747443 Vali Loss: 3.7897210 Test Loss: 1.0159334
Validation loss decreased (inf --> 3.789721).  Saving model ...
Updating learning rate to 0.0005
	iters: 100, epoch: 2 | loss: 0.5762563
	speed: 0.0086s/iter; time left: 40.1395s
	iters: 200, epoch: 2 | loss: 0.7055187
	speed: 0.0042s/iter; time left: 19.3793s
	iters: 300, epoch: 2 | loss: 0.6469867
	speed: 0.0044s/iter; time left: 19.5385s
	iters: 400, epoch: 2 | loss: 0.5407408
	speed: 0.0042s/iter; time left: 18.3694s
	iters: 500, epoch: 2 | loss: 0.4844946
	speed: 0.0044s/iter; time left: 19.0488s
Epoch: 2 cost time: 2.3s
Epoch: 2, Steps: 532 | Train Loss: 0.5593389 Vali Loss: 3.8519721 Test Loss: 1.1778295
EarlyStopping counter: 1 out of 3
Updating learning rate to 0.00025
	iters: 100, epoch: 3 | loss: 0.6061817
	speed: 0.0078s/iter; time left: 32.6067s
	iters: 200, epoch: 3 | loss: 0.6452793
	speed: 0.0050s/iter; time left: 20.1136s
	iters: 300, epoch: 3 | loss: 0.3633534
	speed: 0.0059s/iter; time left: 23.2242s
	iters: 400, epoch: 3 | loss: 0.5903392
	speed: 0.0057s/iter; time left: 21.9229s
	iters: 500, epoch: 3 | loss: 0.4739335
	speed: 0.0053s/iter; time left: 19.9667s
Epoch: 3 cost time: 2.8s
Epoch: 3, Steps: 532 | Train Loss: 0.5536320 Vali Loss: 4.1974282 Test Loss: 1.3816477
EarlyStopping counter: 2 out of 3
Updating learning rate to 0.000125
	iters: 100, epoch: 4 | loss: 0.5507991
	speed: 0.0086s/iter; time left: 31.1490s
	iters: 200, epoch: 4 | loss: 0.3753330
	speed: 0.0058s/iter; time left: 20.4214s
	iters: 300, epoch: 4 | loss: 0.7605128
	speed: 0.0043s/iter; time left: 14.7919s
	iters: 400, epoch: 4 | loss: 0.4566543
	speed: 0.0047s/iter; time left: 15.4885s
	iters: 500, epoch: 4 | loss: 0.6083969
	speed: 0.0045s/iter; time left: 14.6221s
Epoch: 4 cost time: 2.6s
Epoch: 4, Steps: 532 | Train Loss: 0.5487753 Vali Loss: 3.7185307 Test Loss: 1.0759909
Validation loss decreased (3.789721 --> 3.718531).  Saving model ...
Updating learning rate to 6.25e-05
	iters: 100, epoch: 5 | loss: 0.4079684
	speed: 0.0080s/iter; time left: 24.7997s
	iters: 200, epoch: 5 | loss: 0.4453671
	speed: 0.0044s/iter; time left: 13.2836s
	iters: 300, epoch: 5 | loss: 0.4714084
	speed: 0.0048s/iter; time left: 13.8258s
	iters: 400, epoch: 5 | loss: 0.5835814
	speed: 0.0046s/iter; time left: 12.8468s
	iters: 500, epoch: 5 | loss: 0.3961488
	speed: 0.0048s/iter; time left: 12.8532s
Epoch: 5 cost time: 2.5s
Epoch: 5, Steps: 532 | Train Loss: 0.5471075 Vali Loss: 4.1387696 Test Loss: 1.3761097
EarlyStopping counter: 1 out of 3
Updating learning rate to 3.125e-05
	iters: 100, epoch: 6 | loss: 0.5784502
	speed: 0.0078s/iter; time left: 19.8701s
	iters: 200, epoch: 6 | loss: 0.5243140
	speed: 0.0056s/iter; time left: 13.8265s
	iters: 300, epoch: 6 | loss: 0.3896109
	speed: 0.0062s/iter; time left: 14.5295s
	iters: 400, epoch: 6 | loss: 0.6226581
	speed: 0.0043s/iter; time left: 9.6699s
	iters: 500, epoch: 6 | loss: 0.8481052
	speed: 0.0040s/iter; time left: 8.7152s
Epoch: 6 cost time: 2.6s
Epoch: 6, Steps: 532 | Train Loss: 0.5469912 Vali Loss: 3.6515553 Test Loss: 1.0403417
Validation loss decreased (3.718531 --> 3.651555).  Saving model ...
Updating learning rate to 1.5625e-05
	iters: 100, epoch: 7 | loss: 0.6399364
	speed: 0.0078s/iter; time left: 15.7581s
	iters: 200, epoch: 7 | loss: 0.6017100
	speed: 0.0045s/iter; time left: 8.5856s
	iters: 300, epoch: 7 | loss: 0.5453016
	speed: 0.0041s/iter; time left: 7.5347s
	iters: 400, epoch: 7 | loss: 0.5885887
	speed: 0.0047s/iter; time left: 8.2013s
	iters: 500, epoch: 7 | loss: 0.5829424
	speed: 0.0059s/iter; time left: 9.6736s
Epoch: 7 cost time: 2.5s
Epoch: 7, Steps: 532 | Train Loss: 0.5465700 Vali Loss: 3.7208295 Test Loss: 1.0810995
EarlyStopping counter: 1 out of 3
Updating learning rate to 7.8125e-06
	iters: 100, epoch: 8 | loss: 0.4925871
	speed: 0.0075s/iter; time left: 11.2839s
	iters: 200, epoch: 8 | loss: 0.6285009
	speed: 0.0041s/iter; time left: 5.7467s
	iters: 300, epoch: 8 | loss: 0.5630844
	speed: 0.0044s/iter; time left: 5.6613s
	iters: 400, epoch: 8 | loss: 0.4726696
	speed: 0.0046s/iter; time left: 5.4975s
	iters: 500, epoch: 8 | loss: 0.5063480
	speed: 0.0056s/iter; time left: 6.1694s
Epoch: 8 cost time: 2.5s
Epoch: 8, Steps: 532 | Train Loss: 0.5462197 Vali Loss: 3.8254433 Test Loss: 1.1585332
EarlyStopping counter: 2 out of 3
Updating learning rate to 3.90625e-06
	iters: 100, epoch: 9 | loss: 0.4632659
	speed: 0.0082s/iter; time left: 7.8767s
	iters: 200, epoch: 9 | loss: 0.5800426
	speed: 0.0041s/iter; time left: 3.5105s
	iters: 300, epoch: 9 | loss: 0.6532505
	speed: 0.0049s/iter; time left: 3.7363s
	iters: 400, epoch: 9 | loss: 0.6057914
	speed: 0.0048s/iter; time left: 3.1634s
	iters: 500, epoch: 9 | loss: 0.3854965
	speed: 0.0042s/iter; time left: 2.3645s
Epoch: 9 cost time: 2.4s
Epoch: 9, Steps: 532 | Train Loss: 0.5462095 Vali Loss: 3.7493331 Test Loss: 1.1037425
EarlyStopping counter: 3 out of 3
Early stopping
>>>>>>>testing : exchange_rate_336_720_M_channels_8<<<<<<<<<<<<<<<<<<<<<<<<<<<<<<<<<
test 798

Final Metrics:

DLinear      MSE: 1.040342   MAE: 0.766616   SE: 1.803759   RRMSE: 0.718625   RMAE: 0.540123   (numpy)
DLinear      MSE: 1.040342   MAE: 0.766616   SE: 1.803759   RRMSE: 0.718625   RMAE: 0.540123   (torch)

Repeat       MSE: 0.812772   MAE: 0.677462   SE: 1.780517   RRMSE: 0.635183   RMAE: 0.477309   (numpy)
Repeat       MSE: 0.812772   MAE: 0.677462   SE: 1.780517   RRMSE: 0.635183   RMAE: 0.477309   (torch)

Shapes: pred (792, 720, 8), true (792, 720, 8), naive_pred (792, 720, 8), gt (792, 1056, 8), metrics {'DLinear': {'mse': 1.0403417, 'mae': 0.766616, 'se': 1.8037595, 'relative_rmse': 0.7186253, 'relative_mae': 0.54012257, 'mse_torch': 1.0403417348861694, 'mae_torch': 0.7666160464286804, 'se_torch': 1.8037594556808472, 'relative_rmse_torch': 0.7186252550835494, 'relative_mae_torch': 0.5401226262281142}, 'Repeat': {'mse': 0.81277204, 'mae': 0.67746186, 'se': 1.7805175, 'relative_rmse': 0.635183, 'relative_mae': 0.47730866, 'mse_torch': 0.8127721548080444, 'mae_torch': 0.6774619221687317, 'se_torch': 1.7805174589157104, 'relative_rmse_torch': 0.6351830106679126, 'relative_mae_torch': 0.4773087052846645}}
