Args in experiment:
Namespace(is_training=1, model_id='exchange_rate_336_720_M_channels_8', model='FITS100', data='custom', root_path='./dataset/', data_path='exchange_rate.csv', features='M', target='OT', freq='h', checkpoints='./checkpoints/', seq_len=336, label_len=48, pred_len=720, individual=False, embed_type=0, enc_in=8, dec_in=7, c_out=7, d_model=512, n_heads=8, e_layers=2, d_layers=1, d_ff=2048, moving_avg=25, factor=1, distil=True, dropout=0.05, embed='timeF', activation='gelu', output_attention=False, do_predict=False, num_workers=0, itr=1, train_epochs=10, batch_size=8, patience=3, learning_rate=0.0005, des='Exp', loss='mse', lradj='type1', use_amp=False, use_gpu=False, gpu=0, use_multi_gpu=False, devices='0,1,2,3', test_flop=False)
exchange_rate_336_720_M_channels_8
Use CPU
FITS cutoff frequency: 100

Model(
  (fits): FITS(
    (frequency_upsampler): Linear(in_features=100, out_features=314, bias=True)
  )
)

>>>>>>>start training : exchange_rate_336_720_M_channels_8>>>>>>>>>>>>>>>>>>>>>>>>>>

train 4256
val 41
test 798
	iters: 100, epoch: 1 | loss: 1.1156774
	speed: 0.0070s/iter; time left: 36.7781s
	iters: 200, epoch: 1 | loss: 0.8176261
	speed: 0.0042s/iter; time left: 21.3847s
	iters: 300, epoch: 1 | loss: 0.8048428
	speed: 0.0046s/iter; time left: 23.1344s
	iters: 400, epoch: 1 | loss: 0.8423058
	speed: 0.0042s/iter; time left: 20.5038s
	iters: 500, epoch: 1 | loss: 0.9912009
	speed: 0.0038s/iter; time left: 18.2996s
Epoch: 1 cost time: 2.2s
Epoch: 1, Steps: 532 | Train Loss: 0.9512845 Vali Loss: 1.0505317 Test Loss: 0.9202768
Validation loss decreased (inf --> 1.050532).  Saving model ...
Updating learning rate to 0.0005
	iters: 100, epoch: 2 | loss: 0.6076192
	speed: 0.0065s/iter; time left: 30.2961s
	iters: 200, epoch: 2 | loss: 1.0208135
	speed: 0.0039s/iter; time left: 17.8066s
	iters: 300, epoch: 2 | loss: 0.6286261
	speed: 0.0044s/iter; time left: 19.7178s
	iters: 400, epoch: 2 | loss: 1.0619550
	speed: 0.0041s/iter; time left: 18.1433s
	iters: 500, epoch: 2 | loss: 0.9285001
	speed: 0.0040s/iter; time left: 17.2709s
Epoch: 2 cost time: 2.2s
Epoch: 2, Steps: 532 | Train Loss: 0.8659324 Vali Loss: 1.0807841 Test Loss: 0.8825395
EarlyStopping counter: 1 out of 3
Updating learning rate to 0.00025
	iters: 100, epoch: 3 | loss: 1.0135738
	speed: 0.0067s/iter; time left: 28.0219s
	iters: 200, epoch: 3 | loss: 1.0998992
	speed: 0.0040s/iter; time left: 16.0363s
	iters: 300, epoch: 3 | loss: 0.9198657
	speed: 0.0040s/iter; time left: 15.9568s
	iters: 400, epoch: 3 | loss: 0.8067350
	speed: 0.0043s/iter; time left: 16.5233s
	iters: 500, epoch: 3 | loss: 0.9317099
	speed: 0.0034s/iter; time left: 12.7799s
Epoch: 3 cost time: 2.1s
Epoch: 3, Steps: 532 | Train Loss: 0.8544224 Vali Loss: 1.0988955 Test Loss: 0.8771147
EarlyStopping counter: 2 out of 3
Updating learning rate to 0.000125
	iters: 100, epoch: 4 | loss: 0.8736988
	speed: 0.0070s/iter; time left: 25.4677s
	iters: 200, epoch: 4 | loss: 0.8319548
	speed: 0.0040s/iter; time left: 13.9442s
	iters: 300, epoch: 4 | loss: 0.9272206
	speed: 0.0038s/iter; time left: 13.1283s
	iters: 400, epoch: 4 | loss: 0.6467207
	speed: 0.0038s/iter; time left: 12.5358s
	iters: 500, epoch: 4 | loss: 0.6458967
	speed: 0.0039s/iter; time left: 12.5515s
Epoch: 4 cost time: 2.1s
Epoch: 4, Steps: 532 | Train Loss: 0.8503773 Vali Loss: 1.1123968 Test Loss: 0.8741584
EarlyStopping counter: 3 out of 3
Early stopping
>>>>>>>testing : exchange_rate_336_720_M_channels_8<<<<<<<<<<<<<<<<<<<<<<<<<<<<<<<<<
test 798

Final Metrics:

FITS100      MSE: 0.920277   MAE: 0.735495   SE: 1.936683   RRMSE: 0.675886   RMAE: 0.518196   (numpy)
FITS100      MSE: 0.920277   MAE: 0.735495   SE: 1.936683   RRMSE: 0.675886   RMAE: 0.518196   (torch)

Repeat       MSE: 0.812772   MAE: 0.677462   SE: 1.780517   RRMSE: 0.635183   RMAE: 0.477309   (numpy)
Repeat       MSE: 0.812772   MAE: 0.677462   SE: 1.780517   RRMSE: 0.635183   RMAE: 0.477309   (torch)

Shapes: pred (792, 720, 8), true (792, 720, 8), naive_pred (792, 720, 8), gt (792, 1056, 8), metrics {'FITS100': {'mse': 0.920277, 'mae': 0.73549455, 'se': 1.9366829, 'relative_rmse': 0.67588645, 'relative_mae': 0.51819587, 'mse_torch': 0.9202767610549927, 'mae_torch': 0.73549485206604, 'se_torch': 1.936682939529419, 'relative_rmse_torch': 0.6758863767762538, 'relative_mae_torch': 0.5181960551514825}, 'Repeat': {'mse': 0.81277204, 'mae': 0.67746186, 'se': 1.7805175, 'relative_rmse': 0.635183, 'relative_mae': 0.47730866, 'mse_torch': 0.8127721548080444, 'mae_torch': 0.6774619221687317, 'se_torch': 1.7805174589157104, 'relative_rmse_torch': 0.6351830106679126, 'relative_mae_torch': 0.4773087052846645}}
