Args in experiment:
Namespace(is_training=1, model_id='exchange_rate_336_720_M_channels_8', model='FITS10', data='custom', root_path='./dataset/', data_path='exchange_rate.csv', features='M', target='OT', freq='h', checkpoints='./checkpoints/', seq_len=336, label_len=48, pred_len=720, individual=False, embed_type=0, enc_in=8, dec_in=7, c_out=7, d_model=512, n_heads=8, e_layers=2, d_layers=1, d_ff=2048, moving_avg=25, factor=1, distil=True, dropout=0.05, embed='timeF', activation='gelu', output_attention=False, do_predict=False, num_workers=0, itr=1, train_epochs=10, batch_size=8, patience=3, learning_rate=0.0005, des='Exp', loss='mse', lradj='type1', use_amp=False, use_gpu=False, gpu=0, use_multi_gpu=False, devices='0,1,2,3', test_flop=False)
exchange_rate_336_720_M_channels_8
Use CPU
FITS cutoff frequency: 10

Model(
  (fits): FITS(
    (frequency_upsampler): Linear(in_features=10, out_features=31, bias=True)
  )
)

>>>>>>>start training : exchange_rate_336_720_M_channels_8>>>>>>>>>>>>>>>>>>>>>>>>>>

train 4256
val 41
test 798
	iters: 100, epoch: 1 | loss: 1.1392035
	speed: 0.0052s/iter; time left: 26.9255s
	iters: 200, epoch: 1 | loss: 0.9221330
	speed: 0.0016s/iter; time left: 8.0296s
	iters: 300, epoch: 1 | loss: 1.1974629
	speed: 0.0016s/iter; time left: 7.9374s
	iters: 400, epoch: 1 | loss: 0.9403573
	speed: 0.0016s/iter; time left: 7.8122s
	iters: 500, epoch: 1 | loss: 0.8437846
	speed: 0.0016s/iter; time left: 7.5845s
Epoch: 1 cost time: 0.8s
Epoch: 1, Steps: 532 | Train Loss: 1.0363851 Vali Loss: 1.1385071 Test Loss: 0.9933839
Validation loss decreased (inf --> 1.138507).  Saving model ...
Updating learning rate to 0.0005
	iters: 100, epoch: 2 | loss: 0.8962069
	speed: 0.0030s/iter; time left: 14.0732s
	iters: 200, epoch: 2 | loss: 0.9287100
	speed: 0.0016s/iter; time left: 7.2829s
	iters: 300, epoch: 2 | loss: 1.0343676
	speed: 0.0016s/iter; time left: 7.1490s
	iters: 400, epoch: 2 | loss: 0.7459666
	speed: 0.0016s/iter; time left: 7.0289s
	iters: 500, epoch: 2 | loss: 1.0352139
	speed: 0.0016s/iter; time left: 6.7742s
Epoch: 2 cost time: 0.8s
Epoch: 2, Steps: 532 | Train Loss: 0.9021646 Vali Loss: 1.1823255 Test Loss: 0.9366137
EarlyStopping counter: 1 out of 3
Updating learning rate to 0.00025
	iters: 100, epoch: 3 | loss: 0.6885693
	speed: 0.0030s/iter; time left: 12.6559s
	iters: 200, epoch: 3 | loss: 0.6495714
	speed: 0.0016s/iter; time left: 6.4338s
	iters: 300, epoch: 3 | loss: 0.9090400
	speed: 0.0016s/iter; time left: 6.2654s
	iters: 400, epoch: 3 | loss: 0.8334793
	speed: 0.0016s/iter; time left: 6.1381s
	iters: 500, epoch: 3 | loss: 0.9602041
	speed: 0.0016s/iter; time left: 5.9659s
Epoch: 3 cost time: 0.8s
Epoch: 3, Steps: 532 | Train Loss: 0.8740273 Vali Loss: 1.2058200 Test Loss: 0.9222656
EarlyStopping counter: 2 out of 3
Updating learning rate to 0.000125
	iters: 100, epoch: 4 | loss: 0.8317338
	speed: 0.0030s/iter; time left: 10.7497s
	iters: 200, epoch: 4 | loss: 0.7201403
	speed: 0.0016s/iter; time left: 5.6017s
	iters: 300, epoch: 4 | loss: 0.8945801
	speed: 0.0016s/iter; time left: 5.3986s
	iters: 400, epoch: 4 | loss: 0.7763823
	speed: 0.0016s/iter; time left: 5.2900s
	iters: 500, epoch: 4 | loss: 0.7495661
	speed: 0.0016s/iter; time left: 5.0988s
Epoch: 4 cost time: 0.8s
Epoch: 4, Steps: 532 | Train Loss: 0.8666708 Vali Loss: 1.2154011 Test Loss: 0.9172353
EarlyStopping counter: 3 out of 3
Early stopping
>>>>>>>testing : exchange_rate_336_720_M_channels_8<<<<<<<<<<<<<<<<<<<<<<<<<<<<<<<<<
test 798

Final Metrics:

FITS10       MSE: 0.993384   MAE: 0.764341   SE: 2.144161   RRMSE: 0.702220   RMAE: 0.538520   (numpy)
FITS10       MSE: 0.993384   MAE: 0.764341   SE: 2.144160   RRMSE: 0.702220   RMAE: 0.538520   (torch)

Repeat       MSE: 0.812772   MAE: 0.677462   SE: 1.780517   RRMSE: 0.635183   RMAE: 0.477309   (numpy)
Repeat       MSE: 0.812772   MAE: 0.677462   SE: 1.780517   RRMSE: 0.635183   RMAE: 0.477309   (torch)

Shapes: pred (792, 720, 8), true (792, 720, 8), naive_pred (792, 720, 8), gt (792, 1056, 8), metrics {'FITS10': {'mse': 0.9933838, 'mae': 0.7643408, 'se': 2.1441605, 'relative_rmse': 0.70221967, 'relative_mae': 0.5385196, 'mse_torch': 0.9933839440345764, 'mae_torch': 0.764340877532959, 'se_torch': 2.144160270690918, 'relative_rmse_torch': 0.7022197394162034, 'relative_mae_torch': 0.5385196462164196}, 'Repeat': {'mse': 0.81277204, 'mae': 0.67746186, 'se': 1.7805175, 'relative_rmse': 0.635183, 'relative_mae': 0.47730866, 'mse_torch': 0.8127721548080444, 'mae_torch': 0.6774619221687317, 'se_torch': 1.7805174589157104, 'relative_rmse_torch': 0.6351830106679126, 'relative_mae_torch': 0.4773087052846645}}
