Args in experiment:
Namespace(is_training=1, model_id='MRO_336_96_S_channels_6', model='FITS100', data='custom', root_path='./dataset/', data_path='MRO.csv', features='S', target='Adj Close', freq='h', checkpoints='./checkpoints/', seq_len=336, label_len=48, pred_len=96, individual=False, embed_type=0, enc_in=6, dec_in=7, c_out=7, d_model=512, n_heads=8, e_layers=2, d_layers=1, d_ff=2048, moving_avg=25, factor=1, distil=True, dropout=0.05, embed='timeF', activation='gelu', output_attention=False, do_predict=False, num_workers=0, itr=1, train_epochs=10, batch_size=8, patience=3, learning_rate=0.0005, des='Exp', loss='mse', lradj='type1', use_amp=False, use_gpu=False, gpu=0, use_multi_gpu=False, devices='0,1,2,3', test_flop=False)
MRO_336_96_S_channels_6
Use CPU
FITS cutoff frequency: 100

Model(
  (fits): FITS(
    (frequency_upsampler): Linear(in_features=100, out_features=128, bias=True)
  )
)

>>>>>>>start training : MRO_336_96_S_channels_6>>>>>>>>>>>>>>>>>>>>>>>>>>

train 10575
val 1479
test 3049
	iters: 100, epoch: 1 | loss: 0.0873107
	speed: 0.0040s/iter; time left: 52.6011s
	iters: 200, epoch: 1 | loss: 0.0286999
	speed: 0.0007s/iter; time left: 9.5714s
	iters: 300, epoch: 1 | loss: 0.0657669
	speed: 0.0007s/iter; time left: 9.3924s
	iters: 400, epoch: 1 | loss: 0.0358452
	speed: 0.0007s/iter; time left: 9.5721s
	iters: 500, epoch: 1 | loss: 0.0460277
	speed: 0.0008s/iter; time left: 10.1847s
	iters: 600, epoch: 1 | loss: 0.0379611
	speed: 0.0008s/iter; time left: 9.5555s
	iters: 700, epoch: 1 | loss: 0.0185881
	speed: 0.0007s/iter; time left: 9.3307s
	iters: 800, epoch: 1 | loss: 0.0181107
	speed: 0.0008s/iter; time left: 9.7079s
	iters: 900, epoch: 1 | loss: 0.0117410
	speed: 0.0007s/iter; time left: 8.8513s
	iters: 1000, epoch: 1 | loss: 0.0095477
	speed: 0.0007s/iter; time left: 8.9423s
	iters: 1100, epoch: 1 | loss: 0.0241165
	speed: 0.0008s/iter; time left: 9.6200s
	iters: 1200, epoch: 1 | loss: 0.0198276
	speed: 0.0008s/iter; time left: 9.5195s
	iters: 1300, epoch: 1 | loss: 0.0182140
	speed: 0.0010s/iter; time left: 11.4981s
Epoch: 1 cost time: 1.0s
Epoch: 1, Steps: 1321 | Train Loss: 0.0487437 Vali Loss: 2.6736419 Test Loss: 3.4796965
Validation loss decreased (inf --> 2.673642).  Saving model ...
Updating learning rate to 0.0005
	iters: 100, epoch: 2 | loss: 0.0260248
	speed: 0.0028s/iter; time left: 32.5795s
	iters: 200, epoch: 2 | loss: 0.0110324
	speed: 0.0008s/iter; time left: 9.3328s
	iters: 300, epoch: 2 | loss: 0.0284077
	speed: 0.0007s/iter; time left: 8.4750s
	iters: 400, epoch: 2 | loss: 0.0371286
	speed: 0.0008s/iter; time left: 9.3402s
	iters: 500, epoch: 2 | loss: 0.0532480
	speed: 0.0007s/iter; time left: 7.9295s
	iters: 600, epoch: 2 | loss: 0.0627256
	speed: 0.0008s/iter; time left: 9.1337s
	iters: 700, epoch: 2 | loss: 0.0193728
	speed: 0.0007s/iter; time left: 8.1141s
	iters: 800, epoch: 2 | loss: 0.0151992
	speed: 0.0008s/iter; time left: 8.5127s
	iters: 900, epoch: 2 | loss: 0.1160231
	speed: 0.0008s/iter; time left: 8.6734s
	iters: 1000, epoch: 2 | loss: 0.0733680
	speed: 0.0008s/iter; time left: 8.1818s
	iters: 1100, epoch: 2 | loss: 0.0162193
	speed: 0.0007s/iter; time left: 8.0674s
	iters: 1200, epoch: 2 | loss: 0.0318717
	speed: 0.0007s/iter; time left: 7.8396s
	iters: 1300, epoch: 2 | loss: 0.0723861
	speed: 0.0007s/iter; time left: 7.6959s
Epoch: 2 cost time: 1.0s
Epoch: 2, Steps: 1321 | Train Loss: 0.0366497 Vali Loss: 2.5471036 Test Loss: 3.2525914
Validation loss decreased (2.673642 --> 2.547104).  Saving model ...
Updating learning rate to 0.00025
	iters: 100, epoch: 3 | loss: 0.0260032
	speed: 0.0030s/iter; time left: 31.9136s
	iters: 200, epoch: 3 | loss: 0.0333309
	speed: 0.0007s/iter; time left: 7.3807s
	iters: 300, epoch: 3 | loss: 0.0325166
	speed: 0.0007s/iter; time left: 7.5812s
	iters: 400, epoch: 3 | loss: 0.0651284
	speed: 0.0009s/iter; time left: 9.5800s
	iters: 500, epoch: 3 | loss: 0.0114677
	speed: 0.0008s/iter; time left: 7.8260s
	iters: 600, epoch: 3 | loss: 0.0677100
	speed: 0.0008s/iter; time left: 7.8448s
	iters: 700, epoch: 3 | loss: 0.0192100
	speed: 0.0008s/iter; time left: 7.6496s
	iters: 800, epoch: 3 | loss: 0.0231508
	speed: 0.0010s/iter; time left: 9.3949s
	iters: 900, epoch: 3 | loss: 0.0531037
	speed: 0.0007s/iter; time left: 7.0929s
	iters: 1000, epoch: 3 | loss: 0.0103354
	speed: 0.0007s/iter; time left: 6.6636s
	iters: 1100, epoch: 3 | loss: 0.0309512
	speed: 0.0007s/iter; time left: 6.7653s
	iters: 1200, epoch: 3 | loss: 0.0307843
	speed: 0.0007s/iter; time left: 6.7743s
	iters: 1300, epoch: 3 | loss: 0.1370337
	speed: 0.0007s/iter; time left: 6.7717s
Epoch: 3 cost time: 1.1s
Epoch: 3, Steps: 1321 | Train Loss: 0.0348760 Vali Loss: 2.5533636 Test Loss: 3.2415833
EarlyStopping counter: 1 out of 3
Updating learning rate to 0.000125
	iters: 100, epoch: 4 | loss: 0.0536343
	speed: 0.0027s/iter; time left: 24.6502s
	iters: 200, epoch: 4 | loss: 0.0177434
	speed: 0.0007s/iter; time left: 6.5546s
	iters: 300, epoch: 4 | loss: 0.0081885
	speed: 0.0008s/iter; time left: 6.7475s
	iters: 400, epoch: 4 | loss: 0.0326194
	speed: 0.0008s/iter; time left: 7.2695s
	iters: 500, epoch: 4 | loss: 0.0090892
	speed: 0.0008s/iter; time left: 6.9866s
	iters: 600, epoch: 4 | loss: 0.0774897
	speed: 0.0007s/iter; time left: 6.4508s
	iters: 700, epoch: 4 | loss: 0.0736880
	speed: 0.0007s/iter; time left: 6.3037s
	iters: 800, epoch: 4 | loss: 0.0175417
	speed: 0.0011s/iter; time left: 9.0077s
	iters: 900, epoch: 4 | loss: 0.0220738
	speed: 0.0008s/iter; time left: 6.9933s
	iters: 1000, epoch: 4 | loss: 0.0707026
	speed: 0.0008s/iter; time left: 6.5958s
	iters: 1100, epoch: 4 | loss: 0.0429587
	speed: 0.0007s/iter; time left: 6.0517s
	iters: 1200, epoch: 4 | loss: 0.0093269
	speed: 0.0007s/iter; time left: 5.8704s
	iters: 1300, epoch: 4 | loss: 0.0417701
	speed: 0.0008s/iter; time left: 6.1057s
Epoch: 4 cost time: 1.0s
Epoch: 4, Steps: 1321 | Train Loss: 0.0343034 Vali Loss: 2.5285692 Test Loss: 3.2018576
Validation loss decreased (2.547104 --> 2.528569).  Saving model ...
Updating learning rate to 6.25e-05
	iters: 100, epoch: 5 | loss: 0.0494224
	speed: 0.0028s/iter; time left: 21.8987s
	iters: 200, epoch: 5 | loss: 0.0157862
	speed: 0.0007s/iter; time left: 5.5052s
	iters: 300, epoch: 5 | loss: 0.0309908
	speed: 0.0010s/iter; time left: 7.3440s
	iters: 400, epoch: 5 | loss: 0.0237636
	speed: 0.0007s/iter; time left: 5.4055s
	iters: 500, epoch: 5 | loss: 0.0301010
	speed: 0.0008s/iter; time left: 5.6374s
	iters: 600, epoch: 5 | loss: 0.0367722
	speed: 0.0008s/iter; time left: 5.5357s
	iters: 700, epoch: 5 | loss: 0.0342893
	speed: 0.0008s/iter; time left: 5.7263s
	iters: 800, epoch: 5 | loss: 0.0421629
	speed: 0.0008s/iter; time left: 5.9568s
	iters: 900, epoch: 5 | loss: 0.0166336
	speed: 0.0008s/iter; time left: 5.5234s
	iters: 1000, epoch: 5 | loss: 0.0212583
	speed: 0.0007s/iter; time left: 5.0571s
	iters: 1100, epoch: 5 | loss: 0.0193542
	speed: 0.0007s/iter; time left: 4.8011s
	iters: 1200, epoch: 5 | loss: 0.0166236
	speed: 0.0008s/iter; time left: 5.6157s
	iters: 1300, epoch: 5 | loss: 0.0417551
	speed: 0.0008s/iter; time left: 5.2726s
Epoch: 5 cost time: 1.0s
Epoch: 5, Steps: 1321 | Train Loss: 0.0340172 Vali Loss: 2.5056524 Test Loss: 3.1743855
Validation loss decreased (2.528569 --> 2.505652).  Saving model ...
Updating learning rate to 3.125e-05
	iters: 100, epoch: 6 | loss: 0.1301041
	speed: 0.0032s/iter; time left: 20.6685s
	iters: 200, epoch: 6 | loss: 0.0200915
	speed: 0.0007s/iter; time left: 4.5627s
	iters: 300, epoch: 6 | loss: 0.0107674
	speed: 0.0007s/iter; time left: 4.6938s
	iters: 400, epoch: 6 | loss: 0.0434437
	speed: 0.0008s/iter; time left: 5.2140s
	iters: 500, epoch: 6 | loss: 0.0782375
	speed: 0.0007s/iter; time left: 4.4098s
	iters: 600, epoch: 6 | loss: 0.0331899
	speed: 0.0007s/iter; time left: 4.3967s
	iters: 700, epoch: 6 | loss: 0.0077571
	speed: 0.0007s/iter; time left: 4.3509s
	iters: 800, epoch: 6 | loss: 0.0328519
	speed: 0.0008s/iter; time left: 4.4824s
	iters: 900, epoch: 6 | loss: 0.0368822
	speed: 0.0007s/iter; time left: 4.2612s
	iters: 1000, epoch: 6 | loss: 0.0797464
	speed: 0.0010s/iter; time left: 5.3758s
	iters: 1100, epoch: 6 | loss: 0.0280075
	speed: 0.0009s/iter; time left: 4.6968s
	iters: 1200, epoch: 6 | loss: 0.0149782
	speed: 0.0009s/iter; time left: 4.8288s
	iters: 1300, epoch: 6 | loss: 0.0270073
	speed: 0.0013s/iter; time left: 7.0220s
Epoch: 6 cost time: 1.1s
Epoch: 6, Steps: 1321 | Train Loss: 0.0339159 Vali Loss: 2.5102780 Test Loss: 3.1676538
EarlyStopping counter: 1 out of 3
Updating learning rate to 1.5625e-05
	iters: 100, epoch: 7 | loss: 0.0181236
	speed: 0.0031s/iter; time left: 16.2936s
	iters: 200, epoch: 7 | loss: 0.0162768
	speed: 0.0008s/iter; time left: 4.1773s
	iters: 300, epoch: 7 | loss: 0.0148450
	speed: 0.0010s/iter; time left: 4.9341s
	iters: 400, epoch: 7 | loss: 0.0772432
	speed: 0.0011s/iter; time left: 5.4753s
	iters: 500, epoch: 7 | loss: 0.0326362
	speed: 0.0009s/iter; time left: 4.1268s
	iters: 600, epoch: 7 | loss: 0.0277816
	speed: 0.0010s/iter; time left: 4.8401s
	iters: 700, epoch: 7 | loss: 0.0315948
	speed: 0.0009s/iter; time left: 3.9463s
	iters: 800, epoch: 7 | loss: 0.0412240
	speed: 0.0007s/iter; time left: 3.3069s
	iters: 900, epoch: 7 | loss: 0.0377247
	speed: 0.0008s/iter; time left: 3.3326s
	iters: 1000, epoch: 7 | loss: 0.0622775
	speed: 0.0007s/iter; time left: 3.1961s
	iters: 1100, epoch: 7 | loss: 0.0287703
	speed: 0.0008s/iter; time left: 3.2805s
	iters: 1200, epoch: 7 | loss: 0.0204599
	speed: 0.0009s/iter; time left: 3.7655s
	iters: 1300, epoch: 7 | loss: 0.0121475
	speed: 0.0011s/iter; time left: 4.3358s
Epoch: 7 cost time: 1.2s
Epoch: 7, Steps: 1321 | Train Loss: 0.0337890 Vali Loss: 2.5080855 Test Loss: 3.1662381
EarlyStopping counter: 2 out of 3
Updating learning rate to 7.8125e-06
	iters: 100, epoch: 8 | loss: 0.0280183
	speed: 0.0030s/iter; time left: 11.6654s
	iters: 200, epoch: 8 | loss: 0.0314646
	speed: 0.0007s/iter; time left: 2.7964s
	iters: 300, epoch: 8 | loss: 0.0633105
	speed: 0.0007s/iter; time left: 2.6253s
	iters: 400, epoch: 8 | loss: 0.0696555
	speed: 0.0008s/iter; time left: 2.6783s
	iters: 500, epoch: 8 | loss: 0.0364481
	speed: 0.0010s/iter; time left: 3.4724s
	iters: 600, epoch: 8 | loss: 0.0597481
	speed: 0.0010s/iter; time left: 3.4489s
	iters: 700, epoch: 8 | loss: 0.0567889
	speed: 0.0008s/iter; time left: 2.7349s
	iters: 800, epoch: 8 | loss: 0.0168481
	speed: 0.0010s/iter; time left: 3.2120s
	iters: 900, epoch: 8 | loss: 0.0194590
	speed: 0.0009s/iter; time left: 2.8078s
	iters: 1000, epoch: 8 | loss: 0.0249449
	speed: 0.0009s/iter; time left: 2.7243s
	iters: 1100, epoch: 8 | loss: 0.0306102
	speed: 0.0007s/iter; time left: 2.1145s
	iters: 1200, epoch: 8 | loss: 0.0130945
	speed: 0.0007s/iter; time left: 2.0283s
	iters: 1300, epoch: 8 | loss: 0.0113378
	speed: 0.0007s/iter; time left: 1.8965s
Epoch: 8 cost time: 1.1s
Epoch: 8, Steps: 1321 | Train Loss: 0.0338139 Vali Loss: 2.5088396 Test Loss: 3.1665385
EarlyStopping counter: 3 out of 3
Early stopping
>>>>>>>testing : MRO_336_96_S_channels_6<<<<<<<<<<<<<<<<<<<<<<<<<<<<<<<<<
test 3049

Final Metrics:

FITS100      MSE: 3.174385   MAE: 1.390586   SE: 6.468875   RRMSE: 0.212162   RMAE: 0.165591   (numpy)
FITS100      MSE: 3.174386   MAE: 1.390586   SE: 6.468875   RRMSE: 0.212162   RMAE: 0.165591   (torch)

Repeat       MSE: 2.870288   MAE: 1.261266   SE: 5.347196   RRMSE: 0.201744   RMAE: 0.150191   (numpy)
Repeat       MSE: 2.870288   MAE: 1.261266   SE: 5.347196   RRMSE: 0.201744   RMAE: 0.150191   (torch)

Shapes: pred (3048, 96, 1), true (3048, 96, 1), naive_pred (3048, 96, 1), gt (3048, 432, 1), metrics {'FITS100': {'mse': 3.1743853, 'mae': 1.3905865, 'se': 6.4688754, 'relative_rmse': 0.21216242, 'relative_mae': 0.16559097, 'mse_torch': 3.1743857860565186, 'mae_torch': 1.390586495399475, 'se_torch': 6.468875408172607, 'relative_rmse_torch': 0.21216243671482932, 'relative_mae_torch': 0.16559096963573489}, 'Repeat': {'mse': 2.8702881, 'mae': 1.261266, 'se': 5.3471956, 'relative_rmse': 0.20174436, 'relative_mae': 0.15019149, 'mse_torch': 2.870288133621216, 'mae_torch': 1.2612659931182861, 'se_torch': 5.347195625305176, 'relative_rmse_torch': 0.20174435404524144, 'relative_mae_torch': 0.15019149075587518}}
