Args in experiment:
Namespace(is_training=1, model_id='exchange_rate_336_192_S_channels_8', model='DLinear', data='custom', root_path='./dataset/', data_path='exchange_rate.csv', features='S', target='OT', freq='h', checkpoints='./checkpoints/', seq_len=336, label_len=48, pred_len=192, individual=False, embed_type=0, enc_in=8, dec_in=7, c_out=7, d_model=512, n_heads=8, e_layers=2, d_layers=1, d_ff=2048, moving_avg=25, factor=1, distil=True, dropout=0.05, embed='timeF', activation='gelu', output_attention=False, do_predict=False, num_workers=0, itr=1, train_epochs=10, batch_size=8, patience=3, learning_rate=0.0005, des='Exp', loss='mse', lradj='type1', use_amp=False, use_gpu=False, gpu=0, use_multi_gpu=False, devices='0,1,2,3', test_flop=False)
exchange_rate_336_192_S_channels_8
Use CPU

Model(
  (decompsition): series_decomp(
    (moving_avg): moving_avg(
      (avg): AvgPool1d(kernel_size=(25,), stride=(1,), padding=(0,))
    )
  )
  (Linear_Seasonal): Linear(in_features=336, out_features=192, bias=True)
  (Linear_Trend): Linear(in_features=336, out_features=192, bias=True)
  (Linear_Decoder): Linear(in_features=336, out_features=192, bias=True)
)

>>>>>>>start training : exchange_rate_336_192_S_channels_8>>>>>>>>>>>>>>>>>>>>>>>>>>

train 4784
val 569
test 1326
	iters: 100, epoch: 1 | loss: 0.4649362
	speed: 0.0053s/iter; time left: 31.4057s
	iters: 200, epoch: 1 | loss: 0.1733683
	speed: 0.0017s/iter; time left: 9.7365s
	iters: 300, epoch: 1 | loss: 0.1746217
	speed: 0.0020s/iter; time left: 11.4573s
	iters: 400, epoch: 1 | loss: 0.2251349
	speed: 0.0015s/iter; time left: 8.5207s
	iters: 500, epoch: 1 | loss: 0.1496772
	speed: 0.0015s/iter; time left: 8.3421s
Epoch: 1 cost time: 1.1s
Epoch: 1, Steps: 598 | Train Loss: 0.2972767 Vali Loss: 0.3113547 Test Loss: 0.1972497
Validation loss decreased (inf --> 0.311355).  Saving model ...
Updating learning rate to 0.0005
	iters: 100, epoch: 2 | loss: 0.3472228
	speed: 0.0054s/iter; time left: 28.7665s
	iters: 200, epoch: 2 | loss: 0.1700745
	speed: 0.0040s/iter; time left: 20.9027s
	iters: 300, epoch: 2 | loss: 0.6531428
	speed: 0.0018s/iter; time left: 9.3322s
	iters: 400, epoch: 2 | loss: 0.3129687
	speed: 0.0019s/iter; time left: 9.5164s
	iters: 500, epoch: 2 | loss: 0.2785062
	speed: 0.0019s/iter; time left: 9.4408s
Epoch: 2 cost time: 1.5s
Epoch: 2, Steps: 598 | Train Loss: 0.2627461 Vali Loss: 0.4111455 Test Loss: 0.2623821
EarlyStopping counter: 1 out of 3
Updating learning rate to 0.00025
	iters: 100, epoch: 3 | loss: 0.1210623
	speed: 0.0074s/iter; time left: 34.5675s
	iters: 200, epoch: 3 | loss: 0.0908697
	speed: 0.0017s/iter; time left: 7.6637s
	iters: 300, epoch: 3 | loss: 0.1083837
	speed: 0.0018s/iter; time left: 7.9357s
	iters: 400, epoch: 3 | loss: 0.1498561
	speed: 0.0028s/iter; time left: 12.0814s
	iters: 500, epoch: 3 | loss: 0.4601132
	speed: 0.0019s/iter; time left: 8.1229s
Epoch: 3 cost time: 1.3s
Epoch: 3, Steps: 598 | Train Loss: 0.2478909 Vali Loss: 0.4090248 Test Loss: 0.2404534
EarlyStopping counter: 2 out of 3
Updating learning rate to 0.000125
	iters: 100, epoch: 4 | loss: 0.2004520
	speed: 0.0084s/iter; time left: 34.2784s
	iters: 200, epoch: 4 | loss: 0.2698077
	speed: 0.0042s/iter; time left: 16.5591s
	iters: 300, epoch: 4 | loss: 0.6233692
	speed: 0.0019s/iter; time left: 7.2173s
	iters: 400, epoch: 4 | loss: 0.1484108
	speed: 0.0025s/iter; time left: 9.6461s
	iters: 500, epoch: 4 | loss: 0.4490682
	speed: 0.0025s/iter; time left: 9.0416s
Epoch: 4 cost time: 1.7s
Epoch: 4, Steps: 598 | Train Loss: 0.2439545 Vali Loss: 0.3305815 Test Loss: 0.1948907
EarlyStopping counter: 3 out of 3
Early stopping
>>>>>>>testing : exchange_rate_336_192_S_channels_8<<<<<<<<<<<<<<<<<<<<<<<<<<<<<<<<<
test 1326

Final Metrics:

DLinear      MSE: 0.197250   MAE: 0.355130   SE: 0.404104   RRMSE: 0.266525   RMAE: 0.213117   (numpy)
DLinear      MSE: 0.197250   MAE: 0.355130   SE: 0.404104   RRMSE: 0.266525   RMAE: 0.213117   (torch)

Repeat       MSE: 0.188096   MAE: 0.332759   SE: 0.385642   RRMSE: 0.260268   RMAE: 0.199692   (numpy)
Repeat       MSE: 0.188096   MAE: 0.332759   SE: 0.385642   RRMSE: 0.260268   RMAE: 0.199692   (torch)

Shapes: pred (1320, 192, 1), true (1320, 192, 1), naive_pred (1320, 192, 1), gt (1320, 528, 1), metrics {'DLinear': {'mse': 0.19724962, 'mae': 0.35512966, 'se': 0.4041041, 'relative_rmse': 0.26652545, 'relative_mae': 0.21311672, 'mse_torch': 0.197249636054039, 'mae_torch': 0.3551296591758728, 'se_torch': 0.4041040539741516, 'relative_rmse_torch': 0.26652544523330185, 'relative_mae_torch': 0.21311671671986757}, 'Repeat': {'mse': 0.18809567, 'mae': 0.33275875, 'se': 0.38564205, 'relative_rmse': 0.26026753, 'relative_mae': 0.19969173, 'mse_torch': 0.18809567391872406, 'mae_torch': 0.33275869488716125, 'se_torch': 0.38564202189445496, 'relative_rmse_torch': 0.2602675211774616, 'relative_mae_torch': 0.19969168635171541}}
