Args in experiment:
Namespace(is_training=1, model_id='MRO_336_720_M_channels_6', model='DLinear', data='custom', root_path='./dataset/', data_path='MRO.csv', features='M', target='Adj Close', freq='h', checkpoints='./checkpoints/', seq_len=336, label_len=48, pred_len=720, individual=False, embed_type=0, enc_in=6, dec_in=7, c_out=7, d_model=512, n_heads=8, e_layers=2, d_layers=1, d_ff=2048, moving_avg=25, factor=1, distil=True, dropout=0.05, embed='timeF', activation='gelu', output_attention=False, do_predict=False, num_workers=10, itr=1, train_epochs=10, batch_size=8, patience=3, learning_rate=0.0005, des='Exp', loss='mse', lradj='type1', use_amp=False, use_gpu=True, gpu=0, use_multi_gpu=False, devices='0,1,2,3', test_flop=False)
MRO_336_720_M_channels_6
Using GPU: NVIDIA GeForce RTX 4070 (cuda:0):

Model(
  (decompsition): series_decomp(
    (moving_avg): moving_avg(
      (avg): AvgPool1d(kernel_size=(25,), stride=(1,), padding=(0,))
    )
  )
  (Linear_Seasonal): Linear(in_features=336, out_features=720, bias=True)
  (Linear_Trend): Linear(in_features=336, out_features=720, bias=True)
  (Linear_Decoder): Linear(in_features=336, out_features=720, bias=True)
)

>>>>>>>start training : MRO_336_720_M_channels_6>>>>>>>>>>>>>>>>>>>>>>>>>>

train 9951
val 855
test 2425
	iters: 100, epoch: 1 | loss: 0.3975362
	speed: 0.0345s/iter; time left: 425.2116s
	iters: 200, epoch: 1 | loss: 0.5011623
	speed: 0.0040s/iter; time left: 48.8927s
	iters: 300, epoch: 1 | loss: 0.6312414
	speed: 0.0039s/iter; time left: 47.0858s
	iters: 400, epoch: 1 | loss: 0.5843028
	speed: 0.0039s/iter; time left: 46.9515s
	iters: 500, epoch: 1 | loss: 0.6720627
	speed: 0.0040s/iter; time left: 47.6218s
	iters: 600, epoch: 1 | loss: 0.8016194
	speed: 0.0038s/iter; time left: 45.3163s
	iters: 700, epoch: 1 | loss: 0.7538012
	speed: 0.0039s/iter; time left: 45.6215s
	iters: 800, epoch: 1 | loss: 0.4197841
	speed: 0.0039s/iter; time left: 45.7310s
	iters: 900, epoch: 1 | loss: 0.7081050
	speed: 0.0040s/iter; time left: 46.0272s
	iters: 1000, epoch: 1 | loss: 0.4936168
	speed: 0.0044s/iter; time left: 49.7762s
	iters: 1100, epoch: 1 | loss: 0.6920013
	speed: 0.0040s/iter; time left: 45.1694s
	iters: 1200, epoch: 1 | loss: 0.4175386
	speed: 0.0044s/iter; time left: 48.8805s
Epoch: 1 cost time: 7.2s
Epoch: 1, Steps: 1243 | Train Loss: 0.5299194 Vali Loss: 13.7945986 Test Loss: 16.7829113
Validation loss decreased (inf --> 13.794599).  Saving model ...
Updating learning rate to 0.0005
	iters: 100, epoch: 2 | loss: 0.3866659
	speed: 0.0291s/iter; time left: 322.8730s
	iters: 200, epoch: 2 | loss: 0.6162459
	speed: 0.0045s/iter; time left: 49.5192s
	iters: 300, epoch: 2 | loss: 0.7636597
	speed: 0.0040s/iter; time left: 43.6912s
	iters: 400, epoch: 2 | loss: 0.2924648
	speed: 0.0039s/iter; time left: 42.5931s
	iters: 500, epoch: 2 | loss: 0.6081477
	speed: 0.0041s/iter; time left: 44.0779s
	iters: 600, epoch: 2 | loss: 0.5395237
	speed: 0.0040s/iter; time left: 42.3600s
	iters: 700, epoch: 2 | loss: 0.8658700
	speed: 0.0043s/iter; time left: 44.7815s
	iters: 800, epoch: 2 | loss: 0.4218726
	speed: 0.0041s/iter; time left: 42.8541s
	iters: 900, epoch: 2 | loss: 0.5613708
	speed: 0.0041s/iter; time left: 42.6239s
	iters: 1000, epoch: 2 | loss: 0.6244146
	speed: 0.0042s/iter; time left: 42.6007s
	iters: 1100, epoch: 2 | loss: 0.6615310
	speed: 0.0040s/iter; time left: 40.0934s
	iters: 1200, epoch: 2 | loss: 0.6424134
	speed: 0.0042s/iter; time left: 41.7960s
Epoch: 2 cost time: 5.4s
Epoch: 2, Steps: 1243 | Train Loss: 0.5259511 Vali Loss: 16.3273659 Test Loss: 18.7767773
EarlyStopping counter: 1 out of 3
Updating learning rate to 0.00025
	iters: 100, epoch: 3 | loss: 0.4434958
	speed: 0.0295s/iter; time left: 290.7087s
	iters: 200, epoch: 3 | loss: 0.4925413
	speed: 0.0043s/iter; time left: 41.9643s
	iters: 300, epoch: 3 | loss: 0.4655515
	speed: 0.0042s/iter; time left: 40.9553s
	iters: 400, epoch: 3 | loss: 0.5121475
	speed: 0.0042s/iter; time left: 40.3583s
	iters: 500, epoch: 3 | loss: 0.4245295
	speed: 0.0043s/iter; time left: 40.2164s
	iters: 600, epoch: 3 | loss: 0.3906473
	speed: 0.0041s/iter; time left: 37.8669s
	iters: 700, epoch: 3 | loss: 0.2723742
	speed: 0.0041s/iter; time left: 37.4976s
	iters: 800, epoch: 3 | loss: 0.6681326
	speed: 0.0041s/iter; time left: 37.2099s
	iters: 900, epoch: 3 | loss: 0.7721646
	speed: 0.0042s/iter; time left: 38.4277s
	iters: 1000, epoch: 3 | loss: 0.6440106
	speed: 0.0043s/iter; time left: 38.6976s
	iters: 1100, epoch: 3 | loss: 0.5968341
	speed: 0.0041s/iter; time left: 36.0070s
	iters: 1200, epoch: 3 | loss: 0.5382050
	speed: 0.0040s/iter; time left: 34.7888s
Epoch: 3 cost time: 5.4s
Epoch: 3, Steps: 1243 | Train Loss: 0.5176705 Vali Loss: 13.9714088 Test Loss: 16.5889301
EarlyStopping counter: 2 out of 3
Updating learning rate to 0.000125
	iters: 100, epoch: 4 | loss: 0.4298526
	speed: 0.0289s/iter; time left: 248.2277s
	iters: 200, epoch: 4 | loss: 0.4389442
	speed: 0.0041s/iter; time left: 35.1579s
	iters: 300, epoch: 4 | loss: 0.7770040
	speed: 0.0040s/iter; time left: 33.9033s
	iters: 400, epoch: 4 | loss: 0.3575240
	speed: 0.0040s/iter; time left: 33.3682s
	iters: 500, epoch: 4 | loss: 0.4717762
	speed: 0.0040s/iter; time left: 33.0944s
	iters: 600, epoch: 4 | loss: 0.5274425
	speed: 0.0041s/iter; time left: 33.1999s
	iters: 700, epoch: 4 | loss: 0.6082346
	speed: 0.0042s/iter; time left: 33.2971s
	iters: 800, epoch: 4 | loss: 0.5178254
	speed: 0.0041s/iter; time left: 32.3304s
	iters: 900, epoch: 4 | loss: 0.6307374
	speed: 0.0041s/iter; time left: 31.6561s
	iters: 1000, epoch: 4 | loss: 0.5370677
	speed: 0.0041s/iter; time left: 31.4771s
	iters: 1100, epoch: 4 | loss: 0.4954551
	speed: 0.0041s/iter; time left: 31.1991s
	iters: 1200, epoch: 4 | loss: 0.8081942
	speed: 0.0041s/iter; time left: 30.5703s
Epoch: 4 cost time: 5.3s
Epoch: 4, Steps: 1243 | Train Loss: 0.5123758 Vali Loss: 15.4897585 Test Loss: 17.2569942
EarlyStopping counter: 3 out of 3
Early stopping
>>>>>>>testing : MRO_336_720_M_channels_6<<<<<<<<<<<<<<<<<<<<<<<<<<<<<<<<<
test 2425
Shapes: inputs (2424, 336, 6), trues (2424, 720, 6)

Final Metrics:

DLinear      MSE: 16.782907  MAE: 2.967885   SE: 19.186718  RRMSE: 0.776408   RMAE: 0.562476   (numpy)
DLinear      MSE: 16.782913  MAE: 2.967887   SE: 19.186718  RRMSE: 0.776409   RMAE: 0.562476   (torch)

Repeat       MSE: 20.380396  MAE: 3.232846   SE: 33.095654  RRMSE: 0.855585   RMAE: 0.612691   (numpy)
Repeat       MSE: 20.380388  MAE: 3.232842   SE: 33.095657  RRMSE: 0.855585   RMAE: 0.612691   (torch)

Shapes: pred (2424, 720, 6), true (2424, 720, 6), naive_pred (2424, 720, 6), gt (2424, 1056, 6), metrics {'DLinear': {'mse': 16.782907, 'mae': 2.9678855, 'se': 19.186718, 'relative_rmse': 0.7764085, 'relative_mae': 0.5624758, 'mse_torch': 16.782913208007812, 'mae_torch': 2.9678874015808105, 'se_torch': 19.186717987060547, 'relative_rmse_torch': 0.7764086802200966, 'relative_mae_torch': 0.5624761704225409}, 'Repeat': {'mse': 20.380396, 'mae': 3.2328455, 'se': 33.095654, 'relative_rmse': 0.85558474, 'relative_mae': 0.6126912, 'mse_torch': 20.380388259887695, 'mae_torch': 3.232842445373535, 'se_torch': 33.09565734863281, 'relative_rmse_torch': 0.8555845518416767, 'relative_mae_torch': 0.6126906422678302}}
