Args in experiment:
Namespace(is_training=1, model_id='MRO_336_720_M_channels_6', model='FITS_DLinear_no_seasonal', data='custom', root_path='./dataset/', data_path='MRO.csv', features='M', target='Adj Close', freq='h', checkpoints='./checkpoints/', seq_len=336, label_len=48, pred_len=720, individual=False, embed_type=0, enc_in=6, dec_in=7, c_out=7, d_model=512, n_heads=8, e_layers=2, d_layers=1, d_ff=2048, moving_avg=25, factor=1, distil=True, dropout=0.05, embed='timeF', activation='gelu', output_attention=False, do_predict=False, num_workers=10, itr=1, train_epochs=10, batch_size=8, patience=3, learning_rate=0.0005, des='Exp', loss='mse', lradj='type1', use_amp=False, use_gpu=True, gpu=0, use_multi_gpu=False, devices='0,1,2,3', test_flop=False)
MRO_336_720_M_channels_6
Using GPU: NVIDIA GeForce RTX 4070 (cuda:0):

Model(
  (decomposition): SeriesDecomp(
    (moving_avg): MovingAvg(
      (avg): AvgPool1d(kernel_size=(25,), stride=(1,), padding=(0,))
    )
  )
  (fits): FITS(
    (frequency_upsampler): Linear(in_features=168, out_features=528, bias=True)
  )
  (Linear_Trend): Linear(in_features=336, out_features=720, bias=True)
)

>>>>>>>start training : MRO_336_720_M_channels_6>>>>>>>>>>>>>>>>>>>>>>>>>>

train 9951
val 855
test 2425
	iters: 100, epoch: 1 | loss: 0.4631028
	speed: 0.0214s/iter; time left: 264.2492s
	iters: 200, epoch: 1 | loss: 0.6287211
	speed: 0.0061s/iter; time left: 74.9227s
	iters: 300, epoch: 1 | loss: 0.4069375
	speed: 0.0061s/iter; time left: 73.7088s
	iters: 400, epoch: 1 | loss: 0.6129520
	speed: 0.0071s/iter; time left: 85.5488s
	iters: 500, epoch: 1 | loss: 0.6757509
	speed: 0.0064s/iter; time left: 76.4616s
	iters: 600, epoch: 1 | loss: 0.4832800
	speed: 0.0057s/iter; time left: 67.7018s
	iters: 700, epoch: 1 | loss: 0.8184695
	speed: 0.0060s/iter; time left: 70.1789s
	iters: 800, epoch: 1 | loss: 0.7015633
	speed: 0.0057s/iter; time left: 65.7967s
	iters: 900, epoch: 1 | loss: 0.4725901
	speed: 0.0071s/iter; time left: 81.6466s
	iters: 1000, epoch: 1 | loss: 0.5201233
	speed: 0.0056s/iter; time left: 64.4048s
	iters: 1100, epoch: 1 | loss: 0.4296992
	speed: 0.0054s/iter; time left: 61.1874s
	iters: 1200, epoch: 1 | loss: 0.5836924
	speed: 0.0055s/iter; time left: 61.7703s
Epoch: 1 cost time: 8.6s
Epoch: 1, Steps: 1243 | Train Loss: 0.5947356 Vali Loss: 13.2600555 Test Loss: 16.3877716
Validation loss decreased (inf --> 13.260056).  Saving model ...
Updating learning rate to 0.0005
	iters: 100, epoch: 2 | loss: 0.9324154
	speed: 0.0345s/iter; time left: 382.2269s
	iters: 200, epoch: 2 | loss: 0.4179384
	speed: 0.0066s/iter; time left: 72.4088s
	iters: 300, epoch: 2 | loss: 0.5493555
	speed: 0.0070s/iter; time left: 76.7190s
	iters: 400, epoch: 2 | loss: 0.4466174
	speed: 0.0072s/iter; time left: 77.7706s
	iters: 500, epoch: 2 | loss: 0.4016916
	speed: 0.0081s/iter; time left: 86.4684s
	iters: 600, epoch: 2 | loss: 0.6251202
	speed: 0.0072s/iter; time left: 76.1390s
	iters: 700, epoch: 2 | loss: 0.9793590
	speed: 0.0065s/iter; time left: 68.1406s
	iters: 800, epoch: 2 | loss: 0.3740361
	speed: 0.0057s/iter; time left: 58.7415s
	iters: 900, epoch: 2 | loss: 0.2760405
	speed: 0.0059s/iter; time left: 60.4521s
	iters: 1000, epoch: 2 | loss: 0.5529717
	speed: 0.0057s/iter; time left: 58.0219s
	iters: 1100, epoch: 2 | loss: 0.5163327
	speed: 0.0059s/iter; time left: 59.7841s
	iters: 1200, epoch: 2 | loss: 0.7089255
	speed: 0.0062s/iter; time left: 62.1933s
Epoch: 2 cost time: 8.5s
Epoch: 2, Steps: 1243 | Train Loss: 0.5292202 Vali Loss: 11.9841242 Test Loss: 15.9639235
Validation loss decreased (13.260056 --> 11.984124).  Saving model ...
Updating learning rate to 0.00025
	iters: 100, epoch: 3 | loss: 0.5114876
	speed: 0.0343s/iter; time left: 337.1921s
	iters: 200, epoch: 3 | loss: 0.4042407
	speed: 0.0061s/iter; time left: 58.9670s
	iters: 300, epoch: 3 | loss: 0.4091069
	speed: 0.0061s/iter; time left: 58.4732s
	iters: 400, epoch: 3 | loss: 0.5538964
	speed: 0.0063s/iter; time left: 59.6669s
	iters: 500, epoch: 3 | loss: 0.3491133
	speed: 0.0063s/iter; time left: 59.7549s
	iters: 600, epoch: 3 | loss: 0.6603225
	speed: 0.0060s/iter; time left: 56.3319s
	iters: 700, epoch: 3 | loss: 0.6817628
	speed: 0.0055s/iter; time left: 50.9479s
	iters: 800, epoch: 3 | loss: 0.5970440
	speed: 0.0055s/iter; time left: 49.9925s
	iters: 900, epoch: 3 | loss: 0.4791643
	speed: 0.0057s/iter; time left: 51.4722s
	iters: 1000, epoch: 3 | loss: 0.4554679
	speed: 0.0058s/iter; time left: 52.2714s
	iters: 1100, epoch: 3 | loss: 0.6568074
	speed: 0.0055s/iter; time left: 48.9415s
	iters: 1200, epoch: 3 | loss: 0.4121568
	speed: 0.0065s/iter; time left: 56.8422s
Epoch: 3 cost time: 7.7s
Epoch: 3, Steps: 1243 | Train Loss: 0.5176987 Vali Loss: 17.5095081 Test Loss: 19.5616913
EarlyStopping counter: 1 out of 3
Updating learning rate to 0.000125
	iters: 100, epoch: 4 | loss: 0.6659322
	speed: 0.0333s/iter; time left: 286.5269s
	iters: 200, epoch: 4 | loss: 0.8443351
	speed: 0.0056s/iter; time left: 47.3210s
	iters: 300, epoch: 4 | loss: 0.6483511
	speed: 0.0058s/iter; time left: 48.6006s
	iters: 400, epoch: 4 | loss: 0.5978001
	speed: 0.0060s/iter; time left: 49.9304s
	iters: 500, epoch: 4 | loss: 0.5760385
	speed: 0.0057s/iter; time left: 46.3762s
	iters: 600, epoch: 4 | loss: 0.5388610
	speed: 0.0057s/iter; time left: 45.9302s
	iters: 700, epoch: 4 | loss: 0.3517692
	speed: 0.0069s/iter; time left: 55.5958s
	iters: 800, epoch: 4 | loss: 0.3869287
	speed: 0.0059s/iter; time left: 46.9566s
	iters: 900, epoch: 4 | loss: 0.2467780
	speed: 0.0072s/iter; time left: 56.5638s
	iters: 1000, epoch: 4 | loss: 0.7466867
	speed: 0.0072s/iter; time left: 55.3654s
	iters: 1100, epoch: 4 | loss: 0.7302120
	speed: 0.0057s/iter; time left: 43.1343s
	iters: 1200, epoch: 4 | loss: 0.5532645
	speed: 0.0062s/iter; time left: 46.1534s
Epoch: 4 cost time: 7.9s
Epoch: 4, Steps: 1243 | Train Loss: 0.5133719 Vali Loss: 13.3814907 Test Loss: 16.8295918
EarlyStopping counter: 2 out of 3
Updating learning rate to 6.25e-05
	iters: 100, epoch: 5 | loss: 0.6924509
	speed: 0.0417s/iter; time left: 306.6334s
	iters: 200, epoch: 5 | loss: 0.4940749
	speed: 0.0070s/iter; time left: 50.7950s
	iters: 300, epoch: 5 | loss: 0.5389553
	speed: 0.0072s/iter; time left: 51.7481s
	iters: 400, epoch: 5 | loss: 0.4943344
	speed: 0.0067s/iter; time left: 47.3192s
	iters: 500, epoch: 5 | loss: 0.5854025
	speed: 0.0066s/iter; time left: 46.0619s
	iters: 600, epoch: 5 | loss: 0.7426109
	speed: 0.0071s/iter; time left: 48.7569s
	iters: 700, epoch: 5 | loss: 0.8915602
	speed: 0.0067s/iter; time left: 45.3773s
	iters: 800, epoch: 5 | loss: 0.3530038
	speed: 0.0068s/iter; time left: 45.2460s
	iters: 900, epoch: 5 | loss: 0.4692352
	speed: 0.0070s/iter; time left: 45.8565s
	iters: 1000, epoch: 5 | loss: 0.5114951
	speed: 0.0064s/iter; time left: 41.2014s
	iters: 1100, epoch: 5 | loss: 0.3568192
	speed: 0.0065s/iter; time left: 41.4118s
	iters: 1200, epoch: 5 | loss: 0.7835074
	speed: 0.0067s/iter; time left: 42.2312s
Epoch: 5 cost time: 8.7s
Epoch: 5, Steps: 1243 | Train Loss: 0.5106605 Vali Loss: 14.2460899 Test Loss: 17.4859257
EarlyStopping counter: 3 out of 3
Early stopping
>>>>>>>testing : MRO_336_720_M_channels_6<<<<<<<<<<<<<<<<<<<<<<<<<<<<<<<<<
test 2425
Shapes: inputs (2424, 336, 6), trues (2424, 720, 6)

Final Metrics:

FITS_DLinear_no_seasonal MSE: 15.963928  MAE: 2.926686   SE: 17.562292  RRMSE: 0.757228   RMAE: 0.554668   (numpy)
FITS_DLinear_no_seasonal MSE: 15.963924  MAE: 2.926685   SE: 17.562290  RRMSE: 0.757228   RMAE: 0.554667   (torch)

Repeat       MSE: 20.380396  MAE: 3.232846   SE: 33.095654  RRMSE: 0.855585   RMAE: 0.612691   (numpy)
Repeat       MSE: 20.380388  MAE: 3.232842   SE: 33.095657  RRMSE: 0.855585   RMAE: 0.612691   (torch)

Shapes: pred (2424, 720, 6), true (2424, 720, 6), naive_pred (2424, 720, 6), gt (2424, 1056, 6), metrics {'FITS_DLinear_no_seasonal': {'mse': 15.963928, 'mae': 2.9266856, 'se': 17.562292, 'relative_rmse': 0.75722784, 'relative_mae': 0.5546676, 'mse_torch': 15.963924407958984, 'mae_torch': 2.926684617996216, 'se_torch': 17.56229019165039, 'relative_rmse_torch': 0.7572277814578162, 'relative_mae_torch': 0.5546673890283859}, 'Repeat': {'mse': 20.380396, 'mae': 3.2328455, 'se': 33.095654, 'relative_rmse': 0.85558474, 'relative_mae': 0.6126912, 'mse_torch': 20.380388259887695, 'mae_torch': 3.232842445373535, 'se_torch': 33.09565734863281, 'relative_rmse_torch': 0.8555845518416767, 'relative_mae_torch': 0.6126906422678302}}
