Args in experiment:
Namespace(is_training=1, model_id='DLinear_FITS_MRO_336_192_M_channels_6', model='DLinear_FITS', data='custom', root_path='./dataset/', data_path='MRO.csv', features='M', target='Adj Close', freq='h', checkpoints='./checkpoints/', seq_len=336, label_len=48, pred_len=192, individual=False, embed_type=0, enc_in=6, dec_in=7, c_out=7, d_model=512, n_heads=8, e_layers=2, d_layers=1, d_ff=2048, moving_avg=25, factor=1, distil=True, dropout=0.05, embed='timeF', activation='gelu', output_attention=False, do_predict=False, num_workers=10, itr=1, train_epochs=10, batch_size=8, patience=3, learning_rate=0.0005, des='Exp', loss='mse', lradj='type1', use_amp=False, use_gpu=True, gpu=0, use_multi_gpu=False, devices='0,1,2,3', test_flop=False)
DLinear_FITS_MRO_336_192_M_channels_6_DLinear_FITS_M_channels_6
Using GPU: NVIDIA GeForce RTX 4070 (cuda:0):
FITS cutoff frequency: 49
>>>>>>>start training : DLinear_FITS_MRO_336_192_M_channels_6_DLinear_FITS_M_channels_6>>>>>>>>>>>>>>>>>>>>>>>>>>
train 10479
val 1383
test 2953
	iters: 100, epoch: 1 | loss: 0.1399526
	speed: 0.0193s/iter; time left: 250.5918s
	iters: 200, epoch: 1 | loss: 0.4268115
	speed: 0.0075s/iter; time left: 96.3502s
	iters: 300, epoch: 1 | loss: 0.3912357
	speed: 0.0068s/iter; time left: 87.3391s
	iters: 400, epoch: 1 | loss: 0.2759843
	speed: 0.0069s/iter; time left: 87.2260s
	iters: 500, epoch: 1 | loss: 0.1469456
	speed: 0.0074s/iter; time left: 93.4397s
	iters: 600, epoch: 1 | loss: 0.5581080
	speed: 0.0073s/iter; time left: 91.0843s
	iters: 700, epoch: 1 | loss: 0.3226803
	speed: 0.0071s/iter; time left: 88.5868s
	iters: 800, epoch: 1 | loss: 0.3498032
	speed: 0.0070s/iter; time left: 86.6011s
	iters: 900, epoch: 1 | loss: 0.3589416
	speed: 0.0073s/iter; time left: 89.2927s
	iters: 1000, epoch: 1 | loss: 0.3062985
	speed: 0.0072s/iter; time left: 87.5780s
	iters: 1100, epoch: 1 | loss: 0.1317330
	speed: 0.0073s/iter; time left: 87.8733s
	iters: 1200, epoch: 1 | loss: 0.2496403
	speed: 0.0073s/iter; time left: 87.1542s
	iters: 1300, epoch: 1 | loss: 0.1302247
	speed: 0.0077s/iter; time left: 91.2202s
Epoch: 1 cost time: 10.3 seconds
Epoch: 1, Steps: 1309 | Train Loss: 0.3036238 Vali Loss: 5.1386752 Test Loss: 6.1439285
Validation loss decreased (inf --> 5.138675).  Saving model ...
Updating learning rate to 0.0005
	iters: 100, epoch: 2 | loss: 0.2453291
	speed: 0.0450s/iter; time left: 525.5881s
	iters: 200, epoch: 2 | loss: 0.1920824
	speed: 0.0083s/iter; time left: 95.7357s
	iters: 300, epoch: 2 | loss: 0.2289890
	speed: 0.0084s/iter; time left: 96.8092s
	iters: 400, epoch: 2 | loss: 0.7132819
	speed: 0.0083s/iter; time left: 94.6073s
	iters: 500, epoch: 2 | loss: 0.1927170
	speed: 0.0082s/iter; time left: 92.7047s
	iters: 600, epoch: 2 | loss: 0.1151304
	speed: 0.0084s/iter; time left: 94.4176s
	iters: 700, epoch: 2 | loss: 0.6488079
	speed: 0.0084s/iter; time left: 92.7963s
	iters: 800, epoch: 2 | loss: 0.2158713
	speed: 0.0078s/iter; time left: 85.7571s
	iters: 900, epoch: 2 | loss: 0.2953242
	speed: 0.0078s/iter; time left: 85.0450s
	iters: 1000, epoch: 2 | loss: 0.3000567
	speed: 0.0081s/iter; time left: 87.0922s
	iters: 1100, epoch: 2 | loss: 0.4733861
	speed: 0.0079s/iter; time left: 84.4691s
	iters: 1200, epoch: 2 | loss: 0.2070923
	speed: 0.0077s/iter; time left: 81.7670s
	iters: 1300, epoch: 2 | loss: 0.2350373
	speed: 0.0080s/iter; time left: 83.4635s
Epoch: 2 cost time: 10.9 seconds
Epoch: 2, Steps: 1309 | Train Loss: 0.2765517 Vali Loss: 5.1300468 Test Loss: 6.1386633
Validation loss decreased (5.138675 --> 5.130047).  Saving model ...
Updating learning rate to 0.00025
	iters: 100, epoch: 3 | loss: 0.1798020
	speed: 0.0439s/iter; time left: 455.7397s
	iters: 200, epoch: 3 | loss: 0.1787618
	speed: 0.0075s/iter; time left: 77.1119s
	iters: 300, epoch: 3 | loss: 0.2345488
	speed: 0.0078s/iter; time left: 79.4875s
	iters: 400, epoch: 3 | loss: 0.1322464
	speed: 0.0076s/iter; time left: 76.0945s
	iters: 500, epoch: 3 | loss: 0.6796618
	speed: 0.0076s/iter; time left: 75.9845s
	iters: 600, epoch: 3 | loss: 0.2158332
	speed: 0.0076s/iter; time left: 75.2269s
	iters: 700, epoch: 3 | loss: 0.2800651
	speed: 0.0076s/iter; time left: 74.0911s
	iters: 800, epoch: 3 | loss: 0.3195464
	speed: 0.0075s/iter; time left: 72.4159s
	iters: 900, epoch: 3 | loss: 0.1553725
	speed: 0.0073s/iter; time left: 69.7647s
	iters: 1000, epoch: 3 | loss: 0.1763076
	speed: 0.0075s/iter; time left: 71.1998s
	iters: 1100, epoch: 3 | loss: 0.5828183
	speed: 0.0075s/iter; time left: 70.0622s
	iters: 1200, epoch: 3 | loss: 0.2489060
	speed: 0.0075s/iter; time left: 69.3678s
	iters: 1300, epoch: 3 | loss: 0.1164893
	speed: 0.0076s/iter; time left: 69.8841s
Epoch: 3 cost time: 10.2 seconds
Epoch: 3, Steps: 1309 | Train Loss: 0.2675966 Vali Loss: 5.2092748 Test Loss: 6.0763783
EarlyStopping counter: 1 out of 3
Updating learning rate to 0.000125
	iters: 100, epoch: 4 | loss: 0.2513270
	speed: 0.0437s/iter; time left: 395.6962s
	iters: 200, epoch: 4 | loss: 0.3286792
	speed: 0.0085s/iter; time left: 76.3855s
	iters: 300, epoch: 4 | loss: 0.7116693
	speed: 0.0086s/iter; time left: 75.8975s
	iters: 400, epoch: 4 | loss: 0.2082277
	speed: 0.0083s/iter; time left: 72.8706s
	iters: 500, epoch: 4 | loss: 0.1482141
	speed: 0.0083s/iter; time left: 71.7014s
	iters: 600, epoch: 4 | loss: 0.4759454
	speed: 0.0084s/iter; time left: 72.3252s
	iters: 700, epoch: 4 | loss: 0.1996806
	speed: 0.0082s/iter; time left: 69.5047s
	iters: 800, epoch: 4 | loss: 0.2027446
	speed: 0.0084s/iter; time left: 70.6077s
	iters: 900, epoch: 4 | loss: 0.2840237
	speed: 0.0083s/iter; time left: 68.7900s
	iters: 1000, epoch: 4 | loss: 0.1663973
	speed: 0.0080s/iter; time left: 65.0907s
	iters: 1100, epoch: 4 | loss: 0.3320548
	speed: 0.0081s/iter; time left: 64.9934s
	iters: 1200, epoch: 4 | loss: 0.1049277
	speed: 0.0079s/iter; time left: 62.7589s
	iters: 1300, epoch: 4 | loss: 0.3225101
	speed: 0.0080s/iter; time left: 62.5758s
Epoch: 4 cost time: 11.1 seconds
Epoch: 4, Steps: 1309 | Train Loss: 0.2646495 Vali Loss: 5.3828025 Test Loss: 6.1609125
EarlyStopping counter: 2 out of 3
Updating learning rate to 6.25e-05
	iters: 100, epoch: 5 | loss: 0.3522546
	speed: 0.0456s/iter; time left: 353.3117s
	iters: 200, epoch: 5 | loss: 0.1098045
	speed: 0.0086s/iter; time left: 66.0620s
	iters: 300, epoch: 5 | loss: 0.4636784
	speed: 0.0087s/iter; time left: 65.8358s
	iters: 400, epoch: 5 | loss: 0.1905552
	speed: 0.0083s/iter; time left: 62.1275s
	iters: 500, epoch: 5 | loss: 0.2905516
	speed: 0.0082s/iter; time left: 59.9580s
	iters: 600, epoch: 5 | loss: 0.2467083
	speed: 0.0082s/iter; time left: 59.3794s
	iters: 700, epoch: 5 | loss: 0.6036060
	speed: 0.0082s/iter; time left: 58.6334s
	iters: 800, epoch: 5 | loss: 0.1585618
	speed: 0.0080s/iter; time left: 56.5845s
	iters: 900, epoch: 5 | loss: 0.1680871
	speed: 0.0083s/iter; time left: 57.5170s
	iters: 1000, epoch: 5 | loss: 0.1174977
	speed: 0.0086s/iter; time left: 59.1951s
	iters: 1100, epoch: 5 | loss: 0.4127017
	speed: 0.0085s/iter; time left: 57.5277s
	iters: 1200, epoch: 5 | loss: 0.1580828
	speed: 0.0079s/iter; time left: 52.6216s
	iters: 1300, epoch: 5 | loss: 0.2629178
	speed: 0.0080s/iter; time left: 52.6354s
Epoch: 5 cost time: 11.3 seconds
Epoch: 5, Steps: 1309 | Train Loss: 0.2627025 Vali Loss: 4.9065437 Test Loss: 5.8640671
Validation loss decreased (5.130047 --> 4.906544).  Saving model ...
Updating learning rate to 3.125e-05
	iters: 100, epoch: 6 | loss: 0.3418243
	speed: 0.0444s/iter; time left: 285.9739s
	iters: 200, epoch: 6 | loss: 0.2077932
	speed: 0.0077s/iter; time left: 48.8143s
	iters: 300, epoch: 6 | loss: 0.3264810
	speed: 0.0077s/iter; time left: 47.8959s
	iters: 400, epoch: 6 | loss: 0.2360594
	speed: 0.0078s/iter; time left: 48.1874s
	iters: 500, epoch: 6 | loss: 0.2968030
	speed: 0.0082s/iter; time left: 49.8341s
	iters: 600, epoch: 6 | loss: 0.3866631
	speed: 0.0082s/iter; time left: 48.6374s
	iters: 700, epoch: 6 | loss: 0.1699795
	speed: 0.0080s/iter; time left: 46.7562s
	iters: 800, epoch: 6 | loss: 0.2092359
	speed: 0.0077s/iter; time left: 44.4376s
	iters: 900, epoch: 6 | loss: 0.1683337
	speed: 0.0079s/iter; time left: 44.3743s
	iters: 1000, epoch: 6 | loss: 0.2046849
	speed: 0.0079s/iter; time left: 43.7644s
	iters: 1100, epoch: 6 | loss: 0.3493097
	speed: 0.0081s/iter; time left: 44.1046s
	iters: 1200, epoch: 6 | loss: 0.3023692
	speed: 0.0081s/iter; time left: 43.3222s
	iters: 1300, epoch: 6 | loss: 0.1739435
	speed: 0.0080s/iter; time left: 41.8710s
Epoch: 6 cost time: 10.7 seconds
Epoch: 6, Steps: 1309 | Train Loss: 0.2615408 Vali Loss: 5.0841680 Test Loss: 5.9500790
EarlyStopping counter: 1 out of 3
Updating learning rate to 1.5625e-05
	iters: 100, epoch: 7 | loss: 0.4597088
	speed: 0.0446s/iter; time left: 229.2359s
	iters: 200, epoch: 7 | loss: 0.5014609
	speed: 0.0072s/iter; time left: 36.1761s
	iters: 300, epoch: 7 | loss: 0.2143258
	speed: 0.0069s/iter; time left: 34.2803s
	iters: 400, epoch: 7 | loss: 0.1643950
	speed: 0.0077s/iter; time left: 37.4757s
	iters: 500, epoch: 7 | loss: 0.0883922
	speed: 0.0076s/iter; time left: 35.8991s
	iters: 600, epoch: 7 | loss: 0.3947160
	speed: 0.0074s/iter; time left: 34.2318s
	iters: 700, epoch: 7 | loss: 0.1093149
	speed: 0.0080s/iter; time left: 36.1291s
	iters: 800, epoch: 7 | loss: 0.8459967
	speed: 0.0078s/iter; time left: 34.3893s
	iters: 900, epoch: 7 | loss: 0.3764997
	speed: 0.0080s/iter; time left: 34.5050s
	iters: 1000, epoch: 7 | loss: 0.1349454
	speed: 0.0082s/iter; time left: 34.6051s
	iters: 1100, epoch: 7 | loss: 0.4472601
	speed: 0.0081s/iter; time left: 33.5813s
	iters: 1200, epoch: 7 | loss: 0.3221846
	speed: 0.0083s/iter; time left: 33.4894s
	iters: 1300, epoch: 7 | loss: 0.1900512
	speed: 0.0081s/iter; time left: 31.8948s
Epoch: 7 cost time: 10.4 seconds
Epoch: 7, Steps: 1309 | Train Loss: 0.2610540 Vali Loss: 4.9125786 Test Loss: 5.8454490
EarlyStopping counter: 2 out of 3
Updating learning rate to 7.8125e-06
	iters: 100, epoch: 8 | loss: 0.1995938
	speed: 0.0433s/iter; time left: 165.8118s
	iters: 200, epoch: 8 | loss: 0.1455617
	speed: 0.0086s/iter; time left: 31.8800s
	iters: 300, epoch: 8 | loss: 0.3600535
	speed: 0.0086s/iter; time left: 31.1233s
	iters: 400, epoch: 8 | loss: 0.1306580
	speed: 0.0086s/iter; time left: 30.1915s
	iters: 500, epoch: 8 | loss: 0.1399751
	speed: 0.0086s/iter; time left: 29.6280s
	iters: 600, epoch: 8 | loss: 0.3631370
	speed: 0.0081s/iter; time left: 27.0362s
	iters: 700, epoch: 8 | loss: 0.1878491
	speed: 0.0077s/iter; time left: 24.9923s
	iters: 800, epoch: 8 | loss: 0.3064262
	speed: 0.0078s/iter; time left: 24.5212s
	iters: 900, epoch: 8 | loss: 0.1639685
	speed: 0.0078s/iter; time left: 23.6055s
	iters: 1000, epoch: 8 | loss: 0.1353902
	speed: 0.0081s/iter; time left: 23.6637s
	iters: 1100, epoch: 8 | loss: 0.2195130
	speed: 0.0078s/iter; time left: 22.1761s
	iters: 1200, epoch: 8 | loss: 0.2480536
	speed: 0.0079s/iter; time left: 21.4644s
	iters: 1300, epoch: 8 | loss: 0.1297662
	speed: 0.0080s/iter; time left: 20.9552s
Epoch: 8 cost time: 10.9 seconds
Epoch: 8, Steps: 1309 | Train Loss: 0.2606354 Vali Loss: 4.8582811 Test Loss: 5.8239093
Validation loss decreased (4.906544 --> 4.858281).  Saving model ...
Updating learning rate to 3.90625e-06
	iters: 100, epoch: 9 | loss: 0.1850584
	speed: 0.0434s/iter; time left: 109.4333s
	iters: 200, epoch: 9 | loss: 0.1580353
	speed: 0.0079s/iter; time left: 19.0265s
	iters: 300, epoch: 9 | loss: 0.3215504
	speed: 0.0081s/iter; time left: 18.8753s
	iters: 400, epoch: 9 | loss: 0.1846099
	speed: 0.0079s/iter; time left: 17.6406s
	iters: 500, epoch: 9 | loss: 0.2047158
	speed: 0.0080s/iter; time left: 16.9982s
	iters: 600, epoch: 9 | loss: 0.1725250
	speed: 0.0077s/iter; time left: 15.5616s
	iters: 700, epoch: 9 | loss: 0.4493793
	speed: 0.0075s/iter; time left: 14.3936s
	iters: 800, epoch: 9 | loss: 0.1084250
	speed: 0.0076s/iter; time left: 13.8686s
	iters: 900, epoch: 9 | loss: 0.2889437
	speed: 0.0079s/iter; time left: 13.5370s
	iters: 1000, epoch: 9 | loss: 0.4973791
	speed: 0.0081s/iter; time left: 13.1930s
	iters: 1100, epoch: 9 | loss: 0.1015328
	speed: 0.0082s/iter; time left: 12.5316s
	iters: 1200, epoch: 9 | loss: 0.2268244
	speed: 0.0079s/iter; time left: 11.2497s
	iters: 1300, epoch: 9 | loss: 0.1202253
	speed: 0.0080s/iter; time left: 10.4889s
Epoch: 9 cost time: 10.7 seconds
Epoch: 9, Steps: 1309 | Train Loss: 0.2607334 Vali Loss: 4.9503837 Test Loss: 5.8736172
EarlyStopping counter: 1 out of 3
Updating learning rate to 1.953125e-06
	iters: 100, epoch: 10 | loss: 0.5772346
	speed: 0.0430s/iter; time left: 52.0817s
	iters: 200, epoch: 10 | loss: 0.1884373
	speed: 0.0080s/iter; time left: 8.8303s
	iters: 300, epoch: 10 | loss: 0.0939006
	speed: 0.0085s/iter; time left: 8.5494s
	iters: 400, epoch: 10 | loss: 0.3740151
	speed: 0.0082s/iter; time left: 7.4839s
	iters: 500, epoch: 10 | loss: 0.1889131
	speed: 0.0081s/iter; time left: 6.5919s
	iters: 600, epoch: 10 | loss: 0.2832585
	speed: 0.0083s/iter; time left: 5.9046s
	iters: 700, epoch: 10 | loss: 0.3437364
	speed: 0.0079s/iter; time left: 4.8279s
	iters: 800, epoch: 10 | loss: 0.2127910
	speed: 0.0078s/iter; time left: 3.9666s
	iters: 900, epoch: 10 | loss: 0.3193439
	speed: 0.0077s/iter; time left: 3.1386s
	iters: 1000, epoch: 10 | loss: 0.1673378
	speed: 0.0078s/iter; time left: 2.4094s
	iters: 1100, epoch: 10 | loss: 0.5601590
	speed: 0.0078s/iter; time left: 1.6483s
	iters: 1200, epoch: 10 | loss: 0.1928168
	speed: 0.0077s/iter; time left: 0.8456s
	iters: 1300, epoch: 10 | loss: 0.3127689
	speed: 0.0078s/iter; time left: 0.0782s
Epoch: 10 cost time: 10.7 seconds
Epoch: 10, Steps: 1309 | Train Loss: 0.2606158 Vali Loss: 4.9595037 Test Loss: 5.8909464
EarlyStopping counter: 2 out of 3
Updating learning rate to 9.765625e-07
>>>>>>>testing : DLinear_FITS_MRO_336_192_M_channels_6_DLinear_FITS_M_channels_6<<<<<<<<<<<<<<<<<<<<<<<<<<<<<<<<<
test 2953
DLinear_FITS_MRO_336_192_M_channels_6_DLinear_FITS_M_channels_6
Shapes: pred (2952, 192, 6), true (2952, 192, 6), naive_pred (2952, 192, 6)
Shapes: gt (369, 528), pd (369, 528), naive_pd (369, 528)
Final Metrics:
DLinear_FITS MSE: 5.823908   MAE: 1.696390   SE: 9.690765   RRMSE: 0.416967   RMAE: 0.293103   (numpy)
DLinear_FITS MSE: 5.823909   MAE: 1.696389   SE: 9.690765   RRMSE: 0.416967   RMAE: 0.293102   (torch)

Repeat       MSE: 6.562253   MAE: 1.653275   SE: 10.663110  RRMSE: 0.442609   RMAE: 0.285653   (numpy)
Repeat       MSE: 6.562253   MAE: 1.653276   SE: 10.663110  RRMSE: 0.442609   RMAE: 0.285653   (torch)


Model(
  (decomposition): SeriesDecomp(
    (moving_avg): MovingAvg(
      (avg): AvgPool1d(kernel_size=(25,), stride=(1,), padding=(0,))
    )
  )
  (fits): FITS(
    (frequency_upsampler): Linear(in_features=49, out_features=77, bias=True)
  )
  (Linear_Seasonal): Linear(in_features=336, out_features=192, bias=True)
  (Linear_Trend): Linear(in_features=336, out_features=192, bias=True)
)
