Args in experiment:
Namespace(is_training=1, model_id='DLinear_GD_336_720_M_channels_6', model='DLinear', data='custom', root_path='./dataset/', data_path='GD.csv', features='M', target='Adj Close', freq='h', checkpoints='./checkpoints/', seq_len=336, label_len=48, pred_len=720, individual=False, embed_type=0, enc_in=6, dec_in=7, c_out=7, d_model=512, n_heads=8, e_layers=2, d_layers=1, d_ff=2048, moving_avg=25, factor=1, distil=True, dropout=0.05, embed='timeF', activation='gelu', output_attention=False, do_predict=False, num_workers=10, itr=1, train_epochs=10, batch_size=8, patience=3, learning_rate=0.0005, des='Exp', loss='mse', lradj='type1', use_amp=False, use_gpu=True, gpu=0, use_multi_gpu=False, devices='0,1,2,3', test_flop=False)
DLinear_GD_336_720_M_channels_6_DLinear_M_channels_6
Using GPU: NVIDIA GeForce RTX 4070 (cuda:0):
>>>>>>>start training : DLinear_GD_336_720_M_channels_6_DLinear_M_channels_6>>>>>>>>>>>>>>>>>>>>>>>>>>
train 9951
val 855
test 2425
	iters: 100, epoch: 1 | loss: 0.1760104
	speed: 0.0210s/iter; time left: 258.9762s
	iters: 200, epoch: 1 | loss: 0.2274123
	speed: 0.0051s/iter; time left: 62.5700s
	iters: 300, epoch: 1 | loss: 0.3141623
	speed: 0.0056s/iter; time left: 68.0328s
	iters: 400, epoch: 1 | loss: 0.1513393
	speed: 0.0058s/iter; time left: 70.3127s
	iters: 500, epoch: 1 | loss: 0.1813389
	speed: 0.0058s/iter; time left: 68.8695s
	iters: 600, epoch: 1 | loss: 0.1417422
	speed: 0.0051s/iter; time left: 59.8703s
	iters: 700, epoch: 1 | loss: 0.2446039
	speed: 0.0054s/iter; time left: 63.0649s
	iters: 800, epoch: 1 | loss: 0.2449691
	speed: 0.0051s/iter; time left: 59.1264s
	iters: 900, epoch: 1 | loss: 0.1746274
	speed: 0.0051s/iter; time left: 58.6359s
	iters: 1000, epoch: 1 | loss: 0.1779449
	speed: 0.0050s/iter; time left: 56.5863s
	iters: 1100, epoch: 1 | loss: 0.2432223
	speed: 0.0053s/iter; time left: 60.3014s
	iters: 1200, epoch: 1 | loss: 0.1216469
	speed: 0.0057s/iter; time left: 64.2649s
Epoch: 1 cost time: 7.8 seconds
Epoch: 1, Steps: 1243 | Train Loss: 0.2129464 Vali Loss: 2.3902321 Test Loss: 8.9227972
Validation loss decreased (inf --> 2.390232).  Saving model ...
Updating learning rate to 0.0005
	iters: 100, epoch: 2 | loss: 0.1412720
	speed: 0.0351s/iter; time left: 388.7694s
	iters: 200, epoch: 2 | loss: 0.1454445
	speed: 0.0054s/iter; time left: 59.5630s
	iters: 300, epoch: 2 | loss: 0.3724120
	speed: 0.0053s/iter; time left: 58.2180s
	iters: 400, epoch: 2 | loss: 0.0981588
	speed: 0.0061s/iter; time left: 65.3615s
	iters: 500, epoch: 2 | loss: 0.1505203
	speed: 0.0054s/iter; time left: 57.4201s
	iters: 600, epoch: 2 | loss: 0.1387096
	speed: 0.0054s/iter; time left: 56.7792s
	iters: 700, epoch: 2 | loss: 0.3540902
	speed: 0.0057s/iter; time left: 59.4267s
	iters: 800, epoch: 2 | loss: 0.1236812
	speed: 0.0066s/iter; time left: 68.4332s
	iters: 900, epoch: 2 | loss: 0.2566308
	speed: 0.0072s/iter; time left: 73.7552s
	iters: 1000, epoch: 2 | loss: 0.2679160
	speed: 0.0057s/iter; time left: 58.5456s
	iters: 1100, epoch: 2 | loss: 0.1857785
	speed: 0.0058s/iter; time left: 58.4912s
	iters: 1200, epoch: 2 | loss: 0.1629711
	speed: 0.0057s/iter; time left: 56.4644s
Epoch: 2 cost time: 7.5 seconds
Epoch: 2, Steps: 1243 | Train Loss: 0.2084401 Vali Loss: 3.3736074 Test Loss: 9.1461334
EarlyStopping counter: 1 out of 3
Updating learning rate to 0.00025
	iters: 100, epoch: 3 | loss: 0.2001899
	speed: 0.0343s/iter; time left: 337.6603s
	iters: 200, epoch: 3 | loss: 0.1680348
	speed: 0.0051s/iter; time left: 49.8702s
	iters: 300, epoch: 3 | loss: 0.1975418
	speed: 0.0051s/iter; time left: 49.5969s
	iters: 400, epoch: 3 | loss: 0.3314029
	speed: 0.0050s/iter; time left: 47.3030s
	iters: 500, epoch: 3 | loss: 0.1395476
	speed: 0.0052s/iter; time left: 49.3673s
	iters: 600, epoch: 3 | loss: 0.1243514
	speed: 0.0061s/iter; time left: 56.9649s
	iters: 700, epoch: 3 | loss: 0.1032688
	speed: 0.0066s/iter; time left: 60.7915s
	iters: 800, epoch: 3 | loss: 0.2471213
	speed: 0.0058s/iter; time left: 53.0467s
	iters: 900, epoch: 3 | loss: 0.1594577
	speed: 0.0057s/iter; time left: 51.1942s
	iters: 1000, epoch: 3 | loss: 0.3088523
	speed: 0.0055s/iter; time left: 49.1052s
	iters: 1100, epoch: 3 | loss: 0.1261063
	speed: 0.0051s/iter; time left: 45.3683s
	iters: 1200, epoch: 3 | loss: 0.2446576
	speed: 0.0051s/iter; time left: 44.6628s
Epoch: 3 cost time: 7.1 seconds
Epoch: 3, Steps: 1243 | Train Loss: 0.2028592 Vali Loss: 2.5263987 Test Loss: 8.6215334
EarlyStopping counter: 2 out of 3
Updating learning rate to 0.000125
	iters: 100, epoch: 4 | loss: 0.1321580
	speed: 0.0360s/iter; time left: 309.3096s
	iters: 200, epoch: 4 | loss: 0.1290764
	speed: 0.0052s/iter; time left: 44.4369s
	iters: 300, epoch: 4 | loss: 0.1710081
	speed: 0.0056s/iter; time left: 47.2142s
	iters: 400, epoch: 4 | loss: 0.0991646
	speed: 0.0057s/iter; time left: 47.4181s
	iters: 500, epoch: 4 | loss: 0.1619388
	speed: 0.0060s/iter; time left: 49.2383s
	iters: 600, epoch: 4 | loss: 0.1469870
	speed: 0.0061s/iter; time left: 49.1070s
	iters: 700, epoch: 4 | loss: 0.1284906
	speed: 0.0060s/iter; time left: 48.2148s
	iters: 800, epoch: 4 | loss: 0.2018912
	speed: 0.0051s/iter; time left: 39.9279s
	iters: 900, epoch: 4 | loss: 0.2021622
	speed: 0.0051s/iter; time left: 40.1356s
	iters: 1000, epoch: 4 | loss: 0.1437152
	speed: 0.0050s/iter; time left: 38.2840s
	iters: 1100, epoch: 4 | loss: 0.2249230
	speed: 0.0052s/iter; time left: 39.7547s
	iters: 1200, epoch: 4 | loss: 0.1237066
	speed: 0.0051s/iter; time left: 38.4500s
Epoch: 4 cost time: 7.1 seconds
Epoch: 4, Steps: 1243 | Train Loss: 0.1993072 Vali Loss: 3.0828860 Test Loss: 8.6105824
EarlyStopping counter: 3 out of 3
Early stopping
>>>>>>>testing : DLinear_GD_336_720_M_channels_6_DLinear_M_channels_6<<<<<<<<<<<<<<<<<<<<<<<<<<<<<<<<<
test 2425
DLinear_GD_336_720_M_channels_6_DLinear_M_channels_6
Shapes: pred (2424, 720, 6), true (2424, 720, 6), naive_pred (2424, 720, 6)
Shapes: gt (303, 1056), pd (303, 1056), naive_pd (303, 1056)
Final Metrics:
DLinear      MSE: 8.922790   MAE: 2.340626   SE: 15.157047  RRMSE: 0.297043   RMAE: 0.232756   (numpy)
DLinear      MSE: 8.922798   MAE: 2.340625   SE: 15.157047  RRMSE: 0.297043   RMAE: 0.232756   (torch)

Repeat       MSE: 9.859303   MAE: 2.366078   SE: 21.450809  RRMSE: 0.312242   RMAE: 0.235287   (numpy)
Repeat       MSE: 9.859306   MAE: 2.366079   SE: 21.450809  RRMSE: 0.312242   RMAE: 0.235287   (torch)

