Args in experiment:
Namespace(is_training=1, model_id='DLinear_GD_336_96_M_channels_6', model='DLinear', data='custom', root_path='./dataset/', data_path='GD.csv', features='M', target='Adj Close', freq='h', checkpoints='./checkpoints/', seq_len=336, label_len=48, pred_len=96, individual=False, embed_type=0, enc_in=6, dec_in=7, c_out=7, d_model=512, n_heads=8, e_layers=2, d_layers=1, d_ff=2048, moving_avg=25, factor=1, distil=True, dropout=0.05, embed='timeF', activation='gelu', output_attention=False, do_predict=False, num_workers=10, itr=1, train_epochs=10, batch_size=8, patience=3, learning_rate=0.0005, des='Exp', loss='mse', lradj='type1', use_amp=False, use_gpu=True, gpu=0, use_multi_gpu=False, devices='0,1,2,3', test_flop=False)
DLinear_GD_336_96_M_channels_6_DLinear_M_channels_6
Using GPU: NVIDIA GeForce RTX 4070 (cuda:0):
>>>>>>>start training : DLinear_GD_336_96_M_channels_6_DLinear_M_channels_6>>>>>>>>>>>>>>>>>>>>>>>>>>
train 10575
val 1479
test 3049
	iters: 100, epoch: 1 | loss: 0.1366591
	speed: 0.0191s/iter; time left: 250.5940s
	iters: 200, epoch: 1 | loss: 0.0756454
	speed: 0.0053s/iter; time left: 68.6081s
	iters: 300, epoch: 1 | loss: 0.1972686
	speed: 0.0050s/iter; time left: 65.0250s
	iters: 400, epoch: 1 | loss: 0.3555432
	speed: 0.0049s/iter; time left: 62.4281s
	iters: 500, epoch: 1 | loss: 0.1624660
	speed: 0.0049s/iter; time left: 62.0722s
	iters: 600, epoch: 1 | loss: 0.2594288
	speed: 0.0045s/iter; time left: 56.5639s
	iters: 700, epoch: 1 | loss: 0.1286401
	speed: 0.0048s/iter; time left: 59.6095s
	iters: 800, epoch: 1 | loss: 0.1671888
	speed: 0.0048s/iter; time left: 59.9401s
	iters: 900, epoch: 1 | loss: 0.1034430
	speed: 0.0074s/iter; time left: 91.1694s
	iters: 1000, epoch: 1 | loss: 0.2776391
	speed: 0.0063s/iter; time left: 76.9436s
	iters: 1100, epoch: 1 | loss: 0.1657756
	speed: 0.0055s/iter; time left: 66.2089s
	iters: 1200, epoch: 1 | loss: 0.0740769
	speed: 0.0048s/iter; time left: 57.1381s
	iters: 1300, epoch: 1 | loss: 0.0949381
	speed: 0.0047s/iter; time left: 56.0829s
Epoch: 1 cost time: 7.9 seconds
Epoch: 1, Steps: 1321 | Train Loss: 0.1518404 Vali Loss: 0.6458138 Test Loss: 1.5761882
Validation loss decreased (inf --> 0.645814).  Saving model ...
Updating learning rate to 0.0005
	iters: 100, epoch: 2 | loss: 0.2698004
	speed: 0.0382s/iter; time left: 450.4690s
	iters: 200, epoch: 2 | loss: 0.1340113
	speed: 0.0053s/iter; time left: 61.3760s
	iters: 300, epoch: 2 | loss: 0.1175980
	speed: 0.0055s/iter; time left: 63.5172s
	iters: 400, epoch: 2 | loss: 0.1768750
	speed: 0.0052s/iter; time left: 59.2318s
	iters: 500, epoch: 2 | loss: 0.2455011
	speed: 0.0053s/iter; time left: 60.6887s
	iters: 600, epoch: 2 | loss: 0.1599774
	speed: 0.0052s/iter; time left: 58.4809s
	iters: 700, epoch: 2 | loss: 0.1691250
	speed: 0.0057s/iter; time left: 63.6357s
	iters: 800, epoch: 2 | loss: 0.1084195
	speed: 0.0053s/iter; time left: 58.2546s
	iters: 900, epoch: 2 | loss: 0.2303998
	speed: 0.0051s/iter; time left: 55.6796s
	iters: 1000, epoch: 2 | loss: 0.0919464
	speed: 0.0050s/iter; time left: 54.7072s
	iters: 1100, epoch: 2 | loss: 0.0527432
	speed: 0.0053s/iter; time left: 57.6324s
	iters: 1200, epoch: 2 | loss: 0.1205998
	speed: 0.0064s/iter; time left: 68.6744s
	iters: 1300, epoch: 2 | loss: 0.1874155
	speed: 0.0057s/iter; time left: 60.8824s
Epoch: 2 cost time: 7.4 seconds
Epoch: 2, Steps: 1321 | Train Loss: 0.1479944 Vali Loss: 0.8438457 Test Loss: 2.6185424
EarlyStopping counter: 1 out of 3
Updating learning rate to 0.00025
	iters: 100, epoch: 3 | loss: 0.0781662
	speed: 0.0369s/iter; time left: 386.6305s
	iters: 200, epoch: 3 | loss: 0.1256829
	speed: 0.0051s/iter; time left: 53.1948s
	iters: 300, epoch: 3 | loss: 0.2339962
	speed: 0.0054s/iter; time left: 55.5491s
	iters: 400, epoch: 3 | loss: 0.0903029
	speed: 0.0054s/iter; time left: 54.4053s
	iters: 500, epoch: 3 | loss: 0.0901589
	speed: 0.0055s/iter; time left: 55.7212s
	iters: 600, epoch: 3 | loss: 0.1272031
	speed: 0.0058s/iter; time left: 57.3529s
	iters: 700, epoch: 3 | loss: 0.1117093
	speed: 0.0053s/iter; time left: 51.8934s
	iters: 800, epoch: 3 | loss: 0.1254874
	speed: 0.0054s/iter; time left: 52.3782s
	iters: 900, epoch: 3 | loss: 0.1079884
	speed: 0.0054s/iter; time left: 52.6889s
	iters: 1000, epoch: 3 | loss: 0.1043184
	speed: 0.0050s/iter; time left: 47.5607s
	iters: 1100, epoch: 3 | loss: 0.2433071
	speed: 0.0054s/iter; time left: 51.1989s
	iters: 1200, epoch: 3 | loss: 0.1779781
	speed: 0.0053s/iter; time left: 50.0624s
	iters: 1300, epoch: 3 | loss: 0.1097751
	speed: 0.0052s/iter; time left: 48.2553s
Epoch: 3 cost time: 7.3 seconds
Epoch: 3, Steps: 1321 | Train Loss: 0.1423535 Vali Loss: 0.6860341 Test Loss: 1.7119725
EarlyStopping counter: 2 out of 3
Updating learning rate to 0.000125
	iters: 100, epoch: 4 | loss: 0.2685190
	speed: 0.0375s/iter; time left: 343.2393s
	iters: 200, epoch: 4 | loss: 0.1108992
	speed: 0.0052s/iter; time left: 47.0014s
	iters: 300, epoch: 4 | loss: 0.1415721
	speed: 0.0050s/iter; time left: 45.1478s
	iters: 400, epoch: 4 | loss: 0.0825294
	speed: 0.0048s/iter; time left: 42.6010s
	iters: 500, epoch: 4 | loss: 0.1749737
	speed: 0.0049s/iter; time left: 42.6231s
	iters: 600, epoch: 4 | loss: 0.1177268
	speed: 0.0051s/iter; time left: 43.8837s
	iters: 700, epoch: 4 | loss: 0.0420335
	speed: 0.0052s/iter; time left: 44.7126s
	iters: 800, epoch: 4 | loss: 0.0884079
	speed: 0.0050s/iter; time left: 42.0240s
	iters: 900, epoch: 4 | loss: 0.0965770
	speed: 0.0050s/iter; time left: 41.8376s
	iters: 1000, epoch: 4 | loss: 0.1051392
	speed: 0.0051s/iter; time left: 41.9089s
	iters: 1100, epoch: 4 | loss: 0.1744889
	speed: 0.0059s/iter; time left: 47.7692s
	iters: 1200, epoch: 4 | loss: 0.0948922
	speed: 0.0062s/iter; time left: 49.5370s
	iters: 1300, epoch: 4 | loss: 0.1843859
	speed: 0.0055s/iter; time left: 44.0306s
Epoch: 4 cost time: 7.2 seconds
Epoch: 4, Steps: 1321 | Train Loss: 0.1394684 Vali Loss: 0.5747749 Test Loss: 1.4803421
Validation loss decreased (0.645814 --> 0.574775).  Saving model ...
Updating learning rate to 6.25e-05
	iters: 100, epoch: 5 | loss: 0.1228051
	speed: 0.0401s/iter; time left: 313.6835s
	iters: 200, epoch: 5 | loss: 0.1036916
	speed: 0.0064s/iter; time left: 49.7541s
	iters: 300, epoch: 5 | loss: 0.1460865
	speed: 0.0069s/iter; time left: 52.7188s
	iters: 400, epoch: 5 | loss: 0.1801666
	speed: 0.0051s/iter; time left: 38.3324s
	iters: 500, epoch: 5 | loss: 0.1659938
	speed: 0.0051s/iter; time left: 38.0509s
	iters: 600, epoch: 5 | loss: 0.0789826
	speed: 0.0053s/iter; time left: 39.1553s
	iters: 700, epoch: 5 | loss: 0.3926920
	speed: 0.0053s/iter; time left: 38.2330s
	iters: 800, epoch: 5 | loss: 0.0764247
	speed: 0.0048s/iter; time left: 34.3810s
	iters: 900, epoch: 5 | loss: 0.0913023
	speed: 0.0050s/iter; time left: 35.4395s
	iters: 1000, epoch: 5 | loss: 0.1975104
	speed: 0.0049s/iter; time left: 33.9736s
	iters: 1100, epoch: 5 | loss: 0.5738041
	speed: 0.0052s/iter; time left: 35.8238s
	iters: 1200, epoch: 5 | loss: 0.1132967
	speed: 0.0057s/iter; time left: 38.0173s
	iters: 1300, epoch: 5 | loss: 0.0919034
	speed: 0.0053s/iter; time left: 34.8960s
Epoch: 5 cost time: 7.6 seconds
Epoch: 5, Steps: 1321 | Train Loss: 0.1379685 Vali Loss: 0.5481648 Test Loss: 1.6590661
Validation loss decreased (0.574775 --> 0.548165).  Saving model ...
Updating learning rate to 3.125e-05
	iters: 100, epoch: 6 | loss: 0.0623154
	speed: 0.0390s/iter; time left: 253.8134s
	iters: 200, epoch: 6 | loss: 0.2042291
	speed: 0.0048s/iter; time left: 30.8911s
	iters: 300, epoch: 6 | loss: 0.0870386
	speed: 0.0050s/iter; time left: 31.7041s
	iters: 400, epoch: 6 | loss: 0.1244709
	speed: 0.0060s/iter; time left: 37.4844s
	iters: 500, epoch: 6 | loss: 0.1322196
	speed: 0.0062s/iter; time left: 37.7719s
	iters: 600, epoch: 6 | loss: 0.1198803
	speed: 0.0054s/iter; time left: 32.7214s
	iters: 700, epoch: 6 | loss: 0.1237935
	speed: 0.0053s/iter; time left: 31.0130s
	iters: 800, epoch: 6 | loss: 0.0854828
	speed: 0.0051s/iter; time left: 29.8794s
	iters: 900, epoch: 6 | loss: 0.1103275
	speed: 0.0054s/iter; time left: 30.8342s
	iters: 1000, epoch: 6 | loss: 0.0552635
	speed: 0.0055s/iter; time left: 31.0019s
	iters: 1100, epoch: 6 | loss: 0.3102516
	speed: 0.0054s/iter; time left: 29.5101s
	iters: 1200, epoch: 6 | loss: 0.2383037
	speed: 0.0051s/iter; time left: 27.7382s
	iters: 1300, epoch: 6 | loss: 0.0987848
	speed: 0.0053s/iter; time left: 27.9752s
Epoch: 6 cost time: 7.4 seconds
Epoch: 6, Steps: 1321 | Train Loss: 0.1368640 Vali Loss: 0.5873007 Test Loss: 1.3984795
EarlyStopping counter: 1 out of 3
Updating learning rate to 1.5625e-05
	iters: 100, epoch: 7 | loss: 0.1163006
	speed: 0.0386s/iter; time left: 200.2156s
	iters: 200, epoch: 7 | loss: 0.0695790
	speed: 0.0050s/iter; time left: 25.4382s
	iters: 300, epoch: 7 | loss: 0.0741510
	speed: 0.0052s/iter; time left: 25.9178s
	iters: 400, epoch: 7 | loss: 0.2351599
	speed: 0.0050s/iter; time left: 24.5939s
	iters: 500, epoch: 7 | loss: 0.1387551
	speed: 0.0051s/iter; time left: 24.3609s
	iters: 600, epoch: 7 | loss: 0.0872221
	speed: 0.0053s/iter; time left: 24.6681s
	iters: 700, epoch: 7 | loss: 0.1071366
	speed: 0.0052s/iter; time left: 23.8799s
	iters: 800, epoch: 7 | loss: 0.1441773
	speed: 0.0055s/iter; time left: 24.8181s
	iters: 900, epoch: 7 | loss: 0.0885473
	speed: 0.0057s/iter; time left: 25.2072s
	iters: 1000, epoch: 7 | loss: 0.1007740
	speed: 0.0054s/iter; time left: 23.0468s
	iters: 1100, epoch: 7 | loss: 0.1567765
	speed: 0.0054s/iter; time left: 22.5434s
	iters: 1200, epoch: 7 | loss: 0.0997414
	speed: 0.0052s/iter; time left: 21.2076s
	iters: 1300, epoch: 7 | loss: 0.1358576
	speed: 0.0052s/iter; time left: 20.8496s
Epoch: 7 cost time: 7.2 seconds
Epoch: 7, Steps: 1321 | Train Loss: 0.1363744 Vali Loss: 0.5777613 Test Loss: 1.3619212
EarlyStopping counter: 2 out of 3
Updating learning rate to 7.8125e-06
	iters: 100, epoch: 8 | loss: 0.2072470
	speed: 0.0392s/iter; time left: 151.2942s
	iters: 200, epoch: 8 | loss: 0.1271916
	speed: 0.0058s/iter; time left: 22.0162s
	iters: 300, epoch: 8 | loss: 0.1005979
	speed: 0.0059s/iter; time left: 21.7155s
	iters: 400, epoch: 8 | loss: 0.1151000
	speed: 0.0053s/iter; time left: 18.9209s
	iters: 500, epoch: 8 | loss: 0.1118343
	speed: 0.0053s/iter; time left: 18.3100s
	iters: 600, epoch: 8 | loss: 0.1449618
	speed: 0.0053s/iter; time left: 17.8855s
	iters: 700, epoch: 8 | loss: 0.1432892
	speed: 0.0055s/iter; time left: 18.0795s
	iters: 800, epoch: 8 | loss: 0.0803789
	speed: 0.0054s/iter; time left: 17.1953s
	iters: 900, epoch: 8 | loss: 0.3738191
	speed: 0.0051s/iter; time left: 15.7260s
	iters: 1000, epoch: 8 | loss: 0.1219222
	speed: 0.0050s/iter; time left: 14.7145s
	iters: 1100, epoch: 8 | loss: 0.1779088
	speed: 0.0060s/iter; time left: 17.0641s
	iters: 1200, epoch: 8 | loss: 0.3586248
	speed: 0.0056s/iter; time left: 15.4914s
	iters: 1300, epoch: 8 | loss: 0.0953898
	speed: 0.0048s/iter; time left: 12.6956s
Epoch: 8 cost time: 7.4 seconds
Epoch: 8, Steps: 1321 | Train Loss: 0.1361518 Vali Loss: 0.5672497 Test Loss: 1.3529884
EarlyStopping counter: 3 out of 3
Early stopping
>>>>>>>testing : DLinear_GD_336_96_M_channels_6_DLinear_M_channels_6<<<<<<<<<<<<<<<<<<<<<<<<<<<<<<<<<
test 3049
DLinear_GD_336_96_M_channels_6_DLinear_M_channels_6
Shapes: pred (3048, 96, 6), true (3048, 96, 6), naive_pred (3048, 96, 6)
Shapes: gt (381, 432), pd (381, 432), naive_pd (381, 432)
Final Metrics:
DLinear      MSE: 1.659066   MAE: 0.947787   SE: 2.356202   RRMSE: 0.129294   RMAE: 0.095139   (numpy)
DLinear      MSE: 1.659066   MAE: 0.947787   SE: 2.356202   RRMSE: 0.129294   RMAE: 0.095139   (torch)

Repeat       MSE: 1.196488   MAE: 0.763345   SE: 2.283030   RRMSE: 0.109800   RMAE: 0.076625   (numpy)
Repeat       MSE: 1.196488   MAE: 0.763345   SE: 2.283030   RRMSE: 0.109800   RMAE: 0.076625   (torch)

