Args in experiment:
Namespace(is_training=1, model_id='DLinear_FITS_GD_336_720_M_channels_6', model='DLinear_FITS', data='custom', root_path='./dataset/', data_path='GD.csv', features='M', target='Adj Close', freq='h', checkpoints='./checkpoints/', seq_len=336, label_len=48, pred_len=720, individual=False, embed_type=0, enc_in=6, dec_in=7, c_out=7, d_model=512, n_heads=8, e_layers=2, d_layers=1, d_ff=2048, moving_avg=25, factor=1, distil=True, dropout=0.05, embed='timeF', activation='gelu', output_attention=False, do_predict=False, num_workers=10, itr=1, train_epochs=10, batch_size=8, patience=3, learning_rate=0.0005, des='Exp', loss='mse', lradj='type1', use_amp=False, use_gpu=True, gpu=0, use_multi_gpu=False, devices='0,1,2,3', test_flop=False)
DLinear_FITS_GD_336_720_M_channels_6_DLinear_FITS_M_channels_6
Using GPU: NVIDIA GeForce RTX 4070 (cuda:0):
FITS cutoff frequency: 49
>>>>>>>start training : DLinear_FITS_GD_336_720_M_channels_6_DLinear_FITS_M_channels_6>>>>>>>>>>>>>>>>>>>>>>>>>>
train 9951
val 855
test 2425
	iters: 100, epoch: 1 | loss: 0.5164461
	speed: 0.0192s/iter; time left: 236.5153s
	iters: 200, epoch: 1 | loss: 0.3034648
	speed: 0.0067s/iter; time left: 82.1787s
	iters: 300, epoch: 1 | loss: 0.2870093
	speed: 0.0069s/iter; time left: 83.1946s
	iters: 400, epoch: 1 | loss: 0.2469262
	speed: 0.0071s/iter; time left: 84.8982s
	iters: 500, epoch: 1 | loss: 0.3828526
	speed: 0.0067s/iter; time left: 80.3934s
	iters: 600, epoch: 1 | loss: 0.1756218
	speed: 0.0068s/iter; time left: 80.4503s
	iters: 700, epoch: 1 | loss: 0.4203649
	speed: 0.0065s/iter; time left: 76.3183s
	iters: 800, epoch: 1 | loss: 0.2644044
	speed: 0.0066s/iter; time left: 76.6245s
	iters: 900, epoch: 1 | loss: 0.1909019
	speed: 0.0066s/iter; time left: 75.5478s
	iters: 1000, epoch: 1 | loss: 0.1555254
	speed: 0.0067s/iter; time left: 76.8220s
	iters: 1100, epoch: 1 | loss: 0.1481986
	speed: 0.0073s/iter; time left: 82.7638s
	iters: 1200, epoch: 1 | loss: 0.2056989
	speed: 0.0072s/iter; time left: 80.5400s
Epoch: 1 cost time: 9.4 seconds
Epoch: 1, Steps: 1243 | Train Loss: 0.2637481 Vali Loss: 3.1408751 Test Loss: 9.7548313
Validation loss decreased (inf --> 3.140875).  Saving model ...
Updating learning rate to 0.0005
	iters: 100, epoch: 2 | loss: 0.2131771
	speed: 0.0391s/iter; time left: 433.1991s
	iters: 200, epoch: 2 | loss: 0.1383888
	speed: 0.0069s/iter; time left: 75.9111s
	iters: 300, epoch: 2 | loss: 0.1297596
	speed: 0.0077s/iter; time left: 83.9775s
	iters: 400, epoch: 2 | loss: 0.1980054
	speed: 0.0074s/iter; time left: 79.9404s
	iters: 500, epoch: 2 | loss: 0.1820367
	speed: 0.0070s/iter; time left: 75.0221s
	iters: 600, epoch: 2 | loss: 0.1812958
	speed: 0.0070s/iter; time left: 74.4318s
	iters: 700, epoch: 2 | loss: 0.2172672
	speed: 0.0066s/iter; time left: 69.3807s
	iters: 800, epoch: 2 | loss: 0.1479618
	speed: 0.0069s/iter; time left: 72.0842s
	iters: 900, epoch: 2 | loss: 0.1274707
	speed: 0.0069s/iter; time left: 70.5555s
	iters: 1000, epoch: 2 | loss: 0.2702086
	speed: 0.0070s/iter; time left: 71.2586s
	iters: 1100, epoch: 2 | loss: 0.2534910
	speed: 0.0067s/iter; time left: 67.8954s
	iters: 1200, epoch: 2 | loss: 0.1761867
	speed: 0.0067s/iter; time left: 67.2431s
Epoch: 2 cost time: 9.1 seconds
Epoch: 2, Steps: 1243 | Train Loss: 0.2160032 Vali Loss: 2.4730132 Test Loss: 8.8890944
Validation loss decreased (3.140875 --> 2.473013).  Saving model ...
Updating learning rate to 0.00025
	iters: 100, epoch: 3 | loss: 0.2386824
	speed: 0.0396s/iter; time left: 390.3430s
	iters: 200, epoch: 3 | loss: 0.1914589
	speed: 0.0074s/iter; time left: 71.8471s
	iters: 300, epoch: 3 | loss: 0.1164920
	speed: 0.0070s/iter; time left: 67.5651s
	iters: 400, epoch: 3 | loss: 0.1516962
	speed: 0.0073s/iter; time left: 69.2956s
	iters: 500, epoch: 3 | loss: 0.1700666
	speed: 0.0073s/iter; time left: 68.5507s
	iters: 600, epoch: 3 | loss: 0.2126269
	speed: 0.0071s/iter; time left: 66.7542s
	iters: 700, epoch: 3 | loss: 0.1375730
	speed: 0.0070s/iter; time left: 64.8332s
	iters: 800, epoch: 3 | loss: 0.1309567
	speed: 0.0074s/iter; time left: 68.0960s
	iters: 900, epoch: 3 | loss: 0.2166466
	speed: 0.0070s/iter; time left: 63.5120s
	iters: 1000, epoch: 3 | loss: 0.1372739
	speed: 0.0071s/iter; time left: 63.2324s
	iters: 1100, epoch: 3 | loss: 0.2161793
	speed: 0.0071s/iter; time left: 62.4381s
	iters: 1200, epoch: 3 | loss: 0.1856043
	speed: 0.0069s/iter; time left: 60.0600s
Epoch: 3 cost time: 9.2 seconds
Epoch: 3, Steps: 1243 | Train Loss: 0.2056321 Vali Loss: 2.9895840 Test Loss: 8.9472179
EarlyStopping counter: 1 out of 3
Updating learning rate to 0.000125
	iters: 100, epoch: 4 | loss: 0.1378328
	speed: 0.0413s/iter; time left: 355.0381s
	iters: 200, epoch: 4 | loss: 0.1729954
	speed: 0.0069s/iter; time left: 58.5093s
	iters: 300, epoch: 4 | loss: 0.1824022
	speed: 0.0068s/iter; time left: 56.8369s
	iters: 400, epoch: 4 | loss: 0.1518869
	speed: 0.0070s/iter; time left: 58.1612s
	iters: 500, epoch: 4 | loss: 0.1290949
	speed: 0.0069s/iter; time left: 56.5647s
	iters: 600, epoch: 4 | loss: 0.3789701
	speed: 0.0068s/iter; time left: 55.2055s
	iters: 700, epoch: 4 | loss: 0.2347559
	speed: 0.0076s/iter; time left: 60.5267s
	iters: 800, epoch: 4 | loss: 0.1569920
	speed: 0.0072s/iter; time left: 56.9116s
	iters: 900, epoch: 4 | loss: 0.2574250
	speed: 0.0072s/iter; time left: 56.1335s
	iters: 1000, epoch: 4 | loss: 0.1626013
	speed: 0.0073s/iter; time left: 56.5334s
	iters: 1100, epoch: 4 | loss: 0.1344456
	speed: 0.0069s/iter; time left: 52.6077s
	iters: 1200, epoch: 4 | loss: 0.2254262
	speed: 0.0068s/iter; time left: 50.9635s
Epoch: 4 cost time: 9.1 seconds
Epoch: 4, Steps: 1243 | Train Loss: 0.2014759 Vali Loss: 2.9000664 Test Loss: 8.6033831
EarlyStopping counter: 2 out of 3
Updating learning rate to 6.25e-05
	iters: 100, epoch: 5 | loss: 0.2336131
	speed: 0.0411s/iter; time left: 302.4582s
	iters: 200, epoch: 5 | loss: 0.1724883
	speed: 0.0074s/iter; time left: 53.7487s
	iters: 300, epoch: 5 | loss: 0.2356585
	speed: 0.0068s/iter; time left: 48.6011s
	iters: 400, epoch: 5 | loss: 0.1992033
	speed: 0.0067s/iter; time left: 47.1233s
	iters: 500, epoch: 5 | loss: 0.2855867
	speed: 0.0081s/iter; time left: 56.4353s
	iters: 600, epoch: 5 | loss: 0.1764886
	speed: 0.0069s/iter; time left: 47.2705s
	iters: 700, epoch: 5 | loss: 0.5366049
	speed: 0.0066s/iter; time left: 44.2807s
	iters: 800, epoch: 5 | loss: 0.1376627
	speed: 0.0073s/iter; time left: 48.6320s
	iters: 900, epoch: 5 | loss: 0.1287838
	speed: 0.0067s/iter; time left: 44.2323s
	iters: 1000, epoch: 5 | loss: 0.2520995
	speed: 0.0068s/iter; time left: 44.1557s
	iters: 1100, epoch: 5 | loss: 0.1588884
	speed: 0.0082s/iter; time left: 51.9448s
	iters: 1200, epoch: 5 | loss: 0.1305678
	speed: 0.0074s/iter; time left: 46.5152s
Epoch: 5 cost time: 9.3 seconds
Epoch: 5, Steps: 1243 | Train Loss: 0.1990310 Vali Loss: 3.0792463 Test Loss: 8.6091442
EarlyStopping counter: 3 out of 3
Early stopping
>>>>>>>testing : DLinear_FITS_GD_336_720_M_channels_6_DLinear_FITS_M_channels_6<<<<<<<<<<<<<<<<<<<<<<<<<<<<<<<<<
test 2425
DLinear_FITS_GD_336_720_M_channels_6_DLinear_FITS_M_channels_6
Shapes: pred (2424, 720, 6), true (2424, 720, 6), naive_pred (2424, 720, 6)
Shapes: gt (303, 1056), pd (303, 1056), naive_pd (303, 1056)
Final Metrics:
DLinear_FITS MSE: 8.889093   MAE: 2.322566   SE: 15.236304  RRMSE: 0.296481   RMAE: 0.230960   (numpy)
DLinear_FITS MSE: 8.889093   MAE: 2.322566   SE: 15.236303  RRMSE: 0.296481   RMAE: 0.230960   (torch)

Repeat       MSE: 9.859303   MAE: 2.366078   SE: 21.450809  RRMSE: 0.312242   RMAE: 0.235287   (numpy)
Repeat       MSE: 9.859306   MAE: 2.366079   SE: 21.450809  RRMSE: 0.312242   RMAE: 0.235287   (torch)


Model(
  (decomposition): SeriesDecomp(
    (moving_avg): MovingAvg(
      (avg): AvgPool1d(kernel_size=(25,), stride=(1,), padding=(0,))
    )
  )
  (fits): FITS(
    (frequency_upsampler): Linear(in_features=49, out_features=154, bias=True)
  )
  (Linear_Seasonal): Linear(in_features=336, out_features=720, bias=True)
  (Linear_Trend): Linear(in_features=336, out_features=720, bias=True)
)
