Args in experiment:
Namespace(is_training=1, model_id='DLinear_exchange_rate_336_192_M_channels_7', model='DLinear', data='custom', root_path='./dataset/', data_path='exchange_rate.csv', features='M', target='OT', freq='h', checkpoints='./checkpoints/', seq_len=336, label_len=48, pred_len=192, individual=False, embed_type=0, enc_in=7, dec_in=7, c_out=7, d_model=512, n_heads=8, e_layers=2, d_layers=1, d_ff=2048, moving_avg=25, factor=1, distil=True, dropout=0.05, embed='timeF', activation='gelu', output_attention=False, do_predict=False, num_workers=10, itr=1, train_epochs=10, batch_size=8, patience=3, learning_rate=0.0005, des='Exp', loss='mse', lradj='type1', use_amp=False, use_gpu=True, gpu=0, use_multi_gpu=False, devices='0,1,2,3', test_flop=False)
DLinear_exchange_rate_336_192_M_channels_7_DLinear_M_channels_7
Using GPU: NVIDIA GeForce RTX 4070 (cuda:0):
>>>>>>>start training : DLinear_exchange_rate_336_192_M_channels_7_DLinear_M_channels_7>>>>>>>>>>>>>>>>>>>>>>>>>>
train 4784
val 569
test 1326
	iters: 100, epoch: 1 | loss: 0.3405798
	speed: 0.0217s/iter; time left: 127.6159s
	iters: 200, epoch: 1 | loss: 0.2216359
	speed: 0.0054s/iter; time left: 31.3472s
	iters: 300, epoch: 1 | loss: 0.1355369
	speed: 0.0049s/iter; time left: 28.0470s
	iters: 400, epoch: 1 | loss: 0.1655189
	speed: 0.0052s/iter; time left: 29.0743s
	iters: 500, epoch: 1 | loss: 0.1325986
	speed: 0.0051s/iter; time left: 27.7161s
Epoch: 1 cost time: 4.2 seconds
Epoch: 1, Steps: 598 | Train Loss: 0.2597717 Vali Loss: 0.3463848 Test Loss: 0.1691165
Validation loss decreased (inf --> 0.346385).  Saving model ...
Updating learning rate to 0.0005
	iters: 100, epoch: 2 | loss: 0.2398291
	speed: 0.0274s/iter; time left: 144.6026s
	iters: 200, epoch: 2 | loss: 0.2218518
	speed: 0.0058s/iter; time left: 29.8647s
	iters: 300, epoch: 2 | loss: 0.3375618
	speed: 0.0054s/iter; time left: 27.4023s
	iters: 400, epoch: 2 | loss: 0.2053636
	speed: 0.0050s/iter; time left: 25.0179s
	iters: 500, epoch: 2 | loss: 0.2688615
	speed: 0.0048s/iter; time left: 23.3773s
Epoch: 2 cost time: 3.4 seconds
Epoch: 2, Steps: 598 | Train Loss: 0.2395272 Vali Loss: 0.5123683 Test Loss: 0.2360639
EarlyStopping counter: 1 out of 3
Updating learning rate to 0.00025
	iters: 100, epoch: 3 | loss: 0.1501812
	speed: 0.0308s/iter; time left: 144.0889s
	iters: 200, epoch: 3 | loss: 0.2061830
	speed: 0.0051s/iter; time left: 23.2647s
	iters: 300, epoch: 3 | loss: 0.1490901
	speed: 0.0049s/iter; time left: 22.1119s
	iters: 400, epoch: 3 | loss: 0.2208546
	speed: 0.0053s/iter; time left: 23.0475s
	iters: 500, epoch: 3 | loss: 0.4098479
	speed: 0.0052s/iter; time left: 22.4262s
Epoch: 3 cost time: 3.4 seconds
Epoch: 3, Steps: 598 | Train Loss: 0.2315150 Vali Loss: 0.4634956 Test Loss: 0.2107308
EarlyStopping counter: 2 out of 3
Updating learning rate to 0.000125
	iters: 100, epoch: 4 | loss: 0.2696296
	speed: 0.0302s/iter; time left: 123.2913s
	iters: 200, epoch: 4 | loss: 0.1486087
	speed: 0.0055s/iter; time left: 22.0044s
	iters: 300, epoch: 4 | loss: 0.4577914
	speed: 0.0053s/iter; time left: 20.7394s
	iters: 400, epoch: 4 | loss: 0.1507985
	speed: 0.0057s/iter; time left: 21.5354s
	iters: 500, epoch: 4 | loss: 0.3650820
	speed: 0.0058s/iter; time left: 21.4941s
Epoch: 4 cost time: 3.6 seconds
Epoch: 4, Steps: 598 | Train Loss: 0.2294377 Vali Loss: 0.3366859 Test Loss: 0.1565506
Validation loss decreased (0.346385 --> 0.336686).  Saving model ...
Updating learning rate to 6.25e-05
	iters: 100, epoch: 5 | loss: 0.2385502
	speed: 0.0330s/iter; time left: 115.0004s
	iters: 200, epoch: 5 | loss: 0.1003732
	speed: 0.0049s/iter; time left: 16.6319s
	iters: 300, epoch: 5 | loss: 0.1030575
	speed: 0.0047s/iter; time left: 15.4217s
	iters: 400, epoch: 5 | loss: 0.3846228
	speed: 0.0052s/iter; time left: 16.4852s
	iters: 500, epoch: 5 | loss: 0.2011589
	speed: 0.0074s/iter; time left: 22.8853s
Epoch: 5 cost time: 3.7 seconds
Epoch: 5, Steps: 598 | Train Loss: 0.2274056 Vali Loss: 0.3764119 Test Loss: 0.1699707
EarlyStopping counter: 1 out of 3
Updating learning rate to 3.125e-05
	iters: 100, epoch: 6 | loss: 0.2290255
	speed: 0.0283s/iter; time left: 81.7452s
	iters: 200, epoch: 6 | loss: 0.1796125
	speed: 0.0056s/iter; time left: 15.7145s
	iters: 300, epoch: 6 | loss: 0.2631630
	speed: 0.0059s/iter; time left: 15.8386s
	iters: 400, epoch: 6 | loss: 0.1606351
	speed: 0.0060s/iter; time left: 15.5791s
	iters: 500, epoch: 6 | loss: 0.1388784
	speed: 0.0051s/iter; time left: 12.7181s
Epoch: 6 cost time: 3.6 seconds
Epoch: 6, Steps: 598 | Train Loss: 0.2265518 Vali Loss: 0.4643627 Test Loss: 0.2031434
EarlyStopping counter: 2 out of 3
Updating learning rate to 1.5625e-05
	iters: 100, epoch: 7 | loss: 0.2776124
	speed: 0.0289s/iter; time left: 66.3455s
	iters: 200, epoch: 7 | loss: 0.2786477
	speed: 0.0050s/iter; time left: 11.0595s
	iters: 300, epoch: 7 | loss: 0.1753372
	speed: 0.0055s/iter; time left: 11.4917s
	iters: 400, epoch: 7 | loss: 0.2401849
	speed: 0.0055s/iter; time left: 11.0470s
	iters: 500, epoch: 7 | loss: 0.1718253
	speed: 0.0054s/iter; time left: 10.3008s
Epoch: 7 cost time: 3.5 seconds
Epoch: 7, Steps: 598 | Train Loss: 0.2261336 Vali Loss: 0.4475587 Test Loss: 0.1969490
EarlyStopping counter: 3 out of 3
Early stopping
>>>>>>>testing : DLinear_exchange_rate_336_192_M_channels_7_DLinear_M_channels_7<<<<<<<<<<<<<<<<<<<<<<<<<<<<<<<<<
test 1326
DLinear_exchange_rate_336_192_M_channels_7_DLinear_M_channels_7
Shapes: pred (1320, 192, 8), true (1320, 192, 8), naive_pred (1320, 192, 8)
Shapes: gt (165, 528), pd (165, 528), naive_pd (165, 528)
Final Metrics:
DLinear      MSE: 0.156551   MAE: 0.292893   SE: 0.321326   RRMSE: 0.275090   RMAE: 0.203636   (numpy)
DLinear      MSE: 0.156551   MAE: 0.292893   SE: 0.321326   RRMSE: 0.275090   RMAE: 0.203637   (torch)

Repeat       MSE: 0.166919   MAE: 0.288571   SE: 0.342343   RRMSE: 0.284054   RMAE: 0.200632   (numpy)
Repeat       MSE: 0.166919   MAE: 0.288571   SE: 0.342343   RRMSE: 0.284054   RMAE: 0.200632   (torch)

