Args in experiment:
Namespace(is_training=1, model_id='DLinear_MRO_336_720_M_channels_6', model='DLinear', data='custom', root_path='./dataset/', data_path='MRO.csv', features='M', target='Adj Close', freq='h', checkpoints='./checkpoints/', seq_len=336, label_len=48, pred_len=720, individual=False, embed_type=0, enc_in=6, dec_in=7, c_out=7, d_model=512, n_heads=8, e_layers=2, d_layers=1, d_ff=2048, moving_avg=25, factor=1, distil=True, dropout=0.05, embed='timeF', activation='gelu', output_attention=False, do_predict=False, num_workers=10, itr=1, train_epochs=10, batch_size=8, patience=3, learning_rate=0.0005, des='Exp', loss='mse', lradj='type1', use_amp=False, use_gpu=True, gpu=0, use_multi_gpu=False, devices='0,1,2,3', test_flop=False)
DLinear_MRO_336_720_M_channels_6_DLinear_M_channels_6
Using GPU: NVIDIA GeForce RTX 4070 (cuda:0):
>>>>>>>start training : DLinear_MRO_336_720_M_channels_6_DLinear_M_channels_6>>>>>>>>>>>>>>>>>>>>>>>>>>
train 9951
val 855
test 2425
	iters: 100, epoch: 1 | loss: 0.3975362
	speed: 0.0188s/iter; time left: 231.3702s
	iters: 200, epoch: 1 | loss: 0.5011623
	speed: 0.0049s/iter; time left: 60.3489s
	iters: 300, epoch: 1 | loss: 0.6312414
	speed: 0.0054s/iter; time left: 66.0213s
	iters: 400, epoch: 1 | loss: 0.5843028
	speed: 0.0051s/iter; time left: 60.8514s
	iters: 500, epoch: 1 | loss: 0.6720627
	speed: 0.0050s/iter; time left: 59.4271s
	iters: 600, epoch: 1 | loss: 0.8016194
	speed: 0.0052s/iter; time left: 61.9024s
	iters: 700, epoch: 1 | loss: 0.7538012
	speed: 0.0048s/iter; time left: 55.9648s
	iters: 800, epoch: 1 | loss: 0.4197841
	speed: 0.0049s/iter; time left: 56.6602s
	iters: 900, epoch: 1 | loss: 0.7081050
	speed: 0.0050s/iter; time left: 58.0975s
	iters: 1000, epoch: 1 | loss: 0.4936168
	speed: 0.0057s/iter; time left: 65.2532s
	iters: 1100, epoch: 1 | loss: 0.6920013
	speed: 0.0054s/iter; time left: 61.4778s
	iters: 1200, epoch: 1 | loss: 0.4175386
	speed: 0.0055s/iter; time left: 61.6316s
Epoch: 1 cost time: 7.4 seconds
Epoch: 1, Steps: 1243 | Train Loss: 0.5299194 Vali Loss: 13.7945986 Test Loss: 16.7829113
Validation loss decreased (inf --> 13.794599).  Saving model ...
Updating learning rate to 0.0005
	iters: 100, epoch: 2 | loss: 0.3866659
	speed: 0.0366s/iter; time left: 405.8116s
	iters: 200, epoch: 2 | loss: 0.6162459
	speed: 0.0056s/iter; time left: 61.0606s
	iters: 300, epoch: 2 | loss: 0.7636597
	speed: 0.0055s/iter; time left: 60.2227s
	iters: 400, epoch: 2 | loss: 0.2924648
	speed: 0.0057s/iter; time left: 61.6566s
	iters: 500, epoch: 2 | loss: 0.6081477
	speed: 0.0056s/iter; time left: 60.3312s
	iters: 600, epoch: 2 | loss: 0.5395237
	speed: 0.0056s/iter; time left: 59.0516s
	iters: 700, epoch: 2 | loss: 0.8658700
	speed: 0.0053s/iter; time left: 55.1312s
	iters: 800, epoch: 2 | loss: 0.4218726
	speed: 0.0058s/iter; time left: 60.2857s
	iters: 900, epoch: 2 | loss: 0.5613708
	speed: 0.0056s/iter; time left: 57.5676s
	iters: 1000, epoch: 2 | loss: 0.6244146
	speed: 0.0055s/iter; time left: 55.8724s
	iters: 1100, epoch: 2 | loss: 0.6615310
	speed: 0.0057s/iter; time left: 57.8440s
	iters: 1200, epoch: 2 | loss: 0.6424134
	speed: 0.0056s/iter; time left: 55.5247s
Epoch: 2 cost time: 7.3 seconds
Epoch: 2, Steps: 1243 | Train Loss: 0.5259511 Vali Loss: 16.3273659 Test Loss: 18.7767773
EarlyStopping counter: 1 out of 3
Updating learning rate to 0.00025
	iters: 100, epoch: 3 | loss: 0.4434958
	speed: 0.0365s/iter; time left: 359.7977s
	iters: 200, epoch: 3 | loss: 0.4925413
	speed: 0.0057s/iter; time left: 55.6517s
	iters: 300, epoch: 3 | loss: 0.4655515
	speed: 0.0056s/iter; time left: 54.4366s
	iters: 400, epoch: 3 | loss: 0.5121475
	speed: 0.0054s/iter; time left: 51.8881s
	iters: 500, epoch: 3 | loss: 0.4245295
	speed: 0.0057s/iter; time left: 54.2614s
	iters: 600, epoch: 3 | loss: 0.3906473
	speed: 0.0055s/iter; time left: 51.6838s
	iters: 700, epoch: 3 | loss: 0.2723742
	speed: 0.0063s/iter; time left: 57.8146s
	iters: 800, epoch: 3 | loss: 0.6681326
	speed: 0.0065s/iter; time left: 59.8820s
	iters: 900, epoch: 3 | loss: 0.7721646
	speed: 0.0061s/iter; time left: 55.5120s
	iters: 1000, epoch: 3 | loss: 0.6440106
	speed: 0.0057s/iter; time left: 51.1002s
	iters: 1100, epoch: 3 | loss: 0.5968341
	speed: 0.0060s/iter; time left: 53.2863s
	iters: 1200, epoch: 3 | loss: 0.5382050
	speed: 0.0062s/iter; time left: 54.0561s
Epoch: 3 cost time: 7.6 seconds
Epoch: 3, Steps: 1243 | Train Loss: 0.5176705 Vali Loss: 13.9714088 Test Loss: 16.5889301
EarlyStopping counter: 2 out of 3
Updating learning rate to 0.000125
	iters: 100, epoch: 4 | loss: 0.4298526
	speed: 0.0408s/iter; time left: 351.3843s
	iters: 200, epoch: 4 | loss: 0.4389442
	speed: 0.0057s/iter; time left: 48.5176s
	iters: 300, epoch: 4 | loss: 0.7770040
	speed: 0.0054s/iter; time left: 45.4543s
	iters: 400, epoch: 4 | loss: 0.3575240
	speed: 0.0062s/iter; time left: 51.8841s
	iters: 500, epoch: 4 | loss: 0.4717762
	speed: 0.0052s/iter; time left: 42.4669s
	iters: 600, epoch: 4 | loss: 0.5274425
	speed: 0.0056s/iter; time left: 45.0798s
	iters: 700, epoch: 4 | loss: 0.6082346
	speed: 0.0051s/iter; time left: 40.6357s
	iters: 800, epoch: 4 | loss: 0.5178254
	speed: 0.0054s/iter; time left: 42.8056s
	iters: 900, epoch: 4 | loss: 0.6307374
	speed: 0.0052s/iter; time left: 40.2693s
	iters: 1000, epoch: 4 | loss: 0.5370677
	speed: 0.0053s/iter; time left: 40.7376s
	iters: 1100, epoch: 4 | loss: 0.4954551
	speed: 0.0051s/iter; time left: 38.7033s
	iters: 1200, epoch: 4 | loss: 0.8081942
	speed: 0.0056s/iter; time left: 41.9930s
Epoch: 4 cost time: 7.1 seconds
Epoch: 4, Steps: 1243 | Train Loss: 0.5123758 Vali Loss: 15.4897585 Test Loss: 17.2569942
EarlyStopping counter: 3 out of 3
Early stopping
>>>>>>>testing : DLinear_MRO_336_720_M_channels_6_DLinear_M_channels_6<<<<<<<<<<<<<<<<<<<<<<<<<<<<<<<<<
test 2425
DLinear_MRO_336_720_M_channels_6_DLinear_M_channels_6
Shapes: pred (2424, 720, 6), true (2424, 720, 6), naive_pred (2424, 720, 6)
Shapes: gt (303, 1056), pd (303, 1056), naive_pd (303, 1056)
Final Metrics:
DLinear      MSE: 16.782907  MAE: 2.967885   SE: 19.186718  RRMSE: 0.776408   RMAE: 0.562476   (numpy)
DLinear      MSE: 16.782913  MAE: 2.967887   SE: 19.186718  RRMSE: 0.776409   RMAE: 0.562476   (torch)

Repeat       MSE: 20.380396  MAE: 3.232846   SE: 33.095654  RRMSE: 0.855585   RMAE: 0.612691   (numpy)
Repeat       MSE: 20.380388  MAE: 3.232842   SE: 33.095657  RRMSE: 0.855585   RMAE: 0.612691   (torch)

