Args in experiment:
Namespace(is_training=1, model_id='DLinear_exchange_rate_336_336_M_channels_7', model='DLinear', data='custom', root_path='./dataset/', data_path='exchange_rate.csv', features='M', target='OT', freq='h', checkpoints='./checkpoints/', seq_len=336, label_len=48, pred_len=336, individual=False, embed_type=0, enc_in=7, dec_in=7, c_out=7, d_model=512, n_heads=8, e_layers=2, d_layers=1, d_ff=2048, moving_avg=25, factor=1, distil=True, dropout=0.05, embed='timeF', activation='gelu', output_attention=False, do_predict=False, num_workers=10, itr=1, train_epochs=10, batch_size=8, patience=3, learning_rate=0.0005, des='Exp', loss='mse', lradj='type1', use_amp=False, use_gpu=True, gpu=0, use_multi_gpu=False, devices='0,1,2,3', test_flop=False)
DLinear_exchange_rate_336_336_M_channels_7_DLinear_M_channels_7
Using GPU: NVIDIA GeForce RTX 4070 (cuda:0):
>>>>>>>start training : DLinear_exchange_rate_336_336_M_channels_7_DLinear_M_channels_7>>>>>>>>>>>>>>>>>>>>>>>>>>
train 4640
val 425
test 1182
	iters: 100, epoch: 1 | loss: 0.3632536
	speed: 0.0204s/iter; time left: 116.0724s
	iters: 200, epoch: 1 | loss: 0.1986330
	speed: 0.0049s/iter; time left: 27.7202s
	iters: 300, epoch: 1 | loss: 0.3260362
	speed: 0.0047s/iter; time left: 25.8903s
	iters: 400, epoch: 1 | loss: 0.5490733
	speed: 0.0046s/iter; time left: 25.0542s
	iters: 500, epoch: 1 | loss: 0.4520192
	speed: 0.0050s/iter; time left: 26.3106s
Epoch: 1 cost time: 3.9 seconds
Epoch: 1, Steps: 580 | Train Loss: 0.4037722 Vali Loss: 0.8047585 Test Loss: 0.2992852
Validation loss decreased (inf --> 0.804758).  Saving model ...
Updating learning rate to 0.0005
	iters: 100, epoch: 2 | loss: 0.4445745
	speed: 0.0250s/iter; time left: 127.9954s
	iters: 200, epoch: 2 | loss: 0.1876303
	speed: 0.0051s/iter; time left: 25.6715s
	iters: 300, epoch: 2 | loss: 0.3482082
	speed: 0.0051s/iter; time left: 25.0980s
	iters: 400, epoch: 2 | loss: 0.2474617
	speed: 0.0052s/iter; time left: 25.1702s
	iters: 500, epoch: 2 | loss: 0.4702520
	speed: 0.0052s/iter; time left: 24.5978s
Epoch: 2 cost time: 3.2 seconds
Epoch: 2, Steps: 580 | Train Loss: 0.3845444 Vali Loss: 0.9299761 Test Loss: 0.3253516
EarlyStopping counter: 1 out of 3
Updating learning rate to 0.00025
	iters: 100, epoch: 3 | loss: 0.3833686
	speed: 0.0257s/iter; time left: 116.5848s
	iters: 200, epoch: 3 | loss: 0.2599636
	speed: 0.0053s/iter; time left: 23.3970s
	iters: 300, epoch: 3 | loss: 0.3490108
	speed: 0.0052s/iter; time left: 22.7672s
	iters: 400, epoch: 3 | loss: 0.3295802
	speed: 0.0054s/iter; time left: 22.7961s
	iters: 500, epoch: 3 | loss: 0.2931992
	speed: 0.0050s/iter; time left: 20.8247s
Epoch: 3 cost time: 3.3 seconds
Epoch: 3, Steps: 580 | Train Loss: 0.3734242 Vali Loss: 0.8343893 Test Loss: 0.3020738
EarlyStopping counter: 2 out of 3
Updating learning rate to 0.000125
	iters: 100, epoch: 4 | loss: 0.4434442
	speed: 0.0270s/iter; time left: 107.0458s
	iters: 200, epoch: 4 | loss: 0.5251034
	speed: 0.0052s/iter; time left: 20.0207s
	iters: 300, epoch: 4 | loss: 0.2511770
	speed: 0.0052s/iter; time left: 19.5549s
	iters: 400, epoch: 4 | loss: 0.3035653
	speed: 0.0050s/iter; time left: 18.4028s
	iters: 500, epoch: 4 | loss: 0.4014681
	speed: 0.0050s/iter; time left: 17.7039s
Epoch: 4 cost time: 3.3 seconds
Epoch: 4, Steps: 580 | Train Loss: 0.3697386 Vali Loss: 1.2294409 Test Loss: 0.5073345
EarlyStopping counter: 3 out of 3
Early stopping
>>>>>>>testing : DLinear_exchange_rate_336_336_M_channels_7_DLinear_M_channels_7<<<<<<<<<<<<<<<<<<<<<<<<<<<<<<<<<
test 1182
DLinear_exchange_rate_336_336_M_channels_7_DLinear_M_channels_7
Shapes: pred (1176, 336, 8), true (1176, 336, 8), naive_pred (1176, 336, 8)
Shapes: gt (147, 672), pd (147, 672), naive_pd (147, 672)
Final Metrics:
DLinear      MSE: 0.299285   MAE: 0.416827   SE: 0.491843   RRMSE: 0.384426   RMAE: 0.292904   (numpy)
DLinear      MSE: 0.299285   MAE: 0.416827   SE: 0.491843   RRMSE: 0.384426   RMAE: 0.292904   (torch)

Repeat       MSE: 0.305604   MAE: 0.397465   SE: 0.625618   RRMSE: 0.388463   RMAE: 0.279299   (numpy)
Repeat       MSE: 0.305604   MAE: 0.397465   SE: 0.625618   RRMSE: 0.388463   RMAE: 0.279299   (torch)

