Args in experiment:
Namespace(is_training=1, model_id='DLinear_MRO_336_96_M_channels_6', model='DLinear', data='custom', root_path='./dataset/', data_path='MRO.csv', features='M', target='Adj Close', freq='h', checkpoints='./checkpoints/', seq_len=336, label_len=48, pred_len=96, individual=False, embed_type=0, enc_in=6, dec_in=7, c_out=7, d_model=512, n_heads=8, e_layers=2, d_layers=1, d_ff=2048, moving_avg=25, factor=1, distil=True, dropout=0.05, embed='timeF', activation='gelu', output_attention=False, do_predict=False, num_workers=10, itr=1, train_epochs=10, batch_size=8, patience=3, learning_rate=0.0005, des='Exp', loss='mse', lradj='type1', use_amp=False, use_gpu=True, gpu=0, use_multi_gpu=False, devices='0,1,2,3', test_flop=False)
DLinear_MRO_336_96_M_channels_6_DLinear_M_channels_6
Using GPU: NVIDIA GeForce RTX 4070 (cuda:0):
>>>>>>>start training : DLinear_MRO_336_96_M_channels_6_DLinear_M_channels_6>>>>>>>>>>>>>>>>>>>>>>>>>>
train 10575
val 1479
test 3049
	iters: 100, epoch: 1 | loss: 0.1978361
	speed: 0.0195s/iter; time left: 255.9180s
	iters: 200, epoch: 1 | loss: 0.1838611
	speed: 0.0049s/iter; time left: 63.3346s
	iters: 300, epoch: 1 | loss: 0.2160368
	speed: 0.0048s/iter; time left: 61.7879s
	iters: 400, epoch: 1 | loss: 0.1027011
	speed: 0.0058s/iter; time left: 74.8845s
	iters: 500, epoch: 1 | loss: 0.1665300
	speed: 0.0047s/iter; time left: 60.2314s
	iters: 600, epoch: 1 | loss: 0.1300395
	speed: 0.0049s/iter; time left: 62.1473s
	iters: 700, epoch: 1 | loss: 0.0838799
	speed: 0.0050s/iter; time left: 61.9888s
	iters: 800, epoch: 1 | loss: 0.2299041
	speed: 0.0050s/iter; time left: 61.6936s
	iters: 900, epoch: 1 | loss: 0.0815797
	speed: 0.0048s/iter; time left: 59.5854s
	iters: 1000, epoch: 1 | loss: 0.0828960
	speed: 0.0053s/iter; time left: 64.5329s
	iters: 1100, epoch: 1 | loss: 0.1321371
	speed: 0.0049s/iter; time left: 59.7361s
	iters: 1200, epoch: 1 | loss: 0.7209486
	speed: 0.0048s/iter; time left: 57.8716s
	iters: 1300, epoch: 1 | loss: 0.0845816
	speed: 0.0051s/iter; time left: 60.9918s
Epoch: 1 cost time: 7.7 seconds
Epoch: 1, Steps: 1321 | Train Loss: 0.2111874 Vali Loss: 3.2283738 Test Loss: 4.7682171
Validation loss decreased (inf --> 3.228374).  Saving model ...
Updating learning rate to 0.0005
	iters: 100, epoch: 2 | loss: 0.2283717
	speed: 0.0377s/iter; time left: 444.8612s
	iters: 200, epoch: 2 | loss: 0.0675138
	speed: 0.0054s/iter; time left: 63.0887s
	iters: 300, epoch: 2 | loss: 0.1485656
	speed: 0.0057s/iter; time left: 65.8005s
	iters: 400, epoch: 2 | loss: 0.5816992
	speed: 0.0055s/iter; time left: 63.5194s
	iters: 500, epoch: 2 | loss: 0.2234337
	speed: 0.0050s/iter; time left: 56.9942s
	iters: 600, epoch: 2 | loss: 0.1106173
	speed: 0.0052s/iter; time left: 58.2904s
	iters: 700, epoch: 2 | loss: 0.2538244
	speed: 0.0053s/iter; time left: 59.1391s
	iters: 800, epoch: 2 | loss: 0.0866214
	speed: 0.0050s/iter; time left: 55.4533s
	iters: 900, epoch: 2 | loss: 0.2307791
	speed: 0.0050s/iter; time left: 55.4008s
	iters: 1000, epoch: 2 | loss: 0.1689217
	speed: 0.0049s/iter; time left: 53.1880s
	iters: 1100, epoch: 2 | loss: 0.0972637
	speed: 0.0053s/iter; time left: 56.6872s
	iters: 1200, epoch: 2 | loss: 0.1421973
	speed: 0.0054s/iter; time left: 58.0113s
	iters: 1300, epoch: 2 | loss: 0.0692764
	speed: 0.0055s/iter; time left: 57.9746s
Epoch: 2 cost time: 7.2 seconds
Epoch: 2, Steps: 1321 | Train Loss: 0.2032156 Vali Loss: 2.6625729 Test Loss: 3.9535222
Validation loss decreased (3.228374 --> 2.662573).  Saving model ...
Updating learning rate to 0.00025
	iters: 100, epoch: 3 | loss: 0.1116174
	speed: 0.0396s/iter; time left: 415.0021s
	iters: 200, epoch: 3 | loss: 0.1286984
	speed: 0.0068s/iter; time left: 70.1881s
	iters: 300, epoch: 3 | loss: 0.1499000
	speed: 0.0059s/iter; time left: 60.4124s
	iters: 400, epoch: 3 | loss: 0.1124237
	speed: 0.0050s/iter; time left: 51.1902s
	iters: 500, epoch: 3 | loss: 0.3856055
	speed: 0.0053s/iter; time left: 52.9621s
	iters: 600, epoch: 3 | loss: 0.1305943
	speed: 0.0054s/iter; time left: 53.5600s
	iters: 700, epoch: 3 | loss: 0.5983230
	speed: 0.0055s/iter; time left: 54.5602s
	iters: 800, epoch: 3 | loss: 0.1857056
	speed: 0.0058s/iter; time left: 56.2496s
	iters: 900, epoch: 3 | loss: 0.8365650
	speed: 0.0051s/iter; time left: 49.5479s
	iters: 1000, epoch: 3 | loss: 0.1520504
	speed: 0.0052s/iter; time left: 50.1528s
	iters: 1100, epoch: 3 | loss: 0.1294784
	speed: 0.0052s/iter; time left: 49.0931s
	iters: 1200, epoch: 3 | loss: 0.1696173
	speed: 0.0052s/iter; time left: 49.0651s
	iters: 1300, epoch: 3 | loss: 0.1300285
	speed: 0.0053s/iter; time left: 48.7467s
Epoch: 3 cost time: 7.5 seconds
Epoch: 3, Steps: 1321 | Train Loss: 0.1969730 Vali Loss: 2.6209278 Test Loss: 3.8315129
Validation loss decreased (2.662573 --> 2.620928).  Saving model ...
Updating learning rate to 0.000125
	iters: 100, epoch: 4 | loss: 0.0733590
	speed: 0.0390s/iter; time left: 357.2010s
	iters: 200, epoch: 4 | loss: 0.1363543
	speed: 0.0052s/iter; time left: 46.8969s
	iters: 300, epoch: 4 | loss: 0.1766208
	speed: 0.0051s/iter; time left: 46.0802s
	iters: 400, epoch: 4 | loss: 0.0851440
	speed: 0.0052s/iter; time left: 46.1415s
	iters: 500, epoch: 4 | loss: 0.1077093
	speed: 0.0054s/iter; time left: 46.9761s
	iters: 600, epoch: 4 | loss: 0.1508788
	speed: 0.0051s/iter; time left: 44.0726s
	iters: 700, epoch: 4 | loss: 0.1189945
	speed: 0.0048s/iter; time left: 41.2773s
	iters: 800, epoch: 4 | loss: 0.0657580
	speed: 0.0050s/iter; time left: 42.2149s
	iters: 900, epoch: 4 | loss: 0.0889818
	speed: 0.0050s/iter; time left: 41.9776s
	iters: 1000, epoch: 4 | loss: 0.1827313
	speed: 0.0051s/iter; time left: 42.3444s
	iters: 1100, epoch: 4 | loss: 0.1636284
	speed: 0.0049s/iter; time left: 39.6260s
	iters: 1200, epoch: 4 | loss: 0.1230893
	speed: 0.0052s/iter; time left: 41.6385s
	iters: 1300, epoch: 4 | loss: 0.0812874
	speed: 0.0053s/iter; time left: 42.1626s
Epoch: 4 cost time: 7.1 seconds
Epoch: 4, Steps: 1321 | Train Loss: 0.1932804 Vali Loss: 2.5901649 Test Loss: 3.8459363
Validation loss decreased (2.620928 --> 2.590165).  Saving model ...
Updating learning rate to 6.25e-05
	iters: 100, epoch: 5 | loss: 0.5175146
	speed: 0.0409s/iter; time left: 319.9334s
	iters: 200, epoch: 5 | loss: 0.0641233
	speed: 0.0067s/iter; time left: 51.6362s
	iters: 300, epoch: 5 | loss: 0.0800549
	speed: 0.0055s/iter; time left: 41.7658s
	iters: 400, epoch: 5 | loss: 0.1505803
	speed: 0.0059s/iter; time left: 44.1340s
	iters: 500, epoch: 5 | loss: 0.2466069
	speed: 0.0061s/iter; time left: 45.3192s
	iters: 600, epoch: 5 | loss: 0.1778370
	speed: 0.0066s/iter; time left: 48.5789s
	iters: 700, epoch: 5 | loss: 0.2061818
	speed: 0.0053s/iter; time left: 38.2476s
	iters: 800, epoch: 5 | loss: 0.6423295
	speed: 0.0057s/iter; time left: 40.7950s
	iters: 900, epoch: 5 | loss: 0.1292595
	speed: 0.0055s/iter; time left: 38.8916s
	iters: 1000, epoch: 5 | loss: 0.1209414
	speed: 0.0058s/iter; time left: 40.1415s
	iters: 1100, epoch: 5 | loss: 0.1092488
	speed: 0.0053s/iter; time left: 36.2425s
	iters: 1200, epoch: 5 | loss: 0.1549764
	speed: 0.0054s/iter; time left: 36.6142s
	iters: 1300, epoch: 5 | loss: 0.0618236
	speed: 0.0058s/iter; time left: 38.4627s
Epoch: 5 cost time: 8.1 seconds
Epoch: 5, Steps: 1321 | Train Loss: 0.1916183 Vali Loss: 2.5598223 Test Loss: 3.8262932
Validation loss decreased (2.590165 --> 2.559822).  Saving model ...
Updating learning rate to 3.125e-05
	iters: 100, epoch: 6 | loss: 0.0961989
	speed: 0.0401s/iter; time left: 260.6844s
	iters: 200, epoch: 6 | loss: 0.1552996
	speed: 0.0053s/iter; time left: 34.0404s
	iters: 300, epoch: 6 | loss: 0.2018477
	speed: 0.0053s/iter; time left: 33.2213s
	iters: 400, epoch: 6 | loss: 0.0903807
	speed: 0.0053s/iter; time left: 33.1343s
	iters: 500, epoch: 6 | loss: 0.0987905
	speed: 0.0056s/iter; time left: 34.0532s
	iters: 600, epoch: 6 | loss: 0.1851187
	speed: 0.0057s/iter; time left: 34.1271s
	iters: 700, epoch: 6 | loss: 0.4852107
	speed: 0.0053s/iter; time left: 31.4073s
	iters: 800, epoch: 6 | loss: 0.1085140
	speed: 0.0052s/iter; time left: 30.1793s
	iters: 900, epoch: 6 | loss: 0.1572359
	speed: 0.0052s/iter; time left: 29.6613s
	iters: 1000, epoch: 6 | loss: 0.1383938
	speed: 0.0051s/iter; time left: 28.7567s
	iters: 1100, epoch: 6 | loss: 0.1169966
	speed: 0.0050s/iter; time left: 27.4523s
	iters: 1200, epoch: 6 | loss: 0.2772698
	speed: 0.0050s/iter; time left: 27.1094s
	iters: 1300, epoch: 6 | loss: 0.0663162
	speed: 0.0055s/iter; time left: 29.0660s
Epoch: 6 cost time: 7.3 seconds
Epoch: 6, Steps: 1321 | Train Loss: 0.1909380 Vali Loss: 2.6065545 Test Loss: 3.8252101
EarlyStopping counter: 1 out of 3
Updating learning rate to 1.5625e-05
	iters: 100, epoch: 7 | loss: 0.1312588
	speed: 0.0385s/iter; time left: 199.4765s
	iters: 200, epoch: 7 | loss: 0.1283983
	speed: 0.0051s/iter; time left: 26.0388s
	iters: 300, epoch: 7 | loss: 0.7604325
	speed: 0.0051s/iter; time left: 25.4197s
	iters: 400, epoch: 7 | loss: 0.1024948
	speed: 0.0052s/iter; time left: 25.4152s
	iters: 500, epoch: 7 | loss: 0.0805947
	speed: 0.0055s/iter; time left: 26.5197s
	iters: 600, epoch: 7 | loss: 0.1211693
	speed: 0.0057s/iter; time left: 26.7163s
	iters: 700, epoch: 7 | loss: 0.0886235
	speed: 0.0056s/iter; time left: 25.7156s
	iters: 800, epoch: 7 | loss: 0.4567985
	speed: 0.0052s/iter; time left: 23.5152s
	iters: 900, epoch: 7 | loss: 0.4500403
	speed: 0.0051s/iter; time left: 22.1990s
	iters: 1000, epoch: 7 | loss: 0.1010412
	speed: 0.0053s/iter; time left: 22.8366s
	iters: 1100, epoch: 7 | loss: 0.2472493
	speed: 0.0051s/iter; time left: 21.4100s
	iters: 1200, epoch: 7 | loss: 0.1824368
	speed: 0.0054s/iter; time left: 22.1677s
	iters: 1300, epoch: 7 | loss: 0.0499170
	speed: 0.0052s/iter; time left: 20.6610s
Epoch: 7 cost time: 7.3 seconds
Epoch: 7, Steps: 1321 | Train Loss: 0.1904562 Vali Loss: 2.6196344 Test Loss: 3.8319895
EarlyStopping counter: 2 out of 3
Updating learning rate to 7.8125e-06
	iters: 100, epoch: 8 | loss: 0.0739407
	speed: 0.0396s/iter; time left: 152.8462s
	iters: 200, epoch: 8 | loss: 0.1253028
	speed: 0.0051s/iter; time left: 19.2427s
	iters: 300, epoch: 8 | loss: 0.1831432
	speed: 0.0052s/iter; time left: 19.1810s
	iters: 400, epoch: 8 | loss: 0.0395745
	speed: 0.0052s/iter; time left: 18.5055s
	iters: 500, epoch: 8 | loss: 0.1888628
	speed: 0.0052s/iter; time left: 18.1468s
	iters: 600, epoch: 8 | loss: 0.0911558
	speed: 0.0052s/iter; time left: 17.6427s
	iters: 700, epoch: 8 | loss: 0.0713012
	speed: 0.0053s/iter; time left: 17.2619s
	iters: 800, epoch: 8 | loss: 0.1460623
	speed: 0.0052s/iter; time left: 16.4472s
	iters: 900, epoch: 8 | loss: 0.1349931
	speed: 0.0052s/iter; time left: 15.9360s
	iters: 1000, epoch: 8 | loss: 0.1424406
	speed: 0.0055s/iter; time left: 16.1665s
	iters: 1100, epoch: 8 | loss: 0.2783897
	speed: 0.0051s/iter; time left: 14.6690s
	iters: 1200, epoch: 8 | loss: 0.1526327
	speed: 0.0051s/iter; time left: 14.0014s
	iters: 1300, epoch: 8 | loss: 0.1197965
	speed: 0.0049s/iter; time left: 13.1049s
Epoch: 8 cost time: 7.1 seconds
Epoch: 8, Steps: 1321 | Train Loss: 0.1902108 Vali Loss: 2.5655890 Test Loss: 3.8113742
EarlyStopping counter: 3 out of 3
Early stopping
>>>>>>>testing : DLinear_MRO_336_96_M_channels_6_DLinear_M_channels_6<<<<<<<<<<<<<<<<<<<<<<<<<<<<<<<<<
test 3049
DLinear_MRO_336_96_M_channels_6_DLinear_M_channels_6
Shapes: pred (3048, 96, 6), true (3048, 96, 6), naive_pred (3048, 96, 6)
Shapes: gt (381, 432), pd (381, 432), naive_pd (381, 432)
Final Metrics:
DLinear      MSE: 3.826293   MAE: 1.269952   SE: 5.770272   RRMSE: 0.334966   RMAE: 0.217470   (numpy)
DLinear      MSE: 3.826293   MAE: 1.269952   SE: 5.770271   RRMSE: 0.334966   RMAE: 0.217470   (torch)

Repeat       MSE: 4.465144   MAE: 1.246157   SE: 6.730308   RRMSE: 0.361851   RMAE: 0.213395   (numpy)
Repeat       MSE: 4.465145   MAE: 1.246157   SE: 6.730307   RRMSE: 0.361851   RMAE: 0.213395   (torch)

