Args in experiment:
Namespace(is_training=1, model_id='DLinear_FITS_GD_336_336_M_channels_6', model='DLinear_FITS', data='custom', root_path='./dataset/', data_path='GD.csv', features='M', target='Adj Close', freq='h', checkpoints='./checkpoints/', seq_len=336, label_len=48, pred_len=336, individual=False, embed_type=0, enc_in=6, dec_in=7, c_out=7, d_model=512, n_heads=8, e_layers=2, d_layers=1, d_ff=2048, moving_avg=25, factor=1, distil=True, dropout=0.05, embed='timeF', activation='gelu', output_attention=False, do_predict=False, num_workers=10, itr=1, train_epochs=10, batch_size=8, patience=3, learning_rate=0.0005, des='Exp', loss='mse', lradj='type1', use_amp=False, use_gpu=True, gpu=0, use_multi_gpu=False, devices='0,1,2,3', test_flop=False)
DLinear_FITS_GD_336_336_M_channels_6_DLinear_FITS_M_channels_6
Using GPU: NVIDIA GeForce RTX 4070 (cuda:0):
FITS cutoff frequency: 49
>>>>>>>start training : DLinear_FITS_GD_336_336_M_channels_6_DLinear_FITS_M_channels_6>>>>>>>>>>>>>>>>>>>>>>>>>>
train 10335
val 1239
test 2809
	iters: 100, epoch: 1 | loss: 0.3452890
	speed: 0.0205s/iter; time left: 262.6809s
	iters: 200, epoch: 1 | loss: 0.1733261
	speed: 0.0077s/iter; time left: 97.5174s
	iters: 300, epoch: 1 | loss: 0.1897537
	speed: 0.0074s/iter; time left: 93.4995s
	iters: 400, epoch: 1 | loss: 0.2651631
	speed: 0.0076s/iter; time left: 94.6301s
	iters: 500, epoch: 1 | loss: 0.2370377
	speed: 0.0071s/iter; time left: 88.5906s
	iters: 600, epoch: 1 | loss: 0.1199198
	speed: 0.0071s/iter; time left: 87.4495s
	iters: 700, epoch: 1 | loss: 0.2524911
	speed: 0.0071s/iter; time left: 87.1948s
	iters: 800, epoch: 1 | loss: 0.1099819
	speed: 0.0075s/iter; time left: 90.7974s
	iters: 900, epoch: 1 | loss: 0.2031589
	speed: 0.0074s/iter; time left: 88.6256s
	iters: 1000, epoch: 1 | loss: 0.1421912
	speed: 0.0070s/iter; time left: 83.8337s
	iters: 1100, epoch: 1 | loss: 0.4126813
	speed: 0.0074s/iter; time left: 87.2137s
	iters: 1200, epoch: 1 | loss: 0.1319530
	speed: 0.0076s/iter; time left: 88.8346s
Epoch: 1 cost time: 10.5 seconds
Epoch: 1, Steps: 1291 | Train Loss: 0.2250371 Vali Loss: 1.3588582 Test Loss: 5.1164751
Validation loss decreased (inf --> 1.358858).  Saving model ...
Updating learning rate to 0.0005
	iters: 100, epoch: 2 | loss: 0.1564398
	speed: 0.0448s/iter; time left: 516.6428s
	iters: 200, epoch: 2 | loss: 0.2886854
	speed: 0.0078s/iter; time left: 89.3154s
	iters: 300, epoch: 2 | loss: 0.3304715
	speed: 0.0075s/iter; time left: 85.2395s
	iters: 400, epoch: 2 | loss: 0.1540241
	speed: 0.0080s/iter; time left: 89.9389s
	iters: 500, epoch: 2 | loss: 0.1125140
	speed: 0.0079s/iter; time left: 87.7521s
	iters: 600, epoch: 2 | loss: 0.2361911
	speed: 0.0080s/iter; time left: 87.9946s
	iters: 700, epoch: 2 | loss: 0.2142955
	speed: 0.0077s/iter; time left: 83.6073s
	iters: 800, epoch: 2 | loss: 0.1702973
	speed: 0.0077s/iter; time left: 83.2255s
	iters: 900, epoch: 2 | loss: 0.1782250
	speed: 0.0075s/iter; time left: 80.1565s
	iters: 1000, epoch: 2 | loss: 0.1803485
	speed: 0.0077s/iter; time left: 81.5035s
	iters: 1100, epoch: 2 | loss: 0.1245459
	speed: 0.0085s/iter; time left: 89.9434s
	iters: 1200, epoch: 2 | loss: 0.1820914
	speed: 0.0083s/iter; time left: 85.9766s
Epoch: 2 cost time: 10.3 seconds
Epoch: 2, Steps: 1291 | Train Loss: 0.1935531 Vali Loss: 1.4965692 Test Loss: 4.3509936
EarlyStopping counter: 1 out of 3
Updating learning rate to 0.00025
	iters: 100, epoch: 3 | loss: 0.1643774
	speed: 0.0478s/iter; time left: 488.7062s
	iters: 200, epoch: 3 | loss: 0.2504762
	speed: 0.0083s/iter; time left: 84.2148s
	iters: 300, epoch: 3 | loss: 0.3057864
	speed: 0.0085s/iter; time left: 85.0728s
	iters: 400, epoch: 3 | loss: 0.0668068
	speed: 0.0082s/iter; time left: 81.4071s
	iters: 500, epoch: 3 | loss: 0.1303543
	speed: 0.0077s/iter; time left: 76.0984s
	iters: 600, epoch: 3 | loss: 0.1311013
	speed: 0.0076s/iter; time left: 74.1446s
	iters: 700, epoch: 3 | loss: 0.1056774
	speed: 0.0074s/iter; time left: 71.3910s
	iters: 800, epoch: 3 | loss: 0.1152114
	speed: 0.0075s/iter; time left: 71.7576s
	iters: 900, epoch: 3 | loss: 0.1555498
	speed: 0.0075s/iter; time left: 71.1260s
	iters: 1000, epoch: 3 | loss: 0.2537272
	speed: 0.0078s/iter; time left: 72.4817s
	iters: 1100, epoch: 3 | loss: 0.0961163
	speed: 0.0076s/iter; time left: 69.7494s
	iters: 1200, epoch: 3 | loss: 0.2397215
	speed: 0.0076s/iter; time left: 69.2524s
Epoch: 3 cost time: 10.4 seconds
Epoch: 3, Steps: 1291 | Train Loss: 0.1850539 Vali Loss: 1.3602771 Test Loss: 4.4681940
EarlyStopping counter: 2 out of 3
Updating learning rate to 0.000125
	iters: 100, epoch: 4 | loss: 0.0889303
	speed: 0.0465s/iter; time left: 415.8633s
	iters: 200, epoch: 4 | loss: 0.3382074
	speed: 0.0074s/iter; time left: 65.0321s
	iters: 300, epoch: 4 | loss: 0.1621834
	speed: 0.0073s/iter; time left: 64.0768s
	iters: 400, epoch: 4 | loss: 0.3436228
	speed: 0.0072s/iter; time left: 62.6057s
	iters: 500, epoch: 4 | loss: 0.1702075
	speed: 0.0073s/iter; time left: 62.2512s
	iters: 600, epoch: 4 | loss: 0.1281736
	speed: 0.0076s/iter; time left: 63.7163s
	iters: 700, epoch: 4 | loss: 0.2081214
	speed: 0.0077s/iter; time left: 64.0645s
	iters: 800, epoch: 4 | loss: 0.1933837
	speed: 0.0077s/iter; time left: 63.1235s
	iters: 900, epoch: 4 | loss: 0.2020420
	speed: 0.0076s/iter; time left: 61.5125s
	iters: 1000, epoch: 4 | loss: 0.0796362
	speed: 0.0081s/iter; time left: 64.8714s
	iters: 1100, epoch: 4 | loss: 0.0848365
	speed: 0.0078s/iter; time left: 62.1522s
	iters: 1200, epoch: 4 | loss: 0.3421610
	speed: 0.0074s/iter; time left: 57.8906s
Epoch: 4 cost time: 10.0 seconds
Epoch: 4, Steps: 1291 | Train Loss: 0.1811711 Vali Loss: 1.5288341 Test Loss: 4.4146829
EarlyStopping counter: 3 out of 3
Early stopping
>>>>>>>testing : DLinear_FITS_GD_336_336_M_channels_6_DLinear_FITS_M_channels_6<<<<<<<<<<<<<<<<<<<<<<<<<<<<<<<<<
test 2809
DLinear_FITS_GD_336_336_M_channels_6_DLinear_FITS_M_channels_6
Shapes: pred (2808, 336, 6), true (2808, 336, 6), naive_pred (2808, 336, 6)
Shapes: gt (351, 672), pd (351, 672), naive_pd (351, 672)
Final Metrics:
DLinear_FITS MSE: 5.116474   MAE: 1.707279   SE: 8.590425   RRMSE: 0.226574   RMAE: 0.171013   (numpy)
DLinear_FITS MSE: 5.116475   MAE: 1.707277   SE: 8.590425   RRMSE: 0.226575   RMAE: 0.171013   (torch)

Repeat       MSE: 3.899310   MAE: 1.443789   SE: 8.557858   RRMSE: 0.197797   RMAE: 0.144620   (numpy)
Repeat       MSE: 3.899309   MAE: 1.443790   SE: 8.557858   RRMSE: 0.197797   RMAE: 0.144620   (torch)


Model(
  (decomposition): SeriesDecomp(
    (moving_avg): MovingAvg(
      (avg): AvgPool1d(kernel_size=(25,), stride=(1,), padding=(0,))
    )
  )
  (fits): FITS(
    (frequency_upsampler): Linear(in_features=49, out_features=98, bias=True)
  )
  (Linear_Seasonal): Linear(in_features=336, out_features=336, bias=True)
  (Linear_Trend): Linear(in_features=336, out_features=336, bias=True)
)
