Args in experiment:
Namespace(is_training=1, model_id='DLinear_FITS_MRO_336_336_M_channels_6', model='DLinear_FITS', data='custom', root_path='./dataset/', data_path='MRO.csv', features='M', target='Adj Close', freq='h', checkpoints='./checkpoints/', seq_len=336, label_len=48, pred_len=336, individual=False, embed_type=0, enc_in=6, dec_in=7, c_out=7, d_model=512, n_heads=8, e_layers=2, d_layers=1, d_ff=2048, moving_avg=25, factor=1, distil=True, dropout=0.05, embed='timeF', activation='gelu', output_attention=False, do_predict=False, num_workers=10, itr=1, train_epochs=10, batch_size=8, patience=3, learning_rate=0.0005, des='Exp', loss='mse', lradj='type1', use_amp=False, use_gpu=True, gpu=0, use_multi_gpu=False, devices='0,1,2,3', test_flop=False)
DLinear_FITS_MRO_336_336_M_channels_6_DLinear_FITS_M_channels_6
Using GPU: NVIDIA GeForce RTX 4070 (cuda:0):
FITS cutoff frequency: 49
>>>>>>>start training : DLinear_FITS_MRO_336_336_M_channels_6_DLinear_FITS_M_channels_6>>>>>>>>>>>>>>>>>>>>>>>>>>
train 10335
val 1239
test 2809
	iters: 100, epoch: 1 | loss: 0.4609048
	speed: 0.0199s/iter; time left: 254.4674s
	iters: 200, epoch: 1 | loss: 0.4757554
	speed: 0.0072s/iter; time left: 91.1757s
	iters: 300, epoch: 1 | loss: 0.2277401
	speed: 0.0073s/iter; time left: 92.3274s
	iters: 400, epoch: 1 | loss: 0.6076769
	speed: 0.0075s/iter; time left: 93.2831s
	iters: 500, epoch: 1 | loss: 0.4250003
	speed: 0.0071s/iter; time left: 88.5351s
	iters: 600, epoch: 1 | loss: 0.1920173
	speed: 0.0072s/iter; time left: 88.3650s
	iters: 700, epoch: 1 | loss: 0.3342924
	speed: 0.0071s/iter; time left: 86.5550s
	iters: 800, epoch: 1 | loss: 0.2658369
	speed: 0.0070s/iter; time left: 84.5862s
	iters: 900, epoch: 1 | loss: 0.4576489
	speed: 0.0075s/iter; time left: 89.6629s
	iters: 1000, epoch: 1 | loss: 0.3836041
	speed: 0.0077s/iter; time left: 91.8660s
	iters: 1100, epoch: 1 | loss: 0.3313085
	speed: 0.0079s/iter; time left: 93.3922s
	iters: 1200, epoch: 1 | loss: 0.2154820
	speed: 0.0074s/iter; time left: 87.2185s
Epoch: 1 cost time: 10.4 seconds
Epoch: 1, Steps: 1291 | Train Loss: 0.4215106 Vali Loss: 8.7618561 Test Loss: 9.8554974
Validation loss decreased (inf --> 8.761856).  Saving model ...
Updating learning rate to 0.0005
	iters: 100, epoch: 2 | loss: 0.4586771
	speed: 0.0469s/iter; time left: 539.8458s
	iters: 200, epoch: 2 | loss: 0.4056761
	speed: 0.0084s/iter; time left: 95.9083s
	iters: 300, epoch: 2 | loss: 0.2959810
	speed: 0.0077s/iter; time left: 86.9286s
	iters: 400, epoch: 2 | loss: 0.3278311
	speed: 0.0081s/iter; time left: 90.9099s
	iters: 500, epoch: 2 | loss: 0.3512374
	speed: 0.0082s/iter; time left: 90.9072s
	iters: 600, epoch: 2 | loss: 0.3106773
	speed: 0.0079s/iter; time left: 87.5073s
	iters: 700, epoch: 2 | loss: 0.5453380
	speed: 0.0075s/iter; time left: 82.3492s
	iters: 800, epoch: 2 | loss: 0.7464445
	speed: 0.0075s/iter; time left: 81.3238s
	iters: 900, epoch: 2 | loss: 0.5944129
	speed: 0.0078s/iter; time left: 83.7004s
	iters: 1000, epoch: 2 | loss: 0.3907665
	speed: 0.0080s/iter; time left: 84.9153s
	iters: 1100, epoch: 2 | loss: 0.3225839
	speed: 0.0078s/iter; time left: 81.6867s
	iters: 1200, epoch: 2 | loss: 0.4075358
	speed: 0.0075s/iter; time left: 78.3056s
Epoch: 2 cost time: 10.5 seconds
Epoch: 2, Steps: 1291 | Train Loss: 0.3841636 Vali Loss: 10.6545324 Test Loss: 11.1787176
EarlyStopping counter: 1 out of 3
Updating learning rate to 0.00025
	iters: 100, epoch: 3 | loss: 0.3863961
	speed: 0.0478s/iter; time left: 488.9344s
	iters: 200, epoch: 3 | loss: 0.2715282
	speed: 0.0079s/iter; time left: 79.6394s
	iters: 300, epoch: 3 | loss: 0.2134066
	speed: 0.0079s/iter; time left: 79.6255s
	iters: 400, epoch: 3 | loss: 0.2783303
	speed: 0.0076s/iter; time left: 75.9276s
	iters: 500, epoch: 3 | loss: 0.7549865
	speed: 0.0074s/iter; time left: 73.2180s
	iters: 600, epoch: 3 | loss: 0.2941213
	speed: 0.0072s/iter; time left: 70.4675s
	iters: 700, epoch: 3 | loss: 0.3640244
	speed: 0.0076s/iter; time left: 72.7253s
	iters: 800, epoch: 3 | loss: 0.2598522
	speed: 0.0075s/iter; time left: 71.3270s
	iters: 900, epoch: 3 | loss: 0.2431310
	speed: 0.0081s/iter; time left: 76.2081s
	iters: 1000, epoch: 3 | loss: 0.8494154
	speed: 0.0080s/iter; time left: 74.9115s
	iters: 1100, epoch: 3 | loss: 0.3518321
	speed: 0.0083s/iter; time left: 76.3094s
	iters: 1200, epoch: 3 | loss: 0.4833033
	speed: 0.0081s/iter; time left: 73.6617s
Epoch: 3 cost time: 10.4 seconds
Epoch: 3, Steps: 1291 | Train Loss: 0.3730080 Vali Loss: 7.7816892 Test Loss: 9.3224983
Validation loss decreased (8.761856 --> 7.781689).  Saving model ...
Updating learning rate to 0.000125
	iters: 100, epoch: 4 | loss: 0.2143625
	speed: 0.0485s/iter; time left: 433.2731s
	iters: 200, epoch: 4 | loss: 0.5157908
	speed: 0.0078s/iter; time left: 68.8565s
	iters: 300, epoch: 4 | loss: 0.5469761
	speed: 0.0080s/iter; time left: 69.9415s
	iters: 400, epoch: 4 | loss: 0.5771644
	speed: 0.0083s/iter; time left: 71.6619s
	iters: 500, epoch: 4 | loss: 0.3288512
	speed: 0.0080s/iter; time left: 68.7234s
	iters: 600, epoch: 4 | loss: 0.4121909
	speed: 0.0081s/iter; time left: 68.1391s
	iters: 700, epoch: 4 | loss: 0.1926911
	speed: 0.0076s/iter; time left: 63.4897s
	iters: 800, epoch: 4 | loss: 0.1998021
	speed: 0.0073s/iter; time left: 60.1798s
	iters: 900, epoch: 4 | loss: 0.3003640
	speed: 0.0075s/iter; time left: 60.7040s
	iters: 1000, epoch: 4 | loss: 0.2421448
	speed: 0.0078s/iter; time left: 62.3027s
	iters: 1100, epoch: 4 | loss: 0.6315913
	speed: 0.0076s/iter; time left: 60.2684s
	iters: 1200, epoch: 4 | loss: 0.7025910
	speed: 0.0073s/iter; time left: 57.0014s
Epoch: 4 cost time: 10.3 seconds
Epoch: 4, Steps: 1291 | Train Loss: 0.3689642 Vali Loss: 9.2399626 Test Loss: 10.0890503
EarlyStopping counter: 1 out of 3
Updating learning rate to 6.25e-05
	iters: 100, epoch: 5 | loss: 0.1775195
	speed: 0.0482s/iter; time left: 368.5500s
	iters: 200, epoch: 5 | loss: 0.3869204
	speed: 0.0076s/iter; time left: 57.1238s
	iters: 300, epoch: 5 | loss: 0.2969425
	speed: 0.0075s/iter; time left: 56.1463s
	iters: 400, epoch: 5 | loss: 0.1851324
	speed: 0.0076s/iter; time left: 55.7124s
	iters: 500, epoch: 5 | loss: 0.4216743
	speed: 0.0077s/iter; time left: 55.5950s
	iters: 600, epoch: 5 | loss: 0.3395285
	speed: 0.0081s/iter; time left: 57.5560s
	iters: 700, epoch: 5 | loss: 0.5736154
	speed: 0.0080s/iter; time left: 56.1772s
	iters: 800, epoch: 5 | loss: 0.2804468
	speed: 0.0081s/iter; time left: 56.1171s
	iters: 900, epoch: 5 | loss: 0.1715246
	speed: 0.0077s/iter; time left: 52.9709s
	iters: 1000, epoch: 5 | loss: 0.1875130
	speed: 0.0077s/iter; time left: 51.9026s
	iters: 1100, epoch: 5 | loss: 0.3367057
	speed: 0.0077s/iter; time left: 50.9176s
	iters: 1200, epoch: 5 | loss: 0.5462059
	speed: 0.0075s/iter; time left: 49.3987s
Epoch: 5 cost time: 10.2 seconds
Epoch: 5, Steps: 1291 | Train Loss: 0.3666709 Vali Loss: 8.5053473 Test Loss: 9.5500116
EarlyStopping counter: 2 out of 3
Updating learning rate to 3.125e-05
	iters: 100, epoch: 6 | loss: 0.4779102
	speed: 0.0462s/iter; time left: 293.6391s
	iters: 200, epoch: 6 | loss: 0.1835210
	speed: 0.0079s/iter; time left: 49.5910s
	iters: 300, epoch: 6 | loss: 0.1554338
	speed: 0.0076s/iter; time left: 47.0027s
	iters: 400, epoch: 6 | loss: 0.3940750
	speed: 0.0080s/iter; time left: 48.3531s
	iters: 500, epoch: 6 | loss: 0.5489027
	speed: 0.0081s/iter; time left: 48.2425s
	iters: 600, epoch: 6 | loss: 0.3305674
	speed: 0.0077s/iter; time left: 45.1203s
	iters: 700, epoch: 6 | loss: 0.4236593
	speed: 0.0084s/iter; time left: 48.0650s
	iters: 800, epoch: 6 | loss: 0.5143999
	speed: 0.0078s/iter; time left: 44.3840s
	iters: 900, epoch: 6 | loss: 0.5294050
	speed: 0.0075s/iter; time left: 41.5621s
	iters: 1000, epoch: 6 | loss: 0.1614686
	speed: 0.0077s/iter; time left: 42.0831s
	iters: 1100, epoch: 6 | loss: 0.5371429
	speed: 0.0076s/iter; time left: 40.4782s
	iters: 1200, epoch: 6 | loss: 0.3340082
	speed: 0.0080s/iter; time left: 41.9802s
Epoch: 6 cost time: 10.4 seconds
Epoch: 6, Steps: 1291 | Train Loss: 0.3650252 Vali Loss: 8.5470371 Test Loss: 9.5717115
EarlyStopping counter: 3 out of 3
Early stopping
>>>>>>>testing : DLinear_FITS_MRO_336_336_M_channels_6_DLinear_FITS_M_channels_6<<<<<<<<<<<<<<<<<<<<<<<<<<<<<<<<<
test 2809
DLinear_FITS_MRO_336_336_M_channels_6_DLinear_FITS_M_channels_6
Shapes: pred (2808, 336, 6), true (2808, 336, 6), naive_pred (2808, 336, 6)
Shapes: gt (351, 672), pd (351, 672), naive_pd (351, 672)
Final Metrics:
DLinear_FITS MSE: 9.322497   MAE: 2.203472   SE: 17.686676  RRMSE: 0.536305   RMAE: 0.387038   (numpy)
DLinear_FITS MSE: 9.322498   MAE: 2.203470   SE: 17.686676  RRMSE: 0.536305   RMAE: 0.387038   (torch)

Repeat       MSE: 10.411037  MAE: 2.190049   SE: 18.626980  RRMSE: 0.566752   RMAE: 0.384680   (numpy)
Repeat       MSE: 10.411036  MAE: 2.190050   SE: 18.626982  RRMSE: 0.566752   RMAE: 0.384680   (torch)


Model(
  (decomposition): SeriesDecomp(
    (moving_avg): MovingAvg(
      (avg): AvgPool1d(kernel_size=(25,), stride=(1,), padding=(0,))
    )
  )
  (fits): FITS(
    (frequency_upsampler): Linear(in_features=49, out_features=98, bias=True)
  )
  (Linear_Seasonal): Linear(in_features=336, out_features=336, bias=True)
  (Linear_Trend): Linear(in_features=336, out_features=336, bias=True)
)
