Args in experiment:
Namespace(is_training=1, model_id='DLinear_exchange_rate_336_720_M_channels_7', model='DLinear', data='custom', root_path='./dataset/', data_path='exchange_rate.csv', features='M', target='OT', freq='h', checkpoints='./checkpoints/', seq_len=336, label_len=48, pred_len=720, individual=False, embed_type=0, enc_in=7, dec_in=7, c_out=7, d_model=512, n_heads=8, e_layers=2, d_layers=1, d_ff=2048, moving_avg=25, factor=1, distil=True, dropout=0.05, embed='timeF', activation='gelu', output_attention=False, do_predict=False, num_workers=10, itr=1, train_epochs=10, batch_size=8, patience=3, learning_rate=0.0005, des='Exp', loss='mse', lradj='type1', use_amp=False, use_gpu=True, gpu=0, use_multi_gpu=False, devices='0,1,2,3', test_flop=False)
DLinear_exchange_rate_336_720_M_channels_7_DLinear_M_channels_7
Using GPU: NVIDIA GeForce RTX 4070 (cuda:0):
>>>>>>>start training : DLinear_exchange_rate_336_720_M_channels_7_DLinear_M_channels_7>>>>>>>>>>>>>>>>>>>>>>>>>>
train 4256
val 41
test 798
	iters: 100, epoch: 1 | loss: 0.5145882
	speed: 0.0201s/iter; time left: 105.1753s
	iters: 200, epoch: 1 | loss: 0.4924616
	speed: 0.0052s/iter; time left: 26.6621s
	iters: 300, epoch: 1 | loss: 0.5128824
	speed: 0.0050s/iter; time left: 25.2505s
	iters: 400, epoch: 1 | loss: 0.5555007
	speed: 0.0050s/iter; time left: 24.4556s
	iters: 500, epoch: 1 | loss: 0.6533353
	speed: 0.0049s/iter; time left: 23.4694s
Epoch: 1 cost time: 3.8 seconds
Epoch: 1, Steps: 532 | Train Loss: 0.5747443 Vali Loss: 3.7897210 Test Loss: 1.0159334
Validation loss decreased (inf --> 3.789721).  Saving model ...
Updating learning rate to 0.0005
	iters: 100, epoch: 2 | loss: 0.5762563
	speed: 0.0194s/iter; time left: 91.0954s
	iters: 200, epoch: 2 | loss: 0.7055187
	speed: 0.0055s/iter; time left: 25.4466s
	iters: 300, epoch: 2 | loss: 0.6469867
	speed: 0.0054s/iter; time left: 24.1742s
	iters: 400, epoch: 2 | loss: 0.5407408
	speed: 0.0059s/iter; time left: 25.7395s
	iters: 500, epoch: 2 | loss: 0.4844946
	speed: 0.0060s/iter; time left: 25.6971s
Epoch: 2 cost time: 3.2 seconds
Epoch: 2, Steps: 532 | Train Loss: 0.5593389 Vali Loss: 3.8519721 Test Loss: 1.1778295
EarlyStopping counter: 1 out of 3
Updating learning rate to 0.00025
	iters: 100, epoch: 3 | loss: 0.6061817
	speed: 0.0221s/iter; time left: 92.0313s
	iters: 200, epoch: 3 | loss: 0.6452793
	speed: 0.0063s/iter; time left: 25.7013s
	iters: 300, epoch: 3 | loss: 0.3633534
	speed: 0.0055s/iter; time left: 21.6757s
	iters: 400, epoch: 3 | loss: 0.5903392
	speed: 0.0054s/iter; time left: 20.8463s
	iters: 500, epoch: 3 | loss: 0.4739335
	speed: 0.0062s/iter; time left: 23.2471s
Epoch: 3 cost time: 3.4 seconds
Epoch: 3, Steps: 532 | Train Loss: 0.5536320 Vali Loss: 4.1974282 Test Loss: 1.3816477
EarlyStopping counter: 2 out of 3
Updating learning rate to 0.000125
	iters: 100, epoch: 4 | loss: 0.5507992
	speed: 0.0213s/iter; time left: 77.1581s
	iters: 200, epoch: 4 | loss: 0.3753330
	speed: 0.0055s/iter; time left: 19.3476s
	iters: 300, epoch: 4 | loss: 0.7605128
	speed: 0.0070s/iter; time left: 24.1327s
	iters: 400, epoch: 4 | loss: 0.4566543
	speed: 0.0060s/iter; time left: 20.0258s
	iters: 500, epoch: 4 | loss: 0.6083970
	speed: 0.0059s/iter; time left: 19.1868s
Epoch: 4 cost time: 3.5 seconds
Epoch: 4, Steps: 532 | Train Loss: 0.5487753 Vali Loss: 3.7185307 Test Loss: 1.0759909
Validation loss decreased (3.789721 --> 3.718531).  Saving model ...
Updating learning rate to 6.25e-05
	iters: 100, epoch: 5 | loss: 0.4079684
	speed: 0.0231s/iter; time left: 71.4297s
	iters: 200, epoch: 5 | loss: 0.4453671
	speed: 0.0053s/iter; time left: 15.9358s
	iters: 300, epoch: 5 | loss: 0.4714084
	speed: 0.0054s/iter; time left: 15.7056s
	iters: 400, epoch: 5 | loss: 0.5835813
	speed: 0.0054s/iter; time left: 15.0776s
	iters: 500, epoch: 5 | loss: 0.3961489
	speed: 0.0060s/iter; time left: 16.2908s
Epoch: 5 cost time: 3.6 seconds
Epoch: 5, Steps: 532 | Train Loss: 0.5471075 Vali Loss: 4.1387696 Test Loss: 1.3761097
EarlyStopping counter: 1 out of 3
Updating learning rate to 3.125e-05
	iters: 100, epoch: 6 | loss: 0.5784502
	speed: 0.0227s/iter; time left: 58.1551s
	iters: 200, epoch: 6 | loss: 0.5243141
	speed: 0.0057s/iter; time left: 14.0127s
	iters: 300, epoch: 6 | loss: 0.3896109
	speed: 0.0056s/iter; time left: 13.1655s
	iters: 400, epoch: 6 | loss: 0.6226581
	speed: 0.0059s/iter; time left: 13.2377s
	iters: 500, epoch: 6 | loss: 0.8481052
	speed: 0.0053s/iter; time left: 11.5350s
Epoch: 6 cost time: 3.3 seconds
Epoch: 6, Steps: 532 | Train Loss: 0.5469912 Vali Loss: 3.6515553 Test Loss: 1.0403417
Validation loss decreased (3.718531 --> 3.651555).  Saving model ...
Updating learning rate to 1.5625e-05
	iters: 100, epoch: 7 | loss: 0.6399364
	speed: 0.0225s/iter; time left: 45.5625s
	iters: 200, epoch: 7 | loss: 0.6017100
	speed: 0.0062s/iter; time left: 11.9602s
	iters: 300, epoch: 7 | loss: 0.5453016
	speed: 0.0055s/iter; time left: 10.0103s
	iters: 400, epoch: 7 | loss: 0.5885887
	speed: 0.0056s/iter; time left: 9.6905s
	iters: 500, epoch: 7 | loss: 0.5829425
	speed: 0.0054s/iter; time left: 8.7604s
Epoch: 7 cost time: 3.3 seconds
Epoch: 7, Steps: 532 | Train Loss: 0.5465700 Vali Loss: 3.7208295 Test Loss: 1.0810995
EarlyStopping counter: 1 out of 3
Updating learning rate to 7.8125e-06
	iters: 100, epoch: 8 | loss: 0.4925872
	speed: 0.0202s/iter; time left: 30.2751s
	iters: 200, epoch: 8 | loss: 0.6285009
	speed: 0.0057s/iter; time left: 7.9068s
	iters: 300, epoch: 8 | loss: 0.5630844
	speed: 0.0055s/iter; time left: 7.1978s
	iters: 400, epoch: 8 | loss: 0.4726696
	speed: 0.0056s/iter; time left: 6.6917s
	iters: 500, epoch: 8 | loss: 0.5063480
	speed: 0.0051s/iter; time left: 5.5772s
Epoch: 8 cost time: 3.2 seconds
Epoch: 8, Steps: 532 | Train Loss: 0.5462197 Vali Loss: 3.8254433 Test Loss: 1.1585332
EarlyStopping counter: 2 out of 3
Updating learning rate to 3.90625e-06
	iters: 100, epoch: 9 | loss: 0.4632660
	speed: 0.0199s/iter; time left: 19.2338s
	iters: 200, epoch: 9 | loss: 0.5800427
	speed: 0.0055s/iter; time left: 4.7255s
	iters: 300, epoch: 9 | loss: 0.6532505
	speed: 0.0053s/iter; time left: 4.0743s
	iters: 400, epoch: 9 | loss: 0.6057915
	speed: 0.0052s/iter; time left: 3.4335s
	iters: 500, epoch: 9 | loss: 0.3854965
	speed: 0.0050s/iter; time left: 2.8165s
Epoch: 9 cost time: 3.0 seconds
Epoch: 9, Steps: 532 | Train Loss: 0.5462095 Vali Loss: 3.7493331 Test Loss: 1.1037425
EarlyStopping counter: 3 out of 3
Early stopping
>>>>>>>testing : DLinear_exchange_rate_336_720_M_channels_7_DLinear_M_channels_7<<<<<<<<<<<<<<<<<<<<<<<<<<<<<<<<<
test 798
DLinear_exchange_rate_336_720_M_channels_7_DLinear_M_channels_7
Shapes: pred (792, 720, 8), true (792, 720, 8), naive_pred (792, 720, 8)
Shapes: gt (99, 1056), pd (99, 1056), naive_pd (99, 1056)
Final Metrics:
DLinear      MSE: 1.040342   MAE: 0.766616   SE: 1.803759   RRMSE: 0.718625   RMAE: 0.540123   (numpy)
DLinear      MSE: 1.040342   MAE: 0.766616   SE: 1.803760   RRMSE: 0.718625   RMAE: 0.540123   (torch)

Repeat       MSE: 0.812772   MAE: 0.677462   SE: 1.780517   RRMSE: 0.635183   RMAE: 0.477309   (numpy)
Repeat       MSE: 0.812772   MAE: 0.677462   SE: 1.780517   RRMSE: 0.635183   RMAE: 0.477309   (torch)

