Args in experiment:
Namespace(is_training=1, model_id='DLinear_FITS_exchange_rate_336_192_M_channels_7', model='DLinear_FITS', data='custom', root_path='./dataset/', data_path='exchange_rate.csv', features='M', target='OT', freq='h', checkpoints='./checkpoints/', seq_len=336, label_len=48, pred_len=192, individual=False, embed_type=0, enc_in=7, dec_in=7, c_out=7, d_model=512, n_heads=8, e_layers=2, d_layers=1, d_ff=2048, moving_avg=25, factor=1, distil=True, dropout=0.05, embed='timeF', activation='gelu', output_attention=False, do_predict=False, num_workers=10, itr=1, train_epochs=10, batch_size=8, patience=3, learning_rate=0.0005, des='Exp', loss='mse', lradj='type1', use_amp=False, use_gpu=True, gpu=0, use_multi_gpu=False, devices='0,1,2,3', test_flop=False)
DLinear_FITS_exchange_rate_336_192_M_channels_7_DLinear_FITS_M_channels_7
Using GPU: NVIDIA GeForce RTX 4070 (cuda:0):
FITS cutoff frequency: 49
>>>>>>>start training : DLinear_FITS_exchange_rate_336_192_M_channels_7_DLinear_FITS_M_channels_7>>>>>>>>>>>>>>>>>>>>>>>>>>
train 4784
val 569
test 1326
	iters: 100, epoch: 1 | loss: 0.1922804
	speed: 0.0211s/iter; time left: 123.9027s
	iters: 200, epoch: 1 | loss: 0.2274379
	speed: 0.0076s/iter; time left: 43.9107s
	iters: 300, epoch: 1 | loss: 0.3834861
	speed: 0.0074s/iter; time left: 41.8085s
	iters: 400, epoch: 1 | loss: 0.3588129
	speed: 0.0073s/iter; time left: 40.9110s
	iters: 500, epoch: 1 | loss: 0.3340870
	speed: 0.0075s/iter; time left: 41.0378s
Epoch: 1 cost time: 5.3 seconds
Epoch: 1, Steps: 598 | Train Loss: 0.2737169 Vali Loss: 0.6065899 Test Loss: 0.2937003
Validation loss decreased (inf --> 0.606590).  Saving model ...
Updating learning rate to 0.0005
	iters: 100, epoch: 2 | loss: 0.1498525
	speed: 0.0331s/iter; time left: 174.9073s
	iters: 200, epoch: 2 | loss: 0.1486992
	speed: 0.0080s/iter; time left: 41.4113s
	iters: 300, epoch: 2 | loss: 0.1652002
	speed: 0.0079s/iter; time left: 40.1353s
	iters: 400, epoch: 2 | loss: 0.2625886
	speed: 0.0072s/iter; time left: 35.9516s
	iters: 500, epoch: 2 | loss: 0.1729915
	speed: 0.0071s/iter; time left: 34.5314s
Epoch: 2 cost time: 4.8 seconds
Epoch: 2, Steps: 598 | Train Loss: 0.2414588 Vali Loss: 0.2724914 Test Loss: 0.1731807
Validation loss decreased (0.606590 --> 0.272491).  Saving model ...
Updating learning rate to 0.00025
	iters: 100, epoch: 3 | loss: 0.1765855
	speed: 0.0341s/iter; time left: 159.8752s
	iters: 200, epoch: 3 | loss: 0.3348998
	speed: 0.0078s/iter; time left: 35.7316s
	iters: 300, epoch: 3 | loss: 0.2029852
	speed: 0.0078s/iter; time left: 34.9205s
	iters: 400, epoch: 3 | loss: 0.1620407
	speed: 0.0075s/iter; time left: 32.7512s
	iters: 500, epoch: 3 | loss: 0.1943722
	speed: 0.0083s/iter; time left: 35.7215s
Epoch: 3 cost time: 4.9 seconds
Epoch: 3, Steps: 598 | Train Loss: 0.2340013 Vali Loss: 0.3957002 Test Loss: 0.1841148
EarlyStopping counter: 1 out of 3
Updating learning rate to 0.000125
	iters: 100, epoch: 4 | loss: 0.1732911
	speed: 0.0344s/iter; time left: 140.7573s
	iters: 200, epoch: 4 | loss: 0.2176012
	speed: 0.0080s/iter; time left: 31.9842s
	iters: 300, epoch: 4 | loss: 0.1243476
	speed: 0.0083s/iter; time left: 32.3218s
	iters: 400, epoch: 4 | loss: 0.1726948
	speed: 0.0078s/iter; time left: 29.3857s
	iters: 500, epoch: 4 | loss: 0.1823498
	speed: 0.0076s/iter; time left: 27.8569s
Epoch: 4 cost time: 5.0 seconds
Epoch: 4, Steps: 598 | Train Loss: 0.2295865 Vali Loss: 0.3780838 Test Loss: 0.1733973
EarlyStopping counter: 2 out of 3
Updating learning rate to 6.25e-05
	iters: 100, epoch: 5 | loss: 0.2923907
	speed: 0.0383s/iter; time left: 133.7067s
	iters: 200, epoch: 5 | loss: 0.4538898
	speed: 0.0084s/iter; time left: 28.4201s
	iters: 300, epoch: 5 | loss: 0.4097295
	speed: 0.0111s/iter; time left: 36.4092s
	iters: 400, epoch: 5 | loss: 0.3505549
	speed: 0.0103s/iter; time left: 32.8771s
	iters: 500, epoch: 5 | loss: 0.1894311
	speed: 0.0090s/iter; time left: 27.8483s
Epoch: 5 cost time: 5.9 seconds
Epoch: 5, Steps: 598 | Train Loss: 0.2286172 Vali Loss: 0.3775005 Test Loss: 0.1742358
EarlyStopping counter: 3 out of 3
Early stopping
>>>>>>>testing : DLinear_FITS_exchange_rate_336_192_M_channels_7_DLinear_FITS_M_channels_7<<<<<<<<<<<<<<<<<<<<<<<<<<<<<<<<<
test 1326
DLinear_FITS_exchange_rate_336_192_M_channels_7_DLinear_FITS_M_channels_7
Shapes: pred (1320, 192, 8), true (1320, 192, 8), naive_pred (1320, 192, 8)
Shapes: gt (165, 528), pd (165, 528), naive_pd (165, 528)
Final Metrics:
DLinear_FITS MSE: 0.173181   MAE: 0.307785   SE: 0.295374   RRMSE: 0.289332   RMAE: 0.213991   (numpy)
DLinear_FITS MSE: 0.173181   MAE: 0.307785   SE: 0.295374   RRMSE: 0.289332   RMAE: 0.213991   (torch)

Repeat       MSE: 0.166919   MAE: 0.288571   SE: 0.342343   RRMSE: 0.284054   RMAE: 0.200632   (numpy)
Repeat       MSE: 0.166919   MAE: 0.288571   SE: 0.342343   RRMSE: 0.284054   RMAE: 0.200632   (torch)


Model(
  (decomposition): SeriesDecomp(
    (moving_avg): MovingAvg(
      (avg): AvgPool1d(kernel_size=(25,), stride=(1,), padding=(0,))
    )
  )
  (fits): FITS(
    (frequency_upsampler): Linear(in_features=49, out_features=77, bias=True)
  )
  (Linear_Seasonal): Linear(in_features=336, out_features=192, bias=True)
  (Linear_Trend): Linear(in_features=336, out_features=192, bias=True)
)
