Args in experiment:
Namespace(is_training=1, model_id='DLinear_FITS_exchange_rate_336_720_M_channels_7', model='DLinear_FITS', data='custom', root_path='./dataset/', data_path='exchange_rate.csv', features='M', target='OT', freq='h', checkpoints='./checkpoints/', seq_len=336, label_len=48, pred_len=720, individual=False, embed_type=0, enc_in=7, dec_in=7, c_out=7, d_model=512, n_heads=8, e_layers=2, d_layers=1, d_ff=2048, moving_avg=25, factor=1, distil=True, dropout=0.05, embed='timeF', activation='gelu', output_attention=False, do_predict=False, num_workers=10, itr=1, train_epochs=10, batch_size=8, patience=3, learning_rate=0.0005, des='Exp', loss='mse', lradj='type1', use_amp=False, use_gpu=True, gpu=0, use_multi_gpu=False, devices='0,1,2,3', test_flop=False)
DLinear_FITS_exchange_rate_336_720_M_channels_7_DLinear_FITS_M_channels_7
Using GPU: NVIDIA GeForce RTX 4070 (cuda:0):
FITS cutoff frequency: 49
>>>>>>>start training : DLinear_FITS_exchange_rate_336_720_M_channels_7_DLinear_FITS_M_channels_7>>>>>>>>>>>>>>>>>>>>>>>>>>
train 4256
val 41
test 798
	iters: 100, epoch: 1 | loss: 0.7682104
	speed: 0.0195s/iter; time left: 101.8533s
	iters: 200, epoch: 1 | loss: 0.4520999
	speed: 0.0064s/iter; time left: 32.6826s
	iters: 300, epoch: 1 | loss: 0.5236138
	speed: 0.0069s/iter; time left: 34.5442s
	iters: 400, epoch: 1 | loss: 0.5816818
	speed: 0.0061s/iter; time left: 29.8102s
	iters: 500, epoch: 1 | loss: 0.6393548
	speed: 0.0067s/iter; time left: 32.1384s
Epoch: 1 cost time: 4.4 seconds
Epoch: 1, Steps: 532 | Train Loss: 0.6318489 Vali Loss: 4.2222877 Test Loss: 1.5748827
Validation loss decreased (inf --> 4.222288).  Saving model ...
Updating learning rate to 0.0005
	iters: 100, epoch: 2 | loss: 0.5476567
	speed: 0.0234s/iter; time left: 109.5141s
	iters: 200, epoch: 2 | loss: 0.4314908
	speed: 0.0074s/iter; time left: 33.7406s
	iters: 300, epoch: 2 | loss: 0.6996039
	speed: 0.0073s/iter; time left: 32.7720s
	iters: 400, epoch: 2 | loss: 0.6298603
	speed: 0.0073s/iter; time left: 32.1983s
	iters: 500, epoch: 2 | loss: 0.5330616
	speed: 0.0071s/iter; time left: 30.5450s
Epoch: 2 cost time: 4.2 seconds
Epoch: 2, Steps: 532 | Train Loss: 0.5659069 Vali Loss: 3.6949279 Test Loss: 1.1655422
Validation loss decreased (4.222288 --> 3.694928).  Saving model ...
Updating learning rate to 0.00025
	iters: 100, epoch: 3 | loss: 0.5636044
	speed: 0.0233s/iter; time left: 97.0244s
	iters: 200, epoch: 3 | loss: 0.7299379
	speed: 0.0077s/iter; time left: 31.2291s
	iters: 300, epoch: 3 | loss: 0.3963475
	speed: 0.0076s/iter; time left: 30.2546s
	iters: 400, epoch: 3 | loss: 0.5681641
	speed: 0.0075s/iter; time left: 28.9349s
	iters: 500, epoch: 3 | loss: 0.6268136
	speed: 0.0078s/iter; time left: 29.3981s
Epoch: 3 cost time: 4.3 seconds
Epoch: 3, Steps: 532 | Train Loss: 0.5556470 Vali Loss: 3.9942346 Test Loss: 1.3603616
EarlyStopping counter: 1 out of 3
Updating learning rate to 0.000125
	iters: 100, epoch: 4 | loss: 0.5118002
	speed: 0.0228s/iter; time left: 82.6006s
	iters: 200, epoch: 4 | loss: 0.4922279
	speed: 0.0073s/iter; time left: 25.5699s
	iters: 300, epoch: 4 | loss: 0.3841543
	speed: 0.0074s/iter; time left: 25.4759s
	iters: 400, epoch: 4 | loss: 0.5744175
	speed: 0.0075s/iter; time left: 24.9660s
	iters: 500, epoch: 4 | loss: 0.3523079
	speed: 0.0071s/iter; time left: 22.9204s
Epoch: 4 cost time: 4.1 seconds
Epoch: 4, Steps: 532 | Train Loss: 0.5508216 Vali Loss: 3.5734856 Test Loss: 1.0743341
Validation loss decreased (3.694928 --> 3.573486).  Saving model ...
Updating learning rate to 6.25e-05
	iters: 100, epoch: 5 | loss: 0.4498046
	speed: 0.0242s/iter; time left: 75.0052s
	iters: 200, epoch: 5 | loss: 0.4754164
	speed: 0.0071s/iter; time left: 21.3234s
	iters: 300, epoch: 5 | loss: 0.4574233
	speed: 0.0070s/iter; time left: 20.1761s
	iters: 400, epoch: 5 | loss: 0.4480920
	speed: 0.0075s/iter; time left: 20.8239s
	iters: 500, epoch: 5 | loss: 0.6898295
	speed: 0.0076s/iter; time left: 20.3486s
Epoch: 5 cost time: 4.2 seconds
Epoch: 5, Steps: 532 | Train Loss: 0.5484225 Vali Loss: 3.4931970 Test Loss: 1.0227330
Validation loss decreased (3.573486 --> 3.493197).  Saving model ...
Updating learning rate to 3.125e-05
	iters: 100, epoch: 6 | loss: 0.4679888
	speed: 0.0230s/iter; time left: 58.9264s
	iters: 200, epoch: 6 | loss: 0.4995545
	speed: 0.0073s/iter; time left: 18.0185s
	iters: 300, epoch: 6 | loss: 0.5172524
	speed: 0.0071s/iter; time left: 16.6618s
	iters: 400, epoch: 6 | loss: 0.5933163
	speed: 0.0075s/iter; time left: 16.8544s
	iters: 500, epoch: 6 | loss: 0.4955724
	speed: 0.0069s/iter; time left: 14.9816s
Epoch: 6 cost time: 4.1 seconds
Epoch: 6, Steps: 532 | Train Loss: 0.5476608 Vali Loss: 3.3859990 Test Loss: 0.9624358
Validation loss decreased (3.493197 --> 3.385999).  Saving model ...
Updating learning rate to 1.5625e-05
	iters: 100, epoch: 7 | loss: 0.7336940
	speed: 0.0231s/iter; time left: 46.7781s
	iters: 200, epoch: 7 | loss: 0.5925008
	speed: 0.0073s/iter; time left: 14.1551s
	iters: 300, epoch: 7 | loss: 0.6462903
	speed: 0.0075s/iter; time left: 13.6927s
	iters: 400, epoch: 7 | loss: 0.4690056
	speed: 0.0072s/iter; time left: 12.3729s
	iters: 500, epoch: 7 | loss: 0.6506145
	speed: 0.0073s/iter; time left: 11.9093s
Epoch: 7 cost time: 4.1 seconds
Epoch: 7, Steps: 532 | Train Loss: 0.5469639 Vali Loss: 3.5475106 Test Loss: 1.0531963
EarlyStopping counter: 1 out of 3
Updating learning rate to 7.8125e-06
	iters: 100, epoch: 8 | loss: 0.5855791
	speed: 0.0233s/iter; time left: 34.9300s
	iters: 200, epoch: 8 | loss: 0.4535219
	speed: 0.0074s/iter; time left: 10.3137s
	iters: 300, epoch: 8 | loss: 0.6873021
	speed: 0.0074s/iter; time left: 9.5963s
	iters: 400, epoch: 8 | loss: 0.6113371
	speed: 0.0071s/iter; time left: 8.5512s
	iters: 500, epoch: 8 | loss: 0.5541049
	speed: 0.0074s/iter; time left: 8.1341s
Epoch: 8 cost time: 4.2 seconds
Epoch: 8, Steps: 532 | Train Loss: 0.5466202 Vali Loss: 3.6448638 Test Loss: 1.1182821
EarlyStopping counter: 2 out of 3
Updating learning rate to 3.90625e-06
	iters: 100, epoch: 9 | loss: 0.6563718
	speed: 0.0228s/iter; time left: 22.0373s
	iters: 200, epoch: 9 | loss: 0.4587416
	speed: 0.0075s/iter; time left: 6.4911s
	iters: 300, epoch: 9 | loss: 0.6033822
	speed: 0.0077s/iter; time left: 5.8784s
	iters: 400, epoch: 9 | loss: 0.5964652
	speed: 0.0076s/iter; time left: 5.0362s
	iters: 500, epoch: 9 | loss: 0.4218687
	speed: 0.0077s/iter; time left: 4.3545s
Epoch: 9 cost time: 4.3 seconds
Epoch: 9, Steps: 532 | Train Loss: 0.5463343 Vali Loss: 3.6172366 Test Loss: 1.1048867
EarlyStopping counter: 3 out of 3
Early stopping
>>>>>>>testing : DLinear_FITS_exchange_rate_336_720_M_channels_7_DLinear_FITS_M_channels_7<<<<<<<<<<<<<<<<<<<<<<<<<<<<<<<<<
test 798
DLinear_FITS_exchange_rate_336_720_M_channels_7_DLinear_FITS_M_channels_7
Shapes: pred (792, 720, 8), true (792, 720, 8), naive_pred (792, 720, 8)
Shapes: gt (99, 1056), pd (99, 1056), naive_pd (99, 1056)
Final Metrics:
DLinear_FITS MSE: 0.962436   MAE: 0.735548   SE: 1.485079   RRMSE: 0.691195   RMAE: 0.518233   (numpy)
DLinear_FITS MSE: 0.962436   MAE: 0.735548   SE: 1.485079   RRMSE: 0.691195   RMAE: 0.518233   (torch)

Repeat       MSE: 0.812772   MAE: 0.677462   SE: 1.780517   RRMSE: 0.635183   RMAE: 0.477309   (numpy)
Repeat       MSE: 0.812772   MAE: 0.677462   SE: 1.780517   RRMSE: 0.635183   RMAE: 0.477309   (torch)


Model(
  (decomposition): SeriesDecomp(
    (moving_avg): MovingAvg(
      (avg): AvgPool1d(kernel_size=(25,), stride=(1,), padding=(0,))
    )
  )
  (fits): FITS(
    (frequency_upsampler): Linear(in_features=49, out_features=154, bias=True)
  )
  (Linear_Seasonal): Linear(in_features=336, out_features=720, bias=True)
  (Linear_Trend): Linear(in_features=336, out_features=720, bias=True)
)
