Args in experiment:
Namespace(is_training=1, model_id='DLinear_exchange_rate_336_96_M_channels_7', model='DLinear', data='custom', root_path='./dataset/', data_path='exchange_rate.csv', features='M', target='OT', freq='h', checkpoints='./checkpoints/', seq_len=336, label_len=48, pred_len=96, individual=False, embed_type=0, enc_in=7, dec_in=7, c_out=7, d_model=512, n_heads=8, e_layers=2, d_layers=1, d_ff=2048, moving_avg=25, factor=1, distil=True, dropout=0.05, embed='timeF', activation='gelu', output_attention=False, do_predict=False, num_workers=10, itr=1, train_epochs=10, batch_size=8, patience=3, learning_rate=0.0005, des='Exp', loss='mse', lradj='type1', use_amp=False, use_gpu=True, gpu=0, use_multi_gpu=False, devices='0,1,2,3', test_flop=False)
DLinear_exchange_rate_336_96_M_channels_7_DLinear_M_channels_7
Using GPU: NVIDIA GeForce RTX 4070 (cuda:0):
>>>>>>>start training : DLinear_exchange_rate_336_96_M_channels_7_DLinear_M_channels_7>>>>>>>>>>>>>>>>>>>>>>>>>>
train 4880
val 665
test 1422
	iters: 100, epoch: 1 | loss: 0.1205339
	speed: 0.0194s/iter; time left: 116.2460s
	iters: 200, epoch: 1 | loss: 0.1142029
	speed: 0.0049s/iter; time left: 28.6942s
	iters: 300, epoch: 1 | loss: 0.1050034
	speed: 0.0045s/iter; time left: 26.3409s
	iters: 400, epoch: 1 | loss: 0.0451236
	speed: 0.0048s/iter; time left: 27.2855s
	iters: 500, epoch: 1 | loss: 0.1270517
	speed: 0.0052s/iter; time left: 28.9150s
	iters: 600, epoch: 1 | loss: 0.2508155
	speed: 0.0057s/iter; time left: 31.4919s
Epoch: 1 cost time: 4.1 seconds
Epoch: 1, Steps: 610 | Train Loss: 0.1451684 Vali Loss: 0.2134464 Test Loss: 0.1000851
Validation loss decreased (inf --> 0.213446).  Saving model ...
Updating learning rate to 0.0005
	iters: 100, epoch: 2 | loss: 0.1015611
	speed: 0.0222s/iter; time left: 119.5358s
	iters: 200, epoch: 2 | loss: 0.1042091
	speed: 0.0051s/iter; time left: 27.1075s
	iters: 300, epoch: 2 | loss: 0.0784512
	speed: 0.0047s/iter; time left: 24.3566s
	iters: 400, epoch: 2 | loss: 0.0785986
	speed: 0.0049s/iter; time left: 24.9811s
	iters: 500, epoch: 2 | loss: 0.1555597
	speed: 0.0049s/iter; time left: 24.4260s
	iters: 600, epoch: 2 | loss: 0.1988782
	speed: 0.0046s/iter; time left: 22.7064s
Epoch: 2 cost time: 3.2 seconds
Epoch: 2, Steps: 610 | Train Loss: 0.1243380 Vali Loss: 0.1615254 Test Loss: 0.0817246
Validation loss decreased (0.213446 --> 0.161525).  Saving model ...
Updating learning rate to 0.00025
	iters: 100, epoch: 3 | loss: 0.4257508
	speed: 0.0240s/iter; time left: 114.9453s
	iters: 200, epoch: 3 | loss: 0.0885285
	speed: 0.0053s/iter; time left: 25.0165s
	iters: 300, epoch: 3 | loss: 0.1239530
	speed: 0.0052s/iter; time left: 23.7763s
	iters: 400, epoch: 3 | loss: 0.0964143
	speed: 0.0054s/iter; time left: 24.0552s
	iters: 500, epoch: 3 | loss: 0.1199759
	speed: 0.0052s/iter; time left: 22.9756s
	iters: 600, epoch: 3 | loss: 0.0731060
	speed: 0.0055s/iter; time left: 23.6218s
Epoch: 3 cost time: 3.5 seconds
Epoch: 3, Steps: 610 | Train Loss: 0.1189367 Vali Loss: 0.1587881 Test Loss: 0.0806451
Validation loss decreased (0.161525 --> 0.158788).  Saving model ...
Updating learning rate to 0.000125
	iters: 100, epoch: 4 | loss: 0.1395593
	speed: 0.0246s/iter; time left: 102.5084s
	iters: 200, epoch: 4 | loss: 0.0609611
	speed: 0.0055s/iter; time left: 22.2757s
	iters: 300, epoch: 4 | loss: 0.1858590
	speed: 0.0053s/iter; time left: 21.1174s
	iters: 400, epoch: 4 | loss: 0.1589073
	speed: 0.0052s/iter; time left: 19.9498s
	iters: 500, epoch: 4 | loss: 0.2484534
	speed: 0.0052s/iter; time left: 19.7305s
	iters: 600, epoch: 4 | loss: 0.1045929
	speed: 0.0051s/iter; time left: 18.7518s
Epoch: 4 cost time: 3.5 seconds
Epoch: 4, Steps: 610 | Train Loss: 0.1162998 Vali Loss: 0.1993439 Test Loss: 0.0937477
EarlyStopping counter: 1 out of 3
Updating learning rate to 6.25e-05
	iters: 100, epoch: 5 | loss: 0.0771070
	speed: 0.0254s/iter; time left: 90.2878s
	iters: 200, epoch: 5 | loss: 0.0756436
	speed: 0.0054s/iter; time left: 18.6646s
	iters: 300, epoch: 5 | loss: 0.1898574
	speed: 0.0061s/iter; time left: 20.6495s
	iters: 400, epoch: 5 | loss: 0.0782534
	speed: 0.0054s/iter; time left: 17.5396s
	iters: 500, epoch: 5 | loss: 0.0868698
	speed: 0.0057s/iter; time left: 18.0637s
	iters: 600, epoch: 5 | loss: 0.0938977
	speed: 0.0051s/iter; time left: 15.6588s
Epoch: 5 cost time: 3.7 seconds
Epoch: 5, Steps: 610 | Train Loss: 0.1157342 Vali Loss: 0.1677936 Test Loss: 0.0813088
EarlyStopping counter: 2 out of 3
Updating learning rate to 3.125e-05
	iters: 100, epoch: 6 | loss: 0.1142267
	speed: 0.0290s/iter; time left: 85.7260s
	iters: 200, epoch: 6 | loss: 0.1000862
	speed: 0.0052s/iter; time left: 14.9198s
	iters: 300, epoch: 6 | loss: 0.0522852
	speed: 0.0053s/iter; time left: 14.6450s
	iters: 400, epoch: 6 | loss: 0.1925899
	speed: 0.0049s/iter; time left: 12.9690s
	iters: 500, epoch: 6 | loss: 0.0716645
	speed: 0.0050s/iter; time left: 12.8175s
	iters: 600, epoch: 6 | loss: 0.0648545
	speed: 0.0051s/iter; time left: 12.4932s
Epoch: 6 cost time: 3.5 seconds
Epoch: 6, Steps: 610 | Train Loss: 0.1150712 Vali Loss: 0.1756083 Test Loss: 0.0841641
EarlyStopping counter: 3 out of 3
Early stopping
>>>>>>>testing : DLinear_exchange_rate_336_96_M_channels_7_DLinear_M_channels_7<<<<<<<<<<<<<<<<<<<<<<<<<<<<<<<<<
test 1422
DLinear_exchange_rate_336_96_M_channels_7_DLinear_M_channels_7
Shapes: pred (1416, 96, 8), true (1416, 96, 8), naive_pred (1416, 96, 8)
Shapes: gt (177, 432), pd (177, 432), naive_pd (177, 432)
Final Metrics:
DLinear      MSE: 0.080645   MAE: 0.202916   SE: 0.183663   RRMSE: 0.195066   RMAE: 0.139383   (numpy)
DLinear      MSE: 0.080645   MAE: 0.202916   SE: 0.183663   RRMSE: 0.195066   RMAE: 0.139383   (torch)

Repeat       MSE: 0.080829   MAE: 0.196013   SE: 0.164268   RRMSE: 0.195288   RMAE: 0.134641   (numpy)
Repeat       MSE: 0.080829   MAE: 0.196013   SE: 0.164268   RRMSE: 0.195288   RMAE: 0.134641   (torch)

