Args in experiment:
Namespace(is_training=1, model_id='DLinear_FITS_GD_336_96_M_channels_6', model='DLinear_FITS', data='custom', root_path='./dataset/', data_path='GD.csv', features='M', target='Adj Close', freq='h', checkpoints='./checkpoints/', seq_len=336, label_len=48, pred_len=96, individual=False, embed_type=0, enc_in=6, dec_in=7, c_out=7, d_model=512, n_heads=8, e_layers=2, d_layers=1, d_ff=2048, moving_avg=25, factor=1, distil=True, dropout=0.05, embed='timeF', activation='gelu', output_attention=False, do_predict=False, num_workers=10, itr=1, train_epochs=10, batch_size=8, patience=3, learning_rate=0.0005, des='Exp', loss='mse', lradj='type1', use_amp=False, use_gpu=True, gpu=0, use_multi_gpu=False, devices='0,1,2,3', test_flop=False)
DLinear_FITS_GD_336_96_M_channels_6_DLinear_FITS_M_channels_6
Using GPU: NVIDIA GeForce RTX 4070 (cuda:0):
FITS cutoff frequency: 49
>>>>>>>start training : DLinear_FITS_GD_336_96_M_channels_6_DLinear_FITS_M_channels_6>>>>>>>>>>>>>>>>>>>>>>>>>>
train 10575
val 1479
test 3049
	iters: 100, epoch: 1 | loss: 0.4837200
	speed: 0.0199s/iter; time left: 261.0898s
	iters: 200, epoch: 1 | loss: 0.1382463
	speed: 0.0076s/iter; time left: 98.9204s
	iters: 300, epoch: 1 | loss: 0.1498121
	speed: 0.0072s/iter; time left: 92.6623s
	iters: 400, epoch: 1 | loss: 0.2738597
	speed: 0.0067s/iter; time left: 86.0763s
	iters: 500, epoch: 1 | loss: 0.1221871
	speed: 0.0076s/iter; time left: 95.9712s
	iters: 600, epoch: 1 | loss: 0.1709512
	speed: 0.0074s/iter; time left: 92.9841s
	iters: 700, epoch: 1 | loss: 0.1424926
	speed: 0.0071s/iter; time left: 88.7711s
	iters: 800, epoch: 1 | loss: 0.1062455
	speed: 0.0070s/iter; time left: 86.7619s
	iters: 900, epoch: 1 | loss: 0.0677194
	speed: 0.0074s/iter; time left: 91.7110s
	iters: 1000, epoch: 1 | loss: 0.1068728
	speed: 0.0075s/iter; time left: 91.3400s
	iters: 1100, epoch: 1 | loss: 0.1229200
	speed: 0.0075s/iter; time left: 90.8063s
	iters: 1200, epoch: 1 | loss: 0.1422502
	speed: 0.0075s/iter; time left: 89.9977s
	iters: 1300, epoch: 1 | loss: 0.1681954
	speed: 0.0074s/iter; time left: 87.8491s
Epoch: 1 cost time: 10.6 seconds
Epoch: 1, Steps: 1321 | Train Loss: 0.1662918 Vali Loss: 0.6105217 Test Loss: 1.8144264
Validation loss decreased (inf --> 0.610522).  Saving model ...
Updating learning rate to 0.0005
	iters: 100, epoch: 2 | loss: 0.1080542
	speed: 0.0443s/iter; time left: 521.9495s
	iters: 200, epoch: 2 | loss: 0.0791805
	speed: 0.0076s/iter; time left: 88.7111s
	iters: 300, epoch: 2 | loss: 0.1797717
	speed: 0.0078s/iter; time left: 90.5449s
	iters: 400, epoch: 2 | loss: 0.1648316
	speed: 0.0080s/iter; time left: 91.8121s
	iters: 500, epoch: 2 | loss: 0.4319412
	speed: 0.0079s/iter; time left: 90.4151s
	iters: 600, epoch: 2 | loss: 0.1075236
	speed: 0.0075s/iter; time left: 84.5684s
	iters: 700, epoch: 2 | loss: 0.1199449
	speed: 0.0078s/iter; time left: 86.7746s
	iters: 800, epoch: 2 | loss: 0.1942015
	speed: 0.0078s/iter; time left: 85.9506s
	iters: 900, epoch: 2 | loss: 0.1836399
	speed: 0.0077s/iter; time left: 85.0284s
	iters: 1000, epoch: 2 | loss: 0.0768128
	speed: 0.0077s/iter; time left: 83.6928s
	iters: 1100, epoch: 2 | loss: 0.2761343
	speed: 0.0082s/iter; time left: 88.0945s
	iters: 1200, epoch: 2 | loss: 0.2271652
	speed: 0.0081s/iter; time left: 86.3823s
	iters: 1300, epoch: 2 | loss: 0.0945463
	speed: 0.0080s/iter; time left: 85.2019s
Epoch: 2 cost time: 10.6 seconds
Epoch: 2, Steps: 1321 | Train Loss: 0.1496537 Vali Loss: 0.6854329 Test Loss: 2.5425038
EarlyStopping counter: 1 out of 3
Updating learning rate to 0.00025
	iters: 100, epoch: 3 | loss: 0.1488054
	speed: 0.0452s/iter; time left: 472.7950s
	iters: 200, epoch: 3 | loss: 0.1474935
	speed: 0.0075s/iter; time left: 77.9487s
	iters: 300, epoch: 3 | loss: 0.0916095
	speed: 0.0077s/iter; time left: 78.5867s
	iters: 400, epoch: 3 | loss: 0.1673619
	speed: 0.0075s/iter; time left: 76.6425s
	iters: 500, epoch: 3 | loss: 0.1492244
	speed: 0.0075s/iter; time left: 75.3397s
	iters: 600, epoch: 3 | loss: 0.1250197
	speed: 0.0077s/iter; time left: 77.1774s
	iters: 700, epoch: 3 | loss: 0.2274175
	speed: 0.0074s/iter; time left: 73.4219s
	iters: 800, epoch: 3 | loss: 0.1438309
	speed: 0.0073s/iter; time left: 71.0534s
	iters: 900, epoch: 3 | loss: 0.0935686
	speed: 0.0077s/iter; time left: 74.3449s
	iters: 1000, epoch: 3 | loss: 0.1374834
	speed: 0.0080s/iter; time left: 76.8473s
	iters: 1100, epoch: 3 | loss: 0.1302063
	speed: 0.0078s/iter; time left: 73.8725s
	iters: 1200, epoch: 3 | loss: 0.2197648
	speed: 0.0076s/iter; time left: 71.2454s
	iters: 1300, epoch: 3 | loss: 0.1811842
	speed: 0.0074s/iter; time left: 68.2523s
Epoch: 3 cost time: 10.4 seconds
Epoch: 3, Steps: 1321 | Train Loss: 0.1430691 Vali Loss: 0.5747744 Test Loss: 1.4929074
Validation loss decreased (0.610522 --> 0.574774).  Saving model ...
Updating learning rate to 0.000125
	iters: 100, epoch: 4 | loss: 0.0854225
	speed: 0.0438s/iter; time left: 400.4524s
	iters: 200, epoch: 4 | loss: 0.0967946
	speed: 0.0071s/iter; time left: 64.0953s
	iters: 300, epoch: 4 | loss: 0.3364747
	speed: 0.0072s/iter; time left: 64.2321s
	iters: 400, epoch: 4 | loss: 0.1803588
	speed: 0.0074s/iter; time left: 65.0550s
	iters: 500, epoch: 4 | loss: 0.2709167
	speed: 0.0073s/iter; time left: 63.8020s
	iters: 600, epoch: 4 | loss: 0.1359108
	speed: 0.0072s/iter; time left: 62.6957s
	iters: 700, epoch: 4 | loss: 0.1061895
	speed: 0.0073s/iter; time left: 62.2267s
	iters: 800, epoch: 4 | loss: 0.0842082
	speed: 0.0076s/iter; time left: 63.9586s
	iters: 900, epoch: 4 | loss: 0.1302773
	speed: 0.0079s/iter; time left: 65.6207s
	iters: 1000, epoch: 4 | loss: 0.1278230
	speed: 0.0078s/iter; time left: 64.5100s
	iters: 1100, epoch: 4 | loss: 0.2178473
	speed: 0.0076s/iter; time left: 62.1226s
	iters: 1200, epoch: 4 | loss: 0.1040888
	speed: 0.0078s/iter; time left: 63.1106s
	iters: 1300, epoch: 4 | loss: 0.2388572
	speed: 0.0075s/iter; time left: 59.7921s
Epoch: 4 cost time: 10.1 seconds
Epoch: 4, Steps: 1321 | Train Loss: 0.1402263 Vali Loss: 0.5519895 Test Loss: 1.6599823
Validation loss decreased (0.574774 --> 0.551989).  Saving model ...
Updating learning rate to 6.25e-05
	iters: 100, epoch: 5 | loss: 0.3162588
	speed: 0.0447s/iter; time left: 349.9551s
	iters: 200, epoch: 5 | loss: 0.1359034
	speed: 0.0084s/iter; time left: 64.6862s
	iters: 300, epoch: 5 | loss: 0.1191952
	speed: 0.0078s/iter; time left: 59.7143s
	iters: 400, epoch: 5 | loss: 0.1536462
	speed: 0.0078s/iter; time left: 58.4534s
	iters: 500, epoch: 5 | loss: 0.1075462
	speed: 0.0079s/iter; time left: 58.5856s
	iters: 600, epoch: 5 | loss: 0.0901382
	speed: 0.0080s/iter; time left: 58.8239s
	iters: 700, epoch: 5 | loss: 0.0519411
	speed: 0.0075s/iter; time left: 54.3341s
	iters: 800, epoch: 5 | loss: 0.1708911
	speed: 0.0075s/iter; time left: 53.6823s
	iters: 900, epoch: 5 | loss: 0.0871410
	speed: 0.0076s/iter; time left: 53.3534s
	iters: 1000, epoch: 5 | loss: 0.2242247
	speed: 0.0076s/iter; time left: 52.8067s
	iters: 1100, epoch: 5 | loss: 0.0964897
	speed: 0.0079s/iter; time left: 54.2477s
	iters: 1200, epoch: 5 | loss: 0.1208517
	speed: 0.0080s/iter; time left: 53.5915s
	iters: 1300, epoch: 5 | loss: 0.2009593
	speed: 0.0080s/iter; time left: 53.3035s
Epoch: 5 cost time: 10.7 seconds
Epoch: 5, Steps: 1321 | Train Loss: 0.1386385 Vali Loss: 0.5592207 Test Loss: 1.4238812
EarlyStopping counter: 1 out of 3
Updating learning rate to 3.125e-05
	iters: 100, epoch: 6 | loss: 0.0836384
	speed: 0.0437s/iter; time left: 283.9882s
	iters: 200, epoch: 6 | loss: 0.6262041
	speed: 0.0078s/iter; time left: 50.1065s
	iters: 300, epoch: 6 | loss: 0.1122148
	speed: 0.0079s/iter; time left: 49.5887s
	iters: 400, epoch: 6 | loss: 0.1712134
	speed: 0.0077s/iter; time left: 47.5822s
	iters: 500, epoch: 6 | loss: 0.1332362
	speed: 0.0076s/iter; time left: 46.1782s
	iters: 600, epoch: 6 | loss: 0.1100760
	speed: 0.0074s/iter; time left: 44.5299s
	iters: 700, epoch: 6 | loss: 0.0736881
	speed: 0.0072s/iter; time left: 42.3928s
	iters: 800, epoch: 6 | loss: 0.0775770
	speed: 0.0072s/iter; time left: 42.0115s
	iters: 900, epoch: 6 | loss: 0.0431460
	speed: 0.0074s/iter; time left: 42.0740s
	iters: 1000, epoch: 6 | loss: 0.1126136
	speed: 0.0075s/iter; time left: 41.9552s
	iters: 1100, epoch: 6 | loss: 0.1398164
	speed: 0.0072s/iter; time left: 39.3769s
	iters: 1200, epoch: 6 | loss: 0.1053653
	speed: 0.0075s/iter; time left: 40.3978s
	iters: 1300, epoch: 6 | loss: 0.1762874
	speed: 0.0076s/iter; time left: 40.3236s
Epoch: 6 cost time: 10.1 seconds
Epoch: 6, Steps: 1321 | Train Loss: 0.1378207 Vali Loss: 0.5579816 Test Loss: 1.4138548
EarlyStopping counter: 2 out of 3
Updating learning rate to 1.5625e-05
	iters: 100, epoch: 7 | loss: 0.0906669
	speed: 0.0437s/iter; time left: 226.5654s
	iters: 200, epoch: 7 | loss: 0.0831748
	speed: 0.0083s/iter; time left: 42.0340s
	iters: 300, epoch: 7 | loss: 0.1365079
	speed: 0.0081s/iter; time left: 40.5178s
	iters: 400, epoch: 7 | loss: 0.1754645
	speed: 0.0080s/iter; time left: 38.8369s
	iters: 500, epoch: 7 | loss: 0.1846443
	speed: 0.0073s/iter; time left: 35.0554s
	iters: 600, epoch: 7 | loss: 0.1266841
	speed: 0.0072s/iter; time left: 33.8540s
	iters: 700, epoch: 7 | loss: 0.1364766
	speed: 0.0075s/iter; time left: 34.2350s
	iters: 800, epoch: 7 | loss: 0.1583119
	speed: 0.0078s/iter; time left: 35.1538s
	iters: 900, epoch: 7 | loss: 0.1523311
	speed: 0.0078s/iter; time left: 34.3590s
	iters: 1000, epoch: 7 | loss: 0.0640586
	speed: 0.0076s/iter; time left: 32.3636s
	iters: 1100, epoch: 7 | loss: 0.1386906
	speed: 0.0080s/iter; time left: 33.4762s
	iters: 1200, epoch: 7 | loss: 0.1573361
	speed: 0.0079s/iter; time left: 32.2260s
	iters: 1300, epoch: 7 | loss: 0.0505854
	speed: 0.0081s/iter; time left: 32.2697s
Epoch: 7 cost time: 10.6 seconds
Epoch: 7, Steps: 1321 | Train Loss: 0.1373190 Vali Loss: 0.5634755 Test Loss: 1.3816174
EarlyStopping counter: 3 out of 3
Early stopping
>>>>>>>testing : DLinear_FITS_GD_336_96_M_channels_6_DLinear_FITS_M_channels_6<<<<<<<<<<<<<<<<<<<<<<<<<<<<<<<<<
test 3049
DLinear_FITS_GD_336_96_M_channels_6_DLinear_FITS_M_channels_6
Shapes: pred (3048, 96, 6), true (3048, 96, 6), naive_pred (3048, 96, 6)
Shapes: gt (381, 432), pd (381, 432), naive_pd (381, 432)
Final Metrics:
DLinear_FITS MSE: 1.659981   MAE: 0.933224   SE: 3.267602   RRMSE: 0.129330   RMAE: 0.093677   (numpy)
DLinear_FITS MSE: 1.659982   MAE: 0.933223   SE: 3.267602   RRMSE: 0.129330   RMAE: 0.093677   (torch)

Repeat       MSE: 1.196488   MAE: 0.763345   SE: 2.283030   RRMSE: 0.109800   RMAE: 0.076625   (numpy)
Repeat       MSE: 1.196488   MAE: 0.763345   SE: 2.283030   RRMSE: 0.109800   RMAE: 0.076625   (torch)


Model(
  (decomposition): SeriesDecomp(
    (moving_avg): MovingAvg(
      (avg): AvgPool1d(kernel_size=(25,), stride=(1,), padding=(0,))
    )
  )
  (fits): FITS(
    (frequency_upsampler): Linear(in_features=49, out_features=63, bias=True)
  )
  (Linear_Seasonal): Linear(in_features=336, out_features=96, bias=True)
  (Linear_Trend): Linear(in_features=336, out_features=96, bias=True)
)
