Args in experiment:
Namespace(is_training=1, model_id='DLinear_MRO_336_336_M_channels_6', model='DLinear', data='custom', root_path='./dataset/', data_path='MRO.csv', features='M', target='Adj Close', freq='h', checkpoints='./checkpoints/', seq_len=336, label_len=48, pred_len=336, individual=False, embed_type=0, enc_in=6, dec_in=7, c_out=7, d_model=512, n_heads=8, e_layers=2, d_layers=1, d_ff=2048, moving_avg=25, factor=1, distil=True, dropout=0.05, embed='timeF', activation='gelu', output_attention=False, do_predict=False, num_workers=10, itr=1, train_epochs=10, batch_size=8, patience=3, learning_rate=0.0005, des='Exp', loss='mse', lradj='type1', use_amp=False, use_gpu=True, gpu=0, use_multi_gpu=False, devices='0,1,2,3', test_flop=False)
DLinear_MRO_336_336_M_channels_6_DLinear_M_channels_6
Using GPU: NVIDIA GeForce RTX 4070 (cuda:0):
>>>>>>>start training : DLinear_MRO_336_336_M_channels_6_DLinear_M_channels_6>>>>>>>>>>>>>>>>>>>>>>>>>>
train 10335
val 1239
test 2809
	iters: 100, epoch: 1 | loss: 0.4804520
	speed: 0.0184s/iter; time left: 235.5747s
	iters: 200, epoch: 1 | loss: 0.1839257
	speed: 0.0048s/iter; time left: 60.4672s
	iters: 300, epoch: 1 | loss: 0.4304875
	speed: 0.0048s/iter; time left: 60.2336s
	iters: 400, epoch: 1 | loss: 0.5637475
	speed: 0.0048s/iter; time left: 60.5876s
	iters: 500, epoch: 1 | loss: 0.2556314
	speed: 0.0049s/iter; time left: 61.1417s
	iters: 600, epoch: 1 | loss: 0.7781938
	speed: 0.0047s/iter; time left: 57.2713s
	iters: 700, epoch: 1 | loss: 0.2587888
	speed: 0.0046s/iter; time left: 56.0349s
	iters: 800, epoch: 1 | loss: 0.3307883
	speed: 0.0046s/iter; time left: 55.2599s
	iters: 900, epoch: 1 | loss: 0.5581496
	speed: 0.0046s/iter; time left: 55.1043s
	iters: 1000, epoch: 1 | loss: 0.4187479
	speed: 0.0048s/iter; time left: 57.2909s
	iters: 1100, epoch: 1 | loss: 0.3225662
	speed: 0.0048s/iter; time left: 56.9430s
	iters: 1200, epoch: 1 | loss: 0.2227202
	speed: 0.0048s/iter; time left: 56.1482s
Epoch: 1 cost time: 7.1 seconds
Epoch: 1, Steps: 1291 | Train Loss: 0.3858059 Vali Loss: 13.6017685 Test Loss: 13.5667067
Validation loss decreased (inf --> 13.601768).  Saving model ...
Updating learning rate to 0.0005
	iters: 100, epoch: 2 | loss: 0.1338982
	speed: 0.0394s/iter; time left: 454.2456s
	iters: 200, epoch: 2 | loss: 0.4265666
	speed: 0.0060s/iter; time left: 68.8295s
	iters: 300, epoch: 2 | loss: 0.1699156
	speed: 0.0066s/iter; time left: 74.7959s
	iters: 400, epoch: 2 | loss: 0.4815111
	speed: 0.0064s/iter; time left: 71.3004s
	iters: 500, epoch: 2 | loss: 0.6255854
	speed: 0.0064s/iter; time left: 71.1813s
	iters: 600, epoch: 2 | loss: 0.1590332
	speed: 0.0071s/iter; time left: 77.7089s
	iters: 700, epoch: 2 | loss: 0.1767491
	speed: 0.0049s/iter; time left: 53.3554s
	iters: 800, epoch: 2 | loss: 0.2625575
	speed: 0.0051s/iter; time left: 54.9614s
	iters: 900, epoch: 2 | loss: 0.3056293
	speed: 0.0050s/iter; time left: 53.3556s
	iters: 1000, epoch: 2 | loss: 0.4618981
	speed: 0.0047s/iter; time left: 50.3136s
	iters: 1100, epoch: 2 | loss: 0.2820666
	speed: 0.0052s/iter; time left: 54.9178s
	iters: 1200, epoch: 2 | loss: 0.3618080
	speed: 0.0052s/iter; time left: 53.8232s
Epoch: 2 cost time: 7.7 seconds
Epoch: 2, Steps: 1291 | Train Loss: 0.3785896 Vali Loss: 9.2004795 Test Loss: 10.0495930
Validation loss decreased (13.601768 --> 9.200480).  Saving model ...
Updating learning rate to 0.00025
	iters: 100, epoch: 3 | loss: 0.3992380
	speed: 0.0405s/iter; time left: 413.9593s
	iters: 200, epoch: 3 | loss: 0.4950444
	speed: 0.0052s/iter; time left: 52.7326s
	iters: 300, epoch: 3 | loss: 0.2069720
	speed: 0.0052s/iter; time left: 52.3025s
	iters: 400, epoch: 3 | loss: 0.5176500
	speed: 0.0052s/iter; time left: 51.7752s
	iters: 500, epoch: 3 | loss: 0.3807918
	speed: 0.0055s/iter; time left: 53.7867s
	iters: 600, epoch: 3 | loss: 0.3081109
	speed: 0.0054s/iter; time left: 52.4033s
	iters: 700, epoch: 3 | loss: 0.3656442
	speed: 0.0051s/iter; time left: 49.3671s
	iters: 800, epoch: 3 | loss: 0.2728157
	speed: 0.0050s/iter; time left: 48.0390s
	iters: 900, epoch: 3 | loss: 0.4065666
	speed: 0.0052s/iter; time left: 49.3754s
	iters: 1000, epoch: 3 | loss: 0.1962336
	speed: 0.0051s/iter; time left: 47.7615s
	iters: 1100, epoch: 3 | loss: 0.4066977
	speed: 0.0049s/iter; time left: 45.0573s
	iters: 1200, epoch: 3 | loss: 0.4246947
	speed: 0.0050s/iter; time left: 45.5944s
Epoch: 3 cost time: 7.0 seconds
Epoch: 3, Steps: 1291 | Train Loss: 0.3714323 Vali Loss: 7.7629261 Test Loss: 9.1212091
Validation loss decreased (9.200480 --> 7.762926).  Saving model ...
Updating learning rate to 0.000125
	iters: 100, epoch: 4 | loss: 0.1871177
	speed: 0.0401s/iter; time left: 358.4972s
	iters: 200, epoch: 4 | loss: 0.5683551
	speed: 0.0057s/iter; time left: 49.9661s
	iters: 300, epoch: 4 | loss: 0.2914372
	speed: 0.0051s/iter; time left: 44.4838s
	iters: 400, epoch: 4 | loss: 0.4579591
	speed: 0.0054s/iter; time left: 46.3084s
	iters: 500, epoch: 4 | loss: 0.2399784
	speed: 0.0054s/iter; time left: 45.6790s
	iters: 600, epoch: 4 | loss: 0.2334165
	speed: 0.0053s/iter; time left: 44.6471s
	iters: 700, epoch: 4 | loss: 0.2113857
	speed: 0.0053s/iter; time left: 44.2819s
	iters: 800, epoch: 4 | loss: 0.5506271
	speed: 0.0051s/iter; time left: 41.6986s
	iters: 900, epoch: 4 | loss: 0.2332990
	speed: 0.0051s/iter; time left: 41.2354s
	iters: 1000, epoch: 4 | loss: 0.7050998
	speed: 0.0051s/iter; time left: 40.7475s
	iters: 1100, epoch: 4 | loss: 0.5585814
	speed: 0.0049s/iter; time left: 38.5045s
	iters: 1200, epoch: 4 | loss: 0.4666647
	speed: 0.0050s/iter; time left: 38.9591s
Epoch: 4 cost time: 7.0 seconds
Epoch: 4, Steps: 1291 | Train Loss: 0.3673124 Vali Loss: 9.3231049 Test Loss: 10.1406488
EarlyStopping counter: 1 out of 3
Updating learning rate to 6.25e-05
	iters: 100, epoch: 5 | loss: 0.3442186
	speed: 0.0437s/iter; time left: 334.3540s
	iters: 200, epoch: 5 | loss: 0.3024954
	speed: 0.0051s/iter; time left: 38.5624s
	iters: 300, epoch: 5 | loss: 0.6387647
	speed: 0.0051s/iter; time left: 37.7322s
	iters: 400, epoch: 5 | loss: 0.2741414
	speed: 0.0053s/iter; time left: 38.6528s
	iters: 500, epoch: 5 | loss: 0.4210756
	speed: 0.0054s/iter; time left: 38.8506s
	iters: 600, epoch: 5 | loss: 0.4604389
	speed: 0.0055s/iter; time left: 39.5671s
	iters: 700, epoch: 5 | loss: 0.4503234
	speed: 0.0058s/iter; time left: 40.9001s
	iters: 800, epoch: 5 | loss: 0.3338755
	speed: 0.0054s/iter; time left: 37.3105s
	iters: 900, epoch: 5 | loss: 0.2186616
	speed: 0.0056s/iter; time left: 38.6664s
	iters: 1000, epoch: 5 | loss: 0.3709052
	speed: 0.0054s/iter; time left: 36.6729s
	iters: 1100, epoch: 5 | loss: 0.6613822
	speed: 0.0056s/iter; time left: 36.9568s
	iters: 1200, epoch: 5 | loss: 0.3815717
	speed: 0.0060s/iter; time left: 38.9672s
Epoch: 5 cost time: 7.3 seconds
Epoch: 5, Steps: 1291 | Train Loss: 0.3653464 Vali Loss: 8.9155293 Test Loss: 9.7859554
EarlyStopping counter: 2 out of 3
Updating learning rate to 3.125e-05
	iters: 100, epoch: 6 | loss: 0.2586927
	speed: 0.0435s/iter; time left: 276.4026s
	iters: 200, epoch: 6 | loss: 0.3923993
	speed: 0.0057s/iter; time left: 35.7064s
	iters: 300, epoch: 6 | loss: 0.6721957
	speed: 0.0055s/iter; time left: 33.8031s
	iters: 400, epoch: 6 | loss: 0.2745569
	speed: 0.0057s/iter; time left: 34.5273s
	iters: 500, epoch: 6 | loss: 0.4664297
	speed: 0.0049s/iter; time left: 29.2051s
	iters: 600, epoch: 6 | loss: 0.2863130
	speed: 0.0054s/iter; time left: 31.4337s
	iters: 700, epoch: 6 | loss: 0.5677194
	speed: 0.0054s/iter; time left: 30.8043s
	iters: 800, epoch: 6 | loss: 0.7880409
	speed: 0.0051s/iter; time left: 29.0957s
	iters: 900, epoch: 6 | loss: 0.3112046
	speed: 0.0051s/iter; time left: 28.2443s
	iters: 1000, epoch: 6 | loss: 0.5125344
	speed: 0.0053s/iter; time left: 29.1028s
	iters: 1100, epoch: 6 | loss: 0.3370519
	speed: 0.0052s/iter; time left: 27.8862s
	iters: 1200, epoch: 6 | loss: 0.3515799
	speed: 0.0054s/iter; time left: 28.6092s
Epoch: 6 cost time: 7.2 seconds
Epoch: 6, Steps: 1291 | Train Loss: 0.3640276 Vali Loss: 8.0051298 Test Loss: 9.2296400
EarlyStopping counter: 3 out of 3
Early stopping
>>>>>>>testing : DLinear_MRO_336_336_M_channels_6_DLinear_M_channels_6<<<<<<<<<<<<<<<<<<<<<<<<<<<<<<<<<
test 2809
DLinear_MRO_336_336_M_channels_6_DLinear_M_channels_6
Shapes: pred (2808, 336, 6), true (2808, 336, 6), naive_pred (2808, 336, 6)
Shapes: gt (351, 672), pd (351, 672), naive_pd (351, 672)
Final Metrics:
DLinear      MSE: 9.121209   MAE: 2.177881   SE: 15.830594  RRMSE: 0.530484   RMAE: 0.382543   (numpy)
DLinear      MSE: 9.121208   MAE: 2.177881   SE: 15.830596  RRMSE: 0.530484   RMAE: 0.382543   (torch)

Repeat       MSE: 10.411037  MAE: 2.190049   SE: 18.626980  RRMSE: 0.566752   RMAE: 0.384680   (numpy)
Repeat       MSE: 10.411036  MAE: 2.190050   SE: 18.626982  RRMSE: 0.566752   RMAE: 0.384680   (torch)

