Args in experiment:
Namespace(is_training=1, model_id='DLinear_FITS_exchange_rate_336_336_M_channels_7', model='DLinear_FITS', data='custom', root_path='./dataset/', data_path='exchange_rate.csv', features='M', target='OT', freq='h', checkpoints='./checkpoints/', seq_len=336, label_len=48, pred_len=336, individual=False, embed_type=0, enc_in=7, dec_in=7, c_out=7, d_model=512, n_heads=8, e_layers=2, d_layers=1, d_ff=2048, moving_avg=25, factor=1, distil=True, dropout=0.05, embed='timeF', activation='gelu', output_attention=False, do_predict=False, num_workers=10, itr=1, train_epochs=10, batch_size=8, patience=3, learning_rate=0.0005, des='Exp', loss='mse', lradj='type1', use_amp=False, use_gpu=True, gpu=0, use_multi_gpu=False, devices='0,1,2,3', test_flop=False)
DLinear_FITS_exchange_rate_336_336_M_channels_7_DLinear_FITS_M_channels_7
Using GPU: NVIDIA GeForce RTX 4070 (cuda:0):
FITS cutoff frequency: 49
>>>>>>>start training : DLinear_FITS_exchange_rate_336_336_M_channels_7_DLinear_FITS_M_channels_7>>>>>>>>>>>>>>>>>>>>>>>>>>
train 4640
val 425
test 1182
	iters: 100, epoch: 1 | loss: 0.4124312
	speed: 0.0209s/iter; time left: 118.9699s
	iters: 200, epoch: 1 | loss: 0.6559585
	speed: 0.0075s/iter; time left: 42.1702s
	iters: 300, epoch: 1 | loss: 0.4354818
	speed: 0.0075s/iter; time left: 41.3898s
	iters: 400, epoch: 1 | loss: 0.6360923
	speed: 0.0070s/iter; time left: 37.6115s
	iters: 500, epoch: 1 | loss: 0.2201028
	speed: 0.0074s/iter; time left: 39.3426s
Epoch: 1 cost time: 5.2 seconds
Epoch: 1, Steps: 580 | Train Loss: 0.4251725 Vali Loss: 1.3763405 Test Loss: 0.5142554
Validation loss decreased (inf --> 1.376341).  Saving model ...
Updating learning rate to 0.0005
	iters: 100, epoch: 2 | loss: 0.4907636
	speed: 0.0298s/iter; time left: 152.8112s
	iters: 200, epoch: 2 | loss: 0.3648166
	speed: 0.0079s/iter; time left: 39.8270s
	iters: 300, epoch: 2 | loss: 0.3143221
	speed: 0.0078s/iter; time left: 38.2683s
	iters: 400, epoch: 2 | loss: 0.4378342
	speed: 0.0080s/iter; time left: 38.7653s
	iters: 500, epoch: 2 | loss: 0.4049531
	speed: 0.0078s/iter; time left: 36.7091s
Epoch: 2 cost time: 4.8 seconds
Epoch: 2, Steps: 580 | Train Loss: 0.3852978 Vali Loss: 0.8281289 Test Loss: 0.3003168
Validation loss decreased (1.376341 --> 0.828129).  Saving model ...
Updating learning rate to 0.00025
	iters: 100, epoch: 3 | loss: 0.4168767
	speed: 0.0335s/iter; time left: 152.3273s
	iters: 200, epoch: 3 | loss: 0.2902113
	speed: 0.0079s/iter; time left: 35.0405s
	iters: 300, epoch: 3 | loss: 0.5700244
	speed: 0.0079s/iter; time left: 34.3941s
	iters: 400, epoch: 3 | loss: 0.2845340
	speed: 0.0068s/iter; time left: 28.7658s
	iters: 500, epoch: 3 | loss: 0.5717860
	speed: 0.0067s/iter; time left: 27.9325s
Epoch: 3 cost time: 4.6 seconds
Epoch: 3, Steps: 580 | Train Loss: 0.3774708 Vali Loss: 1.1083859 Test Loss: 0.4377012
EarlyStopping counter: 1 out of 3
Updating learning rate to 0.000125
	iters: 100, epoch: 4 | loss: 0.3745740
	speed: 0.0300s/iter; time left: 119.0182s
	iters: 200, epoch: 4 | loss: 0.2733256
	speed: 0.0078s/iter; time left: 30.1361s
	iters: 300, epoch: 4 | loss: 0.2539211
	speed: 0.0080s/iter; time left: 29.9103s
	iters: 400, epoch: 4 | loss: 0.1764793
	speed: 0.0079s/iter; time left: 28.8665s
	iters: 500, epoch: 4 | loss: 0.4075620
	speed: 0.0081s/iter; time left: 28.7700s
Epoch: 4 cost time: 4.8 seconds
Epoch: 4, Steps: 580 | Train Loss: 0.3710459 Vali Loss: 1.1971643 Test Loss: 0.4893267
EarlyStopping counter: 2 out of 3
Updating learning rate to 6.25e-05
	iters: 100, epoch: 5 | loss: 0.3819800
	speed: 0.0334s/iter; time left: 113.0102s
	iters: 200, epoch: 5 | loss: 0.3311674
	speed: 0.0079s/iter; time left: 26.0494s
	iters: 300, epoch: 5 | loss: 0.3756150
	speed: 0.0087s/iter; time left: 27.5301s
	iters: 400, epoch: 5 | loss: 0.3384358
	speed: 0.0085s/iter; time left: 26.1419s
	iters: 500, epoch: 5 | loss: 0.4707009
	speed: 0.0091s/iter; time left: 27.0092s
Epoch: 5 cost time: 5.2 seconds
Epoch: 5, Steps: 580 | Train Loss: 0.3686820 Vali Loss: 0.9434655 Test Loss: 0.3478619
EarlyStopping counter: 3 out of 3
Early stopping
>>>>>>>testing : DLinear_FITS_exchange_rate_336_336_M_channels_7_DLinear_FITS_M_channels_7<<<<<<<<<<<<<<<<<<<<<<<<<<<<<<<<<
test 1182
DLinear_FITS_exchange_rate_336_336_M_channels_7_DLinear_FITS_M_channels_7
Shapes: pred (1176, 336, 8), true (1176, 336, 8), naive_pred (1176, 336, 8)
Shapes: gt (147, 672), pd (147, 672), naive_pd (147, 672)
Final Metrics:
DLinear_FITS MSE: 0.300317   MAE: 0.416204   SE: 0.701667   RRMSE: 0.385088   RMAE: 0.292467   (numpy)
DLinear_FITS MSE: 0.300317   MAE: 0.416204   SE: 0.701666   RRMSE: 0.385088   RMAE: 0.292467   (torch)

Repeat       MSE: 0.305604   MAE: 0.397465   SE: 0.625618   RRMSE: 0.388463   RMAE: 0.279299   (numpy)
Repeat       MSE: 0.305604   MAE: 0.397465   SE: 0.625618   RRMSE: 0.388463   RMAE: 0.279299   (torch)


Model(
  (decomposition): SeriesDecomp(
    (moving_avg): MovingAvg(
      (avg): AvgPool1d(kernel_size=(25,), stride=(1,), padding=(0,))
    )
  )
  (fits): FITS(
    (frequency_upsampler): Linear(in_features=49, out_features=98, bias=True)
  )
  (Linear_Seasonal): Linear(in_features=336, out_features=336, bias=True)
  (Linear_Trend): Linear(in_features=336, out_features=336, bias=True)
)
