Args in experiment:
Namespace(is_training=1, model_id='DLinear_FITS_exchange_rate_336_96_M_channels_7', model='DLinear_FITS', data='custom', root_path='./dataset/', data_path='exchange_rate.csv', features='M', target='OT', freq='h', checkpoints='./checkpoints/', seq_len=336, label_len=48, pred_len=96, individual=False, embed_type=0, enc_in=7, dec_in=7, c_out=7, d_model=512, n_heads=8, e_layers=2, d_layers=1, d_ff=2048, moving_avg=25, factor=1, distil=True, dropout=0.05, embed='timeF', activation='gelu', output_attention=False, do_predict=False, num_workers=10, itr=1, train_epochs=10, batch_size=8, patience=3, learning_rate=0.0005, des='Exp', loss='mse', lradj='type1', use_amp=False, use_gpu=True, gpu=0, use_multi_gpu=False, devices='0,1,2,3', test_flop=False)
DLinear_FITS_exchange_rate_336_96_M_channels_7_DLinear_FITS_M_channels_7
Using GPU: NVIDIA GeForce RTX 4070 (cuda:0):
FITS cutoff frequency: 49
>>>>>>>start training : DLinear_FITS_exchange_rate_336_96_M_channels_7_DLinear_FITS_M_channels_7>>>>>>>>>>>>>>>>>>>>>>>>>>
train 4880
val 665
test 1422
	iters: 100, epoch: 1 | loss: 0.1233250
	speed: 0.0206s/iter; time left: 123.3316s
	iters: 200, epoch: 1 | loss: 0.1129463
	speed: 0.0075s/iter; time left: 44.1279s
	iters: 300, epoch: 1 | loss: 0.0893831
	speed: 0.0073s/iter; time left: 42.4686s
	iters: 400, epoch: 1 | loss: 0.2817209
	speed: 0.0069s/iter; time left: 39.5359s
	iters: 500, epoch: 1 | loss: 0.1203056
	speed: 0.0068s/iter; time left: 37.8407s
	iters: 600, epoch: 1 | loss: 0.1126115
	speed: 0.0070s/iter; time left: 38.3098s
Epoch: 1 cost time: 5.3 seconds
Epoch: 1, Steps: 610 | Train Loss: 0.1559865 Vali Loss: 0.1866813 Test Loss: 0.0911426
Validation loss decreased (inf --> 0.186681).  Saving model ...
Updating learning rate to 0.0005
	iters: 100, epoch: 2 | loss: 0.1138750
	speed: 0.0270s/iter; time left: 145.6301s
	iters: 200, epoch: 2 | loss: 0.1290128
	speed: 0.0079s/iter; time left: 41.7891s
	iters: 300, epoch: 2 | loss: 0.1222200
	speed: 0.0078s/iter; time left: 40.2480s
	iters: 400, epoch: 2 | loss: 0.2607708
	speed: 0.0083s/iter; time left: 42.4062s
	iters: 500, epoch: 2 | loss: 0.1477788
	speed: 0.0079s/iter; time left: 39.4890s
	iters: 600, epoch: 2 | loss: 0.0858926
	speed: 0.0078s/iter; time left: 38.3171s
Epoch: 2 cost time: 5.0 seconds
Epoch: 2, Steps: 610 | Train Loss: 0.1262976 Vali Loss: 0.1485753 Test Loss: 0.0889128
Validation loss decreased (0.186681 --> 0.148575).  Saving model ...
Updating learning rate to 0.00025
	iters: 100, epoch: 3 | loss: 0.1374116
	speed: 0.0282s/iter; time left: 134.8345s
	iters: 200, epoch: 3 | loss: 0.1094480
	speed: 0.0075s/iter; time left: 34.9355s
	iters: 300, epoch: 3 | loss: 0.0815357
	speed: 0.0074s/iter; time left: 33.7934s
	iters: 400, epoch: 3 | loss: 0.0849281
	speed: 0.0076s/iter; time left: 33.9169s
	iters: 500, epoch: 3 | loss: 0.1167850
	speed: 0.0075s/iter; time left: 32.6713s
	iters: 600, epoch: 3 | loss: 0.0943177
	speed: 0.0077s/iter; time left: 32.7994s
Epoch: 3 cost time: 4.9 seconds
Epoch: 3, Steps: 610 | Train Loss: 0.1195835 Vali Loss: 0.2018109 Test Loss: 0.0964671
EarlyStopping counter: 1 out of 3
Updating learning rate to 0.000125
	iters: 100, epoch: 4 | loss: 0.0805257
	speed: 0.0286s/iter; time left: 119.3059s
	iters: 200, epoch: 4 | loss: 0.2892009
	speed: 0.0074s/iter; time left: 30.1630s
	iters: 300, epoch: 4 | loss: 0.0752540
	speed: 0.0077s/iter; time left: 30.5177s
	iters: 400, epoch: 4 | loss: 0.3194209
	speed: 0.0075s/iter; time left: 29.1010s
	iters: 500, epoch: 4 | loss: 0.0709761
	speed: 0.0077s/iter; time left: 29.0074s
	iters: 600, epoch: 4 | loss: 0.0800199
	speed: 0.0077s/iter; time left: 28.0939s
Epoch: 4 cost time: 4.9 seconds
Epoch: 4, Steps: 610 | Train Loss: 0.1173490 Vali Loss: 0.1753474 Test Loss: 0.0855435
EarlyStopping counter: 2 out of 3
Updating learning rate to 6.25e-05
	iters: 100, epoch: 5 | loss: 0.0527662
	speed: 0.0307s/iter; time left: 109.2234s
	iters: 200, epoch: 5 | loss: 0.0719824
	speed: 0.0078s/iter; time left: 27.0437s
	iters: 300, epoch: 5 | loss: 0.0684574
	speed: 0.0080s/iter; time left: 26.8977s
	iters: 400, epoch: 5 | loss: 0.3009855
	speed: 0.0076s/iter; time left: 24.7158s
	iters: 500, epoch: 5 | loss: 0.1324032
	speed: 0.0086s/iter; time left: 27.3273s
	iters: 600, epoch: 5 | loss: 0.1842861
	speed: 0.0084s/iter; time left: 25.8093s
Epoch: 5 cost time: 5.3 seconds
Epoch: 5, Steps: 610 | Train Loss: 0.1161517 Vali Loss: 0.1929734 Test Loss: 0.0901234
EarlyStopping counter: 3 out of 3
Early stopping
>>>>>>>testing : DLinear_FITS_exchange_rate_336_96_M_channels_7_DLinear_FITS_M_channels_7<<<<<<<<<<<<<<<<<<<<<<<<<<<<<<<<<
test 1422
DLinear_FITS_exchange_rate_336_96_M_channels_7_DLinear_FITS_M_channels_7
Shapes: pred (1416, 96, 8), true (1416, 96, 8), naive_pred (1416, 96, 8)
Shapes: gt (177, 432), pd (177, 432), naive_pd (177, 432)
Final Metrics:
DLinear_FITS MSE: 0.088913   MAE: 0.214177   SE: 0.151725   RRMSE: 0.204821   RMAE: 0.147118   (numpy)
DLinear_FITS MSE: 0.088913   MAE: 0.214177   SE: 0.151725   RRMSE: 0.204821   RMAE: 0.147118   (torch)

Repeat       MSE: 0.080829   MAE: 0.196013   SE: 0.164268   RRMSE: 0.195288   RMAE: 0.134641   (numpy)
Repeat       MSE: 0.080829   MAE: 0.196013   SE: 0.164268   RRMSE: 0.195288   RMAE: 0.134641   (torch)


Model(
  (decomposition): SeriesDecomp(
    (moving_avg): MovingAvg(
      (avg): AvgPool1d(kernel_size=(25,), stride=(1,), padding=(0,))
    )
  )
  (fits): FITS(
    (frequency_upsampler): Linear(in_features=49, out_features=63, bias=True)
  )
  (Linear_Seasonal): Linear(in_features=336, out_features=96, bias=True)
  (Linear_Trend): Linear(in_features=336, out_features=96, bias=True)
)
