Args in experiment:
Namespace(is_training=1, model_id='DLinear_MRO_336_192_M_channels_6', model='DLinear', data='custom', root_path='./dataset/', data_path='MRO.csv', features='M', target='Adj Close', freq='h', checkpoints='./checkpoints/', seq_len=336, label_len=48, pred_len=192, individual=False, embed_type=0, enc_in=6, dec_in=7, c_out=7, d_model=512, n_heads=8, e_layers=2, d_layers=1, d_ff=2048, moving_avg=25, factor=1, distil=True, dropout=0.05, embed='timeF', activation='gelu', output_attention=False, do_predict=False, num_workers=10, itr=1, train_epochs=10, batch_size=8, patience=3, learning_rate=0.0005, des='Exp', loss='mse', lradj='type1', use_amp=False, use_gpu=True, gpu=0, use_multi_gpu=False, devices='0,1,2,3', test_flop=False)
DLinear_MRO_336_192_M_channels_6_DLinear_M_channels_6
Using GPU: NVIDIA GeForce RTX 4070 (cuda:0):
>>>>>>>start training : DLinear_MRO_336_192_M_channels_6_DLinear_M_channels_6>>>>>>>>>>>>>>>>>>>>>>>>>>
train 10479
val 1383
test 2953
	iters: 100, epoch: 1 | loss: 0.1177512
	speed: 0.0185s/iter; time left: 240.1248s
	iters: 200, epoch: 1 | loss: 0.2686428
	speed: 0.0046s/iter; time left: 59.3494s
	iters: 300, epoch: 1 | loss: 0.1529852
	speed: 0.0047s/iter; time left: 59.5454s
	iters: 400, epoch: 1 | loss: 0.5051115
	speed: 0.0047s/iter; time left: 60.2107s
	iters: 500, epoch: 1 | loss: 0.3701493
	speed: 0.0046s/iter; time left: 58.2432s
	iters: 600, epoch: 1 | loss: 0.5018563
	speed: 0.0049s/iter; time left: 61.3050s
	iters: 700, epoch: 1 | loss: 0.1514521
	speed: 0.0048s/iter; time left: 58.9878s
	iters: 800, epoch: 1 | loss: 0.1593545
	speed: 0.0050s/iter; time left: 61.7287s
	iters: 900, epoch: 1 | loss: 0.4096163
	speed: 0.0048s/iter; time left: 58.3578s
	iters: 1000, epoch: 1 | loss: 0.5240496
	speed: 0.0050s/iter; time left: 60.9891s
	iters: 1100, epoch: 1 | loss: 0.1846502
	speed: 0.0049s/iter; time left: 58.8211s
	iters: 1200, epoch: 1 | loss: 0.3906691
	speed: 0.0048s/iter; time left: 57.0283s
	iters: 1300, epoch: 1 | loss: 0.2313813
	speed: 0.0049s/iter; time left: 57.6087s
Epoch: 1 cost time: 7.3 seconds
Epoch: 1, Steps: 1309 | Train Loss: 0.2818224 Vali Loss: 5.4112678 Test Loss: 6.2033072
Validation loss decreased (inf --> 5.411268).  Saving model ...
Updating learning rate to 0.0005
	iters: 100, epoch: 2 | loss: 0.3095901
	speed: 0.0366s/iter; time left: 427.6358s
	iters: 200, epoch: 2 | loss: 0.2428132
	speed: 0.0054s/iter; time left: 62.0809s
	iters: 300, epoch: 2 | loss: 0.2404567
	speed: 0.0054s/iter; time left: 61.6991s
	iters: 400, epoch: 2 | loss: 0.3700995
	speed: 0.0057s/iter; time left: 64.3316s
	iters: 500, epoch: 2 | loss: 0.2542789
	speed: 0.0052s/iter; time left: 58.6289s
	iters: 600, epoch: 2 | loss: 0.2316682
	speed: 0.0054s/iter; time left: 60.8129s
	iters: 700, epoch: 2 | loss: 0.2244474
	speed: 0.0051s/iter; time left: 56.9351s
	iters: 800, epoch: 2 | loss: 0.4021082
	speed: 0.0056s/iter; time left: 61.2373s
	iters: 900, epoch: 2 | loss: 0.2825114
	speed: 0.0050s/iter; time left: 54.0953s
	iters: 1000, epoch: 2 | loss: 0.4361460
	speed: 0.0053s/iter; time left: 57.1087s
	iters: 1100, epoch: 2 | loss: 0.3166264
	speed: 0.0048s/iter; time left: 51.4730s
	iters: 1200, epoch: 2 | loss: 0.1870072
	speed: 0.0051s/iter; time left: 53.9110s
	iters: 1300, epoch: 2 | loss: 0.1931331
	speed: 0.0053s/iter; time left: 55.1302s
Epoch: 2 cost time: 7.2 seconds
Epoch: 2, Steps: 1309 | Train Loss: 0.2730960 Vali Loss: 12.2514505 Test Loss: 12.5567675
EarlyStopping counter: 1 out of 3
Updating learning rate to 0.00025
	iters: 100, epoch: 3 | loss: 0.1712591
	speed: 0.0389s/iter; time left: 403.1880s
	iters: 200, epoch: 3 | loss: 0.1664822
	speed: 0.0058s/iter; time left: 59.5944s
	iters: 300, epoch: 3 | loss: 0.0740240
	speed: 0.0054s/iter; time left: 54.7939s
	iters: 400, epoch: 3 | loss: 0.2037935
	speed: 0.0050s/iter; time left: 50.1279s
	iters: 500, epoch: 3 | loss: 0.4367253
	speed: 0.0051s/iter; time left: 51.2481s
	iters: 600, epoch: 3 | loss: 0.1711098
	speed: 0.0050s/iter; time left: 49.8013s
	iters: 700, epoch: 3 | loss: 0.2632852
	speed: 0.0052s/iter; time left: 50.3375s
	iters: 800, epoch: 3 | loss: 0.0960216
	speed: 0.0053s/iter; time left: 51.5907s
	iters: 900, epoch: 3 | loss: 0.3097695
	speed: 0.0052s/iter; time left: 49.6634s
	iters: 1000, epoch: 3 | loss: 0.2375965
	speed: 0.0053s/iter; time left: 49.9594s
	iters: 1100, epoch: 3 | loss: 0.1201243
	speed: 0.0054s/iter; time left: 50.7170s
	iters: 1200, epoch: 3 | loss: 0.1648264
	speed: 0.0051s/iter; time left: 47.6068s
	iters: 1300, epoch: 3 | loss: 0.4031381
	speed: 0.0051s/iter; time left: 47.2310s
Epoch: 3 cost time: 7.2 seconds
Epoch: 3, Steps: 1309 | Train Loss: 0.2681996 Vali Loss: 5.7145658 Test Loss: 6.3737440
EarlyStopping counter: 2 out of 3
Updating learning rate to 0.000125
	iters: 100, epoch: 4 | loss: 0.1678291
	speed: 0.0369s/iter; time left: 334.7650s
	iters: 200, epoch: 4 | loss: 0.3455569
	speed: 0.0052s/iter; time left: 46.8987s
	iters: 300, epoch: 4 | loss: 0.2854039
	speed: 0.0053s/iter; time left: 47.0255s
	iters: 400, epoch: 4 | loss: 0.3698501
	speed: 0.0054s/iter; time left: 47.7353s
	iters: 500, epoch: 4 | loss: 0.1141633
	speed: 0.0054s/iter; time left: 46.6793s
	iters: 600, epoch: 4 | loss: 0.2407386
	speed: 0.0053s/iter; time left: 45.7098s
	iters: 700, epoch: 4 | loss: 0.3231167
	speed: 0.0054s/iter; time left: 45.6526s
	iters: 800, epoch: 4 | loss: 0.1982583
	speed: 0.0052s/iter; time left: 43.2386s
	iters: 900, epoch: 4 | loss: 0.4244872
	speed: 0.0051s/iter; time left: 41.9041s
	iters: 1000, epoch: 4 | loss: 0.1355737
	speed: 0.0050s/iter; time left: 40.9816s
	iters: 1100, epoch: 4 | loss: 0.0511671
	speed: 0.0053s/iter; time left: 42.3523s
	iters: 1200, epoch: 4 | loss: 0.3017027
	speed: 0.0055s/iter; time left: 43.9063s
	iters: 1300, epoch: 4 | loss: 0.4052715
	speed: 0.0048s/iter; time left: 37.8122s
Epoch: 4 cost time: 7.2 seconds
Epoch: 4, Steps: 1309 | Train Loss: 0.2631181 Vali Loss: 5.8070240 Test Loss: 6.4769244
EarlyStopping counter: 3 out of 3
Early stopping
>>>>>>>testing : DLinear_MRO_336_192_M_channels_6_DLinear_M_channels_6<<<<<<<<<<<<<<<<<<<<<<<<<<<<<<<<<
test 2953
DLinear_MRO_336_192_M_channels_6_DLinear_M_channels_6
Shapes: pred (2952, 192, 6), true (2952, 192, 6), naive_pred (2952, 192, 6)
Shapes: gt (369, 528), pd (369, 528), naive_pd (369, 528)
Final Metrics:
DLinear      MSE: 6.203311   MAE: 1.765395   SE: 10.376357  RRMSE: 0.430334   RMAE: 0.305025   (numpy)
DLinear      MSE: 6.203307   MAE: 1.765395   SE: 10.376356  RRMSE: 0.430334   RMAE: 0.305025   (torch)

Repeat       MSE: 6.562253   MAE: 1.653275   SE: 10.663110  RRMSE: 0.442609   RMAE: 0.285653   (numpy)
Repeat       MSE: 6.562253   MAE: 1.653276   SE: 10.663110  RRMSE: 0.442609   RMAE: 0.285653   (torch)

