Args in experiment:
Namespace(is_training=1, model_id='FITS_GD_336_96_M_channels_6', model='FITS', data='custom', root_path='./dataset/', data_path='GD.csv', features='M', target='Adj Close', freq='h', checkpoints='./checkpoints/', seq_len=336, label_len=48, pred_len=96, individual=False, embed_type=0, enc_in=6, dec_in=7, c_out=7, d_model=512, n_heads=8, e_layers=2, d_layers=1, d_ff=2048, moving_avg=25, factor=1, distil=True, dropout=0.05, embed='timeF', activation='gelu', output_attention=False, do_predict=False, num_workers=10, itr=1, train_epochs=10, batch_size=8, patience=3, learning_rate=0.0005, des='Exp', loss='mse', lradj='type1', use_amp=False, use_gpu=True, gpu=0, use_multi_gpu=False, devices='0,1,2,3', test_flop=False)
FITS_GD_336_96_M_channels_6_FITS_M_channels_6
Using GPU: NVIDIA GeForce RTX 4070 (cuda:0):
>>>>>>>start training : FITS_GD_336_96_M_channels_6_FITS_M_channels_6>>>>>>>>>>>>>>>>>>>>>>>>>>
train 10575
val 1479
test 3049
	iters: 100, epoch: 1 | loss: 0.3543590
	speed: 0.0192s/iter; time left: 251.1951s
	iters: 200, epoch: 1 | loss: 0.1209644
	speed: 0.0050s/iter; time left: 64.9501s
	iters: 300, epoch: 1 | loss: 0.2741256
	speed: 0.0050s/iter; time left: 64.1374s
	iters: 400, epoch: 1 | loss: 0.1247362
	speed: 0.0048s/iter; time left: 61.7949s
	iters: 500, epoch: 1 | loss: 0.1102900
	speed: 0.0046s/iter; time left: 57.9699s
	iters: 600, epoch: 1 | loss: 0.1544668
	speed: 0.0046s/iter; time left: 58.4497s
	iters: 700, epoch: 1 | loss: 0.0820877
	speed: 0.0046s/iter; time left: 57.6799s
	iters: 800, epoch: 1 | loss: 0.1274443
	speed: 0.0046s/iter; time left: 56.8608s
	iters: 900, epoch: 1 | loss: 0.1172755
	speed: 0.0047s/iter; time left: 57.6463s
	iters: 1000, epoch: 1 | loss: 0.0918379
	speed: 0.0051s/iter; time left: 61.7673s
	iters: 1100, epoch: 1 | loss: 0.1524702
	speed: 0.0053s/iter; time left: 63.7526s
	iters: 1200, epoch: 1 | loss: 0.1089713
	speed: 0.0052s/iter; time left: 62.9371s
	iters: 1300, epoch: 1 | loss: 0.0911868
	speed: 0.0052s/iter; time left: 61.7927s
Epoch: 1 cost time: 7.5 seconds
Epoch: 1, Steps: 1321 | Train Loss: 0.1668282 Vali Loss: 0.6078191 Test Loss: 1.6922668
Validation loss decreased (inf --> 0.607819).  Saving model ...
Updating learning rate to 0.0005
	iters: 100, epoch: 2 | loss: 0.0966907
	speed: 0.0400s/iter; time left: 471.4705s
	iters: 200, epoch: 2 | loss: 0.1499595
	speed: 0.0056s/iter; time left: 65.0758s
	iters: 300, epoch: 2 | loss: 0.1029557
	speed: 0.0055s/iter; time left: 63.8341s
	iters: 400, epoch: 2 | loss: 0.0853048
	speed: 0.0055s/iter; time left: 63.1114s
	iters: 500, epoch: 2 | loss: 0.3157126
	speed: 0.0055s/iter; time left: 62.2492s
	iters: 600, epoch: 2 | loss: 0.1841066
	speed: 0.0052s/iter; time left: 59.1163s
	iters: 700, epoch: 2 | loss: 0.0957223
	speed: 0.0053s/iter; time left: 59.5547s
	iters: 800, epoch: 2 | loss: 0.2106667
	speed: 0.0055s/iter; time left: 61.2931s
	iters: 900, epoch: 2 | loss: 0.1133065
	speed: 0.0054s/iter; time left: 59.0154s
	iters: 1000, epoch: 2 | loss: 0.2392941
	speed: 0.0052s/iter; time left: 56.5238s
	iters: 1100, epoch: 2 | loss: 0.0708060
	speed: 0.0052s/iter; time left: 56.5719s
	iters: 1200, epoch: 2 | loss: 0.1118510
	speed: 0.0055s/iter; time left: 58.9876s
	iters: 1300, epoch: 2 | loss: 0.3045151
	speed: 0.0053s/iter; time left: 55.6891s
Epoch: 2 cost time: 7.4 seconds
Epoch: 2, Steps: 1321 | Train Loss: 0.1481383 Vali Loss: 0.5716225 Test Loss: 1.6002131
Validation loss decreased (0.607819 --> 0.571622).  Saving model ...
Updating learning rate to 0.00025
	iters: 100, epoch: 3 | loss: 0.1429144
	speed: 0.0383s/iter; time left: 401.0707s
	iters: 200, epoch: 3 | loss: 0.1808329
	speed: 0.0056s/iter; time left: 58.3487s
	iters: 300, epoch: 3 | loss: 0.1025405
	speed: 0.0055s/iter; time left: 56.6243s
	iters: 400, epoch: 3 | loss: 0.1279529
	speed: 0.0055s/iter; time left: 55.5045s
	iters: 500, epoch: 3 | loss: 0.0677466
	speed: 0.0056s/iter; time left: 56.5947s
	iters: 600, epoch: 3 | loss: 0.1050236
	speed: 0.0053s/iter; time left: 52.4637s
	iters: 700, epoch: 3 | loss: 0.1671842
	speed: 0.0053s/iter; time left: 52.0475s
	iters: 800, epoch: 3 | loss: 0.0686588
	speed: 0.0057s/iter; time left: 55.2528s
	iters: 900, epoch: 3 | loss: 0.1402347
	speed: 0.0052s/iter; time left: 50.7372s
	iters: 1000, epoch: 3 | loss: 0.1509742
	speed: 0.0054s/iter; time left: 51.5982s
	iters: 1100, epoch: 3 | loss: 0.1310064
	speed: 0.0053s/iter; time left: 50.3114s
	iters: 1200, epoch: 3 | loss: 0.1755084
	speed: 0.0054s/iter; time left: 50.7840s
	iters: 1300, epoch: 3 | loss: 0.0752438
	speed: 0.0054s/iter; time left: 50.1480s
Epoch: 3 cost time: 7.5 seconds
Epoch: 3, Steps: 1321 | Train Loss: 0.1440465 Vali Loss: 0.5605483 Test Loss: 1.5771295
Validation loss decreased (0.571622 --> 0.560548).  Saving model ...
Updating learning rate to 0.000125
	iters: 100, epoch: 4 | loss: 0.1278071
	speed: 0.0377s/iter; time left: 345.2128s
	iters: 200, epoch: 4 | loss: 0.0931313
	speed: 0.0057s/iter; time left: 51.3395s
	iters: 300, epoch: 4 | loss: 0.1349157
	speed: 0.0057s/iter; time left: 50.9049s
	iters: 400, epoch: 4 | loss: 0.1023151
	speed: 0.0056s/iter; time left: 49.7426s
	iters: 500, epoch: 4 | loss: 0.1850072
	speed: 0.0057s/iter; time left: 49.4849s
	iters: 600, epoch: 4 | loss: 0.1478400
	speed: 0.0052s/iter; time left: 45.0624s
	iters: 700, epoch: 4 | loss: 0.2111594
	speed: 0.0053s/iter; time left: 45.7272s
	iters: 800, epoch: 4 | loss: 0.0831512
	speed: 0.0058s/iter; time left: 48.7983s
	iters: 900, epoch: 4 | loss: 0.1339103
	speed: 0.0058s/iter; time left: 48.0303s
	iters: 1000, epoch: 4 | loss: 0.2487351
	speed: 0.0055s/iter; time left: 45.2569s
	iters: 1100, epoch: 4 | loss: 0.1344608
	speed: 0.0056s/iter; time left: 45.9934s
	iters: 1200, epoch: 4 | loss: 0.3303389
	speed: 0.0057s/iter; time left: 46.2616s
	iters: 1300, epoch: 4 | loss: 0.0557502
	speed: 0.0056s/iter; time left: 44.6425s
Epoch: 4 cost time: 7.6 seconds
Epoch: 4, Steps: 1321 | Train Loss: 0.1415567 Vali Loss: 0.5575648 Test Loss: 1.5529013
Validation loss decreased (0.560548 --> 0.557565).  Saving model ...
Updating learning rate to 6.25e-05
	iters: 100, epoch: 5 | loss: 0.2695719
	speed: 0.0395s/iter; time left: 309.4253s
	iters: 200, epoch: 5 | loss: 0.1051625
	speed: 0.0067s/iter; time left: 51.6806s
	iters: 300, epoch: 5 | loss: 0.0998148
	speed: 0.0061s/iter; time left: 46.2610s
	iters: 400, epoch: 5 | loss: 0.1160976
	speed: 0.0054s/iter; time left: 40.8359s
	iters: 500, epoch: 5 | loss: 0.2074770
	speed: 0.0056s/iter; time left: 41.3401s
	iters: 600, epoch: 5 | loss: 0.2507112
	speed: 0.0063s/iter; time left: 45.9802s
	iters: 700, epoch: 5 | loss: 0.0851401
	speed: 0.0052s/iter; time left: 37.6313s
	iters: 800, epoch: 5 | loss: 0.1088593
	speed: 0.0053s/iter; time left: 37.9810s
	iters: 900, epoch: 5 | loss: 0.0927115
	speed: 0.0054s/iter; time left: 38.1648s
	iters: 1000, epoch: 5 | loss: 0.1807924
	speed: 0.0053s/iter; time left: 36.9952s
	iters: 1100, epoch: 5 | loss: 0.2508965
	speed: 0.0054s/iter; time left: 36.8630s
	iters: 1200, epoch: 5 | loss: 0.1195712
	speed: 0.0056s/iter; time left: 37.6957s
	iters: 1300, epoch: 5 | loss: 0.1864688
	speed: 0.0054s/iter; time left: 35.9620s
Epoch: 5 cost time: 7.9 seconds
Epoch: 5, Steps: 1321 | Train Loss: 0.1401126 Vali Loss: 0.5559633 Test Loss: 1.5420784
Validation loss decreased (0.557565 --> 0.555963).  Saving model ...
Updating learning rate to 3.125e-05
	iters: 100, epoch: 6 | loss: 0.1935228
	speed: 0.0385s/iter; time left: 250.2480s
	iters: 200, epoch: 6 | loss: 0.0937542
	speed: 0.0053s/iter; time left: 33.8143s
	iters: 300, epoch: 6 | loss: 0.0836673
	speed: 0.0056s/iter; time left: 35.0684s
	iters: 400, epoch: 6 | loss: 0.1828488
	speed: 0.0054s/iter; time left: 33.8013s
	iters: 500, epoch: 6 | loss: 0.0967445
	speed: 0.0054s/iter; time left: 33.2202s
	iters: 600, epoch: 6 | loss: 0.0863915
	speed: 0.0054s/iter; time left: 32.5097s
	iters: 700, epoch: 6 | loss: 0.1517504
	speed: 0.0055s/iter; time left: 32.7072s
	iters: 800, epoch: 6 | loss: 0.1346524
	speed: 0.0055s/iter; time left: 31.7510s
	iters: 900, epoch: 6 | loss: 0.1189095
	speed: 0.0054s/iter; time left: 31.0927s
	iters: 1000, epoch: 6 | loss: 0.1495517
	speed: 0.0057s/iter; time left: 31.8783s
	iters: 1100, epoch: 6 | loss: 0.1083978
	speed: 0.0054s/iter; time left: 29.8746s
	iters: 1200, epoch: 6 | loss: 0.0749249
	speed: 0.0056s/iter; time left: 30.1890s
	iters: 1300, epoch: 6 | loss: 0.0915812
	speed: 0.0059s/iter; time left: 31.0705s
Epoch: 6 cost time: 7.6 seconds
Epoch: 6, Steps: 1321 | Train Loss: 0.1391965 Vali Loss: 0.5539036 Test Loss: 1.5392184
Validation loss decreased (0.555963 --> 0.553904).  Saving model ...
Updating learning rate to 1.5625e-05
	iters: 100, epoch: 7 | loss: 0.0929930
	speed: 0.0389s/iter; time left: 201.7739s
	iters: 200, epoch: 7 | loss: 0.0687966
	speed: 0.0060s/iter; time left: 30.7239s
	iters: 300, epoch: 7 | loss: 0.1729882
	speed: 0.0059s/iter; time left: 29.2953s
	iters: 400, epoch: 7 | loss: 0.2474938
	speed: 0.0057s/iter; time left: 27.9932s
	iters: 500, epoch: 7 | loss: 0.1423341
	speed: 0.0056s/iter; time left: 26.6608s
	iters: 600, epoch: 7 | loss: 0.1020477
	speed: 0.0054s/iter; time left: 25.5235s
	iters: 700, epoch: 7 | loss: 0.1225358
	speed: 0.0056s/iter; time left: 25.6752s
	iters: 800, epoch: 7 | loss: 0.0906157
	speed: 0.0054s/iter; time left: 24.0143s
	iters: 900, epoch: 7 | loss: 0.0404547
	speed: 0.0055s/iter; time left: 24.0110s
	iters: 1000, epoch: 7 | loss: 0.0649183
	speed: 0.0052s/iter; time left: 22.2407s
	iters: 1100, epoch: 7 | loss: 0.1981867
	speed: 0.0054s/iter; time left: 22.6071s
	iters: 1200, epoch: 7 | loss: 0.1757674
	speed: 0.0059s/iter; time left: 24.1083s
	iters: 1300, epoch: 7 | loss: 0.1325334
	speed: 0.0059s/iter; time left: 23.4482s
Epoch: 7 cost time: 7.7 seconds
Epoch: 7, Steps: 1321 | Train Loss: 0.1390185 Vali Loss: 0.5556425 Test Loss: 1.5378392
EarlyStopping counter: 1 out of 3
Updating learning rate to 7.8125e-06
	iters: 100, epoch: 8 | loss: 0.0696465
	speed: 0.0410s/iter; time left: 158.4186s
	iters: 200, epoch: 8 | loss: 0.1543136
	speed: 0.0057s/iter; time left: 21.4549s
	iters: 300, epoch: 8 | loss: 0.1282325
	speed: 0.0060s/iter; time left: 21.8011s
	iters: 400, epoch: 8 | loss: 0.0898653
	speed: 0.0059s/iter; time left: 21.1691s
	iters: 500, epoch: 8 | loss: 0.0970655
	speed: 0.0055s/iter; time left: 19.0687s
	iters: 600, epoch: 8 | loss: 0.0823087
	speed: 0.0054s/iter; time left: 18.1947s
	iters: 700, epoch: 8 | loss: 0.1608118
	speed: 0.0055s/iter; time left: 17.9811s
	iters: 800, epoch: 8 | loss: 0.0971591
	speed: 0.0054s/iter; time left: 17.2244s
	iters: 900, epoch: 8 | loss: 0.1802029
	speed: 0.0058s/iter; time left: 17.8726s
	iters: 1000, epoch: 8 | loss: 0.1121786
	speed: 0.0058s/iter; time left: 17.2781s
	iters: 1100, epoch: 8 | loss: 0.1440832
	speed: 0.0058s/iter; time left: 16.7123s
	iters: 1200, epoch: 8 | loss: 0.1002730
	speed: 0.0055s/iter; time left: 15.2963s
	iters: 1300, epoch: 8 | loss: 0.0577863
	speed: 0.0057s/iter; time left: 15.1845s
Epoch: 8 cost time: 7.8 seconds
Epoch: 8, Steps: 1321 | Train Loss: 0.1388349 Vali Loss: 0.5543084 Test Loss: 1.5374335
EarlyStopping counter: 2 out of 3
Updating learning rate to 3.90625e-06
	iters: 100, epoch: 9 | loss: 0.0827716
	speed: 0.0395s/iter; time left: 100.5153s
	iters: 200, epoch: 9 | loss: 0.1734292
	speed: 0.0059s/iter; time left: 14.3149s
	iters: 300, epoch: 9 | loss: 0.1152767
	speed: 0.0056s/iter; time left: 13.2244s
	iters: 400, epoch: 9 | loss: 0.1524093
	speed: 0.0055s/iter; time left: 12.3827s
	iters: 500, epoch: 9 | loss: 0.1118058
	speed: 0.0057s/iter; time left: 12.1156s
	iters: 600, epoch: 9 | loss: 0.0598860
	speed: 0.0053s/iter; time left: 10.8160s
	iters: 700, epoch: 9 | loss: 0.1224395
	speed: 0.0053s/iter; time left: 10.3619s
	iters: 800, epoch: 9 | loss: 0.4843370
	speed: 0.0057s/iter; time left: 10.5941s
	iters: 900, epoch: 9 | loss: 0.1387037
	speed: 0.0056s/iter; time left: 9.6841s
	iters: 1000, epoch: 9 | loss: 0.1174117
	speed: 0.0056s/iter; time left: 9.2102s
	iters: 1100, epoch: 9 | loss: 0.1869716
	speed: 0.0054s/iter; time left: 8.3783s
	iters: 1200, epoch: 9 | loss: 0.0666904
	speed: 0.0054s/iter; time left: 7.8373s
	iters: 1300, epoch: 9 | loss: 0.1378054
	speed: 0.0054s/iter; time left: 7.2822s
Epoch: 9 cost time: 7.6 seconds
Epoch: 9, Steps: 1321 | Train Loss: 0.1387026 Vali Loss: 0.5547508 Test Loss: 1.5372325
EarlyStopping counter: 3 out of 3
Early stopping
>>>>>>>testing : FITS_GD_336_96_M_channels_6_FITS_M_channels_6<<<<<<<<<<<<<<<<<<<<<<<<<<<<<<<<<
test 3049
FITS_GD_336_96_M_channels_6_FITS_M_channels_6
Shapes: pred (3048, 96, 6), true (3048, 96, 6), naive_pred (3048, 96, 6)
Shapes: gt (381, 432), pd (381, 432), naive_pd (381, 432)
Final Metrics:
FITS         MSE: 1.539219   MAE: 0.898649   SE: 2.633990   RRMSE: 0.124537   RMAE: 0.090206   (numpy)
FITS         MSE: 1.539218   MAE: 0.898649   SE: 2.633990   RRMSE: 0.124537   RMAE: 0.090206   (torch)

Repeat       MSE: 1.196488   MAE: 0.763345   SE: 2.283030   RRMSE: 0.109800   RMAE: 0.076625   (numpy)
Repeat       MSE: 1.196488   MAE: 0.763345   SE: 2.283030   RRMSE: 0.109800   RMAE: 0.076625   (torch)


Model(
  (fits): FITS(
    (frequency_upsampler): Linear(in_features=168, out_features=216, bias=True)
  )
)
