Args in experiment:
Namespace(is_training=1, model_id='FITS_exchange_rate_336_336_M_channels_7', model='FITS', data='custom', root_path='./dataset/', data_path='exchange_rate.csv', features='M', target='OT', freq='h', checkpoints='./checkpoints/', seq_len=336, label_len=48, pred_len=336, individual=False, embed_type=0, enc_in=7, dec_in=7, c_out=7, d_model=512, n_heads=8, e_layers=2, d_layers=1, d_ff=2048, moving_avg=25, factor=1, distil=True, dropout=0.05, embed='timeF', activation='gelu', output_attention=False, do_predict=False, num_workers=10, itr=1, train_epochs=10, batch_size=8, patience=3, learning_rate=0.0005, des='Exp', loss='mse', lradj='type1', use_amp=False, use_gpu=True, gpu=0, use_multi_gpu=False, devices='0,1,2,3', test_flop=False)
FITS_exchange_rate_336_336_M_channels_7_FITS_M_channels_7
Using GPU: NVIDIA GeForce RTX 4070 (cuda:0):
>>>>>>>start training : FITS_exchange_rate_336_336_M_channels_7_FITS_M_channels_7>>>>>>>>>>>>>>>>>>>>>>>>>>
train 4640
val 425
test 1182
	iters: 100, epoch: 1 | loss: 0.4636991
	speed: 0.0191s/iter; time left: 109.1537s
	iters: 200, epoch: 1 | loss: 0.4630326
	speed: 0.0048s/iter; time left: 27.0999s
	iters: 300, epoch: 1 | loss: 0.4386585
	speed: 0.0045s/iter; time left: 24.6746s
	iters: 400, epoch: 1 | loss: 0.4595677
	speed: 0.0045s/iter; time left: 24.5344s
	iters: 500, epoch: 1 | loss: 0.5036288
	speed: 0.0046s/iter; time left: 24.5219s
Epoch: 1 cost time: 3.8 seconds
Epoch: 1, Steps: 580 | Train Loss: 0.5323217 Vali Loss: 0.4598590 Test Loss: 0.3542982
Validation loss decreased (inf --> 0.459859).  Saving model ...
Updating learning rate to 0.0005
	iters: 100, epoch: 2 | loss: 0.3936438
	speed: 0.0257s/iter; time left: 131.3791s
	iters: 200, epoch: 2 | loss: 0.4378589
	speed: 0.0053s/iter; time left: 26.7695s
	iters: 300, epoch: 2 | loss: 0.6310877
	speed: 0.0053s/iter; time left: 26.2285s
	iters: 400, epoch: 2 | loss: 0.5548233
	speed: 0.0052s/iter; time left: 25.0147s
	iters: 500, epoch: 2 | loss: 0.7668166
	speed: 0.0053s/iter; time left: 25.0873s
Epoch: 2 cost time: 3.4 seconds
Epoch: 2, Steps: 580 | Train Loss: 0.4667550 Vali Loss: 0.4362574 Test Loss: 0.3355402
Validation loss decreased (0.459859 --> 0.436257).  Saving model ...
Updating learning rate to 0.00025
	iters: 100, epoch: 3 | loss: 0.4704554
	speed: 0.0283s/iter; time left: 128.2981s
	iters: 200, epoch: 3 | loss: 0.4225419
	speed: 0.0059s/iter; time left: 26.0106s
	iters: 300, epoch: 3 | loss: 0.4587957
	speed: 0.0058s/iter; time left: 25.1070s
	iters: 400, epoch: 3 | loss: 0.3567378
	speed: 0.0056s/iter; time left: 23.9616s
	iters: 500, epoch: 3 | loss: 0.4175873
	speed: 0.0058s/iter; time left: 23.8244s
Epoch: 3 cost time: 3.6 seconds
Epoch: 3, Steps: 580 | Train Loss: 0.4578466 Vali Loss: 0.4314455 Test Loss: 0.3323695
Validation loss decreased (0.436257 --> 0.431446).  Saving model ...
Updating learning rate to 0.000125
	iters: 100, epoch: 4 | loss: 0.4403344
	speed: 0.0279s/iter; time left: 110.4816s
	iters: 200, epoch: 4 | loss: 0.4224354
	speed: 0.0053s/iter; time left: 20.5934s
	iters: 300, epoch: 4 | loss: 0.4451521
	speed: 0.0056s/iter; time left: 21.0326s
	iters: 400, epoch: 4 | loss: 0.3492465
	speed: 0.0054s/iter; time left: 19.6786s
	iters: 500, epoch: 4 | loss: 0.4193105
	speed: 0.0056s/iter; time left: 19.8471s
Epoch: 4 cost time: 3.5 seconds
Epoch: 4, Steps: 580 | Train Loss: 0.4547176 Vali Loss: 0.4291590 Test Loss: 0.3315833
Validation loss decreased (0.431446 --> 0.429159).  Saving model ...
Updating learning rate to 6.25e-05
	iters: 100, epoch: 5 | loss: 0.2871268
	speed: 0.0293s/iter; time left: 99.0173s
	iters: 200, epoch: 5 | loss: 0.3823783
	speed: 0.0055s/iter; time left: 17.9538s
	iters: 300, epoch: 5 | loss: 0.6322535
	speed: 0.0054s/iter; time left: 17.2603s
	iters: 400, epoch: 5 | loss: 0.4872126
	speed: 0.0055s/iter; time left: 16.9904s
	iters: 500, epoch: 5 | loss: 0.3582158
	speed: 0.0069s/iter; time left: 20.4471s
Epoch: 5 cost time: 3.7 seconds
Epoch: 5, Steps: 580 | Train Loss: 0.4533088 Vali Loss: 0.4270277 Test Loss: 0.3307560
Validation loss decreased (0.429159 --> 0.427028).  Saving model ...
Updating learning rate to 3.125e-05
	iters: 100, epoch: 6 | loss: 0.4955810
	speed: 0.0266s/iter; time left: 74.6395s
	iters: 200, epoch: 6 | loss: 0.4471292
	speed: 0.0057s/iter; time left: 15.4171s
	iters: 300, epoch: 6 | loss: 0.3859437
	speed: 0.0054s/iter; time left: 14.0996s
	iters: 400, epoch: 6 | loss: 0.3521992
	speed: 0.0054s/iter; time left: 13.6065s
	iters: 500, epoch: 6 | loss: 0.5938278
	speed: 0.0057s/iter; time left: 13.6911s
Epoch: 6 cost time: 3.5 seconds
Epoch: 6, Steps: 580 | Train Loss: 0.4526484 Vali Loss: 0.4263969 Test Loss: 0.3305048
Validation loss decreased (0.427028 --> 0.426397).  Saving model ...
Updating learning rate to 1.5625e-05
	iters: 100, epoch: 7 | loss: 0.3833074
	speed: 0.0270s/iter; time left: 60.0510s
	iters: 200, epoch: 7 | loss: 0.4495556
	speed: 0.0056s/iter; time left: 11.9528s
	iters: 300, epoch: 7 | loss: 0.4606321
	speed: 0.0055s/iter; time left: 11.1042s
	iters: 400, epoch: 7 | loss: 0.3562117
	speed: 0.0058s/iter; time left: 11.0768s
	iters: 500, epoch: 7 | loss: 0.4027467
	speed: 0.0056s/iter; time left: 10.2401s
Epoch: 7 cost time: 3.5 seconds
Epoch: 7, Steps: 580 | Train Loss: 0.4523188 Vali Loss: 0.4266578 Test Loss: 0.3301909
EarlyStopping counter: 1 out of 3
Updating learning rate to 7.8125e-06
	iters: 100, epoch: 8 | loss: 0.3308229
	speed: 0.0280s/iter; time left: 45.9660s
	iters: 200, epoch: 8 | loss: 0.6549801
	speed: 0.0054s/iter; time left: 8.3188s
	iters: 300, epoch: 8 | loss: 0.6597167
	speed: 0.0054s/iter; time left: 7.8389s
	iters: 400, epoch: 8 | loss: 0.3216158
	speed: 0.0053s/iter; time left: 7.0618s
	iters: 500, epoch: 8 | loss: 0.4883128
	speed: 0.0054s/iter; time left: 6.7198s
Epoch: 8 cost time: 3.4 seconds
Epoch: 8, Steps: 580 | Train Loss: 0.4521560 Vali Loss: 0.4269607 Test Loss: 0.3301152
EarlyStopping counter: 2 out of 3
Updating learning rate to 3.90625e-06
	iters: 100, epoch: 9 | loss: 0.4174562
	speed: 0.0283s/iter; time left: 29.9872s
	iters: 200, epoch: 9 | loss: 0.6662939
	speed: 0.0060s/iter; time left: 5.8098s
	iters: 300, epoch: 9 | loss: 0.3708179
	speed: 0.0058s/iter; time left: 5.0247s
	iters: 400, epoch: 9 | loss: 0.4933489
	speed: 0.0058s/iter; time left: 4.3881s
	iters: 500, epoch: 9 | loss: 0.6717849
	speed: 0.0058s/iter; time left: 3.8086s
Epoch: 9 cost time: 3.7 seconds
Epoch: 9, Steps: 580 | Train Loss: 0.4520741 Vali Loss: 0.4273428 Test Loss: 0.3300835
EarlyStopping counter: 3 out of 3
Early stopping
>>>>>>>testing : FITS_exchange_rate_336_336_M_channels_7_FITS_M_channels_7<<<<<<<<<<<<<<<<<<<<<<<<<<<<<<<<<
test 1182
FITS_exchange_rate_336_336_M_channels_7_FITS_M_channels_7
Shapes: pred (1176, 336, 8), true (1176, 336, 8), naive_pred (1176, 336, 8)
Shapes: gt (147, 672), pd (147, 672), naive_pd (147, 672)
Final Metrics:
FITS         MSE: 0.330505   MAE: 0.421004   SE: 0.717485   RRMSE: 0.403979   RMAE: 0.295839   (numpy)
FITS         MSE: 0.330505   MAE: 0.421003   SE: 0.717485   RRMSE: 0.403979   RMAE: 0.295839   (torch)

Repeat       MSE: 0.305604   MAE: 0.397465   SE: 0.625618   RRMSE: 0.388463   RMAE: 0.279299   (numpy)
Repeat       MSE: 0.305604   MAE: 0.397465   SE: 0.625618   RRMSE: 0.388463   RMAE: 0.279299   (torch)


Model(
  (fits): FITS(
    (frequency_upsampler): Linear(in_features=168, out_features=336, bias=True)
  )
)
