Args in experiment:
Namespace(is_training=1, model_id='FITS_MRO_336_336_M_channels_6', model='FITS', data='custom', root_path='./dataset/', data_path='MRO.csv', features='M', target='Adj Close', freq='h', checkpoints='./checkpoints/', seq_len=336, label_len=48, pred_len=336, individual=False, embed_type=0, enc_in=6, dec_in=7, c_out=7, d_model=512, n_heads=8, e_layers=2, d_layers=1, d_ff=2048, moving_avg=25, factor=1, distil=True, dropout=0.05, embed='timeF', activation='gelu', output_attention=False, do_predict=False, num_workers=10, itr=1, train_epochs=10, batch_size=8, patience=3, learning_rate=0.0005, des='Exp', loss='mse', lradj='type1', use_amp=False, use_gpu=True, gpu=0, use_multi_gpu=False, devices='0,1,2,3', test_flop=False)
FITS_MRO_336_336_M_channels_6_FITS_M_channels_6
Using GPU: NVIDIA GeForce RTX 4070 (cuda:0):
>>>>>>>start training : FITS_MRO_336_336_M_channels_6_FITS_M_channels_6>>>>>>>>>>>>>>>>>>>>>>>>>>
train 10335
val 1239
test 2809
	iters: 100, epoch: 1 | loss: 0.2104549
	speed: 0.0187s/iter; time left: 239.4582s
	iters: 200, epoch: 1 | loss: 0.7787589
	speed: 0.0051s/iter; time left: 65.0995s
	iters: 300, epoch: 1 | loss: 0.7362513
	speed: 0.0051s/iter; time left: 64.8215s
	iters: 400, epoch: 1 | loss: 0.2810507
	speed: 0.0050s/iter; time left: 62.6655s
	iters: 500, epoch: 1 | loss: 0.5113712
	speed: 0.0052s/iter; time left: 64.5694s
	iters: 600, epoch: 1 | loss: 0.3038735
	speed: 0.0051s/iter; time left: 62.8028s
	iters: 700, epoch: 1 | loss: 0.3772415
	speed: 0.0053s/iter; time left: 64.7784s
	iters: 800, epoch: 1 | loss: 0.6523528
	speed: 0.0053s/iter; time left: 64.2732s
	iters: 900, epoch: 1 | loss: 0.6307378
	speed: 0.0053s/iter; time left: 63.2951s
	iters: 1000, epoch: 1 | loss: 0.6478794
	speed: 0.0057s/iter; time left: 68.1825s
	iters: 1100, epoch: 1 | loss: 0.6986274
	speed: 0.0054s/iter; time left: 64.1837s
	iters: 1200, epoch: 1 | loss: 0.2534728
	speed: 0.0057s/iter; time left: 67.3128s
Epoch: 1 cost time: 7.9 seconds
Epoch: 1, Steps: 1291 | Train Loss: 0.4914321 Vali Loss: 8.4643106 Test Loss: 10.7304773
Validation loss decreased (inf --> 8.464311).  Saving model ...
Updating learning rate to 0.0005
	iters: 100, epoch: 2 | loss: 0.6073967
	speed: 0.0445s/iter; time left: 513.1635s
	iters: 200, epoch: 2 | loss: 0.3426330
	speed: 0.0061s/iter; time left: 69.3242s
	iters: 300, epoch: 2 | loss: 0.2098434
	speed: 0.0060s/iter; time left: 67.9285s
	iters: 400, epoch: 2 | loss: 0.3985288
	speed: 0.0060s/iter; time left: 67.2268s
	iters: 500, epoch: 2 | loss: 0.8473555
	speed: 0.0061s/iter; time left: 67.5415s
	iters: 600, epoch: 2 | loss: 0.3437767
	speed: 0.0060s/iter; time left: 66.1186s
	iters: 700, epoch: 2 | loss: 0.3057512
	speed: 0.0060s/iter; time left: 65.6041s
	iters: 800, epoch: 2 | loss: 0.4775997
	speed: 0.0060s/iter; time left: 65.4198s
	iters: 900, epoch: 2 | loss: 0.4264032
	speed: 0.0060s/iter; time left: 64.1713s
	iters: 1000, epoch: 2 | loss: 0.2743238
	speed: 0.0062s/iter; time left: 65.6157s
	iters: 1100, epoch: 2 | loss: 0.4620814
	speed: 0.0059s/iter; time left: 62.5857s
	iters: 1200, epoch: 2 | loss: 0.2481405
	speed: 0.0061s/iter; time left: 63.1247s
Epoch: 2 cost time: 8.1 seconds
Epoch: 2, Steps: 1291 | Train Loss: 0.4325583 Vali Loss: 8.0712633 Test Loss: 10.2928648
Validation loss decreased (8.464311 --> 8.071263).  Saving model ...
Updating learning rate to 0.00025
	iters: 100, epoch: 3 | loss: 0.4644454
	speed: 0.0469s/iter; time left: 479.9131s
	iters: 200, epoch: 3 | loss: 0.5318381
	speed: 0.0062s/iter; time left: 62.6359s
	iters: 300, epoch: 3 | loss: 0.5224640
	speed: 0.0061s/iter; time left: 60.8039s
	iters: 400, epoch: 3 | loss: 0.6830009
	speed: 0.0060s/iter; time left: 59.9046s
	iters: 500, epoch: 3 | loss: 0.1546264
	speed: 0.0061s/iter; time left: 59.7571s
	iters: 600, epoch: 3 | loss: 0.5561910
	speed: 0.0059s/iter; time left: 57.7748s
	iters: 700, epoch: 3 | loss: 0.4634219
	speed: 0.0058s/iter; time left: 55.8922s
	iters: 800, epoch: 3 | loss: 0.5034420
	speed: 0.0060s/iter; time left: 57.2133s
	iters: 900, epoch: 3 | loss: 0.3768086
	speed: 0.0060s/iter; time left: 56.6269s
	iters: 1000, epoch: 3 | loss: 0.6267449
	speed: 0.0060s/iter; time left: 56.0269s
	iters: 1100, epoch: 3 | loss: 0.7289934
	speed: 0.0061s/iter; time left: 56.5186s
	iters: 1200, epoch: 3 | loss: 0.3036391
	speed: 0.0064s/iter; time left: 58.6251s
Epoch: 3 cost time: 8.1 seconds
Epoch: 3, Steps: 1291 | Train Loss: 0.4231499 Vali Loss: 7.9294100 Test Loss: 10.1742010
Validation loss decreased (8.071263 --> 7.929410).  Saving model ...
Updating learning rate to 0.000125
	iters: 100, epoch: 4 | loss: 0.3164862
	speed: 0.0466s/iter; time left: 416.0782s
	iters: 200, epoch: 4 | loss: 0.2993789
	speed: 0.0060s/iter; time left: 52.6904s
	iters: 300, epoch: 4 | loss: 0.2488562
	speed: 0.0060s/iter; time left: 52.2584s
	iters: 400, epoch: 4 | loss: 0.1784954
	speed: 0.0060s/iter; time left: 52.1057s
	iters: 500, epoch: 4 | loss: 0.5212353
	speed: 0.0060s/iter; time left: 51.2255s
	iters: 600, epoch: 4 | loss: 0.4687898
	speed: 0.0061s/iter; time left: 51.1613s
	iters: 700, epoch: 4 | loss: 0.5656828
	speed: 0.0061s/iter; time left: 50.8954s
	iters: 800, epoch: 4 | loss: 0.5517733
	speed: 0.0064s/iter; time left: 52.7579s
	iters: 900, epoch: 4 | loss: 0.3300851
	speed: 0.0060s/iter; time left: 49.2062s
	iters: 1000, epoch: 4 | loss: 0.3586845
	speed: 0.0062s/iter; time left: 49.7911s
	iters: 1100, epoch: 4 | loss: 0.6071130
	speed: 0.0063s/iter; time left: 49.7528s
	iters: 1200, epoch: 4 | loss: 0.2711007
	speed: 0.0061s/iter; time left: 48.1501s
Epoch: 4 cost time: 8.2 seconds
Epoch: 4, Steps: 1291 | Train Loss: 0.4201861 Vali Loss: 7.8805060 Test Loss: 10.1297617
Validation loss decreased (7.929410 --> 7.880506).  Saving model ...
Updating learning rate to 6.25e-05
	iters: 100, epoch: 5 | loss: 0.5383537
	speed: 0.0481s/iter; time left: 367.8320s
	iters: 200, epoch: 5 | loss: 0.7260583
	speed: 0.0061s/iter; time left: 45.7651s
	iters: 300, epoch: 5 | loss: 0.4934565
	speed: 0.0061s/iter; time left: 45.5851s
	iters: 400, epoch: 5 | loss: 0.5200350
	speed: 0.0061s/iter; time left: 44.8819s
	iters: 500, epoch: 5 | loss: 0.4033311
	speed: 0.0064s/iter; time left: 46.6579s
	iters: 600, epoch: 5 | loss: 0.1218410
	speed: 0.0063s/iter; time left: 44.7015s
	iters: 700, epoch: 5 | loss: 0.2320194
	speed: 0.0064s/iter; time left: 45.2344s
	iters: 800, epoch: 5 | loss: 0.5349711
	speed: 0.0066s/iter; time left: 45.6763s
	iters: 900, epoch: 5 | loss: 0.4727847
	speed: 0.0062s/iter; time left: 42.3453s
	iters: 1000, epoch: 5 | loss: 0.2434484
	speed: 0.0063s/iter; time left: 42.3597s
	iters: 1100, epoch: 5 | loss: 0.3146563
	speed: 0.0063s/iter; time left: 41.9941s
	iters: 1200, epoch: 5 | loss: 0.3441240
	speed: 0.0064s/iter; time left: 42.1046s
Epoch: 5 cost time: 8.4 seconds
Epoch: 5, Steps: 1291 | Train Loss: 0.4189120 Vali Loss: 7.8668461 Test Loss: 10.1086798
Validation loss decreased (7.880506 --> 7.866846).  Saving model ...
Updating learning rate to 3.125e-05
	iters: 100, epoch: 6 | loss: 0.3322981
	speed: 0.0454s/iter; time left: 288.7496s
	iters: 200, epoch: 6 | loss: 0.6291209
	speed: 0.0061s/iter; time left: 38.2500s
	iters: 300, epoch: 6 | loss: 0.5042090
	speed: 0.0058s/iter; time left: 35.4676s
	iters: 400, epoch: 6 | loss: 0.3478999
	speed: 0.0057s/iter; time left: 34.7947s
	iters: 500, epoch: 6 | loss: 0.4594374
	speed: 0.0061s/iter; time left: 36.1043s
	iters: 600, epoch: 6 | loss: 0.2106611
	speed: 0.0064s/iter; time left: 37.2676s
	iters: 700, epoch: 6 | loss: 0.2573369
	speed: 0.0062s/iter; time left: 35.5116s
	iters: 800, epoch: 6 | loss: 0.6778307
	speed: 0.0060s/iter; time left: 34.0917s
	iters: 900, epoch: 6 | loss: 0.4626832
	speed: 0.0061s/iter; time left: 34.0152s
	iters: 1000, epoch: 6 | loss: 0.3458138
	speed: 0.0059s/iter; time left: 32.0285s
	iters: 1100, epoch: 6 | loss: 0.6731088
	speed: 0.0062s/iter; time left: 33.4327s
	iters: 1200, epoch: 6 | loss: 0.5156250
	speed: 0.0063s/iter; time left: 33.2600s
Epoch: 6 cost time: 8.1 seconds
Epoch: 6, Steps: 1291 | Train Loss: 0.4183710 Vali Loss: 7.8763537 Test Loss: 10.0994463
EarlyStopping counter: 1 out of 3
Updating learning rate to 1.5625e-05
	iters: 100, epoch: 7 | loss: 0.2564522
	speed: 0.0467s/iter; time left: 236.6661s
	iters: 200, epoch: 7 | loss: 0.2915656
	speed: 0.0061s/iter; time left: 30.4145s
	iters: 300, epoch: 7 | loss: 0.1826185
	speed: 0.0060s/iter; time left: 29.1631s
	iters: 400, epoch: 7 | loss: 0.6567758
	speed: 0.0062s/iter; time left: 29.4773s
	iters: 500, epoch: 7 | loss: 0.3331477
	speed: 0.0063s/iter; time left: 29.1757s
	iters: 600, epoch: 7 | loss: 0.5817665
	speed: 0.0061s/iter; time left: 28.0171s
	iters: 700, epoch: 7 | loss: 0.4226191
	speed: 0.0061s/iter; time left: 27.1611s
	iters: 800, epoch: 7 | loss: 0.6094806
	speed: 0.0061s/iter; time left: 26.6516s
	iters: 900, epoch: 7 | loss: 0.4200649
	speed: 0.0062s/iter; time left: 26.5092s
	iters: 1000, epoch: 7 | loss: 0.6120930
	speed: 0.0061s/iter; time left: 25.2409s
	iters: 1100, epoch: 7 | loss: 0.3708919
	speed: 0.0062s/iter; time left: 25.1529s
	iters: 1200, epoch: 7 | loss: 0.4833263
	speed: 0.0060s/iter; time left: 23.8114s
Epoch: 7 cost time: 8.2 seconds
Epoch: 7, Steps: 1291 | Train Loss: 0.4180355 Vali Loss: 7.8394108 Test Loss: 10.0948153
Validation loss decreased (7.866846 --> 7.839411).  Saving model ...
Updating learning rate to 7.8125e-06
	iters: 100, epoch: 8 | loss: 0.2918783
	speed: 0.0464s/iter; time left: 175.2005s
	iters: 200, epoch: 8 | loss: 0.4983707
	speed: 0.0059s/iter; time left: 21.5835s
	iters: 300, epoch: 8 | loss: 0.3120050
	speed: 0.0061s/iter; time left: 21.6655s
	iters: 400, epoch: 8 | loss: 0.2487760
	speed: 0.0059s/iter; time left: 20.4354s
	iters: 500, epoch: 8 | loss: 0.2190887
	speed: 0.0060s/iter; time left: 20.2546s
	iters: 600, epoch: 8 | loss: 0.5620700
	speed: 0.0061s/iter; time left: 19.8580s
	iters: 700, epoch: 8 | loss: 0.4406307
	speed: 0.0063s/iter; time left: 19.8516s
	iters: 800, epoch: 8 | loss: 0.3160042
	speed: 0.0061s/iter; time left: 18.6167s
	iters: 900, epoch: 8 | loss: 0.5000860
	speed: 0.0059s/iter; time left: 17.4233s
	iters: 1000, epoch: 8 | loss: 0.1582848
	speed: 0.0059s/iter; time left: 16.8811s
	iters: 1100, epoch: 8 | loss: 0.3279542
	speed: 0.0061s/iter; time left: 16.8128s
	iters: 1200, epoch: 8 | loss: 0.2530615
	speed: 0.0061s/iter; time left: 16.2404s
Epoch: 8 cost time: 8.1 seconds
Epoch: 8, Steps: 1291 | Train Loss: 0.4178139 Vali Loss: 7.8706164 Test Loss: 10.0925560
EarlyStopping counter: 1 out of 3
Updating learning rate to 3.90625e-06
	iters: 100, epoch: 9 | loss: 0.3765223
	speed: 0.0461s/iter; time left: 114.5535s
	iters: 200, epoch: 9 | loss: 0.4511464
	speed: 0.0065s/iter; time left: 15.5489s
	iters: 300, epoch: 9 | loss: 0.6832981
	speed: 0.0064s/iter; time left: 14.6938s
	iters: 400, epoch: 9 | loss: 0.6274316
	speed: 0.0062s/iter; time left: 13.5470s
	iters: 500, epoch: 9 | loss: 0.4131834
	speed: 0.0061s/iter; time left: 12.7399s
	iters: 600, epoch: 9 | loss: 0.6516712
	speed: 0.0061s/iter; time left: 12.1761s
	iters: 700, epoch: 9 | loss: 0.3737457
	speed: 0.0061s/iter; time left: 11.4239s
	iters: 800, epoch: 9 | loss: 0.5161221
	speed: 0.0062s/iter; time left: 11.0111s
	iters: 900, epoch: 9 | loss: 0.3678175
	speed: 0.0062s/iter; time left: 10.4085s
	iters: 1000, epoch: 9 | loss: 0.1492564
	speed: 0.0060s/iter; time left: 9.4992s
	iters: 1100, epoch: 9 | loss: 0.1658600
	speed: 0.0062s/iter; time left: 9.1840s
	iters: 1200, epoch: 9 | loss: 0.5307643
	speed: 0.0062s/iter; time left: 8.5220s
Epoch: 9 cost time: 8.3 seconds
Epoch: 9, Steps: 1291 | Train Loss: 0.4176427 Vali Loss: 7.8498249 Test Loss: 10.0913610
EarlyStopping counter: 2 out of 3
Updating learning rate to 1.953125e-06
	iters: 100, epoch: 10 | loss: 0.5257605
	speed: 0.0480s/iter; time left: 57.2305s
	iters: 200, epoch: 10 | loss: 0.3838630
	speed: 0.0061s/iter; time left: 6.6484s
	iters: 300, epoch: 10 | loss: 0.6454989
	speed: 0.0060s/iter; time left: 5.9959s
	iters: 400, epoch: 10 | loss: 0.4536880
	speed: 0.0061s/iter; time left: 5.4554s
	iters: 500, epoch: 10 | loss: 0.4760903
	speed: 0.0060s/iter; time left: 4.7807s
	iters: 600, epoch: 10 | loss: 0.5594865
	speed: 0.0058s/iter; time left: 4.0261s
	iters: 700, epoch: 10 | loss: 0.2984638
	speed: 0.0061s/iter; time left: 3.5903s
	iters: 800, epoch: 10 | loss: 0.6083596
	speed: 0.0062s/iter; time left: 3.0445s
	iters: 900, epoch: 10 | loss: 0.3683287
	speed: 0.0062s/iter; time left: 2.4248s
	iters: 1000, epoch: 10 | loss: 0.3500699
	speed: 0.0059s/iter; time left: 1.7284s
	iters: 1100, epoch: 10 | loss: 0.3672169
	speed: 0.0062s/iter; time left: 1.1852s
	iters: 1200, epoch: 10 | loss: 0.5340708
	speed: 0.0060s/iter; time left: 0.5563s
Epoch: 10 cost time: 8.1 seconds
Epoch: 10, Steps: 1291 | Train Loss: 0.4177439 Vali Loss: 7.8509555 Test Loss: 10.0907812
EarlyStopping counter: 3 out of 3
Early stopping
>>>>>>>testing : FITS_MRO_336_336_M_channels_6_FITS_M_channels_6<<<<<<<<<<<<<<<<<<<<<<<<<<<<<<<<<
test 2809
FITS_MRO_336_336_M_channels_6_FITS_M_channels_6
Shapes: pred (2808, 336, 6), true (2808, 336, 6), naive_pred (2808, 336, 6)
Shapes: gt (351, 672), pd (351, 672), naive_pd (351, 672)
Final Metrics:
FITS_10         MSE: 10.094815  MAE: 2.287017   SE: 17.827026  RRMSE: 0.558078   RMAE: 0.401713   (numpy)
FITS_10         MSE: 10.094815  MAE: 2.287018   SE: 17.827026  RRMSE: 0.558078   RMAE: 0.401713   (torch)

Repeat       MSE: 10.411037  MAE: 2.190049   SE: 18.626980  RRMSE: 0.566752   RMAE: 0.384680   (numpy)
Repeat       MSE: 10.411036  MAE: 2.190050   SE: 18.626982  RRMSE: 0.566752   RMAE: 0.384680   (torch)

