Args in experiment:
Namespace(is_training=1, model_id='FITS_MRO_336_96_M_channels_6', model='FITS', data='custom', root_path='./dataset/', data_path='MRO.csv', features='M', target='Adj Close', freq='h', checkpoints='./checkpoints/', seq_len=336, label_len=48, pred_len=96, individual=False, embed_type=0, enc_in=6, dec_in=7, c_out=7, d_model=512, n_heads=8, e_layers=2, d_layers=1, d_ff=2048, moving_avg=25, factor=1, distil=True, dropout=0.05, embed='timeF', activation='gelu', output_attention=False, do_predict=False, num_workers=10, itr=1, train_epochs=10, batch_size=8, patience=3, learning_rate=0.0005, des='Exp', loss='mse', lradj='type1', use_amp=False, use_gpu=True, gpu=0, use_multi_gpu=False, devices='0,1,2,3', test_flop=False)
FITS_MRO_336_96_M_channels_6_FITS_M_channels_6
Using GPU: NVIDIA GeForce RTX 4070 (cuda:0):
>>>>>>>start training : FITS_MRO_336_96_M_channels_6_FITS_M_channels_6>>>>>>>>>>>>>>>>>>>>>>>>>>
train 10575
val 1479
test 3049
	iters: 100, epoch: 1 | loss: 0.1972142
	speed: 0.0185s/iter; time left: 242.1660s
	iters: 200, epoch: 1 | loss: 0.5053618
	speed: 0.0049s/iter; time left: 63.2186s
	iters: 300, epoch: 1 | loss: 0.1434250
	speed: 0.0052s/iter; time left: 66.6230s
	iters: 400, epoch: 1 | loss: 0.5116241
	speed: 0.0048s/iter; time left: 61.6547s
	iters: 500, epoch: 1 | loss: 0.1793842
	speed: 0.0047s/iter; time left: 60.0897s
	iters: 600, epoch: 1 | loss: 0.1054427
	speed: 0.0046s/iter; time left: 58.2104s
	iters: 700, epoch: 1 | loss: 0.0842302
	speed: 0.0047s/iter; time left: 59.4001s
	iters: 800, epoch: 1 | loss: 0.2160378
	speed: 0.0045s/iter; time left: 56.3810s
	iters: 900, epoch: 1 | loss: 0.8190516
	speed: 0.0044s/iter; time left: 54.6810s
	iters: 1000, epoch: 1 | loss: 0.1391638
	speed: 0.0046s/iter; time left: 56.5641s
	iters: 1100, epoch: 1 | loss: 0.2614307
	speed: 0.0046s/iter; time left: 55.3229s
	iters: 1200, epoch: 1 | loss: 0.0574913
	speed: 0.0047s/iter; time left: 55.9351s
	iters: 1300, epoch: 1 | loss: 0.5037404
	speed: 0.0046s/iter; time left: 54.4016s
Epoch: 1 cost time: 7.2 seconds
Epoch: 1, Steps: 1321 | Train Loss: 0.2416047 Vali Loss: 2.9742723 Test Loss: 4.3555622
Validation loss decreased (inf --> 2.974272).  Saving model ...
Updating learning rate to 0.0005
	iters: 100, epoch: 2 | loss: 0.3583573
	speed: 0.0341s/iter; time left: 402.3533s
	iters: 200, epoch: 2 | loss: 0.4387430
	speed: 0.0055s/iter; time left: 64.5027s
	iters: 300, epoch: 2 | loss: 0.0963977
	speed: 0.0059s/iter; time left: 67.9283s
	iters: 400, epoch: 2 | loss: 0.1212941
	speed: 0.0052s/iter; time left: 60.0060s
	iters: 500, epoch: 2 | loss: 0.2212668
	speed: 0.0055s/iter; time left: 62.5178s
	iters: 600, epoch: 2 | loss: 0.4998969
	speed: 0.0055s/iter; time left: 62.3493s
	iters: 700, epoch: 2 | loss: 0.1752808
	speed: 0.0053s/iter; time left: 59.6887s
	iters: 800, epoch: 2 | loss: 0.0831565
	speed: 0.0053s/iter; time left: 59.1566s
	iters: 900, epoch: 2 | loss: 0.0656825
	speed: 0.0053s/iter; time left: 58.0401s
	iters: 1000, epoch: 2 | loss: 0.4834392
	speed: 0.0053s/iter; time left: 57.9858s
	iters: 1100, epoch: 2 | loss: 0.0983096
	speed: 0.0052s/iter; time left: 56.3572s
	iters: 1200, epoch: 2 | loss: 0.1017723
	speed: 0.0053s/iter; time left: 56.9981s
	iters: 1300, epoch: 2 | loss: 0.1202293
	speed: 0.0056s/iter; time left: 58.8943s
Epoch: 2 cost time: 7.4 seconds
Epoch: 2, Steps: 1321 | Train Loss: 0.2110658 Vali Loss: 2.8222675 Test Loss: 4.1680322
Validation loss decreased (2.974272 --> 2.822268).  Saving model ...
Updating learning rate to 0.00025
	iters: 100, epoch: 3 | loss: 0.3119621
	speed: 0.0391s/iter; time left: 409.6568s
	iters: 200, epoch: 3 | loss: 0.1854180
	speed: 0.0058s/iter; time left: 60.4423s
	iters: 300, epoch: 3 | loss: 0.1738790
	speed: 0.0055s/iter; time left: 56.9573s
	iters: 400, epoch: 3 | loss: 0.1657489
	speed: 0.0056s/iter; time left: 57.0154s
	iters: 500, epoch: 3 | loss: 0.1183722
	speed: 0.0056s/iter; time left: 56.5363s
	iters: 600, epoch: 3 | loss: 0.2430386
	speed: 0.0057s/iter; time left: 56.5740s
	iters: 700, epoch: 3 | loss: 0.0886110
	speed: 0.0054s/iter; time left: 53.6166s
	iters: 800, epoch: 3 | loss: 0.1716907
	speed: 0.0053s/iter; time left: 51.6017s
	iters: 900, epoch: 3 | loss: 0.1261896
	speed: 0.0053s/iter; time left: 51.4022s
	iters: 1000, epoch: 3 | loss: 0.1657328
	speed: 0.0053s/iter; time left: 51.0396s
	iters: 1100, epoch: 3 | loss: 0.1712027
	speed: 0.0055s/iter; time left: 52.5511s
	iters: 1200, epoch: 3 | loss: 0.0757694
	speed: 0.0053s/iter; time left: 49.6858s
	iters: 1300, epoch: 3 | loss: 0.0877197
	speed: 0.0051s/iter; time left: 47.4004s
Epoch: 3 cost time: 7.6 seconds
Epoch: 3, Steps: 1321 | Train Loss: 0.2067256 Vali Loss: 2.7835720 Test Loss: 4.1185441
Validation loss decreased (2.822268 --> 2.783572).  Saving model ...
Updating learning rate to 0.000125
	iters: 100, epoch: 4 | loss: 0.0634902
	speed: 0.0386s/iter; time left: 353.3990s
	iters: 200, epoch: 4 | loss: 0.1665575
	speed: 0.0054s/iter; time left: 48.6135s
	iters: 300, epoch: 4 | loss: 0.0590970
	speed: 0.0054s/iter; time left: 48.6010s
	iters: 400, epoch: 4 | loss: 0.1163105
	speed: 0.0053s/iter; time left: 46.5285s
	iters: 500, epoch: 4 | loss: 0.4093101
	speed: 0.0053s/iter; time left: 46.2741s
	iters: 600, epoch: 4 | loss: 0.2153738
	speed: 0.0052s/iter; time left: 44.9140s
	iters: 700, epoch: 4 | loss: 0.4655339
	speed: 0.0054s/iter; time left: 45.9338s
	iters: 800, epoch: 4 | loss: 0.0529083
	speed: 0.0053s/iter; time left: 44.5535s
	iters: 900, epoch: 4 | loss: 0.2179270
	speed: 0.0056s/iter; time left: 46.3922s
	iters: 1000, epoch: 4 | loss: 0.5109979
	speed: 0.0058s/iter; time left: 47.6133s
	iters: 1100, epoch: 4 | loss: 0.1746702
	speed: 0.0057s/iter; time left: 46.0948s
	iters: 1200, epoch: 4 | loss: 0.2923113
	speed: 0.0059s/iter; time left: 47.5305s
	iters: 1300, epoch: 4 | loss: 0.2743776
	speed: 0.0055s/iter; time left: 43.3225s
Epoch: 4 cost time: 7.5 seconds
Epoch: 4, Steps: 1321 | Train Loss: 0.2057961 Vali Loss: 2.7743950 Test Loss: 4.1079249
Validation loss decreased (2.783572 --> 2.774395).  Saving model ...
Updating learning rate to 6.25e-05
	iters: 100, epoch: 5 | loss: 0.6403258
	speed: 0.0407s/iter; time left: 318.5610s
	iters: 200, epoch: 5 | loss: 0.2395744
	speed: 0.0069s/iter; time left: 53.6178s
	iters: 300, epoch: 5 | loss: 0.2434843
	speed: 0.0064s/iter; time left: 48.9313s
	iters: 400, epoch: 5 | loss: 0.4630923
	speed: 0.0057s/iter; time left: 42.6216s
	iters: 500, epoch: 5 | loss: 0.6240191
	speed: 0.0057s/iter; time left: 41.9733s
	iters: 600, epoch: 5 | loss: 0.0846216
	speed: 0.0056s/iter; time left: 41.1686s
	iters: 700, epoch: 5 | loss: 0.2532632
	speed: 0.0059s/iter; time left: 42.5230s
	iters: 800, epoch: 5 | loss: 0.2297620
	speed: 0.0071s/iter; time left: 50.4438s
	iters: 900, epoch: 5 | loss: 0.4472160
	speed: 0.0055s/iter; time left: 38.3522s
	iters: 1000, epoch: 5 | loss: 0.1755646
	speed: 0.0057s/iter; time left: 39.2679s
	iters: 1100, epoch: 5 | loss: 0.3644302
	speed: 0.0057s/iter; time left: 38.6531s
	iters: 1200, epoch: 5 | loss: 0.2679714
	speed: 0.0059s/iter; time left: 39.8924s
	iters: 1300, epoch: 5 | loss: 0.0642200
	speed: 0.0061s/iter; time left: 40.6190s
Epoch: 5 cost time: 8.3 seconds
Epoch: 5, Steps: 1321 | Train Loss: 0.2052186 Vali Loss: 2.7743504 Test Loss: 4.1032186
Validation loss decreased (2.774395 --> 2.774350).  Saving model ...
Updating learning rate to 3.125e-05
	iters: 100, epoch: 6 | loss: 0.4445385
	speed: 0.0448s/iter; time left: 291.6714s
	iters: 200, epoch: 6 | loss: 0.2008488
	speed: 0.0065s/iter; time left: 41.4102s
	iters: 300, epoch: 6 | loss: 0.5542051
	speed: 0.0053s/iter; time left: 33.1626s
	iters: 400, epoch: 6 | loss: 0.3043632
	speed: 0.0049s/iter; time left: 30.3213s
	iters: 500, epoch: 6 | loss: 0.0717666
	speed: 0.0053s/iter; time left: 32.5643s
	iters: 600, epoch: 6 | loss: 0.1736269
	speed: 0.0054s/iter; time left: 32.4998s
	iters: 700, epoch: 6 | loss: 0.8705024
	speed: 0.0056s/iter; time left: 32.8210s
	iters: 800, epoch: 6 | loss: 0.1236138
	speed: 0.0055s/iter; time left: 32.1568s
	iters: 900, epoch: 6 | loss: 0.2387773
	speed: 0.0057s/iter; time left: 32.5409s
	iters: 1000, epoch: 6 | loss: 0.5889470
	speed: 0.0066s/iter; time left: 36.8745s
	iters: 1100, epoch: 6 | loss: 0.0634922
	speed: 0.0051s/iter; time left: 28.0690s
	iters: 1200, epoch: 6 | loss: 0.1041704
	speed: 0.0047s/iter; time left: 25.4812s
	iters: 1300, epoch: 6 | loss: 0.1867998
	speed: 0.0051s/iter; time left: 27.2709s
Epoch: 6 cost time: 7.6 seconds
Epoch: 6, Steps: 1321 | Train Loss: 0.2051255 Vali Loss: 2.7575855 Test Loss: 4.1008911
Validation loss decreased (2.774350 --> 2.757586).  Saving model ...
Updating learning rate to 1.5625e-05
	iters: 100, epoch: 7 | loss: 0.1392500
	speed: 0.0421s/iter; time left: 218.2436s
	iters: 200, epoch: 7 | loss: 0.0864440
	speed: 0.0054s/iter; time left: 27.6798s
	iters: 300, epoch: 7 | loss: 0.2462669
	speed: 0.0053s/iter; time left: 26.5172s
	iters: 400, epoch: 7 | loss: 0.2035892
	speed: 0.0052s/iter; time left: 25.3202s
	iters: 500, epoch: 7 | loss: 0.1262755
	speed: 0.0054s/iter; time left: 26.0308s
	iters: 600, epoch: 7 | loss: 0.1323875
	speed: 0.0053s/iter; time left: 24.8814s
	iters: 700, epoch: 7 | loss: 0.0819834
	speed: 0.0055s/iter; time left: 25.2662s
	iters: 800, epoch: 7 | loss: 0.1558295
	speed: 0.0055s/iter; time left: 24.5372s
	iters: 900, epoch: 7 | loss: 0.4023076
	speed: 0.0054s/iter; time left: 23.8697s
	iters: 1000, epoch: 7 | loss: 0.0993031
	speed: 0.0052s/iter; time left: 22.1537s
	iters: 1100, epoch: 7 | loss: 0.1235227
	speed: 0.0053s/iter; time left: 22.1517s
	iters: 1200, epoch: 7 | loss: 0.1848325
	speed: 0.0054s/iter; time left: 22.0361s
	iters: 1300, epoch: 7 | loss: 0.2877383
	speed: 0.0055s/iter; time left: 21.9389s
Epoch: 7 cost time: 7.4 seconds
Epoch: 7, Steps: 1321 | Train Loss: 0.2049321 Vali Loss: 2.7582781 Test Loss: 4.0995979
EarlyStopping counter: 1 out of 3
Updating learning rate to 7.8125e-06
	iters: 100, epoch: 8 | loss: 0.1208337
	speed: 0.0393s/iter; time left: 151.6630s
	iters: 200, epoch: 8 | loss: 0.2309023
	speed: 0.0056s/iter; time left: 21.1235s
	iters: 300, epoch: 8 | loss: 0.4687518
	speed: 0.0057s/iter; time left: 21.0206s
	iters: 400, epoch: 8 | loss: 0.1133990
	speed: 0.0053s/iter; time left: 18.7975s
	iters: 500, epoch: 8 | loss: 0.0605019
	speed: 0.0054s/iter; time left: 18.6134s
	iters: 600, epoch: 8 | loss: 0.1850847
	speed: 0.0057s/iter; time left: 19.0480s
	iters: 700, epoch: 8 | loss: 0.0579903
	speed: 0.0053s/iter; time left: 17.3723s
	iters: 800, epoch: 8 | loss: 0.1025385
	speed: 0.0053s/iter; time left: 16.6902s
	iters: 900, epoch: 8 | loss: 0.1174166
	speed: 0.0053s/iter; time left: 16.2760s
	iters: 1000, epoch: 8 | loss: 0.2036826
	speed: 0.0053s/iter; time left: 15.7518s
	iters: 1100, epoch: 8 | loss: 0.1265407
	speed: 0.0053s/iter; time left: 15.2772s
	iters: 1200, epoch: 8 | loss: 0.1748185
	speed: 0.0053s/iter; time left: 14.5612s
	iters: 1300, epoch: 8 | loss: 0.1604081
	speed: 0.0056s/iter; time left: 14.9800s
Epoch: 8 cost time: 7.5 seconds
Epoch: 8, Steps: 1321 | Train Loss: 0.2049307 Vali Loss: 2.7594941 Test Loss: 4.0989885
EarlyStopping counter: 2 out of 3
Updating learning rate to 3.90625e-06
	iters: 100, epoch: 9 | loss: 0.3464567
	speed: 0.0389s/iter; time left: 99.0146s
	iters: 200, epoch: 9 | loss: 0.1692284
	speed: 0.0071s/iter; time left: 17.3039s
	iters: 300, epoch: 9 | loss: 0.0953199
	speed: 0.0075s/iter; time left: 17.4772s
	iters: 400, epoch: 9 | loss: 0.1347991
	speed: 0.0059s/iter; time left: 13.2034s
	iters: 500, epoch: 9 | loss: 0.1503266
	speed: 0.0055s/iter; time left: 11.8026s
	iters: 600, epoch: 9 | loss: 0.3844181
	speed: 0.0059s/iter; time left: 11.9699s
	iters: 700, epoch: 9 | loss: 0.4624721
	speed: 0.0057s/iter; time left: 11.0335s
	iters: 800, epoch: 9 | loss: 0.1480934
	speed: 0.0057s/iter; time left: 10.5657s
	iters: 900, epoch: 9 | loss: 0.1430674
	speed: 0.0060s/iter; time left: 10.4304s
	iters: 1000, epoch: 9 | loss: 0.1316929
	speed: 0.0059s/iter; time left: 9.6388s
	iters: 1100, epoch: 9 | loss: 0.1439005
	speed: 0.0057s/iter; time left: 8.8063s
	iters: 1200, epoch: 9 | loss: 0.0782358
	speed: 0.0059s/iter; time left: 8.4885s
	iters: 1300, epoch: 9 | loss: 0.2481510
	speed: 0.0061s/iter; time left: 8.1857s
Epoch: 9 cost time: 8.3 seconds
Epoch: 9, Steps: 1321 | Train Loss: 0.2048659 Vali Loss: 2.7645488 Test Loss: 4.0986371
EarlyStopping counter: 3 out of 3
Early stopping
>>>>>>>testing : FITS_MRO_336_96_M_channels_6_FITS_M_channels_6<<<<<<<<<<<<<<<<<<<<<<<<<<<<<<<<<
test 3049
FITS_MRO_336_96_M_channels_6_FITS_M_channels_6
Shapes: pred (3048, 96, 6), true (3048, 96, 6), naive_pred (3048, 96, 6)
Shapes: gt (381, 432), pd (381, 432), naive_pd (381, 432)
Final Metrics:
FITS_10         MSE: 4.100892   MAE: 1.347164   SE: 6.437100   RRMSE: 0.346778   RMAE: 0.230692   (numpy)
FITS_10         MSE: 4.100891   MAE: 1.347164   SE: 6.437099   RRMSE: 0.346778   RMAE: 0.230692   (torch)

Repeat       MSE: 4.465144   MAE: 1.246157   SE: 6.730308   RRMSE: 0.361851   RMAE: 0.213395   (numpy)
Repeat       MSE: 4.465145   MAE: 1.246157   SE: 6.730307   RRMSE: 0.361851   RMAE: 0.213395   (torch)

