Args in experiment:
Namespace(is_training=1, model_id='FITS_exchange_rate_336_192_M_channels_7', model='FITS', data='custom', root_path='./dataset/', data_path='exchange_rate.csv', features='M', target='OT', freq='h', checkpoints='./checkpoints/', seq_len=336, label_len=48, pred_len=192, individual=False, embed_type=0, enc_in=7, dec_in=7, c_out=7, d_model=512, n_heads=8, e_layers=2, d_layers=1, d_ff=2048, moving_avg=25, factor=1, distil=True, dropout=0.05, embed='timeF', activation='gelu', output_attention=False, do_predict=False, num_workers=10, itr=1, train_epochs=10, batch_size=8, patience=3, learning_rate=0.0005, des='Exp', loss='mse', lradj='type1', use_amp=False, use_gpu=True, gpu=0, use_multi_gpu=False, devices='0,1,2,3', test_flop=False)
FITS_exchange_rate_336_192_M_channels_7_FITS_M_channels_7
Using GPU: NVIDIA GeForce RTX 4070 (cuda:0):
>>>>>>>start training : FITS_exchange_rate_336_192_M_channels_7_FITS_M_channels_7>>>>>>>>>>>>>>>>>>>>>>>>>>
train 4784
val 569
test 1326
	iters: 100, epoch: 1 | loss: 0.4135888
	speed: 0.0202s/iter; time left: 118.5522s
	iters: 200, epoch: 1 | loss: 0.2428101
	speed: 0.0048s/iter; time left: 27.6346s
	iters: 300, epoch: 1 | loss: 0.4214439
	speed: 0.0047s/iter; time left: 26.6087s
	iters: 400, epoch: 1 | loss: 0.2845219
	speed: 0.0045s/iter; time left: 25.1985s
	iters: 500, epoch: 1 | loss: 0.2565876
	speed: 0.0045s/iter; time left: 24.7928s
Epoch: 1 cost time: 3.9 seconds
Epoch: 1, Steps: 598 | Train Loss: 0.3477778 Vali Loss: 0.2602211 Test Loss: 0.2017685
Validation loss decreased (inf --> 0.260221).  Saving model ...
Updating learning rate to 0.0005
	iters: 100, epoch: 2 | loss: 0.2051117
	speed: 0.0264s/iter; time left: 139.4163s
	iters: 200, epoch: 2 | loss: 0.5561597
	speed: 0.0060s/iter; time left: 31.0024s
	iters: 300, epoch: 2 | loss: 0.3534860
	speed: 0.0058s/iter; time left: 29.6643s
	iters: 400, epoch: 2 | loss: 0.7534739
	speed: 0.0058s/iter; time left: 28.9677s
	iters: 500, epoch: 2 | loss: 0.2035393
	speed: 0.0059s/iter; time left: 28.8392s
Epoch: 2 cost time: 3.7 seconds
Epoch: 2, Steps: 598 | Train Loss: 0.2828669 Vali Loss: 0.2485111 Test Loss: 0.1898025
Validation loss decreased (0.260221 --> 0.248511).  Saving model ...
Updating learning rate to 0.00025
	iters: 100, epoch: 3 | loss: 0.2522157
	speed: 0.0306s/iter; time left: 143.5295s
	iters: 200, epoch: 3 | loss: 0.2631740
	speed: 0.0053s/iter; time left: 24.3389s
	iters: 300, epoch: 3 | loss: 0.1986147
	speed: 0.0053s/iter; time left: 23.8816s
	iters: 400, epoch: 3 | loss: 0.1985615
	speed: 0.0053s/iter; time left: 23.3507s
	iters: 500, epoch: 3 | loss: 0.4687427
	speed: 0.0055s/iter; time left: 23.4921s
Epoch: 3 cost time: 3.5 seconds
Epoch: 3, Steps: 598 | Train Loss: 0.2712823 Vali Loss: 0.2448318 Test Loss: 0.1857225
Validation loss decreased (0.248511 --> 0.244832).  Saving model ...
Updating learning rate to 0.000125
	iters: 100, epoch: 4 | loss: 0.2669432
	speed: 0.0303s/iter; time left: 123.9822s
	iters: 200, epoch: 4 | loss: 0.1829955
	speed: 0.0056s/iter; time left: 22.5025s
	iters: 300, epoch: 4 | loss: 0.1888560
	speed: 0.0052s/iter; time left: 20.0335s
	iters: 400, epoch: 4 | loss: 0.2115137
	speed: 0.0054s/iter; time left: 20.5058s
	iters: 500, epoch: 4 | loss: 0.2138906
	speed: 0.0053s/iter; time left: 19.4280s
Epoch: 4 cost time: 3.5 seconds
Epoch: 4, Steps: 598 | Train Loss: 0.2674096 Vali Loss: 0.2435615 Test Loss: 0.1847680
Validation loss decreased (0.244832 --> 0.243561).  Saving model ...
Updating learning rate to 6.25e-05
	iters: 100, epoch: 5 | loss: 0.2935780
	speed: 0.0305s/iter; time left: 106.2681s
	iters: 200, epoch: 5 | loss: 0.2165620
	speed: 0.0070s/iter; time left: 23.8462s
	iters: 300, epoch: 5 | loss: 0.4657929
	speed: 0.0065s/iter; time left: 21.2848s
	iters: 400, epoch: 5 | loss: 0.1889628
	speed: 0.0056s/iter; time left: 17.8619s
	iters: 500, epoch: 5 | loss: 0.2587706
	speed: 0.0052s/iter; time left: 16.1871s
Epoch: 5 cost time: 3.9 seconds
Epoch: 5, Steps: 598 | Train Loss: 0.2657437 Vali Loss: 0.2434774 Test Loss: 0.1844993
Validation loss decreased (0.243561 --> 0.243477).  Saving model ...
Updating learning rate to 3.125e-05
	iters: 100, epoch: 6 | loss: 0.1817880
	speed: 0.0298s/iter; time left: 86.2701s
	iters: 200, epoch: 6 | loss: 0.2279418
	speed: 0.0055s/iter; time left: 15.3353s
	iters: 300, epoch: 6 | loss: 0.4286451
	speed: 0.0056s/iter; time left: 15.0445s
	iters: 400, epoch: 6 | loss: 0.2882569
	speed: 0.0058s/iter; time left: 15.0186s
	iters: 500, epoch: 6 | loss: 0.2131297
	speed: 0.0054s/iter; time left: 13.4813s
Epoch: 6 cost time: 3.7 seconds
Epoch: 6, Steps: 598 | Train Loss: 0.2649641 Vali Loss: 0.2431448 Test Loss: 0.1840241
Validation loss decreased (0.243477 --> 0.243145).  Saving model ...
Updating learning rate to 1.5625e-05
	iters: 100, epoch: 7 | loss: 0.2912920
	speed: 0.0296s/iter; time left: 67.7633s
	iters: 200, epoch: 7 | loss: 0.2265174
	speed: 0.0055s/iter; time left: 12.0362s
	iters: 300, epoch: 7 | loss: 0.1400147
	speed: 0.0053s/iter; time left: 11.0514s
	iters: 400, epoch: 7 | loss: 0.1791900
	speed: 0.0055s/iter; time left: 10.9356s
	iters: 500, epoch: 7 | loss: 0.2133217
	speed: 0.0055s/iter; time left: 10.3331s
Epoch: 7 cost time: 3.6 seconds
Epoch: 7, Steps: 598 | Train Loss: 0.2645735 Vali Loss: 0.2424564 Test Loss: 0.1838695
Validation loss decreased (0.243145 --> 0.242456).  Saving model ...
Updating learning rate to 7.8125e-06
	iters: 100, epoch: 8 | loss: 0.1662533
	speed: 0.0293s/iter; time left: 49.6271s
	iters: 200, epoch: 8 | loss: 0.1928590
	speed: 0.0054s/iter; time left: 8.5550s
	iters: 300, epoch: 8 | loss: 0.1761904
	speed: 0.0056s/iter; time left: 8.2978s
	iters: 400, epoch: 8 | loss: 0.2192225
	speed: 0.0058s/iter; time left: 8.1015s
	iters: 500, epoch: 8 | loss: 0.3478592
	speed: 0.0059s/iter; time left: 7.6488s
Epoch: 8 cost time: 3.6 seconds
Epoch: 8, Steps: 598 | Train Loss: 0.2643776 Vali Loss: 0.2430351 Test Loss: 0.1837478
EarlyStopping counter: 1 out of 3
Updating learning rate to 3.90625e-06
	iters: 100, epoch: 9 | loss: 0.2857425
	speed: 0.0305s/iter; time left: 33.4147s
	iters: 200, epoch: 9 | loss: 0.2077256
	speed: 0.0055s/iter; time left: 5.4595s
	iters: 300, epoch: 9 | loss: 0.1571034
	speed: 0.0055s/iter; time left: 4.9214s
	iters: 400, epoch: 9 | loss: 0.2526316
	speed: 0.0054s/iter; time left: 4.3177s
	iters: 500, epoch: 9 | loss: 0.2488631
	speed: 0.0056s/iter; time left: 3.9110s
Epoch: 9 cost time: 3.6 seconds
Epoch: 9, Steps: 598 | Train Loss: 0.2642807 Vali Loss: 0.2427886 Test Loss: 0.1837076
EarlyStopping counter: 2 out of 3
Updating learning rate to 1.953125e-06
	iters: 100, epoch: 10 | loss: 0.1309759
	speed: 0.0295s/iter; time left: 14.7112s
	iters: 200, epoch: 10 | loss: 0.1868161
	speed: 0.0055s/iter; time left: 2.2143s
	iters: 300, epoch: 10 | loss: 0.2479429
	speed: 0.0055s/iter; time left: 1.6373s
	iters: 400, epoch: 10 | loss: 0.1396373
	speed: 0.0054s/iter; time left: 1.0843s
	iters: 500, epoch: 10 | loss: 0.2020117
	speed: 0.0055s/iter; time left: 0.5468s
Epoch: 10 cost time: 3.6 seconds
Epoch: 10, Steps: 598 | Train Loss: 0.2642324 Vali Loss: 0.2428037 Test Loss: 0.1836802
EarlyStopping counter: 3 out of 3
Early stopping
>>>>>>>testing : FITS_exchange_rate_336_192_M_channels_7_FITS_M_channels_7<<<<<<<<<<<<<<<<<<<<<<<<<<<<<<<<<
test 1326
FITS_exchange_rate_336_192_M_channels_7_FITS_M_channels_7
Shapes: pred (1320, 192, 8), true (1320, 192, 8), naive_pred (1320, 192, 8)
Shapes: gt (165, 528), pd (165, 528), naive_pd (165, 528)
Final Metrics:
FITS         MSE: 0.183869   MAE: 0.310333   SE: 0.378231   RRMSE: 0.298128   RMAE: 0.215762   (numpy)
FITS         MSE: 0.183869   MAE: 0.310333   SE: 0.378231   RRMSE: 0.298128   RMAE: 0.215762   (torch)

Repeat       MSE: 0.166919   MAE: 0.288571   SE: 0.342343   RRMSE: 0.284054   RMAE: 0.200632   (numpy)
Repeat       MSE: 0.166919   MAE: 0.288571   SE: 0.342343   RRMSE: 0.284054   RMAE: 0.200632   (torch)


Model(
  (fits): FITS(
    (frequency_upsampler): Linear(in_features=168, out_features=264, bias=True)
  )
)
