Args in experiment:
Namespace(is_training=1, model_id='FITS_DLinear_MRO_336_336_M_channels_6', model='FITS_DLinear', data='custom', root_path='./dataset/', data_path='MRO.csv', features='M', target='Adj Close', freq='h', checkpoints='./checkpoints/', seq_len=336, label_len=48, pred_len=336, individual=False, embed_type=0, enc_in=6, dec_in=7, c_out=7, d_model=512, n_heads=8, e_layers=2, d_layers=1, d_ff=2048, moving_avg=25, factor=1, distil=True, dropout=0.05, embed='timeF', activation='gelu', output_attention=False, do_predict=False, num_workers=10, itr=1, train_epochs=10, batch_size=8, patience=3, learning_rate=0.0005, des='Exp', loss='mse', lradj='type1', use_amp=False, use_gpu=True, gpu=0, use_multi_gpu=False, devices='0,1,2,3', test_flop=False)
FITS_DLinear_MRO_336_336_M_channels_6_FITS_DLinear_M_channels_6
Using GPU: NVIDIA GeForce RTX 4070 (cuda:0):
FITS cutoff frequency: 168
>>>>>>>start training : FITS_DLinear_MRO_336_336_M_channels_6_FITS_DLinear_M_channels_6>>>>>>>>>>>>>>>>>>>>>>>>>>
train 10335
val 1239
test 2809
	iters: 100, epoch: 1 | loss: 0.3636196
	speed: 0.0190s/iter; time left: 243.1943s
	iters: 200, epoch: 1 | loss: 0.3241575
	speed: 0.0065s/iter; time left: 82.5391s
	iters: 300, epoch: 1 | loss: 0.2943405
	speed: 0.0064s/iter; time left: 80.8096s
	iters: 400, epoch: 1 | loss: 0.4260482
	speed: 0.0059s/iter; time left: 74.2019s
	iters: 500, epoch: 1 | loss: 0.5120528
	speed: 0.0061s/iter; time left: 75.5108s
	iters: 600, epoch: 1 | loss: 0.4195772
	speed: 0.0066s/iter; time left: 81.5546s
	iters: 700, epoch: 1 | loss: 0.5250500
	speed: 0.0068s/iter; time left: 82.9786s
	iters: 800, epoch: 1 | loss: 0.2853880
	speed: 0.0066s/iter; time left: 79.6728s
	iters: 900, epoch: 1 | loss: 0.7405928
	speed: 0.0071s/iter; time left: 84.6974s
	iters: 1000, epoch: 1 | loss: 0.1945144
	speed: 0.0073s/iter; time left: 87.0566s
	iters: 1100, epoch: 1 | loss: 0.3700213
	speed: 0.0071s/iter; time left: 83.9234s
	iters: 1200, epoch: 1 | loss: 0.2113438
	speed: 0.0070s/iter; time left: 81.4089s
Epoch: 1 cost time: 9.6 seconds
Epoch: 1, Steps: 1291 | Train Loss: 0.4064657 Vali Loss: 12.0832882 Test Loss: 12.4269905
Validation loss decreased (inf --> 12.083288).  Saving model ...
Updating learning rate to 0.0005
	iters: 100, epoch: 2 | loss: 0.3009622
	speed: 0.0467s/iter; time left: 538.2077s
	iters: 200, epoch: 2 | loss: 0.3412697
	speed: 0.0076s/iter; time left: 86.2530s
	iters: 300, epoch: 2 | loss: 0.5639470
	speed: 0.0075s/iter; time left: 85.1594s
	iters: 400, epoch: 2 | loss: 0.4859913
	speed: 0.0076s/iter; time left: 85.5715s
	iters: 500, epoch: 2 | loss: 0.4321929
	speed: 0.0071s/iter; time left: 79.2873s
	iters: 600, epoch: 2 | loss: 0.8006358
	speed: 0.0070s/iter; time left: 77.2199s
	iters: 700, epoch: 2 | loss: 0.6187806
	speed: 0.0073s/iter; time left: 80.1255s
	iters: 800, epoch: 2 | loss: 0.1771106
	speed: 0.0072s/iter; time left: 78.1338s
	iters: 900, epoch: 2 | loss: 0.1593655
	speed: 0.0077s/iter; time left: 82.0865s
	iters: 1000, epoch: 2 | loss: 0.4127902
	speed: 0.0076s/iter; time left: 80.2351s
	iters: 1100, epoch: 2 | loss: 0.3487269
	speed: 0.0074s/iter; time left: 77.9054s
	iters: 1200, epoch: 2 | loss: 0.1612279
	speed: 0.0073s/iter; time left: 75.7941s
Epoch: 2 cost time: 9.8 seconds
Epoch: 2, Steps: 1291 | Train Loss: 0.3924791 Vali Loss: 9.1125860 Test Loss: 10.2097216
Validation loss decreased (12.083288 --> 9.112586).  Saving model ...
Updating learning rate to 0.00025
	iters: 100, epoch: 3 | loss: 0.7189370
	speed: 0.0458s/iter; time left: 468.8274s
	iters: 200, epoch: 3 | loss: 0.3344498
	speed: 0.0071s/iter; time left: 71.8025s
	iters: 300, epoch: 3 | loss: 0.2100489
	speed: 0.0067s/iter; time left: 67.3224s
	iters: 400, epoch: 3 | loss: 0.4896962
	speed: 0.0071s/iter; time left: 70.3843s
	iters: 500, epoch: 3 | loss: 0.3168502
	speed: 0.0071s/iter; time left: 70.1951s
	iters: 600, epoch: 3 | loss: 0.3659717
	speed: 0.0073s/iter; time left: 70.7673s
	iters: 700, epoch: 3 | loss: 0.3755063
	speed: 0.0076s/iter; time left: 73.0885s
	iters: 800, epoch: 3 | loss: 0.4938408
	speed: 0.0070s/iter; time left: 66.8124s
	iters: 900, epoch: 3 | loss: 0.6444530
	speed: 0.0074s/iter; time left: 69.6687s
	iters: 1000, epoch: 3 | loss: 0.2107020
	speed: 0.0078s/iter; time left: 72.7552s
	iters: 1100, epoch: 3 | loss: 0.5180191
	speed: 0.0081s/iter; time left: 75.1016s
	iters: 1200, epoch: 3 | loss: 0.9226401
	speed: 0.0077s/iter; time left: 70.6362s
Epoch: 3 cost time: 9.7 seconds
Epoch: 3, Steps: 1291 | Train Loss: 0.3791937 Vali Loss: 7.7644548 Test Loss: 9.2601471
Validation loss decreased (9.112586 --> 7.764455).  Saving model ...
Updating learning rate to 0.000125
	iters: 100, epoch: 4 | loss: 0.1337218
	speed: 0.0456s/iter; time left: 407.7431s
	iters: 200, epoch: 4 | loss: 0.2097435
	speed: 0.0076s/iter; time left: 67.1022s
	iters: 300, epoch: 4 | loss: 0.3926888
	speed: 0.0076s/iter; time left: 66.3505s
	iters: 400, epoch: 4 | loss: 0.4554153
	speed: 0.0072s/iter; time left: 61.8445s
	iters: 500, epoch: 4 | loss: 0.4311558
	speed: 0.0068s/iter; time left: 58.3761s
	iters: 600, epoch: 4 | loss: 0.2734430
	speed: 0.0070s/iter; time left: 59.3312s
	iters: 700, epoch: 4 | loss: 0.4608796
	speed: 0.0068s/iter; time left: 56.8589s
	iters: 800, epoch: 4 | loss: 0.2342106
	speed: 0.0069s/iter; time left: 57.0364s
	iters: 900, epoch: 4 | loss: 0.3789731
	speed: 0.0071s/iter; time left: 57.5750s
	iters: 1000, epoch: 4 | loss: 0.1349784
	speed: 0.0072s/iter; time left: 57.5778s
	iters: 1100, epoch: 4 | loss: 0.2142651
	speed: 0.0074s/iter; time left: 58.5159s
	iters: 1200, epoch: 4 | loss: 0.5386404
	speed: 0.0077s/iter; time left: 60.0009s
Epoch: 4 cost time: 9.6 seconds
Epoch: 4, Steps: 1291 | Train Loss: 0.3708917 Vali Loss: 9.1689701 Test Loss: 10.0216532
EarlyStopping counter: 1 out of 3
Updating learning rate to 6.25e-05
	iters: 100, epoch: 5 | loss: 0.1950740
	speed: 0.0488s/iter; time left: 373.0615s
	iters: 200, epoch: 5 | loss: 0.3990380
	speed: 0.0080s/iter; time left: 60.3065s
	iters: 300, epoch: 5 | loss: 0.5557872
	speed: 0.0075s/iter; time left: 55.5613s
	iters: 400, epoch: 5 | loss: 0.3498230
	speed: 0.0075s/iter; time left: 54.7740s
	iters: 500, epoch: 5 | loss: 0.2986915
	speed: 0.0075s/iter; time left: 54.2196s
	iters: 600, epoch: 5 | loss: 0.4430990
	speed: 0.0073s/iter; time left: 52.0542s
	iters: 700, epoch: 5 | loss: 0.2871325
	speed: 0.0075s/iter; time left: 52.7453s
	iters: 800, epoch: 5 | loss: 0.6969833
	speed: 0.0076s/iter; time left: 52.7186s
	iters: 900, epoch: 5 | loss: 0.5188699
	speed: 0.0076s/iter; time left: 51.9052s
	iters: 1000, epoch: 5 | loss: 0.2695971
	speed: 0.0076s/iter; time left: 51.4132s
	iters: 1100, epoch: 5 | loss: 0.2660378
	speed: 0.0075s/iter; time left: 49.7898s
	iters: 1200, epoch: 5 | loss: 0.3619162
	speed: 0.0073s/iter; time left: 47.6552s
Epoch: 5 cost time: 10.1 seconds
Epoch: 5, Steps: 1291 | Train Loss: 0.3672856 Vali Loss: 9.1051502 Test Loss: 9.9027224
EarlyStopping counter: 2 out of 3
Updating learning rate to 3.125e-05
	iters: 100, epoch: 6 | loss: 0.3163694
	speed: 0.0476s/iter; time left: 302.5116s
	iters: 200, epoch: 6 | loss: 0.1459254
	speed: 0.0077s/iter; time left: 48.2985s
	iters: 300, epoch: 6 | loss: 0.5204309
	speed: 0.0078s/iter; time left: 47.7328s
	iters: 400, epoch: 6 | loss: 0.3788999
	speed: 0.0072s/iter; time left: 43.4732s
	iters: 500, epoch: 6 | loss: 0.3462168
	speed: 0.0068s/iter; time left: 40.2497s
	iters: 600, epoch: 6 | loss: 0.2611312
	speed: 0.0077s/iter; time left: 45.3741s
	iters: 700, epoch: 6 | loss: 0.3283767
	speed: 0.0076s/iter; time left: 43.5177s
	iters: 800, epoch: 6 | loss: 0.1388233
	speed: 0.0074s/iter; time left: 41.8707s
	iters: 900, epoch: 6 | loss: 0.2972392
	speed: 0.0075s/iter; time left: 41.6279s
	iters: 1000, epoch: 6 | loss: 0.6739784
	speed: 0.0073s/iter; time left: 39.6854s
	iters: 1100, epoch: 6 | loss: 0.2168635
	speed: 0.0072s/iter; time left: 38.7855s
	iters: 1200, epoch: 6 | loss: 0.6324055
	speed: 0.0077s/iter; time left: 40.6863s
Epoch: 6 cost time: 9.9 seconds
Epoch: 6, Steps: 1291 | Train Loss: 0.3651485 Vali Loss: 8.6359434 Test Loss: 9.6001406
EarlyStopping counter: 3 out of 3
Early stopping
>>>>>>>testing : FITS_DLinear_MRO_336_336_M_channels_6_FITS_DLinear_M_channels_6<<<<<<<<<<<<<<<<<<<<<<<<<<<<<<<<<
test 2809
FITS_DLinear_MRO_336_336_M_channels_6_FITS_DLinear_M_channels_6
Shapes: pred (2808, 336, 6), true (2808, 336, 6), naive_pred (2808, 336, 6)
Shapes: gt (351, 672), pd (351, 672), naive_pd (351, 672)
Final Metrics:
FITS_DLinear MSE: 9.260145   MAE: 2.199156   SE: 16.280727  RRMSE: 0.534509   RMAE: 0.386280   (numpy)
FITS_DLinear MSE: 9.260147   MAE: 2.199154   SE: 16.280727  RRMSE: 0.534509   RMAE: 0.386279   (torch)

Repeat       MSE: 10.411037  MAE: 2.190049   SE: 18.626980  RRMSE: 0.566752   RMAE: 0.384680   (numpy)
Repeat       MSE: 10.411036  MAE: 2.190050   SE: 18.626982  RRMSE: 0.566752   RMAE: 0.384680   (torch)


Model(
  (decomposition): SeriesDecomp(
    (moving_avg): MovingAvg(
      (avg): AvgPool1d(kernel_size=(25,), stride=(1,), padding=(0,))
    )
  )
  (fits): FITS(
    (frequency_upsampler): Linear(in_features=168, out_features=336, bias=True)
  )
  (Linear_Seasonal): Linear(in_features=672, out_features=336, bias=True)
  (Linear_Trend): Linear(in_features=336, out_features=336, bias=True)
)
