Args in experiment:
Namespace(is_training=1, model_id='FITS_DLinear_MRO_336_96_M_channels_6', model='FITS_DLinear', data='custom', root_path='./dataset/', data_path='MRO.csv', features='M', target='Adj Close', freq='h', checkpoints='./checkpoints/', seq_len=336, label_len=48, pred_len=96, individual=False, embed_type=0, enc_in=6, dec_in=7, c_out=7, d_model=512, n_heads=8, e_layers=2, d_layers=1, d_ff=2048, moving_avg=25, factor=1, distil=True, dropout=0.05, embed='timeF', activation='gelu', output_attention=False, do_predict=False, num_workers=10, itr=1, train_epochs=10, batch_size=8, patience=3, learning_rate=0.0005, des='Exp', loss='mse', lradj='type1', use_amp=False, use_gpu=True, gpu=0, use_multi_gpu=False, devices='0,1,2,3', test_flop=False)
FITS_DLinear_MRO_336_96_M_channels_6_FITS_DLinear_M_channels_6
Using GPU: NVIDIA GeForce RTX 4070 (cuda:0):
FITS cutoff frequency: 168
>>>>>>>start training : FITS_DLinear_MRO_336_96_M_channels_6_FITS_DLinear_M_channels_6>>>>>>>>>>>>>>>>>>>>>>>>>>
train 10575
val 1479
test 3049
	iters: 100, epoch: 1 | loss: 0.2199643
	speed: 0.0196s/iter; time left: 256.7608s
	iters: 200, epoch: 1 | loss: 0.1786596
	speed: 0.0067s/iter; time left: 86.7650s
	iters: 300, epoch: 1 | loss: 0.0737502
	speed: 0.0067s/iter; time left: 86.1757s
	iters: 400, epoch: 1 | loss: 0.1191836
	speed: 0.0063s/iter; time left: 80.4591s
	iters: 500, epoch: 1 | loss: 0.0818687
	speed: 0.0065s/iter; time left: 82.2967s
	iters: 600, epoch: 1 | loss: 0.0840406
	speed: 0.0064s/iter; time left: 80.0884s
	iters: 700, epoch: 1 | loss: 0.2333698
	speed: 0.0065s/iter; time left: 81.9068s
	iters: 800, epoch: 1 | loss: 0.0774494
	speed: 0.0064s/iter; time left: 79.2423s
	iters: 900, epoch: 1 | loss: 0.0820110
	speed: 0.0070s/iter; time left: 86.2786s
	iters: 1000, epoch: 1 | loss: 0.4467819
	speed: 0.0071s/iter; time left: 86.7732s
	iters: 1100, epoch: 1 | loss: 0.1639793
	speed: 0.0070s/iter; time left: 84.3406s
	iters: 1200, epoch: 1 | loss: 0.1123798
	speed: 0.0070s/iter; time left: 83.8709s
	iters: 1300, epoch: 1 | loss: 0.1397536
	speed: 0.0071s/iter; time left: 84.5585s
Epoch: 1 cost time: 9.8 seconds
Epoch: 1, Steps: 1321 | Train Loss: 0.2228422 Vali Loss: 3.1595035 Test Loss: 4.6570215
Validation loss decreased (inf --> 3.159503).  Saving model ...
Updating learning rate to 0.0005
	iters: 100, epoch: 2 | loss: 0.2965918
	speed: 0.0415s/iter; time left: 488.9719s
	iters: 200, epoch: 2 | loss: 0.0975013
	speed: 0.0074s/iter; time left: 86.7269s
	iters: 300, epoch: 2 | loss: 0.0994970
	speed: 0.0075s/iter; time left: 87.0408s
	iters: 400, epoch: 2 | loss: 0.1522217
	speed: 0.0071s/iter; time left: 81.6484s
	iters: 500, epoch: 2 | loss: 0.0957972
	speed: 0.0072s/iter; time left: 82.0112s
	iters: 600, epoch: 2 | loss: 0.1513967
	speed: 0.0072s/iter; time left: 81.5887s
	iters: 700, epoch: 2 | loss: 0.1134768
	speed: 0.0070s/iter; time left: 78.8609s
	iters: 800, epoch: 2 | loss: 0.1943148
	speed: 0.0071s/iter; time left: 78.4079s
	iters: 900, epoch: 2 | loss: 0.0812955
	speed: 0.0077s/iter; time left: 84.0856s
	iters: 1000, epoch: 2 | loss: 0.1457523
	speed: 0.0072s/iter; time left: 78.3273s
	iters: 1100, epoch: 2 | loss: 0.2433789
	speed: 0.0077s/iter; time left: 82.7538s
	iters: 1200, epoch: 2 | loss: 0.2082195
	speed: 0.0070s/iter; time left: 75.1689s
	iters: 1300, epoch: 2 | loss: 0.1195250
	speed: 0.0074s/iter; time left: 77.8891s
Epoch: 2 cost time: 9.9 seconds
Epoch: 2, Steps: 1321 | Train Loss: 0.2105413 Vali Loss: 2.7755029 Test Loss: 4.0648279
Validation loss decreased (3.159503 --> 2.775503).  Saving model ...
Updating learning rate to 0.00025
	iters: 100, epoch: 3 | loss: 0.0506886
	speed: 0.0432s/iter; time left: 452.3694s
	iters: 200, epoch: 3 | loss: 0.0561967
	speed: 0.0075s/iter; time left: 77.4316s
	iters: 300, epoch: 3 | loss: 0.2549302
	speed: 0.0072s/iter; time left: 73.5964s
	iters: 400, epoch: 3 | loss: 0.0959780
	speed: 0.0075s/iter; time left: 76.5689s
	iters: 500, epoch: 3 | loss: 0.5570318
	speed: 0.0074s/iter; time left: 74.2335s
	iters: 600, epoch: 3 | loss: 0.2382202
	speed: 0.0070s/iter; time left: 69.6346s
	iters: 700, epoch: 3 | loss: 0.1376782
	speed: 0.0077s/iter; time left: 75.7373s
	iters: 800, epoch: 3 | loss: 0.0890536
	speed: 0.0077s/iter; time left: 75.2842s
	iters: 900, epoch: 3 | loss: 0.1532863
	speed: 0.0072s/iter; time left: 69.9397s
	iters: 1000, epoch: 3 | loss: 0.5785795
	speed: 0.0069s/iter; time left: 65.7431s
	iters: 1100, epoch: 3 | loss: 0.1241690
	speed: 0.0068s/iter; time left: 64.7291s
	iters: 1200, epoch: 3 | loss: 0.0915429
	speed: 0.0073s/iter; time left: 68.4541s
	iters: 1300, epoch: 3 | loss: 0.0736547
	speed: 0.0071s/iter; time left: 66.1121s
Epoch: 3 cost time: 9.9 seconds
Epoch: 3, Steps: 1321 | Train Loss: 0.2010117 Vali Loss: 2.7233644 Test Loss: 3.9122522
Validation loss decreased (2.775503 --> 2.723364).  Saving model ...
Updating learning rate to 0.000125
	iters: 100, epoch: 4 | loss: 0.1937624
	speed: 0.0436s/iter; time left: 398.4471s
	iters: 200, epoch: 4 | loss: 0.0521074
	speed: 0.0075s/iter; time left: 67.8638s
	iters: 300, epoch: 4 | loss: 0.1772694
	speed: 0.0074s/iter; time left: 66.5953s
	iters: 400, epoch: 4 | loss: 0.1056418
	speed: 0.0075s/iter; time left: 66.7060s
	iters: 500, epoch: 4 | loss: 0.0793115
	speed: 0.0075s/iter; time left: 65.1789s
	iters: 600, epoch: 4 | loss: 0.2610759
	speed: 0.0075s/iter; time left: 65.2048s
	iters: 700, epoch: 4 | loss: 0.3210272
	speed: 0.0077s/iter; time left: 65.4237s
	iters: 800, epoch: 4 | loss: 0.0784236
	speed: 0.0078s/iter; time left: 66.2410s
	iters: 900, epoch: 4 | loss: 0.1151772
	speed: 0.0077s/iter; time left: 64.4995s
	iters: 1000, epoch: 4 | loss: 0.1533268
	speed: 0.0074s/iter; time left: 61.0066s
	iters: 1100, epoch: 4 | loss: 0.2437215
	speed: 0.0075s/iter; time left: 60.8675s
	iters: 1200, epoch: 4 | loss: 0.1630938
	speed: 0.0076s/iter; time left: 61.5361s
	iters: 1300, epoch: 4 | loss: 0.4820899
	speed: 0.0075s/iter; time left: 59.6348s
Epoch: 4 cost time: 10.2 seconds
Epoch: 4, Steps: 1321 | Train Loss: 0.1958118 Vali Loss: 2.6067290 Test Loss: 3.8201427
Validation loss decreased (2.723364 --> 2.606729).  Saving model ...
Updating learning rate to 6.25e-05
	iters: 100, epoch: 5 | loss: 0.1492223
	speed: 0.0459s/iter; time left: 359.0595s
	iters: 200, epoch: 5 | loss: 0.0885886
	speed: 0.0077s/iter; time left: 59.5719s
	iters: 300, epoch: 5 | loss: 0.1768654
	speed: 0.0071s/iter; time left: 53.8704s
	iters: 400, epoch: 5 | loss: 0.1366711
	speed: 0.0080s/iter; time left: 59.9726s
	iters: 500, epoch: 5 | loss: 0.0744794
	speed: 0.0073s/iter; time left: 54.2331s
	iters: 600, epoch: 5 | loss: 0.0896355
	speed: 0.0074s/iter; time left: 54.1975s
	iters: 700, epoch: 5 | loss: 0.1006002
	speed: 0.0074s/iter; time left: 53.4964s
	iters: 800, epoch: 5 | loss: 0.1719051
	speed: 0.0071s/iter; time left: 50.5044s
	iters: 900, epoch: 5 | loss: 0.1574967
	speed: 0.0077s/iter; time left: 54.0209s
	iters: 1000, epoch: 5 | loss: 0.2438056
	speed: 0.0071s/iter; time left: 48.9887s
	iters: 1100, epoch: 5 | loss: 0.0830007
	speed: 0.0074s/iter; time left: 50.2176s
	iters: 1200, epoch: 5 | loss: 0.1397874
	speed: 0.0075s/iter; time left: 50.1450s
	iters: 1300, epoch: 5 | loss: 0.0642878
	speed: 0.0078s/iter; time left: 51.5445s
Epoch: 5 cost time: 10.2 seconds
Epoch: 5, Steps: 1321 | Train Loss: 0.1930350 Vali Loss: 2.7960224 Test Loss: 3.9626589
EarlyStopping counter: 1 out of 3
Updating learning rate to 3.125e-05
	iters: 100, epoch: 6 | loss: 0.0899579
	speed: 0.0437s/iter; time left: 284.5245s
	iters: 200, epoch: 6 | loss: 0.1326556
	speed: 0.0072s/iter; time left: 46.3780s
	iters: 300, epoch: 6 | loss: 0.5307214
	speed: 0.0076s/iter; time left: 48.0947s
	iters: 400, epoch: 6 | loss: 0.0806003
	speed: 0.0074s/iter; time left: 45.9995s
	iters: 500, epoch: 6 | loss: 0.1021891
	speed: 0.0073s/iter; time left: 44.3040s
	iters: 600, epoch: 6 | loss: 0.0905445
	speed: 0.0073s/iter; time left: 44.0722s
	iters: 700, epoch: 6 | loss: 0.1578214
	speed: 0.0073s/iter; time left: 43.3899s
	iters: 800, epoch: 6 | loss: 0.1114371
	speed: 0.0073s/iter; time left: 42.6597s
	iters: 900, epoch: 6 | loss: 0.1387554
	speed: 0.0076s/iter; time left: 43.4558s
	iters: 1000, epoch: 6 | loss: 0.0796265
	speed: 0.0075s/iter; time left: 42.0317s
	iters: 1100, epoch: 6 | loss: 0.1603447
	speed: 0.0073s/iter; time left: 40.2668s
	iters: 1200, epoch: 6 | loss: 0.0538287
	speed: 0.0078s/iter; time left: 42.1564s
	iters: 1300, epoch: 6 | loss: 0.0844040
	speed: 0.0074s/iter; time left: 39.3011s
Epoch: 6 cost time: 10.1 seconds
Epoch: 6, Steps: 1321 | Train Loss: 0.1912991 Vali Loss: 2.6590362 Test Loss: 3.8417625
EarlyStopping counter: 2 out of 3
Updating learning rate to 1.5625e-05
	iters: 100, epoch: 7 | loss: 0.1353122
	speed: 0.0453s/iter; time left: 235.0484s
	iters: 200, epoch: 7 | loss: 0.0686849
	speed: 0.0077s/iter; time left: 39.2525s
	iters: 300, epoch: 7 | loss: 0.0941705
	speed: 0.0078s/iter; time left: 38.6720s
	iters: 400, epoch: 7 | loss: 0.1176066
	speed: 0.0080s/iter; time left: 38.9976s
	iters: 500, epoch: 7 | loss: 0.0765816
	speed: 0.0071s/iter; time left: 33.8165s
	iters: 600, epoch: 7 | loss: 0.4911429
	speed: 0.0068s/iter; time left: 31.8328s
	iters: 700, epoch: 7 | loss: 0.1533854
	speed: 0.0068s/iter; time left: 31.1476s
	iters: 800, epoch: 7 | loss: 0.1245136
	speed: 0.0069s/iter; time left: 30.8849s
	iters: 900, epoch: 7 | loss: 0.4014785
	speed: 0.0068s/iter; time left: 29.8376s
	iters: 1000, epoch: 7 | loss: 0.5256131
	speed: 0.0068s/iter; time left: 29.2577s
	iters: 1100, epoch: 7 | loss: 0.0673630
	speed: 0.0069s/iter; time left: 28.9583s
	iters: 1200, epoch: 7 | loss: 0.1011994
	speed: 0.0071s/iter; time left: 28.8866s
	iters: 1300, epoch: 7 | loss: 0.1679829
	speed: 0.0073s/iter; time left: 29.1987s
Epoch: 7 cost time: 9.9 seconds
Epoch: 7, Steps: 1321 | Train Loss: 0.1905933 Vali Loss: 2.6183856 Test Loss: 3.8309977
EarlyStopping counter: 3 out of 3
Early stopping
>>>>>>>testing : FITS_DLinear_MRO_336_96_M_channels_6_FITS_DLinear_M_channels_6<<<<<<<<<<<<<<<<<<<<<<<<<<<<<<<<<
test 3049
FITS_DLinear_MRO_336_96_M_channels_6_FITS_DLinear_M_channels_6
Shapes: pred (3048, 96, 6), true (3048, 96, 6), naive_pred (3048, 96, 6)
Shapes: gt (381, 432), pd (381, 432), naive_pd (381, 432)
Final Metrics:
FITS_DLinear MSE: 3.820142   MAE: 1.272551   SE: 5.770550   RRMSE: 0.334697   RMAE: 0.217915   (numpy)
FITS_DLinear MSE: 3.820143   MAE: 1.272552   SE: 5.770550   RRMSE: 0.334697   RMAE: 0.217915   (torch)

Repeat       MSE: 4.465144   MAE: 1.246157   SE: 6.730308   RRMSE: 0.361851   RMAE: 0.213395   (numpy)
Repeat       MSE: 4.465145   MAE: 1.246157   SE: 6.730307   RRMSE: 0.361851   RMAE: 0.213395   (torch)


Model(
  (decomposition): SeriesDecomp(
    (moving_avg): MovingAvg(
      (avg): AvgPool1d(kernel_size=(25,), stride=(1,), padding=(0,))
    )
  )
  (fits): FITS(
    (frequency_upsampler): Linear(in_features=168, out_features=216, bias=True)
  )
  (Linear_Seasonal): Linear(in_features=432, out_features=96, bias=True)
  (Linear_Trend): Linear(in_features=336, out_features=96, bias=True)
)
