Args in experiment:
Namespace(is_training=1, model_id='FITS_100_GD_336_720_M_channels_6', model='FITS_100', data='custom', root_path='./dataset/', data_path='GD.csv', features='M', target='Adj Close', freq='h', checkpoints='./checkpoints/', seq_len=336, label_len=48, pred_len=720, individual=False, embed_type=0, enc_in=6, dec_in=7, c_out=7, d_model=512, n_heads=8, e_layers=2, d_layers=1, d_ff=2048, moving_avg=25, factor=1, distil=True, dropout=0.05, embed='timeF', activation='gelu', output_attention=False, do_predict=False, num_workers=10, itr=1, train_epochs=10, batch_size=8, patience=3, learning_rate=0.0005, des='Exp', loss='mse', lradj='type1', use_amp=False, use_gpu=True, gpu=0, use_multi_gpu=False, devices='0,1,2,3', test_flop=False)
FITS_100_GD_336_720_M_channels_6_FITS_100_M_channels_6
Using GPU: NVIDIA GeForce RTX 4070 (cuda:0):
>>>>>>>start training : FITS_100_GD_336_720_M_channels_6_FITS_100_M_channels_6>>>>>>>>>>>>>>>>>>>>>>>>>>
train 9951
val 855
test 2425
	iters: 100, epoch: 1 | loss: 0.2156569
	speed: 0.0178s/iter; time left: 219.6635s
	iters: 200, epoch: 1 | loss: 0.2889166
	speed: 0.0046s/iter; time left: 56.4767s
	iters: 300, epoch: 1 | loss: 0.3689171
	speed: 0.0048s/iter; time left: 58.5642s
	iters: 400, epoch: 1 | loss: 0.4264940
	speed: 0.0051s/iter; time left: 61.2291s
	iters: 500, epoch: 1 | loss: 0.2476865
	speed: 0.0048s/iter; time left: 57.4153s
	iters: 600, epoch: 1 | loss: 0.2575712
	speed: 0.0051s/iter; time left: 60.7563s
	iters: 700, epoch: 1 | loss: 0.1293744
	speed: 0.0049s/iter; time left: 57.0070s
	iters: 800, epoch: 1 | loss: 0.1358346
	speed: 0.0048s/iter; time left: 55.7789s
	iters: 900, epoch: 1 | loss: 0.1799464
	speed: 0.0049s/iter; time left: 56.2478s
	iters: 1000, epoch: 1 | loss: 0.2208617
	speed: 0.0047s/iter; time left: 53.4005s
	iters: 1100, epoch: 1 | loss: 0.1132692
	speed: 0.0047s/iter; time left: 53.3523s
	iters: 1200, epoch: 1 | loss: 0.1351350
	speed: 0.0050s/iter; time left: 56.0956s
Epoch: 1 cost time: 7.0 seconds
Epoch: 1, Steps: 1243 | Train Loss: 0.2627501 Vali Loss: 1.9221270 Test Loss: 11.1605034
Validation loss decreased (inf --> 1.922127).  Saving model ...
Updating learning rate to 0.0005
	iters: 100, epoch: 2 | loss: 0.1872460
	speed: 0.0357s/iter; time left: 395.4748s
	iters: 200, epoch: 2 | loss: 0.2110270
	speed: 0.0056s/iter; time left: 61.2270s
	iters: 300, epoch: 2 | loss: 0.1200372
	speed: 0.0057s/iter; time left: 61.9556s
	iters: 400, epoch: 2 | loss: 0.1582009
	speed: 0.0060s/iter; time left: 64.3189s
	iters: 500, epoch: 2 | loss: 0.1163174
	speed: 0.0056s/iter; time left: 59.7426s
	iters: 600, epoch: 2 | loss: 0.1250850
	speed: 0.0056s/iter; time left: 58.8882s
	iters: 700, epoch: 2 | loss: 0.1001823
	speed: 0.0056s/iter; time left: 59.0161s
	iters: 800, epoch: 2 | loss: 0.3029734
	speed: 0.0061s/iter; time left: 63.1136s
	iters: 900, epoch: 2 | loss: 0.2955756
	speed: 0.0060s/iter; time left: 62.0513s
	iters: 1000, epoch: 2 | loss: 0.1521382
	speed: 0.0063s/iter; time left: 63.7557s
	iters: 1100, epoch: 2 | loss: 0.4528508
	speed: 0.0076s/iter; time left: 76.2896s
	iters: 1200, epoch: 2 | loss: 0.5458371
	speed: 0.0050s/iter; time left: 50.0520s
Epoch: 2 cost time: 7.6 seconds
Epoch: 2, Steps: 1243 | Train Loss: 0.2270911 Vali Loss: 1.9336565 Test Loss: 11.0143766
EarlyStopping counter: 1 out of 3
Updating learning rate to 0.00025
	iters: 100, epoch: 3 | loss: 0.3548636
	speed: 0.0352s/iter; time left: 346.4667s
	iters: 200, epoch: 3 | loss: 0.1675670
	speed: 0.0056s/iter; time left: 54.3503s
	iters: 300, epoch: 3 | loss: 0.1020086
	speed: 0.0055s/iter; time left: 52.7189s
	iters: 400, epoch: 3 | loss: 0.2401518
	speed: 0.0055s/iter; time left: 52.8444s
	iters: 500, epoch: 3 | loss: 0.1626972
	speed: 0.0056s/iter; time left: 52.7241s
	iters: 600, epoch: 3 | loss: 0.1458332
	speed: 0.0056s/iter; time left: 52.4721s
	iters: 700, epoch: 3 | loss: 0.1217782
	speed: 0.0055s/iter; time left: 50.6898s
	iters: 800, epoch: 3 | loss: 0.1295971
	speed: 0.0061s/iter; time left: 55.9935s
	iters: 900, epoch: 3 | loss: 0.3210538
	speed: 0.0058s/iter; time left: 52.7692s
	iters: 1000, epoch: 3 | loss: 0.1504924
	speed: 0.0059s/iter; time left: 53.2080s
	iters: 1100, epoch: 3 | loss: 0.2390305
	speed: 0.0056s/iter; time left: 49.4343s
	iters: 1200, epoch: 3 | loss: 0.1436604
	speed: 0.0058s/iter; time left: 50.6578s
Epoch: 3 cost time: 7.4 seconds
Epoch: 3, Steps: 1243 | Train Loss: 0.2245275 Vali Loss: 1.9335642 Test Loss: 10.9829540
EarlyStopping counter: 2 out of 3
Updating learning rate to 0.000125
	iters: 100, epoch: 4 | loss: 0.3624938
	speed: 0.0365s/iter; time left: 313.6887s
	iters: 200, epoch: 4 | loss: 0.3875557
	speed: 0.0054s/iter; time left: 45.7442s
	iters: 300, epoch: 4 | loss: 0.1236667
	speed: 0.0062s/iter; time left: 52.0069s
	iters: 400, epoch: 4 | loss: 0.1779395
	speed: 0.0055s/iter; time left: 45.8813s
	iters: 500, epoch: 4 | loss: 0.2662071
	speed: 0.0055s/iter; time left: 44.8338s
	iters: 600, epoch: 4 | loss: 0.1404438
	speed: 0.0054s/iter; time left: 43.9013s
	iters: 700, epoch: 4 | loss: 0.1242914
	speed: 0.0056s/iter; time left: 45.1801s
	iters: 800, epoch: 4 | loss: 0.3676848
	speed: 0.0054s/iter; time left: 42.4755s
	iters: 900, epoch: 4 | loss: 0.3657616
	speed: 0.0054s/iter; time left: 41.7872s
	iters: 1000, epoch: 4 | loss: 0.1876234
	speed: 0.0058s/iter; time left: 44.4177s
	iters: 1100, epoch: 4 | loss: 0.4222432
	speed: 0.0059s/iter; time left: 44.7173s
	iters: 1200, epoch: 4 | loss: 0.2914720
	speed: 0.0060s/iter; time left: 44.7930s
Epoch: 4 cost time: 7.3 seconds
Epoch: 4, Steps: 1243 | Train Loss: 0.2234658 Vali Loss: 1.9330046 Test Loss: 10.9724350
EarlyStopping counter: 3 out of 3
Early stopping
>>>>>>>testing : FITS_100_GD_336_720_M_channels_6_FITS_100_M_channels_6<<<<<<<<<<<<<<<<<<<<<<<<<<<<<<<<<
test 2425
FITS_100_GD_336_720_M_channels_6_FITS_100_M_channels_6
Shapes: pred (2424, 720, 6), true (2424, 720, 6), naive_pred (2424, 720, 6)
Shapes: gt (303, 1056), pd (303, 1056), naive_pd (303, 1056)
Final Metrics:
FITS_100     MSE: 11.160505  MAE: 2.602166   SE: 25.952364  RRMSE: 0.332208   RMAE: 0.258764   (numpy)
FITS_100     MSE: 11.160503  MAE: 2.602167   SE: 25.952362  RRMSE: 0.332208   RMAE: 0.258764   (torch)

Repeat       MSE: 9.859303   MAE: 2.366078   SE: 21.450809  RRMSE: 0.312242   RMAE: 0.235287   (numpy)
Repeat       MSE: 9.859306   MAE: 2.366079   SE: 21.450809  RRMSE: 0.312242   RMAE: 0.235287   (torch)

