Args in experiment:
Namespace(is_training=1, model_id='FITS_MRO_336_720_M_channels_6', model='FITS', data='custom', root_path='./dataset/', data_path='MRO.csv', features='M', target='Adj Close', freq='h', checkpoints='./checkpoints/', seq_len=336, label_len=48, pred_len=720, individual=False, embed_type=0, enc_in=6, dec_in=7, c_out=7, d_model=512, n_heads=8, e_layers=2, d_layers=1, d_ff=2048, moving_avg=25, factor=1, distil=True, dropout=0.05, embed='timeF', activation='gelu', output_attention=False, do_predict=False, num_workers=10, itr=1, train_epochs=10, batch_size=8, patience=3, learning_rate=0.0005, des='Exp', loss='mse', lradj='type1', use_amp=False, use_gpu=True, gpu=0, use_multi_gpu=False, devices='0,1,2,3', test_flop=False)
FITS_MRO_336_720_M_channels_6_FITS_M_channels_6
Using GPU: NVIDIA GeForce RTX 4070 (cuda:0):
>>>>>>>start training : FITS_MRO_336_720_M_channels_6_FITS_M_channels_6>>>>>>>>>>>>>>>>>>>>>>>>>>
train 9951
val 855
test 2425
	iters: 100, epoch: 1 | loss: 1.3790305
	speed: 0.0179s/iter; time left: 221.3346s
	iters: 200, epoch: 1 | loss: 1.7227898
	speed: 0.0048s/iter; time left: 58.6060s
	iters: 300, epoch: 1 | loss: 0.4842276
	speed: 0.0046s/iter; time left: 55.9151s
	iters: 400, epoch: 1 | loss: 0.4097843
	speed: 0.0047s/iter; time left: 56.2803s
	iters: 500, epoch: 1 | loss: 0.5789872
	speed: 0.0048s/iter; time left: 57.0018s
	iters: 600, epoch: 1 | loss: 0.3994563
	speed: 0.0053s/iter; time left: 63.0016s
	iters: 700, epoch: 1 | loss: 0.7185352
	speed: 0.0046s/iter; time left: 54.4112s
	iters: 800, epoch: 1 | loss: 0.8199389
	speed: 0.0048s/iter; time left: 56.0920s
	iters: 900, epoch: 1 | loss: 0.8130214
	speed: 0.0049s/iter; time left: 57.0052s
	iters: 1000, epoch: 1 | loss: 0.6547402
	speed: 0.0051s/iter; time left: 58.4407s
	iters: 1100, epoch: 1 | loss: 0.6911653
	speed: 0.0046s/iter; time left: 52.0860s
	iters: 1200, epoch: 1 | loss: 0.4346269
	speed: 0.0049s/iter; time left: 54.6538s
Epoch: 1 cost time: 7.0 seconds
Epoch: 1, Steps: 1243 | Train Loss: 0.7661103 Vali Loss: 12.7146158 Test Loss: 18.9042053
Validation loss decreased (inf --> 12.714616).  Saving model ...
Updating learning rate to 0.0005
	iters: 100, epoch: 2 | loss: 1.0331491
	speed: 0.0352s/iter; time left: 390.7321s
	iters: 200, epoch: 2 | loss: 0.5715789
	speed: 0.0052s/iter; time left: 57.1709s
	iters: 300, epoch: 2 | loss: 0.4562615
	speed: 0.0054s/iter; time left: 58.7588s
	iters: 400, epoch: 2 | loss: 1.3994045
	speed: 0.0057s/iter; time left: 60.9743s
	iters: 500, epoch: 2 | loss: 0.5135665
	speed: 0.0058s/iter; time left: 61.7906s
	iters: 600, epoch: 2 | loss: 0.3805811
	speed: 0.0053s/iter; time left: 56.3103s
	iters: 700, epoch: 2 | loss: 0.5414637
	speed: 0.0055s/iter; time left: 58.0819s
	iters: 800, epoch: 2 | loss: 0.8180856
	speed: 0.0056s/iter; time left: 57.8954s
	iters: 900, epoch: 2 | loss: 0.9197496
	speed: 0.0054s/iter; time left: 55.4339s
	iters: 1000, epoch: 2 | loss: 0.5118256
	speed: 0.0053s/iter; time left: 53.8044s
	iters: 1100, epoch: 2 | loss: 1.1204661
	speed: 0.0055s/iter; time left: 55.4752s
	iters: 1200, epoch: 2 | loss: 0.4484219
	speed: 0.0057s/iter; time left: 56.6939s
Epoch: 2 cost time: 7.1 seconds
Epoch: 2, Steps: 1243 | Train Loss: 0.6758431 Vali Loss: 12.3418541 Test Loss: 18.5204792
Validation loss decreased (12.714616 --> 12.341854).  Saving model ...
Updating learning rate to 0.00025
	iters: 100, epoch: 3 | loss: 0.6710863
	speed: 0.0361s/iter; time left: 355.5019s
	iters: 200, epoch: 3 | loss: 0.3585808
	speed: 0.0052s/iter; time left: 50.7842s
	iters: 300, epoch: 3 | loss: 0.3624661
	speed: 0.0055s/iter; time left: 53.1719s
	iters: 400, epoch: 3 | loss: 0.6619644
	speed: 0.0053s/iter; time left: 50.4211s
	iters: 500, epoch: 3 | loss: 0.3992057
	speed: 0.0058s/iter; time left: 54.3853s
	iters: 600, epoch: 3 | loss: 0.3782268
	speed: 0.0054s/iter; time left: 50.4169s
	iters: 700, epoch: 3 | loss: 0.7551184
	speed: 0.0056s/iter; time left: 51.9492s
	iters: 800, epoch: 3 | loss: 0.4044997
	speed: 0.0053s/iter; time left: 48.0373s
	iters: 900, epoch: 3 | loss: 0.5888405
	speed: 0.0055s/iter; time left: 50.1149s
	iters: 1000, epoch: 3 | loss: 0.8835904
	speed: 0.0054s/iter; time left: 48.0767s
	iters: 1100, epoch: 3 | loss: 0.7190381
	speed: 0.0056s/iter; time left: 49.7627s
	iters: 1200, epoch: 3 | loss: 0.9713677
	speed: 0.0053s/iter; time left: 46.7385s
Epoch: 3 cost time: 7.1 seconds
Epoch: 3, Steps: 1243 | Train Loss: 0.6664620 Vali Loss: 12.2552643 Test Loss: 18.3995037
Validation loss decreased (12.341854 --> 12.255264).  Saving model ...
Updating learning rate to 0.000125
	iters: 100, epoch: 4 | loss: 0.3570913
	speed: 0.0358s/iter; time left: 308.1639s
	iters: 200, epoch: 4 | loss: 0.9934346
	speed: 0.0054s/iter; time left: 46.1623s
	iters: 300, epoch: 4 | loss: 0.9664885
	speed: 0.0054s/iter; time left: 45.3527s
	iters: 400, epoch: 4 | loss: 0.9484325
	speed: 0.0053s/iter; time left: 44.2086s
	iters: 500, epoch: 4 | loss: 0.6075275
	speed: 0.0056s/iter; time left: 46.3275s
	iters: 600, epoch: 4 | loss: 0.5123081
	speed: 0.0054s/iter; time left: 43.7628s
	iters: 700, epoch: 4 | loss: 0.4449821
	speed: 0.0054s/iter; time left: 42.8997s
	iters: 800, epoch: 4 | loss: 0.2970831
	speed: 0.0056s/iter; time left: 44.0129s
	iters: 900, epoch: 4 | loss: 0.7415004
	speed: 0.0056s/iter; time left: 43.7473s
	iters: 1000, epoch: 4 | loss: 0.5817814
	speed: 0.0055s/iter; time left: 42.4254s
	iters: 1100, epoch: 4 | loss: 0.4962786
	speed: 0.0053s/iter; time left: 40.2255s
	iters: 1200, epoch: 4 | loss: 0.6533030
	speed: 0.0052s/iter; time left: 38.9610s
Epoch: 4 cost time: 7.1 seconds
Epoch: 4, Steps: 1243 | Train Loss: 0.6624029 Vali Loss: 12.2273989 Test Loss: 18.3480244
Validation loss decreased (12.255264 --> 12.227399).  Saving model ...
Updating learning rate to 6.25e-05
	iters: 100, epoch: 5 | loss: 0.5366659
	speed: 0.0372s/iter; time left: 273.9022s
	iters: 200, epoch: 5 | loss: 0.3466207
	speed: 0.0058s/iter; time left: 42.2424s
	iters: 300, epoch: 5 | loss: 0.5107455
	speed: 0.0060s/iter; time left: 43.2440s
	iters: 400, epoch: 5 | loss: 0.3243411
	speed: 0.0059s/iter; time left: 41.4208s
	iters: 500, epoch: 5 | loss: 0.8529233
	speed: 0.0069s/iter; time left: 48.0099s
	iters: 600, epoch: 5 | loss: 0.6937710
	speed: 0.0051s/iter; time left: 35.1224s
	iters: 700, epoch: 5 | loss: 0.5958698
	speed: 0.0058s/iter; time left: 39.0846s
	iters: 800, epoch: 5 | loss: 0.3840925
	speed: 0.0055s/iter; time left: 36.4360s
	iters: 900, epoch: 5 | loss: 0.3071604
	speed: 0.0053s/iter; time left: 34.9600s
	iters: 1000, epoch: 5 | loss: 0.3670649
	speed: 0.0056s/iter; time left: 36.1961s
	iters: 1100, epoch: 5 | loss: 0.9276937
	speed: 0.0055s/iter; time left: 34.8585s
	iters: 1200, epoch: 5 | loss: 0.4703110
	speed: 0.0054s/iter; time left: 33.8020s
Epoch: 5 cost time: 7.4 seconds
Epoch: 5, Steps: 1243 | Train Loss: 0.6603749 Vali Loss: 12.1907520 Test Loss: 18.3285503
Validation loss decreased (12.227399 --> 12.190752).  Saving model ...
Updating learning rate to 3.125e-05
	iters: 100, epoch: 6 | loss: 0.7646979
	speed: 0.0364s/iter; time left: 222.5492s
	iters: 200, epoch: 6 | loss: 0.7252862
	speed: 0.0053s/iter; time left: 31.6247s
	iters: 300, epoch: 6 | loss: 0.2839008
	speed: 0.0055s/iter; time left: 32.4868s
	iters: 400, epoch: 6 | loss: 0.8366680
	speed: 0.0054s/iter; time left: 31.4638s
	iters: 500, epoch: 6 | loss: 0.6486557
	speed: 0.0061s/iter; time left: 34.7824s
	iters: 600, epoch: 6 | loss: 0.6625075
	speed: 0.0053s/iter; time left: 29.4932s
	iters: 700, epoch: 6 | loss: 0.2103311
	speed: 0.0055s/iter; time left: 30.4466s
	iters: 800, epoch: 6 | loss: 0.6520805
	speed: 0.0055s/iter; time left: 29.9223s
	iters: 900, epoch: 6 | loss: 0.8868300
	speed: 0.0057s/iter; time left: 30.4231s
	iters: 1000, epoch: 6 | loss: 0.3576936
	speed: 0.0055s/iter; time left: 28.7941s
	iters: 1100, epoch: 6 | loss: 0.6169455
	speed: 0.0053s/iter; time left: 26.9926s
	iters: 1200, epoch: 6 | loss: 0.8068272
	speed: 0.0055s/iter; time left: 27.7053s
Epoch: 6 cost time: 7.2 seconds
Epoch: 6, Steps: 1243 | Train Loss: 0.6595359 Vali Loss: 12.1577826 Test Loss: 18.3194447
Validation loss decreased (12.190752 --> 12.157783).  Saving model ...
Updating learning rate to 1.5625e-05
	iters: 100, epoch: 7 | loss: 0.5570349
	speed: 0.0364s/iter; time left: 177.2706s
	iters: 200, epoch: 7 | loss: 0.8421319
	speed: 0.0056s/iter; time left: 26.5575s
	iters: 300, epoch: 7 | loss: 0.5488317
	speed: 0.0056s/iter; time left: 26.3738s
	iters: 400, epoch: 7 | loss: 1.0364530
	speed: 0.0053s/iter; time left: 24.2550s
	iters: 500, epoch: 7 | loss: 0.5077548
	speed: 0.0056s/iter; time left: 24.8497s
	iters: 600, epoch: 7 | loss: 0.6350027
	speed: 0.0055s/iter; time left: 23.9643s
	iters: 700, epoch: 7 | loss: 1.2802298
	speed: 0.0058s/iter; time left: 24.9260s
	iters: 800, epoch: 7 | loss: 0.4154755
	speed: 0.0054s/iter; time left: 22.3915s
	iters: 900, epoch: 7 | loss: 0.7976986
	speed: 0.0053s/iter; time left: 21.5946s
	iters: 1000, epoch: 7 | loss: 0.7696307
	speed: 0.0055s/iter; time left: 21.7068s
	iters: 1100, epoch: 7 | loss: 0.4758970
	speed: 0.0059s/iter; time left: 22.9653s
	iters: 1200, epoch: 7 | loss: 0.5970700
	speed: 0.0055s/iter; time left: 20.7997s
Epoch: 7 cost time: 7.2 seconds
Epoch: 7, Steps: 1243 | Train Loss: 0.6587340 Vali Loss: 12.2102709 Test Loss: 18.3127327
EarlyStopping counter: 1 out of 3
Updating learning rate to 7.8125e-06
	iters: 100, epoch: 8 | loss: 0.9114261
	speed: 0.0362s/iter; time left: 131.2958s
	iters: 200, epoch: 8 | loss: 0.4637666
	speed: 0.0053s/iter; time left: 18.6906s
	iters: 300, epoch: 8 | loss: 0.3574978
	speed: 0.0056s/iter; time left: 19.2484s
	iters: 400, epoch: 8 | loss: 0.6403695
	speed: 0.0053s/iter; time left: 17.7444s
	iters: 500, epoch: 8 | loss: 1.0733547
	speed: 0.0056s/iter; time left: 18.1220s
	iters: 600, epoch: 8 | loss: 0.4789871
	speed: 0.0053s/iter; time left: 16.7371s
	iters: 700, epoch: 8 | loss: 0.3153858
	speed: 0.0059s/iter; time left: 17.9532s
	iters: 800, epoch: 8 | loss: 0.2237838
	speed: 0.0057s/iter; time left: 16.6527s
	iters: 900, epoch: 8 | loss: 0.4058550
	speed: 0.0059s/iter; time left: 16.5756s
	iters: 1000, epoch: 8 | loss: 0.4973737
	speed: 0.0058s/iter; time left: 15.8141s
	iters: 1100, epoch: 8 | loss: 0.6432772
	speed: 0.0058s/iter; time left: 15.1304s
	iters: 1200, epoch: 8 | loss: 0.5376726
	speed: 0.0057s/iter; time left: 14.5077s
Epoch: 8 cost time: 7.3 seconds
Epoch: 8, Steps: 1243 | Train Loss: 0.6586216 Vali Loss: 12.1882582 Test Loss: 18.3103104
EarlyStopping counter: 2 out of 3
Updating learning rate to 3.90625e-06
	iters: 100, epoch: 9 | loss: 0.9237077
	speed: 0.0362s/iter; time left: 86.4559s
	iters: 200, epoch: 9 | loss: 0.5257702
	speed: 0.0052s/iter; time left: 11.9924s
	iters: 300, epoch: 9 | loss: 0.8144138
	speed: 0.0059s/iter; time left: 12.8160s
	iters: 400, epoch: 9 | loss: 0.3305076
	speed: 0.0054s/iter; time left: 11.3470s
	iters: 500, epoch: 9 | loss: 0.9506629
	speed: 0.0055s/iter; time left: 10.9872s
	iters: 600, epoch: 9 | loss: 0.6279693
	speed: 0.0055s/iter; time left: 10.4676s
	iters: 700, epoch: 9 | loss: 1.1642081
	speed: 0.0058s/iter; time left: 10.3715s
	iters: 800, epoch: 9 | loss: 0.3729556
	speed: 0.0055s/iter; time left: 9.2492s
	iters: 900, epoch: 9 | loss: 0.9445722
	speed: 0.0054s/iter; time left: 8.5993s
	iters: 1000, epoch: 9 | loss: 0.5359531
	speed: 0.0055s/iter; time left: 8.1572s
	iters: 1100, epoch: 9 | loss: 0.8863727
	speed: 0.0057s/iter; time left: 7.9673s
	iters: 1200, epoch: 9 | loss: 0.5392351
	speed: 0.0055s/iter; time left: 7.0464s
Epoch: 9 cost time: 7.2 seconds
Epoch: 9, Steps: 1243 | Train Loss: 0.6586785 Vali Loss: 12.1723862 Test Loss: 18.3086452
EarlyStopping counter: 3 out of 3
Early stopping
>>>>>>>testing : FITS_MRO_336_720_M_channels_6_FITS_M_channels_6<<<<<<<<<<<<<<<<<<<<<<<<<<<<<<<<<
test 2425
FITS_MRO_336_720_M_channels_6_FITS_M_channels_6
Shapes: pred (2424, 720, 6), true (2424, 720, 6), naive_pred (2424, 720, 6)
Shapes: gt (303, 1056), pd (303, 1056), naive_pd (303, 1056)
Final Metrics:
FITS         MSE: 18.319452  MAE: 3.179124   SE: 26.543118  RRMSE: 0.811172   RMAE: 0.602510   (numpy)
FITS         MSE: 18.319443  MAE: 3.179124   SE: 26.543116  RRMSE: 0.811172   RMAE: 0.602510   (torch)

Repeat       MSE: 20.380396  MAE: 3.232846   SE: 33.095654  RRMSE: 0.855585   RMAE: 0.612691   (numpy)
Repeat       MSE: 20.380388  MAE: 3.232842   SE: 33.095657  RRMSE: 0.855585   RMAE: 0.612691   (torch)


Model(
  (fits): FITS(
    (frequency_upsampler): Linear(in_features=168, out_features=528, bias=True)
  )
)
