Args in experiment:
Namespace(is_training=1, model_id='FITS_exchange_rate_336_96_M_channels_7', model='FITS', data='custom', root_path='./dataset/', data_path='exchange_rate.csv', features='M', target='OT', freq='h', checkpoints='./checkpoints/', seq_len=336, label_len=48, pred_len=96, individual=False, embed_type=0, enc_in=7, dec_in=7, c_out=7, d_model=512, n_heads=8, e_layers=2, d_layers=1, d_ff=2048, moving_avg=25, factor=1, distil=True, dropout=0.05, embed='timeF', activation='gelu', output_attention=False, do_predict=False, num_workers=10, itr=1, train_epochs=10, batch_size=8, patience=3, learning_rate=0.0005, des='Exp', loss='mse', lradj='type1', use_amp=False, use_gpu=True, gpu=0, use_multi_gpu=False, devices='0,1,2,3', test_flop=False)
FITS_exchange_rate_336_96_M_channels_7_FITS_M_channels_7
Using GPU: NVIDIA GeForce RTX 4070 (cuda:0):
>>>>>>>start training : FITS_exchange_rate_336_96_M_channels_7_FITS_M_channels_7>>>>>>>>>>>>>>>>>>>>>>>>>>
train 4880
val 665
test 1422
	iters: 100, epoch: 1 | loss: 0.2431906
	speed: 0.0186s/iter; time left: 111.6376s
	iters: 200, epoch: 1 | loss: 0.1539088
	speed: 0.0052s/iter; time left: 30.7626s
	iters: 300, epoch: 1 | loss: 0.1515302
	speed: 0.0049s/iter; time left: 28.3134s
	iters: 400, epoch: 1 | loss: 0.1221734
	speed: 0.0052s/iter; time left: 29.7182s
	iters: 500, epoch: 1 | loss: 0.1012240
	speed: 0.0048s/iter; time left: 26.9470s
	iters: 600, epoch: 1 | loss: 0.0807357
	speed: 0.0047s/iter; time left: 25.8793s
Epoch: 1 cost time: 4.0 seconds
Epoch: 1, Steps: 610 | Train Loss: 0.1942665 Vali Loss: 0.1501819 Test Loss: 0.0996101
Validation loss decreased (inf --> 0.150182).  Saving model ...
Updating learning rate to 0.0005
	iters: 100, epoch: 2 | loss: 0.1741648
	speed: 0.0236s/iter; time left: 127.0113s
	iters: 200, epoch: 2 | loss: 0.2311140
	speed: 0.0047s/iter; time left: 24.8810s
	iters: 300, epoch: 2 | loss: 0.1442640
	speed: 0.0051s/iter; time left: 26.3884s
	iters: 400, epoch: 2 | loss: 0.0868515
	speed: 0.0049s/iter; time left: 24.7315s
	iters: 500, epoch: 2 | loss: 0.3789505
	speed: 0.0049s/iter; time left: 24.7026s
	iters: 600, epoch: 2 | loss: 0.0975838
	speed: 0.0049s/iter; time left: 24.0691s
Epoch: 2 cost time: 3.3 seconds
Epoch: 2, Steps: 610 | Train Loss: 0.1444557 Vali Loss: 0.1426183 Test Loss: 0.0925655
Validation loss decreased (0.150182 --> 0.142618).  Saving model ...
Updating learning rate to 0.00025
	iters: 100, epoch: 3 | loss: 0.1039260
	speed: 0.0236s/iter; time left: 112.7430s
	iters: 200, epoch: 3 | loss: 0.1452922
	speed: 0.0049s/iter; time left: 22.8458s
	iters: 300, epoch: 3 | loss: 0.1041852
	speed: 0.0049s/iter; time left: 22.5629s
	iters: 400, epoch: 3 | loss: 0.1085852
	speed: 0.0049s/iter; time left: 22.1714s
	iters: 500, epoch: 3 | loss: 0.1158091
	speed: 0.0053s/iter; time left: 23.0289s
	iters: 600, epoch: 3 | loss: 0.0837137
	speed: 0.0052s/iter; time left: 22.3895s
Epoch: 3 cost time: 3.3 seconds
Epoch: 3, Steps: 610 | Train Loss: 0.1354595 Vali Loss: 0.1402865 Test Loss: 0.0898362
Validation loss decreased (0.142618 --> 0.140286).  Saving model ...
Updating learning rate to 0.000125
	iters: 100, epoch: 4 | loss: 0.0643023
	speed: 0.0231s/iter; time left: 96.3070s
	iters: 200, epoch: 4 | loss: 0.0965420
	speed: 0.0050s/iter; time left: 20.3375s
	iters: 300, epoch: 4 | loss: 0.0974839
	speed: 0.0049s/iter; time left: 19.4904s
	iters: 400, epoch: 4 | loss: 0.0794889
	speed: 0.0048s/iter; time left: 18.4754s
	iters: 500, epoch: 4 | loss: 0.0755420
	speed: 0.0050s/iter; time left: 18.7397s
	iters: 600, epoch: 4 | loss: 0.0786958
	speed: 0.0052s/iter; time left: 19.1760s
Epoch: 4 cost time: 3.3 seconds
Epoch: 4, Steps: 610 | Train Loss: 0.1326471 Vali Loss: 0.1392702 Test Loss: 0.0895555
Validation loss decreased (0.140286 --> 0.139270).  Saving model ...
Updating learning rate to 6.25e-05
	iters: 100, epoch: 5 | loss: 0.1215526
	speed: 0.0234s/iter; time left: 83.4367s
	iters: 200, epoch: 5 | loss: 0.1425669
	speed: 0.0056s/iter; time left: 19.5446s
	iters: 300, epoch: 5 | loss: 0.1623556
	speed: 0.0049s/iter; time left: 16.5393s
	iters: 400, epoch: 5 | loss: 0.2026974
	speed: 0.0049s/iter; time left: 16.0535s
	iters: 500, epoch: 5 | loss: 0.0857909
	speed: 0.0057s/iter; time left: 18.0761s
	iters: 600, epoch: 5 | loss: 0.1157315
	speed: 0.0049s/iter; time left: 14.9487s
Epoch: 5 cost time: 3.5 seconds
Epoch: 5, Steps: 610 | Train Loss: 0.1315005 Vali Loss: 0.1383251 Test Loss: 0.0886910
Validation loss decreased (0.139270 --> 0.138325).  Saving model ...
Updating learning rate to 3.125e-05
	iters: 100, epoch: 6 | loss: 0.2472311
	speed: 0.0258s/iter; time left: 76.1993s
	iters: 200, epoch: 6 | loss: 0.0815125
	speed: 0.0058s/iter; time left: 16.4207s
	iters: 300, epoch: 6 | loss: 0.0839792
	speed: 0.0056s/iter; time left: 15.3896s
	iters: 400, epoch: 6 | loss: 0.1981783
	speed: 0.0057s/iter; time left: 15.1937s
	iters: 500, epoch: 6 | loss: 0.1314487
	speed: 0.0055s/iter; time left: 13.9972s
	iters: 600, epoch: 6 | loss: 0.0772073
	speed: 0.0056s/iter; time left: 13.6159s
Epoch: 6 cost time: 3.7 seconds
Epoch: 6, Steps: 610 | Train Loss: 0.1309317 Vali Loss: 0.1386501 Test Loss: 0.0885781
EarlyStopping counter: 1 out of 3
Updating learning rate to 1.5625e-05
	iters: 100, epoch: 7 | loss: 0.0691298
	speed: 0.0252s/iter; time left: 58.9886s
	iters: 200, epoch: 7 | loss: 0.1378300
	speed: 0.0055s/iter; time left: 12.2287s
	iters: 300, epoch: 7 | loss: 0.1186100
	speed: 0.0054s/iter; time left: 11.6215s
	iters: 400, epoch: 7 | loss: 0.0896136
	speed: 0.0056s/iter; time left: 11.3670s
	iters: 500, epoch: 7 | loss: 0.1089560
	speed: 0.0057s/iter; time left: 11.0750s
	iters: 600, epoch: 7 | loss: 0.0926708
	speed: 0.0055s/iter; time left: 10.1767s
Epoch: 7 cost time: 3.7 seconds
Epoch: 7, Steps: 610 | Train Loss: 0.1306552 Vali Loss: 0.1386492 Test Loss: 0.0885941
EarlyStopping counter: 2 out of 3
Updating learning rate to 7.8125e-06
	iters: 100, epoch: 8 | loss: 0.1697960
	speed: 0.0259s/iter; time left: 44.8108s
	iters: 200, epoch: 8 | loss: 0.1051813
	speed: 0.0056s/iter; time left: 9.0968s
	iters: 300, epoch: 8 | loss: 0.0624425
	speed: 0.0058s/iter; time left: 8.8863s
	iters: 400, epoch: 8 | loss: 0.2188264
	speed: 0.0057s/iter; time left: 8.1385s
	iters: 500, epoch: 8 | loss: 0.2858621
	speed: 0.0057s/iter; time left: 7.6118s
	iters: 600, epoch: 8 | loss: 0.2576599
	speed: 0.0055s/iter; time left: 6.7544s
Epoch: 8 cost time: 3.7 seconds
Epoch: 8, Steps: 610 | Train Loss: 0.1305157 Vali Loss: 0.1385651 Test Loss: 0.0885264
EarlyStopping counter: 3 out of 3
Early stopping
>>>>>>>testing : FITS_exchange_rate_336_96_M_channels_7_FITS_M_channels_7<<<<<<<<<<<<<<<<<<<<<<<<<<<<<<<<<
test 1422
FITS_exchange_rate_336_96_M_channels_7_FITS_M_channels_7
Shapes: pred (1416, 96, 8), true (1416, 96, 8), naive_pred (1416, 96, 8)
Shapes: gt (177, 432), pd (177, 432), naive_pd (177, 432)
Final Metrics:
FITS         MSE: 0.088691   MAE: 0.212473   SE: 0.192247   RRMSE: 0.204565   RMAE: 0.145947   (numpy)
FITS         MSE: 0.088691   MAE: 0.212473   SE: 0.192247   RRMSE: 0.204565   RMAE: 0.145947   (torch)

Repeat       MSE: 0.080829   MAE: 0.196013   SE: 0.164268   RRMSE: 0.195288   RMAE: 0.134641   (numpy)
Repeat       MSE: 0.080829   MAE: 0.196013   SE: 0.164268   RRMSE: 0.195288   RMAE: 0.134641   (torch)


Model(
  (fits): FITS(
    (frequency_upsampler): Linear(in_features=168, out_features=216, bias=True)
  )
)
