Args in experiment:
Namespace(is_training=1, model_id='FITS_exchange_rate_336_720_M_channels_7', model='FITS', data='custom', root_path='./dataset/', data_path='exchange_rate.csv', features='M', target='OT', freq='h', checkpoints='./checkpoints/', seq_len=336, label_len=48, pred_len=720, individual=False, embed_type=0, enc_in=7, dec_in=7, c_out=7, d_model=512, n_heads=8, e_layers=2, d_layers=1, d_ff=2048, moving_avg=25, factor=1, distil=True, dropout=0.05, embed='timeF', activation='gelu', output_attention=False, do_predict=False, num_workers=10, itr=1, train_epochs=10, batch_size=8, patience=3, learning_rate=0.0005, des='Exp', loss='mse', lradj='type1', use_amp=False, use_gpu=True, gpu=0, use_multi_gpu=False, devices='0,1,2,3', test_flop=False)
FITS_exchange_rate_336_720_M_channels_7_FITS_M_channels_7
Using GPU: NVIDIA GeForce RTX 4070 (cuda:0):
>>>>>>>start training : FITS_exchange_rate_336_720_M_channels_7_FITS_M_channels_7>>>>>>>>>>>>>>>>>>>>>>>>>>
train 4256
val 41
test 798
	iters: 100, epoch: 1 | loss: 1.1392035
	speed: 0.0187s/iter; time left: 97.6963s
	iters: 200, epoch: 1 | loss: 0.9221331
	speed: 0.0051s/iter; time left: 26.3594s
	iters: 300, epoch: 1 | loss: 1.1974628
	speed: 0.0053s/iter; time left: 26.3656s
	iters: 400, epoch: 1 | loss: 0.9403574
	speed: 0.0052s/iter; time left: 25.4302s
	iters: 500, epoch: 1 | loss: 0.8437847
	speed: 0.0051s/iter; time left: 24.4921s
Epoch: 1 cost time: 3.7 seconds
Epoch: 1, Steps: 532 | Train Loss: 1.0363851 Vali Loss: 1.1385071 Test Loss: 0.9933840
Validation loss decreased (inf --> 1.138507).  Saving model ...
Updating learning rate to 0.0005
	iters: 100, epoch: 2 | loss: 0.8962068
	speed: 0.0194s/iter; time left: 91.1237s
	iters: 200, epoch: 2 | loss: 0.9287100
	speed: 0.0053s/iter; time left: 24.4155s
	iters: 300, epoch: 2 | loss: 1.0343676
	speed: 0.0054s/iter; time left: 24.0690s
	iters: 400, epoch: 2 | loss: 0.7459667
	speed: 0.0052s/iter; time left: 22.9974s
	iters: 500, epoch: 2 | loss: 1.0352139
	speed: 0.0050s/iter; time left: 21.2725s
Epoch: 2 cost time: 3.0 seconds
Epoch: 2, Steps: 532 | Train Loss: 0.9021647 Vali Loss: 1.1823255 Test Loss: 0.9366137
EarlyStopping counter: 1 out of 3
Updating learning rate to 0.00025
	iters: 100, epoch: 3 | loss: 0.6885693
	speed: 0.0207s/iter; time left: 86.1397s
	iters: 200, epoch: 3 | loss: 0.6495714
	speed: 0.0056s/iter; time left: 22.6185s
	iters: 300, epoch: 3 | loss: 0.9090400
	speed: 0.0058s/iter; time left: 23.1310s
	iters: 400, epoch: 3 | loss: 0.8334793
	speed: 0.0053s/iter; time left: 20.3646s
	iters: 500, epoch: 3 | loss: 0.9602041
	speed: 0.0056s/iter; time left: 21.1894s
Epoch: 3 cost time: 3.2 seconds
Epoch: 3, Steps: 532 | Train Loss: 0.8740274 Vali Loss: 1.2058198 Test Loss: 0.9222656
EarlyStopping counter: 2 out of 3
Updating learning rate to 0.000125
	iters: 100, epoch: 4 | loss: 0.8317338
	speed: 0.0228s/iter; time left: 82.7007s
	iters: 200, epoch: 4 | loss: 0.7201403
	speed: 0.0051s/iter; time left: 18.0205s
	iters: 300, epoch: 4 | loss: 0.8945801
	speed: 0.0056s/iter; time left: 19.1929s
	iters: 400, epoch: 4 | loss: 0.7763823
	speed: 0.0052s/iter; time left: 17.1344s
	iters: 500, epoch: 4 | loss: 0.7495661
	speed: 0.0053s/iter; time left: 16.9585s
Epoch: 4 cost time: 3.1 seconds
Epoch: 4, Steps: 532 | Train Loss: 0.8666708 Vali Loss: 1.2154009 Test Loss: 0.9172352
EarlyStopping counter: 3 out of 3
Early stopping
>>>>>>>testing : FITS_exchange_rate_336_720_M_channels_7_FITS_M_channels_7<<<<<<<<<<<<<<<<<<<<<<<<<<<<<<<<<
test 798
FITS_exchange_rate_336_720_M_channels_7_FITS_M_channels_7
Shapes: pred (792, 720, 8), true (792, 720, 8), naive_pred (792, 720, 8)
Shapes: gt (99, 1056), pd (99, 1056), naive_pd (99, 1056)
Final Metrics:
FITS_10         MSE: 0.993384   MAE: 0.764341   SE: 2.144160   RRMSE: 0.702220   RMAE: 0.538520   (numpy)
FITS_10         MSE: 0.993384   MAE: 0.764341   SE: 2.144160   RRMSE: 0.702220   RMAE: 0.538520   (torch)

Repeat       MSE: 0.812772   MAE: 0.677462   SE: 1.780517   RRMSE: 0.635183   RMAE: 0.477309   (numpy)
Repeat       MSE: 0.812772   MAE: 0.677462   SE: 1.780517   RRMSE: 0.635183   RMAE: 0.477309   (torch)

