Args in experiment:
Namespace(is_training=1, model_id='FITS_MRO_336_720_M_channels_6', model='FITS', data='custom', root_path='./dataset/', data_path='MRO.csv', features='M', target='Adj Close', freq='h', checkpoints='./checkpoints/', seq_len=336, label_len=48, pred_len=720, individual=False, embed_type=0, enc_in=6, dec_in=7, c_out=7, d_model=512, n_heads=8, e_layers=2, d_layers=1, d_ff=2048, moving_avg=25, factor=1, distil=True, dropout=0.05, embed='timeF', activation='gelu', output_attention=False, do_predict=False, num_workers=10, itr=1, train_epochs=10, batch_size=8, patience=3, learning_rate=0.0005, des='Exp', loss='mse', lradj='type1', use_amp=False, use_gpu=True, gpu=0, use_multi_gpu=False, devices='0,1,2,3', test_flop=False)
FITS_MRO_336_720_M_channels_6_FITS_M_channels_6
Using GPU: NVIDIA GeForce RTX 4070 (cuda:0):
>>>>>>>start training : FITS_MRO_336_720_M_channels_6_FITS_M_channels_6>>>>>>>>>>>>>>>>>>>>>>>>>>
train 9951
val 855
test 2425
	iters: 100, epoch: 1 | loss: 0.7244113
	speed: 0.0193s/iter; time left: 238.1534s
	iters: 200, epoch: 1 | loss: 0.8688967
	speed: 0.0067s/iter; time left: 82.2781s
	iters: 300, epoch: 1 | loss: 0.7156540
	speed: 0.0053s/iter; time left: 64.8350s
	iters: 400, epoch: 1 | loss: 0.5718411
	speed: 0.0054s/iter; time left: 64.7440s
	iters: 500, epoch: 1 | loss: 0.2944054
	speed: 0.0053s/iter; time left: 63.4216s
	iters: 600, epoch: 1 | loss: 0.4538667
	speed: 0.0059s/iter; time left: 69.4003s
	iters: 700, epoch: 1 | loss: 0.7020231
	speed: 0.0055s/iter; time left: 65.0560s
	iters: 800, epoch: 1 | loss: 0.6493449
	speed: 0.0059s/iter; time left: 69.0384s
	iters: 900, epoch: 1 | loss: 0.6985383
	speed: 0.0062s/iter; time left: 71.7835s
	iters: 1000, epoch: 1 | loss: 0.7924254
	speed: 0.0060s/iter; time left: 69.0418s
	iters: 1100, epoch: 1 | loss: 0.6774650
	speed: 0.0062s/iter; time left: 70.4673s
	iters: 1200, epoch: 1 | loss: 0.6215991
	speed: 0.0068s/iter; time left: 76.3010s
Epoch: 1 cost time: 8.4 seconds
Epoch: 1, Steps: 1243 | Train Loss: 0.7608540 Vali Loss: 13.0590744 Test Loss: 18.9542828
Validation loss decreased (inf --> 13.059074).  Saving model ...
Updating learning rate to 0.0005
	iters: 100, epoch: 2 | loss: 0.9615300
	speed: 0.0410s/iter; time left: 454.7720s
	iters: 200, epoch: 2 | loss: 0.6652230
	speed: 0.0062s/iter; time left: 68.3596s
	iters: 300, epoch: 2 | loss: 0.3079040
	speed: 0.0063s/iter; time left: 68.1226s
	iters: 400, epoch: 2 | loss: 0.6154094
	speed: 0.0067s/iter; time left: 71.7945s
	iters: 500, epoch: 2 | loss: 0.2116694
	speed: 0.0064s/iter; time left: 68.6603s
	iters: 600, epoch: 2 | loss: 0.4842935
	speed: 0.0061s/iter; time left: 64.8810s
	iters: 700, epoch: 2 | loss: 0.8748148
	speed: 0.0065s/iter; time left: 68.4019s
	iters: 800, epoch: 2 | loss: 0.9353440
	speed: 0.0063s/iter; time left: 65.3192s
	iters: 900, epoch: 2 | loss: 0.4830012
	speed: 0.0061s/iter; time left: 62.4410s
	iters: 1000, epoch: 2 | loss: 0.8382757
	speed: 0.0062s/iter; time left: 63.0226s
	iters: 1100, epoch: 2 | loss: 0.4934998
	speed: 0.0069s/iter; time left: 69.2021s
	iters: 1200, epoch: 2 | loss: 0.5036420
	speed: 0.0064s/iter; time left: 63.5362s
Epoch: 2 cost time: 8.2 seconds
Epoch: 2, Steps: 1243 | Train Loss: 0.6810453 Vali Loss: 12.4578924 Test Loss: 18.5316086
Validation loss decreased (13.059074 --> 12.457892).  Saving model ...
Updating learning rate to 0.00025
	iters: 100, epoch: 3 | loss: 0.5687034
	speed: 0.0430s/iter; time left: 423.7665s
	iters: 200, epoch: 3 | loss: 0.4637027
	speed: 0.0063s/iter; time left: 61.2750s
	iters: 300, epoch: 3 | loss: 0.5287095
	speed: 0.0064s/iter; time left: 61.8303s
	iters: 400, epoch: 3 | loss: 0.5479136
	speed: 0.0062s/iter; time left: 59.6040s
	iters: 500, epoch: 3 | loss: 0.5167496
	speed: 0.0064s/iter; time left: 60.3049s
	iters: 600, epoch: 3 | loss: 0.7584555
	speed: 0.0065s/iter; time left: 60.5745s
	iters: 700, epoch: 3 | loss: 0.6257561
	speed: 0.0065s/iter; time left: 60.5155s
	iters: 800, epoch: 3 | loss: 0.8390918
	speed: 0.0064s/iter; time left: 58.5008s
	iters: 900, epoch: 3 | loss: 0.4673503
	speed: 0.0066s/iter; time left: 59.3387s
	iters: 1000, epoch: 3 | loss: 0.6491582
	speed: 0.0065s/iter; time left: 58.1098s
	iters: 1100, epoch: 3 | loss: 0.7010070
	speed: 0.0064s/iter; time left: 56.3936s
	iters: 1200, epoch: 3 | loss: 0.4983357
	speed: 0.0067s/iter; time left: 58.1971s
Epoch: 3 cost time: 8.3 seconds
Epoch: 3, Steps: 1243 | Train Loss: 0.6708087 Vali Loss: 12.3956499 Test Loss: 18.4542217
Validation loss decreased (12.457892 --> 12.395650).  Saving model ...
Updating learning rate to 0.000125
	iters: 100, epoch: 4 | loss: 1.3461806
	speed: 0.0425s/iter; time left: 365.8747s
	iters: 200, epoch: 4 | loss: 0.4259773
	speed: 0.0070s/iter; time left: 59.2031s
	iters: 300, epoch: 4 | loss: 0.4745520
	speed: 0.0067s/iter; time left: 56.5497s
	iters: 400, epoch: 4 | loss: 0.5742787
	speed: 0.0067s/iter; time left: 55.9391s
	iters: 500, epoch: 4 | loss: 0.7459205
	speed: 0.0066s/iter; time left: 53.7305s
	iters: 600, epoch: 4 | loss: 0.5259332
	speed: 0.0063s/iter; time left: 50.9913s
	iters: 700, epoch: 4 | loss: 0.4717365
	speed: 0.0061s/iter; time left: 48.8570s
	iters: 800, epoch: 4 | loss: 0.5404601
	speed: 0.0065s/iter; time left: 51.2963s
	iters: 900, epoch: 4 | loss: 0.6382352
	speed: 0.0067s/iter; time left: 52.0490s
	iters: 1000, epoch: 4 | loss: 1.1155854
	speed: 0.0066s/iter; time left: 51.0020s
	iters: 1100, epoch: 4 | loss: 0.9175484
	speed: 0.0065s/iter; time left: 49.7103s
	iters: 1200, epoch: 4 | loss: 0.4470665
	speed: 0.0064s/iter; time left: 48.1309s
Epoch: 4 cost time: 8.5 seconds
Epoch: 4, Steps: 1243 | Train Loss: 0.6679427 Vali Loss: 12.3109226 Test Loss: 18.3885498
Validation loss decreased (12.395650 --> 12.310923).  Saving model ...
Updating learning rate to 6.25e-05
	iters: 100, epoch: 5 | loss: 0.5509889
	speed: 0.0415s/iter; time left: 305.3253s
	iters: 200, epoch: 5 | loss: 0.4383277
	speed: 0.0064s/iter; time left: 46.1565s
	iters: 300, epoch: 5 | loss: 0.7554401
	speed: 0.0061s/iter; time left: 43.4995s
	iters: 400, epoch: 5 | loss: 0.5696954
	speed: 0.0062s/iter; time left: 44.0093s
	iters: 500, epoch: 5 | loss: 0.6257759
	speed: 0.0077s/iter; time left: 53.5960s
	iters: 600, epoch: 5 | loss: 0.7114679
	speed: 0.0060s/iter; time left: 41.4551s
	iters: 700, epoch: 5 | loss: 0.8214137
	speed: 0.0063s/iter; time left: 42.2448s
	iters: 800, epoch: 5 | loss: 0.5309365
	speed: 0.0061s/iter; time left: 40.9020s
	iters: 900, epoch: 5 | loss: 0.6440538
	speed: 0.0061s/iter; time left: 39.6964s
	iters: 1000, epoch: 5 | loss: 1.0218496
	speed: 0.0063s/iter; time left: 40.3959s
	iters: 1100, epoch: 5 | loss: 0.8145390
	speed: 0.0063s/iter; time left: 40.3242s
	iters: 1200, epoch: 5 | loss: 0.5302960
	speed: 0.0062s/iter; time left: 39.0789s
Epoch: 5 cost time: 8.3 seconds
Epoch: 5, Steps: 1243 | Train Loss: 0.6664248 Vali Loss: 12.2867050 Test Loss: 18.3620930
Validation loss decreased (12.310923 --> 12.286705).  Saving model ...
Updating learning rate to 3.125e-05
	iters: 100, epoch: 6 | loss: 0.7840374
	speed: 0.0419s/iter; time left: 256.5354s
	iters: 200, epoch: 6 | loss: 0.9386983
	speed: 0.0070s/iter; time left: 41.9042s
	iters: 300, epoch: 6 | loss: 0.9608767
	speed: 0.0062s/iter; time left: 36.8212s
	iters: 400, epoch: 6 | loss: 0.7116138
	speed: 0.0065s/iter; time left: 37.8749s
	iters: 500, epoch: 6 | loss: 0.8153172
	speed: 0.0066s/iter; time left: 37.6468s
	iters: 600, epoch: 6 | loss: 0.8050610
	speed: 0.0063s/iter; time left: 35.5724s
	iters: 700, epoch: 6 | loss: 0.5921355
	speed: 0.0065s/iter; time left: 35.9514s
	iters: 800, epoch: 6 | loss: 0.6085930
	speed: 0.0068s/iter; time left: 36.7664s
	iters: 900, epoch: 6 | loss: 0.3662554
	speed: 0.0063s/iter; time left: 33.4235s
	iters: 1000, epoch: 6 | loss: 0.4679643
	speed: 0.0063s/iter; time left: 32.6609s
	iters: 1100, epoch: 6 | loss: 0.4602744
	speed: 0.0065s/iter; time left: 33.2131s
	iters: 1200, epoch: 6 | loss: 0.7836282
	speed: 0.0061s/iter; time left: 30.5895s
Epoch: 6 cost time: 8.4 seconds
Epoch: 6, Steps: 1243 | Train Loss: 0.6656798 Vali Loss: 12.2710333 Test Loss: 18.3492203
Validation loss decreased (12.286705 --> 12.271033).  Saving model ...
Updating learning rate to 1.5625e-05
	iters: 100, epoch: 7 | loss: 0.5979770
	speed: 0.0413s/iter; time left: 201.1263s
	iters: 200, epoch: 7 | loss: 0.5731376
	speed: 0.0061s/iter; time left: 29.1524s
	iters: 300, epoch: 7 | loss: 0.4822977
	speed: 0.0060s/iter; time left: 28.0930s
	iters: 400, epoch: 7 | loss: 0.6011924
	speed: 0.0061s/iter; time left: 27.9679s
	iters: 500, epoch: 7 | loss: 0.7452624
	speed: 0.0063s/iter; time left: 28.2176s
	iters: 600, epoch: 7 | loss: 0.3054361
	speed: 0.0062s/iter; time left: 27.0556s
	iters: 700, epoch: 7 | loss: 0.7557431
	speed: 0.0062s/iter; time left: 26.4714s
	iters: 800, epoch: 7 | loss: 1.2740250
	speed: 0.0067s/iter; time left: 27.9314s
	iters: 900, epoch: 7 | loss: 0.4040009
	speed: 0.0065s/iter; time left: 26.5939s
	iters: 1000, epoch: 7 | loss: 0.4707413
	speed: 0.0066s/iter; time left: 26.0284s
	iters: 1100, epoch: 7 | loss: 1.0001574
	speed: 0.0069s/iter; time left: 26.9100s
	iters: 1200, epoch: 7 | loss: 0.6460629
	speed: 0.0063s/iter; time left: 23.7268s
Epoch: 7 cost time: 8.2 seconds
Epoch: 7, Steps: 1243 | Train Loss: 0.6655791 Vali Loss: 12.2583075 Test Loss: 18.3427029
Validation loss decreased (12.271033 --> 12.258307).  Saving model ...
Updating learning rate to 7.8125e-06
	iters: 100, epoch: 8 | loss: 0.5368797
	speed: 0.0424s/iter; time left: 153.8988s
	iters: 200, epoch: 8 | loss: 0.9299542
	speed: 0.0066s/iter; time left: 23.4688s
	iters: 300, epoch: 8 | loss: 0.3853020
	speed: 0.0067s/iter; time left: 22.9842s
	iters: 400, epoch: 8 | loss: 0.8564979
	speed: 0.0065s/iter; time left: 21.7560s
	iters: 500, epoch: 8 | loss: 0.7280471
	speed: 0.0063s/iter; time left: 20.3862s
	iters: 600, epoch: 8 | loss: 0.9470550
	speed: 0.0063s/iter; time left: 19.6707s
	iters: 700, epoch: 8 | loss: 1.0287480
	speed: 0.0066s/iter; time left: 20.0630s
	iters: 800, epoch: 8 | loss: 0.6723958
	speed: 0.0066s/iter; time left: 19.3092s
	iters: 900, epoch: 8 | loss: 0.5988293
	speed: 0.0077s/iter; time left: 21.7707s
	iters: 1000, epoch: 8 | loss: 0.4075789
	speed: 0.0075s/iter; time left: 20.5375s
	iters: 1100, epoch: 8 | loss: 0.8539491
	speed: 0.0063s/iter; time left: 16.5654s
	iters: 1200, epoch: 8 | loss: 1.0074967
	speed: 0.0064s/iter; time left: 16.1704s
Epoch: 8 cost time: 8.6 seconds
Epoch: 8, Steps: 1243 | Train Loss: 0.6655108 Vali Loss: 12.2614403 Test Loss: 18.3397179
EarlyStopping counter: 1 out of 3
Updating learning rate to 3.90625e-06
	iters: 100, epoch: 9 | loss: 0.6094576
	speed: 0.0421s/iter; time left: 100.5701s
	iters: 200, epoch: 9 | loss: 0.8627379
	speed: 0.0063s/iter; time left: 14.3357s
	iters: 300, epoch: 9 | loss: 1.0299236
	speed: 0.0062s/iter; time left: 13.6055s
	iters: 400, epoch: 9 | loss: 1.1848196
	speed: 0.0063s/iter; time left: 13.0655s
	iters: 500, epoch: 9 | loss: 0.9000978
	speed: 0.0064s/iter; time left: 12.7061s
	iters: 600, epoch: 9 | loss: 0.6452305
	speed: 0.0066s/iter; time left: 12.4122s
	iters: 700, epoch: 9 | loss: 0.4850035
	speed: 0.0064s/iter; time left: 11.3533s
	iters: 800, epoch: 9 | loss: 0.6730831
	speed: 0.0064s/iter; time left: 10.7195s
	iters: 900, epoch: 9 | loss: 1.1247469
	speed: 0.0063s/iter; time left: 9.9590s
	iters: 1000, epoch: 9 | loss: 0.7523429
	speed: 0.0061s/iter; time left: 9.1245s
	iters: 1100, epoch: 9 | loss: 0.5346388
	speed: 0.0065s/iter; time left: 9.0358s
	iters: 1200, epoch: 9 | loss: 0.4617550
	speed: 0.0069s/iter; time left: 8.8857s
Epoch: 9 cost time: 8.3 seconds
Epoch: 9, Steps: 1243 | Train Loss: 0.6655528 Vali Loss: 12.2697420 Test Loss: 18.3381405
EarlyStopping counter: 2 out of 3
Updating learning rate to 1.953125e-06
	iters: 100, epoch: 10 | loss: 0.6909673
	speed: 0.0407s/iter; time left: 46.6129s
	iters: 200, epoch: 10 | loss: 0.6705573
	speed: 0.0066s/iter; time left: 6.8819s
	iters: 300, epoch: 10 | loss: 0.3290904
	speed: 0.0065s/iter; time left: 6.1735s
	iters: 400, epoch: 10 | loss: 0.4138858
	speed: 0.0063s/iter; time left: 5.3249s
	iters: 500, epoch: 10 | loss: 0.4835708
	speed: 0.0067s/iter; time left: 5.0132s
	iters: 600, epoch: 10 | loss: 0.7402112
	speed: 0.0070s/iter; time left: 4.5023s
	iters: 700, epoch: 10 | loss: 0.7914528
	speed: 0.0068s/iter; time left: 3.6936s
	iters: 800, epoch: 10 | loss: 0.5569023
	speed: 0.0069s/iter; time left: 3.0730s
	iters: 900, epoch: 10 | loss: 0.4770586
	speed: 0.0066s/iter; time left: 2.2753s
	iters: 1000, epoch: 10 | loss: 0.6357360
	speed: 0.0065s/iter; time left: 1.5933s
	iters: 1100, epoch: 10 | loss: 0.5960671
	speed: 0.0066s/iter; time left: 0.9542s
	iters: 1200, epoch: 10 | loss: 0.5798369
	speed: 0.0065s/iter; time left: 0.2865s
Epoch: 10 cost time: 8.5 seconds
Epoch: 10, Steps: 1243 | Train Loss: 0.6650905 Vali Loss: 12.2659082 Test Loss: 18.3373947
EarlyStopping counter: 3 out of 3
Early stopping
>>>>>>>testing : FITS_MRO_336_720_M_channels_6_FITS_M_channels_6<<<<<<<<<<<<<<<<<<<<<<<<<<<<<<<<<
test 2425
FITS_MRO_336_720_M_channels_6_FITS_M_channels_6
Shapes: pred (2424, 720, 6), true (2424, 720, 6), naive_pred (2424, 720, 6)
Shapes: gt (303, 1056), pd (303, 1056), naive_pd (303, 1056)
Final Metrics:
FITS_10         MSE: 18.342705  MAE: 3.191889   SE: 25.342384  RRMSE: 0.811687   RMAE: 0.604929   (numpy)
FITS_10         MSE: 18.342703  MAE: 3.191888   SE: 25.342388  RRMSE: 0.811687   RMAE: 0.604929   (torch)

Repeat       MSE: 20.380396  MAE: 3.232846   SE: 33.095654  RRMSE: 0.855585   RMAE: 0.612691   (numpy)
Repeat       MSE: 20.380388  MAE: 3.232842   SE: 33.095657  RRMSE: 0.855585   RMAE: 0.612691   (torch)

