Args in experiment:
Namespace(is_training=1, model_id='FITS_100_exchange_rate_336_192_M_channels_7', model='FITS_100', data='custom', root_path='./dataset/', data_path='exchange_rate.csv', features='M', target='OT', freq='h', checkpoints='./checkpoints/', seq_len=336, label_len=48, pred_len=192, individual=False, embed_type=0, enc_in=7, dec_in=7, c_out=7, d_model=512, n_heads=8, e_layers=2, d_layers=1, d_ff=2048, moving_avg=25, factor=1, distil=True, dropout=0.05, embed='timeF', activation='gelu', output_attention=False, do_predict=False, num_workers=10, itr=1, train_epochs=10, batch_size=8, patience=3, learning_rate=0.0005, des='Exp', loss='mse', lradj='type1', use_amp=False, use_gpu=True, gpu=0, use_multi_gpu=False, devices='0,1,2,3', test_flop=False)
FITS_100_exchange_rate_336_192_M_channels_7_FITS_100_M_channels_7
Using GPU: NVIDIA GeForce RTX 4070 (cuda:0):
>>>>>>>start training : FITS_100_exchange_rate_336_192_M_channels_7_FITS_100_M_channels_7>>>>>>>>>>>>>>>>>>>>>>>>>>
train 4784
val 569
test 1326
	iters: 100, epoch: 1 | loss: 0.2749447
	speed: 0.0189s/iter; time left: 111.0772s
	iters: 200, epoch: 1 | loss: 0.2914965
	speed: 0.0051s/iter; time left: 29.7207s
	iters: 300, epoch: 1 | loss: 0.1894662
	speed: 0.0050s/iter; time left: 28.1731s
	iters: 400, epoch: 1 | loss: 0.3274576
	speed: 0.0047s/iter; time left: 26.3757s
	iters: 500, epoch: 1 | loss: 0.2699869
	speed: 0.0049s/iter; time left: 26.6211s
Epoch: 1 cost time: 4.0 seconds
Epoch: 1, Steps: 598 | Train Loss: 0.3347749 Vali Loss: 0.2596554 Test Loss: 0.2006272
Validation loss decreased (inf --> 0.259655).  Saving model ...
Updating learning rate to 0.0005
	iters: 100, epoch: 2 | loss: 0.2401216
	speed: 0.0283s/iter; time left: 149.5940s
	iters: 200, epoch: 2 | loss: 0.2011145
	speed: 0.0061s/iter; time left: 31.7590s
	iters: 300, epoch: 2 | loss: 0.2466556
	speed: 0.0056s/iter; time left: 28.2381s
	iters: 400, epoch: 2 | loss: 0.4435092
	speed: 0.0053s/iter; time left: 26.5449s
	iters: 500, epoch: 2 | loss: 0.2073518
	speed: 0.0075s/iter; time left: 36.4822s
Epoch: 2 cost time: 3.9 seconds
Epoch: 2, Steps: 598 | Train Loss: 0.2805830 Vali Loss: 0.2487629 Test Loss: 0.1889046
Validation loss decreased (0.259655 --> 0.248763).  Saving model ...
Updating learning rate to 0.00025
	iters: 100, epoch: 3 | loss: 0.4532984
	speed: 0.0308s/iter; time left: 144.1989s
	iters: 200, epoch: 3 | loss: 0.2404612
	speed: 0.0059s/iter; time left: 26.8406s
	iters: 300, epoch: 3 | loss: 0.4457278
	speed: 0.0055s/iter; time left: 24.6072s
	iters: 400, epoch: 3 | loss: 0.2187210
	speed: 0.0056s/iter; time left: 24.7097s
	iters: 500, epoch: 3 | loss: 0.2802732
	speed: 0.0059s/iter; time left: 25.3463s
Epoch: 3 cost time: 3.7 seconds
Epoch: 3, Steps: 598 | Train Loss: 0.2702926 Vali Loss: 0.2454475 Test Loss: 0.1849940
Validation loss decreased (0.248763 --> 0.245448).  Saving model ...
Updating learning rate to 0.000125
	iters: 100, epoch: 4 | loss: 0.1209871
	speed: 0.0313s/iter; time left: 127.9139s
	iters: 200, epoch: 4 | loss: 0.3396861
	speed: 0.0060s/iter; time left: 23.9387s
	iters: 300, epoch: 4 | loss: 0.2077147
	speed: 0.0071s/iter; time left: 27.6178s
	iters: 400, epoch: 4 | loss: 0.2202652
	speed: 0.0071s/iter; time left: 26.9153s
	iters: 500, epoch: 4 | loss: 0.1640538
	speed: 0.0060s/iter; time left: 22.1600s
Epoch: 4 cost time: 4.1 seconds
Epoch: 4, Steps: 598 | Train Loss: 0.2668934 Vali Loss: 0.2446089 Test Loss: 0.1844886
Validation loss decreased (0.245448 --> 0.244609).  Saving model ...
Updating learning rate to 6.25e-05
	iters: 100, epoch: 5 | loss: 0.5082285
	speed: 0.0323s/iter; time left: 112.5463s
	iters: 200, epoch: 5 | loss: 0.2428565
	speed: 0.0077s/iter; time left: 26.1961s
	iters: 300, epoch: 5 | loss: 0.2907620
	speed: 0.0081s/iter; time left: 26.5106s
	iters: 400, epoch: 5 | loss: 0.2913352
	speed: 0.0071s/iter; time left: 22.5544s
	iters: 500, epoch: 5 | loss: 0.5107046
	speed: 0.0072s/iter; time left: 22.3463s
Epoch: 5 cost time: 4.6 seconds
Epoch: 5, Steps: 598 | Train Loss: 0.2653883 Vali Loss: 0.2437633 Test Loss: 0.1840080
Validation loss decreased (0.244609 --> 0.243763).  Saving model ...
Updating learning rate to 3.125e-05
	iters: 100, epoch: 6 | loss: 0.4571870
	speed: 0.0351s/iter; time left: 101.3778s
	iters: 200, epoch: 6 | loss: 0.4779590
	speed: 0.0056s/iter; time left: 15.7475s
	iters: 300, epoch: 6 | loss: 0.2254250
	speed: 0.0056s/iter; time left: 15.0321s
	iters: 400, epoch: 6 | loss: 0.4326978
	speed: 0.0054s/iter; time left: 13.9894s
	iters: 500, epoch: 6 | loss: 0.3974773
	speed: 0.0058s/iter; time left: 14.4684s
Epoch: 6 cost time: 3.8 seconds
Epoch: 6, Steps: 598 | Train Loss: 0.2646828 Vali Loss: 0.2437861 Test Loss: 0.1837564
EarlyStopping counter: 1 out of 3
Updating learning rate to 1.5625e-05
	iters: 100, epoch: 7 | loss: 0.3104126
	speed: 0.0316s/iter; time left: 72.5645s
	iters: 200, epoch: 7 | loss: 0.2948909
	speed: 0.0060s/iter; time left: 13.1090s
	iters: 300, epoch: 7 | loss: 0.2021788
	speed: 0.0059s/iter; time left: 12.2906s
	iters: 400, epoch: 7 | loss: 0.2386747
	speed: 0.0059s/iter; time left: 11.7773s
	iters: 500, epoch: 7 | loss: 0.1353391
	speed: 0.0057s/iter; time left: 10.8085s
Epoch: 7 cost time: 3.8 seconds
Epoch: 7, Steps: 598 | Train Loss: 0.2643382 Vali Loss: 0.2436960 Test Loss: 0.1836936
Validation loss decreased (0.243763 --> 0.243696).  Saving model ...
Updating learning rate to 7.8125e-06
	iters: 100, epoch: 8 | loss: 0.2171541
	speed: 0.0320s/iter; time left: 54.3175s
	iters: 200, epoch: 8 | loss: 0.3811468
	speed: 0.0065s/iter; time left: 10.4399s
	iters: 300, epoch: 8 | loss: 0.3161646
	speed: 0.0071s/iter; time left: 10.6361s
	iters: 400, epoch: 8 | loss: 0.2226638
	speed: 0.0067s/iter; time left: 9.3819s
	iters: 500, epoch: 8 | loss: 0.1667229
	speed: 0.0064s/iter; time left: 8.2257s
Epoch: 8 cost time: 4.2 seconds
Epoch: 8, Steps: 598 | Train Loss: 0.2641655 Vali Loss: 0.2432638 Test Loss: 0.1836173
Validation loss decreased (0.243696 --> 0.243264).  Saving model ...
Updating learning rate to 3.90625e-06
	iters: 100, epoch: 9 | loss: 0.2191398
	speed: 0.0324s/iter; time left: 35.5403s
	iters: 200, epoch: 9 | loss: 0.3335058
	speed: 0.0059s/iter; time left: 5.8754s
	iters: 300, epoch: 9 | loss: 0.4476764
	speed: 0.0065s/iter; time left: 5.8412s
	iters: 400, epoch: 9 | loss: 0.2359412
	speed: 0.0063s/iter; time left: 5.0465s
	iters: 500, epoch: 9 | loss: 0.1876857
	speed: 0.0072s/iter; time left: 5.0528s
Epoch: 9 cost time: 4.1 seconds
Epoch: 9, Steps: 598 | Train Loss: 0.2640803 Vali Loss: 0.2429652 Test Loss: 0.1835790
Validation loss decreased (0.243264 --> 0.242965).  Saving model ...
Updating learning rate to 1.953125e-06
	iters: 100, epoch: 10 | loss: 0.3976411
	speed: 0.0319s/iter; time left: 15.9336s
	iters: 200, epoch: 10 | loss: 0.1876280
	speed: 0.0068s/iter; time left: 2.7279s
	iters: 300, epoch: 10 | loss: 0.2822602
	speed: 0.0062s/iter; time left: 1.8619s
	iters: 400, epoch: 10 | loss: 0.1712941
	speed: 0.0060s/iter; time left: 1.1884s
	iters: 500, epoch: 10 | loss: 0.2894133
	speed: 0.0060s/iter; time left: 0.5969s
Epoch: 10 cost time: 4.0 seconds
Epoch: 10, Steps: 598 | Train Loss: 0.2640373 Vali Loss: 0.2435864 Test Loss: 0.1835630
EarlyStopping counter: 1 out of 3
Updating learning rate to 9.765625e-07
>>>>>>>testing : FITS_100_exchange_rate_336_192_M_channels_7_FITS_100_M_channels_7<<<<<<<<<<<<<<<<<<<<<<<<<<<<<<<<<
test 1326
FITS_100_exchange_rate_336_192_M_channels_7_FITS_100_M_channels_7
Shapes: pred (1320, 192, 8), true (1320, 192, 8), naive_pred (1320, 192, 8)
Shapes: gt (165, 528), pd (165, 528), naive_pd (165, 528)
Final Metrics:
FITS_100     MSE: 0.183579   MAE: 0.309959   SE: 0.370699   RRMSE: 0.297892   RMAE: 0.215502   (numpy)
FITS_100     MSE: 0.183579   MAE: 0.309959   SE: 0.370699   RRMSE: 0.297892   RMAE: 0.215502   (torch)

Repeat       MSE: 0.166919   MAE: 0.288571   SE: 0.342343   RRMSE: 0.284054   RMAE: 0.200632   (numpy)
Repeat       MSE: 0.166919   MAE: 0.288571   SE: 0.342343   RRMSE: 0.284054   RMAE: 0.200632   (torch)

