Args in experiment:
Namespace(is_training=1, model_id='FITS_MRO_336_336_M_channels_6', model='FITS', data='custom', root_path='./dataset/', data_path='MRO.csv', features='M', target='Adj Close', freq='h', checkpoints='./checkpoints/', seq_len=336, label_len=48, pred_len=336, individual=False, embed_type=0, enc_in=6, dec_in=7, c_out=7, d_model=512, n_heads=8, e_layers=2, d_layers=1, d_ff=2048, moving_avg=25, factor=1, distil=True, dropout=0.05, embed='timeF', activation='gelu', output_attention=False, do_predict=False, num_workers=10, itr=1, train_epochs=10, batch_size=8, patience=3, learning_rate=0.0005, des='Exp', loss='mse', lradj='type1', use_amp=False, use_gpu=True, gpu=0, use_multi_gpu=False, devices='0,1,2,3', test_flop=False)
FITS_MRO_336_336_M_channels_6_FITS_M_channels_6
Using GPU: NVIDIA GeForce RTX 4070 (cuda:0):
>>>>>>>start training : FITS_MRO_336_336_M_channels_6_FITS_M_channels_6>>>>>>>>>>>>>>>>>>>>>>>>>>
train 10335
val 1239
test 2809
	iters: 100, epoch: 1 | loss: 0.3160465
	speed: 0.0176s/iter; time left: 225.1417s
	iters: 200, epoch: 1 | loss: 0.4768658
	speed: 0.0047s/iter; time left: 60.1342s
	iters: 300, epoch: 1 | loss: 0.5466405
	speed: 0.0047s/iter; time left: 59.3615s
	iters: 400, epoch: 1 | loss: 0.9738500
	speed: 0.0048s/iter; time left: 60.0106s
	iters: 500, epoch: 1 | loss: 0.3629296
	speed: 0.0047s/iter; time left: 58.9446s
	iters: 600, epoch: 1 | loss: 0.4662630
	speed: 0.0045s/iter; time left: 55.2101s
	iters: 700, epoch: 1 | loss: 0.4455134
	speed: 0.0045s/iter; time left: 54.8151s
	iters: 800, epoch: 1 | loss: 0.6829139
	speed: 0.0049s/iter; time left: 59.0243s
	iters: 900, epoch: 1 | loss: 0.7530049
	speed: 0.0050s/iter; time left: 59.4586s
	iters: 1000, epoch: 1 | loss: 0.2799994
	speed: 0.0056s/iter; time left: 66.4097s
	iters: 1100, epoch: 1 | loss: 0.2976184
	speed: 0.0053s/iter; time left: 62.7921s
	iters: 1200, epoch: 1 | loss: 0.2688808
	speed: 0.0053s/iter; time left: 61.7204s
Epoch: 1 cost time: 7.3 seconds
Epoch: 1, Steps: 1291 | Train Loss: 0.4964387 Vali Loss: 8.2834044 Test Loss: 10.5271587
Validation loss decreased (inf --> 8.283404).  Saving model ...
Updating learning rate to 0.0005
	iters: 100, epoch: 2 | loss: 0.4021509
	speed: 0.0408s/iter; time left: 470.1866s
	iters: 200, epoch: 2 | loss: 0.3537803
	speed: 0.0058s/iter; time left: 66.0198s
	iters: 300, epoch: 2 | loss: 0.3868162
	speed: 0.0057s/iter; time left: 65.0204s
	iters: 400, epoch: 2 | loss: 0.1997167
	speed: 0.0057s/iter; time left: 63.9692s
	iters: 500, epoch: 2 | loss: 0.5891182
	speed: 0.0056s/iter; time left: 61.9260s
	iters: 600, epoch: 2 | loss: 0.6793028
	speed: 0.0056s/iter; time left: 61.2277s
	iters: 700, epoch: 2 | loss: 0.5154641
	speed: 0.0057s/iter; time left: 62.0271s
	iters: 800, epoch: 2 | loss: 0.4666741
	speed: 0.0056s/iter; time left: 60.5673s
	iters: 900, epoch: 2 | loss: 0.5858597
	speed: 0.0056s/iter; time left: 59.9146s
	iters: 1000, epoch: 2 | loss: 0.4731565
	speed: 0.0055s/iter; time left: 58.5627s
	iters: 1100, epoch: 2 | loss: 0.5987283
	speed: 0.0054s/iter; time left: 56.5965s
	iters: 1200, epoch: 2 | loss: 0.8538905
	speed: 0.0056s/iter; time left: 58.4210s
Epoch: 2 cost time: 7.5 seconds
Epoch: 2, Steps: 1291 | Train Loss: 0.4277194 Vali Loss: 7.9842958 Test Loss: 10.2082691
Validation loss decreased (8.283404 --> 7.984296).  Saving model ...
Updating learning rate to 0.00025
	iters: 100, epoch: 3 | loss: 0.4988538
	speed: 0.0403s/iter; time left: 412.4461s
	iters: 200, epoch: 3 | loss: 0.3472182
	speed: 0.0050s/iter; time left: 51.1293s
	iters: 300, epoch: 3 | loss: 0.2435266
	speed: 0.0054s/iter; time left: 54.3531s
	iters: 400, epoch: 3 | loss: 0.6111592
	speed: 0.0058s/iter; time left: 57.2479s
	iters: 500, epoch: 3 | loss: 0.5498157
	speed: 0.0054s/iter; time left: 53.2385s
	iters: 600, epoch: 3 | loss: 0.2868300
	speed: 0.0056s/iter; time left: 54.3611s
	iters: 700, epoch: 3 | loss: 0.3164849
	speed: 0.0055s/iter; time left: 53.0824s
	iters: 800, epoch: 3 | loss: 0.3354246
	speed: 0.0058s/iter; time left: 55.0890s
	iters: 900, epoch: 3 | loss: 0.3929987
	speed: 0.0053s/iter; time left: 49.6579s
	iters: 1000, epoch: 3 | loss: 0.3414347
	speed: 0.0054s/iter; time left: 50.6761s
	iters: 1100, epoch: 3 | loss: 0.4394840
	speed: 0.0053s/iter; time left: 49.0116s
	iters: 1200, epoch: 3 | loss: 0.2312719
	speed: 0.0052s/iter; time left: 47.7933s
Epoch: 3 cost time: 7.3 seconds
Epoch: 3, Steps: 1291 | Train Loss: 0.4172672 Vali Loss: 7.8140140 Test Loss: 10.0545263
Validation loss decreased (7.984296 --> 7.814014).  Saving model ...
Updating learning rate to 0.000125
	iters: 100, epoch: 4 | loss: 0.3233516
	speed: 0.0405s/iter; time left: 361.5548s
	iters: 200, epoch: 4 | loss: 0.1971500
	speed: 0.0060s/iter; time left: 52.5872s
	iters: 300, epoch: 4 | loss: 0.4358462
	speed: 0.0056s/iter; time left: 49.3022s
	iters: 400, epoch: 4 | loss: 0.4638231
	speed: 0.0054s/iter; time left: 46.7806s
	iters: 500, epoch: 4 | loss: 0.7581396
	speed: 0.0060s/iter; time left: 51.1555s
	iters: 600, epoch: 4 | loss: 0.3534599
	speed: 0.0058s/iter; time left: 48.5318s
	iters: 700, epoch: 4 | loss: 0.2419728
	speed: 0.0056s/iter; time left: 46.9234s
	iters: 800, epoch: 4 | loss: 0.6526784
	speed: 0.0056s/iter; time left: 46.3531s
	iters: 900, epoch: 4 | loss: 0.6457823
	speed: 0.0055s/iter; time left: 44.4260s
	iters: 1000, epoch: 4 | loss: 0.3013088
	speed: 0.0056s/iter; time left: 44.7172s
	iters: 1100, epoch: 4 | loss: 0.5226160
	speed: 0.0055s/iter; time left: 43.6901s
	iters: 1200, epoch: 4 | loss: 0.4204661
	speed: 0.0057s/iter; time left: 44.8037s
Epoch: 4 cost time: 7.6 seconds
Epoch: 4, Steps: 1291 | Train Loss: 0.4128828 Vali Loss: 7.7913699 Test Loss: 10.0092831
Validation loss decreased (7.814014 --> 7.791370).  Saving model ...
Updating learning rate to 6.25e-05
	iters: 100, epoch: 5 | loss: 0.5869966
	speed: 0.0424s/iter; time left: 324.5458s
	iters: 200, epoch: 5 | loss: 0.4249386
	speed: 0.0072s/iter; time left: 54.3941s
	iters: 300, epoch: 5 | loss: 0.3503421
	speed: 0.0065s/iter; time left: 48.1527s
	iters: 400, epoch: 5 | loss: 0.6822584
	speed: 0.0057s/iter; time left: 41.5903s
	iters: 500, epoch: 5 | loss: 0.5428277
	speed: 0.0057s/iter; time left: 41.3367s
	iters: 600, epoch: 5 | loss: 0.3564042
	speed: 0.0062s/iter; time left: 43.9886s
	iters: 700, epoch: 5 | loss: 0.2535715
	speed: 0.0055s/iter; time left: 38.6407s
	iters: 800, epoch: 5 | loss: 0.3739990
	speed: 0.0054s/iter; time left: 37.8542s
	iters: 900, epoch: 5 | loss: 0.4322501
	speed: 0.0055s/iter; time left: 37.7142s
	iters: 1000, epoch: 5 | loss: 0.2418541
	speed: 0.0054s/iter; time left: 36.6530s
	iters: 1100, epoch: 5 | loss: 0.2864105
	speed: 0.0055s/iter; time left: 36.5415s
	iters: 1200, epoch: 5 | loss: 0.3256140
	speed: 0.0059s/iter; time left: 38.4802s
Epoch: 5 cost time: 7.9 seconds
Epoch: 5, Steps: 1291 | Train Loss: 0.4110972 Vali Loss: 7.7668219 Test Loss: 9.9918108
Validation loss decreased (7.791370 --> 7.766822).  Saving model ...
Updating learning rate to 3.125e-05
	iters: 100, epoch: 6 | loss: 0.5813024
	speed: 0.0421s/iter; time left: 267.3961s
	iters: 200, epoch: 6 | loss: 0.3106577
	speed: 0.0058s/iter; time left: 36.4156s
	iters: 300, epoch: 6 | loss: 0.3301149
	speed: 0.0052s/iter; time left: 31.7239s
	iters: 400, epoch: 6 | loss: 0.4063870
	speed: 0.0055s/iter; time left: 33.2558s
	iters: 500, epoch: 6 | loss: 0.5551872
	speed: 0.0056s/iter; time left: 33.1635s
	iters: 600, epoch: 6 | loss: 0.2359733
	speed: 0.0056s/iter; time left: 32.8118s
	iters: 700, epoch: 6 | loss: 0.4836440
	speed: 0.0054s/iter; time left: 30.8979s
	iters: 800, epoch: 6 | loss: 0.1914314
	speed: 0.0054s/iter; time left: 30.5711s
	iters: 900, epoch: 6 | loss: 0.3307749
	speed: 0.0056s/iter; time left: 30.8577s
	iters: 1000, epoch: 6 | loss: 0.4578958
	speed: 0.0056s/iter; time left: 30.4551s
	iters: 1100, epoch: 6 | loss: 0.4593678
	speed: 0.0053s/iter; time left: 28.4931s
	iters: 1200, epoch: 6 | loss: 0.2771188
	speed: 0.0052s/iter; time left: 27.4950s
Epoch: 6 cost time: 7.4 seconds
Epoch: 6, Steps: 1291 | Train Loss: 0.4099320 Vali Loss: 7.7594233 Test Loss: 9.9832373
Validation loss decreased (7.766822 --> 7.759423).  Saving model ...
Updating learning rate to 1.5625e-05
	iters: 100, epoch: 7 | loss: 0.3996203
	speed: 0.0404s/iter; time left: 204.8162s
	iters: 200, epoch: 7 | loss: 0.2407218
	speed: 0.0056s/iter; time left: 27.6557s
	iters: 300, epoch: 7 | loss: 0.5859431
	speed: 0.0057s/iter; time left: 27.7052s
	iters: 400, epoch: 7 | loss: 0.4587182
	speed: 0.0057s/iter; time left: 27.3343s
	iters: 500, epoch: 7 | loss: 0.2635789
	speed: 0.0057s/iter; time left: 26.6194s
	iters: 600, epoch: 7 | loss: 0.4536586
	speed: 0.0057s/iter; time left: 26.0586s
	iters: 700, epoch: 7 | loss: 0.4387971
	speed: 0.0056s/iter; time left: 25.0281s
	iters: 800, epoch: 7 | loss: 0.4981937
	speed: 0.0055s/iter; time left: 24.1341s
	iters: 900, epoch: 7 | loss: 0.5465408
	speed: 0.0057s/iter; time left: 24.2113s
	iters: 1000, epoch: 7 | loss: 0.4747706
	speed: 0.0056s/iter; time left: 23.4451s
	iters: 1100, epoch: 7 | loss: 0.7007567
	speed: 0.0056s/iter; time left: 22.6049s
	iters: 1200, epoch: 7 | loss: 0.5421879
	speed: 0.0055s/iter; time left: 21.8374s
Epoch: 7 cost time: 7.5 seconds
Epoch: 7, Steps: 1291 | Train Loss: 0.4095281 Vali Loss: 7.7349963 Test Loss: 9.9798946
Validation loss decreased (7.759423 --> 7.734996).  Saving model ...
Updating learning rate to 7.8125e-06
	iters: 100, epoch: 8 | loss: 0.4848931
	speed: 0.0411s/iter; time left: 155.2892s
	iters: 200, epoch: 8 | loss: 0.5998543
	speed: 0.0059s/iter; time left: 21.7586s
	iters: 300, epoch: 8 | loss: 0.2692769
	speed: 0.0058s/iter; time left: 20.8169s
	iters: 400, epoch: 8 | loss: 0.4736698
	speed: 0.0055s/iter; time left: 19.2178s
	iters: 500, epoch: 8 | loss: 0.4953954
	speed: 0.0057s/iter; time left: 19.1551s
	iters: 600, epoch: 8 | loss: 0.3863362
	speed: 0.0057s/iter; time left: 18.7715s
	iters: 700, epoch: 8 | loss: 0.2474055
	speed: 0.0055s/iter; time left: 17.4076s
	iters: 800, epoch: 8 | loss: 0.7949721
	speed: 0.0059s/iter; time left: 18.0748s
	iters: 900, epoch: 8 | loss: 0.4350526
	speed: 0.0058s/iter; time left: 17.1447s
	iters: 1000, epoch: 8 | loss: 0.7602773
	speed: 0.0056s/iter; time left: 16.1170s
	iters: 1100, epoch: 8 | loss: 0.2467320
	speed: 0.0056s/iter; time left: 15.6553s
	iters: 1200, epoch: 8 | loss: 0.4059597
	speed: 0.0058s/iter; time left: 15.4249s
Epoch: 8 cost time: 7.7 seconds
Epoch: 8, Steps: 1291 | Train Loss: 0.4090565 Vali Loss: 7.7454810 Test Loss: 9.9779730
EarlyStopping counter: 1 out of 3
Updating learning rate to 3.90625e-06
	iters: 100, epoch: 9 | loss: 0.3998807
	speed: 0.0414s/iter; time left: 102.8329s
	iters: 200, epoch: 9 | loss: 0.3543020
	speed: 0.0055s/iter; time left: 13.0913s
	iters: 300, epoch: 9 | loss: 0.4548972
	speed: 0.0055s/iter; time left: 12.5539s
	iters: 400, epoch: 9 | loss: 0.5263092
	speed: 0.0055s/iter; time left: 12.0220s
	iters: 500, epoch: 9 | loss: 0.7687181
	speed: 0.0055s/iter; time left: 11.3543s
	iters: 600, epoch: 9 | loss: 0.3520147
	speed: 0.0054s/iter; time left: 10.7811s
	iters: 700, epoch: 9 | loss: 0.2922031
	speed: 0.0056s/iter; time left: 10.6112s
	iters: 800, epoch: 9 | loss: 0.4722669
	speed: 0.0055s/iter; time left: 9.8579s
	iters: 900, epoch: 9 | loss: 0.3733462
	speed: 0.0057s/iter; time left: 9.6056s
	iters: 1000, epoch: 9 | loss: 0.2037460
	speed: 0.0053s/iter; time left: 8.4247s
	iters: 1100, epoch: 9 | loss: 0.3955425
	speed: 0.0055s/iter; time left: 8.2230s
	iters: 1200, epoch: 9 | loss: 0.5748376
	speed: 0.0056s/iter; time left: 7.6792s
Epoch: 9 cost time: 7.4 seconds
Epoch: 9, Steps: 1291 | Train Loss: 0.4089942 Vali Loss: 7.7331853 Test Loss: 9.9770927
Validation loss decreased (7.734996 --> 7.733185).  Saving model ...
Updating learning rate to 1.953125e-06
	iters: 100, epoch: 10 | loss: 0.3711614
	speed: 0.0414s/iter; time left: 49.3973s
	iters: 200, epoch: 10 | loss: 0.4871392
	speed: 0.0054s/iter; time left: 5.8995s
	iters: 300, epoch: 10 | loss: 0.2407851
	speed: 0.0057s/iter; time left: 5.6285s
	iters: 400, epoch: 10 | loss: 0.4667102
	speed: 0.0061s/iter; time left: 5.4031s
	iters: 500, epoch: 10 | loss: 0.3492919
	speed: 0.0058s/iter; time left: 4.5683s
	iters: 600, epoch: 10 | loss: 0.6854124
	speed: 0.0057s/iter; time left: 3.9597s
	iters: 700, epoch: 10 | loss: 0.5261279
	speed: 0.0056s/iter; time left: 3.3074s
	iters: 800, epoch: 10 | loss: 0.3623564
	speed: 0.0056s/iter; time left: 2.7326s
	iters: 900, epoch: 10 | loss: 0.4542707
	speed: 0.0055s/iter; time left: 2.1426s
	iters: 1000, epoch: 10 | loss: 0.3081844
	speed: 0.0057s/iter; time left: 1.6649s
	iters: 1100, epoch: 10 | loss: 0.3184415
	speed: 0.0058s/iter; time left: 1.1171s
	iters: 1200, epoch: 10 | loss: 0.4233160
	speed: 0.0061s/iter; time left: 0.5582s
Epoch: 10 cost time: 7.7 seconds
Epoch: 10, Steps: 1291 | Train Loss: 0.4088842 Vali Loss: 7.7513394 Test Loss: 9.9766483
EarlyStopping counter: 1 out of 3
Updating learning rate to 9.765625e-07
>>>>>>>testing : FITS_MRO_336_336_M_channels_6_FITS_M_channels_6<<<<<<<<<<<<<<<<<<<<<<<<<<<<<<<<<
test 2809
FITS_MRO_336_336_M_channels_6_FITS_M_channels_6
Shapes: pred (2808, 336, 6), true (2808, 336, 6), naive_pred (2808, 336, 6)
Shapes: gt (351, 672), pd (351, 672), naive_pd (351, 672)
Final Metrics:
FITS         MSE: 9.977087   MAE: 2.259234   SE: 17.624390  RRMSE: 0.554815   RMAE: 0.396832   (numpy)
FITS         MSE: 9.977094   MAE: 2.259234   SE: 17.624392  RRMSE: 0.554815   RMAE: 0.396832   (torch)

Repeat       MSE: 10.411037  MAE: 2.190049   SE: 18.626980  RRMSE: 0.566752   RMAE: 0.384680   (numpy)
Repeat       MSE: 10.411036  MAE: 2.190050   SE: 18.626982  RRMSE: 0.566752   RMAE: 0.384680   (torch)


Model(
  (fits): FITS(
    (frequency_upsampler): Linear(in_features=168, out_features=336, bias=True)
  )
)
