Args in experiment:
Namespace(is_training=1, model_id='FITS_100_GD_336_96_M_channels_6', model='FITS_100', data='custom', root_path='./dataset/', data_path='GD.csv', features='M', target='Adj Close', freq='h', checkpoints='./checkpoints/', seq_len=336, label_len=48, pred_len=96, individual=False, embed_type=0, enc_in=6, dec_in=7, c_out=7, d_model=512, n_heads=8, e_layers=2, d_layers=1, d_ff=2048, moving_avg=25, factor=1, distil=True, dropout=0.05, embed='timeF', activation='gelu', output_attention=False, do_predict=False, num_workers=10, itr=1, train_epochs=10, batch_size=8, patience=3, learning_rate=0.0005, des='Exp', loss='mse', lradj='type1', use_amp=False, use_gpu=True, gpu=0, use_multi_gpu=False, devices='0,1,2,3', test_flop=False)
FITS_100_GD_336_96_M_channels_6_FITS_100_M_channels_6
Using GPU: NVIDIA GeForce RTX 4070 (cuda:0):
>>>>>>>start training : FITS_100_GD_336_96_M_channels_6_FITS_100_M_channels_6>>>>>>>>>>>>>>>>>>>>>>>>>>
train 10575
val 1479
test 3049
	iters: 100, epoch: 1 | loss: 0.1824619
	speed: 0.0191s/iter; time left: 250.8299s
	iters: 200, epoch: 1 | loss: 0.2245976
	speed: 0.0049s/iter; time left: 63.1832s
	iters: 300, epoch: 1 | loss: 0.1421483
	speed: 0.0050s/iter; time left: 64.9271s
	iters: 400, epoch: 1 | loss: 0.4324986
	speed: 0.0050s/iter; time left: 64.1896s
	iters: 500, epoch: 1 | loss: 0.1286018
	speed: 0.0046s/iter; time left: 58.7138s
	iters: 600, epoch: 1 | loss: 0.2366549
	speed: 0.0050s/iter; time left: 62.7638s
	iters: 700, epoch: 1 | loss: 0.1288515
	speed: 0.0048s/iter; time left: 60.0248s
	iters: 800, epoch: 1 | loss: 0.0914516
	speed: 0.0052s/iter; time left: 64.9294s
	iters: 900, epoch: 1 | loss: 0.0986872
	speed: 0.0052s/iter; time left: 63.5312s
	iters: 1000, epoch: 1 | loss: 0.0462467
	speed: 0.0056s/iter; time left: 68.5611s
	iters: 1100, epoch: 1 | loss: 0.3038994
	speed: 0.0052s/iter; time left: 63.5467s
	iters: 1200, epoch: 1 | loss: 0.0971476
	speed: 0.0054s/iter; time left: 64.5745s
	iters: 1300, epoch: 1 | loss: 0.1528620
	speed: 0.0053s/iter; time left: 63.4756s
Epoch: 1 cost time: 7.8 seconds
Epoch: 1, Steps: 1321 | Train Loss: 0.1607977 Vali Loss: 0.5841330 Test Loss: 1.6756525
Validation loss decreased (inf --> 0.584133).  Saving model ...
Updating learning rate to 0.0005
	iters: 100, epoch: 2 | loss: 0.1777508
	speed: 0.0385s/iter; time left: 454.4941s
	iters: 200, epoch: 2 | loss: 0.0728312
	speed: 0.0057s/iter; time left: 66.1662s
	iters: 300, epoch: 2 | loss: 0.0704285
	speed: 0.0059s/iter; time left: 68.2204s
	iters: 400, epoch: 2 | loss: 0.1499648
	speed: 0.0057s/iter; time left: 65.1692s
	iters: 500, epoch: 2 | loss: 0.1586734
	speed: 0.0054s/iter; time left: 61.0571s
	iters: 600, epoch: 2 | loss: 0.1094550
	speed: 0.0056s/iter; time left: 63.7250s
	iters: 700, epoch: 2 | loss: 0.0838240
	speed: 0.0055s/iter; time left: 61.7319s
	iters: 800, epoch: 2 | loss: 0.0831257
	speed: 0.0054s/iter; time left: 60.3942s
	iters: 900, epoch: 2 | loss: 0.1238069
	speed: 0.0055s/iter; time left: 60.9628s
	iters: 1000, epoch: 2 | loss: 0.1355787
	speed: 0.0057s/iter; time left: 61.7719s
	iters: 1100, epoch: 2 | loss: 0.1431596
	speed: 0.0057s/iter; time left: 61.2081s
	iters: 1200, epoch: 2 | loss: 0.1341008
	speed: 0.0059s/iter; time left: 62.7581s
	iters: 1300, epoch: 2 | loss: 0.4676986
	speed: 0.0069s/iter; time left: 72.9704s
Epoch: 2 cost time: 7.9 seconds
Epoch: 2, Steps: 1321 | Train Loss: 0.1446835 Vali Loss: 0.5637598 Test Loss: 1.5662451
Validation loss decreased (0.584133 --> 0.563760).  Saving model ...
Updating learning rate to 0.00025
	iters: 100, epoch: 3 | loss: 0.3152950
	speed: 0.0437s/iter; time left: 457.8726s
	iters: 200, epoch: 3 | loss: 0.0955984
	speed: 0.0057s/iter; time left: 59.6189s
	iters: 300, epoch: 3 | loss: 0.0924275
	speed: 0.0052s/iter; time left: 53.7130s
	iters: 400, epoch: 3 | loss: 0.1191406
	speed: 0.0052s/iter; time left: 53.1865s
	iters: 500, epoch: 3 | loss: 0.1015112
	speed: 0.0054s/iter; time left: 54.2694s
	iters: 600, epoch: 3 | loss: 0.0915753
	speed: 0.0055s/iter; time left: 54.6081s
	iters: 700, epoch: 3 | loss: 0.3695596
	speed: 0.0054s/iter; time left: 53.1108s
	iters: 800, epoch: 3 | loss: 0.0963896
	speed: 0.0060s/iter; time left: 58.6214s
	iters: 900, epoch: 3 | loss: 0.1663129
	speed: 0.0060s/iter; time left: 58.1534s
	iters: 1000, epoch: 3 | loss: 0.0517914
	speed: 0.0059s/iter; time left: 56.9292s
	iters: 1100, epoch: 3 | loss: 0.0487803
	speed: 0.0068s/iter; time left: 64.1171s
	iters: 1200, epoch: 3 | loss: 0.0895116
	speed: 0.0062s/iter; time left: 58.1950s
	iters: 1300, epoch: 3 | loss: 0.0753126
	speed: 0.0061s/iter; time left: 56.2398s
Epoch: 3 cost time: 7.9 seconds
Epoch: 3, Steps: 1321 | Train Loss: 0.1423845 Vali Loss: 0.5527182 Test Loss: 1.5689147
Validation loss decreased (0.563760 --> 0.552718).  Saving model ...
Updating learning rate to 0.000125
	iters: 100, epoch: 4 | loss: 0.1945945
	speed: 0.0415s/iter; time left: 379.7279s
	iters: 200, epoch: 4 | loss: 0.1448770
	speed: 0.0064s/iter; time left: 58.0330s
	iters: 300, epoch: 4 | loss: 0.1099002
	speed: 0.0095s/iter; time left: 84.8613s
	iters: 400, epoch: 4 | loss: 0.1518551
	speed: 0.0075s/iter; time left: 66.1901s
	iters: 500, epoch: 4 | loss: 0.1274413
	speed: 0.0065s/iter; time left: 56.9161s
	iters: 600, epoch: 4 | loss: 0.2450660
	speed: 0.0055s/iter; time left: 47.2922s
	iters: 700, epoch: 4 | loss: 0.0969839
	speed: 0.0059s/iter; time left: 50.5399s
	iters: 800, epoch: 4 | loss: 0.0949387
	speed: 0.0060s/iter; time left: 50.7414s
	iters: 900, epoch: 4 | loss: 0.1984030
	speed: 0.0060s/iter; time left: 50.1414s
	iters: 1000, epoch: 4 | loss: 0.0659620
	speed: 0.0065s/iter; time left: 53.3026s
	iters: 1100, epoch: 4 | loss: 0.1479505
	speed: 0.0062s/iter; time left: 50.9196s
	iters: 1200, epoch: 4 | loss: 0.0425693
	speed: 0.0054s/iter; time left: 43.5979s
	iters: 1300, epoch: 4 | loss: 0.1648198
	speed: 0.0054s/iter; time left: 42.5653s
Epoch: 4 cost time: 8.7 seconds
Epoch: 4, Steps: 1321 | Train Loss: 0.1410701 Vali Loss: 0.5545207 Test Loss: 1.5382615
EarlyStopping counter: 1 out of 3
Updating learning rate to 6.25e-05
	iters: 100, epoch: 5 | loss: 0.2700629
	speed: 0.0422s/iter; time left: 330.2138s
	iters: 200, epoch: 5 | loss: 0.0952061
	speed: 0.0077s/iter; time left: 59.3461s
	iters: 300, epoch: 5 | loss: 0.2723424
	speed: 0.0066s/iter; time left: 50.6326s
	iters: 400, epoch: 5 | loss: 0.0936752
	speed: 0.0064s/iter; time left: 47.8655s
	iters: 500, epoch: 5 | loss: 0.1267304
	speed: 0.0073s/iter; time left: 54.3971s
	iters: 600, epoch: 5 | loss: 0.1270861
	speed: 0.0062s/iter; time left: 45.1626s
	iters: 700, epoch: 5 | loss: 0.1960311
	speed: 0.0065s/iter; time left: 47.0509s
	iters: 800, epoch: 5 | loss: 0.1908109
	speed: 0.0069s/iter; time left: 49.3217s
	iters: 900, epoch: 5 | loss: 0.1667590
	speed: 0.0059s/iter; time left: 41.3388s
	iters: 1000, epoch: 5 | loss: 0.0966012
	speed: 0.0057s/iter; time left: 39.1952s
	iters: 1100, epoch: 5 | loss: 0.0724640
	speed: 0.0056s/iter; time left: 38.3633s
	iters: 1200, epoch: 5 | loss: 0.2318721
	speed: 0.0057s/iter; time left: 38.0490s
	iters: 1300, epoch: 5 | loss: 0.1696958
	speed: 0.0060s/iter; time left: 39.4701s
Epoch: 5 cost time: 8.9 seconds
Epoch: 5, Steps: 1321 | Train Loss: 0.1403325 Vali Loss: 0.5524464 Test Loss: 1.5336969
Validation loss decreased (0.552718 --> 0.552446).  Saving model ...
Updating learning rate to 3.125e-05
	iters: 100, epoch: 6 | loss: 0.0836534
	speed: 0.0426s/iter; time left: 276.8967s
	iters: 200, epoch: 6 | loss: 0.1137860
	speed: 0.0056s/iter; time left: 36.0718s
	iters: 300, epoch: 6 | loss: 0.0830863
	speed: 0.0060s/iter; time left: 37.6035s
	iters: 400, epoch: 6 | loss: 0.0951894
	speed: 0.0076s/iter; time left: 47.4649s
	iters: 500, epoch: 6 | loss: 0.1346859
	speed: 0.0063s/iter; time left: 38.7128s
	iters: 600, epoch: 6 | loss: 0.2489644
	speed: 0.0064s/iter; time left: 38.4772s
	iters: 700, epoch: 6 | loss: 0.0686343
	speed: 0.0055s/iter; time left: 32.6461s
	iters: 800, epoch: 6 | loss: 0.1151094
	speed: 0.0053s/iter; time left: 30.7198s
	iters: 900, epoch: 6 | loss: 0.1333104
	speed: 0.0051s/iter; time left: 28.9719s
	iters: 1000, epoch: 6 | loss: 0.1489658
	speed: 0.0048s/iter; time left: 27.0340s
	iters: 1100, epoch: 6 | loss: 0.1408282
	speed: 0.0051s/iter; time left: 27.9305s
	iters: 1200, epoch: 6 | loss: 0.1669261
	speed: 0.0050s/iter; time left: 26.8499s
	iters: 1300, epoch: 6 | loss: 0.0495854
	speed: 0.0049s/iter; time left: 25.8636s
Epoch: 6 cost time: 7.7 seconds
Epoch: 6, Steps: 1321 | Train Loss: 0.1400060 Vali Loss: 0.5520054 Test Loss: 1.5322680
Validation loss decreased (0.552446 --> 0.552005).  Saving model ...
Updating learning rate to 1.5625e-05
	iters: 100, epoch: 7 | loss: 0.0804379
	speed: 0.0395s/iter; time left: 204.8135s
	iters: 200, epoch: 7 | loss: 0.0995897
	speed: 0.0059s/iter; time left: 29.9177s
	iters: 300, epoch: 7 | loss: 0.1993265
	speed: 0.0059s/iter; time left: 29.4856s
	iters: 400, epoch: 7 | loss: 0.1006346
	speed: 0.0062s/iter; time left: 30.0901s
	iters: 500, epoch: 7 | loss: 0.3474344
	speed: 0.0062s/iter; time left: 29.8639s
	iters: 600, epoch: 7 | loss: 0.1975005
	speed: 0.0061s/iter; time left: 28.7991s
	iters: 700, epoch: 7 | loss: 0.0514106
	speed: 0.0064s/iter; time left: 29.4421s
	iters: 800, epoch: 7 | loss: 0.1051136
	speed: 0.0063s/iter; time left: 28.1594s
	iters: 900, epoch: 7 | loss: 0.2174128
	speed: 0.0060s/iter; time left: 26.1156s
	iters: 1000, epoch: 7 | loss: 0.3125020
	speed: 0.0060s/iter; time left: 25.9194s
	iters: 1100, epoch: 7 | loss: 0.2740773
	speed: 0.0059s/iter; time left: 24.7263s
	iters: 1200, epoch: 7 | loss: 0.1708223
	speed: 0.0066s/iter; time left: 27.1554s
	iters: 1300, epoch: 7 | loss: 0.0612523
	speed: 0.0067s/iter; time left: 26.8678s
Epoch: 7 cost time: 8.5 seconds
Epoch: 7, Steps: 1321 | Train Loss: 0.1397796 Vali Loss: 0.5517033 Test Loss: 1.5317476
Validation loss decreased (0.552005 --> 0.551703).  Saving model ...
Updating learning rate to 7.8125e-06
	iters: 100, epoch: 8 | loss: 0.3236382
	speed: 0.0425s/iter; time left: 164.2464s
	iters: 200, epoch: 8 | loss: 0.0951600
	speed: 0.0060s/iter; time left: 22.4910s
	iters: 300, epoch: 8 | loss: 0.0874414
	speed: 0.0059s/iter; time left: 21.5280s
	iters: 400, epoch: 8 | loss: 0.1369500
	speed: 0.0059s/iter; time left: 20.9499s
	iters: 500, epoch: 8 | loss: 0.1655507
	speed: 0.0059s/iter; time left: 20.3474s
	iters: 600, epoch: 8 | loss: 0.1155530
	speed: 0.0057s/iter; time left: 19.1793s
	iters: 700, epoch: 8 | loss: 0.2465953
	speed: 0.0061s/iter; time left: 19.8624s
	iters: 800, epoch: 8 | loss: 0.0611870
	speed: 0.0060s/iter; time left: 19.0118s
	iters: 900, epoch: 8 | loss: 0.1497331
	speed: 0.0063s/iter; time left: 19.2797s
	iters: 1000, epoch: 8 | loss: 0.2008913
	speed: 0.0064s/iter; time left: 18.9654s
	iters: 1100, epoch: 8 | loss: 0.1469972
	speed: 0.0063s/iter; time left: 18.1579s
	iters: 1200, epoch: 8 | loss: 0.0588694
	speed: 0.0064s/iter; time left: 17.7810s
	iters: 1300, epoch: 8 | loss: 0.0671917
	speed: 0.0066s/iter; time left: 17.6374s
Epoch: 8 cost time: 8.4 seconds
Epoch: 8, Steps: 1321 | Train Loss: 0.1397049 Vali Loss: 0.5507279 Test Loss: 1.5313131
Validation loss decreased (0.551703 --> 0.550728).  Saving model ...
Updating learning rate to 3.90625e-06
	iters: 100, epoch: 9 | loss: 0.1262168
	speed: 0.0466s/iter; time left: 118.6049s
	iters: 200, epoch: 9 | loss: 0.1164027
	speed: 0.0057s/iter; time left: 14.0082s
	iters: 300, epoch: 9 | loss: 0.1575440
	speed: 0.0054s/iter; time left: 12.6224s
	iters: 400, epoch: 9 | loss: 0.0981984
	speed: 0.0052s/iter; time left: 11.7483s
	iters: 500, epoch: 9 | loss: 0.1798370
	speed: 0.0051s/iter; time left: 10.9474s
	iters: 600, epoch: 9 | loss: 0.1525479
	speed: 0.0056s/iter; time left: 11.3496s
	iters: 700, epoch: 9 | loss: 0.1368675
	speed: 0.0058s/iter; time left: 11.1883s
	iters: 800, epoch: 9 | loss: 0.0831975
	speed: 0.0059s/iter; time left: 10.8850s
	iters: 900, epoch: 9 | loss: 0.0994033
	speed: 0.0060s/iter; time left: 10.4578s
	iters: 1000, epoch: 9 | loss: 0.1311681
	speed: 0.0062s/iter; time left: 10.1588s
	iters: 1100, epoch: 9 | loss: 0.0952499
	speed: 0.0059s/iter; time left: 9.1748s
	iters: 1200, epoch: 9 | loss: 0.1269972
	speed: 0.0062s/iter; time left: 8.9480s
	iters: 1300, epoch: 9 | loss: 0.0584773
	speed: 0.0070s/iter; time left: 9.4099s
Epoch: 9 cost time: 8.1 seconds
Epoch: 9, Steps: 1321 | Train Loss: 0.1396142 Vali Loss: 0.5524962 Test Loss: 1.5312020
EarlyStopping counter: 1 out of 3
Updating learning rate to 1.953125e-06
	iters: 100, epoch: 10 | loss: 0.1407996
	speed: 0.0430s/iter; time left: 52.5387s
	iters: 200, epoch: 10 | loss: 0.0602694
	speed: 0.0054s/iter; time left: 6.0850s
	iters: 300, epoch: 10 | loss: 0.1272613
	speed: 0.0056s/iter; time left: 5.6819s
	iters: 400, epoch: 10 | loss: 0.1076412
	speed: 0.0067s/iter; time left: 6.1624s
	iters: 500, epoch: 10 | loss: 0.0883819
	speed: 0.0055s/iter; time left: 4.5344s
	iters: 600, epoch: 10 | loss: 0.0904968
	speed: 0.0056s/iter; time left: 4.0518s
	iters: 700, epoch: 10 | loss: 0.1138698
	speed: 0.0052s/iter; time left: 3.2207s
	iters: 800, epoch: 10 | loss: 0.2688752
	speed: 0.0053s/iter; time left: 2.7828s
	iters: 900, epoch: 10 | loss: 0.1509264
	speed: 0.0055s/iter; time left: 2.3121s
	iters: 1000, epoch: 10 | loss: 0.1368478
	speed: 0.0049s/iter; time left: 1.5761s
	iters: 1100, epoch: 10 | loss: 0.0827607
	speed: 0.0051s/iter; time left: 1.1308s
	iters: 1200, epoch: 10 | loss: 0.1117464
	speed: 0.0051s/iter; time left: 0.6194s
	iters: 1300, epoch: 10 | loss: 0.1586890
	speed: 0.0056s/iter; time left: 0.1221s
Epoch: 10 cost time: 7.6 seconds
Epoch: 10, Steps: 1321 | Train Loss: 0.1396059 Vali Loss: 0.5521773 Test Loss: 1.5311471
EarlyStopping counter: 2 out of 3
Updating learning rate to 9.765625e-07
>>>>>>>testing : FITS_100_GD_336_96_M_channels_6_FITS_100_M_channels_6<<<<<<<<<<<<<<<<<<<<<<<<<<<<<<<<<
test 3049
FITS_100_GD_336_96_M_channels_6_FITS_100_M_channels_6
Shapes: pred (3048, 96, 6), true (3048, 96, 6), naive_pred (3048, 96, 6)
Shapes: gt (381, 432), pd (381, 432), naive_pd (381, 432)
Final Metrics:
FITS_100     MSE: 1.531313   MAE: 0.895273   SE: 2.508880   RRMSE: 0.124216   RMAE: 0.089867   (numpy)
FITS_100     MSE: 1.531313   MAE: 0.895273   SE: 2.508880   RRMSE: 0.124216   RMAE: 0.089867   (torch)

Repeat       MSE: 1.196488   MAE: 0.763345   SE: 2.283030   RRMSE: 0.109800   RMAE: 0.076625   (numpy)
Repeat       MSE: 1.196488   MAE: 0.763345   SE: 2.283030   RRMSE: 0.109800   RMAE: 0.076625   (torch)

