Args in experiment:
Namespace(is_training=1, model_id='FITS_exchange_rate_336_336_M_channels_7', model='FITS', data='custom', root_path='./dataset/', data_path='exchange_rate.csv', features='M', target='OT', freq='h', checkpoints='./checkpoints/', seq_len=336, label_len=48, pred_len=336, individual=False, embed_type=0, enc_in=7, dec_in=7, c_out=7, d_model=512, n_heads=8, e_layers=2, d_layers=1, d_ff=2048, moving_avg=25, factor=1, distil=True, dropout=0.05, embed='timeF', activation='gelu', output_attention=False, do_predict=False, num_workers=10, itr=1, train_epochs=10, batch_size=8, patience=3, learning_rate=0.0005, des='Exp', loss='mse', lradj='type1', use_amp=False, use_gpu=True, gpu=0, use_multi_gpu=False, devices='0,1,2,3', test_flop=False)
FITS_exchange_rate_336_336_M_channels_7_FITS_M_channels_7
Using GPU: NVIDIA GeForce RTX 4070 (cuda:0):
>>>>>>>start training : FITS_exchange_rate_336_336_M_channels_7_FITS_M_channels_7>>>>>>>>>>>>>>>>>>>>>>>>>>
train 4640
val 425
test 1182
	iters: 100, epoch: 1 | loss: 0.6256410
	speed: 0.0190s/iter; time left: 108.1879s
	iters: 200, epoch: 1 | loss: 0.5025181
	speed: 0.0049s/iter; time left: 27.2583s
	iters: 300, epoch: 1 | loss: 0.4951484
	speed: 0.0048s/iter; time left: 26.3794s
	iters: 400, epoch: 1 | loss: 0.4481815
	speed: 0.0048s/iter; time left: 25.6986s
	iters: 500, epoch: 1 | loss: 0.7835743
	speed: 0.0051s/iter; time left: 27.2885s
Epoch: 1 cost time: 3.9 seconds
Epoch: 1, Steps: 580 | Train Loss: 0.5847613 Vali Loss: 0.5131022 Test Loss: 0.3979645
Validation loss decreased (inf --> 0.513102).  Saving model ...
Updating learning rate to 0.0005
	iters: 100, epoch: 2 | loss: 0.5121066
	speed: 0.0260s/iter; time left: 133.3050s
	iters: 200, epoch: 2 | loss: 0.4105411
	speed: 0.0050s/iter; time left: 24.9099s
	iters: 300, epoch: 2 | loss: 0.5407760
	speed: 0.0052s/iter; time left: 25.6031s
	iters: 400, epoch: 2 | loss: 0.5447038
	speed: 0.0052s/iter; time left: 25.2946s
	iters: 500, epoch: 2 | loss: 0.3713634
	speed: 0.0055s/iter; time left: 26.0278s
Epoch: 2 cost time: 3.4 seconds
Epoch: 2, Steps: 580 | Train Loss: 0.4966678 Vali Loss: 0.4662405 Test Loss: 0.3644221
Validation loss decreased (0.513102 --> 0.466240).  Saving model ...
Updating learning rate to 0.00025
	iters: 100, epoch: 3 | loss: 0.4289387
	speed: 0.0291s/iter; time left: 132.1252s
	iters: 200, epoch: 3 | loss: 0.5281205
	speed: 0.0048s/iter; time left: 21.3130s
	iters: 300, epoch: 3 | loss: 0.3847132
	speed: 0.0050s/iter; time left: 21.6648s
	iters: 400, epoch: 3 | loss: 0.3396196
	speed: 0.0053s/iter; time left: 22.4515s
	iters: 500, epoch: 3 | loss: 0.4204289
	speed: 0.0053s/iter; time left: 21.9443s
Epoch: 3 cost time: 3.4 seconds
Epoch: 3, Steps: 580 | Train Loss: 0.4813212 Vali Loss: 0.4570395 Test Loss: 0.3571993
Validation loss decreased (0.466240 --> 0.457040).  Saving model ...
Updating learning rate to 0.000125
	iters: 100, epoch: 4 | loss: 0.3955377
	speed: 0.0267s/iter; time left: 105.8066s
	iters: 200, epoch: 4 | loss: 0.2955316
	speed: 0.0053s/iter; time left: 20.4080s
	iters: 300, epoch: 4 | loss: 0.4118352
	speed: 0.0055s/iter; time left: 20.7695s
	iters: 400, epoch: 4 | loss: 0.3926395
	speed: 0.0061s/iter; time left: 22.2883s
	iters: 500, epoch: 4 | loss: 0.4073486
	speed: 0.0062s/iter; time left: 22.0282s
Epoch: 4 cost time: 3.7 seconds
Epoch: 4, Steps: 580 | Train Loss: 0.4766277 Vali Loss: 0.4548791 Test Loss: 0.3546250
Validation loss decreased (0.457040 --> 0.454879).  Saving model ...
Updating learning rate to 6.25e-05
	iters: 100, epoch: 5 | loss: 0.3115571
	speed: 0.0314s/iter; time left: 106.0056s
	iters: 200, epoch: 5 | loss: 0.5638756
	speed: 0.0064s/iter; time left: 21.1002s
	iters: 300, epoch: 5 | loss: 0.5533708
	speed: 0.0066s/iter; time left: 20.9129s
	iters: 400, epoch: 5 | loss: 0.5981377
	speed: 0.0063s/iter; time left: 19.2772s
	iters: 500, epoch: 5 | loss: 0.2904416
	speed: 0.0077s/iter; time left: 23.0356s
Epoch: 5 cost time: 4.3 seconds
Epoch: 5, Steps: 580 | Train Loss: 0.4745692 Vali Loss: 0.4530519 Test Loss: 0.3531750
Validation loss decreased (0.454879 --> 0.453052).  Saving model ...
Updating learning rate to 3.125e-05
	iters: 100, epoch: 6 | loss: 0.4199139
	speed: 0.0319s/iter; time left: 89.2416s
	iters: 200, epoch: 6 | loss: 0.4443170
	speed: 0.0055s/iter; time left: 14.9767s
	iters: 300, epoch: 6 | loss: 0.4041021
	speed: 0.0060s/iter; time left: 15.4810s
	iters: 400, epoch: 6 | loss: 0.5651738
	speed: 0.0058s/iter; time left: 14.6183s
	iters: 500, epoch: 6 | loss: 0.3292113
	speed: 0.0057s/iter; time left: 13.5999s
Epoch: 6 cost time: 3.6 seconds
Epoch: 6, Steps: 580 | Train Loss: 0.4735934 Vali Loss: 0.4508184 Test Loss: 0.3525979
Validation loss decreased (0.453052 --> 0.450818).  Saving model ...
Updating learning rate to 1.5625e-05
	iters: 100, epoch: 7 | loss: 0.3346393
	speed: 0.0288s/iter; time left: 63.9480s
	iters: 200, epoch: 7 | loss: 0.4686686
	speed: 0.0066s/iter; time left: 13.9256s
	iters: 300, epoch: 7 | loss: 0.4391177
	speed: 0.0068s/iter; time left: 13.7465s
	iters: 400, epoch: 7 | loss: 0.8961959
	speed: 0.0073s/iter; time left: 13.9617s
	iters: 500, epoch: 7 | loss: 0.6763138
	speed: 0.0073s/iter; time left: 13.2297s
Epoch: 7 cost time: 4.2 seconds
Epoch: 7, Steps: 580 | Train Loss: 0.4731138 Vali Loss: 0.4517289 Test Loss: 0.3522781
EarlyStopping counter: 1 out of 3
Updating learning rate to 7.8125e-06
	iters: 100, epoch: 8 | loss: 0.5157393
	speed: 0.0307s/iter; time left: 50.3647s
	iters: 200, epoch: 8 | loss: 0.4028287
	speed: 0.0053s/iter; time left: 8.1854s
	iters: 300, epoch: 8 | loss: 0.4335285
	speed: 0.0051s/iter; time left: 7.3286s
	iters: 400, epoch: 8 | loss: 0.4508001
	speed: 0.0058s/iter; time left: 7.7431s
	iters: 500, epoch: 8 | loss: 0.2421473
	speed: 0.0061s/iter; time left: 7.5948s
Epoch: 8 cost time: 3.5 seconds
Epoch: 8, Steps: 580 | Train Loss: 0.4728761 Vali Loss: 0.4515888 Test Loss: 0.3521327
EarlyStopping counter: 2 out of 3
Updating learning rate to 3.90625e-06
	iters: 100, epoch: 9 | loss: 0.4426844
	speed: 0.0302s/iter; time left: 32.0785s
	iters: 200, epoch: 9 | loss: 0.5464498
	speed: 0.0062s/iter; time left: 5.9754s
	iters: 300, epoch: 9 | loss: 0.4718684
	speed: 0.0060s/iter; time left: 5.1361s
	iters: 400, epoch: 9 | loss: 0.9016429
	speed: 0.0062s/iter; time left: 4.7348s
	iters: 500, epoch: 9 | loss: 0.3848830
	speed: 0.0063s/iter; time left: 4.1905s
Epoch: 9 cost time: 3.9 seconds
Epoch: 9, Steps: 580 | Train Loss: 0.4727577 Vali Loss: 0.4501886 Test Loss: 0.3520605
Validation loss decreased (0.450818 --> 0.450189).  Saving model ...
Updating learning rate to 1.953125e-06
	iters: 100, epoch: 10 | loss: 0.8651792
	speed: 0.0288s/iter; time left: 13.8524s
	iters: 200, epoch: 10 | loss: 0.5993571
	speed: 0.0063s/iter; time left: 2.3852s
	iters: 300, epoch: 10 | loss: 0.4698725
	speed: 0.0060s/iter; time left: 1.6957s
	iters: 400, epoch: 10 | loss: 0.5201856
	speed: 0.0062s/iter; time left: 1.1285s
	iters: 500, epoch: 10 | loss: 0.4248264
	speed: 0.0064s/iter; time left: 0.5189s
Epoch: 10 cost time: 3.9 seconds
Epoch: 10, Steps: 580 | Train Loss: 0.4726986 Vali Loss: 0.4512950 Test Loss: 0.3520252
EarlyStopping counter: 1 out of 3
Updating learning rate to 9.765625e-07
>>>>>>>testing : FITS_exchange_rate_336_336_M_channels_7_FITS_M_channels_7<<<<<<<<<<<<<<<<<<<<<<<<<<<<<<<<<
test 1182
FITS_exchange_rate_336_336_M_channels_7_FITS_M_channels_7
Shapes: pred (1176, 336, 8), true (1176, 336, 8), naive_pred (1176, 336, 8)
Shapes: gt (147, 672), pd (147, 672), naive_pd (147, 672)
Final Metrics:
FITS_10         MSE: 0.352061   MAE: 0.436410   SE: 0.750280   RRMSE: 0.416945   RMAE: 0.306666   (numpy)
FITS_10         MSE: 0.352060   MAE: 0.436411   SE: 0.750280   RRMSE: 0.416945   RMAE: 0.306666   (torch)

Repeat       MSE: 0.305604   MAE: 0.397465   SE: 0.625618   RRMSE: 0.388463   RMAE: 0.279299   (numpy)
Repeat       MSE: 0.305604   MAE: 0.397465   SE: 0.625618   RRMSE: 0.388463   RMAE: 0.279299   (torch)

