Args in experiment:
Namespace(is_training=1, model_id='FITS_DLinear_MRO_336_192_M_channels_6', model='FITS_DLinear', data='custom', root_path='./dataset/', data_path='MRO.csv', features='M', target='Adj Close', freq='h', checkpoints='./checkpoints/', seq_len=336, label_len=48, pred_len=192, individual=False, embed_type=0, enc_in=6, dec_in=7, c_out=7, d_model=512, n_heads=8, e_layers=2, d_layers=1, d_ff=2048, moving_avg=25, factor=1, distil=True, dropout=0.05, embed='timeF', activation='gelu', output_attention=False, do_predict=False, num_workers=10, itr=1, train_epochs=10, batch_size=8, patience=3, learning_rate=0.0005, des='Exp', loss='mse', lradj='type1', use_amp=False, use_gpu=True, gpu=0, use_multi_gpu=False, devices='0,1,2,3', test_flop=False)
FITS_DLinear_MRO_336_192_M_channels_6_FITS_DLinear_M_channels_6
Using GPU: NVIDIA GeForce RTX 4070 (cuda:0):
FITS cutoff frequency: 168
>>>>>>>start training : FITS_DLinear_MRO_336_192_M_channels_6_FITS_DLinear_M_channels_6>>>>>>>>>>>>>>>>>>>>>>>>>>
train 10479
val 1383
test 2953
	iters: 100, epoch: 1 | loss: 0.1379832
	speed: 0.0194s/iter; time left: 252.6701s
	iters: 200, epoch: 1 | loss: 0.3954091
	speed: 0.0067s/iter; time left: 85.9620s
	iters: 300, epoch: 1 | loss: 0.3057007
	speed: 0.0069s/iter; time left: 87.9707s
	iters: 400, epoch: 1 | loss: 0.1697222
	speed: 0.0064s/iter; time left: 81.5386s
	iters: 500, epoch: 1 | loss: 0.3742985
	speed: 0.0062s/iter; time left: 78.0342s
	iters: 600, epoch: 1 | loss: 0.2823049
	speed: 0.0071s/iter; time left: 88.0937s
	iters: 700, epoch: 1 | loss: 0.0825169
	speed: 0.0068s/iter; time left: 84.6370s
	iters: 800, epoch: 1 | loss: 0.1366895
	speed: 0.0069s/iter; time left: 85.1517s
	iters: 900, epoch: 1 | loss: 0.4225146
	speed: 0.0066s/iter; time left: 80.8549s
	iters: 1000, epoch: 1 | loss: 0.3279256
	speed: 0.0069s/iter; time left: 83.0507s
	iters: 1100, epoch: 1 | loss: 0.1845695
	speed: 0.0070s/iter; time left: 84.0714s
	iters: 1200, epoch: 1 | loss: 0.2849606
	speed: 0.0073s/iter; time left: 86.4883s
	iters: 1300, epoch: 1 | loss: 0.1794955
	speed: 0.0072s/iter; time left: 84.5576s
Epoch: 1 cost time: 9.9 seconds
Epoch: 1, Steps: 1309 | Train Loss: 0.2973861 Vali Loss: 5.5836706 Test Loss: 6.3770185
Validation loss decreased (inf --> 5.583671).  Saving model ...
Updating learning rate to 0.0005
	iters: 100, epoch: 2 | loss: 0.1302965
	speed: 0.0407s/iter; time left: 475.1878s
	iters: 200, epoch: 2 | loss: 0.3141575
	speed: 0.0079s/iter; time left: 91.6865s
	iters: 300, epoch: 2 | loss: 0.2525054
	speed: 0.0078s/iter; time left: 89.1109s
	iters: 400, epoch: 2 | loss: 0.8342345
	speed: 0.0076s/iter; time left: 86.6903s
	iters: 500, epoch: 2 | loss: 0.4024692
	speed: 0.0077s/iter; time left: 86.6568s
	iters: 600, epoch: 2 | loss: 0.3268383
	speed: 0.0075s/iter; time left: 83.7107s
	iters: 700, epoch: 2 | loss: 0.3028426
	speed: 0.0078s/iter; time left: 86.4575s
	iters: 800, epoch: 2 | loss: 0.7120265
	speed: 0.0078s/iter; time left: 85.1714s
	iters: 900, epoch: 2 | loss: 0.2161327
	speed: 0.0079s/iter; time left: 85.9361s
	iters: 1000, epoch: 2 | loss: 0.1068991
	speed: 0.0077s/iter; time left: 83.4055s
	iters: 1100, epoch: 2 | loss: 0.2504906
	speed: 0.0076s/iter; time left: 81.1267s
	iters: 1200, epoch: 2 | loss: 0.2875595
	speed: 0.0076s/iter; time left: 79.9863s
	iters: 1300, epoch: 2 | loss: 0.3346325
	speed: 0.0077s/iter; time left: 80.8408s
Epoch: 2 cost time: 10.4 seconds
Epoch: 2, Steps: 1309 | Train Loss: 0.2846324 Vali Loss: 5.1914368 Test Loss: 6.1823597
Validation loss decreased (5.583671 --> 5.191437).  Saving model ...
Updating learning rate to 0.00025
	iters: 100, epoch: 3 | loss: 0.1138616
	speed: 0.0428s/iter; time left: 443.4705s
	iters: 200, epoch: 3 | loss: 0.2456228
	speed: 0.0073s/iter; time left: 74.8515s
	iters: 300, epoch: 3 | loss: 0.3733079
	speed: 0.0076s/iter; time left: 77.6567s
	iters: 400, epoch: 3 | loss: 0.1926928
	speed: 0.0071s/iter; time left: 71.9438s
	iters: 500, epoch: 3 | loss: 0.2154268
	speed: 0.0073s/iter; time left: 72.9224s
	iters: 600, epoch: 3 | loss: 0.3772690
	speed: 0.0074s/iter; time left: 73.2505s
	iters: 700, epoch: 3 | loss: 0.2009586
	speed: 0.0074s/iter; time left: 71.9239s
	iters: 800, epoch: 3 | loss: 0.1808041
	speed: 0.0078s/iter; time left: 75.2463s
	iters: 900, epoch: 3 | loss: 0.3445370
	speed: 0.0071s/iter; time left: 68.2337s
	iters: 1000, epoch: 3 | loss: 0.2058057
	speed: 0.0076s/iter; time left: 71.9270s
	iters: 1100, epoch: 3 | loss: 0.1274975
	speed: 0.0073s/iter; time left: 68.7365s
	iters: 1200, epoch: 3 | loss: 0.1800146
	speed: 0.0070s/iter; time left: 65.2766s
	iters: 1300, epoch: 3 | loss: 0.1902882
	speed: 0.0072s/iter; time left: 65.7397s
Epoch: 3 cost time: 9.9 seconds
Epoch: 3, Steps: 1309 | Train Loss: 0.2711061 Vali Loss: 4.7466474 Test Loss: 5.8458791
Validation loss decreased (5.191437 --> 4.746647).  Saving model ...
Updating learning rate to 0.000125
	iters: 100, epoch: 4 | loss: 0.1174323
	speed: 0.0421s/iter; time left: 381.3745s
	iters: 200, epoch: 4 | loss: 0.1819142
	speed: 0.0071s/iter; time left: 64.0015s
	iters: 300, epoch: 4 | loss: 0.0960758
	speed: 0.0070s/iter; time left: 62.3216s
	iters: 400, epoch: 4 | loss: 0.1867951
	speed: 0.0066s/iter; time left: 57.5211s
	iters: 500, epoch: 4 | loss: 0.5332052
	speed: 0.0074s/iter; time left: 63.7882s
	iters: 600, epoch: 4 | loss: 0.1566671
	speed: 0.0070s/iter; time left: 59.9888s
	iters: 700, epoch: 4 | loss: 0.1618422
	speed: 0.0072s/iter; time left: 60.7507s
	iters: 800, epoch: 4 | loss: 0.5998427
	speed: 0.0073s/iter; time left: 61.2662s
	iters: 900, epoch: 4 | loss: 0.1914512
	speed: 0.0073s/iter; time left: 60.7230s
	iters: 1000, epoch: 4 | loss: 0.2991497
	speed: 0.0074s/iter; time left: 60.3173s
	iters: 1100, epoch: 4 | loss: 0.2246299
	speed: 0.0072s/iter; time left: 57.7795s
	iters: 1200, epoch: 4 | loss: 0.3829299
	speed: 0.0070s/iter; time left: 55.6284s
	iters: 1300, epoch: 4 | loss: 0.1376842
	speed: 0.0070s/iter; time left: 55.4104s
Epoch: 4 cost time: 9.6 seconds
Epoch: 4, Steps: 1309 | Train Loss: 0.2660317 Vali Loss: 5.8706217 Test Loss: 6.4843278
EarlyStopping counter: 1 out of 3
Updating learning rate to 6.25e-05
	iters: 100, epoch: 5 | loss: 0.2032894
	speed: 0.0411s/iter; time left: 318.7256s
	iters: 200, epoch: 5 | loss: 0.1034350
	speed: 0.0070s/iter; time left: 53.3974s
	iters: 300, epoch: 5 | loss: 0.1653382
	speed: 0.0068s/iter; time left: 51.5650s
	iters: 400, epoch: 5 | loss: 0.3327761
	speed: 0.0067s/iter; time left: 49.8100s
	iters: 500, epoch: 5 | loss: 0.2570274
	speed: 0.0068s/iter; time left: 49.8830s
	iters: 600, epoch: 5 | loss: 0.2939561
	speed: 0.0067s/iter; time left: 48.7562s
	iters: 700, epoch: 5 | loss: 0.1800374
	speed: 0.0066s/iter; time left: 47.4563s
	iters: 800, epoch: 5 | loss: 0.3600481
	speed: 0.0067s/iter; time left: 47.4830s
	iters: 900, epoch: 5 | loss: 0.5394418
	speed: 0.0067s/iter; time left: 46.6678s
	iters: 1000, epoch: 5 | loss: 0.2206043
	speed: 0.0068s/iter; time left: 46.7769s
	iters: 1100, epoch: 5 | loss: 0.1984480
	speed: 0.0074s/iter; time left: 49.8317s
	iters: 1200, epoch: 5 | loss: 0.2010283
	speed: 0.0070s/iter; time left: 46.4223s
	iters: 1300, epoch: 5 | loss: 0.2072338
	speed: 0.0069s/iter; time left: 45.5173s
Epoch: 5 cost time: 9.4 seconds
Epoch: 5, Steps: 1309 | Train Loss: 0.2627421 Vali Loss: 4.8009701 Test Loss: 5.7836552
EarlyStopping counter: 2 out of 3
Updating learning rate to 3.125e-05
	iters: 100, epoch: 6 | loss: 0.3895339
	speed: 0.0439s/iter; time left: 282.8347s
	iters: 200, epoch: 6 | loss: 0.3372971
	speed: 0.0074s/iter; time left: 46.8314s
	iters: 300, epoch: 6 | loss: 0.1590458
	speed: 0.0070s/iter; time left: 43.5520s
	iters: 400, epoch: 6 | loss: 0.1753593
	speed: 0.0069s/iter; time left: 42.2717s
	iters: 500, epoch: 6 | loss: 0.3371795
	speed: 0.0072s/iter; time left: 43.3787s
	iters: 600, epoch: 6 | loss: 0.4001559
	speed: 0.0072s/iter; time left: 42.8235s
	iters: 700, epoch: 6 | loss: 0.4275071
	speed: 0.0070s/iter; time left: 40.9957s
	iters: 800, epoch: 6 | loss: 0.3231443
	speed: 0.0074s/iter; time left: 42.2656s
	iters: 900, epoch: 6 | loss: 0.1543327
	speed: 0.0071s/iter; time left: 39.8188s
	iters: 1000, epoch: 6 | loss: 0.2121999
	speed: 0.0069s/iter; time left: 38.0030s
	iters: 1100, epoch: 6 | loss: 0.2912748
	speed: 0.0071s/iter; time left: 38.6358s
	iters: 1200, epoch: 6 | loss: 0.2721776
	speed: 0.0067s/iter; time left: 36.0157s
	iters: 1300, epoch: 6 | loss: 0.2180806
	speed: 0.0078s/iter; time left: 40.9223s
Epoch: 6 cost time: 9.7 seconds
Epoch: 6, Steps: 1309 | Train Loss: 0.2610141 Vali Loss: 5.0536337 Test Loss: 5.9178925
EarlyStopping counter: 3 out of 3
Early stopping
>>>>>>>testing : FITS_DLinear_MRO_336_192_M_channels_6_FITS_DLinear_M_channels_6<<<<<<<<<<<<<<<<<<<<<<<<<<<<<<<<<
test 2953
FITS_DLinear_MRO_336_192_M_channels_6_FITS_DLinear_M_channels_6
Shapes: pred (2952, 192, 6), true (2952, 192, 6), naive_pred (2952, 192, 6)
Shapes: gt (369, 528), pd (369, 528), naive_pd (369, 528)
Final Metrics:
FITS_DLinear MSE: 5.845879   MAE: 1.698446   SE: 9.675530   RRMSE: 0.417752   RMAE: 0.293458   (numpy)
FITS_DLinear MSE: 5.845879   MAE: 1.698447   SE: 9.675531   RRMSE: 0.417752   RMAE: 0.293458   (torch)

Repeat       MSE: 6.562253   MAE: 1.653275   SE: 10.663110  RRMSE: 0.442609   RMAE: 0.285653   (numpy)
Repeat       MSE: 6.562253   MAE: 1.653276   SE: 10.663110  RRMSE: 0.442609   RMAE: 0.285653   (torch)


Model(
  (decomposition): SeriesDecomp(
    (moving_avg): MovingAvg(
      (avg): AvgPool1d(kernel_size=(25,), stride=(1,), padding=(0,))
    )
  )
  (fits): FITS(
    (frequency_upsampler): Linear(in_features=168, out_features=264, bias=True)
  )
  (Linear_Seasonal): Linear(in_features=528, out_features=192, bias=True)
  (Linear_Trend): Linear(in_features=336, out_features=192, bias=True)
)
