Args in experiment:
Namespace(is_training=1, model_id='FITS_100_exchange_rate_336_720_M_channels_7', model='FITS_100', data='custom', root_path='./dataset/', data_path='exchange_rate.csv', features='M', target='OT', freq='h', checkpoints='./checkpoints/', seq_len=336, label_len=48, pred_len=720, individual=False, embed_type=0, enc_in=7, dec_in=7, c_out=7, d_model=512, n_heads=8, e_layers=2, d_layers=1, d_ff=2048, moving_avg=25, factor=1, distil=True, dropout=0.05, embed='timeF', activation='gelu', output_attention=False, do_predict=False, num_workers=10, itr=1, train_epochs=10, batch_size=8, patience=3, learning_rate=0.0005, des='Exp', loss='mse', lradj='type1', use_amp=False, use_gpu=True, gpu=0, use_multi_gpu=False, devices='0,1,2,3', test_flop=False)
FITS_100_exchange_rate_336_720_M_channels_7_FITS_100_M_channels_7
Using GPU: NVIDIA GeForce RTX 4070 (cuda:0):
>>>>>>>start training : FITS_100_exchange_rate_336_720_M_channels_7_FITS_100_M_channels_7>>>>>>>>>>>>>>>>>>>>>>>>>>
train 4256
val 41
test 798
	iters: 100, epoch: 1 | loss: 1.1156772
	speed: 0.0207s/iter; time left: 108.0117s
	iters: 200, epoch: 1 | loss: 0.8176261
	speed: 0.0059s/iter; time left: 29.9717s
	iters: 300, epoch: 1 | loss: 0.8048428
	speed: 0.0058s/iter; time left: 29.2867s
	iters: 400, epoch: 1 | loss: 0.8423058
	speed: 0.0060s/iter; time left: 29.7159s
	iters: 500, epoch: 1 | loss: 0.9912010
	speed: 0.0063s/iter; time left: 30.5029s
Epoch: 1 cost time: 4.3 seconds
Epoch: 1, Steps: 532 | Train Loss: 0.9512845 Vali Loss: 1.0505317 Test Loss: 0.9202768
Validation loss decreased (inf --> 1.050532).  Saving model ...
Updating learning rate to 0.0005
	iters: 100, epoch: 2 | loss: 0.6076192
	speed: 0.0231s/iter; time left: 108.1637s
	iters: 200, epoch: 2 | loss: 1.0208135
	speed: 0.0061s/iter; time left: 28.0779s
	iters: 300, epoch: 2 | loss: 0.6286260
	speed: 0.0065s/iter; time left: 29.1567s
	iters: 400, epoch: 2 | loss: 1.0619550
	speed: 0.0065s/iter; time left: 28.5111s
	iters: 500, epoch: 2 | loss: 0.9285001
	speed: 0.0068s/iter; time left: 29.0181s
Epoch: 2 cost time: 3.7 seconds
Epoch: 2, Steps: 532 | Train Loss: 0.8659325 Vali Loss: 1.0807841 Test Loss: 0.8825395
EarlyStopping counter: 1 out of 3
Updating learning rate to 0.00025
	iters: 100, epoch: 3 | loss: 1.0135739
	speed: 0.0255s/iter; time left: 105.8237s
	iters: 200, epoch: 3 | loss: 1.0998991
	speed: 0.0078s/iter; time left: 31.7326s
	iters: 300, epoch: 3 | loss: 0.9198658
	speed: 0.0077s/iter; time left: 30.6014s
	iters: 400, epoch: 3 | loss: 0.8067351
	speed: 0.0070s/iter; time left: 26.9807s
	iters: 500, epoch: 3 | loss: 0.9317098
	speed: 0.0070s/iter; time left: 26.1207s
Epoch: 3 cost time: 4.3 seconds
Epoch: 3, Steps: 532 | Train Loss: 0.8544224 Vali Loss: 1.0988957 Test Loss: 0.8771147
EarlyStopping counter: 2 out of 3
Updating learning rate to 0.000125
	iters: 100, epoch: 4 | loss: 0.8736989
	speed: 0.0253s/iter; time left: 91.6093s
	iters: 200, epoch: 4 | loss: 0.8319547
	speed: 0.0079s/iter; time left: 27.7224s
	iters: 300, epoch: 4 | loss: 0.9272207
	speed: 0.0063s/iter; time left: 21.4262s
	iters: 400, epoch: 4 | loss: 0.6467207
	speed: 0.0070s/iter; time left: 23.1278s
	iters: 500, epoch: 4 | loss: 0.6458967
	speed: 0.0074s/iter; time left: 23.9180s
Epoch: 4 cost time: 4.2 seconds
Epoch: 4, Steps: 532 | Train Loss: 0.8503774 Vali Loss: 1.1123966 Test Loss: 0.8741584
EarlyStopping counter: 3 out of 3
Early stopping
>>>>>>>testing : FITS_100_exchange_rate_336_720_M_channels_7_FITS_100_M_channels_7<<<<<<<<<<<<<<<<<<<<<<<<<<<<<<<<<
test 798
FITS_100_exchange_rate_336_720_M_channels_7_FITS_100_M_channels_7
Shapes: pred (792, 720, 8), true (792, 720, 8), naive_pred (792, 720, 8)
Shapes: gt (99, 1056), pd (99, 1056), naive_pd (99, 1056)
Final Metrics:
FITS_100     MSE: 0.920277   MAE: 0.735495   SE: 1.936683   RRMSE: 0.675886   RMAE: 0.518196   (numpy)
FITS_100     MSE: 0.920277   MAE: 0.735495   SE: 1.936683   RRMSE: 0.675886   RMAE: 0.518196   (torch)

Repeat       MSE: 0.812772   MAE: 0.677462   SE: 1.780517   RRMSE: 0.635183   RMAE: 0.477309   (numpy)
Repeat       MSE: 0.812772   MAE: 0.677462   SE: 1.780517   RRMSE: 0.635183   RMAE: 0.477309   (torch)

