Args in experiment:
Namespace(is_training=1, model_id='FITS_MRO_336_192_M_channels_6', model='FITS', data='custom', root_path='./dataset/', data_path='MRO.csv', features='M', target='Adj Close', freq='h', checkpoints='./checkpoints/', seq_len=336, label_len=48, pred_len=192, individual=False, embed_type=0, enc_in=6, dec_in=7, c_out=7, d_model=512, n_heads=8, e_layers=2, d_layers=1, d_ff=2048, moving_avg=25, factor=1, distil=True, dropout=0.05, embed='timeF', activation='gelu', output_attention=False, do_predict=False, num_workers=10, itr=1, train_epochs=10, batch_size=8, patience=3, learning_rate=0.0005, des='Exp', loss='mse', lradj='type1', use_amp=False, use_gpu=True, gpu=0, use_multi_gpu=False, devices='0,1,2,3', test_flop=False)
FITS_MRO_336_192_M_channels_6_FITS_M_channels_6
Using GPU: NVIDIA GeForce RTX 4070 (cuda:0):
>>>>>>>start training : FITS_MRO_336_192_M_channels_6_FITS_M_channels_6>>>>>>>>>>>>>>>>>>>>>>>>>>
train 10479
val 1383
test 2953
	iters: 100, epoch: 1 | loss: 0.1800974
	speed: 0.0196s/iter; time left: 253.9769s
	iters: 200, epoch: 1 | loss: 0.2763223
	speed: 0.0053s/iter; time left: 68.8929s
	iters: 300, epoch: 1 | loss: 0.4626798
	speed: 0.0052s/iter; time left: 66.0526s
	iters: 400, epoch: 1 | loss: 0.2912335
	speed: 0.0052s/iter; time left: 66.3301s
	iters: 500, epoch: 1 | loss: 0.5540965
	speed: 0.0052s/iter; time left: 65.4007s
	iters: 600, epoch: 1 | loss: 0.2098068
	speed: 0.0051s/iter; time left: 63.4582s
	iters: 700, epoch: 1 | loss: 0.2870694
	speed: 0.0054s/iter; time left: 66.4291s
	iters: 800, epoch: 1 | loss: 0.1085982
	speed: 0.0053s/iter; time left: 64.7949s
	iters: 900, epoch: 1 | loss: 0.4976656
	speed: 0.0054s/iter; time left: 65.8396s
	iters: 1000, epoch: 1 | loss: 0.2103234
	speed: 0.0054s/iter; time left: 65.2882s
	iters: 1100, epoch: 1 | loss: 0.1675682
	speed: 0.0055s/iter; time left: 66.1870s
	iters: 1200, epoch: 1 | loss: 0.5008047
	speed: 0.0057s/iter; time left: 67.9090s
	iters: 1300, epoch: 1 | loss: 0.5951490
	speed: 0.0057s/iter; time left: 67.3000s
Epoch: 1 cost time: 8.1 seconds
Epoch: 1, Steps: 1309 | Train Loss: 0.3469161 Vali Loss: 5.3495965 Test Loss: 6.6437492
Validation loss decreased (inf --> 5.349597).  Saving model ...
Updating learning rate to 0.0005
	iters: 100, epoch: 2 | loss: 0.3853799
	speed: 0.0422s/iter; time left: 492.8631s
	iters: 200, epoch: 2 | loss: 0.2059995
	speed: 0.0061s/iter; time left: 70.1986s
	iters: 300, epoch: 2 | loss: 0.2351557
	speed: 0.0061s/iter; time left: 69.4769s
	iters: 400, epoch: 2 | loss: 0.4368300
	speed: 0.0059s/iter; time left: 67.6662s
	iters: 500, epoch: 2 | loss: 0.3160380
	speed: 0.0061s/iter; time left: 68.5021s
	iters: 600, epoch: 2 | loss: 0.4906320
	speed: 0.0061s/iter; time left: 68.5358s
	iters: 700, epoch: 2 | loss: 0.2223551
	speed: 0.0062s/iter; time left: 68.4988s
	iters: 800, epoch: 2 | loss: 0.2595129
	speed: 0.0061s/iter; time left: 66.8788s
	iters: 900, epoch: 2 | loss: 0.3554354
	speed: 0.0061s/iter; time left: 66.2581s
	iters: 1000, epoch: 2 | loss: 0.6804850
	speed: 0.0061s/iter; time left: 65.8267s
	iters: 1100, epoch: 2 | loss: 0.2215905
	speed: 0.0061s/iter; time left: 65.5652s
	iters: 1200, epoch: 2 | loss: 0.1674235
	speed: 0.0059s/iter; time left: 62.8023s
	iters: 1300, epoch: 2 | loss: 0.2056922
	speed: 0.0060s/iter; time left: 62.8651s
Epoch: 2 cost time: 8.3 seconds
Epoch: 2, Steps: 1309 | Train Loss: 0.2961055 Vali Loss: 4.9704280 Test Loss: 6.2883692
Validation loss decreased (5.349597 --> 4.970428).  Saving model ...
Updating learning rate to 0.00025
	iters: 100, epoch: 3 | loss: 0.3148330
	speed: 0.0430s/iter; time left: 446.4562s
	iters: 200, epoch: 3 | loss: 0.2685278
	speed: 0.0062s/iter; time left: 64.1344s
	iters: 300, epoch: 3 | loss: 0.3262862
	speed: 0.0059s/iter; time left: 59.7338s
	iters: 400, epoch: 3 | loss: 0.1937803
	speed: 0.0059s/iter; time left: 59.9311s
	iters: 500, epoch: 3 | loss: 0.2247361
	speed: 0.0063s/iter; time left: 63.1740s
	iters: 600, epoch: 3 | loss: 0.3240677
	speed: 0.0059s/iter; time left: 58.6309s
	iters: 700, epoch: 3 | loss: 0.2373782
	speed: 0.0060s/iter; time left: 58.6715s
	iters: 800, epoch: 3 | loss: 0.1856462
	speed: 0.0060s/iter; time left: 57.6297s
	iters: 900, epoch: 3 | loss: 0.3065583
	speed: 0.0060s/iter; time left: 57.4682s
	iters: 1000, epoch: 3 | loss: 0.1266247
	speed: 0.0059s/iter; time left: 55.7012s
	iters: 1100, epoch: 3 | loss: 0.2021149
	speed: 0.0060s/iter; time left: 55.9259s
	iters: 1200, epoch: 3 | loss: 0.2182046
	speed: 0.0059s/iter; time left: 54.4736s
	iters: 1300, epoch: 3 | loss: 0.4054423
	speed: 0.0060s/iter; time left: 55.3327s
Epoch: 3 cost time: 8.2 seconds
Epoch: 3, Steps: 1309 | Train Loss: 0.2877067 Vali Loss: 4.8971095 Test Loss: 6.2048240
Validation loss decreased (4.970428 --> 4.897110).  Saving model ...
Updating learning rate to 0.000125
	iters: 100, epoch: 4 | loss: 0.1462257
	speed: 0.0441s/iter; time left: 400.1680s
	iters: 200, epoch: 4 | loss: 0.2341935
	speed: 0.0058s/iter; time left: 51.8729s
	iters: 300, epoch: 4 | loss: 0.5233839
	speed: 0.0057s/iter; time left: 50.7203s
	iters: 400, epoch: 4 | loss: 0.1179505
	speed: 0.0057s/iter; time left: 50.0075s
	iters: 500, epoch: 4 | loss: 0.3821399
	speed: 0.0057s/iter; time left: 49.2984s
	iters: 600, epoch: 4 | loss: 0.2597614
	speed: 0.0059s/iter; time left: 50.1544s
	iters: 700, epoch: 4 | loss: 0.1904487
	speed: 0.0060s/iter; time left: 51.0999s
	iters: 800, epoch: 4 | loss: 0.5228856
	speed: 0.0061s/iter; time left: 50.8445s
	iters: 900, epoch: 4 | loss: 0.7407960
	speed: 0.0061s/iter; time left: 50.6858s
	iters: 1000, epoch: 4 | loss: 0.3938311
	speed: 0.0060s/iter; time left: 48.6227s
	iters: 1100, epoch: 4 | loss: 0.3940699
	speed: 0.0059s/iter; time left: 47.8776s
	iters: 1200, epoch: 4 | loss: 0.3140523
	speed: 0.0059s/iter; time left: 46.8854s
	iters: 1300, epoch: 4 | loss: 0.3447512
	speed: 0.0059s/iter; time left: 46.0852s
Epoch: 4 cost time: 8.0 seconds
Epoch: 4, Steps: 1309 | Train Loss: 0.2853889 Vali Loss: 4.8581300 Test Loss: 6.1788645
Validation loss decreased (4.897110 --> 4.858130).  Saving model ...
Updating learning rate to 6.25e-05
	iters: 100, epoch: 5 | loss: 0.3482367
	speed: 0.0445s/iter; time left: 344.9816s
	iters: 200, epoch: 5 | loss: 0.3128748
	speed: 0.0060s/iter; time left: 46.1871s
	iters: 300, epoch: 5 | loss: 0.1980100
	speed: 0.0061s/iter; time left: 45.9442s
	iters: 400, epoch: 5 | loss: 0.4195412
	speed: 0.0060s/iter; time left: 44.6082s
	iters: 500, epoch: 5 | loss: 0.5444925
	speed: 0.0058s/iter; time left: 42.6388s
	iters: 600, epoch: 5 | loss: 0.1507569
	speed: 0.0059s/iter; time left: 42.8369s
	iters: 700, epoch: 5 | loss: 0.4348007
	speed: 0.0062s/iter; time left: 44.2845s
	iters: 800, epoch: 5 | loss: 0.4875779
	speed: 0.0061s/iter; time left: 42.7859s
	iters: 900, epoch: 5 | loss: 0.1726042
	speed: 0.0060s/iter; time left: 41.7243s
	iters: 1000, epoch: 5 | loss: 0.1711767
	speed: 0.0064s/iter; time left: 44.0115s
	iters: 1100, epoch: 5 | loss: 0.2359525
	speed: 0.0063s/iter; time left: 42.7028s
	iters: 1200, epoch: 5 | loss: 0.1239606
	speed: 0.0067s/iter; time left: 44.3895s
	iters: 1300, epoch: 5 | loss: 0.5506682
	speed: 0.0060s/iter; time left: 39.6277s
Epoch: 5 cost time: 8.3 seconds
Epoch: 5, Steps: 1309 | Train Loss: 0.2843324 Vali Loss: 4.8262706 Test Loss: 6.1676803
Validation loss decreased (4.858130 --> 4.826271).  Saving model ...
Updating learning rate to 3.125e-05
	iters: 100, epoch: 6 | loss: 0.3219583
	speed: 0.0448s/iter; time left: 288.9617s
	iters: 200, epoch: 6 | loss: 0.3376354
	speed: 0.0063s/iter; time left: 40.0924s
	iters: 300, epoch: 6 | loss: 0.2380619
	speed: 0.0061s/iter; time left: 37.9067s
	iters: 400, epoch: 6 | loss: 0.2572638
	speed: 0.0061s/iter; time left: 37.5199s
	iters: 500, epoch: 6 | loss: 0.4212327
	speed: 0.0061s/iter; time left: 36.7771s
	iters: 600, epoch: 6 | loss: 0.1755890
	speed: 0.0062s/iter; time left: 36.8143s
	iters: 700, epoch: 6 | loss: 0.3506996
	speed: 0.0060s/iter; time left: 35.3138s
	iters: 800, epoch: 6 | loss: 0.4416770
	speed: 0.0062s/iter; time left: 35.3881s
	iters: 900, epoch: 6 | loss: 0.1662633
	speed: 0.0060s/iter; time left: 33.8749s
	iters: 1000, epoch: 6 | loss: 0.1516818
	speed: 0.0061s/iter; time left: 33.6075s
	iters: 1100, epoch: 6 | loss: 0.3209808
	speed: 0.0061s/iter; time left: 32.9880s
	iters: 1200, epoch: 6 | loss: 0.1872781
	speed: 0.0060s/iter; time left: 32.1032s
	iters: 1300, epoch: 6 | loss: 0.2396160
	speed: 0.0060s/iter; time left: 31.3560s
Epoch: 6 cost time: 8.4 seconds
Epoch: 6, Steps: 1309 | Train Loss: 0.2841030 Vali Loss: 4.8471799 Test Loss: 6.1628132
EarlyStopping counter: 1 out of 3
Updating learning rate to 1.5625e-05
	iters: 100, epoch: 7 | loss: 0.2420974
	speed: 0.0441s/iter; time left: 226.7467s
	iters: 200, epoch: 7 | loss: 0.3928567
	speed: 0.0062s/iter; time left: 31.2179s
	iters: 300, epoch: 7 | loss: 0.4005490
	speed: 0.0062s/iter; time left: 30.4499s
	iters: 400, epoch: 7 | loss: 0.1629448
	speed: 0.0061s/iter; time left: 29.3596s
	iters: 500, epoch: 7 | loss: 0.1902046
	speed: 0.0062s/iter; time left: 29.5016s
	iters: 600, epoch: 7 | loss: 0.3787139
	speed: 0.0061s/iter; time left: 28.3174s
	iters: 700, epoch: 7 | loss: 0.6296405
	speed: 0.0061s/iter; time left: 27.5355s
	iters: 800, epoch: 7 | loss: 0.0713683
	speed: 0.0060s/iter; time left: 26.8029s
	iters: 900, epoch: 7 | loss: 0.3759431
	speed: 0.0062s/iter; time left: 26.8296s
	iters: 1000, epoch: 7 | loss: 0.2494963
	speed: 0.0061s/iter; time left: 25.6348s
	iters: 1100, epoch: 7 | loss: 0.5229762
	speed: 0.0060s/iter; time left: 24.8942s
	iters: 1200, epoch: 7 | loss: 0.4890330
	speed: 0.0059s/iter; time left: 23.6775s
	iters: 1300, epoch: 7 | loss: 0.3104456
	speed: 0.0059s/iter; time left: 23.3979s
Epoch: 7 cost time: 8.3 seconds
Epoch: 7, Steps: 1309 | Train Loss: 0.2838694 Vali Loss: 4.8444214 Test Loss: 6.1606169
EarlyStopping counter: 2 out of 3
Updating learning rate to 7.8125e-06
	iters: 100, epoch: 8 | loss: 0.1570777
	speed: 0.0437s/iter; time left: 167.2633s
	iters: 200, epoch: 8 | loss: 0.3662945
	speed: 0.0063s/iter; time left: 23.3342s
	iters: 300, epoch: 8 | loss: 0.1434206
	speed: 0.0064s/iter; time left: 23.1579s
	iters: 400, epoch: 8 | loss: 0.2861531
	speed: 0.0063s/iter; time left: 22.1806s
	iters: 500, epoch: 8 | loss: 0.3774886
	speed: 0.0064s/iter; time left: 21.9586s
	iters: 600, epoch: 8 | loss: 0.3275875
	speed: 0.0062s/iter; time left: 20.5276s
	iters: 700, epoch: 8 | loss: 0.1883368
	speed: 0.0059s/iter; time left: 19.1765s
	iters: 800, epoch: 8 | loss: 0.5134576
	speed: 0.0061s/iter; time left: 19.1919s
	iters: 900, epoch: 8 | loss: 0.2564945
	speed: 0.0061s/iter; time left: 18.3343s
	iters: 1000, epoch: 8 | loss: 0.3309807
	speed: 0.0058s/iter; time left: 16.8514s
	iters: 1100, epoch: 8 | loss: 0.4552574
	speed: 0.0061s/iter; time left: 17.2570s
	iters: 1200, epoch: 8 | loss: 0.4381420
	speed: 0.0059s/iter; time left: 16.1922s
	iters: 1300, epoch: 8 | loss: 0.2937049
	speed: 0.0060s/iter; time left: 15.7652s
Epoch: 8 cost time: 8.3 seconds
Epoch: 8, Steps: 1309 | Train Loss: 0.2836828 Vali Loss: 4.8469863 Test Loss: 6.1594853
EarlyStopping counter: 3 out of 3
Early stopping
>>>>>>>testing : FITS_MRO_336_192_M_channels_6_FITS_M_channels_6<<<<<<<<<<<<<<<<<<<<<<<<<<<<<<<<<
test 2953
FITS_MRO_336_192_M_channels_6_FITS_M_channels_6
Shapes: pred (2952, 192, 6), true (2952, 192, 6), naive_pred (2952, 192, 6)
Shapes: gt (369, 528), pd (369, 528), naive_pd (369, 528)
Final Metrics:
FITS_10         MSE: 6.167682   MAE: 1.747191   SE: 10.848748  RRMSE: 0.429096   RMAE: 0.301880   (numpy)
FITS_10         MSE: 6.167680   MAE: 1.747192   SE: 10.848748  RRMSE: 0.429096   RMAE: 0.301880   (torch)

Repeat       MSE: 6.562253   MAE: 1.653275   SE: 10.663110  RRMSE: 0.442609   RMAE: 0.285653   (numpy)
Repeat       MSE: 6.562253   MAE: 1.653276   SE: 10.663110  RRMSE: 0.442609   RMAE: 0.285653   (torch)

