Args in experiment:
Namespace(is_training=1, model_id='FITS_exchange_rate_336_192_M_channels_7', model='FITS', data='custom', root_path='./dataset/', data_path='exchange_rate.csv', features='M', target='OT', freq='h', checkpoints='./checkpoints/', seq_len=336, label_len=48, pred_len=192, individual=False, embed_type=0, enc_in=7, dec_in=7, c_out=7, d_model=512, n_heads=8, e_layers=2, d_layers=1, d_ff=2048, moving_avg=25, factor=1, distil=True, dropout=0.05, embed='timeF', activation='gelu', output_attention=False, do_predict=False, num_workers=10, itr=1, train_epochs=10, batch_size=8, patience=3, learning_rate=0.0005, des='Exp', loss='mse', lradj='type1', use_amp=False, use_gpu=True, gpu=0, use_multi_gpu=False, devices='0,1,2,3', test_flop=False)
FITS_exchange_rate_336_192_M_channels_7_FITS_M_channels_7
Using GPU: NVIDIA GeForce RTX 4070 (cuda:0):
>>>>>>>start training : FITS_exchange_rate_336_192_M_channels_7_FITS_M_channels_7>>>>>>>>>>>>>>>>>>>>>>>>>>
train 4784
val 569
test 1326
	iters: 100, epoch: 1 | loss: 0.6511930
	speed: 0.0201s/iter; time left: 118.4103s
	iters: 200, epoch: 1 | loss: 0.4526008
	speed: 0.0054s/iter; time left: 31.4613s
	iters: 300, epoch: 1 | loss: 0.4354726
	speed: 0.0050s/iter; time left: 28.5674s
	iters: 400, epoch: 1 | loss: 0.2343380
	speed: 0.0049s/iter; time left: 27.5112s
	iters: 500, epoch: 1 | loss: 0.2237079
	speed: 0.0050s/iter; time left: 27.6371s
Epoch: 1 cost time: 4.2 seconds
Epoch: 1, Steps: 598 | Train Loss: 0.3906940 Vali Loss: 0.2907673 Test Loss: 0.2322087
Validation loss decreased (inf --> 0.290767).  Saving model ...
Updating learning rate to 0.0005
	iters: 100, epoch: 2 | loss: 0.2332522
	speed: 0.0311s/iter; time left: 164.0515s
	iters: 200, epoch: 2 | loss: 0.2192868
	speed: 0.0055s/iter; time left: 28.5088s
	iters: 300, epoch: 2 | loss: 0.3238699
	speed: 0.0055s/iter; time left: 27.9622s
	iters: 400, epoch: 2 | loss: 0.3392851
	speed: 0.0063s/iter; time left: 31.2004s
	iters: 500, epoch: 2 | loss: 0.2490987
	speed: 0.0063s/iter; time left: 30.8716s
Epoch: 2 cost time: 3.8 seconds
Epoch: 2, Steps: 598 | Train Loss: 0.3077097 Vali Loss: 0.2676919 Test Loss: 0.2078843
Validation loss decreased (0.290767 --> 0.267692).  Saving model ...
Updating learning rate to 0.00025
	iters: 100, epoch: 3 | loss: 0.2263316
	speed: 0.0349s/iter; time left: 163.2785s
	iters: 200, epoch: 3 | loss: 0.2014893
	speed: 0.0069s/iter; time left: 31.4781s
	iters: 300, epoch: 3 | loss: 0.3190356
	speed: 0.0066s/iter; time left: 29.6382s
	iters: 400, epoch: 3 | loss: 0.2373106
	speed: 0.0064s/iter; time left: 28.1108s
	iters: 500, epoch: 3 | loss: 0.2334484
	speed: 0.0070s/iter; time left: 29.9169s
Epoch: 3 cost time: 4.3 seconds
Epoch: 3, Steps: 598 | Train Loss: 0.2920203 Vali Loss: 0.2632869 Test Loss: 0.2030320
Validation loss decreased (0.267692 --> 0.263287).  Saving model ...
Updating learning rate to 0.000125
	iters: 100, epoch: 4 | loss: 0.2103578
	speed: 0.0333s/iter; time left: 136.1712s
	iters: 200, epoch: 4 | loss: 0.2847722
	speed: 0.0062s/iter; time left: 24.8501s
	iters: 300, epoch: 4 | loss: 0.1611919
	speed: 0.0062s/iter; time left: 24.2451s
	iters: 400, epoch: 4 | loss: 0.1808825
	speed: 0.0060s/iter; time left: 22.7130s
	iters: 500, epoch: 4 | loss: 0.3316518
	speed: 0.0060s/iter; time left: 22.0921s
Epoch: 4 cost time: 4.0 seconds
Epoch: 4, Steps: 598 | Train Loss: 0.2867411 Vali Loss: 0.2606783 Test Loss: 0.2006869
Validation loss decreased (0.263287 --> 0.260678).  Saving model ...
Updating learning rate to 6.25e-05
	iters: 100, epoch: 5 | loss: 0.1925571
	speed: 0.0357s/iter; time left: 124.5411s
	iters: 200, epoch: 5 | loss: 0.3039153
	speed: 0.0074s/iter; time left: 25.0828s
	iters: 300, epoch: 5 | loss: 0.1972209
	speed: 0.0074s/iter; time left: 24.4448s
	iters: 400, epoch: 5 | loss: 0.2243180
	speed: 0.0056s/iter; time left: 17.9762s
	iters: 500, epoch: 5 | loss: 0.1898556
	speed: 0.0056s/iter; time left: 17.2703s
Epoch: 5 cost time: 4.2 seconds
Epoch: 5, Steps: 598 | Train Loss: 0.2844806 Vali Loss: 0.2601612 Test Loss: 0.1996825
Validation loss decreased (0.260678 --> 0.260161).  Saving model ...
Updating learning rate to 3.125e-05
	iters: 100, epoch: 6 | loss: 0.2373091
	speed: 0.0296s/iter; time left: 85.4955s
	iters: 200, epoch: 6 | loss: 0.5893153
	speed: 0.0056s/iter; time left: 15.6222s
	iters: 300, epoch: 6 | loss: 0.2502388
	speed: 0.0056s/iter; time left: 15.1554s
	iters: 400, epoch: 6 | loss: 0.4608848
	speed: 0.0056s/iter; time left: 14.3943s
	iters: 500, epoch: 6 | loss: 0.1821415
	speed: 0.0051s/iter; time left: 12.7190s
Epoch: 6 cost time: 3.7 seconds
Epoch: 6, Steps: 598 | Train Loss: 0.2834138 Vali Loss: 0.2597842 Test Loss: 0.1991308
Validation loss decreased (0.260161 --> 0.259784).  Saving model ...
Updating learning rate to 1.5625e-05
	iters: 100, epoch: 7 | loss: 0.3347193
	speed: 0.0321s/iter; time left: 73.4957s
	iters: 200, epoch: 7 | loss: 0.2922812
	speed: 0.0059s/iter; time left: 12.9604s
	iters: 300, epoch: 7 | loss: 0.1771956
	speed: 0.0070s/iter; time left: 14.5797s
	iters: 400, epoch: 7 | loss: 0.2095227
	speed: 0.0067s/iter; time left: 13.2874s
	iters: 500, epoch: 7 | loss: 0.1904656
	speed: 0.0057s/iter; time left: 10.7746s
Epoch: 7 cost time: 3.9 seconds
Epoch: 7, Steps: 598 | Train Loss: 0.2828914 Vali Loss: 0.2589607 Test Loss: 0.1988666
Validation loss decreased (0.259784 --> 0.258961).  Saving model ...
Updating learning rate to 7.8125e-06
	iters: 100, epoch: 8 | loss: 0.2160242
	speed: 0.0328s/iter; time left: 55.6620s
	iters: 200, epoch: 8 | loss: 0.3652008
	speed: 0.0060s/iter; time left: 9.6248s
	iters: 300, epoch: 8 | loss: 0.2322508
	speed: 0.0055s/iter; time left: 8.2194s
	iters: 400, epoch: 8 | loss: 0.2809072
	speed: 0.0060s/iter; time left: 8.4071s
	iters: 500, epoch: 8 | loss: 0.4487475
	speed: 0.0058s/iter; time left: 7.4752s
Epoch: 8 cost time: 3.7 seconds
Epoch: 8, Steps: 598 | Train Loss: 0.2826325 Vali Loss: 0.2591246 Test Loss: 0.1987387
EarlyStopping counter: 1 out of 3
Updating learning rate to 3.90625e-06
	iters: 100, epoch: 9 | loss: 0.1635717
	speed: 0.0317s/iter; time left: 34.7211s
	iters: 200, epoch: 9 | loss: 0.2012434
	speed: 0.0065s/iter; time left: 6.4929s
	iters: 300, epoch: 9 | loss: 0.3226423
	speed: 0.0061s/iter; time left: 5.4406s
	iters: 400, epoch: 9 | loss: 0.2544419
	speed: 0.0055s/iter; time left: 4.4127s
	iters: 500, epoch: 9 | loss: 0.2890784
	speed: 0.0056s/iter; time left: 3.9115s
Epoch: 9 cost time: 3.9 seconds
Epoch: 9, Steps: 598 | Train Loss: 0.2825033 Vali Loss: 0.2591777 Test Loss: 0.1986734
EarlyStopping counter: 2 out of 3
Updating learning rate to 1.953125e-06
	iters: 100, epoch: 10 | loss: 0.3050046
	speed: 0.0328s/iter; time left: 16.3689s
	iters: 200, epoch: 10 | loss: 0.1858135
	speed: 0.0068s/iter; time left: 2.7196s
	iters: 300, epoch: 10 | loss: 0.2400818
	speed: 0.0061s/iter; time left: 1.8197s
	iters: 400, epoch: 10 | loss: 0.2654043
	speed: 0.0061s/iter; time left: 1.2096s
	iters: 500, epoch: 10 | loss: 0.2509748
	speed: 0.0056s/iter; time left: 0.5529s
Epoch: 10 cost time: 4.0 seconds
Epoch: 10, Steps: 598 | Train Loss: 0.2824390 Vali Loss: 0.2588691 Test Loss: 0.1986423
Validation loss decreased (0.258961 --> 0.258869).  Saving model ...
Updating learning rate to 9.765625e-07
>>>>>>>testing : FITS_exchange_rate_336_192_M_channels_7_FITS_M_channels_7<<<<<<<<<<<<<<<<<<<<<<<<<<<<<<<<<
test 1326
FITS_exchange_rate_336_192_M_channels_7_FITS_M_channels_7
Shapes: pred (1320, 192, 8), true (1320, 192, 8), naive_pred (1320, 192, 8)
Shapes: gt (165, 528), pd (165, 528), naive_pd (165, 528)
Final Metrics:
FITS_10         MSE: 0.198642   MAE: 0.324643   SE: 0.407718   RRMSE: 0.309873   RMAE: 0.225712   (numpy)
FITS_10         MSE: 0.198642   MAE: 0.324643   SE: 0.407718   RRMSE: 0.309873   RMAE: 0.225712   (torch)

Repeat       MSE: 0.166919   MAE: 0.288571   SE: 0.342343   RRMSE: 0.284054   RMAE: 0.200632   (numpy)
Repeat       MSE: 0.166919   MAE: 0.288571   SE: 0.342343   RRMSE: 0.284054   RMAE: 0.200632   (torch)

