Args in experiment:
Namespace(is_training=1, model_id='FITS_100_GD_336_336_M_channels_6', model='FITS_100', data='custom', root_path='./dataset/', data_path='GD.csv', features='M', target='Adj Close', freq='h', checkpoints='./checkpoints/', seq_len=336, label_len=48, pred_len=336, individual=False, embed_type=0, enc_in=6, dec_in=7, c_out=7, d_model=512, n_heads=8, e_layers=2, d_layers=1, d_ff=2048, moving_avg=25, factor=1, distil=True, dropout=0.05, embed='timeF', activation='gelu', output_attention=False, do_predict=False, num_workers=10, itr=1, train_epochs=10, batch_size=8, patience=3, learning_rate=0.0005, des='Exp', loss='mse', lradj='type1', use_amp=False, use_gpu=True, gpu=0, use_multi_gpu=False, devices='0,1,2,3', test_flop=False)
FITS_100_GD_336_336_M_channels_6_FITS_100_M_channels_6
Using GPU: NVIDIA GeForce RTX 4070 (cuda:0):
>>>>>>>start training : FITS_100_GD_336_336_M_channels_6_FITS_100_M_channels_6>>>>>>>>>>>>>>>>>>>>>>>>>>
train 10335
val 1239
test 2809
	iters: 100, epoch: 1 | loss: 0.2258454
	speed: 0.0184s/iter; time left: 236.2133s
	iters: 200, epoch: 1 | loss: 0.1617430
	speed: 0.0053s/iter; time left: 67.2546s
	iters: 300, epoch: 1 | loss: 0.1461563
	speed: 0.0051s/iter; time left: 64.0722s
	iters: 400, epoch: 1 | loss: 0.1346143
	speed: 0.0048s/iter; time left: 60.0700s
	iters: 500, epoch: 1 | loss: 0.2747153
	speed: 0.0051s/iter; time left: 63.6604s
	iters: 600, epoch: 1 | loss: 0.2067946
	speed: 0.0049s/iter; time left: 60.0293s
	iters: 700, epoch: 1 | loss: 0.2217031
	speed: 0.0048s/iter; time left: 58.1221s
	iters: 800, epoch: 1 | loss: 0.3032334
	speed: 0.0049s/iter; time left: 59.7974s
	iters: 900, epoch: 1 | loss: 0.1002391
	speed: 0.0048s/iter; time left: 57.6643s
	iters: 1000, epoch: 1 | loss: 0.1225028
	speed: 0.0048s/iter; time left: 57.6245s
	iters: 1100, epoch: 1 | loss: 0.1083084
	speed: 0.0048s/iter; time left: 56.1257s
	iters: 1200, epoch: 1 | loss: 0.2057026
	speed: 0.0047s/iter; time left: 55.1862s
Epoch: 1 cost time: 7.3 seconds
Epoch: 1, Steps: 1291 | Train Loss: 0.2227355 Vali Loss: 1.2874888 Test Loss: 5.1544909
Validation loss decreased (inf --> 1.287489).  Saving model ...
Updating learning rate to 0.0005
	iters: 100, epoch: 2 | loss: 0.2241397
	speed: 0.0367s/iter; time left: 422.8929s
	iters: 200, epoch: 2 | loss: 0.1003892
	speed: 0.0052s/iter; time left: 59.0336s
	iters: 300, epoch: 2 | loss: 0.1762275
	speed: 0.0049s/iter; time left: 55.0833s
	iters: 400, epoch: 2 | loss: 0.1837184
	speed: 0.0048s/iter; time left: 54.3555s
	iters: 500, epoch: 2 | loss: 0.1358828
	speed: 0.0051s/iter; time left: 57.1790s
	iters: 600, epoch: 2 | loss: 0.1807360
	speed: 0.0054s/iter; time left: 59.6079s
	iters: 700, epoch: 2 | loss: 0.1629457
	speed: 0.0049s/iter; time left: 53.3795s
	iters: 800, epoch: 2 | loss: 0.1564044
	speed: 0.0048s/iter; time left: 52.4627s
	iters: 900, epoch: 2 | loss: 0.3330083
	speed: 0.0048s/iter; time left: 51.1525s
	iters: 1000, epoch: 2 | loss: 0.1087610
	speed: 0.0047s/iter; time left: 49.9578s
	iters: 1100, epoch: 2 | loss: 0.1209032
	speed: 0.0048s/iter; time left: 50.1347s
	iters: 1200, epoch: 2 | loss: 0.2627569
	speed: 0.0048s/iter; time left: 50.3027s
Epoch: 2 cost time: 6.7 seconds
Epoch: 2, Steps: 1291 | Train Loss: 0.1955471 Vali Loss: 1.2504857 Test Loss: 4.8585901
Validation loss decreased (1.287489 --> 1.250486).  Saving model ...
Updating learning rate to 0.00025
	iters: 100, epoch: 3 | loss: 0.1700746
	speed: 0.0439s/iter; time left: 449.5193s
	iters: 200, epoch: 3 | loss: 0.1334014
	speed: 0.0049s/iter; time left: 49.9868s
	iters: 300, epoch: 3 | loss: 0.1353362
	speed: 0.0051s/iter; time left: 51.1330s
	iters: 400, epoch: 3 | loss: 0.1221696
	speed: 0.0052s/iter; time left: 51.7576s
	iters: 500, epoch: 3 | loss: 0.1668895
	speed: 0.0064s/iter; time left: 62.9417s
	iters: 600, epoch: 3 | loss: 0.1383677
	speed: 0.0056s/iter; time left: 54.3146s
	iters: 700, epoch: 3 | loss: 0.1063978
	speed: 0.0055s/iter; time left: 52.9407s
	iters: 800, epoch: 3 | loss: 0.3009639
	speed: 0.0057s/iter; time left: 54.7112s
	iters: 900, epoch: 3 | loss: 0.0848060
	speed: 0.0049s/iter; time left: 46.0788s
	iters: 1000, epoch: 3 | loss: 0.2331542
	speed: 0.0048s/iter; time left: 44.8415s
	iters: 1100, epoch: 3 | loss: 0.1387312
	speed: 0.0047s/iter; time left: 43.4471s
	iters: 1200, epoch: 3 | loss: 0.0675775
	speed: 0.0047s/iter; time left: 43.0459s
Epoch: 3 cost time: 7.2 seconds
Epoch: 3, Steps: 1291 | Train Loss: 0.1928303 Vali Loss: 1.2332387 Test Loss: 4.8174186
Validation loss decreased (1.250486 --> 1.233239).  Saving model ...
Updating learning rate to 0.000125
	iters: 100, epoch: 4 | loss: 0.2162490
	speed: 0.0388s/iter; time left: 346.4712s
	iters: 200, epoch: 4 | loss: 0.1022373
	speed: 0.0050s/iter; time left: 43.8600s
	iters: 300, epoch: 4 | loss: 0.1101736
	speed: 0.0048s/iter; time left: 42.1823s
	iters: 400, epoch: 4 | loss: 0.2591976
	speed: 0.0050s/iter; time left: 43.4890s
	iters: 500, epoch: 4 | loss: 0.0812812
	speed: 0.0050s/iter; time left: 42.6567s
	iters: 600, epoch: 4 | loss: 0.1001955
	speed: 0.0051s/iter; time left: 42.8747s
	iters: 700, epoch: 4 | loss: 0.2134149
	speed: 0.0053s/iter; time left: 44.6062s
	iters: 800, epoch: 4 | loss: 0.1241195
	speed: 0.0052s/iter; time left: 42.4582s
	iters: 900, epoch: 4 | loss: 0.1378921
	speed: 0.0051s/iter; time left: 41.6102s
	iters: 1000, epoch: 4 | loss: 0.1758357
	speed: 0.0050s/iter; time left: 39.9010s
	iters: 1100, epoch: 4 | loss: 0.1299738
	speed: 0.0047s/iter; time left: 37.6490s
	iters: 1200, epoch: 4 | loss: 0.2148737
	speed: 0.0049s/iter; time left: 38.0224s
Epoch: 4 cost time: 6.7 seconds
Epoch: 4, Steps: 1291 | Train Loss: 0.1913361 Vali Loss: 1.2315432 Test Loss: 4.7981033
Validation loss decreased (1.233239 --> 1.231543).  Saving model ...
Updating learning rate to 6.25e-05
	iters: 100, epoch: 5 | loss: 0.1797959
	speed: 0.0390s/iter; time left: 298.4940s
	iters: 200, epoch: 5 | loss: 0.1508499
	speed: 0.0064s/iter; time left: 48.4652s
	iters: 300, epoch: 5 | loss: 0.2470200
	speed: 0.0056s/iter; time left: 41.6140s
	iters: 400, epoch: 5 | loss: 0.0972043
	speed: 0.0050s/iter; time left: 37.0739s
	iters: 500, epoch: 5 | loss: 0.1635774
	speed: 0.0052s/iter; time left: 37.6714s
	iters: 600, epoch: 5 | loss: 0.1270661
	speed: 0.0056s/iter; time left: 39.7651s
	iters: 700, epoch: 5 | loss: 0.2329897
	speed: 0.0049s/iter; time left: 34.3827s
	iters: 800, epoch: 5 | loss: 0.0895246
	speed: 0.0050s/iter; time left: 34.8233s
	iters: 900, epoch: 5 | loss: 0.1135985
	speed: 0.0051s/iter; time left: 34.7828s
	iters: 1000, epoch: 5 | loss: 0.2378770
	speed: 0.0049s/iter; time left: 33.2507s
	iters: 1100, epoch: 5 | loss: 0.0961993
	speed: 0.0051s/iter; time left: 33.6582s
	iters: 1200, epoch: 5 | loss: 0.4131204
	speed: 0.0052s/iter; time left: 33.8596s
Epoch: 5 cost time: 7.2 seconds
Epoch: 5, Steps: 1291 | Train Loss: 0.1907731 Vali Loss: 1.2297119 Test Loss: 4.7950358
Validation loss decreased (1.231543 --> 1.229712).  Saving model ...
Updating learning rate to 3.125e-05
	iters: 100, epoch: 6 | loss: 0.2300884
	speed: 0.0382s/iter; time left: 242.8133s
	iters: 200, epoch: 6 | loss: 0.1055846
	speed: 0.0047s/iter; time left: 29.6294s
	iters: 300, epoch: 6 | loss: 0.1215703
	speed: 0.0048s/iter; time left: 29.8353s
	iters: 400, epoch: 6 | loss: 0.2647772
	speed: 0.0051s/iter; time left: 30.8124s
	iters: 500, epoch: 6 | loss: 0.2179190
	speed: 0.0050s/iter; time left: 29.9139s
	iters: 600, epoch: 6 | loss: 0.1696000
	speed: 0.0049s/iter; time left: 28.6608s
	iters: 700, epoch: 6 | loss: 0.1480585
	speed: 0.0051s/iter; time left: 29.5539s
	iters: 800, epoch: 6 | loss: 0.1219826
	speed: 0.0060s/iter; time left: 33.9159s
	iters: 900, epoch: 6 | loss: 0.3518118
	speed: 0.0062s/iter; time left: 34.2505s
	iters: 1000, epoch: 6 | loss: 0.2465690
	speed: 0.0047s/iter; time left: 25.4213s
	iters: 1100, epoch: 6 | loss: 0.3199455
	speed: 0.0051s/iter; time left: 27.5531s
	iters: 1200, epoch: 6 | loss: 0.1658934
	speed: 0.0053s/iter; time left: 27.6225s
Epoch: 6 cost time: 7.0 seconds
Epoch: 6, Steps: 1291 | Train Loss: 0.1902881 Vali Loss: 1.2252631 Test Loss: 4.7900243
Validation loss decreased (1.229712 --> 1.225263).  Saving model ...
Updating learning rate to 1.5625e-05
	iters: 100, epoch: 7 | loss: 0.2171843
	speed: 0.0388s/iter; time left: 196.7122s
	iters: 200, epoch: 7 | loss: 0.1162868
	speed: 0.0051s/iter; time left: 25.4103s
	iters: 300, epoch: 7 | loss: 0.1340774
	speed: 0.0054s/iter; time left: 26.0372s
	iters: 400, epoch: 7 | loss: 0.1010534
	speed: 0.0053s/iter; time left: 25.4345s
	iters: 500, epoch: 7 | loss: 0.2413128
	speed: 0.0057s/iter; time left: 26.5620s
	iters: 600, epoch: 7 | loss: 0.0988634
	speed: 0.0058s/iter; time left: 26.3331s
	iters: 700, epoch: 7 | loss: 0.3240173
	speed: 0.0058s/iter; time left: 25.7361s
	iters: 800, epoch: 7 | loss: 0.1139355
	speed: 0.0057s/iter; time left: 25.0688s
	iters: 900, epoch: 7 | loss: 0.2616677
	speed: 0.0055s/iter; time left: 23.5213s
	iters: 1000, epoch: 7 | loss: 0.2577458
	speed: 0.0057s/iter; time left: 23.8385s
	iters: 1100, epoch: 7 | loss: 0.2003149
	speed: 0.0058s/iter; time left: 23.7216s
	iters: 1200, epoch: 7 | loss: 0.1379380
	speed: 0.0056s/iter; time left: 22.1596s
Epoch: 7 cost time: 7.5 seconds
Epoch: 7, Steps: 1291 | Train Loss: 0.1902181 Vali Loss: 1.2261965 Test Loss: 4.7879419
EarlyStopping counter: 1 out of 3
Updating learning rate to 7.8125e-06
	iters: 100, epoch: 8 | loss: 0.2255391
	speed: 0.0416s/iter; time left: 156.9367s
	iters: 200, epoch: 8 | loss: 0.0831371
	speed: 0.0056s/iter; time left: 20.5014s
	iters: 300, epoch: 8 | loss: 0.3218103
	speed: 0.0055s/iter; time left: 19.7408s
	iters: 400, epoch: 8 | loss: 0.1588629
	speed: 0.0055s/iter; time left: 19.1134s
	iters: 500, epoch: 8 | loss: 0.2642492
	speed: 0.0057s/iter; time left: 19.1161s
	iters: 600, epoch: 8 | loss: 0.2267421
	speed: 0.0058s/iter; time left: 18.9950s
	iters: 700, epoch: 8 | loss: 0.1691338
	speed: 0.0057s/iter; time left: 17.9933s
	iters: 800, epoch: 8 | loss: 0.2158869
	speed: 0.0056s/iter; time left: 17.1814s
	iters: 900, epoch: 8 | loss: 0.1915399
	speed: 0.0056s/iter; time left: 16.7795s
	iters: 1000, epoch: 8 | loss: 0.1565721
	speed: 0.0056s/iter; time left: 16.1935s
	iters: 1100, epoch: 8 | loss: 0.2087811
	speed: 0.0057s/iter; time left: 15.7800s
	iters: 1200, epoch: 8 | loss: 0.1363368
	speed: 0.0056s/iter; time left: 14.8968s
Epoch: 8 cost time: 7.6 seconds
Epoch: 8, Steps: 1291 | Train Loss: 0.1901526 Vali Loss: 1.2232893 Test Loss: 4.7871742
Validation loss decreased (1.225263 --> 1.223289).  Saving model ...
Updating learning rate to 3.90625e-06
	iters: 100, epoch: 9 | loss: 0.1401123
	speed: 0.0441s/iter; time left: 109.5232s
	iters: 200, epoch: 9 | loss: 0.1836092
	speed: 0.0061s/iter; time left: 14.4610s
	iters: 300, epoch: 9 | loss: 0.1713957
	speed: 0.0062s/iter; time left: 14.1060s
	iters: 400, epoch: 9 | loss: 0.1745109
	speed: 0.0058s/iter; time left: 12.6103s
	iters: 500, epoch: 9 | loss: 0.1480300
	speed: 0.0058s/iter; time left: 12.1336s
	iters: 600, epoch: 9 | loss: 0.1036338
	speed: 0.0057s/iter; time left: 11.3821s
	iters: 700, epoch: 9 | loss: 0.1166532
	speed: 0.0059s/iter; time left: 11.0197s
	iters: 800, epoch: 9 | loss: 0.2492841
	speed: 0.0059s/iter; time left: 10.5034s
	iters: 900, epoch: 9 | loss: 0.2608833
	speed: 0.0059s/iter; time left: 9.9174s
	iters: 1000, epoch: 9 | loss: 0.2737365
	speed: 0.0058s/iter; time left: 9.2269s
	iters: 1100, epoch: 9 | loss: 0.2127259
	speed: 0.0060s/iter; time left: 8.8923s
	iters: 1200, epoch: 9 | loss: 0.1580951
	speed: 0.0058s/iter; time left: 8.0083s
Epoch: 9 cost time: 7.9 seconds
Epoch: 9, Steps: 1291 | Train Loss: 0.1900163 Vali Loss: 1.2273033 Test Loss: 4.7867436
EarlyStopping counter: 1 out of 3
Updating learning rate to 1.953125e-06
	iters: 100, epoch: 10 | loss: 0.2372151
	speed: 0.0416s/iter; time left: 49.6129s
	iters: 200, epoch: 10 | loss: 0.0740844
	speed: 0.0058s/iter; time left: 6.3875s
	iters: 300, epoch: 10 | loss: 0.1276707
	speed: 0.0059s/iter; time left: 5.8584s
	iters: 400, epoch: 10 | loss: 0.1959991
	speed: 0.0060s/iter; time left: 5.3837s
	iters: 500, epoch: 10 | loss: 0.1464784
	speed: 0.0055s/iter; time left: 4.3879s
	iters: 600, epoch: 10 | loss: 0.1003004
	speed: 0.0060s/iter; time left: 4.1650s
	iters: 700, epoch: 10 | loss: 0.1642084
	speed: 0.0059s/iter; time left: 3.4966s
	iters: 800, epoch: 10 | loss: 0.1082462
	speed: 0.0059s/iter; time left: 2.9174s
	iters: 900, epoch: 10 | loss: 0.3312945
	speed: 0.0056s/iter; time left: 2.2106s
	iters: 1000, epoch: 10 | loss: 0.1226943
	speed: 0.0059s/iter; time left: 1.7100s
	iters: 1100, epoch: 10 | loss: 0.1552109
	speed: 0.0057s/iter; time left: 1.0963s
	iters: 1200, epoch: 10 | loss: 0.2157374
	speed: 0.0059s/iter; time left: 0.5468s
Epoch: 10 cost time: 7.8 seconds
Epoch: 10, Steps: 1291 | Train Loss: 0.1900347 Vali Loss: 1.2262862 Test Loss: 4.7864604
EarlyStopping counter: 2 out of 3
Updating learning rate to 9.765625e-07
>>>>>>>testing : FITS_100_GD_336_336_M_channels_6_FITS_100_M_channels_6<<<<<<<<<<<<<<<<<<<<<<<<<<<<<<<<<
test 2809
FITS_100_GD_336_336_M_channels_6_FITS_100_M_channels_6
Shapes: pred (2808, 336, 6), true (2808, 336, 6), naive_pred (2808, 336, 6)
Shapes: gt (351, 672), pd (351, 672), naive_pd (351, 672)
Final Metrics:
FITS_100     MSE: 4.787172   MAE: 1.633442   SE: 8.920712   RRMSE: 0.219162   RMAE: 0.163617   (numpy)
FITS_100     MSE: 4.787174   MAE: 1.633442   SE: 8.920712   RRMSE: 0.219162   RMAE: 0.163617   (torch)

Repeat       MSE: 3.899310   MAE: 1.443789   SE: 8.557858   RRMSE: 0.197797   RMAE: 0.144620   (numpy)
Repeat       MSE: 3.899309   MAE: 1.443790   SE: 8.557858   RRMSE: 0.197797   RMAE: 0.144620   (torch)

