Args in experiment:
Namespace(is_training=1, model_id='FITS_100_GD_336_192_M_channels_6', model='FITS_100', data='custom', root_path='./dataset/', data_path='GD.csv', features='M', target='Adj Close', freq='h', checkpoints='./checkpoints/', seq_len=336, label_len=48, pred_len=192, individual=False, embed_type=0, enc_in=6, dec_in=7, c_out=7, d_model=512, n_heads=8, e_layers=2, d_layers=1, d_ff=2048, moving_avg=25, factor=1, distil=True, dropout=0.05, embed='timeF', activation='gelu', output_attention=False, do_predict=False, num_workers=10, itr=1, train_epochs=10, batch_size=8, patience=3, learning_rate=0.0005, des='Exp', loss='mse', lradj='type1', use_amp=False, use_gpu=True, gpu=0, use_multi_gpu=False, devices='0,1,2,3', test_flop=False)
FITS_100_GD_336_192_M_channels_6_FITS_100_M_channels_6
Using GPU: NVIDIA GeForce RTX 4070 (cuda:0):
>>>>>>>start training : FITS_100_GD_336_192_M_channels_6_FITS_100_M_channels_6>>>>>>>>>>>>>>>>>>>>>>>>>>
train 10479
val 1383
test 2953
	iters: 100, epoch: 1 | loss: 0.0854854
	speed: 0.0194s/iter; time left: 251.4858s
	iters: 200, epoch: 1 | loss: 0.1078166
	speed: 0.0050s/iter; time left: 63.9695s
	iters: 300, epoch: 1 | loss: 0.2569138
	speed: 0.0053s/iter; time left: 68.0810s
	iters: 400, epoch: 1 | loss: 0.2827104
	speed: 0.0051s/iter; time left: 64.2957s
	iters: 500, epoch: 1 | loss: 0.2266472
	speed: 0.0052s/iter; time left: 65.3682s
	iters: 600, epoch: 1 | loss: 0.1628470
	speed: 0.0049s/iter; time left: 61.1169s
	iters: 700, epoch: 1 | loss: 0.1931539
	speed: 0.0051s/iter; time left: 62.6126s
	iters: 800, epoch: 1 | loss: 0.1385334
	speed: 0.0049s/iter; time left: 60.8380s
	iters: 900, epoch: 1 | loss: 0.1975797
	speed: 0.0049s/iter; time left: 60.1024s
	iters: 1000, epoch: 1 | loss: 0.4246669
	speed: 0.0051s/iter; time left: 61.0750s
	iters: 1100, epoch: 1 | loss: 0.1570364
	speed: 0.0049s/iter; time left: 58.7347s
	iters: 1200, epoch: 1 | loss: 0.0996666
	speed: 0.0055s/iter; time left: 65.7225s
	iters: 1300, epoch: 1 | loss: 0.2711926
	speed: 0.0056s/iter; time left: 66.5796s
Epoch: 1 cost time: 7.8 seconds
Epoch: 1, Steps: 1309 | Train Loss: 0.1870323 Vali Loss: 0.9091380 Test Loss: 2.9130654
Validation loss decreased (inf --> 0.909138).  Saving model ...
Updating learning rate to 0.0005
	iters: 100, epoch: 2 | loss: 0.1847844
	speed: 0.0412s/iter; time left: 481.1916s
	iters: 200, epoch: 2 | loss: 0.1667043
	speed: 0.0064s/iter; time left: 74.1392s
	iters: 300, epoch: 2 | loss: 0.1445215
	speed: 0.0061s/iter; time left: 70.6024s
	iters: 400, epoch: 2 | loss: 0.1537351
	speed: 0.0061s/iter; time left: 69.7521s
	iters: 500, epoch: 2 | loss: 0.0949940
	speed: 0.0061s/iter; time left: 68.4255s
	iters: 600, epoch: 2 | loss: 0.1429042
	speed: 0.0063s/iter; time left: 69.9207s
	iters: 700, epoch: 2 | loss: 0.1293676
	speed: 0.0061s/iter; time left: 67.1237s
	iters: 800, epoch: 2 | loss: 0.1961578
	speed: 0.0062s/iter; time left: 67.5887s
	iters: 900, epoch: 2 | loss: 0.1266096
	speed: 0.0060s/iter; time left: 65.4311s
	iters: 1000, epoch: 2 | loss: 0.0925685
	speed: 0.0060s/iter; time left: 65.2102s
	iters: 1100, epoch: 2 | loss: 0.1897468
	speed: 0.0061s/iter; time left: 64.7618s
	iters: 1200, epoch: 2 | loss: 0.0767958
	speed: 0.0064s/iter; time left: 67.4118s
	iters: 1300, epoch: 2 | loss: 0.1138950
	speed: 0.0062s/iter; time left: 65.0035s
Epoch: 2 cost time: 8.3 seconds
Epoch: 2, Steps: 1309 | Train Loss: 0.1661937 Vali Loss: 0.8864697 Test Loss: 2.7137239
Validation loss decreased (0.909138 --> 0.886470).  Saving model ...
Updating learning rate to 0.00025
	iters: 100, epoch: 3 | loss: 0.1065932
	speed: 0.0432s/iter; time left: 447.9354s
	iters: 200, epoch: 3 | loss: 0.0914143
	speed: 0.0056s/iter; time left: 58.0184s
	iters: 300, epoch: 3 | loss: 0.1308739
	speed: 0.0065s/iter; time left: 65.9282s
	iters: 400, epoch: 3 | loss: 0.0994775
	speed: 0.0053s/iter; time left: 53.2642s
	iters: 500, epoch: 3 | loss: 0.0873217
	speed: 0.0047s/iter; time left: 46.7182s
	iters: 600, epoch: 3 | loss: 0.1718761
	speed: 0.0048s/iter; time left: 47.6159s
	iters: 700, epoch: 3 | loss: 0.2044842
	speed: 0.0054s/iter; time left: 52.9944s
	iters: 800, epoch: 3 | loss: 0.2286758
	speed: 0.0047s/iter; time left: 45.5757s
	iters: 900, epoch: 3 | loss: 0.3218471
	speed: 0.0055s/iter; time left: 52.9779s
	iters: 1000, epoch: 3 | loss: 0.2334388
	speed: 0.0054s/iter; time left: 51.4280s
	iters: 1100, epoch: 3 | loss: 0.1041412
	speed: 0.0049s/iter; time left: 46.2141s
	iters: 1200, epoch: 3 | loss: 0.2897072
	speed: 0.0061s/iter; time left: 56.9834s
	iters: 1300, epoch: 3 | loss: 0.1669397
	speed: 0.0061s/iter; time left: 55.7654s
Epoch: 3 cost time: 7.6 seconds
Epoch: 3, Steps: 1309 | Train Loss: 0.1636152 Vali Loss: 0.8687855 Test Loss: 2.7251267
Validation loss decreased (0.886470 --> 0.868786).  Saving model ...
Updating learning rate to 0.000125
	iters: 100, epoch: 4 | loss: 0.1026729
	speed: 0.0431s/iter; time left: 390.5911s
	iters: 200, epoch: 4 | loss: 0.1416137
	speed: 0.0061s/iter; time left: 54.2663s
	iters: 300, epoch: 4 | loss: 0.2282795
	speed: 0.0062s/iter; time left: 55.0719s
	iters: 400, epoch: 4 | loss: 0.1567619
	speed: 0.0062s/iter; time left: 53.9185s
	iters: 500, epoch: 4 | loss: 0.1817570
	speed: 0.0061s/iter; time left: 52.7290s
	iters: 600, epoch: 4 | loss: 0.1225504
	speed: 0.0061s/iter; time left: 52.5181s
	iters: 700, epoch: 4 | loss: 0.1704192
	speed: 0.0061s/iter; time left: 51.8561s
	iters: 800, epoch: 4 | loss: 0.2732778
	speed: 0.0066s/iter; time left: 55.5181s
	iters: 900, epoch: 4 | loss: 0.2514918
	speed: 0.0063s/iter; time left: 52.0108s
	iters: 1000, epoch: 4 | loss: 0.1455500
	speed: 0.0061s/iter; time left: 49.9432s
	iters: 1100, epoch: 4 | loss: 0.0728650
	speed: 0.0062s/iter; time left: 50.2771s
	iters: 1200, epoch: 4 | loss: 0.2066349
	speed: 0.0067s/iter; time left: 53.4185s
	iters: 1300, epoch: 4 | loss: 0.1279037
	speed: 0.0068s/iter; time left: 53.3915s
Epoch: 4 cost time: 8.6 seconds
Epoch: 4, Steps: 1309 | Train Loss: 0.1623628 Vali Loss: 0.8657553 Test Loss: 2.6971481
Validation loss decreased (0.868786 --> 0.865755).  Saving model ...
Updating learning rate to 6.25e-05
	iters: 100, epoch: 5 | loss: 0.1207600
	speed: 0.0461s/iter; time left: 357.6683s
	iters: 200, epoch: 5 | loss: 0.1309228
	speed: 0.0063s/iter; time left: 48.2282s
	iters: 300, epoch: 5 | loss: 0.2959606
	speed: 0.0061s/iter; time left: 46.4239s
	iters: 400, epoch: 5 | loss: 0.0793910
	speed: 0.0072s/iter; time left: 53.5755s
	iters: 500, epoch: 5 | loss: 0.0939983
	speed: 0.0063s/iter; time left: 46.0378s
	iters: 600, epoch: 5 | loss: 0.1035502
	speed: 0.0062s/iter; time left: 45.2626s
	iters: 700, epoch: 5 | loss: 0.1263274
	speed: 0.0063s/iter; time left: 44.8766s
	iters: 800, epoch: 5 | loss: 0.4196229
	speed: 0.0066s/iter; time left: 46.3102s
	iters: 900, epoch: 5 | loss: 0.2183724
	speed: 0.0062s/iter; time left: 42.9187s
	iters: 1000, epoch: 5 | loss: 0.2292670
	speed: 0.0063s/iter; time left: 43.0541s
	iters: 1100, epoch: 5 | loss: 0.2377129
	speed: 0.0062s/iter; time left: 42.0259s
	iters: 1200, epoch: 5 | loss: 0.1090880
	speed: 0.0061s/iter; time left: 40.4298s
	iters: 1300, epoch: 5 | loss: 0.1572778
	speed: 0.0062s/iter; time left: 40.8182s
Epoch: 5 cost time: 8.7 seconds
Epoch: 5, Steps: 1309 | Train Loss: 0.1616156 Vali Loss: 0.8575903 Test Loss: 2.6924376
Validation loss decreased (0.865755 --> 0.857590).  Saving model ...
Updating learning rate to 3.125e-05
	iters: 100, epoch: 6 | loss: 0.1108083
	speed: 0.0473s/iter; time left: 304.7754s
	iters: 200, epoch: 6 | loss: 0.0791642
	speed: 0.0066s/iter; time left: 41.8634s
	iters: 300, epoch: 6 | loss: 0.2932996
	speed: 0.0066s/iter; time left: 41.1614s
	iters: 400, epoch: 6 | loss: 0.1046848
	speed: 0.0068s/iter; time left: 42.0545s
	iters: 500, epoch: 6 | loss: 0.1278277
	speed: 0.0069s/iter; time left: 41.6049s
	iters: 600, epoch: 6 | loss: 0.1804815
	speed: 0.0068s/iter; time left: 40.2092s
	iters: 700, epoch: 6 | loss: 0.1533801
	speed: 0.0069s/iter; time left: 40.4078s
	iters: 800, epoch: 6 | loss: 0.1698125
	speed: 0.0067s/iter; time left: 38.7762s
	iters: 900, epoch: 6 | loss: 0.1888677
	speed: 0.0063s/iter; time left: 35.3973s
	iters: 1000, epoch: 6 | loss: 0.1542912
	speed: 0.0071s/iter; time left: 39.5823s
	iters: 1100, epoch: 6 | loss: 0.0533924
	speed: 0.0065s/iter; time left: 35.1565s
	iters: 1200, epoch: 6 | loss: 0.0839986
	speed: 0.0062s/iter; time left: 33.0057s
	iters: 1300, epoch: 6 | loss: 0.1265766
	speed: 0.0063s/iter; time left: 33.0585s
Epoch: 6 cost time: 9.0 seconds
Epoch: 6, Steps: 1309 | Train Loss: 0.1613161 Vali Loss: 0.8630180 Test Loss: 2.6894481
EarlyStopping counter: 1 out of 3
Updating learning rate to 1.5625e-05
	iters: 100, epoch: 7 | loss: 0.1196096
	speed: 0.0444s/iter; time left: 228.0969s
	iters: 200, epoch: 7 | loss: 0.2113485
	speed: 0.0055s/iter; time left: 27.8544s
	iters: 300, epoch: 7 | loss: 0.1030686
	speed: 0.0058s/iter; time left: 28.3891s
	iters: 400, epoch: 7 | loss: 0.2016315
	speed: 0.0065s/iter; time left: 31.2331s
	iters: 500, epoch: 7 | loss: 0.1629258
	speed: 0.0069s/iter; time left: 32.5032s
	iters: 600, epoch: 7 | loss: 0.1486103
	speed: 0.0055s/iter; time left: 25.7015s
	iters: 700, epoch: 7 | loss: 0.1742809
	speed: 0.0061s/iter; time left: 27.8776s
	iters: 800, epoch: 7 | loss: 0.0975892
	speed: 0.0060s/iter; time left: 26.6418s
	iters: 900, epoch: 7 | loss: 0.1028091
	speed: 0.0060s/iter; time left: 26.1556s
	iters: 1000, epoch: 7 | loss: 0.1595327
	speed: 0.0058s/iter; time left: 24.6646s
	iters: 1100, epoch: 7 | loss: 0.1877518
	speed: 0.0061s/iter; time left: 25.0588s
	iters: 1200, epoch: 7 | loss: 0.1145905
	speed: 0.0061s/iter; time left: 24.4807s
	iters: 1300, epoch: 7 | loss: 0.3147995
	speed: 0.0059s/iter; time left: 23.4188s
Epoch: 7 cost time: 8.2 seconds
Epoch: 7, Steps: 1309 | Train Loss: 0.1611570 Vali Loss: 0.8593189 Test Loss: 2.6881776
EarlyStopping counter: 2 out of 3
Updating learning rate to 7.8125e-06
	iters: 100, epoch: 8 | loss: 0.2612647
	speed: 0.0445s/iter; time left: 170.3909s
	iters: 200, epoch: 8 | loss: 0.1296167
	speed: 0.0056s/iter; time left: 20.7268s
	iters: 300, epoch: 8 | loss: 0.0893918
	speed: 0.0066s/iter; time left: 24.0059s
	iters: 400, epoch: 8 | loss: 0.1042642
	speed: 0.0067s/iter; time left: 23.6159s
	iters: 500, epoch: 8 | loss: 0.1107821
	speed: 0.0063s/iter; time left: 21.4632s
	iters: 600, epoch: 8 | loss: 0.1015733
	speed: 0.0060s/iter; time left: 19.8389s
	iters: 700, epoch: 8 | loss: 0.2933451
	speed: 0.0057s/iter; time left: 18.3259s
	iters: 800, epoch: 8 | loss: 0.0792411
	speed: 0.0058s/iter; time left: 18.2020s
	iters: 900, epoch: 8 | loss: 0.2673388
	speed: 0.0056s/iter; time left: 17.0091s
	iters: 1000, epoch: 8 | loss: 0.1071446
	speed: 0.0055s/iter; time left: 15.9768s
	iters: 1100, epoch: 8 | loss: 0.2803115
	speed: 0.0058s/iter; time left: 16.5413s
	iters: 1200, epoch: 8 | loss: 0.0735359
	speed: 0.0057s/iter; time left: 15.6193s
	iters: 1300, epoch: 8 | loss: 0.1663265
	speed: 0.0057s/iter; time left: 15.0369s
Epoch: 8 cost time: 8.1 seconds
Epoch: 8, Steps: 1309 | Train Loss: 0.1610528 Vali Loss: 0.8627567 Test Loss: 2.6876526
EarlyStopping counter: 3 out of 3
Early stopping
>>>>>>>testing : FITS_100_GD_336_192_M_channels_6_FITS_100_M_channels_6<<<<<<<<<<<<<<<<<<<<<<<<<<<<<<<<<
test 2953
FITS_100_GD_336_192_M_channels_6_FITS_100_M_channels_6
Shapes: pred (2952, 192, 6), true (2952, 192, 6), naive_pred (2952, 192, 6)
Shapes: gt (369, 528), pd (369, 528), naive_pd (369, 528)
Final Metrics:
FITS_100     MSE: 2.692438   MAE: 1.208487   SE: 5.098257   RRMSE: 0.164879   RMAE: 0.121433   (numpy)
FITS_100     MSE: 2.692438   MAE: 1.208486   SE: 5.098258   RRMSE: 0.164879   RMAE: 0.121433   (torch)

Repeat       MSE: 2.249958   MAE: 1.076820   SE: 4.923409   RRMSE: 0.150723   RMAE: 0.108202   (numpy)
Repeat       MSE: 2.249958   MAE: 1.076820   SE: 4.923409   RRMSE: 0.150723   RMAE: 0.108202   (torch)

