Args in experiment:
Namespace(is_training=1, model_id='FITS_MRO_336_192_M_channels_6', model='FITS', data='custom', root_path='./dataset/', data_path='MRO.csv', features='M', target='Adj Close', freq='h', checkpoints='./checkpoints/', seq_len=336, label_len=48, pred_len=192, individual=False, embed_type=0, enc_in=6, dec_in=7, c_out=7, d_model=512, n_heads=8, e_layers=2, d_layers=1, d_ff=2048, moving_avg=25, factor=1, distil=True, dropout=0.05, embed='timeF', activation='gelu', output_attention=False, do_predict=False, num_workers=10, itr=1, train_epochs=10, batch_size=8, patience=3, learning_rate=0.0005, des='Exp', loss='mse', lradj='type1', use_amp=False, use_gpu=True, gpu=0, use_multi_gpu=False, devices='0,1,2,3', test_flop=False)
FITS_MRO_336_192_M_channels_6_FITS_M_channels_6
Using GPU: NVIDIA GeForce RTX 4070 (cuda:0):
>>>>>>>start training : FITS_MRO_336_192_M_channels_6_FITS_M_channels_6>>>>>>>>>>>>>>>>>>>>>>>>>>
train 10479
val 1383
test 2953
	iters: 100, epoch: 1 | loss: 0.4107813
	speed: 0.0176s/iter; time left: 229.2770s
	iters: 200, epoch: 1 | loss: 0.6186797
	speed: 0.0047s/iter; time left: 60.4684s
	iters: 300, epoch: 1 | loss: 0.4853919
	speed: 0.0048s/iter; time left: 61.6329s
	iters: 400, epoch: 1 | loss: 0.4450779
	speed: 0.0048s/iter; time left: 61.2348s
	iters: 500, epoch: 1 | loss: 0.2744589
	speed: 0.0046s/iter; time left: 58.2965s
	iters: 600, epoch: 1 | loss: 0.4256034
	speed: 0.0044s/iter; time left: 55.3799s
	iters: 700, epoch: 1 | loss: 0.2519206
	speed: 0.0045s/iter; time left: 55.5662s
	iters: 800, epoch: 1 | loss: 0.1632568
	speed: 0.0048s/iter; time left: 58.8114s
	iters: 900, epoch: 1 | loss: 0.4804217
	speed: 0.0049s/iter; time left: 59.8713s
	iters: 1000, epoch: 1 | loss: 0.2579906
	speed: 0.0047s/iter; time left: 57.3009s
	iters: 1100, epoch: 1 | loss: 0.2529763
	speed: 0.0050s/iter; time left: 59.8213s
	iters: 1200, epoch: 1 | loss: 0.2461026
	speed: 0.0046s/iter; time left: 54.2989s
	iters: 1300, epoch: 1 | loss: 0.2180824
	speed: 0.0050s/iter; time left: 58.7220s
Epoch: 1 cost time: 7.1 seconds
Epoch: 1, Steps: 1309 | Train Loss: 0.3546852 Vali Loss: 5.1644001 Test Loss: 6.4812350
Validation loss decreased (inf --> 5.164400).  Saving model ...
Updating learning rate to 0.0005
	iters: 100, epoch: 2 | loss: 0.2869584
	speed: 0.0383s/iter; time left: 447.8171s
	iters: 200, epoch: 2 | loss: 0.5934952
	speed: 0.0058s/iter; time left: 66.9635s
	iters: 300, epoch: 2 | loss: 0.3827931
	speed: 0.0056s/iter; time left: 64.2186s
	iters: 400, epoch: 2 | loss: 0.2599886
	speed: 0.0057s/iter; time left: 65.4419s
	iters: 500, epoch: 2 | loss: 0.2471031
	speed: 0.0059s/iter; time left: 66.1403s
	iters: 600, epoch: 2 | loss: 0.2097663
	speed: 0.0060s/iter; time left: 67.3276s
	iters: 700, epoch: 2 | loss: 0.1980431
	speed: 0.0055s/iter; time left: 60.8561s
	iters: 800, epoch: 2 | loss: 0.3424367
	speed: 0.0052s/iter; time left: 57.3785s
	iters: 900, epoch: 2 | loss: 0.5059553
	speed: 0.0055s/iter; time left: 60.2613s
	iters: 1000, epoch: 2 | loss: 0.2478046
	speed: 0.0055s/iter; time left: 59.3490s
	iters: 1100, epoch: 2 | loss: 0.2122790
	speed: 0.0055s/iter; time left: 58.9351s
	iters: 1200, epoch: 2 | loss: 0.1956965
	speed: 0.0056s/iter; time left: 59.0835s
	iters: 1300, epoch: 2 | loss: 0.1694193
	speed: 0.0061s/iter; time left: 64.0496s
Epoch: 2 cost time: 7.7 seconds
Epoch: 2, Steps: 1309 | Train Loss: 0.2929027 Vali Loss: 4.8840489 Test Loss: 6.2076311
Validation loss decreased (5.164400 --> 4.884049).  Saving model ...
Updating learning rate to 0.00025
	iters: 100, epoch: 3 | loss: 0.2690334
	speed: 0.0376s/iter; time left: 389.8479s
	iters: 200, epoch: 3 | loss: 0.1175048
	speed: 0.0055s/iter; time left: 56.9457s
	iters: 300, epoch: 3 | loss: 0.1745524
	speed: 0.0054s/iter; time left: 55.0207s
	iters: 400, epoch: 3 | loss: 0.5224062
	speed: 0.0056s/iter; time left: 55.9303s
	iters: 500, epoch: 3 | loss: 0.0749687
	speed: 0.0057s/iter; time left: 56.4071s
	iters: 600, epoch: 3 | loss: 0.2522543
	speed: 0.0057s/iter; time left: 55.9970s
	iters: 700, epoch: 3 | loss: 0.2638849
	speed: 0.0057s/iter; time left: 55.5738s
	iters: 800, epoch: 3 | loss: 0.2054584
	speed: 0.0057s/iter; time left: 55.3745s
	iters: 900, epoch: 3 | loss: 0.6426425
	speed: 0.0057s/iter; time left: 54.1658s
	iters: 1000, epoch: 3 | loss: 0.3108268
	speed: 0.0058s/iter; time left: 55.1051s
	iters: 1100, epoch: 3 | loss: 0.5824988
	speed: 0.0057s/iter; time left: 53.7744s
	iters: 1200, epoch: 3 | loss: 0.3463968
	speed: 0.0056s/iter; time left: 51.5878s
	iters: 1300, epoch: 3 | loss: 0.1175371
	speed: 0.0056s/iter; time left: 51.8183s
Epoch: 3 cost time: 7.7 seconds
Epoch: 3, Steps: 1309 | Train Loss: 0.2835739 Vali Loss: 4.7587280 Test Loss: 6.1130562
Validation loss decreased (4.884049 --> 4.758728).  Saving model ...
Updating learning rate to 0.000125
	iters: 100, epoch: 4 | loss: 0.2747704
	speed: 0.0364s/iter; time left: 329.8809s
	iters: 200, epoch: 4 | loss: 0.2075462
	speed: 0.0055s/iter; time left: 49.3015s
	iters: 300, epoch: 4 | loss: 0.4112608
	speed: 0.0058s/iter; time left: 51.3438s
	iters: 400, epoch: 4 | loss: 0.5359364
	speed: 0.0055s/iter; time left: 48.1489s
	iters: 500, epoch: 4 | loss: 0.0979141
	speed: 0.0057s/iter; time left: 49.0810s
	iters: 600, epoch: 4 | loss: 0.4589042
	speed: 0.0056s/iter; time left: 48.3234s
	iters: 700, epoch: 4 | loss: 0.2369877
	speed: 0.0057s/iter; time left: 48.1037s
	iters: 800, epoch: 4 | loss: 0.1449803
	speed: 0.0056s/iter; time left: 47.2305s
	iters: 900, epoch: 4 | loss: 0.1308867
	speed: 0.0051s/iter; time left: 42.1367s
	iters: 1000, epoch: 4 | loss: 0.1621133
	speed: 0.0052s/iter; time left: 42.5456s
	iters: 1100, epoch: 4 | loss: 0.0553569
	speed: 0.0055s/iter; time left: 44.2588s
	iters: 1200, epoch: 4 | loss: 0.2305215
	speed: 0.0055s/iter; time left: 43.7094s
	iters: 1300, epoch: 4 | loss: 0.3501569
	speed: 0.0055s/iter; time left: 43.5441s
Epoch: 4 cost time: 7.5 seconds
Epoch: 4, Steps: 1309 | Train Loss: 0.2796272 Vali Loss: 4.7741075 Test Loss: 6.0855551
EarlyStopping counter: 1 out of 3
Updating learning rate to 6.25e-05
	iters: 100, epoch: 5 | loss: 0.3648358
	speed: 0.0394s/iter; time left: 305.2161s
	iters: 200, epoch: 5 | loss: 0.4605010
	speed: 0.0058s/iter; time left: 44.2160s
	iters: 300, epoch: 5 | loss: 0.1618335
	speed: 0.0059s/iter; time left: 44.6062s
	iters: 400, epoch: 5 | loss: 0.1693414
	speed: 0.0059s/iter; time left: 43.7322s
	iters: 500, epoch: 5 | loss: 0.1009110
	speed: 0.0056s/iter; time left: 40.9152s
	iters: 600, epoch: 5 | loss: 0.2268618
	speed: 0.0057s/iter; time left: 41.7078s
	iters: 700, epoch: 5 | loss: 0.1113853
	speed: 0.0057s/iter; time left: 40.7083s
	iters: 800, epoch: 5 | loss: 0.4291189
	speed: 0.0055s/iter; time left: 39.0313s
	iters: 900, epoch: 5 | loss: 0.5554115
	speed: 0.0056s/iter; time left: 38.9858s
	iters: 1000, epoch: 5 | loss: 0.3337994
	speed: 0.0057s/iter; time left: 39.2425s
	iters: 1100, epoch: 5 | loss: 0.0941784
	speed: 0.0058s/iter; time left: 39.1198s
	iters: 1200, epoch: 5 | loss: 0.3684823
	speed: 0.0058s/iter; time left: 38.4858s
	iters: 1300, epoch: 5 | loss: 0.2688771
	speed: 0.0056s/iter; time left: 36.5536s
Epoch: 5 cost time: 7.9 seconds
Epoch: 5, Steps: 1309 | Train Loss: 0.2778771 Vali Loss: 4.7336564 Test Loss: 6.0720687
Validation loss decreased (4.758728 --> 4.733656).  Saving model ...
Updating learning rate to 3.125e-05
	iters: 100, epoch: 6 | loss: 0.2869141
	speed: 0.0374s/iter; time left: 240.8232s
	iters: 200, epoch: 6 | loss: 0.2786763
	speed: 0.0056s/iter; time left: 35.2860s
	iters: 300, epoch: 6 | loss: 0.4202602
	speed: 0.0062s/iter; time left: 38.5530s
	iters: 400, epoch: 6 | loss: 0.4543283
	speed: 0.0054s/iter; time left: 33.2688s
	iters: 500, epoch: 6 | loss: 0.4517650
	speed: 0.0056s/iter; time left: 33.6899s
	iters: 600, epoch: 6 | loss: 0.3676361
	speed: 0.0059s/iter; time left: 35.1082s
	iters: 700, epoch: 6 | loss: 0.1119663
	speed: 0.0058s/iter; time left: 34.0490s
	iters: 800, epoch: 6 | loss: 0.2263571
	speed: 0.0056s/iter; time left: 31.9611s
	iters: 900, epoch: 6 | loss: 0.1991155
	speed: 0.0057s/iter; time left: 32.4516s
	iters: 1000, epoch: 6 | loss: 0.0712792
	speed: 0.0056s/iter; time left: 31.1455s
	iters: 1100, epoch: 6 | loss: 0.4234907
	speed: 0.0055s/iter; time left: 29.9083s
	iters: 1200, epoch: 6 | loss: 0.4534926
	speed: 0.0055s/iter; time left: 29.5966s
	iters: 1300, epoch: 6 | loss: 0.3076045
	speed: 0.0054s/iter; time left: 28.5472s
Epoch: 6 cost time: 7.7 seconds
Epoch: 6, Steps: 1309 | Train Loss: 0.2767050 Vali Loss: 4.7297397 Test Loss: 6.0661879
Validation loss decreased (4.733656 --> 4.729740).  Saving model ...
Updating learning rate to 1.5625e-05
	iters: 100, epoch: 7 | loss: 0.1772340
	speed: 0.0366s/iter; time left: 187.8124s
	iters: 200, epoch: 7 | loss: 0.3436820
	speed: 0.0053s/iter; time left: 26.6891s
	iters: 300, epoch: 7 | loss: 0.1372875
	speed: 0.0053s/iter; time left: 25.9246s
	iters: 400, epoch: 7 | loss: 0.3270288
	speed: 0.0054s/iter; time left: 25.9288s
	iters: 500, epoch: 7 | loss: 0.1497176
	speed: 0.0053s/iter; time left: 25.3118s
	iters: 600, epoch: 7 | loss: 0.2520566
	speed: 0.0053s/iter; time left: 24.3713s
	iters: 700, epoch: 7 | loss: 0.1909487
	speed: 0.0059s/iter; time left: 26.7326s
	iters: 800, epoch: 7 | loss: 0.2014127
	speed: 0.0055s/iter; time left: 24.5258s
	iters: 900, epoch: 7 | loss: 0.1025065
	speed: 0.0052s/iter; time left: 22.3617s
	iters: 1000, epoch: 7 | loss: 0.2090070
	speed: 0.0052s/iter; time left: 22.0398s
	iters: 1100, epoch: 7 | loss: 0.1030563
	speed: 0.0053s/iter; time left: 21.7445s
	iters: 1200, epoch: 7 | loss: 0.2101978
	speed: 0.0054s/iter; time left: 21.6936s
	iters: 1300, epoch: 7 | loss: 0.2016506
	speed: 0.0053s/iter; time left: 20.6700s
Epoch: 7 cost time: 7.3 seconds
Epoch: 7, Steps: 1309 | Train Loss: 0.2764309 Vali Loss: 4.7388945 Test Loss: 6.0635495
EarlyStopping counter: 1 out of 3
Updating learning rate to 7.8125e-06
	iters: 100, epoch: 8 | loss: 0.1466919
	speed: 0.0385s/iter; time left: 147.2975s
	iters: 200, epoch: 8 | loss: 0.3553030
	speed: 0.0057s/iter; time left: 21.4035s
	iters: 300, epoch: 8 | loss: 0.4199644
	speed: 0.0058s/iter; time left: 21.1173s
	iters: 400, epoch: 8 | loss: 0.2364522
	speed: 0.0059s/iter; time left: 20.9699s
	iters: 500, epoch: 8 | loss: 0.2643874
	speed: 0.0056s/iter; time left: 19.3371s
	iters: 600, epoch: 8 | loss: 0.3375398
	speed: 0.0059s/iter; time left: 19.7925s
	iters: 700, epoch: 8 | loss: 0.2844422
	speed: 0.0058s/iter; time left: 18.8097s
	iters: 800, epoch: 8 | loss: 0.4579415
	speed: 0.0057s/iter; time left: 17.8156s
	iters: 900, epoch: 8 | loss: 0.1023613
	speed: 0.0054s/iter; time left: 16.2116s
	iters: 1000, epoch: 8 | loss: 0.2120281
	speed: 0.0054s/iter; time left: 15.9481s
	iters: 1100, epoch: 8 | loss: 0.3020876
	speed: 0.0057s/iter; time left: 16.1573s
	iters: 1200, epoch: 8 | loss: 0.2709342
	speed: 0.0055s/iter; time left: 14.9842s
	iters: 1300, epoch: 8 | loss: 0.2926766
	speed: 0.0055s/iter; time left: 14.5739s
Epoch: 8 cost time: 7.7 seconds
Epoch: 8, Steps: 1309 | Train Loss: 0.2762731 Vali Loss: 4.7290502 Test Loss: 6.0625305
Validation loss decreased (4.729740 --> 4.729050).  Saving model ...
Updating learning rate to 3.90625e-06
	iters: 100, epoch: 9 | loss: 0.1483129
	speed: 0.0383s/iter; time left: 96.4590s
	iters: 200, epoch: 9 | loss: 0.2065718
	speed: 0.0055s/iter; time left: 13.2377s
	iters: 300, epoch: 9 | loss: 0.1587066
	speed: 0.0056s/iter; time left: 12.8767s
	iters: 400, epoch: 9 | loss: 0.1968848
	speed: 0.0056s/iter; time left: 12.3679s
	iters: 500, epoch: 9 | loss: 0.3616863
	speed: 0.0056s/iter; time left: 11.9531s
	iters: 600, epoch: 9 | loss: 0.3970021
	speed: 0.0055s/iter; time left: 11.0046s
	iters: 700, epoch: 9 | loss: 0.1124260
	speed: 0.0055s/iter; time left: 10.6501s
	iters: 800, epoch: 9 | loss: 0.2154706
	speed: 0.0057s/iter; time left: 10.3205s
	iters: 900, epoch: 9 | loss: 0.2165223
	speed: 0.0055s/iter; time left: 9.5075s
	iters: 1000, epoch: 9 | loss: 0.3840468
	speed: 0.0056s/iter; time left: 9.1042s
	iters: 1100, epoch: 9 | loss: 0.5670624
	speed: 0.0060s/iter; time left: 9.1305s
	iters: 1200, epoch: 9 | loss: 0.3169417
	speed: 0.0060s/iter; time left: 8.5096s
	iters: 1300, epoch: 9 | loss: 0.4318247
	speed: 0.0057s/iter; time left: 7.4648s
Epoch: 9 cost time: 7.7 seconds
Epoch: 9, Steps: 1309 | Train Loss: 0.2761032 Vali Loss: 4.7307100 Test Loss: 6.0619946
EarlyStopping counter: 1 out of 3
Updating learning rate to 1.953125e-06
	iters: 100, epoch: 10 | loss: 0.2008228
	speed: 0.0363s/iter; time left: 43.9287s
	iters: 200, epoch: 10 | loss: 0.4542010
	speed: 0.0053s/iter; time left: 5.8868s
	iters: 300, epoch: 10 | loss: 0.5266169
	speed: 0.0055s/iter; time left: 5.5444s
	iters: 400, epoch: 10 | loss: 0.0772361
	speed: 0.0055s/iter; time left: 4.9887s
	iters: 500, epoch: 10 | loss: 0.1842835
	speed: 0.0055s/iter; time left: 4.4633s
	iters: 600, epoch: 10 | loss: 0.3202726
	speed: 0.0055s/iter; time left: 3.9211s
	iters: 700, epoch: 10 | loss: 0.3898094
	speed: 0.0057s/iter; time left: 3.4671s
	iters: 800, epoch: 10 | loss: 0.2606281
	speed: 0.0053s/iter; time left: 2.7069s
	iters: 900, epoch: 10 | loss: 0.2780313
	speed: 0.0057s/iter; time left: 2.3367s
	iters: 1000, epoch: 10 | loss: 0.1615402
	speed: 0.0051s/iter; time left: 1.5805s
	iters: 1100, epoch: 10 | loss: 0.0648933
	speed: 0.0052s/iter; time left: 1.0965s
	iters: 1200, epoch: 10 | loss: 0.4339581
	speed: 0.0054s/iter; time left: 0.5926s
	iters: 1300, epoch: 10 | loss: 0.3520639
	speed: 0.0056s/iter; time left: 0.0559s
Epoch: 10 cost time: 7.4 seconds
Epoch: 10, Steps: 1309 | Train Loss: 0.2760069 Vali Loss: 4.7283807 Test Loss: 6.0617490
Validation loss decreased (4.729050 --> 4.728381).  Saving model ...
Updating learning rate to 9.765625e-07
>>>>>>>testing : FITS_MRO_336_192_M_channels_6_FITS_M_channels_6<<<<<<<<<<<<<<<<<<<<<<<<<<<<<<<<<
test 2953
FITS_MRO_336_192_M_channels_6_FITS_M_channels_6
Shapes: pred (2952, 192, 6), true (2952, 192, 6), naive_pred (2952, 192, 6)
Shapes: gt (369, 528), pd (369, 528), naive_pd (369, 528)
Final Metrics:
FITS         MSE: 6.061748   MAE: 1.716363   SE: 10.264798  RRMSE: 0.425395   RMAE: 0.296553   (numpy)
FITS         MSE: 6.061749   MAE: 1.716364   SE: 10.264800  RRMSE: 0.425396   RMAE: 0.296554   (torch)

Repeat       MSE: 6.562253   MAE: 1.653275   SE: 10.663110  RRMSE: 0.442609   RMAE: 0.285653   (numpy)
Repeat       MSE: 6.562253   MAE: 1.653276   SE: 10.663110  RRMSE: 0.442609   RMAE: 0.285653   (torch)


Model(
  (fits): FITS(
    (frequency_upsampler): Linear(in_features=168, out_features=264, bias=True)
  )
)
