Args in experiment:
Namespace(is_training=1, model_id='FITS_DLinear_GD_336_192_M_channels_6', model='FITS_DLinear', data='custom', root_path='./dataset/', data_path='GD.csv', features='M', target='Adj Close', freq='h', checkpoints='./checkpoints/', seq_len=336, label_len=48, pred_len=192, individual=False, embed_type=0, enc_in=6, dec_in=7, c_out=7, d_model=512, n_heads=8, e_layers=2, d_layers=1, d_ff=2048, moving_avg=25, factor=1, distil=True, dropout=0.05, embed='timeF', activation='gelu', output_attention=False, do_predict=False, num_workers=10, itr=1, train_epochs=10, batch_size=8, patience=3, learning_rate=0.0005, des='Exp', loss='mse', lradj='type1', use_amp=False, use_gpu=True, gpu=0, use_multi_gpu=False, devices='0,1,2,3', test_flop=False)
FITS_DLinear_GD_336_192_M_channels_6_FITS_DLinear_M_channels_6
Using GPU: NVIDIA GeForce RTX 4070 (cuda:0):
FITS cutoff frequency: 168
>>>>>>>start training : FITS_DLinear_GD_336_192_M_channels_6_FITS_DLinear_M_channels_6>>>>>>>>>>>>>>>>>>>>>>>>>>
train 10479
val 1383
test 2953
	iters: 100, epoch: 1 | loss: 0.1325938
	speed: 0.0205s/iter; time left: 266.1025s
	iters: 200, epoch: 1 | loss: 0.1762282
	speed: 0.0069s/iter; time left: 89.2401s
	iters: 300, epoch: 1 | loss: 0.1710957
	speed: 0.0069s/iter; time left: 88.4443s
	iters: 400, epoch: 1 | loss: 0.1456974
	speed: 0.0072s/iter; time left: 91.4798s
	iters: 500, epoch: 1 | loss: 0.1365862
	speed: 0.0066s/iter; time left: 83.1784s
	iters: 600, epoch: 1 | loss: 0.2700628
	speed: 0.0058s/iter; time left: 72.9349s
	iters: 700, epoch: 1 | loss: 0.1255947
	speed: 0.0054s/iter; time left: 66.4203s
	iters: 800, epoch: 1 | loss: 0.1027393
	speed: 0.0070s/iter; time left: 85.9106s
	iters: 900, epoch: 1 | loss: 0.2270248
	speed: 0.0076s/iter; time left: 92.3036s
	iters: 1000, epoch: 1 | loss: 0.0990781
	speed: 0.0070s/iter; time left: 85.0195s
	iters: 1100, epoch: 1 | loss: 0.1993507
	speed: 0.0068s/iter; time left: 81.0374s
	iters: 1200, epoch: 1 | loss: 0.4605813
	speed: 0.0067s/iter; time left: 79.7561s
	iters: 1300, epoch: 1 | loss: 0.1073239
	speed: 0.0067s/iter; time left: 78.5325s
Epoch: 1 cost time: 9.8 seconds
Epoch: 1, Steps: 1309 | Train Loss: 0.1844268 Vali Loss: 0.9337971 Test Loss: 4.2086468
Validation loss decreased (inf --> 0.933797).  Saving model ...
Updating learning rate to 0.0005
	iters: 100, epoch: 2 | loss: 0.2244252
	speed: 0.0383s/iter; time left: 447.3176s
	iters: 200, epoch: 2 | loss: 0.1629869
	speed: 0.0073s/iter; time left: 84.7592s
	iters: 300, epoch: 2 | loss: 0.1122096
	speed: 0.0070s/iter; time left: 79.8022s
	iters: 400, epoch: 2 | loss: 0.0912213
	speed: 0.0067s/iter; time left: 75.8763s
	iters: 500, epoch: 2 | loss: 0.2605731
	speed: 0.0068s/iter; time left: 77.1849s
	iters: 600, epoch: 2 | loss: 0.2369498
	speed: 0.0068s/iter; time left: 75.7667s
	iters: 700, epoch: 2 | loss: 0.1133986
	speed: 0.0069s/iter; time left: 76.0366s
	iters: 800, epoch: 2 | loss: 0.1553646
	speed: 0.0069s/iter; time left: 75.4879s
	iters: 900, epoch: 2 | loss: 0.1655548
	speed: 0.0070s/iter; time left: 75.7140s
	iters: 1000, epoch: 2 | loss: 0.1297528
	speed: 0.0071s/iter; time left: 76.2684s
	iters: 1100, epoch: 2 | loss: 0.3039177
	speed: 0.0071s/iter; time left: 75.8569s
	iters: 1200, epoch: 2 | loss: 0.2229008
	speed: 0.0071s/iter; time left: 74.7120s
	iters: 1300, epoch: 2 | loss: 0.1653263
	speed: 0.0072s/iter; time left: 75.3830s
Epoch: 2 cost time: 9.4 seconds
Epoch: 2, Steps: 1309 | Train Loss: 0.1745401 Vali Loss: 1.1392727 Test Loss: 3.1253161
EarlyStopping counter: 1 out of 3
Updating learning rate to 0.00025
	iters: 100, epoch: 3 | loss: 0.1351662
	speed: 0.0407s/iter; time left: 421.9006s
	iters: 200, epoch: 3 | loss: 0.4153432
	speed: 0.0071s/iter; time left: 72.7246s
	iters: 300, epoch: 3 | loss: 0.1143837
	speed: 0.0067s/iter; time left: 67.8630s
	iters: 400, epoch: 3 | loss: 0.1795133
	speed: 0.0070s/iter; time left: 70.0883s
	iters: 500, epoch: 3 | loss: 0.2586816
	speed: 0.0073s/iter; time left: 72.9956s
	iters: 600, epoch: 3 | loss: 0.1109438
	speed: 0.0072s/iter; time left: 71.4429s
	iters: 700, epoch: 3 | loss: 0.3882267
	speed: 0.0075s/iter; time left: 73.0025s
	iters: 800, epoch: 3 | loss: 0.2242379
	speed: 0.0072s/iter; time left: 69.9294s
	iters: 900, epoch: 3 | loss: 0.1530590
	speed: 0.0074s/iter; time left: 70.9460s
	iters: 1000, epoch: 3 | loss: 0.2812604
	speed: 0.0074s/iter; time left: 69.7932s
	iters: 1100, epoch: 3 | loss: 0.2195937
	speed: 0.0069s/iter; time left: 64.9153s
	iters: 1200, epoch: 3 | loss: 0.1697258
	speed: 0.0072s/iter; time left: 66.3675s
	iters: 1300, epoch: 3 | loss: 0.1884749
	speed: 0.0073s/iter; time left: 66.9239s
Epoch: 3 cost time: 9.6 seconds
Epoch: 3, Steps: 1309 | Train Loss: 0.1636273 Vali Loss: 0.9189913 Test Loss: 3.5110350
Validation loss decreased (0.933797 --> 0.918991).  Saving model ...
Updating learning rate to 0.000125
	iters: 100, epoch: 4 | loss: 0.0696940
	speed: 0.0416s/iter; time left: 376.6306s
	iters: 200, epoch: 4 | loss: 0.0853093
	speed: 0.0069s/iter; time left: 61.6838s
	iters: 300, epoch: 4 | loss: 0.0791266
	speed: 0.0070s/iter; time left: 61.9618s
	iters: 400, epoch: 4 | loss: 0.0759486
	speed: 0.0073s/iter; time left: 63.6771s
	iters: 500, epoch: 4 | loss: 0.2848504
	speed: 0.0073s/iter; time left: 63.3471s
	iters: 600, epoch: 4 | loss: 0.1222757
	speed: 0.0070s/iter; time left: 59.7036s
	iters: 700, epoch: 4 | loss: 0.3094792
	speed: 0.0068s/iter; time left: 57.3767s
	iters: 800, epoch: 4 | loss: 0.2236426
	speed: 0.0069s/iter; time left: 57.8806s
	iters: 900, epoch: 4 | loss: 0.1625247
	speed: 0.0070s/iter; time left: 58.1643s
	iters: 1000, epoch: 4 | loss: 0.2155187
	speed: 0.0069s/iter; time left: 56.7074s
	iters: 1100, epoch: 4 | loss: 0.1687830
	speed: 0.0069s/iter; time left: 55.5262s
	iters: 1200, epoch: 4 | loss: 0.0837561
	speed: 0.0070s/iter; time left: 55.5887s
	iters: 1300, epoch: 4 | loss: 0.1719751
	speed: 0.0071s/iter; time left: 55.8865s
Epoch: 4 cost time: 9.5 seconds
Epoch: 4, Steps: 1309 | Train Loss: 0.1594465 Vali Loss: 0.9728028 Test Loss: 2.5644195
EarlyStopping counter: 1 out of 3
Updating learning rate to 6.25e-05
	iters: 100, epoch: 5 | loss: 0.1042050
	speed: 0.0431s/iter; time left: 334.2106s
	iters: 200, epoch: 5 | loss: 0.0671019
	speed: 0.0070s/iter; time left: 53.3501s
	iters: 300, epoch: 5 | loss: 0.1599778
	speed: 0.0071s/iter; time left: 53.3741s
	iters: 400, epoch: 5 | loss: 0.3067452
	speed: 0.0072s/iter; time left: 53.9266s
	iters: 500, epoch: 5 | loss: 0.1360493
	speed: 0.0070s/iter; time left: 51.5777s
	iters: 600, epoch: 5 | loss: 0.1188965
	speed: 0.0066s/iter; time left: 48.0276s
	iters: 700, epoch: 5 | loss: 0.1896747
	speed: 0.0068s/iter; time left: 48.4897s
	iters: 800, epoch: 5 | loss: 0.0682913
	speed: 0.0071s/iter; time left: 49.8214s
	iters: 900, epoch: 5 | loss: 0.3112786
	speed: 0.0071s/iter; time left: 49.1304s
	iters: 1000, epoch: 5 | loss: 0.2729187
	speed: 0.0072s/iter; time left: 49.3400s
	iters: 1100, epoch: 5 | loss: 0.1029587
	speed: 0.0066s/iter; time left: 44.5394s
	iters: 1200, epoch: 5 | loss: 0.2048651
	speed: 0.0064s/iter; time left: 42.8529s
	iters: 1300, epoch: 5 | loss: 0.1449899
	speed: 0.0068s/iter; time left: 44.3360s
Epoch: 5 cost time: 9.4 seconds
Epoch: 5, Steps: 1309 | Train Loss: 0.1565701 Vali Loss: 0.8356745 Test Loss: 2.5942030
Validation loss decreased (0.918991 --> 0.835675).  Saving model ...
Updating learning rate to 3.125e-05
	iters: 100, epoch: 6 | loss: 0.1690013
	speed: 0.0422s/iter; time left: 272.2398s
	iters: 200, epoch: 6 | loss: 0.1977038
	speed: 0.0068s/iter; time left: 43.4012s
	iters: 300, epoch: 6 | loss: 0.1478840
	speed: 0.0068s/iter; time left: 42.7645s
	iters: 400, epoch: 6 | loss: 0.1321553
	speed: 0.0071s/iter; time left: 43.6415s
	iters: 500, epoch: 6 | loss: 0.1152764
	speed: 0.0071s/iter; time left: 43.0258s
	iters: 600, epoch: 6 | loss: 0.1024823
	speed: 0.0070s/iter; time left: 41.7138s
	iters: 700, epoch: 6 | loss: 0.1273075
	speed: 0.0072s/iter; time left: 42.0736s
	iters: 800, epoch: 6 | loss: 0.3301232
	speed: 0.0070s/iter; time left: 39.9507s
	iters: 900, epoch: 6 | loss: 0.1243481
	speed: 0.0075s/iter; time left: 42.5576s
	iters: 1000, epoch: 6 | loss: 0.2498384
	speed: 0.0075s/iter; time left: 41.4974s
	iters: 1100, epoch: 6 | loss: 0.2445501
	speed: 0.0077s/iter; time left: 42.1112s
	iters: 1200, epoch: 6 | loss: 0.0914102
	speed: 0.0075s/iter; time left: 40.1649s
	iters: 1300, epoch: 6 | loss: 0.0733607
	speed: 0.0075s/iter; time left: 39.2612s
Epoch: 6 cost time: 9.7 seconds
Epoch: 6, Steps: 1309 | Train Loss: 0.1551486 Vali Loss: 0.9059557 Test Loss: 2.3587980
EarlyStopping counter: 1 out of 3
Updating learning rate to 1.5625e-05
	iters: 100, epoch: 7 | loss: 0.1080137
	speed: 0.0401s/iter; time left: 206.1194s
	iters: 200, epoch: 7 | loss: 0.0662727
	speed: 0.0071s/iter; time left: 35.9990s
	iters: 300, epoch: 7 | loss: 0.1247259
	speed: 0.0073s/iter; time left: 35.7994s
	iters: 400, epoch: 7 | loss: 0.1591799
	speed: 0.0074s/iter; time left: 35.6284s
	iters: 500, epoch: 7 | loss: 0.0985947
	speed: 0.0071s/iter; time left: 33.8498s
	iters: 600, epoch: 7 | loss: 0.0913806
	speed: 0.0072s/iter; time left: 33.4522s
	iters: 700, epoch: 7 | loss: 0.1217841
	speed: 0.0072s/iter; time left: 32.6953s
	iters: 800, epoch: 7 | loss: 0.1068957
	speed: 0.0071s/iter; time left: 31.3650s
	iters: 900, epoch: 7 | loss: 0.1542341
	speed: 0.0072s/iter; time left: 31.2950s
	iters: 1000, epoch: 7 | loss: 0.0873357
	speed: 0.0069s/iter; time left: 29.2356s
	iters: 1100, epoch: 7 | loss: 0.0858438
	speed: 0.0070s/iter; time left: 29.1350s
	iters: 1200, epoch: 7 | loss: 0.2126958
	speed: 0.0074s/iter; time left: 29.9060s
	iters: 1300, epoch: 7 | loss: 0.1150495
	speed: 0.0075s/iter; time left: 29.4366s
Epoch: 7 cost time: 9.7 seconds
Epoch: 7, Steps: 1309 | Train Loss: 0.1544220 Vali Loss: 0.8879015 Test Loss: 2.3425000
EarlyStopping counter: 2 out of 3
Updating learning rate to 7.8125e-06
	iters: 100, epoch: 8 | loss: 0.1166399
	speed: 0.0415s/iter; time left: 158.6713s
	iters: 200, epoch: 8 | loss: 0.2019928
	speed: 0.0070s/iter; time left: 26.0395s
	iters: 300, epoch: 8 | loss: 0.0950830
	speed: 0.0070s/iter; time left: 25.5657s
	iters: 400, epoch: 8 | loss: 0.1628930
	speed: 0.0068s/iter; time left: 24.1358s
	iters: 500, epoch: 8 | loss: 0.1166478
	speed: 0.0070s/iter; time left: 23.8687s
	iters: 600, epoch: 8 | loss: 0.1029477
	speed: 0.0067s/iter; time left: 22.1418s
	iters: 700, epoch: 8 | loss: 0.1700122
	speed: 0.0069s/iter; time left: 22.1237s
	iters: 800, epoch: 8 | loss: 0.0510333
	speed: 0.0074s/iter; time left: 23.1661s
	iters: 900, epoch: 8 | loss: 0.2119752
	speed: 0.0069s/iter; time left: 20.9070s
	iters: 1000, epoch: 8 | loss: 0.1912525
	speed: 0.0069s/iter; time left: 20.3193s
	iters: 1100, epoch: 8 | loss: 0.1834013
	speed: 0.0069s/iter; time left: 19.6258s
	iters: 1200, epoch: 8 | loss: 0.0929512
	speed: 0.0070s/iter; time left: 18.9665s
	iters: 1300, epoch: 8 | loss: 0.2964202
	speed: 0.0080s/iter; time left: 21.0932s
Epoch: 8 cost time: 9.5 seconds
Epoch: 8, Steps: 1309 | Train Loss: 0.1540263 Vali Loss: 0.8851125 Test Loss: 2.3288786
EarlyStopping counter: 3 out of 3
Early stopping
>>>>>>>testing : FITS_DLinear_GD_336_192_M_channels_6_FITS_DLinear_M_channels_6<<<<<<<<<<<<<<<<<<<<<<<<<<<<<<<<<
test 2953
FITS_DLinear_GD_336_192_M_channels_6_FITS_DLinear_M_channels_6
Shapes: pred (2952, 192, 6), true (2952, 192, 6), naive_pred (2952, 192, 6)
Shapes: gt (369, 528), pd (369, 528), naive_pd (369, 528)
Final Metrics:
FITS_DLinear MSE: 2.594203   MAE: 1.188508   SE: 4.885116   RRMSE: 0.161844   RMAE: 0.119425   (numpy)
FITS_DLinear MSE: 2.594203   MAE: 1.188508   SE: 4.885116   RRMSE: 0.161844   RMAE: 0.119425   (torch)

Repeat       MSE: 2.249958   MAE: 1.076820   SE: 4.923409   RRMSE: 0.150723   RMAE: 0.108202   (numpy)
Repeat       MSE: 2.249958   MAE: 1.076820   SE: 4.923409   RRMSE: 0.150723   RMAE: 0.108202   (torch)


Model(
  (decomposition): SeriesDecomp(
    (moving_avg): MovingAvg(
      (avg): AvgPool1d(kernel_size=(25,), stride=(1,), padding=(0,))
    )
  )
  (fits): FITS(
    (frequency_upsampler): Linear(in_features=168, out_features=264, bias=True)
  )
  (Linear_Seasonal): Linear(in_features=528, out_features=192, bias=True)
  (Linear_Trend): Linear(in_features=336, out_features=192, bias=True)
)
