Args in experiment:
Namespace(is_training=1, model_id='FITS_GD_336_336_M_channels_6', model='FITS', data='custom', root_path='./dataset/', data_path='GD.csv', features='M', target='Adj Close', freq='h', checkpoints='./checkpoints/', seq_len=336, label_len=48, pred_len=336, individual=False, embed_type=0, enc_in=6, dec_in=7, c_out=7, d_model=512, n_heads=8, e_layers=2, d_layers=1, d_ff=2048, moving_avg=25, factor=1, distil=True, dropout=0.05, embed='timeF', activation='gelu', output_attention=False, do_predict=False, num_workers=10, itr=1, train_epochs=10, batch_size=8, patience=3, learning_rate=0.0005, des='Exp', loss='mse', lradj='type1', use_amp=False, use_gpu=True, gpu=0, use_multi_gpu=False, devices='0,1,2,3', test_flop=False)
FITS_GD_336_336_M_channels_6_FITS_M_channels_6
Using GPU: NVIDIA GeForce RTX 4070 (cuda:0):
>>>>>>>start training : FITS_GD_336_336_M_channels_6_FITS_M_channels_6>>>>>>>>>>>>>>>>>>>>>>>>>>
train 10335
val 1239
test 2809
	iters: 100, epoch: 1 | loss: 0.3899839
	speed: 0.0183s/iter; time left: 234.1270s
	iters: 200, epoch: 1 | loss: 0.1475537
	speed: 0.0047s/iter; time left: 59.2669s
	iters: 300, epoch: 1 | loss: 0.1459947
	speed: 0.0047s/iter; time left: 59.2525s
	iters: 400, epoch: 1 | loss: 0.2932115
	speed: 0.0047s/iter; time left: 58.3220s
	iters: 500, epoch: 1 | loss: 0.2000801
	speed: 0.0046s/iter; time left: 56.8015s
	iters: 600, epoch: 1 | loss: 0.2395088
	speed: 0.0046s/iter; time left: 56.4344s
	iters: 700, epoch: 1 | loss: 0.1162610
	speed: 0.0047s/iter; time left: 57.6175s
	iters: 800, epoch: 1 | loss: 0.1254697
	speed: 0.0048s/iter; time left: 58.1937s
	iters: 900, epoch: 1 | loss: 0.4106472
	speed: 0.0049s/iter; time left: 58.8922s
	iters: 1000, epoch: 1 | loss: 0.1124419
	speed: 0.0053s/iter; time left: 63.0008s
	iters: 1100, epoch: 1 | loss: 0.1230763
	speed: 0.0053s/iter; time left: 62.3764s
	iters: 1200, epoch: 1 | loss: 0.1397027
	speed: 0.0055s/iter; time left: 64.5939s
Epoch: 1 cost time: 7.3 seconds
Epoch: 1, Steps: 1291 | Train Loss: 0.2311845 Vali Loss: 1.2870570 Test Loss: 5.2057099
Validation loss decreased (inf --> 1.287057).  Saving model ...
Updating learning rate to 0.0005
	iters: 100, epoch: 2 | loss: 0.2025873
	speed: 0.0392s/iter; time left: 452.0948s
	iters: 200, epoch: 2 | loss: 0.1007114
	speed: 0.0053s/iter; time left: 60.6205s
	iters: 300, epoch: 2 | loss: 0.2355123
	speed: 0.0055s/iter; time left: 62.2454s
	iters: 400, epoch: 2 | loss: 0.1165082
	speed: 0.0055s/iter; time left: 61.8213s
	iters: 500, epoch: 2 | loss: 0.3108102
	speed: 0.0055s/iter; time left: 61.2909s
	iters: 600, epoch: 2 | loss: 0.2502249
	speed: 0.0055s/iter; time left: 60.6878s
	iters: 700, epoch: 2 | loss: 0.2181453
	speed: 0.0052s/iter; time left: 57.2190s
	iters: 800, epoch: 2 | loss: 0.2228215
	speed: 0.0054s/iter; time left: 58.0066s
	iters: 900, epoch: 2 | loss: 0.2211035
	speed: 0.0057s/iter; time left: 61.5427s
	iters: 1000, epoch: 2 | loss: 0.1221097
	speed: 0.0055s/iter; time left: 58.5603s
	iters: 1100, epoch: 2 | loss: 0.2590773
	speed: 0.0059s/iter; time left: 62.2218s
	iters: 1200, epoch: 2 | loss: 0.1114813
	speed: 0.0056s/iter; time left: 57.8909s
Epoch: 2 cost time: 7.4 seconds
Epoch: 2, Steps: 1291 | Train Loss: 0.1979038 Vali Loss: 1.2532815 Test Loss: 4.8910680
Validation loss decreased (1.287057 --> 1.253281).  Saving model ...
Updating learning rate to 0.00025
	iters: 100, epoch: 3 | loss: 0.2230820
	speed: 0.0413s/iter; time left: 422.1877s
	iters: 200, epoch: 3 | loss: 0.1991271
	speed: 0.0056s/iter; time left: 57.0419s
	iters: 300, epoch: 3 | loss: 0.1711154
	speed: 0.0057s/iter; time left: 57.5134s
	iters: 400, epoch: 3 | loss: 0.2241848
	speed: 0.0059s/iter; time left: 58.1622s
	iters: 500, epoch: 3 | loss: 0.0987110
	speed: 0.0059s/iter; time left: 58.1666s
	iters: 600, epoch: 3 | loss: 0.1620589
	speed: 0.0057s/iter; time left: 55.3231s
	iters: 700, epoch: 3 | loss: 0.1226862
	speed: 0.0056s/iter; time left: 53.7582s
	iters: 800, epoch: 3 | loss: 0.1190627
	speed: 0.0058s/iter; time left: 54.9676s
	iters: 900, epoch: 3 | loss: 0.1896989
	speed: 0.0058s/iter; time left: 55.0335s
	iters: 1000, epoch: 3 | loss: 0.2656998
	speed: 0.0058s/iter; time left: 53.9366s
	iters: 1100, epoch: 3 | loss: 0.2170895
	speed: 0.0055s/iter; time left: 50.9436s
	iters: 1200, epoch: 3 | loss: 0.4637036
	speed: 0.0056s/iter; time left: 51.4266s
Epoch: 3 cost time: 7.7 seconds
Epoch: 3, Steps: 1291 | Train Loss: 0.1939436 Vali Loss: 1.2313499 Test Loss: 4.8482504
Validation loss decreased (1.253281 --> 1.231350).  Saving model ...
Updating learning rate to 0.000125
	iters: 100, epoch: 4 | loss: 0.2526643
	speed: 0.0426s/iter; time left: 381.1025s
	iters: 200, epoch: 4 | loss: 0.1860382
	speed: 0.0058s/iter; time left: 51.4572s
	iters: 300, epoch: 4 | loss: 0.2210497
	speed: 0.0054s/iter; time left: 46.7987s
	iters: 400, epoch: 4 | loss: 0.0655214
	speed: 0.0056s/iter; time left: 48.1136s
	iters: 500, epoch: 4 | loss: 0.1465430
	speed: 0.0055s/iter; time left: 47.3506s
	iters: 600, epoch: 4 | loss: 0.1459855
	speed: 0.0055s/iter; time left: 46.6173s
	iters: 700, epoch: 4 | loss: 0.0661279
	speed: 0.0056s/iter; time left: 46.3843s
	iters: 800, epoch: 4 | loss: 0.3702327
	speed: 0.0052s/iter; time left: 43.2040s
	iters: 900, epoch: 4 | loss: 0.0940563
	speed: 0.0056s/iter; time left: 45.6402s
	iters: 1000, epoch: 4 | loss: 0.0684510
	speed: 0.0059s/iter; time left: 47.5759s
	iters: 1100, epoch: 4 | loss: 0.1173408
	speed: 0.0054s/iter; time left: 42.4890s
	iters: 1200, epoch: 4 | loss: 0.2108732
	speed: 0.0056s/iter; time left: 44.2485s
Epoch: 4 cost time: 7.4 seconds
Epoch: 4, Steps: 1291 | Train Loss: 0.1916232 Vali Loss: 1.2321169 Test Loss: 4.8147655
EarlyStopping counter: 1 out of 3
Updating learning rate to 6.25e-05
	iters: 100, epoch: 5 | loss: 0.3112952
	speed: 0.0436s/iter; time left: 333.3268s
	iters: 200, epoch: 5 | loss: 0.1952699
	speed: 0.0057s/iter; time left: 43.0355s
	iters: 300, epoch: 5 | loss: 0.1386635
	speed: 0.0056s/iter; time left: 41.8869s
	iters: 400, epoch: 5 | loss: 0.3067279
	speed: 0.0056s/iter; time left: 41.0755s
	iters: 500, epoch: 5 | loss: 0.1021204
	speed: 0.0058s/iter; time left: 41.7792s
	iters: 600, epoch: 5 | loss: 0.2397045
	speed: 0.0057s/iter; time left: 40.4901s
	iters: 700, epoch: 5 | loss: 0.0933774
	speed: 0.0055s/iter; time left: 38.8790s
	iters: 800, epoch: 5 | loss: 0.2846296
	speed: 0.0057s/iter; time left: 39.7174s
	iters: 900, epoch: 5 | loss: 0.1963817
	speed: 0.0057s/iter; time left: 39.1986s
	iters: 1000, epoch: 5 | loss: 0.0990783
	speed: 0.0057s/iter; time left: 38.1524s
	iters: 1100, epoch: 5 | loss: 0.2321339
	speed: 0.0054s/iter; time left: 35.6317s
	iters: 1200, epoch: 5 | loss: 0.2803361
	speed: 0.0055s/iter; time left: 36.0073s
Epoch: 5 cost time: 7.6 seconds
Epoch: 5, Steps: 1291 | Train Loss: 0.1903711 Vali Loss: 1.2269795 Test Loss: 4.8034315
Validation loss decreased (1.231350 --> 1.226979).  Saving model ...
Updating learning rate to 3.125e-05
	iters: 100, epoch: 6 | loss: 0.0918926
	speed: 0.0416s/iter; time left: 264.5007s
	iters: 200, epoch: 6 | loss: 0.1662128
	speed: 0.0058s/iter; time left: 36.1371s
	iters: 300, epoch: 6 | loss: 0.2728975
	speed: 0.0057s/iter; time left: 35.2923s
	iters: 400, epoch: 6 | loss: 0.1522865
	speed: 0.0058s/iter; time left: 35.1849s
	iters: 500, epoch: 6 | loss: 0.0912668
	speed: 0.0058s/iter; time left: 34.2823s
	iters: 600, epoch: 6 | loss: 0.2248765
	speed: 0.0052s/iter; time left: 30.2172s
	iters: 700, epoch: 6 | loss: 0.1838923
	speed: 0.0053s/iter; time left: 30.4423s
	iters: 800, epoch: 6 | loss: 0.1166075
	speed: 0.0052s/iter; time left: 29.6505s
	iters: 900, epoch: 6 | loss: 0.1225195
	speed: 0.0058s/iter; time left: 32.1934s
	iters: 1000, epoch: 6 | loss: 0.0899225
	speed: 0.0054s/iter; time left: 29.6426s
	iters: 1100, epoch: 6 | loss: 0.1902442
	speed: 0.0055s/iter; time left: 29.4733s
	iters: 1200, epoch: 6 | loss: 0.2082807
	speed: 0.0055s/iter; time left: 29.0177s
Epoch: 6 cost time: 7.4 seconds
Epoch: 6, Steps: 1291 | Train Loss: 0.1897328 Vali Loss: 1.2251167 Test Loss: 4.7972980
Validation loss decreased (1.226979 --> 1.225117).  Saving model ...
Updating learning rate to 1.5625e-05
	iters: 100, epoch: 7 | loss: 0.1921622
	speed: 0.0409s/iter; time left: 206.9266s
	iters: 200, epoch: 7 | loss: 0.1296720
	speed: 0.0056s/iter; time left: 27.5742s
	iters: 300, epoch: 7 | loss: 0.2269537
	speed: 0.0056s/iter; time left: 27.1003s
	iters: 400, epoch: 7 | loss: 0.1951066
	speed: 0.0056s/iter; time left: 26.9075s
	iters: 500, epoch: 7 | loss: 0.3539598
	speed: 0.0057s/iter; time left: 26.5797s
	iters: 600, epoch: 7 | loss: 0.1472119
	speed: 0.0055s/iter; time left: 25.2491s
	iters: 700, epoch: 7 | loss: 0.3959406
	speed: 0.0055s/iter; time left: 24.6057s
	iters: 800, epoch: 7 | loss: 0.0864976
	speed: 0.0057s/iter; time left: 24.8129s
	iters: 900, epoch: 7 | loss: 0.4849298
	speed: 0.0055s/iter; time left: 23.4515s
	iters: 1000, epoch: 7 | loss: 0.1405047
	speed: 0.0057s/iter; time left: 23.7531s
	iters: 1100, epoch: 7 | loss: 0.2599839
	speed: 0.0057s/iter; time left: 23.0217s
	iters: 1200, epoch: 7 | loss: 0.1442744
	speed: 0.0055s/iter; time left: 21.9953s
Epoch: 7 cost time: 7.6 seconds
Epoch: 7, Steps: 1291 | Train Loss: 0.1893910 Vali Loss: 1.2217883 Test Loss: 4.7945971
Validation loss decreased (1.225117 --> 1.221788).  Saving model ...
Updating learning rate to 7.8125e-06
	iters: 100, epoch: 8 | loss: 0.2043869
	speed: 0.0396s/iter; time left: 149.4201s
	iters: 200, epoch: 8 | loss: 0.1395199
	speed: 0.0053s/iter; time left: 19.4859s
	iters: 300, epoch: 8 | loss: 0.1072434
	speed: 0.0055s/iter; time left: 19.6127s
	iters: 400, epoch: 8 | loss: 0.1132637
	speed: 0.0056s/iter; time left: 19.4209s
	iters: 500, epoch: 8 | loss: 0.1815954
	speed: 0.0055s/iter; time left: 18.4362s
	iters: 600, epoch: 8 | loss: 0.0996010
	speed: 0.0053s/iter; time left: 17.3602s
	iters: 700, epoch: 8 | loss: 0.3182091
	speed: 0.0055s/iter; time left: 17.4688s
	iters: 800, epoch: 8 | loss: 0.0866655
	speed: 0.0057s/iter; time left: 17.4727s
	iters: 900, epoch: 8 | loss: 0.1106109
	speed: 0.0057s/iter; time left: 16.8980s
	iters: 1000, epoch: 8 | loss: 0.2238035
	speed: 0.0055s/iter; time left: 15.8948s
	iters: 1100, epoch: 8 | loss: 0.2841433
	speed: 0.0056s/iter; time left: 15.6146s
	iters: 1200, epoch: 8 | loss: 0.0975783
	speed: 0.0057s/iter; time left: 15.1738s
Epoch: 8 cost time: 7.4 seconds
Epoch: 8, Steps: 1291 | Train Loss: 0.1892407 Vali Loss: 1.2250342 Test Loss: 4.7930374
EarlyStopping counter: 1 out of 3
Updating learning rate to 3.90625e-06
	iters: 100, epoch: 9 | loss: 0.2049854
	speed: 0.0405s/iter; time left: 100.5146s
	iters: 200, epoch: 9 | loss: 0.1578314
	speed: 0.0059s/iter; time left: 14.0474s
	iters: 300, epoch: 9 | loss: 0.1813670
	speed: 0.0059s/iter; time left: 13.4356s
	iters: 400, epoch: 9 | loss: 0.1146925
	speed: 0.0055s/iter; time left: 12.0578s
	iters: 500, epoch: 9 | loss: 0.1067623
	speed: 0.0054s/iter; time left: 11.2347s
	iters: 600, epoch: 9 | loss: 0.3384955
	speed: 0.0056s/iter; time left: 11.0619s
	iters: 700, epoch: 9 | loss: 0.0827852
	speed: 0.0053s/iter; time left: 9.9867s
	iters: 800, epoch: 9 | loss: 0.1434054
	speed: 0.0054s/iter; time left: 9.5904s
	iters: 900, epoch: 9 | loss: 0.1745788
	speed: 0.0055s/iter; time left: 9.2961s
	iters: 1000, epoch: 9 | loss: 0.1306547
	speed: 0.0055s/iter; time left: 8.6851s
	iters: 1100, epoch: 9 | loss: 0.0831389
	speed: 0.0054s/iter; time left: 8.0215s
	iters: 1200, epoch: 9 | loss: 0.1734530
	speed: 0.0055s/iter; time left: 7.6627s
Epoch: 9 cost time: 7.4 seconds
Epoch: 9, Steps: 1291 | Train Loss: 0.1891180 Vali Loss: 1.2232977 Test Loss: 4.7923717
EarlyStopping counter: 2 out of 3
Updating learning rate to 1.953125e-06
	iters: 100, epoch: 10 | loss: 0.1574562
	speed: 0.0406s/iter; time left: 48.3366s
	iters: 200, epoch: 10 | loss: 0.1097619
	speed: 0.0055s/iter; time left: 6.0600s
	iters: 300, epoch: 10 | loss: 0.1631551
	speed: 0.0057s/iter; time left: 5.6410s
	iters: 400, epoch: 10 | loss: 0.1048437
	speed: 0.0056s/iter; time left: 4.9818s
	iters: 500, epoch: 10 | loss: 0.1228012
	speed: 0.0057s/iter; time left: 4.5267s
	iters: 600, epoch: 10 | loss: 0.0979341
	speed: 0.0058s/iter; time left: 4.0371s
	iters: 700, epoch: 10 | loss: 0.1460435
	speed: 0.0059s/iter; time left: 3.5157s
	iters: 800, epoch: 10 | loss: 0.3239819
	speed: 0.0053s/iter; time left: 2.6263s
	iters: 900, epoch: 10 | loss: 0.1195927
	speed: 0.0052s/iter; time left: 2.0425s
	iters: 1000, epoch: 10 | loss: 0.1453378
	speed: 0.0054s/iter; time left: 1.5630s
	iters: 1100, epoch: 10 | loss: 0.1074425
	speed: 0.0057s/iter; time left: 1.0990s
	iters: 1200, epoch: 10 | loss: 0.2554359
	speed: 0.0055s/iter; time left: 0.5051s
Epoch: 10 cost time: 7.5 seconds
Epoch: 10, Steps: 1291 | Train Loss: 0.1890092 Vali Loss: 1.2250189 Test Loss: 4.7919998
EarlyStopping counter: 3 out of 3
Early stopping
>>>>>>>testing : FITS_GD_336_336_M_channels_6_FITS_M_channels_6<<<<<<<<<<<<<<<<<<<<<<<<<<<<<<<<<
test 2809
FITS_GD_336_336_M_channels_6_FITS_M_channels_6
Shapes: pred (2808, 336, 6), true (2808, 336, 6), naive_pred (2808, 336, 6)
Shapes: gt (351, 672), pd (351, 672), naive_pd (351, 672)
Final Metrics:
FITS         MSE: 4.794598   MAE: 1.634945   SE: 9.222631   RRMSE: 0.219332   RMAE: 0.163768   (numpy)
FITS         MSE: 4.794597   MAE: 1.634945   SE: 9.222630   RRMSE: 0.219332   RMAE: 0.163768   (torch)

Repeat       MSE: 3.899310   MAE: 1.443789   SE: 8.557858   RRMSE: 0.197797   RMAE: 0.144620   (numpy)
Repeat       MSE: 3.899309   MAE: 1.443790   SE: 8.557858   RRMSE: 0.197797   RMAE: 0.144620   (torch)


Model(
  (fits): FITS(
    (frequency_upsampler): Linear(in_features=168, out_features=336, bias=True)
  )
)
