Args in experiment:
Namespace(is_training=1, model_id='FITS_100_exchange_rate_336_96_M_channels_7', model='FITS_100', data='custom', root_path='./dataset/', data_path='exchange_rate.csv', features='M', target='OT', freq='h', checkpoints='./checkpoints/', seq_len=336, label_len=48, pred_len=96, individual=False, embed_type=0, enc_in=7, dec_in=7, c_out=7, d_model=512, n_heads=8, e_layers=2, d_layers=1, d_ff=2048, moving_avg=25, factor=1, distil=True, dropout=0.05, embed='timeF', activation='gelu', output_attention=False, do_predict=False, num_workers=10, itr=1, train_epochs=10, batch_size=8, patience=3, learning_rate=0.0005, des='Exp', loss='mse', lradj='type1', use_amp=False, use_gpu=True, gpu=0, use_multi_gpu=False, devices='0,1,2,3', test_flop=False)
FITS_100_exchange_rate_336_96_M_channels_7_FITS_100_M_channels_7
Using GPU: NVIDIA GeForce RTX 4070 (cuda:0):
>>>>>>>start training : FITS_100_exchange_rate_336_96_M_channels_7_FITS_100_M_channels_7>>>>>>>>>>>>>>>>>>>>>>>>>>
train 4880
val 665
test 1422
	iters: 100, epoch: 1 | loss: 0.2407279
	speed: 0.0186s/iter; time left: 111.8964s
	iters: 200, epoch: 1 | loss: 0.2324205
	speed: 0.0049s/iter; time left: 29.1162s
	iters: 300, epoch: 1 | loss: 0.1276645
	speed: 0.0047s/iter; time left: 27.1472s
	iters: 400, epoch: 1 | loss: 0.1049851
	speed: 0.0047s/iter; time left: 26.5921s
	iters: 500, epoch: 1 | loss: 0.2871959
	speed: 0.0048s/iter; time left: 26.6410s
	iters: 600, epoch: 1 | loss: 0.1089807
	speed: 0.0048s/iter; time left: 26.5897s
Epoch: 1 cost time: 3.9 seconds
Epoch: 1, Steps: 610 | Train Loss: 0.1960680 Vali Loss: 0.1497197 Test Loss: 0.0993723
Validation loss decreased (inf --> 0.149720).  Saving model ...
Updating learning rate to 0.0005
	iters: 100, epoch: 2 | loss: 0.1368892
	speed: 0.0238s/iter; time left: 128.0983s
	iters: 200, epoch: 2 | loss: 0.1879259
	speed: 0.0051s/iter; time left: 27.1708s
	iters: 300, epoch: 2 | loss: 0.2610709
	speed: 0.0053s/iter; time left: 27.6548s
	iters: 400, epoch: 2 | loss: 0.3605500
	speed: 0.0049s/iter; time left: 25.1818s
	iters: 500, epoch: 2 | loss: 0.1003574
	speed: 0.0054s/iter; time left: 27.1550s
	iters: 600, epoch: 2 | loss: 0.0857067
	speed: 0.0055s/iter; time left: 26.9176s
Epoch: 2 cost time: 3.5 seconds
Epoch: 2, Steps: 610 | Train Loss: 0.1430342 Vali Loss: 0.1428933 Test Loss: 0.0911229
Validation loss decreased (0.149720 --> 0.142893).  Saving model ...
Updating learning rate to 0.00025
	iters: 100, epoch: 3 | loss: 0.1512927
	speed: 0.0252s/iter; time left: 120.5108s
	iters: 200, epoch: 3 | loss: 0.1277413
	speed: 0.0057s/iter; time left: 26.8416s
	iters: 300, epoch: 3 | loss: 0.1096107
	speed: 0.0057s/iter; time left: 26.2719s
	iters: 400, epoch: 3 | loss: 0.0690426
	speed: 0.0057s/iter; time left: 25.4502s
	iters: 500, epoch: 3 | loss: 0.0838008
	speed: 0.0053s/iter; time left: 23.0820s
	iters: 600, epoch: 3 | loss: 0.1216353
	speed: 0.0067s/iter; time left: 28.7561s
Epoch: 3 cost time: 3.8 seconds
Epoch: 3, Steps: 610 | Train Loss: 0.1348777 Vali Loss: 0.1408876 Test Loss: 0.0905176
Validation loss decreased (0.142893 --> 0.140888).  Saving model ...
Updating learning rate to 0.000125
	iters: 100, epoch: 4 | loss: 0.0744016
	speed: 0.0261s/iter; time left: 108.8484s
	iters: 200, epoch: 4 | loss: 0.0951915
	speed: 0.0053s/iter; time left: 21.5153s
	iters: 300, epoch: 4 | loss: 0.0976328
	speed: 0.0061s/iter; time left: 24.0474s
	iters: 400, epoch: 4 | loss: 0.0782526
	speed: 0.0055s/iter; time left: 21.1124s
	iters: 500, epoch: 4 | loss: 0.0979898
	speed: 0.0051s/iter; time left: 19.2164s
	iters: 600, epoch: 4 | loss: 0.1310655
	speed: 0.0049s/iter; time left: 18.0650s
Epoch: 4 cost time: 3.6 seconds
Epoch: 4, Steps: 610 | Train Loss: 0.1324619 Vali Loss: 0.1400437 Test Loss: 0.0887568
Validation loss decreased (0.140888 --> 0.140044).  Saving model ...
Updating learning rate to 6.25e-05
	iters: 100, epoch: 5 | loss: 0.1206575
	speed: 0.0262s/iter; time left: 93.1330s
	iters: 200, epoch: 5 | loss: 0.0835841
	speed: 0.0063s/iter; time left: 21.7595s
	iters: 300, epoch: 5 | loss: 0.3298918
	speed: 0.0057s/iter; time left: 19.1200s
	iters: 400, epoch: 5 | loss: 0.1095878
	speed: 0.0063s/iter; time left: 20.6991s
	iters: 500, epoch: 5 | loss: 0.0858876
	speed: 0.0070s/iter; time left: 21.9864s
	iters: 600, epoch: 5 | loss: 0.1144878
	speed: 0.0058s/iter; time left: 17.6154s
Epoch: 5 cost time: 4.1 seconds
Epoch: 5, Steps: 610 | Train Loss: 0.1314173 Vali Loss: 0.1396268 Test Loss: 0.0887440
Validation loss decreased (0.140044 --> 0.139627).  Saving model ...
Updating learning rate to 3.125e-05
	iters: 100, epoch: 6 | loss: 0.1848703
	speed: 0.0269s/iter; time left: 79.2551s
	iters: 200, epoch: 6 | loss: 0.0620594
	speed: 0.0063s/iter; time left: 17.8453s
	iters: 300, epoch: 6 | loss: 0.0795514
	speed: 0.0067s/iter; time left: 18.3835s
	iters: 400, epoch: 6 | loss: 0.0928942
	speed: 0.0064s/iter; time left: 16.9116s
	iters: 500, epoch: 6 | loss: 0.1165524
	speed: 0.0061s/iter; time left: 15.5471s
	iters: 600, epoch: 6 | loss: 0.1036864
	speed: 0.0060s/iter; time left: 14.7806s
Epoch: 6 cost time: 4.1 seconds
Epoch: 6, Steps: 610 | Train Loss: 0.1309241 Vali Loss: 0.1394397 Test Loss: 0.0886354
Validation loss decreased (0.139627 --> 0.139440).  Saving model ...
Updating learning rate to 1.5625e-05
	iters: 100, epoch: 7 | loss: 0.0919429
	speed: 0.0298s/iter; time left: 69.7698s
	iters: 200, epoch: 7 | loss: 0.1954080
	speed: 0.0061s/iter; time left: 13.6519s
	iters: 300, epoch: 7 | loss: 0.0875327
	speed: 0.0058s/iter; time left: 12.3890s
	iters: 400, epoch: 7 | loss: 0.0954084
	speed: 0.0055s/iter; time left: 11.1789s
	iters: 500, epoch: 7 | loss: 0.0850303
	speed: 0.0055s/iter; time left: 10.6134s
	iters: 600, epoch: 7 | loss: 0.1214260
	speed: 0.0056s/iter; time left: 10.3212s
Epoch: 7 cost time: 3.8 seconds
Epoch: 7, Steps: 610 | Train Loss: 0.1306810 Vali Loss: 0.1393990 Test Loss: 0.0884788
Validation loss decreased (0.139440 --> 0.139399).  Saving model ...
Updating learning rate to 7.8125e-06
	iters: 100, epoch: 8 | loss: 0.0507395
	speed: 0.0276s/iter; time left: 47.8110s
	iters: 200, epoch: 8 | loss: 0.1494362
	speed: 0.0058s/iter; time left: 9.5236s
	iters: 300, epoch: 8 | loss: 0.1229624
	speed: 0.0057s/iter; time left: 8.6540s
	iters: 400, epoch: 8 | loss: 0.0692552
	speed: 0.0056s/iter; time left: 8.0354s
	iters: 500, epoch: 8 | loss: 0.1082008
	speed: 0.0056s/iter; time left: 7.5094s
	iters: 600, epoch: 8 | loss: 0.2975351
	speed: 0.0057s/iter; time left: 7.0601s
Epoch: 8 cost time: 3.9 seconds
Epoch: 8, Steps: 610 | Train Loss: 0.1305582 Vali Loss: 0.1392074 Test Loss: 0.0884588
Validation loss decreased (0.139399 --> 0.139207).  Saving model ...
Updating learning rate to 3.90625e-06
	iters: 100, epoch: 9 | loss: 0.1009095
	speed: 0.0303s/iter; time left: 33.9317s
	iters: 200, epoch: 9 | loss: 0.0970252
	speed: 0.0057s/iter; time left: 5.8599s
	iters: 300, epoch: 9 | loss: 0.2128409
	speed: 0.0047s/iter; time left: 4.3209s
	iters: 400, epoch: 9 | loss: 0.1109436
	speed: 0.0048s/iter; time left: 3.9411s
	iters: 500, epoch: 9 | loss: 0.1326720
	speed: 0.0048s/iter; time left: 3.4393s
	iters: 600, epoch: 9 | loss: 0.0872401
	speed: 0.0048s/iter; time left: 2.9548s
Epoch: 9 cost time: 3.4 seconds
Epoch: 9, Steps: 610 | Train Loss: 0.1304983 Vali Loss: 0.1392948 Test Loss: 0.0884283
EarlyStopping counter: 1 out of 3
Updating learning rate to 1.953125e-06
	iters: 100, epoch: 10 | loss: 0.1016501
	speed: 0.0255s/iter; time left: 13.0087s
	iters: 200, epoch: 10 | loss: 0.0846807
	speed: 0.0053s/iter; time left: 2.1797s
	iters: 300, epoch: 10 | loss: 0.1578393
	speed: 0.0049s/iter; time left: 1.5290s
	iters: 400, epoch: 10 | loss: 0.1328179
	speed: 0.0065s/iter; time left: 1.3742s
	iters: 500, epoch: 10 | loss: 0.1759224
	speed: 0.0059s/iter; time left: 0.6593s
	iters: 600, epoch: 10 | loss: 0.1130737
	speed: 0.0058s/iter; time left: 0.0641s
Epoch: 10 cost time: 3.8 seconds
Epoch: 10, Steps: 610 | Train Loss: 0.1304680 Vali Loss: 0.1393431 Test Loss: 0.0884186
EarlyStopping counter: 2 out of 3
Updating learning rate to 9.765625e-07
>>>>>>>testing : FITS_100_exchange_rate_336_96_M_channels_7_FITS_100_M_channels_7<<<<<<<<<<<<<<<<<<<<<<<<<<<<<<<<<
test 1422
FITS_100_exchange_rate_336_96_M_channels_7_FITS_100_M_channels_7
Shapes: pred (1416, 96, 8), true (1416, 96, 8), naive_pred (1416, 96, 8)
Shapes: gt (177, 432), pd (177, 432), naive_pd (177, 432)
Final Metrics:
FITS_100     MSE: 0.088459   MAE: 0.211728   SE: 0.196393   RRMSE: 0.204297   RMAE: 0.145436   (numpy)
FITS_100     MSE: 0.088459   MAE: 0.211728   SE: 0.196393   RRMSE: 0.204297   RMAE: 0.145436   (torch)

Repeat       MSE: 0.080829   MAE: 0.196013   SE: 0.164268   RRMSE: 0.195288   RMAE: 0.134641   (numpy)
Repeat       MSE: 0.080829   MAE: 0.196013   SE: 0.164268   RRMSE: 0.195288   RMAE: 0.134641   (torch)

