Args in experiment:
Namespace(is_training=1, model_id='FITS_DLinear_MRO_336_720_M_channels_6', model='FITS_DLinear', data='custom', root_path='./dataset/', data_path='MRO.csv', features='M', target='Adj Close', freq='h', checkpoints='./checkpoints/', seq_len=336, label_len=48, pred_len=720, individual=False, embed_type=0, enc_in=6, dec_in=7, c_out=7, d_model=512, n_heads=8, e_layers=2, d_layers=1, d_ff=2048, moving_avg=25, factor=1, distil=True, dropout=0.05, embed='timeF', activation='gelu', output_attention=False, do_predict=False, num_workers=10, itr=1, train_epochs=10, batch_size=8, patience=3, learning_rate=0.0005, des='Exp', loss='mse', lradj='type1', use_amp=False, use_gpu=True, gpu=0, use_multi_gpu=False, devices='0,1,2,3', test_flop=False)
FITS_DLinear_MRO_336_720_M_channels_6_FITS_DLinear_M_channels_6
Using GPU: NVIDIA GeForce RTX 4070 (cuda:0):
FITS cutoff frequency: 168
>>>>>>>start training : FITS_DLinear_MRO_336_720_M_channels_6_FITS_DLinear_M_channels_6>>>>>>>>>>>>>>>>>>>>>>>>>>
train 9951
val 855
test 2425
	iters: 100, epoch: 1 | loss: 0.4762245
	speed: 0.0209s/iter; time left: 258.0463s
	iters: 200, epoch: 1 | loss: 0.5370757
	speed: 0.0059s/iter; time left: 71.7157s
	iters: 300, epoch: 1 | loss: 0.6217224
	speed: 0.0065s/iter; time left: 79.1891s
	iters: 400, epoch: 1 | loss: 0.4438705
	speed: 0.0060s/iter; time left: 72.6613s
	iters: 500, epoch: 1 | loss: 0.3459987
	speed: 0.0059s/iter; time left: 70.9110s
	iters: 600, epoch: 1 | loss: 0.4159298
	speed: 0.0062s/iter; time left: 73.2854s
	iters: 700, epoch: 1 | loss: 0.6182632
	speed: 0.0060s/iter; time left: 70.1694s
	iters: 800, epoch: 1 | loss: 0.4693930
	speed: 0.0058s/iter; time left: 67.8052s
	iters: 900, epoch: 1 | loss: 0.7473384
	speed: 0.0060s/iter; time left: 68.7215s
	iters: 1000, epoch: 1 | loss: 0.4315997
	speed: 0.0065s/iter; time left: 74.7216s
	iters: 1100, epoch: 1 | loss: 0.4635588
	speed: 0.0063s/iter; time left: 71.2297s
	iters: 1200, epoch: 1 | loss: 0.5896904
	speed: 0.0061s/iter; time left: 68.7320s
Epoch: 1 cost time: 8.7 seconds
Epoch: 1, Steps: 1243 | Train Loss: 0.5597049 Vali Loss: 13.8744011 Test Loss: 18.0505390
Validation loss decreased (inf --> 13.874401).  Saving model ...
Updating learning rate to 0.0005
	iters: 100, epoch: 2 | loss: 0.8058664
	speed: 0.0357s/iter; time left: 396.2226s
	iters: 200, epoch: 2 | loss: 0.3791825
	speed: 0.0060s/iter; time left: 65.6072s
	iters: 300, epoch: 2 | loss: 0.5673674
	speed: 0.0063s/iter; time left: 68.4862s
	iters: 400, epoch: 2 | loss: 0.3848183
	speed: 0.0070s/iter; time left: 75.3451s
	iters: 500, epoch: 2 | loss: 0.3032720
	speed: 0.0062s/iter; time left: 66.0124s
	iters: 600, epoch: 2 | loss: 0.3964263
	speed: 0.0064s/iter; time left: 67.7870s
	iters: 700, epoch: 2 | loss: 0.5223867
	speed: 0.0064s/iter; time left: 67.4843s
	iters: 800, epoch: 2 | loss: 0.7773306
	speed: 0.0060s/iter; time left: 62.2683s
	iters: 900, epoch: 2 | loss: 0.2821097
	speed: 0.0060s/iter; time left: 62.1622s
	iters: 1000, epoch: 2 | loss: 0.6412380
	speed: 0.0068s/iter; time left: 68.8214s
	iters: 1100, epoch: 2 | loss: 0.5029794
	speed: 0.0063s/iter; time left: 63.7835s
	iters: 1200, epoch: 2 | loss: 0.5274598
	speed: 0.0062s/iter; time left: 62.3771s
Epoch: 2 cost time: 8.1 seconds
Epoch: 2, Steps: 1243 | Train Loss: 0.5424098 Vali Loss: 12.1065550 Test Loss: 15.7665367
Validation loss decreased (13.874401 --> 12.106555).  Saving model ...
Updating learning rate to 0.00025
	iters: 100, epoch: 3 | loss: 0.4206566
	speed: 0.0356s/iter; time left: 350.2704s
	iters: 200, epoch: 3 | loss: 0.2746550
	speed: 0.0062s/iter; time left: 60.6094s
	iters: 300, epoch: 3 | loss: 0.4530039
	speed: 0.0064s/iter; time left: 61.6311s
	iters: 400, epoch: 3 | loss: 0.9612649
	speed: 0.0068s/iter; time left: 65.2777s
	iters: 500, epoch: 3 | loss: 0.6808617
	speed: 0.0059s/iter; time left: 56.0114s
	iters: 600, epoch: 3 | loss: 0.3232371
	speed: 0.0062s/iter; time left: 57.5515s
	iters: 700, epoch: 3 | loss: 0.5614477
	speed: 0.0062s/iter; time left: 57.7372s
	iters: 800, epoch: 3 | loss: 0.5733437
	speed: 0.0061s/iter; time left: 55.6236s
	iters: 900, epoch: 3 | loss: 0.5807421
	speed: 0.0060s/iter; time left: 53.8701s
	iters: 1000, epoch: 3 | loss: 0.5780440
	speed: 0.0059s/iter; time left: 52.6352s
	iters: 1100, epoch: 3 | loss: 0.5142028
	speed: 0.0062s/iter; time left: 54.7891s
	iters: 1200, epoch: 3 | loss: 0.7049652
	speed: 0.0060s/iter; time left: 52.8832s
Epoch: 3 cost time: 8.0 seconds
Epoch: 3, Steps: 1243 | Train Loss: 0.5256433 Vali Loss: 19.8826828 Test Loss: 21.8128471
EarlyStopping counter: 1 out of 3
Updating learning rate to 0.000125
	iters: 100, epoch: 4 | loss: 0.7390219
	speed: 0.0371s/iter; time left: 318.9177s
	iters: 200, epoch: 4 | loss: 0.4032203
	speed: 0.0063s/iter; time left: 53.1759s
	iters: 300, epoch: 4 | loss: 0.3864115
	speed: 0.0069s/iter; time left: 58.3219s
	iters: 400, epoch: 4 | loss: 0.8584915
	speed: 0.0068s/iter; time left: 56.2122s
	iters: 500, epoch: 4 | loss: 0.4785692
	speed: 0.0062s/iter; time left: 51.0150s
	iters: 600, epoch: 4 | loss: 0.5402964
	speed: 0.0063s/iter; time left: 51.2557s
	iters: 700, epoch: 4 | loss: 0.3633480
	speed: 0.0065s/iter; time left: 51.8471s
	iters: 800, epoch: 4 | loss: 0.2987521
	speed: 0.0067s/iter; time left: 53.1853s
	iters: 900, epoch: 4 | loss: 0.5514505
	speed: 0.0065s/iter; time left: 50.4873s
	iters: 1000, epoch: 4 | loss: 0.4227101
	speed: 0.0068s/iter; time left: 52.4382s
	iters: 1100, epoch: 4 | loss: 0.3588614
	speed: 0.0066s/iter; time left: 50.2117s
	iters: 1200, epoch: 4 | loss: 0.4644719
	speed: 0.0065s/iter; time left: 49.0733s
Epoch: 4 cost time: 8.5 seconds
Epoch: 4, Steps: 1243 | Train Loss: 0.5169255 Vali Loss: 14.8938427 Test Loss: 18.0682106
EarlyStopping counter: 2 out of 3
Updating learning rate to 6.25e-05
	iters: 100, epoch: 5 | loss: 0.4532263
	speed: 0.0403s/iter; time left: 296.2156s
	iters: 200, epoch: 5 | loss: 0.6015134
	speed: 0.0066s/iter; time left: 47.9961s
	iters: 300, epoch: 5 | loss: 0.4170131
	speed: 0.0067s/iter; time left: 48.0661s
	iters: 400, epoch: 5 | loss: 0.4912538
	speed: 0.0066s/iter; time left: 46.7297s
	iters: 500, epoch: 5 | loss: 0.2606119
	speed: 0.0070s/iter; time left: 48.8092s
	iters: 600, epoch: 5 | loss: 0.5610806
	speed: 0.0066s/iter; time left: 45.2661s
	iters: 700, epoch: 5 | loss: 0.6328691
	speed: 0.0067s/iter; time left: 45.4825s
	iters: 800, epoch: 5 | loss: 0.4889676
	speed: 0.0065s/iter; time left: 43.5637s
	iters: 900, epoch: 5 | loss: 0.4129470
	speed: 0.0062s/iter; time left: 40.9151s
	iters: 1000, epoch: 5 | loss: 0.4489754
	speed: 0.0068s/iter; time left: 43.8702s
	iters: 1100, epoch: 5 | loss: 0.5039768
	speed: 0.0065s/iter; time left: 41.2674s
	iters: 1200, epoch: 5 | loss: 0.7383245
	speed: 0.0067s/iter; time left: 42.1161s
Epoch: 5 cost time: 8.7 seconds
Epoch: 5, Steps: 1243 | Train Loss: 0.5125625 Vali Loss: 13.3127346 Test Loss: 16.1641846
EarlyStopping counter: 3 out of 3
Early stopping
>>>>>>>testing : FITS_DLinear_MRO_336_720_M_channels_6_FITS_DLinear_M_channels_6<<<<<<<<<<<<<<<<<<<<<<<<<<<<<<<<<
test 2425
FITS_DLinear_MRO_336_720_M_channels_6_FITS_DLinear_M_channels_6
Shapes: pred (2424, 720, 6), true (2424, 720, 6), naive_pred (2424, 720, 6)
Shapes: gt (303, 1056), pd (303, 1056), naive_pd (303, 1056)
Final Metrics:
FITS_DLinear MSE: 15.766529  MAE: 2.892407   SE: 19.057692  RRMSE: 0.752532   RMAE: 0.548171   (numpy)
FITS_DLinear MSE: 15.766537  MAE: 2.892407   SE: 19.057693  RRMSE: 0.752532   RMAE: 0.548171   (torch)

Repeat       MSE: 20.380396  MAE: 3.232846   SE: 33.095654  RRMSE: 0.855585   RMAE: 0.612691   (numpy)
Repeat       MSE: 20.380388  MAE: 3.232842   SE: 33.095657  RRMSE: 0.855585   RMAE: 0.612691   (torch)


Model(
  (decomposition): SeriesDecomp(
    (moving_avg): MovingAvg(
      (avg): AvgPool1d(kernel_size=(25,), stride=(1,), padding=(0,))
    )
  )
  (fits): FITS(
    (frequency_upsampler): Linear(in_features=168, out_features=528, bias=True)
  )
  (Linear_Seasonal): Linear(in_features=1056, out_features=720, bias=True)
  (Linear_Trend): Linear(in_features=336, out_features=720, bias=True)
)
