Args in experiment:
Namespace(is_training=1, model_id='GD_336_720_MS_channels_6', model='FITS10', data='custom', root_path='./dataset/', data_path='GD.csv', features='MS', target='Adj Close', freq='h', checkpoints='./checkpoints/', seq_len=336, label_len=48, pred_len=720, individual=False, embed_type=0, enc_in=6, dec_in=7, c_out=7, d_model=512, n_heads=8, e_layers=2, d_layers=1, d_ff=2048, moving_avg=25, factor=1, distil=True, dropout=0.05, embed='timeF', activation='gelu', output_attention=False, do_predict=False, num_workers=0, itr=1, train_epochs=10, batch_size=8, patience=3, learning_rate=0.0005, des='Exp', loss='mse', lradj='type1', use_amp=False, use_gpu=False, gpu=0, use_multi_gpu=False, devices='0,1,2,3', test_flop=False)
GD_336_720_MS_channels_6
Use CPU
FITS cutoff frequency: 10

Model(
  (fits): FITS(
    (frequency_upsampler): Linear(in_features=10, out_features=31, bias=True)
  )
)

>>>>>>>start training : GD_336_720_MS_channels_6>>>>>>>>>>>>>>>>>>>>>>>>>>

train 9951
val 855
test 2425
	iters: 100, epoch: 1 | loss: 0.0054172
	speed: 0.0045s/iter; time left: 56.0083s
	iters: 200, epoch: 1 | loss: 0.0176814
	speed: 0.0014s/iter; time left: 16.8371s
	iters: 300, epoch: 1 | loss: 0.2432673
	speed: 0.0013s/iter; time left: 15.6159s
	iters: 400, epoch: 1 | loss: 0.1939892
	speed: 0.0013s/iter; time left: 15.1107s
	iters: 500, epoch: 1 | loss: 0.0136927
	speed: 0.0013s/iter; time left: 14.9424s
	iters: 600, epoch: 1 | loss: 0.1761273
	speed: 0.0013s/iter; time left: 14.8148s
	iters: 700, epoch: 1 | loss: 0.0734016
	speed: 0.0013s/iter; time left: 14.7539s
	iters: 800, epoch: 1 | loss: 0.0661836
	speed: 0.0013s/iter; time left: 14.6199s
	iters: 900, epoch: 1 | loss: 0.0598076
	speed: 0.0013s/iter; time left: 14.4139s
	iters: 1000, epoch: 1 | loss: 0.0399180
	speed: 0.0013s/iter; time left: 14.3750s
	iters: 1100, epoch: 1 | loss: 0.1146702
	speed: 0.0013s/iter; time left: 14.1797s
	iters: 1200, epoch: 1 | loss: 0.2478942
	speed: 0.0013s/iter; time left: 14.0978s
Epoch: 1 cost time: 1.6s
Epoch: 1, Steps: 1243 | Train Loss: 0.0954969 Vali Loss: 2.3847117 Test Loss: 24.3510513
Validation loss decreased (inf --> 2.384712).  Saving model ...
Updating learning rate to 0.0005
	iters: 100, epoch: 2 | loss: 0.0670931
	speed: 0.0044s/iter; time left: 48.8705s
	iters: 200, epoch: 2 | loss: 0.1242831
	speed: 0.0013s/iter; time left: 13.7718s
	iters: 300, epoch: 2 | loss: 0.1285574
	speed: 0.0013s/iter; time left: 13.6795s
	iters: 400, epoch: 2 | loss: 0.0134113
	speed: 0.0013s/iter; time left: 14.1239s
	iters: 500, epoch: 2 | loss: 0.0862039
	speed: 0.0013s/iter; time left: 13.6463s
	iters: 600, epoch: 2 | loss: 0.0884475
	speed: 0.0012s/iter; time left: 13.1630s
	iters: 700, epoch: 2 | loss: 0.0685154
	speed: 0.0013s/iter; time left: 13.5515s
	iters: 800, epoch: 2 | loss: 0.0547202
	speed: 0.0013s/iter; time left: 13.0736s
	iters: 900, epoch: 2 | loss: 0.1215515
	speed: 0.0013s/iter; time left: 12.9369s
	iters: 1000, epoch: 2 | loss: 0.0853403
	speed: 0.0013s/iter; time left: 12.7616s
	iters: 1100, epoch: 2 | loss: 0.0179357
	speed: 0.0013s/iter; time left: 12.6241s
	iters: 1200, epoch: 2 | loss: 0.1646066
	speed: 0.0013s/iter; time left: 12.5803s
Epoch: 2 cost time: 1.6s
Epoch: 2, Steps: 1243 | Train Loss: 0.0773884 Vali Loss: 2.4953651 Test Loss: 24.0805817
EarlyStopping counter: 1 out of 3
Updating learning rate to 0.00025
	iters: 100, epoch: 3 | loss: 0.2199334
	speed: 0.0044s/iter; time left: 43.0041s
	iters: 200, epoch: 3 | loss: 0.0733817
	speed: 0.0013s/iter; time left: 12.2273s
	iters: 300, epoch: 3 | loss: 0.3133785
	speed: 0.0012s/iter; time left: 11.9860s
	iters: 400, epoch: 3 | loss: 0.0489488
	speed: 0.0013s/iter; time left: 12.1583s
	iters: 500, epoch: 3 | loss: 0.0467534
	speed: 0.0012s/iter; time left: 11.7246s
	iters: 600, epoch: 3 | loss: 0.0014677
	speed: 0.0013s/iter; time left: 11.9388s
	iters: 700, epoch: 3 | loss: 0.0339133
	speed: 0.0012s/iter; time left: 11.5162s
	iters: 800, epoch: 3 | loss: 0.0343264
	speed: 0.0013s/iter; time left: 11.4843s
	iters: 900, epoch: 3 | loss: 0.0904503
	speed: 0.0013s/iter; time left: 11.4972s
	iters: 1000, epoch: 3 | loss: 0.0033979
	speed: 0.0013s/iter; time left: 11.2346s
	iters: 1100, epoch: 3 | loss: 0.1137995
	speed: 0.0012s/iter; time left: 10.9991s
	iters: 1200, epoch: 3 | loss: 0.0757060
	speed: 0.0012s/iter; time left: 10.8803s
Epoch: 3 cost time: 1.6s
Epoch: 3, Steps: 1243 | Train Loss: 0.0735946 Vali Loss: 2.5359762 Test Loss: 24.0595322
EarlyStopping counter: 2 out of 3
Updating learning rate to 0.000125
	iters: 100, epoch: 4 | loss: 0.0487915
	speed: 0.0044s/iter; time left: 37.9449s
	iters: 200, epoch: 4 | loss: 0.0063860
	speed: 0.0012s/iter; time left: 10.4672s
	iters: 300, epoch: 4 | loss: 0.1054455
	speed: 0.0014s/iter; time left: 11.4673s
	iters: 400, epoch: 4 | loss: 0.0261493
	speed: 0.0013s/iter; time left: 10.5380s
	iters: 500, epoch: 4 | loss: 0.0262132
	speed: 0.0013s/iter; time left: 10.3225s
	iters: 600, epoch: 4 | loss: 0.1996574
	speed: 0.0012s/iter; time left: 10.0145s
	iters: 700, epoch: 4 | loss: 0.0390866
	speed: 0.0012s/iter; time left: 9.9531s
	iters: 800, epoch: 4 | loss: 0.0897908
	speed: 0.0013s/iter; time left: 10.1944s
	iters: 900, epoch: 4 | loss: 0.2316081
	speed: 0.0013s/iter; time left: 9.8851s
	iters: 1000, epoch: 4 | loss: 0.0172729
	speed: 0.0012s/iter; time left: 9.5610s
	iters: 1100, epoch: 4 | loss: 0.0555703
	speed: 0.0012s/iter; time left: 9.4688s
	iters: 1200, epoch: 4 | loss: 0.0045093
	speed: 0.0013s/iter; time left: 9.4261s
Epoch: 4 cost time: 1.6s
Epoch: 4, Steps: 1243 | Train Loss: 0.0725430 Vali Loss: 2.5463626 Test Loss: 24.0647659
EarlyStopping counter: 3 out of 3
Early stopping
>>>>>>>testing : GD_336_720_MS_channels_6<<<<<<<<<<<<<<<<<<<<<<<<<<<<<<<<<
test 2425

Final Metrics:

FITS10       MSE: 24.351048  MAE: 4.081226   SE: 48.666286  RRMSE: 0.319531   RMAE: 0.264268   (numpy)
FITS10       MSE: 24.351049  MAE: 4.081225   SE: 48.666286  RRMSE: 0.319531   RMAE: 0.264268   (torch)

Repeat       MSE: 20.162743  MAE: 3.575489   SE: 46.713753  RRMSE: 0.290756   RMAE: 0.231521   (numpy)
Repeat       MSE: 20.162741  MAE: 3.575489   SE: 46.713760  RRMSE: 0.290756   RMAE: 0.231521   (torch)

Shapes: pred (2424, 720, 1), true (2424, 720, 1), naive_pred (2424, 720, 1), gt (2424, 1056, 1), metrics {'FITS10': {'mse': 24.351048, 'mae': 4.081226, 'se': 48.666286, 'relative_rmse': 0.31953123, 'relative_mae': 0.26426834, 'mse_torch': 24.351049423217773, 'mae_torch': 4.0812249183654785, 'se_torch': 48.66628646850586, 'relative_rmse_torch': 0.3195312478385989, 'relative_mae_torch': 0.26426827140843573}, 'Repeat': {'mse': 20.162743, 'mae': 3.5754886, 'se': 46.713753, 'relative_rmse': 0.29075643, 'relative_mae': 0.23152073, 'mse_torch': 20.16274070739746, 'mae_torch': 3.575488805770874, 'se_torch': 46.71376037597656, 'relative_rmse_torch': 0.29075639592843516, 'relative_mae_torch': 0.23152074806984826}}
