Args in experiment:
Namespace(is_training=1, model_id='GD_336_336_MS_channels_6', model='FITS10', data='custom', root_path='./dataset/', data_path='GD.csv', features='MS', target='Adj Close', freq='h', checkpoints='./checkpoints/', seq_len=336, label_len=48, pred_len=336, individual=False, embed_type=0, enc_in=6, dec_in=7, c_out=7, d_model=512, n_heads=8, e_layers=2, d_layers=1, d_ff=2048, moving_avg=25, factor=1, distil=True, dropout=0.05, embed='timeF', activation='gelu', output_attention=False, do_predict=False, num_workers=0, itr=1, train_epochs=10, batch_size=8, patience=3, learning_rate=0.0005, des='Exp', loss='mse', lradj='type1', use_amp=False, use_gpu=False, gpu=0, use_multi_gpu=False, devices='0,1,2,3', test_flop=False)
GD_336_336_MS_channels_6
Use CPU
FITS cutoff frequency: 10

Model(
  (fits): FITS(
    (frequency_upsampler): Linear(in_features=10, out_features=20, bias=True)
  )
)

>>>>>>>start training : GD_336_336_MS_channels_6>>>>>>>>>>>>>>>>>>>>>>>>>>

train 10335
val 1239
test 2809
	iters: 100, epoch: 1 | loss: 0.0154007
	speed: 0.0040s/iter; time left: 50.8009s
	iters: 200, epoch: 1 | loss: 0.0547618
	speed: 0.0007s/iter; time left: 8.7580s
	iters: 300, epoch: 1 | loss: 0.1001073
	speed: 0.0007s/iter; time left: 8.6732s
	iters: 400, epoch: 1 | loss: 0.0029570
	speed: 0.0007s/iter; time left: 8.5922s
	iters: 500, epoch: 1 | loss: 0.0771850
	speed: 0.0007s/iter; time left: 8.4917s
	iters: 600, epoch: 1 | loss: 0.1181986
	speed: 0.0007s/iter; time left: 8.4313s
	iters: 700, epoch: 1 | loss: 0.0974249
	speed: 0.0007s/iter; time left: 8.8680s
	iters: 800, epoch: 1 | loss: 0.0915520
	speed: 0.0007s/iter; time left: 8.5019s
	iters: 900, epoch: 1 | loss: 0.0532467
	speed: 0.0009s/iter; time left: 10.4224s
	iters: 1000, epoch: 1 | loss: 0.1640216
	speed: 0.0007s/iter; time left: 8.7085s
	iters: 1100, epoch: 1 | loss: 0.0244449
	speed: 0.0007s/iter; time left: 8.0711s
	iters: 1200, epoch: 1 | loss: 0.0717097
	speed: 0.0007s/iter; time left: 7.9192s
Epoch: 1 cost time: 0.9s
Epoch: 1, Steps: 1291 | Train Loss: 0.0702907 Vali Loss: 1.5004572 Test Loss: 10.5242023
Validation loss decreased (inf --> 1.500457).  Saving model ...
Updating learning rate to 0.0005
	iters: 100, epoch: 2 | loss: 0.0015550
	speed: 0.0038s/iter; time left: 43.8136s
	iters: 200, epoch: 2 | loss: 0.1534650
	speed: 0.0007s/iter; time left: 7.9173s
	iters: 300, epoch: 2 | loss: 0.1019198
	speed: 0.0007s/iter; time left: 7.7413s
	iters: 400, epoch: 2 | loss: 0.1646119
	speed: 0.0007s/iter; time left: 7.6252s
	iters: 500, epoch: 2 | loss: 0.0766589
	speed: 0.0007s/iter; time left: 7.5744s
	iters: 600, epoch: 2 | loss: 0.1008640
	speed: 0.0007s/iter; time left: 7.4757s
	iters: 700, epoch: 2 | loss: 0.0081802
	speed: 0.0007s/iter; time left: 7.4272s
	iters: 800, epoch: 2 | loss: 0.0710889
	speed: 0.0007s/iter; time left: 7.3403s
	iters: 900, epoch: 2 | loss: 0.1032682
	speed: 0.0007s/iter; time left: 7.2964s
	iters: 1000, epoch: 2 | loss: 0.0488887
	speed: 0.0007s/iter; time left: 7.6112s
	iters: 1100, epoch: 2 | loss: 0.0056608
	speed: 0.0007s/iter; time left: 7.2175s
	iters: 1200, epoch: 2 | loss: 0.0004330
	speed: 0.0007s/iter; time left: 7.1596s
Epoch: 2 cost time: 0.9s
Epoch: 2, Steps: 1291 | Train Loss: 0.0612985 Vali Loss: 1.4434111 Test Loss: 9.6948767
Validation loss decreased (1.500457 --> 1.443411).  Saving model ...
Updating learning rate to 0.00025
	iters: 100, epoch: 3 | loss: 0.0520893
	speed: 0.0036s/iter; time left: 37.0514s
	iters: 200, epoch: 3 | loss: 0.0305535
	speed: 0.0007s/iter; time left: 6.9514s
	iters: 300, epoch: 3 | loss: 0.0762944
	speed: 0.0007s/iter; time left: 6.9337s
	iters: 400, epoch: 3 | loss: 0.1389149
	speed: 0.0007s/iter; time left: 6.7257s
	iters: 500, epoch: 3 | loss: 0.0249599
	speed: 0.0007s/iter; time left: 6.6678s
	iters: 600, epoch: 3 | loss: 0.0740762
	speed: 0.0007s/iter; time left: 6.5945s
	iters: 700, epoch: 3 | loss: 0.0275076
	speed: 0.0007s/iter; time left: 6.5190s
	iters: 800, epoch: 3 | loss: 0.0859185
	speed: 0.0007s/iter; time left: 6.4524s
	iters: 900, epoch: 3 | loss: 0.0089502
	speed: 0.0007s/iter; time left: 6.3853s
	iters: 1000, epoch: 3 | loss: 0.0648272
	speed: 0.0007s/iter; time left: 6.3307s
	iters: 1100, epoch: 3 | loss: 0.1107685
	speed: 0.0007s/iter; time left: 6.2639s
	iters: 1200, epoch: 3 | loss: 0.1482624
	speed: 0.0007s/iter; time left: 6.2016s
Epoch: 3 cost time: 0.9s
Epoch: 3, Steps: 1291 | Train Loss: 0.0592840 Vali Loss: 1.4234357 Test Loss: 9.4445868
Validation loss decreased (1.443411 --> 1.423436).  Saving model ...
Updating learning rate to 0.000125
	iters: 100, epoch: 4 | loss: 0.0079870
	speed: 0.0036s/iter; time left: 32.3371s
	iters: 200, epoch: 4 | loss: 0.1056998
	speed: 0.0007s/iter; time left: 6.1347s
	iters: 300, epoch: 4 | loss: 0.0633605
	speed: 0.0007s/iter; time left: 6.0459s
	iters: 400, epoch: 4 | loss: 0.0259074
	speed: 0.0007s/iter; time left: 6.0787s
	iters: 500, epoch: 4 | loss: 0.0083786
	speed: 0.0007s/iter; time left: 5.9275s
	iters: 600, epoch: 4 | loss: 0.0473685
	speed: 0.0007s/iter; time left: 5.8497s
	iters: 700, epoch: 4 | loss: 0.0560921
	speed: 0.0007s/iter; time left: 6.1337s
	iters: 800, epoch: 4 | loss: 0.0788726
	speed: 0.0007s/iter; time left: 5.6975s
	iters: 900, epoch: 4 | loss: 0.0269117
	speed: 0.0007s/iter; time left: 5.6234s
	iters: 1000, epoch: 4 | loss: 0.0697200
	speed: 0.0007s/iter; time left: 5.5946s
	iters: 1100, epoch: 4 | loss: 0.0482282
	speed: 0.0007s/iter; time left: 5.5747s
	iters: 1200, epoch: 4 | loss: 0.0735558
	speed: 0.0008s/iter; time left: 6.2078s
Epoch: 4 cost time: 0.9s
Epoch: 4, Steps: 1291 | Train Loss: 0.0586059 Vali Loss: 1.4179670 Test Loss: 9.3710718
Validation loss decreased (1.423436 --> 1.417967).  Saving model ...
Updating learning rate to 6.25e-05
	iters: 100, epoch: 5 | loss: 0.0448944
	speed: 0.0037s/iter; time left: 27.9418s
	iters: 200, epoch: 5 | loss: 0.0846993
	speed: 0.0007s/iter; time left: 5.2144s
	iters: 300, epoch: 5 | loss: 0.0734320
	speed: 0.0007s/iter; time left: 5.1630s
	iters: 400, epoch: 5 | loss: 0.1571046
	speed: 0.0007s/iter; time left: 5.0299s
	iters: 500, epoch: 5 | loss: 0.0240932
	speed: 0.0007s/iter; time left: 4.9741s
	iters: 600, epoch: 5 | loss: 0.1007229
	speed: 0.0007s/iter; time left: 4.8914s
	iters: 700, epoch: 5 | loss: 0.0557546
	speed: 0.0007s/iter; time left: 4.9936s
	iters: 800, epoch: 5 | loss: 0.1625173
	speed: 0.0007s/iter; time left: 4.8001s
	iters: 900, epoch: 5 | loss: 0.0521271
	speed: 0.0007s/iter; time left: 4.7252s
	iters: 1000, epoch: 5 | loss: 0.0096082
	speed: 0.0007s/iter; time left: 4.8486s
	iters: 1100, epoch: 5 | loss: 0.0662624
	speed: 0.0007s/iter; time left: 4.8974s
	iters: 1200, epoch: 5 | loss: 0.0611204
	speed: 0.0007s/iter; time left: 4.6843s
Epoch: 5 cost time: 0.9s
Epoch: 5, Steps: 1291 | Train Loss: 0.0582264 Vali Loss: 1.4194702 Test Loss: 9.3330383
EarlyStopping counter: 1 out of 3
Updating learning rate to 3.125e-05
	iters: 100, epoch: 6 | loss: 0.1180911
	speed: 0.0037s/iter; time left: 23.5044s
	iters: 200, epoch: 6 | loss: 0.0777702
	speed: 0.0007s/iter; time left: 4.2562s
	iters: 300, epoch: 6 | loss: 0.0057874
	speed: 0.0007s/iter; time left: 4.2849s
	iters: 400, epoch: 6 | loss: 0.0015765
	speed: 0.0007s/iter; time left: 4.2792s
	iters: 500, epoch: 6 | loss: 0.0133403
	speed: 0.0007s/iter; time left: 4.0232s
	iters: 600, epoch: 6 | loss: 0.0543634
	speed: 0.0007s/iter; time left: 3.9620s
	iters: 700, epoch: 6 | loss: 0.0327757
	speed: 0.0007s/iter; time left: 3.9568s
	iters: 800, epoch: 6 | loss: 0.1146485
	speed: 0.0007s/iter; time left: 3.8240s
	iters: 900, epoch: 6 | loss: 0.0922753
	speed: 0.0007s/iter; time left: 3.7500s
	iters: 1000, epoch: 6 | loss: 0.0640384
	speed: 0.0007s/iter; time left: 3.6898s
	iters: 1100, epoch: 6 | loss: 0.0047772
	speed: 0.0007s/iter; time left: 3.6237s
	iters: 1200, epoch: 6 | loss: 0.0717277
	speed: 0.0007s/iter; time left: 3.5616s
Epoch: 6 cost time: 0.9s
Epoch: 6, Steps: 1291 | Train Loss: 0.0581950 Vali Loss: 1.4202306 Test Loss: 9.3172531
EarlyStopping counter: 2 out of 3
Updating learning rate to 1.5625e-05
	iters: 100, epoch: 7 | loss: 0.0580607
	speed: 0.0036s/iter; time left: 18.2427s
	iters: 200, epoch: 7 | loss: 0.0520903
	speed: 0.0007s/iter; time left: 3.3624s
	iters: 300, epoch: 7 | loss: 0.0824415
	speed: 0.0007s/iter; time left: 3.2867s
	iters: 400, epoch: 7 | loss: 0.0323840
	speed: 0.0007s/iter; time left: 3.2113s
	iters: 500, epoch: 7 | loss: 0.1378839
	speed: 0.0007s/iter; time left: 3.1498s
	iters: 600, epoch: 7 | loss: 0.0729626
	speed: 0.0007s/iter; time left: 3.0810s
	iters: 700, epoch: 7 | loss: 0.0972279
	speed: 0.0007s/iter; time left: 3.0071s
	iters: 800, epoch: 7 | loss: 0.0469222
	speed: 0.0007s/iter; time left: 3.0322s
	iters: 900, epoch: 7 | loss: 0.1414405
	speed: 0.0007s/iter; time left: 2.9437s
	iters: 1000, epoch: 7 | loss: 0.1055130
	speed: 0.0007s/iter; time left: 2.8849s
	iters: 1100, epoch: 7 | loss: 0.0224269
	speed: 0.0007s/iter; time left: 2.8244s
	iters: 1200, epoch: 7 | loss: 0.0454253
	speed: 0.0007s/iter; time left: 2.7164s
Epoch: 7 cost time: 0.9s
Epoch: 7, Steps: 1291 | Train Loss: 0.0580750 Vali Loss: 1.4149613 Test Loss: 9.3090725
Validation loss decreased (1.417967 --> 1.414961).  Saving model ...
Updating learning rate to 7.8125e-06
	iters: 100, epoch: 8 | loss: 0.0195476
	speed: 0.0037s/iter; time left: 13.8679s
	iters: 200, epoch: 8 | loss: 0.0117643
	speed: 0.0007s/iter; time left: 2.5297s
	iters: 300, epoch: 8 | loss: 0.1391310
	speed: 0.0007s/iter; time left: 2.4924s
	iters: 400, epoch: 8 | loss: 0.0016770
	speed: 0.0007s/iter; time left: 2.3996s
	iters: 500, epoch: 8 | loss: 0.1960032
	speed: 0.0007s/iter; time left: 2.3335s
	iters: 600, epoch: 8 | loss: 0.1153083
	speed: 0.0007s/iter; time left: 2.2597s
	iters: 700, epoch: 8 | loss: 0.1319847
	speed: 0.0007s/iter; time left: 2.1996s
	iters: 800, epoch: 8 | loss: 0.0126738
	speed: 0.0007s/iter; time left: 2.1433s
	iters: 900, epoch: 8 | loss: 0.0515906
	speed: 0.0007s/iter; time left: 2.0592s
	iters: 1000, epoch: 8 | loss: 0.0417409
	speed: 0.0007s/iter; time left: 1.9947s
	iters: 1100, epoch: 8 | loss: 0.0200887
	speed: 0.0008s/iter; time left: 2.2488s
	iters: 1200, epoch: 8 | loss: 0.0514599
	speed: 0.0007s/iter; time left: 1.8433s
Epoch: 8 cost time: 0.9s
Epoch: 8, Steps: 1291 | Train Loss: 0.0580631 Vali Loss: 1.4165636 Test Loss: 9.3056450
EarlyStopping counter: 1 out of 3
Updating learning rate to 3.90625e-06
	iters: 100, epoch: 9 | loss: 0.0406543
	speed: 0.0037s/iter; time left: 9.0883s
	iters: 200, epoch: 9 | loss: 0.0468466
	speed: 0.0007s/iter; time left: 1.6117s
	iters: 300, epoch: 9 | loss: 0.0254459
	speed: 0.0007s/iter; time left: 1.5469s
	iters: 400, epoch: 9 | loss: 0.0695820
	speed: 0.0007s/iter; time left: 1.4736s
	iters: 500, epoch: 9 | loss: 0.0164581
	speed: 0.0007s/iter; time left: 1.4061s
	iters: 600, epoch: 9 | loss: 0.0104550
	speed: 0.0007s/iter; time left: 1.3385s
	iters: 700, epoch: 9 | loss: 0.2369275
	speed: 0.0007s/iter; time left: 1.2737s
	iters: 800, epoch: 9 | loss: 0.0506077
	speed: 0.0007s/iter; time left: 1.2051s
	iters: 900, epoch: 9 | loss: 0.1029874
	speed: 0.0007s/iter; time left: 1.1551s
	iters: 1000, epoch: 9 | loss: 0.0056778
	speed: 0.0007s/iter; time left: 1.1002s
	iters: 1100, epoch: 9 | loss: 0.0630592
	speed: 0.0007s/iter; time left: 1.0251s
	iters: 1200, epoch: 9 | loss: 0.0553011
	speed: 0.0007s/iter; time left: 0.9560s
Epoch: 9 cost time: 0.9s
Epoch: 9, Steps: 1291 | Train Loss: 0.0580707 Vali Loss: 1.4182874 Test Loss: 9.3035526
EarlyStopping counter: 2 out of 3
Updating learning rate to 1.953125e-06
	iters: 100, epoch: 10 | loss: 0.0644423
	speed: 0.0037s/iter; time left: 4.4219s
	iters: 200, epoch: 10 | loss: 0.1076653
	speed: 0.0007s/iter; time left: 0.7517s
	iters: 300, epoch: 10 | loss: 0.1107929
	speed: 0.0007s/iter; time left: 0.7028s
	iters: 400, epoch: 10 | loss: 0.0704628
	speed: 0.0007s/iter; time left: 0.6309s
	iters: 500, epoch: 10 | loss: 0.0159964
	speed: 0.0007s/iter; time left: 0.5465s
	iters: 600, epoch: 10 | loss: 0.0498645
	speed: 0.0007s/iter; time left: 0.4739s
	iters: 700, epoch: 10 | loss: 0.0556385
	speed: 0.0007s/iter; time left: 0.4067s
	iters: 800, epoch: 10 | loss: 0.1714587
	speed: 0.0007s/iter; time left: 0.3367s
	iters: 900, epoch: 10 | loss: 0.0074876
	speed: 0.0007s/iter; time left: 0.2680s
	iters: 1000, epoch: 10 | loss: 0.0159817
	speed: 0.0007s/iter; time left: 0.1999s
	iters: 1100, epoch: 10 | loss: 0.0064721
	speed: 0.0007s/iter; time left: 0.1315s
	iters: 1200, epoch: 10 | loss: 0.1120770
	speed: 0.0007s/iter; time left: 0.0629s
Epoch: 10 cost time: 0.9s
Epoch: 10, Steps: 1291 | Train Loss: 0.0579702 Vali Loss: 1.4140667 Test Loss: 9.3026237
Validation loss decreased (1.414961 --> 1.414067).  Saving model ...
Updating learning rate to 9.765625e-07
>>>>>>>testing : GD_336_336_MS_channels_6<<<<<<<<<<<<<<<<<<<<<<<<<<<<<<<<<
test 2809

Final Metrics:

FITS10       MSE: 9.302623   MAE: 2.393988   SE: 21.951395  RRMSE: 0.198006   RMAE: 0.155416   (numpy)
FITS10       MSE: 9.302624   MAE: 2.393988   SE: 21.951395  RRMSE: 0.198006   RMAE: 0.155416   (torch)

Repeat       MSE: 7.578791   MAE: 2.093492   SE: 17.440411  RRMSE: 0.178721   RMAE: 0.135908   (numpy)
Repeat       MSE: 7.578791   MAE: 2.093491   SE: 17.440411  RRMSE: 0.178721   RMAE: 0.135908   (torch)

Shapes: pred (2808, 336, 1), true (2808, 336, 1), naive_pred (2808, 336, 1), gt (2808, 672, 1), metrics {'FITS10': {'mse': 9.302623, 'mae': 2.3939884, 'se': 21.951395, 'relative_rmse': 0.19800551, 'relative_mae': 0.15541631, 'mse_torch': 9.302623748779297, 'mae_torch': 2.3939878940582275, 'se_torch': 21.95139503479004, 'relative_rmse_torch': 0.19800552255195736, 'relative_mae_torch': 0.15541628559845724}, 'Repeat': {'mse': 7.5787907, 'mae': 2.0934916, 'se': 17.44041, 'relative_rmse': 0.17872058, 'relative_mae': 0.13590825, 'mse_torch': 7.578790664672852, 'mae_torch': 2.093491315841675, 'se_torch': 17.440410614013672, 'relative_rmse_torch': 0.1787205659566264, 'relative_mae_torch': 0.13590822453541873}}
