Args in experiment:
Namespace(is_training=1, model_id='MRO_336_96', model='DLinear', data='custom', root_path='./dataset/', data_path='MRO.csv', features='M', target='Adj Close', freq='h', checkpoints='./checkpoints/', seq_len=336, label_len=48, pred_len=96, individual=False, embed_type=0, enc_in=8, dec_in=7, c_out=7, d_model=512, n_heads=8, e_layers=2, d_layers=1, d_ff=2048, moving_avg=25, factor=1, distil=True, dropout=0.05, embed='timeF', activation='gelu', output_attention=False, do_predict=False, num_workers=10, itr=1, train_epochs=10, batch_size=8, patience=3, learning_rate=0.0005, des='Exp', loss='mse', lradj='type1', use_amp=False, use_gpu=True, gpu=0, use_multi_gpu=False, devices='0,1,2,3', test_flop=False)
Use GPU: cuda:0
>>>>>>>start training : MRO_336_96_DLinear_custom_ftM_sl336_ll48_pl96_dm512_nh8_el2_dl1_df2048_fc1_ebtimeF_dtTrue_Exp_0>>>>>>>>>>>>>>>>>>>>>>>>>>
train 10575
val 1479
test 3049
	iters: 100, epoch: 1 | loss: 0.1978361
	speed: 0.0184s/iter; left time: 240.7941s
	iters: 200, epoch: 1 | loss: 0.1838611
	speed: 0.0044s/iter; left time: 57.0787s
	iters: 300, epoch: 1 | loss: 0.2160368
	speed: 0.0044s/iter; left time: 57.3955s
	iters: 400, epoch: 1 | loss: 0.1027011
	speed: 0.0042s/iter; left time: 53.2965s
	iters: 500, epoch: 1 | loss: 0.1665300
	speed: 0.0043s/iter; left time: 55.1589s
	iters: 600, epoch: 1 | loss: 0.1300395
	speed: 0.0040s/iter; left time: 50.7543s
	iters: 700, epoch: 1 | loss: 0.0838799
	speed: 0.0039s/iter; left time: 48.6248s
	iters: 800, epoch: 1 | loss: 0.2299041
	speed: 0.0039s/iter; left time: 48.4754s
	iters: 900, epoch: 1 | loss: 0.0815797
	speed: 0.0040s/iter; left time: 49.8030s
	iters: 1000, epoch: 1 | loss: 0.0828960
	speed: 0.0040s/iter; left time: 49.3621s
	iters: 1100, epoch: 1 | loss: 0.1321371
	speed: 0.0042s/iter; left time: 50.6668s
	iters: 1200, epoch: 1 | loss: 0.7209486
	speed: 0.0048s/iter; left time: 57.4925s
	iters: 1300, epoch: 1 | loss: 0.0845816
	speed: 0.0056s/iter; left time: 66.9972s
Epoch: 1 cost time: 6.716744422912598
Epoch: 1, Steps: 1321 | Train Loss: 0.2111874 Vali Loss: 3.2283738 Test Loss: 4.7682171
Validation loss decreased (inf --> 3.228374).  Saving model ...
Updating learning rate to 0.0005
	iters: 100, epoch: 2 | loss: 0.2283717
	speed: 0.0389s/iter; left time: 458.4218s
	iters: 200, epoch: 2 | loss: 0.0675138
	speed: 0.0044s/iter; left time: 51.1591s
	iters: 300, epoch: 2 | loss: 0.1485656
	speed: 0.0046s/iter; left time: 53.3350s
	iters: 400, epoch: 2 | loss: 0.5816992
	speed: 0.0056s/iter; left time: 63.9320s
	iters: 500, epoch: 2 | loss: 0.2234337
	speed: 0.0051s/iter; left time: 58.1373s
	iters: 600, epoch: 2 | loss: 0.1106173
	speed: 0.0045s/iter; left time: 51.2692s
	iters: 700, epoch: 2 | loss: 0.2538244
	speed: 0.0042s/iter; left time: 47.1173s
	iters: 800, epoch: 2 | loss: 0.0866214
	speed: 0.0044s/iter; left time: 48.9575s
	iters: 900, epoch: 2 | loss: 0.2307791
	speed: 0.0043s/iter; left time: 47.5003s
	iters: 1000, epoch: 2 | loss: 0.1689217
	speed: 0.0050s/iter; left time: 53.9844s
	iters: 1100, epoch: 2 | loss: 0.0972637
	speed: 0.0059s/iter; left time: 63.4383s
	iters: 1200, epoch: 2 | loss: 0.1421973
	speed: 0.0055s/iter; left time: 58.8760s
	iters: 1300, epoch: 2 | loss: 0.0692764
	speed: 0.0064s/iter; left time: 67.9838s
Epoch: 2 cost time: 6.859821796417236
Epoch: 2, Steps: 1321 | Train Loss: 0.2032156 Vali Loss: 2.6625729 Test Loss: 3.9535222
Validation loss decreased (3.228374 --> 2.662573).  Saving model ...
Updating learning rate to 0.00025
	iters: 100, epoch: 3 | loss: 0.1116174
	speed: 0.0446s/iter; left time: 466.7950s
	iters: 200, epoch: 3 | loss: 0.1286984
	speed: 0.0054s/iter; left time: 56.0600s
	iters: 300, epoch: 3 | loss: 0.1499000
	speed: 0.0053s/iter; left time: 54.8616s
	iters: 400, epoch: 3 | loss: 0.1124237
	speed: 0.0056s/iter; left time: 56.5899s
	iters: 500, epoch: 3 | loss: 0.3856055
	speed: 0.0053s/iter; left time: 53.7837s
	iters: 600, epoch: 3 | loss: 0.1305943
	speed: 0.0057s/iter; left time: 56.8350s
	iters: 700, epoch: 3 | loss: 0.5983230
	speed: 0.0053s/iter; left time: 52.0238s
	iters: 800, epoch: 3 | loss: 0.1857056
	speed: 0.0056s/iter; left time: 55.1193s
	iters: 900, epoch: 3 | loss: 0.8365650
	speed: 0.0054s/iter; left time: 51.9980s
	iters: 1000, epoch: 3 | loss: 0.1520504
	speed: 0.0054s/iter; left time: 51.4677s
	iters: 1100, epoch: 3 | loss: 0.1294784
	speed: 0.0055s/iter; left time: 52.0453s
	iters: 1200, epoch: 3 | loss: 0.1696173
	speed: 0.0046s/iter; left time: 42.8952s
	iters: 1300, epoch: 3 | loss: 0.1300285
	speed: 0.0045s/iter; left time: 41.9275s
Epoch: 3 cost time: 7.235177040100098
Epoch: 3, Steps: 1321 | Train Loss: 0.1969730 Vali Loss: 2.6209278 Test Loss: 3.8315129
Validation loss decreased (2.662573 --> 2.620928).  Saving model ...
Updating learning rate to 0.000125
	iters: 100, epoch: 4 | loss: 0.0733590
	speed: 0.0326s/iter; left time: 298.3409s
	iters: 200, epoch: 4 | loss: 0.1363543
	speed: 0.0045s/iter; left time: 41.1177s
	iters: 300, epoch: 4 | loss: 0.1766208
	speed: 0.0048s/iter; left time: 42.7552s
	iters: 400, epoch: 4 | loss: 0.0851440
	speed: 0.0054s/iter; left time: 48.0327s
	iters: 500, epoch: 4 | loss: 0.1077093
	speed: 0.0062s/iter; left time: 53.9293s
	iters: 600, epoch: 4 | loss: 0.1508788
	speed: 0.0057s/iter; left time: 49.1288s
	iters: 700, epoch: 4 | loss: 0.1189945
	speed: 0.0055s/iter; left time: 47.2240s
	iters: 800, epoch: 4 | loss: 0.0657580
	speed: 0.0057s/iter; left time: 48.5399s
	iters: 900, epoch: 4 | loss: 0.0889818
	speed: 0.0058s/iter; left time: 48.4819s
	iters: 1000, epoch: 4 | loss: 0.1827313
	speed: 0.0053s/iter; left time: 43.7848s
	iters: 1100, epoch: 4 | loss: 0.1636284
	speed: 0.0059s/iter; left time: 48.0284s
	iters: 1200, epoch: 4 | loss: 0.1230893
	speed: 0.0052s/iter; left time: 42.2415s
	iters: 1300, epoch: 4 | loss: 0.0812874
	speed: 0.0056s/iter; left time: 44.1427s
Epoch: 4 cost time: 7.3910157680511475
Epoch: 4, Steps: 1321 | Train Loss: 0.1932804 Vali Loss: 2.5901649 Test Loss: 3.8459363
Validation loss decreased (2.620928 --> 2.590165).  Saving model ...
Updating learning rate to 6.25e-05
	iters: 100, epoch: 5 | loss: 0.5175146
	speed: 0.0384s/iter; left time: 300.7395s
	iters: 200, epoch: 5 | loss: 0.0641233
	speed: 0.0055s/iter; left time: 42.1620s
	iters: 300, epoch: 5 | loss: 0.0800549
	speed: 0.0056s/iter; left time: 42.9251s
	iters: 400, epoch: 5 | loss: 0.1505803
	speed: 0.0054s/iter; left time: 40.5288s
	iters: 500, epoch: 5 | loss: 0.2466069
	speed: 0.0061s/iter; left time: 45.4067s
	iters: 600, epoch: 5 | loss: 0.1778370
	speed: 0.0058s/iter; left time: 42.1934s
	iters: 700, epoch: 5 | loss: 0.2061818
	speed: 0.0054s/iter; left time: 39.0807s
	iters: 800, epoch: 5 | loss: 0.6423295
	speed: 0.0054s/iter; left time: 38.7787s
	iters: 900, epoch: 5 | loss: 0.1292595
	speed: 0.0054s/iter; left time: 37.6693s
	iters: 1000, epoch: 5 | loss: 0.1209414
	speed: 0.0054s/iter; left time: 37.3353s
	iters: 1100, epoch: 5 | loss: 0.1092488
	speed: 0.0052s/iter; left time: 35.7088s
	iters: 1200, epoch: 5 | loss: 0.1549764
	speed: 0.0052s/iter; left time: 34.6883s
	iters: 1300, epoch: 5 | loss: 0.0618236
	speed: 0.0052s/iter; left time: 34.4763s
Epoch: 5 cost time: 7.440316438674927
Epoch: 5, Steps: 1321 | Train Loss: 0.1916183 Vali Loss: 2.5598223 Test Loss: 3.8262932
Validation loss decreased (2.590165 --> 2.559822).  Saving model ...
Updating learning rate to 3.125e-05
	iters: 100, epoch: 6 | loss: 0.0961989
	speed: 0.0393s/iter; left time: 255.8539s
	iters: 200, epoch: 6 | loss: 0.1552996
	speed: 0.0053s/iter; left time: 34.0131s
	iters: 300, epoch: 6 | loss: 0.2018477
	speed: 0.0053s/iter; left time: 33.5907s
	iters: 400, epoch: 6 | loss: 0.0903807
	speed: 0.0052s/iter; left time: 32.2798s
	iters: 500, epoch: 6 | loss: 0.0987905
	speed: 0.0053s/iter; left time: 32.6092s
	iters: 600, epoch: 6 | loss: 0.1851187
	speed: 0.0054s/iter; left time: 32.3156s
	iters: 700, epoch: 6 | loss: 0.4852107
	speed: 0.0055s/iter; left time: 32.2120s
	iters: 800, epoch: 6 | loss: 0.1085140
	speed: 0.0055s/iter; left time: 32.1594s
	iters: 900, epoch: 6 | loss: 0.1572359
	speed: 0.0056s/iter; left time: 31.7530s
	iters: 1000, epoch: 6 | loss: 0.1383938
	speed: 0.0061s/iter; left time: 34.4336s
	iters: 1100, epoch: 6 | loss: 0.1169966
	speed: 0.0055s/iter; left time: 30.3135s
	iters: 1200, epoch: 6 | loss: 0.2772698
	speed: 0.0052s/iter; left time: 28.3543s
	iters: 1300, epoch: 6 | loss: 0.0663162
	speed: 0.0066s/iter; left time: 35.1765s
Epoch: 6 cost time: 7.590270757675171
Epoch: 6, Steps: 1321 | Train Loss: 0.1909380 Vali Loss: 2.6065545 Test Loss: 3.8252101
EarlyStopping counter: 1 out of 3
Updating learning rate to 1.5625e-05
	iters: 100, epoch: 7 | loss: 0.1312588
	speed: 0.0397s/iter; left time: 205.7123s
	iters: 200, epoch: 7 | loss: 0.1283983
	speed: 0.0055s/iter; left time: 28.0067s
	iters: 300, epoch: 7 | loss: 0.7604325
	speed: 0.0045s/iter; left time: 22.6792s
	iters: 400, epoch: 7 | loss: 0.1024948
	speed: 0.0042s/iter; left time: 20.3347s
	iters: 500, epoch: 7 | loss: 0.0805947
	speed: 0.0044s/iter; left time: 21.1077s
	iters: 600, epoch: 7 | loss: 0.1211693
	speed: 0.0048s/iter; left time: 22.5467s
	iters: 700, epoch: 7 | loss: 0.0886235
	speed: 0.0050s/iter; left time: 22.7956s
	iters: 800, epoch: 7 | loss: 0.4567985
	speed: 0.0044s/iter; left time: 19.7619s
	iters: 900, epoch: 7 | loss: 0.4500403
	speed: 0.0045s/iter; left time: 19.6819s
	iters: 1000, epoch: 7 | loss: 0.1010412
	speed: 0.0046s/iter; left time: 19.5614s
	iters: 1100, epoch: 7 | loss: 0.2472493
	speed: 0.0047s/iter; left time: 19.7716s
	iters: 1200, epoch: 7 | loss: 0.1824368
	speed: 0.0047s/iter; left time: 19.0243s
	iters: 1300, epoch: 7 | loss: 0.0499170
	speed: 0.0051s/iter; left time: 20.4947s
Epoch: 7 cost time: 6.594653606414795
Epoch: 7, Steps: 1321 | Train Loss: 0.1904562 Vali Loss: 2.6196344 Test Loss: 3.8319895
EarlyStopping counter: 2 out of 3
Updating learning rate to 7.8125e-06
	iters: 100, epoch: 8 | loss: 0.0739407
	speed: 0.0400s/iter; left time: 154.5040s
	iters: 200, epoch: 8 | loss: 0.1253028
	speed: 0.0052s/iter; left time: 19.3997s
	iters: 300, epoch: 8 | loss: 0.1831432
	speed: 0.0055s/iter; left time: 19.9964s
	iters: 400, epoch: 8 | loss: 0.0395745
	speed: 0.0053s/iter; left time: 18.7148s
	iters: 500, epoch: 8 | loss: 0.1888628
	speed: 0.0056s/iter; left time: 19.4402s
	iters: 600, epoch: 8 | loss: 0.0911558
	speed: 0.0055s/iter; left time: 18.4685s
	iters: 700, epoch: 8 | loss: 0.0713012
	speed: 0.0058s/iter; left time: 18.8649s
	iters: 800, epoch: 8 | loss: 0.1460623
	speed: 0.0054s/iter; left time: 17.0933s
	iters: 900, epoch: 8 | loss: 0.1349931
	speed: 0.0054s/iter; left time: 16.5690s
	iters: 1000, epoch: 8 | loss: 0.1424406
	speed: 0.0051s/iter; left time: 15.1134s
	iters: 1100, epoch: 8 | loss: 0.2783897
	speed: 0.0052s/iter; left time: 14.9739s
	iters: 1200, epoch: 8 | loss: 0.1526327
	speed: 0.0052s/iter; left time: 14.4073s
	iters: 1300, epoch: 8 | loss: 0.1197965
	speed: 0.0055s/iter; left time: 14.6267s
Epoch: 8 cost time: 7.329713344573975
Epoch: 8, Steps: 1321 | Train Loss: 0.1902108 Vali Loss: 2.5655890 Test Loss: 3.8113742
EarlyStopping counter: 3 out of 3
Early stopping
>>>>>>>testing : MRO_336_96_DLinear_custom_ftM_sl336_ll48_pl96_dm512_nh8_el2_dl1_df2048_fc1_ebtimeF_dtTrue_Exp_0<<<<<<<<<<<<<<<<<<<<<<<<<<<<<<<<<
test 3049
mse:3.826293468475342, mae:1.2699520587921143, rse:0.4834553599357605, corr:[0.35065615 0.35335812 0.3548917  0.35615    0.35574585 0.3568321
 0.35633257 0.35594073 0.35620478 0.35767338 0.35741675 0.3575946
 0.35808167 0.35814822 0.35754544 0.35796756 0.357028   0.3577989
 0.3577865  0.3575007  0.35764027 0.35787556 0.35762393 0.35809475
 0.35772493 0.3568379  0.35708648 0.35695457 0.35704204 0.3567692
 0.35658297 0.35646427 0.35628256 0.35558945 0.35605976 0.35565743
 0.35606852 0.35576937 0.35577855 0.35593143 0.35628843 0.35632914
 0.35667408 0.35651    0.35719278 0.35746402 0.35792452 0.3579414
 0.358021   0.35789353 0.35771456 0.35759005 0.35720932 0.35667577
 0.35658503 0.3563864  0.35671744 0.35732204 0.3572947  0.35692886
 0.35622868 0.35666424 0.35648388 0.35673037 0.3569742  0.35680896
 0.35681048 0.35670763 0.35643145 0.3558479  0.35545677 0.3554941
 0.35524654 0.35495996 0.35481918 0.3544579  0.35361868 0.3539922
 0.35440654 0.35419613 0.35372877 0.35412195 0.3539745  0.35355893
 0.35296467 0.35303918 0.35262096 0.35260785 0.3521062  0.3520139
 0.35235915 0.35144982 0.35112903 0.3510138  0.35066375 0.35037982]
