Args in experiment:
Namespace(is_training=1, model_id='MRO_336_336', model='DLinear', data='custom', root_path='./dataset/', data_path='MRO.csv', features='M', target='Adj Close', freq='h', checkpoints='./checkpoints/', seq_len=336, label_len=48, pred_len=336, individual=False, embed_type=0, enc_in=8, dec_in=7, c_out=7, d_model=512, n_heads=8, e_layers=2, d_layers=1, d_ff=2048, moving_avg=25, factor=1, distil=True, dropout=0.05, embed='timeF', activation='gelu', output_attention=False, do_predict=False, num_workers=10, itr=1, train_epochs=10, batch_size=32, patience=3, learning_rate=0.0005, des='Exp', loss='mse', lradj='type1', use_amp=False, use_gpu=True, gpu=0, use_multi_gpu=False, devices='0,1,2,3', test_flop=False)
Use GPU: cuda:0
>>>>>>>start training : MRO_336_336_DLinear_custom_ftM_sl336_ll48_pl336_dm512_nh8_el2_dl1_df2048_fc1_ebtimeF_dtTrue_Exp_0>>>>>>>>>>>>>>>>>>>>>>>>>>
train 10335
val 1239
test 2809
	iters: 100, epoch: 1 | loss: 0.6423939
	speed: 0.0174s/iter; left time: 54.2359s
	iters: 200, epoch: 1 | loss: 0.2889379
	speed: 0.0046s/iter; left time: 13.7861s
	iters: 300, epoch: 1 | loss: 0.4020223
	speed: 0.0047s/iter; left time: 13.7358s
Epoch: 1 cost time: 2.3659732341766357
Epoch: 1, Steps: 322 | Train Loss: 0.3906399 Vali Loss: 11.3078899 Test Loss: 11.6398458
Validation loss decreased (inf --> 11.307890).  Saving model ...
Updating learning rate to 0.0005
	iters: 100, epoch: 2 | loss: 0.5416889
	speed: 0.0212s/iter; left time: 59.2702s
	iters: 200, epoch: 2 | loss: 0.3022844
	speed: 0.0047s/iter; left time: 12.7403s
	iters: 300, epoch: 2 | loss: 0.3608252
	speed: 0.0046s/iter; left time: 11.8564s
Epoch: 2 cost time: 1.8315119743347168
Epoch: 2, Steps: 322 | Train Loss: 0.3724634 Vali Loss: 8.7096939 Test Loss: 9.7374973
Validation loss decreased (11.307890 --> 8.709694).  Saving model ...
Updating learning rate to 0.00025
	iters: 100, epoch: 3 | loss: 0.4743315
	speed: 0.0216s/iter; left time: 53.4394s
	iters: 200, epoch: 3 | loss: 0.3458000
	speed: 0.0061s/iter; left time: 14.4153s
	iters: 300, epoch: 3 | loss: 0.3607948
	speed: 0.0050s/iter; left time: 11.3065s
Epoch: 3 cost time: 2.1255385875701904
Epoch: 3, Steps: 322 | Train Loss: 0.3674963 Vali Loss: 7.6015358 Test Loss: 9.1307812
Validation loss decreased (8.709694 --> 7.601536).  Saving model ...
Updating learning rate to 0.000125
	iters: 100, epoch: 4 | loss: 0.3978525
	speed: 0.0207s/iter; left time: 44.5450s
	iters: 200, epoch: 4 | loss: 0.4949233
	speed: 0.0050s/iter; left time: 10.1950s
	iters: 300, epoch: 4 | loss: 0.3771563
	speed: 0.0044s/iter; left time: 8.6725s
Epoch: 4 cost time: 1.8187191486358643
Epoch: 4, Steps: 322 | Train Loss: 0.3659618 Vali Loss: 9.1007223 Test Loss: 10.0146580
EarlyStopping counter: 1 out of 3
Updating learning rate to 6.25e-05
	iters: 100, epoch: 5 | loss: 0.3410388
	speed: 0.0206s/iter; left time: 37.7636s
	iters: 200, epoch: 5 | loss: 0.4842136
	speed: 0.0054s/iter; left time: 9.3105s
	iters: 300, epoch: 5 | loss: 0.3531376
	speed: 0.0054s/iter; left time: 8.8636s
Epoch: 5 cost time: 2.0302741527557373
Epoch: 5, Steps: 322 | Train Loss: 0.3645837 Vali Loss: 9.0237226 Test Loss: 9.9094286
EarlyStopping counter: 2 out of 3
Updating learning rate to 3.125e-05
	iters: 100, epoch: 6 | loss: 0.3154424
	speed: 0.0219s/iter; left time: 33.0504s
	iters: 200, epoch: 6 | loss: 0.4405246
	speed: 0.0056s/iter; left time: 7.8958s
	iters: 300, epoch: 6 | loss: 0.2771886
	speed: 0.0055s/iter; left time: 7.2635s
Epoch: 6 cost time: 2.110468626022339
Epoch: 6, Steps: 322 | Train Loss: 0.3640732 Vali Loss: 8.1723871 Test Loss: 9.3713264
EarlyStopping counter: 3 out of 3
Early stopping
>>>>>>>testing : MRO_336_336_DLinear_custom_ftM_sl336_ll48_pl336_dm512_nh8_el2_dl1_df2048_fc1_ebtimeF_dtTrue_Exp_0<<<<<<<<<<<<<<<<<<<<<<<<<<<<<<<<<
test 2809
mse:9.130775451660156, mae:2.1752562522888184, rse:0.7394853830337524, corr:[0.34158123 0.3440529  0.34430933 0.34575176 0.34528843 0.34563738
 0.34512463 0.34513763 0.34550968 0.34720996 0.346911   0.34664702
 0.34720656 0.3471455  0.3470177  0.34697437 0.3466846  0.3471585
 0.34714514 0.3471455  0.34727004 0.34727725 0.34723377 0.34728807
 0.34684187 0.3460271  0.34671968 0.34722838 0.34710488 0.34682274
 0.34679797 0.34647006 0.34621876 0.34539503 0.34609008 0.345321
 0.3457672  0.34558234 0.34531605 0.34555864 0.34583834 0.34553856
 0.34596857 0.34585875 0.3465752  0.34646556 0.34720182 0.34718275
 0.34683266 0.34680033 0.34632006 0.34624332 0.3462303  0.34599978
 0.34576297 0.3453047  0.34628445 0.346327   0.34635207 0.34608394
 0.3460196  0.34572795 0.34532863 0.3459654  0.34629366 0.34598446
 0.3458649  0.34561232 0.34559888 0.34512562 0.34485725 0.34421015
 0.3439436  0.34348217 0.34358165 0.34347656 0.34292945 0.34271258
 0.34304926 0.34273678 0.34261993 0.34284785 0.34271902 0.3417667
 0.3421008  0.34205592 0.34144855 0.3413635  0.34086996 0.34058177
 0.34033388 0.33968842 0.33928713 0.33908722 0.33884418 0.33828276
 0.3376675  0.3368592  0.336403   0.33618313 0.33556843 0.33481437
 0.33471245 0.33436748 0.33404475 0.33379948 0.33279738 0.33283263
 0.33261505 0.33223313 0.3322365  0.33143833 0.3311351  0.3310043
 0.3312562  0.33054093 0.33015636 0.33018962 0.32903826 0.32882825
 0.3292147  0.32792118 0.32805988 0.32780313 0.32718584 0.32685867
 0.32585627 0.32569346 0.3247493  0.32507586 0.32452622 0.32388267
 0.32388613 0.32358998 0.32287437 0.32243037 0.32151815 0.32054323
 0.32069972 0.32017845 0.31977522 0.3187808  0.31840962 0.31914505
 0.31810257 0.31775916 0.31743002 0.3164403  0.31619036 0.3155121
 0.31500572 0.31451926 0.3139039  0.31340632 0.31270334 0.31190816
 0.31147283 0.31082228 0.31012502 0.31003827 0.30844325 0.30898672
 0.30873665 0.30816317 0.30793446 0.3067381  0.3063888  0.30335656
 0.30468732 0.30492163 0.30179957 0.30293983 0.30171582 0.30157822
 0.30180195 0.3015504  0.30167884 0.3003501  0.2996715  0.29969206
 0.29866132 0.29760265 0.29501027 0.29582244 0.29542932 0.29462087
 0.29430753 0.29257402 0.29274988 0.29260197 0.29080695 0.29161045
 0.2910311  0.29160622 0.29222605 0.29063842 0.2885702  0.289475
 0.28854528 0.28877684 0.2853807  0.2860858  0.2871089  0.28729102
 0.28686452 0.28488272 0.28495738 0.2845403  0.28410828 0.28264692
 0.28215453 0.2811711  0.28172195 0.28063795 0.28079012 0.27920893
 0.2784467  0.27755472 0.2761492  0.27690735 0.27686697 0.2767768
 0.27492204 0.27288774 0.27365083 0.27281013 0.27288917 0.27312794
 0.27226445 0.27262488 0.27150077 0.2697056  0.2692386  0.26866233
 0.26717192 0.26637125 0.26672956 0.26630452 0.26575372 0.2653559
 0.26452562 0.26198187 0.26219958 0.26167953 0.26003122 0.26117134
 0.2610916  0.26014304 0.2588747  0.25639084 0.2564719  0.2569187
 0.25365612 0.25230706 0.25142595 0.25203994 0.25184858 0.25094932
 0.25132996 0.252107   0.2515225  0.25025314 0.24841516 0.24732101
 0.24711883 0.24665932 0.24687696 0.24757008 0.24609359 0.24414945
 0.24405935 0.24377584 0.24429321 0.24245223 0.24228929 0.2400463
 0.2408856  0.23982686 0.23996286 0.23924573 0.23844919 0.23783462
 0.23691487 0.23609583 0.23463424 0.23394416 0.23326957 0.2328869
 0.2322458  0.23141271 0.23098986 0.23128736 0.22993179 0.22915244
 0.2288665  0.22678016 0.22641046 0.22586878 0.22681218 0.2250222
 0.22196157 0.22102371 0.22062215 0.21937744 0.21649805 0.21409118
 0.21448667 0.2112084  0.2122453  0.21181756 0.21067329 0.21021129
 0.20872061 0.20902465 0.20861775 0.20804235 0.20624715 0.20606948
 0.20440301 0.20191085 0.20164755 0.20171683 0.20228271 0.20073183
 0.19964619 0.19789572 0.19745295 0.19816203 0.19724822 0.19678259
 0.19500579 0.19369288 0.19200312 0.19175093 0.19168514 0.1928679 ]
