Args in experiment:
Namespace(is_training=1, model_id='Exchange_336_96', model='DLinear', data='custom', root_path='./dataset/', data_path='exchange_rate.csv', features='M', target='OT', freq='h', checkpoints='./checkpoints/', seq_len=336, label_len=48, pred_len=96, individual=False, embed_type=0, enc_in=8, dec_in=7, c_out=7, d_model=512, n_heads=8, e_layers=2, d_layers=1, d_ff=2048, moving_avg=25, factor=1, distil=True, dropout=0.05, embed='timeF', activation='gelu', output_attention=False, do_predict=False, num_workers=10, itr=1, train_epochs=10, batch_size=8, patience=3, learning_rate=0.0005, des='Exp', loss='mse', lradj='type1', use_amp=False, use_gpu=True, gpu=0, use_multi_gpu=False, devices='0,1,2,3', test_flop=False)
Use GPU: cuda:0
>>>>>>>start training : Exchange_336_96_DLinear_custom_ftM_sl336_ll48_pl96_dm512_nh8_el2_dl1_df2048_fc1_ebtimeF_dtTrue_Exp_0>>>>>>>>>>>>>>>>>>>>>>>>>>
train 4880
val 665
test 1422
	iters: 100, epoch: 1 | loss: 0.1205339
	speed: 0.0167s/iter; left time: 100.2028s
	iters: 200, epoch: 1 | loss: 0.1142029
	speed: 0.0038s/iter; left time: 22.1323s
	iters: 300, epoch: 1 | loss: 0.1050034
	speed: 0.0037s/iter; left time: 21.4994s
	iters: 400, epoch: 1 | loss: 0.0451236
	speed: 0.0036s/iter; left time: 20.6057s
	iters: 500, epoch: 1 | loss: 0.1270517
	speed: 0.0036s/iter; left time: 20.3993s
	iters: 600, epoch: 1 | loss: 0.2508155
	speed: 0.0038s/iter; left time: 21.1447s
Epoch: 1 cost time: 3.1729283332824707
Epoch: 1, Steps: 610 | Train Loss: 0.1451684 Vali Loss: 0.2134464 Test Loss: 0.1000851
Validation loss decreased (inf --> 0.213446).  Saving model ...
Updating learning rate to 0.0005
	iters: 100, epoch: 2 | loss: 0.1015611
	speed: 0.0197s/iter; left time: 106.4142s
	iters: 200, epoch: 2 | loss: 0.1042091
	speed: 0.0037s/iter; left time: 19.6583s
	iters: 300, epoch: 2 | loss: 0.0784512
	speed: 0.0037s/iter; left time: 19.4371s
	iters: 400, epoch: 2 | loss: 0.0785986
	speed: 0.0037s/iter; left time: 18.7135s
	iters: 500, epoch: 2 | loss: 0.1555597
	speed: 0.0037s/iter; left time: 18.2437s
	iters: 600, epoch: 2 | loss: 0.1988782
	speed: 0.0037s/iter; left time: 17.9789s
Epoch: 2 cost time: 2.481370210647583
Epoch: 2, Steps: 610 | Train Loss: 0.1243380 Vali Loss: 0.1615254 Test Loss: 0.0817246
Validation loss decreased (0.213446 --> 0.161525).  Saving model ...
Updating learning rate to 0.00025
	iters: 100, epoch: 3 | loss: 0.4257508
	speed: 0.0222s/iter; left time: 105.9177s
	iters: 200, epoch: 3 | loss: 0.0885285
	speed: 0.0043s/iter; left time: 19.9838s
	iters: 300, epoch: 3 | loss: 0.1239530
	speed: 0.0044s/iter; left time: 19.9421s
	iters: 400, epoch: 3 | loss: 0.0964143
	speed: 0.0040s/iter; left time: 17.9788s
	iters: 500, epoch: 3 | loss: 0.1199759
	speed: 0.0039s/iter; left time: 17.2396s
	iters: 600, epoch: 3 | loss: 0.0731060
	speed: 0.0044s/iter; left time: 18.7076s
Epoch: 3 cost time: 2.920725107192993
Epoch: 3, Steps: 610 | Train Loss: 0.1189367 Vali Loss: 0.1587881 Test Loss: 0.0806451
Validation loss decreased (0.161525 --> 0.158788).  Saving model ...
Updating learning rate to 0.000125
	iters: 100, epoch: 4 | loss: 0.1395593
	speed: 0.0221s/iter; left time: 92.2475s
	iters: 200, epoch: 4 | loss: 0.0609611
	speed: 0.0043s/iter; left time: 17.5621s
	iters: 300, epoch: 4 | loss: 0.1858590
	speed: 0.0044s/iter; left time: 17.4229s
	iters: 400, epoch: 4 | loss: 0.1589073
	speed: 0.0048s/iter; left time: 18.5015s
	iters: 500, epoch: 4 | loss: 0.2484534
	speed: 0.0041s/iter; left time: 15.5933s
	iters: 600, epoch: 4 | loss: 0.1045929
	speed: 0.0042s/iter; left time: 15.3555s
Epoch: 4 cost time: 2.9229414463043213
Epoch: 4, Steps: 610 | Train Loss: 0.1162998 Vali Loss: 0.1993439 Test Loss: 0.0937477
EarlyStopping counter: 1 out of 3
Updating learning rate to 6.25e-05
	iters: 100, epoch: 5 | loss: 0.0771070
	speed: 0.0211s/iter; left time: 75.0169s
	iters: 200, epoch: 5 | loss: 0.0756436
	speed: 0.0042s/iter; left time: 14.6557s
	iters: 300, epoch: 5 | loss: 0.1898574
	speed: 0.0053s/iter; left time: 17.7241s
	iters: 400, epoch: 5 | loss: 0.0782534
	speed: 0.0048s/iter; left time: 15.6850s
	iters: 500, epoch: 5 | loss: 0.0868698
	speed: 0.0047s/iter; left time: 14.9744s
	iters: 600, epoch: 5 | loss: 0.0938977
	speed: 0.0048s/iter; left time: 14.7740s
Epoch: 5 cost time: 3.140509843826294
Epoch: 5, Steps: 610 | Train Loss: 0.1157342 Vali Loss: 0.1677936 Test Loss: 0.0813088
EarlyStopping counter: 2 out of 3
Updating learning rate to 3.125e-05
	iters: 100, epoch: 6 | loss: 0.1142267
	speed: 0.0231s/iter; left time: 68.1806s
	iters: 200, epoch: 6 | loss: 0.1000862
	speed: 0.0053s/iter; left time: 15.1019s
	iters: 300, epoch: 6 | loss: 0.0522852
	speed: 0.0046s/iter; left time: 12.6908s
	iters: 400, epoch: 6 | loss: 0.1925899
	speed: 0.0048s/iter; left time: 12.8445s
	iters: 500, epoch: 6 | loss: 0.0716645
	speed: 0.0044s/iter; left time: 11.3248s
	iters: 600, epoch: 6 | loss: 0.0648545
	speed: 0.0044s/iter; left time: 10.7104s
Epoch: 6 cost time: 3.171661138534546
Epoch: 6, Steps: 610 | Train Loss: 0.1150712 Vali Loss: 0.1756083 Test Loss: 0.0841641
EarlyStopping counter: 3 out of 3
Early stopping
>>>>>>>testing : Exchange_336_96_DLinear_custom_ftM_sl336_ll48_pl96_dm512_nh8_el2_dl1_df2048_fc1_ebtimeF_dtTrue_Exp_0<<<<<<<<<<<<<<<<<<<<<<<<<<<<<<<<<
test 1422
mse:0.0806451141834259, mae:0.2029162496328354, rse:0.2160225659608841, corr:[0.2563184  0.25604016 0.25585094 0.255647   0.25536013 0.25514078
 0.25480202 0.25477856 0.25467774 0.25440648 0.25428316 0.2544441
 0.25454244 0.2544978  0.25449184 0.25446403 0.2545544  0.25460705
 0.2545412  0.2546915  0.25469506 0.25478885 0.2548043  0.25474235
 0.25457427 0.2545311  0.25444978 0.25444886 0.25450677 0.25456622
 0.25453824 0.2545454  0.25455582 0.25448725 0.25436434 0.25437492
 0.25428283 0.25413102 0.25402835 0.25398663 0.25379068 0.25368193
 0.25343496 0.2533264  0.2532105  0.25304067 0.25298363 0.2528577
 0.2529394  0.2529187  0.25294733 0.25294417 0.25296113 0.25312674
 0.25312796 0.2532674  0.25332272 0.25346118 0.25350463 0.2535338
 0.25357375 0.25370434 0.25375834 0.25369498 0.25371283 0.25363463
 0.2535605  0.25361577 0.25345555 0.2534902  0.25353092 0.2534157
 0.25332645 0.25332555 0.2533696  0.25343505 0.25339633 0.25337923
 0.2532811  0.25329837 0.25319955 0.25340065 0.25342402 0.2535508
 0.25334126 0.253397   0.25338688 0.25336796 0.25337303 0.25317457
 0.25310087 0.25289476 0.25252047 0.25242412 0.25234166 0.2523261 ]
