Args in experiment:
Namespace(is_training=1, model_id='GD_336_720', model='DLinear', data='custom', root_path='./dataset/', data_path='GD.csv', features='M', target='Adj Close', freq='h', checkpoints='./checkpoints/', seq_len=336, label_len=48, pred_len=720, individual=False, embed_type=0, enc_in=8, dec_in=7, c_out=7, d_model=512, n_heads=8, e_layers=2, d_layers=1, d_ff=2048, moving_avg=25, factor=1, distil=True, dropout=0.05, embed='timeF', activation='gelu', output_attention=False, do_predict=False, num_workers=10, itr=1, train_epochs=10, batch_size=32, patience=3, learning_rate=0.005, des='Exp', loss='mse', lradj='type1', use_amp=False, use_gpu=True, gpu=0, use_multi_gpu=False, devices='0,1,2,3', test_flop=False)
Use GPU: cuda:0
>>>>>>>start training : GD_336_720_DLinear_custom_ftM_sl336_ll48_pl720_dm512_nh8_el2_dl1_df2048_fc1_ebtimeF_dtTrue_Exp_0>>>>>>>>>>>>>>>>>>>>>>>>>>
train 9951
val 855
test 2425
	iters: 100, epoch: 1 | loss: 0.2275960
	speed: 0.0193s/iter; left time: 57.9223s
	iters: 200, epoch: 1 | loss: 0.3156469
	speed: 0.0049s/iter; left time: 14.3375s
	iters: 300, epoch: 1 | loss: 0.1992945
	speed: 0.0051s/iter; left time: 14.4068s
Epoch: 1 cost time: 2.5487945079803467
Epoch: 1, Steps: 310 | Train Loss: 0.2492684 Vali Loss: 2.9978538 Test Loss: 14.8893099
Validation loss decreased (inf --> 2.997854).  Saving model ...
Updating learning rate to 0.005
	iters: 100, epoch: 2 | loss: 0.1967691
	speed: 0.0191s/iter; left time: 51.4083s
	iters: 200, epoch: 2 | loss: 0.1852460
	speed: 0.0046s/iter; left time: 11.8752s
	iters: 300, epoch: 2 | loss: 0.2431618
	speed: 0.0050s/iter; left time: 12.4954s
Epoch: 2 cost time: 1.761185646057129
Epoch: 2, Steps: 310 | Train Loss: 0.2426977 Vali Loss: 3.8497996 Test Loss: 10.6670513
EarlyStopping counter: 1 out of 3
Updating learning rate to 0.0025
	iters: 100, epoch: 3 | loss: 0.2658032
	speed: 0.0206s/iter; left time: 49.0093s
	iters: 200, epoch: 3 | loss: 0.2336816
	speed: 0.0062s/iter; left time: 14.1635s
	iters: 300, epoch: 3 | loss: 0.3551559
	speed: 0.0062s/iter; left time: 13.4612s
Epoch: 3 cost time: 2.167703628540039
Epoch: 3, Steps: 310 | Train Loss: 0.2196349 Vali Loss: 3.4980695 Test Loss: 10.0497990
EarlyStopping counter: 2 out of 3
Updating learning rate to 0.00125
	iters: 100, epoch: 4 | loss: 0.1892436
	speed: 0.0198s/iter; left time: 40.9854s
	iters: 200, epoch: 4 | loss: 0.2027403
	speed: 0.0051s/iter; left time: 10.0214s
	iters: 300, epoch: 4 | loss: 0.2157285
	speed: 0.0052s/iter; left time: 9.7692s
Epoch: 4 cost time: 1.8485612869262695
Epoch: 4, Steps: 310 | Train Loss: 0.2080611 Vali Loss: 4.2931318 Test Loss: 10.7877340
EarlyStopping counter: 3 out of 3
Early stopping
>>>>>>>testing : GD_336_720_DLinear_custom_ftM_sl336_ll48_pl720_dm512_nh8_el2_dl1_df2048_fc1_ebtimeF_dtTrue_Exp_0<<<<<<<<<<<<<<<<<<<<<<<<<<<<<<<<<
test 2425
mse:14.889313697814941, mae:2.969332456588745, rse:0.6932146549224854, corr:[0.31298828 0.3140901  0.30985028 0.31069067 0.31076047 0.30475587
 0.30225983 0.3064658  0.30724052 0.30359468 0.30238152 0.30275202
 0.3021019  0.30179513 0.30267346 0.30402678 0.29977003 0.29853317
 0.29821435 0.2964995  0.29487184 0.2995515  0.29745787 0.29870087
 0.29930884 0.2950806  0.29461768 0.30027837 0.30233893 0.29903847
 0.2935813  0.29418966 0.2921369  0.28871953 0.29293013 0.29404122
 0.29481792 0.29747766 0.2961743  0.29049402 0.29043055 0.29137745
 0.28886795 0.2911398  0.2887206  0.29353547 0.29293847 0.29374695
 0.29223183 0.29538214 0.29402146 0.2925682  0.2919327  0.29145676
 0.28749216 0.29019225 0.2928016  0.28961778 0.29483575 0.29009953
 0.2906358  0.29143995 0.29117522 0.28884715 0.2835615  0.28819105
 0.28744334 0.2878841  0.28614908 0.2862792  0.2900789  0.28864378
 0.2833682  0.28326738 0.28546882 0.28779623 0.2822185  0.28902754
 0.2849543  0.28569466 0.28451788 0.28821838 0.2855732  0.28740883
 0.28618172 0.28893635 0.2893096  0.2888095  0.28861657 0.28671274
 0.28810194 0.28368828 0.28037244 0.28470278 0.2846586  0.28049657
 0.28431016 0.27223638 0.28208876 0.28158638 0.27973822 0.27868497
 0.28505278 0.28271738 0.28393432 0.28093922 0.27798414 0.2816307
 0.28267747 0.28403336 0.27949896 0.2814444  0.28013274 0.28087834
 0.2784561  0.2806442  0.27754334 0.28235954 0.28083155 0.27855408
 0.2810012  0.2837373  0.28280878 0.28361672 0.2830625  0.28232878
 0.28404036 0.2815828  0.2816513  0.28026968 0.279507   0.2794767
 0.27951008 0.27931288 0.27446073 0.27538756 0.27956587 0.27936998
 0.28002036 0.27898508 0.27823535 0.27717316 0.27794003 0.2751372
 0.2755038  0.27576086 0.27436697 0.27764156 0.27855197 0.27723113
 0.2772767  0.27762276 0.2775602  0.28077137 0.28120607 0.27970946
 0.27806377 0.27699742 0.2777741  0.27771026 0.27633986 0.27972588
 0.27751672 0.27657613 0.27960223 0.27879083 0.27549207 0.27561882
 0.27896526 0.27559668 0.2736375  0.2750688  0.27459228 0.27350244
 0.27437344 0.27543494 0.2788119  0.27971554 0.27957854 0.27593657
 0.27646458 0.2767245  0.27507856 0.27625358 0.27090028 0.27119043
 0.27265745 0.27257597 0.27307403 0.27583578 0.2739153  0.27278808
 0.27290383 0.2729847  0.27148664 0.2730258  0.27212432 0.2717119
 0.27388045 0.27451092 0.27345496 0.27481925 0.27629226 0.27484015
 0.2700155  0.27205834 0.27233657 0.2736728  0.27156717 0.26984322
 0.26991224 0.2723928  0.2655093  0.27036417 0.26562622 0.2693451
 0.2683555  0.26773897 0.26609984 0.26463297 0.26623377 0.26801747
 0.2670115  0.2669074  0.26813608 0.26590043 0.2660192  0.26302683
 0.26521713 0.2660897  0.2656062  0.26662087 0.26168272 0.26355866
 0.26252097 0.26388487 0.26016757 0.26324672 0.260138   0.26289082
 0.2611467  0.2609791  0.26158047 0.26059487 0.26188225 0.25951925
 0.26072264 0.26166725 0.25743523 0.2590981  0.2546082  0.26071203
 0.26194403 0.25776955 0.26071617 0.25978228 0.26001543 0.25621986
 0.25750396 0.25688094 0.25741154 0.25770882 0.25333956 0.2555438
 0.25699118 0.2580562  0.2550443  0.25579202 0.2549243  0.2579197
 0.25516862 0.25488055 0.25547555 0.2526831  0.25518906 0.25144228
 0.2539503  0.25359663 0.25502655 0.25370857 0.25311762 0.24914649
 0.25542974 0.25424805 0.25526386 0.2535061  0.2542412  0.25117064
 0.25015327 0.25542223 0.25106332 0.25107858 0.2536182  0.2514115
 0.24482477 0.24752416 0.24986519 0.24956399 0.24840133 0.24986535
 0.24779242 0.25003493 0.24933633 0.24803838 0.24569535 0.25113234
 0.25395888 0.24938257 0.2527892  0.2530532  0.2501411  0.24716032
 0.2472368  0.24809472 0.24620141 0.2502682  0.24961835 0.25060272
 0.24924463 0.25133246 0.2460709  0.24477571 0.24514951 0.24403845
 0.24586171 0.24398133 0.23829351 0.24419767 0.24462824 0.24587142
 0.246054   0.24178886 0.24288024 0.245104   0.24415223 0.2435312
 0.24440241 0.24455322 0.24345978 0.2461501  0.24333997 0.2462243
 0.24387246 0.2429335  0.24813081 0.24559766 0.24048711 0.24089727
 0.24121016 0.24173795 0.24232627 0.24141227 0.24061953 0.23888281
 0.23780884 0.23563303 0.23979019 0.24136803 0.23700757 0.24280977
 0.23930544 0.24117316 0.23998724 0.23364164 0.24417946 0.2418971
 0.24301107 0.24466787 0.24409239 0.24188751 0.24435942 0.24032797
 0.24165766 0.24022934 0.24421987 0.23916772 0.23856725 0.23920149
 0.23878625 0.24058616 0.24056281 0.24095505 0.24058641 0.23826501
 0.2362699  0.23539437 0.23606811 0.23513374 0.23455894 0.2380609
 0.2358674  0.23100998 0.23214643 0.23748207 0.23371755 0.23745602
 0.23875982 0.23822255 0.23456444 0.23388216 0.23280206 0.23558804
 0.23364526 0.23132814 0.23792249 0.23420553 0.23630762 0.23481373
 0.23512304 0.23461771 0.23528877 0.23491445 0.23349436 0.23469633
 0.23455499 0.23796289 0.23508184 0.23578903 0.22972907 0.23499633
 0.2328186  0.23673765 0.2351661  0.23225713 0.23086555 0.23096064
 0.2312197  0.23329511 0.23258118 0.23131904 0.23244603 0.22833532
 0.23288125 0.23422842 0.22992375 0.23277488 0.22389036 0.22831778
 0.22445785 0.22904722 0.22983062 0.23042871 0.22909188 0.22730596
 0.22410926 0.22754952 0.22753839 0.22877532 0.22939615 0.23058519
 0.23062819 0.22835824 0.22635399 0.22282743 0.23114626 0.22915329
 0.23013456 0.22836244 0.22696054 0.2245442  0.22440597 0.22608772
 0.2218728  0.22807477 0.22573598 0.2282344  0.22949241 0.22623041
 0.22896573 0.22662008 0.22725911 0.22826959 0.22553568 0.22784704
 0.2268341  0.22355583 0.22211587 0.2273313  0.22744851 0.22331628
 0.22813438 0.2221788  0.22124471 0.2210842  0.22005823 0.22305688
 0.22400124 0.21881689 0.22243159 0.22370283 0.22115713 0.21991539
 0.22278969 0.2240895  0.22155073 0.22151527 0.22194189 0.22133416
 0.22398755 0.22220962 0.22273956 0.22119345 0.22276503 0.22210905
 0.22250772 0.22193342 0.2230068  0.22008415 0.21919888 0.21496904
 0.21953054 0.21593688 0.21407819 0.21614973 0.21671022 0.21763586
 0.21254815 0.21279182 0.21523537 0.21892683 0.21255632 0.21352209
 0.21727714 0.21333772 0.21760482 0.21284957 0.21643244 0.21548918
 0.20906244 0.21678334 0.21596956 0.21245332 0.21334185 0.20792261
 0.21087956 0.20677932 0.21052948 0.20941652 0.20627555 0.20970307
 0.20506747 0.20147741 0.19704676 0.20179294 0.19862047 0.19572493
 0.20188093 0.20451204 0.2076532  0.20147818 0.20168169 0.19717677
 0.20219618 0.1962814  0.20671064 0.19954439 0.18770787 0.1930871
 0.20466793 0.20884795 0.20623659 0.2023232  0.19688287 0.20195119
 0.19950886 0.199817   0.20320825 0.19960748 0.20110887 0.19783616
 0.20443262 0.19905801 0.1950213  0.19786306 0.19750556 0.19270433
 0.19637604 0.19646485 0.1921923  0.19493635 0.19193646 0.20003708
 0.19119203 0.19113529 0.19203447 0.16668831 0.19037274 0.18471718
 0.18990178 0.1973393  0.19102632 0.19330062 0.19047117 0.1901447
 0.18935773 0.19305845 0.18971229 0.19077322 0.18397446 0.1835977
 0.18267545 0.18512422 0.19066362 0.1785744  0.18500872 0.18362482
 0.1823913  0.18288128 0.18911663 0.19006883 0.18619409 0.18765165
 0.18852499 0.1821721  0.18221262 0.18309432 0.18894157 0.19054858
 0.18747373 0.18059301 0.18704116 0.16956796 0.18139869 0.18446149
 0.18391901 0.1903502  0.17819856 0.18022525 0.17608629 0.18722878
 0.1815656  0.18638918 0.19496885 0.18683924 0.1814421  0.1809612
 0.17642573 0.18208738 0.18805139 0.18703026 0.18824683 0.18782331
 0.19028105 0.18548776 0.18575631 0.18925294 0.18123119 0.17963576
 0.17744325 0.17951387 0.17656566 0.17897964 0.1835498  0.17848985
 0.19055258 0.18463068 0.18356882 0.18256067 0.19032651 0.18407463
 0.18184665 0.18193439 0.1780707  0.18276857 0.1870736  0.17232333
 0.17532904 0.18290621 0.18290941 0.17205085 0.17496881 0.18337706
 0.16522983 0.17233518 0.17910239 0.18278745 0.1706746  0.16506593
 0.18581466 0.18532081 0.18986036 0.17979394 0.1797145  0.1892481
 0.18646029 0.19626702 0.18673708 0.1875608  0.18503913 0.18657777
 0.19288236 0.19169463 0.18906799 0.19088243 0.18642078 0.18276377
 0.18824305 0.18221563 0.18582638 0.19333835 0.17508611 0.17993799
 0.16932389 0.16451961 0.16145754 0.17236777 0.17392235 0.184599
 0.17632654 0.17857137 0.18156166 0.17842573 0.1734883  0.17660242
 0.18846689 0.1766942  0.17838645 0.17640853 0.18769293 0.17968366]
