Args in experiment:
Namespace(is_training=1, model_id='Exchange_336_720', model='DLinear', data='custom', root_path='./dataset/', data_path='exchange_rate.csv', features='M', target='OT', freq='h', checkpoints='./checkpoints/', seq_len=336, label_len=48, pred_len=720, individual=False, embed_type=0, enc_in=8, dec_in=7, c_out=7, d_model=512, n_heads=8, e_layers=2, d_layers=1, d_ff=2048, moving_avg=25, factor=1, distil=True, dropout=0.05, embed='timeF', activation='gelu', output_attention=False, do_predict=False, num_workers=10, itr=1, train_epochs=10, batch_size=32, patience=3, learning_rate=0.005, des='Exp', loss='mse', lradj='type1', use_amp=False, use_gpu=True, gpu=0, use_multi_gpu=False, devices='0,1,2,3', test_flop=False)
Use GPU: cuda:0
>>>>>>>start training : Exchange_336_720_DLinear_custom_ftM_sl336_ll48_pl720_dm512_nh8_el2_dl1_df2048_fc1_ebtimeF_dtTrue_Exp_0>>>>>>>>>>>>>>>>>>>>>>>>>>
train 4256
val 41
test 798
	iters: 100, epoch: 1 | loss: 0.5635591
	speed: 0.0201s/iter; left time: 24.7226s
Epoch: 1 cost time: 1.7443184852600098
Epoch: 1, Steps: 133 | Train Loss: 0.6047780 Vali Loss: 2.8485365 Test Loss: 0.6432250
Validation loss decreased (inf --> 2.848536).  Saving model ...
Updating learning rate to 0.005
	iters: 100, epoch: 2 | loss: 0.5251068
	speed: 0.0161s/iter; left time: 17.6461s
Epoch: 2 cost time: 0.991121768951416
Epoch: 2, Steps: 133 | Train Loss: 0.5756779 Vali Loss: 4.1395526 Test Loss: 1.5661745
EarlyStopping counter: 1 out of 3
Updating learning rate to 0.0025
	iters: 100, epoch: 3 | loss: 0.5782332
	speed: 0.0179s/iter; left time: 17.2525s
Epoch: 3 cost time: 1.0941073894500732
Epoch: 3, Steps: 133 | Train Loss: 0.5660164 Vali Loss: 3.6127753 Test Loss: 1.0585346
EarlyStopping counter: 2 out of 3
Updating learning rate to 0.00125
	iters: 100, epoch: 4 | loss: 0.4450789
	speed: 0.0160s/iter; left time: 13.3074s
Epoch: 4 cost time: 0.9415256977081299
Epoch: 4, Steps: 133 | Train Loss: 0.5532239 Vali Loss: 3.9340618 Test Loss: 1.3321444
EarlyStopping counter: 3 out of 3
Early stopping
>>>>>>>testing : Exchange_336_720_DLinear_custom_ftM_sl336_ll48_pl720_dm512_nh8_el2_dl1_df2048_fc1_ebtimeF_dtTrue_Exp_0<<<<<<<<<<<<<<<<<<<<<<<<<<<<<<<<<
test 798
mse:0.6432250142097473, mae:0.6011411547660828, rse:0.6325513124465942, corr:[0.17127857 0.16949096 0.17073108 0.16919512 0.1690058  0.1686243
 0.16735859 0.16706604 0.16749348 0.16657254 0.1639871  0.16350135
 0.16331406 0.16256939 0.16202186 0.16277231 0.16264324 0.16176322
 0.16245148 0.16175532 0.16051361 0.15875761 0.159278   0.1593052
 0.15861553 0.15894334 0.15676612 0.15604226 0.15319438 0.15255415
 0.15069069 0.1502821  0.1501027  0.14901689 0.14805679 0.14735575
 0.1460664  0.14551233 0.14459144 0.14474688 0.14265054 0.14117277
 0.14023842 0.13934907 0.13963164 0.13867897 0.13775659 0.1375743
 0.1368874  0.13583611 0.13396691 0.13286729 0.13245957 0.13220167
 0.13138066 0.13094397 0.1302939  0.12971939 0.12929298 0.12880266
 0.12814623 0.12663744 0.12576225 0.12520275 0.12383657 0.12211847
 0.12052408 0.12040167 0.11821516 0.11776441 0.11794879 0.11554772
 0.11489355 0.11423227 0.11456457 0.11433949 0.11377468 0.11343891
 0.1118308  0.11157101 0.11150378 0.1103422  0.10962545 0.10893692
 0.10874566 0.10757114 0.1069527  0.10583887 0.10531937 0.10464836
 0.10371059 0.10363996 0.10151636 0.10081425 0.1002411  0.09951744
 0.09883886 0.09778617 0.09739495 0.09684799 0.09568872 0.0948315
 0.09410261 0.09374388 0.09371182 0.09324881 0.09163601 0.09191465
 0.09090696 0.09083194 0.09166047 0.09026165 0.09098278 0.08977336
 0.09109724 0.08879075 0.08966892 0.08872973 0.08829598 0.08664366
 0.08662793 0.08592203 0.08506691 0.08487701 0.08499548 0.08395523
 0.08298486 0.08226664 0.08171204 0.08174665 0.08063629 0.07975046
 0.07948102 0.07888383 0.07829247 0.07814521 0.07752575 0.07671826
 0.0764671  0.0755785  0.07486878 0.07466977 0.07455199 0.07362591
 0.07324784 0.07260246 0.07242297 0.072113   0.0714395  0.0710433
 0.07028879 0.06966533 0.06928487 0.0684428  0.06756001 0.0663703
 0.06586056 0.06535517 0.06471222 0.06360652 0.06263341 0.061876
 0.0613692  0.0611611  0.0611495  0.06082744 0.06000303 0.05984737
 0.05966769 0.05928925 0.05921153 0.058795   0.05797535 0.05767414
 0.05762302 0.05666952 0.056022   0.05562392 0.05500564 0.05431513
 0.05346896 0.05272423 0.05205993 0.05107767 0.05013174 0.05039536
 0.0493206  0.04886827 0.04773999 0.04772193 0.04743946 0.04668793
 0.04616534 0.04573611 0.04515708 0.04427672 0.04347391 0.04263377
 0.04203402 0.04126498 0.04091028 0.04017036 0.03940993 0.03895645
 0.03820385 0.03751752 0.03713784 0.03673702 0.03640122 0.03606661
 0.03580072 0.03527534 0.03513493 0.03449232 0.03394003 0.03432695
 0.03377159 0.03415042 0.03388777 0.03431871 0.03403496 0.03432462
 0.03415264 0.03448166 0.03406879 0.03415365 0.03388929 0.03379807
 0.03368994 0.03399518 0.03417778 0.03380148 0.03434357 0.03467371
 0.03487206 0.03514684 0.0357666  0.03629648 0.03647905 0.03708775
 0.0374926  0.03792753 0.03838222 0.03842057 0.03819884 0.038109
 0.03812098 0.03864696 0.03895617 0.03927109 0.03921624 0.03895094
 0.03927355 0.03941205 0.0399751  0.03975857 0.03986345 0.03965273
 0.03969944 0.03952696 0.0393467  0.03868555 0.03862701 0.03795168
 0.03782362 0.03785212 0.03745766 0.03703916 0.03648547 0.03700852
 0.03706235 0.03733305 0.03737288 0.0378771  0.03759377 0.03736694
 0.03698614 0.03703183 0.03660205 0.03636548 0.03660902 0.03647188
 0.03656158 0.03630171 0.03648641 0.03625791 0.03657982 0.03644434
 0.03648278 0.03595056 0.03573385 0.03664133 0.03720086 0.03709285
 0.03686414 0.03672653 0.03686327 0.03677348 0.03681635 0.03737881
 0.03750883 0.03711138 0.03717209 0.03717412 0.03739288 0.03758401
 0.0375379  0.03742734 0.0372666  0.03745857 0.03741192 0.03741308
 0.03719211 0.03690641 0.03670418 0.03659821 0.03659555 0.03630866
 0.03581334 0.03554384 0.03517166 0.03539335 0.03557852 0.03521837
 0.03602343 0.03615991 0.03578179 0.03583052 0.03561461 0.03563679
 0.03542197 0.03511946 0.0349381  0.03488112 0.03483995 0.03494478
 0.0348645  0.03477955 0.03454372 0.03424259 0.03414881 0.03408854
 0.03408265 0.03399473 0.03388777 0.03442496 0.03461121 0.03473689
 0.03521794 0.03535914 0.03578542 0.03540109 0.03554913 0.03577665
 0.03558607 0.03533259 0.03502516 0.03490058 0.03464802 0.0345151
 0.03556789 0.03593413 0.03555403 0.03626213 0.03628794 0.03606278
 0.03651    0.03619516 0.03624044 0.03563832 0.03624552 0.03695064
 0.03638075 0.03538484 0.03494997 0.03477704 0.03477272 0.03508298
 0.03598309 0.0373424  0.03820655 0.03854539 0.0392277  0.03976142
 0.04024008 0.0405579  0.04068622 0.04061346 0.04059216 0.04061123
 0.04067722 0.04104799 0.04136365 0.04156094 0.04182895 0.04189245
 0.0420918  0.04238391 0.04269185 0.04287425 0.04326768 0.04350195
 0.04381012 0.04396446 0.04404763 0.04388328 0.04416332 0.04454651
 0.04479234 0.04505624 0.04553465 0.04607815 0.04637838 0.04666061
 0.04710821 0.04773674 0.04825614 0.0485251  0.04881231 0.04898309
 0.04900128 0.048798   0.04887687 0.04886558 0.04867302 0.04863114
 0.04845902 0.04831839 0.04835168 0.048425   0.04855267 0.04868345
 0.04893094 0.04910558 0.04929603 0.04959868 0.0496842  0.04987603
 0.05012001 0.0502632  0.05036699 0.05053463 0.05081137 0.05100453
 0.05136239 0.05122634 0.05156611 0.05128389 0.05147803 0.05146612
 0.05074969 0.05079432 0.05065681 0.05134674 0.05097425 0.05126589
 0.05090358 0.05135412 0.05163316 0.05231805 0.05254377 0.0533604
 0.05386422 0.05430183 0.05460445 0.05470467 0.05543212 0.05619301
 0.05675758 0.05673448 0.05688043 0.056963   0.05694758 0.05722646
 0.05686853 0.05701668 0.05718403 0.0576313  0.05763419 0.05785516
 0.05770856 0.05805273 0.05823427 0.05850493 0.05807788 0.05820205
 0.05864104 0.05877348 0.05838003 0.05800883 0.05716492 0.0566432
 0.05646349 0.05621897 0.05612844 0.05562872 0.05538323 0.05596745
 0.05578731 0.05582714 0.05596576 0.05651602 0.05704597 0.05679122
 0.055769   0.05618804 0.05544613 0.05558576 0.0551553  0.05490586
 0.05495505 0.05495985 0.05507301 0.05465008 0.05427738 0.05455355
 0.05505976 0.0540651  0.05467802 0.0549766  0.05579028 0.05509964
 0.05483275 0.05414172 0.05475199 0.05500767 0.05545517 0.05568733
 0.05625541 0.05642084 0.05787538 0.0571961  0.05611202 0.0566095
 0.05679022 0.05622381 0.05615349 0.05633896 0.05683375 0.05597264
 0.05627996 0.05605899 0.05587915 0.05633348 0.05550276 0.05687706
 0.05560931 0.05591341 0.05494812 0.05413546 0.05402588 0.05484767
 0.0542568  0.05510697 0.05408759 0.0534153  0.05295622 0.0525822
 0.05341697 0.05286168 0.05343785 0.05245855 0.05445338 0.05525589
 0.05496548 0.05616688 0.0564508  0.05613232 0.05648047 0.0576186
 0.05814807 0.05729023 0.05868719 0.05789058 0.05830755 0.05781165
 0.05861722 0.05960192 0.05943043 0.05921742 0.05862458 0.05905354
 0.05923087 0.05933153 0.05900029 0.05973113 0.0598433  0.05955604
 0.05893119 0.05892056 0.0593574  0.05956616 0.05972172 0.05995956
 0.05605345 0.05763488 0.05298984 0.05401221 0.05501876 0.05870255
 0.05976555 0.05859441 0.05975756 0.05572423 0.05707898 0.05943188
 0.05386144 0.05784849 0.05759675 0.05985551 0.05978256 0.0593986
 0.05958348 0.05855368 0.05907642 0.05900596 0.05730401 0.05775164
 0.0546217  0.05241243 0.0532182  0.05338807 0.05086133 0.04803703
 0.04715625 0.04343438 0.04409323 0.03933802 0.03853107 0.03938552
 0.04712579 0.05052573 0.04732133 0.05051661 0.05221173 0.05253569
 0.0448317  0.04231186 0.04546098 0.0466425  0.04130862 0.04792124
 0.04536283 0.04915204 0.0442618  0.0496399  0.0408707  0.05096848
 0.04950344 0.05012797 0.04488319 0.04720545 0.04601257 0.04661012
 0.04890743 0.05216786 0.06349392 0.06246933 0.06193228 0.06215659
 0.06068578 0.05759731 0.06794433 0.06921311 0.05605477 0.05877232
 0.05803258 0.05928266 0.05859486 0.05032231 0.05517747 0.04805735
 0.05293388 0.06644628 0.06597102 0.07166688 0.07522973 0.07380658
 0.06296861 0.06893112 0.07417189 0.07012624 0.06043221 0.06519572
 0.06678759 0.06363561 0.06529109 0.06574817 0.05630139 0.06800995
 0.07360467 0.07878917 0.07781657 0.06823712 0.06531774 0.06483473
 0.05455507 0.05995252 0.06392726 0.06672104 0.07201285 0.06780105
 0.06738292 0.07304547 0.08433357 0.07921071 0.08359696 0.06448001
 0.06107485 0.04294917 0.07464157 0.06245926 0.05996233 0.06217835
 0.06482066 0.0708232  0.08165538 0.07675412 0.07585006 0.08223705]
