Args in experiment:
Namespace(is_training=1, model_id='MRO_336_192', model='DLinear', data='custom', root_path='./dataset/', data_path='MRO.csv', features='M', target='Adj Close', freq='h', checkpoints='./checkpoints/', seq_len=336, label_len=48, pred_len=192, individual=False, embed_type=0, enc_in=8, dec_in=7, c_out=7, d_model=512, n_heads=8, e_layers=2, d_layers=1, d_ff=2048, moving_avg=25, factor=1, distil=True, dropout=0.05, embed='timeF', activation='gelu', output_attention=False, do_predict=False, num_workers=10, itr=1, train_epochs=10, batch_size=8, patience=3, learning_rate=0.0005, des='Exp', loss='mse', lradj='type1', use_amp=False, use_gpu=True, gpu=0, use_multi_gpu=False, devices='0,1,2,3', test_flop=False)
Use GPU: cuda:0
>>>>>>>start training : MRO_336_192_DLinear_custom_ftM_sl336_ll48_pl192_dm512_nh8_el2_dl1_df2048_fc1_ebtimeF_dtTrue_Exp_0>>>>>>>>>>>>>>>>>>>>>>>>>>
train 10479
val 1383
test 2953
	iters: 100, epoch: 1 | loss: 0.1177512
	speed: 0.0182s/iter; left time: 235.8558s
	iters: 200, epoch: 1 | loss: 0.2686428
	speed: 0.0046s/iter; left time: 59.2951s
	iters: 300, epoch: 1 | loss: 0.1529852
	speed: 0.0040s/iter; left time: 51.2682s
	iters: 400, epoch: 1 | loss: 0.5051115
	speed: 0.0040s/iter; left time: 50.9877s
	iters: 500, epoch: 1 | loss: 0.3701493
	speed: 0.0041s/iter; left time: 51.5885s
	iters: 600, epoch: 1 | loss: 0.5018563
	speed: 0.0041s/iter; left time: 51.2127s
	iters: 700, epoch: 1 | loss: 0.1514521
	speed: 0.0040s/iter; left time: 50.0269s
	iters: 800, epoch: 1 | loss: 0.1593545
	speed: 0.0047s/iter; left time: 57.3306s
	iters: 900, epoch: 1 | loss: 0.4096163
	speed: 0.0050s/iter; left time: 60.4281s
	iters: 1000, epoch: 1 | loss: 0.5240496
	speed: 0.0043s/iter; left time: 51.7867s
	iters: 1100, epoch: 1 | loss: 0.1846502
	speed: 0.0042s/iter; left time: 50.1708s
	iters: 1200, epoch: 1 | loss: 0.3906691
	speed: 0.0043s/iter; left time: 51.2152s
	iters: 1300, epoch: 1 | loss: 0.2313813
	speed: 0.0043s/iter; left time: 51.1228s
Epoch: 1 cost time: 6.626220464706421
Epoch: 1, Steps: 1309 | Train Loss: 0.2818224 Vali Loss: 5.4112678 Test Loss: 6.2033072
Validation loss decreased (inf --> 5.411268).  Saving model ...
Updating learning rate to 0.0005
	iters: 100, epoch: 2 | loss: 0.3095901
	speed: 0.0396s/iter; left time: 463.1446s
	iters: 200, epoch: 2 | loss: 0.2428132
	speed: 0.0058s/iter; left time: 67.1198s
	iters: 300, epoch: 2 | loss: 0.2404567
	speed: 0.0058s/iter; left time: 67.1515s
	iters: 400, epoch: 2 | loss: 0.3700995
	speed: 0.0057s/iter; left time: 65.0276s
	iters: 500, epoch: 2 | loss: 0.2542789
	speed: 0.0054s/iter; left time: 61.4733s
	iters: 600, epoch: 2 | loss: 0.2316682
	speed: 0.0055s/iter; left time: 61.9784s
	iters: 700, epoch: 2 | loss: 0.2244474
	speed: 0.0059s/iter; left time: 65.0036s
	iters: 800, epoch: 2 | loss: 0.4021082
	speed: 0.0058s/iter; left time: 63.5174s
	iters: 900, epoch: 2 | loss: 0.2825114
	speed: 0.0058s/iter; left time: 63.2740s
	iters: 1000, epoch: 2 | loss: 0.4361460
	speed: 0.0055s/iter; left time: 59.8326s
	iters: 1100, epoch: 2 | loss: 0.3166264
	speed: 0.0055s/iter; left time: 59.0284s
	iters: 1200, epoch: 2 | loss: 0.1870072
	speed: 0.0055s/iter; left time: 57.8063s
	iters: 1300, epoch: 2 | loss: 0.1931331
	speed: 0.0053s/iter; left time: 55.5764s
Epoch: 2 cost time: 7.644272565841675
Epoch: 2, Steps: 1309 | Train Loss: 0.2730960 Vali Loss: 12.2514505 Test Loss: 12.5567675
EarlyStopping counter: 1 out of 3
Updating learning rate to 0.00025
	iters: 100, epoch: 3 | loss: 0.1712591
	speed: 0.0386s/iter; left time: 400.0787s
	iters: 200, epoch: 3 | loss: 0.1664822
	speed: 0.0055s/iter; left time: 56.8678s
	iters: 300, epoch: 3 | loss: 0.0740240
	speed: 0.0055s/iter; left time: 56.1479s
	iters: 400, epoch: 3 | loss: 0.2037935
	speed: 0.0060s/iter; left time: 60.4449s
	iters: 500, epoch: 3 | loss: 0.4367253
	speed: 0.0056s/iter; left time: 56.1056s
	iters: 600, epoch: 3 | loss: 0.1711098
	speed: 0.0054s/iter; left time: 53.4538s
	iters: 700, epoch: 3 | loss: 0.2632852
	speed: 0.0056s/iter; left time: 54.6183s
	iters: 800, epoch: 3 | loss: 0.0960216
	speed: 0.0058s/iter; left time: 55.6462s
	iters: 900, epoch: 3 | loss: 0.3097695
	speed: 0.0056s/iter; left time: 53.1645s
	iters: 1000, epoch: 3 | loss: 0.2375965
	speed: 0.0057s/iter; left time: 54.2945s
	iters: 1100, epoch: 3 | loss: 0.1201243
	speed: 0.0056s/iter; left time: 52.8821s
	iters: 1200, epoch: 3 | loss: 0.1648264
	speed: 0.0057s/iter; left time: 53.1110s
	iters: 1300, epoch: 3 | loss: 0.4031381
	speed: 0.0056s/iter; left time: 51.8040s
Epoch: 3 cost time: 7.677576065063477
Epoch: 3, Steps: 1309 | Train Loss: 0.2681996 Vali Loss: 5.7145658 Test Loss: 6.3737440
EarlyStopping counter: 2 out of 3
Updating learning rate to 0.000125
	iters: 100, epoch: 4 | loss: 0.1678291
	speed: 0.0414s/iter; left time: 375.6229s
	iters: 200, epoch: 4 | loss: 0.3455569
	speed: 0.0047s/iter; left time: 42.4654s
	iters: 300, epoch: 4 | loss: 0.2854039
	speed: 0.0049s/iter; left time: 43.4750s
	iters: 400, epoch: 4 | loss: 0.3698501
	speed: 0.0051s/iter; left time: 44.7405s
	iters: 500, epoch: 4 | loss: 0.1141633
	speed: 0.0049s/iter; left time: 42.6159s
	iters: 600, epoch: 4 | loss: 0.2407386
	speed: 0.0046s/iter; left time: 39.2488s
	iters: 700, epoch: 4 | loss: 0.3231167
	speed: 0.0047s/iter; left time: 39.6918s
	iters: 800, epoch: 4 | loss: 0.1982583
	speed: 0.0045s/iter; left time: 37.5072s
	iters: 900, epoch: 4 | loss: 0.4244872
	speed: 0.0045s/iter; left time: 37.3131s
	iters: 1000, epoch: 4 | loss: 0.1355737
	speed: 0.0044s/iter; left time: 36.2089s
	iters: 1100, epoch: 4 | loss: 0.0511671
	speed: 0.0048s/iter; left time: 38.7174s
	iters: 1200, epoch: 4 | loss: 0.3017027
	speed: 0.0049s/iter; left time: 39.3171s
	iters: 1300, epoch: 4 | loss: 0.4052715
	speed: 0.0050s/iter; left time: 39.1788s
Epoch: 4 cost time: 6.652514934539795
Epoch: 4, Steps: 1309 | Train Loss: 0.2631181 Vali Loss: 5.8070240 Test Loss: 6.4769244
EarlyStopping counter: 3 out of 3
Early stopping
>>>>>>>testing : MRO_336_192_DLinear_custom_ftM_sl336_ll48_pl192_dm512_nh8_el2_dl1_df2048_fc1_ebtimeF_dtTrue_Exp_0<<<<<<<<<<<<<<<<<<<<<<<<<<<<<<<<<
test 2953
mse:6.203310966491699, mae:1.7653948068618774, rse:0.6131778955459595, corr:[0.34680644 0.35029405 0.352329   0.35464492 0.35426056 0.35352528
 0.3527132  0.35286754 0.35366702 0.3557191  0.353808   0.35547763
 0.35638607 0.3564731  0.35563406 0.3563312  0.35750124 0.35594657
 0.35649154 0.3561744  0.35678822 0.35671246 0.3551394  0.35619548
 0.35681596 0.35755792 0.35631487 0.35624728 0.35753796 0.3586031
 0.35891527 0.35714334 0.3563008  0.35560542 0.35669687 0.35660553
 0.35543934 0.35558337 0.35556835 0.35622507 0.3571245  0.35671446
 0.3559636  0.3560669  0.35748798 0.35699844 0.35804045 0.35741168
 0.35851184 0.35846674 0.35661587 0.35732448 0.35801074 0.3573319
 0.35631078 0.35532576 0.35624048 0.35644916 0.35652587 0.356034
 0.35610294 0.35723698 0.35615826 0.35603553 0.35589042 0.3547925
 0.35571903 0.35503933 0.35514873 0.355022   0.35454687 0.35397914
 0.35336974 0.35224968 0.351923   0.35163692 0.351279   0.3512888
 0.34888256 0.351854   0.35280275 0.35076606 0.35142627 0.35006785
 0.34962898 0.3496622  0.34927845 0.3494458  0.3490503  0.34916607
 0.34906277 0.34892833 0.34826088 0.34792736 0.34706122 0.34665182
 0.34721774 0.34648418 0.3459155  0.3465946  0.3468568  0.34701526
 0.3463977  0.34636924 0.34496158 0.34559307 0.3444418  0.34440768
 0.34433964 0.3442213  0.3442665  0.34431443 0.34389877 0.34323844
 0.34284657 0.3429494  0.34276855 0.3423559  0.34210396 0.34261683
 0.3426983  0.3392412  0.34145495 0.34205598 0.34211668 0.34224817
 0.3402327  0.34063372 0.34022257 0.34003067 0.33953205 0.33956066
 0.33896092 0.33862403 0.33785868 0.33796066 0.33707467 0.33705896
 0.3370073  0.33643046 0.337101   0.3339792  0.33588308 0.33562618
 0.3344043  0.33315462 0.33207354 0.3329809  0.33169162 0.33178172
 0.33150226 0.3306808  0.33077648 0.33124995 0.32948893 0.3293081
 0.3282829  0.32803768 0.32348394 0.32546732 0.32587054 0.3251906
 0.32569203 0.3240022  0.32528958 0.32525238 0.32439387 0.3247474
 0.32413742 0.32281658 0.3210347  0.32115832 0.31914383 0.31893462
 0.31821045 0.31940088 0.31867006 0.3175583  0.31764445 0.31774747
 0.31641862 0.31595784 0.3145073  0.31276906 0.31219858 0.31315643
 0.31308553 0.31193364 0.3115327  0.31143454 0.31182098 0.31294554]
