Args in experiment:
Namespace(is_training=1, model_id='GD_336_336', model='DLinear', data='custom', root_path='./dataset/', data_path='GD.csv', features='M', target='Adj Close', freq='h', checkpoints='./checkpoints/', seq_len=336, label_len=48, pred_len=336, individual=False, embed_type=0, enc_in=8, dec_in=7, c_out=7, d_model=512, n_heads=8, e_layers=2, d_layers=1, d_ff=2048, moving_avg=25, factor=1, distil=True, dropout=0.05, embed='timeF', activation='gelu', output_attention=False, do_predict=False, num_workers=10, itr=1, train_epochs=10, batch_size=32, patience=3, learning_rate=0.0005, des='Exp', loss='mse', lradj='type1', use_amp=False, use_gpu=True, gpu=0, use_multi_gpu=False, devices='0,1,2,3', test_flop=False)
Use GPU: cuda:0
>>>>>>>start training : GD_336_336_DLinear_custom_ftM_sl336_ll48_pl336_dm512_nh8_el2_dl1_df2048_fc1_ebtimeF_dtTrue_Exp_0>>>>>>>>>>>>>>>>>>>>>>>>>>
train 10335
val 1239
test 2809
	iters: 100, epoch: 1 | loss: 0.2059305
	speed: 0.0185s/iter; left time: 57.6743s
	iters: 200, epoch: 1 | loss: 0.2207180
	speed: 0.0046s/iter; left time: 13.7774s
	iters: 300, epoch: 1 | loss: 0.1552967
	speed: 0.0045s/iter; left time: 13.0992s
Epoch: 1 cost time: 2.4078896045684814
Epoch: 1, Steps: 322 | Train Loss: 0.1909339 Vali Loss: 1.5758543 Test Loss: 4.4157658
Validation loss decreased (inf --> 1.575854).  Saving model ...
Updating learning rate to 0.0005
	iters: 100, epoch: 2 | loss: 0.1575763
	speed: 0.0188s/iter; left time: 52.4862s
	iters: 200, epoch: 2 | loss: 0.2196573
	speed: 0.0045s/iter; left time: 12.1008s
	iters: 300, epoch: 2 | loss: 0.1616199
	speed: 0.0045s/iter; left time: 11.5685s
Epoch: 2 cost time: 1.703143835067749
Epoch: 2, Steps: 322 | Train Loss: 0.1844985 Vali Loss: 1.2801696 Test Loss: 4.3540893
Validation loss decreased (1.575854 --> 1.280170).  Saving model ...
Updating learning rate to 0.00025
	iters: 100, epoch: 3 | loss: 0.2197787
	speed: 0.0193s/iter; left time: 47.6825s
	iters: 200, epoch: 3 | loss: 0.1823929
	speed: 0.0055s/iter; left time: 13.0549s
	iters: 300, epoch: 3 | loss: 0.1381533
	speed: 0.0056s/iter; left time: 12.7918s
Epoch: 3 cost time: 2.0213522911071777
Epoch: 3, Steps: 322 | Train Loss: 0.1816119 Vali Loss: 1.4265833 Test Loss: 4.0349398
EarlyStopping counter: 1 out of 3
Updating learning rate to 0.000125
	iters: 100, epoch: 4 | loss: 0.1627204
	speed: 0.0208s/iter; left time: 44.8720s
	iters: 200, epoch: 4 | loss: 0.1621959
	speed: 0.0055s/iter; left time: 11.2817s
	iters: 300, epoch: 4 | loss: 0.1361116
	speed: 0.0054s/iter; left time: 10.5611s
Epoch: 4 cost time: 2.035694122314453
Epoch: 4, Steps: 322 | Train Loss: 0.1786039 Vali Loss: 1.3647296 Test Loss: 3.9766591
EarlyStopping counter: 2 out of 3
Updating learning rate to 6.25e-05
	iters: 100, epoch: 5 | loss: 0.1671955
	speed: 0.0212s/iter; left time: 38.9126s
	iters: 200, epoch: 5 | loss: 0.1858794
	speed: 0.0059s/iter; left time: 10.3100s
	iters: 300, epoch: 5 | loss: 0.1390599
	speed: 0.0053s/iter; left time: 8.5938s
Epoch: 5 cost time: 2.088890790939331
Epoch: 5, Steps: 322 | Train Loss: 0.1776163 Vali Loss: 1.3681732 Test Loss: 3.9578819
EarlyStopping counter: 3 out of 3
Early stopping
>>>>>>>testing : GD_336_336_DLinear_custom_ftM_sl336_ll48_pl336_dm512_nh8_el2_dl1_df2048_fc1_ebtimeF_dtTrue_Exp_0<<<<<<<<<<<<<<<<<<<<<<<<<<<<<<<<<
test 2809
mse:4.35408878326416, mae:1.5767805576324463, rse:0.35781094431877136, corr:[0.3290681  0.32937267 0.32852644 0.3283339  0.32791513 0.32719135
 0.32720596 0.32705227 0.32711184 0.3265929  0.32568905 0.3259242
 0.3252704  0.32472676 0.32500336 0.32431114 0.3238745  0.32279176
 0.3233543  0.32250866 0.32185596 0.32170665 0.32133105 0.3204503
 0.31990093 0.3199211  0.31927094 0.31928763 0.31830755 0.31803998
 0.31751505 0.31698266 0.31667602 0.31629583 0.31582955 0.31570572
 0.31439543 0.314479   0.3135781  0.31340516 0.3128408  0.31308767
 0.31271872 0.31179228 0.31152394 0.31171295 0.31123787 0.3106844
 0.31065696 0.31055814 0.31018844 0.3096196  0.3089956  0.30960923
 0.30950195 0.30892453 0.30848184 0.30811852 0.307683   0.30752882
 0.30737817 0.30705267 0.30721274 0.30663365 0.30518508 0.30554992
 0.30501473 0.30457076 0.3038894  0.30377355 0.30363077 0.30283615
 0.3028955  0.30181274 0.30122903 0.30185148 0.30172917 0.30058122
 0.30038276 0.30054712 0.30103207 0.30048242 0.3004932  0.30069983
 0.30018505 0.30088276 0.30100468 0.30085164 0.30088034 0.3008583
 0.29981574 0.30003738 0.29929316 0.2989032  0.2989542  0.29868737
 0.29897854 0.29815933 0.2983322  0.29779235 0.2977809  0.29824483
 0.29747704 0.29795867 0.29828015 0.29782483 0.29845208 0.298402
 0.29831648 0.2984472  0.2979236  0.29826307 0.29814842 0.29811928
 0.2982278  0.29816324 0.29823753 0.29764146 0.2972265  0.2979672
 0.2973262  0.29762655 0.2970369  0.29760993 0.2980357  0.2970237
 0.2970472  0.29601943 0.2957943  0.29614592 0.29568532 0.29556134
 0.29541105 0.2954423  0.29408437 0.29367033 0.29427055 0.2940393
 0.29407224 0.29366958 0.29364598 0.29333252 0.29358572 0.2935904
 0.29398942 0.2941434  0.29372305 0.29494414 0.29483795 0.2943934
 0.2946254  0.29525396 0.29514998 0.29517776 0.29512316 0.29587957
 0.2951834  0.2962246  0.29630402 0.29619268 0.29527566 0.29585293
 0.2953478  0.29500422 0.2946605  0.2950439  0.29452565 0.29533216
 0.29512236 0.29461357 0.2953906  0.29598698 0.29495683 0.29468557
 0.29477814 0.29442567 0.2951423  0.29475614 0.29540566 0.29496223
 0.29483673 0.29528874 0.29344565 0.29439843 0.29443806 0.29447767
 0.29452485 0.29336357 0.29310083 0.29297835 0.292627   0.2917885
 0.29103988 0.29196808 0.29073796 0.2908469  0.29122657 0.29167467
 0.2911133  0.29173654 0.2907405  0.29069647 0.29091072 0.29111388
 0.29077268 0.2906435  0.2907195  0.28990316 0.2898968  0.29037026
 0.28988722 0.29036495 0.29010642 0.28974646 0.28985336 0.28874177
 0.2888855  0.28925514 0.28899887 0.28812394 0.28836852 0.28780496
 0.28753445 0.2863685  0.2860858  0.28506488 0.2853098  0.2848141
 0.28430417 0.28507218 0.28473946 0.28442976 0.28377977 0.28384826
 0.28395674 0.28324452 0.28374785 0.28363234 0.28298607 0.28299046
 0.28255454 0.2827184  0.28225332 0.28180495 0.282419   0.28197744
 0.28139707 0.28102854 0.2809577  0.28109404 0.28026992 0.27924305
 0.27838364 0.27857894 0.27835622 0.27814263 0.27814612 0.278056
 0.27668908 0.27684626 0.2763274  0.27630642 0.27536538 0.27459309
 0.27473047 0.2739636  0.27428064 0.27441254 0.274382   0.2739723
 0.27416083 0.2738005  0.27363598 0.27389815 0.27350304 0.27372932
 0.27312422 0.2724204  0.2724084  0.27190694 0.2719199  0.2713651
 0.27048087 0.27110648 0.27100226 0.27084982 0.26994956 0.26975194
 0.27004328 0.26943383 0.2694438  0.2689477  0.2690937  0.26885426
 0.2685162  0.26775074 0.2680159  0.26794165 0.26810923 0.2678449
 0.2673023  0.26763573 0.26728705 0.26734158 0.26685753 0.26637557
 0.26622075 0.26605624 0.26550323 0.26533324 0.26502684 0.2651088
 0.26449174 0.2641285  0.26385647 0.26280516 0.26218987 0.26231083
 0.26212254 0.26148555 0.26129517 0.26078433 0.2604155  0.25997838
 0.26013052 0.2597864  0.25985938 0.25934035 0.25952047 0.25919613
 0.25901398 0.25876078 0.25816295 0.25822923 0.25816473 0.25774184]
