Args in experiment:
Namespace(is_training=1, model_id='Exchange_336_336', model='DLinear', data='custom', root_path='./dataset/', data_path='exchange_rate.csv', features='M', target='OT', freq='h', checkpoints='./checkpoints/', seq_len=336, label_len=48, pred_len=336, individual=False, embed_type=0, enc_in=8, dec_in=7, c_out=7, d_model=512, n_heads=8, e_layers=2, d_layers=1, d_ff=2048, moving_avg=25, factor=1, distil=True, dropout=0.05, embed='timeF', activation='gelu', output_attention=False, do_predict=False, num_workers=10, itr=1, train_epochs=10, batch_size=32, patience=3, learning_rate=0.0005, des='Exp', loss='mse', lradj='type1', use_amp=False, use_gpu=True, gpu=0, use_multi_gpu=False, devices='0,1,2,3', test_flop=False)
Use GPU: cuda:0
>>>>>>>start training : Exchange_336_336_DLinear_custom_ftM_sl336_ll48_pl336_dm512_nh8_el2_dl1_df2048_fc1_ebtimeF_dtTrue_Exp_0>>>>>>>>>>>>>>>>>>>>>>>>>>
train 4640
val 425
test 1182
	iters: 100, epoch: 1 | loss: 0.4447154
	speed: 0.0180s/iter; left time: 24.3155s
Epoch: 1 cost time: 1.5785348415374756
Epoch: 1, Steps: 145 | Train Loss: 0.4162436 Vali Loss: 0.8648107 Test Loss: 0.3047526
Validation loss decreased (inf --> 0.864811).  Saving model ...
Updating learning rate to 0.0005
	iters: 100, epoch: 2 | loss: 0.3319384
	speed: 0.0178s/iter; left time: 21.4486s
Epoch: 2 cost time: 0.9813456535339355
Epoch: 2, Steps: 145 | Train Loss: 0.3852862 Vali Loss: 1.2518872 Test Loss: 0.4540721
EarlyStopping counter: 1 out of 3
Updating learning rate to 0.00025
	iters: 100, epoch: 3 | loss: 0.3958247
	speed: 0.0165s/iter; left time: 17.4668s
Epoch: 3 cost time: 0.917593240737915
Epoch: 3, Steps: 145 | Train Loss: 0.3770995 Vali Loss: 1.0540688 Test Loss: 0.3810329
EarlyStopping counter: 2 out of 3
Updating learning rate to 0.000125
	iters: 100, epoch: 4 | loss: 0.2971465
	speed: 0.0176s/iter; left time: 16.1350s
Epoch: 4 cost time: 1.025369644165039
Epoch: 4, Steps: 145 | Train Loss: 0.3732897 Vali Loss: 1.1696910 Test Loss: 0.4380652
EarlyStopping counter: 3 out of 3
Early stopping
>>>>>>>testing : Exchange_336_336_DLinear_custom_ftM_sl336_ll48_pl336_dm512_nh8_el2_dl1_df2048_fc1_ebtimeF_dtTrue_Exp_0<<<<<<<<<<<<<<<<<<<<<<<<<<<<<<<<<
test 1182
mse:0.30475249886512756, mae:0.414395272731781, rse:0.4301011562347412, corr:[0.21830016 0.21801943 0.21781017 0.21746196 0.21705525 0.21663621
 0.21619672 0.21576455 0.21536447 0.21504185 0.21475288 0.21453139
 0.21433608 0.21415202 0.2140036  0.21385936 0.21372189 0.2135365
 0.21338592 0.2132109  0.21308433 0.21301053 0.21300629 0.21291088
 0.21286862 0.2127704  0.2125644  0.21237518 0.2121374  0.21197695
 0.21175925 0.21157654 0.2113998  0.21129535 0.21116193 0.21104297
 0.21099712 0.2109634  0.21080483 0.21073455 0.21063201 0.21062265
 0.21054399 0.21045807 0.21049449 0.2105009  0.21046165 0.21032943
 0.21014136 0.2100301  0.2099726  0.20993267 0.20988983 0.20985328
 0.20973736 0.20966387 0.20960246 0.20959291 0.20953174 0.20952988
 0.20944373 0.20939972 0.2092987  0.20921314 0.20914327 0.2091104
 0.20914808 0.20915085 0.20907386 0.20908079 0.20922272 0.20914173
 0.2090346  0.20908922 0.20916647 0.20912284 0.2092092  0.2091812
 0.2093232  0.20925312 0.20922333 0.20915435 0.20902614 0.2090984
 0.20906647 0.20894867 0.20879203 0.2086604  0.20862152 0.20854814
 0.20846656 0.2084105  0.2083134  0.20820525 0.20791271 0.20784011
 0.20766845 0.20761457 0.20742492 0.20720388 0.20707297 0.20686655
 0.20664966 0.20653296 0.20641862 0.20623332 0.20607315 0.20588182
 0.20567006 0.20555934 0.20538552 0.20527154 0.20509426 0.20481883
 0.20458741 0.20426649 0.20417537 0.20379394 0.20348911 0.2031312
 0.20274684 0.20250736 0.20240493 0.20226957 0.2020736  0.20188217
 0.20172545 0.20155649 0.2013601  0.20120601 0.20094591 0.20072192
 0.20032641 0.19989082 0.19960673 0.19940898 0.19925174 0.19903886
 0.19872385 0.19847015 0.19814529 0.19804958 0.19793308 0.19781746
 0.1976386  0.19741714 0.19723831 0.19694819 0.19659233 0.19648619
 0.19630225 0.19620372 0.19601634 0.19580182 0.19577469 0.19555855
 0.19551808 0.19535756 0.1951314  0.19502191 0.19492841 0.19477744
 0.19455189 0.19415405 0.19378242 0.19347739 0.19329998 0.19317739
 0.19285892 0.19264899 0.1923051  0.192103   0.19194809 0.19183037
 0.19166963 0.1913776  0.19110252 0.19091342 0.19078109 0.1905347
 0.1903775  0.19018222 0.19004408 0.18980189 0.18951435 0.18929335
 0.18916662 0.18900302 0.18893188 0.18856758 0.18842125 0.18836956
 0.18828467 0.18823102 0.18819198 0.18817529 0.18804243 0.18794826
 0.18779537 0.18773068 0.18770276 0.18762755 0.18752357 0.18731362
 0.18717618 0.18699689 0.18685138 0.1867736  0.1866029  0.18645172
 0.18630518 0.18609226 0.18598346 0.1858089  0.18562865 0.18538104
 0.18522689 0.18493915 0.18488625 0.18467027 0.18446563 0.18436277
 0.18425086 0.18418743 0.18404537 0.1839262  0.18369164 0.18373062
 0.18366371 0.1836443  0.18357839 0.18344794 0.18329364 0.18313755
 0.18299669 0.18285978 0.18281765 0.18273082 0.1825368  0.18233676
 0.1821643  0.18189216 0.18165217 0.18171252 0.1816395  0.18148057
 0.18118697 0.18098487 0.18060407 0.18038322 0.1800973  0.17990957
 0.17977205 0.17917614 0.17923458 0.17900985 0.17878929 0.17858359
 0.17822099 0.1782143  0.17799786 0.17792988 0.17781192 0.17738914
 0.17727622 0.17715673 0.17660658 0.17665498 0.17648745 0.1761763
 0.17610799 0.17569639 0.17547384 0.17543656 0.17509532 0.17474055
 0.17459762 0.17435808 0.1740376  0.17395248 0.17383568 0.17359832
 0.1734835  0.17319961 0.17311595 0.17316131 0.17289959 0.17283973
 0.17246658 0.17221655 0.1721699  0.17197174 0.1717086  0.17170882
 0.17129666 0.171299   0.17121689 0.1709374  0.17085533 0.17075878
 0.17031264 0.17042671 0.17000513 0.16999897 0.1695121  0.16951697
 0.16899833 0.16890055 0.16822965 0.1678572  0.16770668 0.16742545
 0.16710266 0.16679992 0.1666303  0.16629577 0.16611542 0.16585681
 0.16548167 0.16515188 0.16500267 0.16476291 0.1642876  0.16414371
 0.16406669 0.16369343 0.1635408  0.16301769 0.16278186 0.16275135
 0.16235931 0.16229145 0.1618872  0.16161731 0.16154422 0.16127197]
