Args in experiment:
Namespace(is_training=1, model_id='MRO_336_720', model='DLinear', data='custom', root_path='./dataset/', data_path='MRO.csv', features='M', target='Adj Close', freq='h', checkpoints='./checkpoints/', seq_len=336, label_len=48, pred_len=720, individual=False, embed_type=0, enc_in=8, dec_in=7, c_out=7, d_model=512, n_heads=8, e_layers=2, d_layers=1, d_ff=2048, moving_avg=25, factor=1, distil=True, dropout=0.05, embed='timeF', activation='gelu', output_attention=False, do_predict=False, num_workers=10, itr=1, train_epochs=10, batch_size=32, patience=3, learning_rate=0.005, des='Exp', loss='mse', lradj='type1', use_amp=False, use_gpu=True, gpu=0, use_multi_gpu=False, devices='0,1,2,3', test_flop=False)
Use GPU: cuda:0
>>>>>>>start training : MRO_336_720_DLinear_custom_ftM_sl336_ll48_pl720_dm512_nh8_el2_dl1_df2048_fc1_ebtimeF_dtTrue_Exp_0>>>>>>>>>>>>>>>>>>>>>>>>>>
train 9951
val 855
test 2425
	iters: 100, epoch: 1 | loss: 0.5492049
	speed: 0.0194s/iter; left time: 58.1936s
	iters: 200, epoch: 1 | loss: 0.5948917
	speed: 0.0052s/iter; left time: 14.9428s
	iters: 300, epoch: 1 | loss: 0.5629391
	speed: 0.0054s/iter; left time: 15.1713s
Epoch: 1 cost time: 2.6592824459075928
Epoch: 1, Steps: 310 | Train Loss: 0.5803235 Vali Loss: 13.3801270 Test Loss: 16.6337204
Validation loss decreased (inf --> 13.380127).  Saving model ...
Updating learning rate to 0.005
	iters: 100, epoch: 2 | loss: 0.4352723
	speed: 0.0203s/iter; left time: 54.7162s
	iters: 200, epoch: 2 | loss: 0.5159467
	speed: 0.0054s/iter; left time: 14.0773s
	iters: 300, epoch: 2 | loss: 0.5896072
	speed: 0.0055s/iter; left time: 13.5822s
Epoch: 2 cost time: 1.97572660446167
Epoch: 2, Steps: 310 | Train Loss: 0.5653351 Vali Loss: 16.4545002 Test Loss: 18.9427071
EarlyStopping counter: 1 out of 3
Updating learning rate to 0.0025
	iters: 100, epoch: 3 | loss: 0.5282443
	speed: 0.0200s/iter; left time: 47.6614s
	iters: 200, epoch: 3 | loss: 0.5698888
	speed: 0.0058s/iter; left time: 13.2691s
	iters: 300, epoch: 3 | loss: 0.6585960
	speed: 0.0069s/iter; left time: 15.0868s
Epoch: 3 cost time: 2.164930582046509
Epoch: 3, Steps: 310 | Train Loss: 0.5457317 Vali Loss: 22.3235912 Test Loss: 22.8649139
EarlyStopping counter: 2 out of 3
Updating learning rate to 0.00125
	iters: 100, epoch: 4 | loss: 0.5208203
	speed: 0.0226s/iter; left time: 46.8695s
	iters: 200, epoch: 4 | loss: 0.5150669
	speed: 0.0053s/iter; left time: 10.3810s
	iters: 300, epoch: 4 | loss: 0.6413876
	speed: 0.0058s/iter; left time: 10.7679s
Epoch: 4 cost time: 2.0897791385650635
Epoch: 4, Steps: 310 | Train Loss: 0.5243653 Vali Loss: 18.9294872 Test Loss: 19.1535587
EarlyStopping counter: 3 out of 3
Early stopping
>>>>>>>testing : MRO_336_720_DLinear_custom_ftM_sl336_ll48_pl720_dm512_nh8_el2_dl1_df2048_fc1_ebtimeF_dtTrue_Exp_0<<<<<<<<<<<<<<<<<<<<<<<<<<<<<<<<<
test 2425
mse:16.633724212646484, mae:2.9741175174713135, rse:1.025122046470642, corr:[ 0.32511786  0.3191664   0.32384408  0.32493985  0.3278923   0.329738
  0.32575879  0.3230684   0.31994897  0.32741654  0.322287    0.32559696
  0.32707003  0.32697234  0.3250844   0.32385704  0.3211      0.32321787
  0.3256452   0.32613716  0.32734326  0.3275812   0.32444638  0.32467127
  0.32334     0.3219681   0.326053    0.32540968  0.32476714  0.31896463
  0.32096413  0.32348436  0.32250175  0.32511172  0.31994066  0.31926537
  0.32499483  0.32251698  0.3217643   0.31488198  0.3217809   0.3222208
  0.3209301   0.32257617  0.31961024  0.3232809   0.32518947  0.3248962
  0.32614946  0.32373154  0.323214    0.32097524  0.32609934  0.32524624
  0.3264203   0.3260783   0.32510585  0.32684985  0.3246556   0.31714493
  0.3203817   0.32645994  0.3256795   0.32331264  0.32606903  0.32736272
  0.32787144  0.32699084  0.32665297  0.32323566  0.32375368  0.3272719
  0.32652295  0.325732    0.32658952  0.32530966  0.32504264  0.32452884
  0.32631758  0.3255588   0.32205075  0.3249895   0.3248191   0.32389724
  0.32342544  0.3227805   0.32242882  0.32239285  0.32085207  0.32405806
  0.32376337  0.32253107  0.3177388   0.32132855  0.3193357   0.32039088
  0.31813833  0.31859833  0.3205904   0.3194273   0.31789732  0.31804174
  0.31806946  0.3180992   0.31844267  0.31763235  0.31812093  0.31847128
  0.3178452   0.3183896   0.31824914  0.31785864  0.3176747   0.31592613
  0.316463    0.31631753  0.31462023  0.3140918   0.31033462  0.31304058
  0.31184837  0.31109816  0.31016022  0.312094    0.3125354   0.31150186
  0.3119892   0.3116042   0.31017     0.3105055   0.31104305  0.3104288
  0.310026    0.30758297  0.308812    0.30717462  0.30689758  0.30816633
  0.30805948  0.30706227  0.30812028  0.30796605  0.30593482  0.30479506
  0.30458152  0.30422822  0.30431852  0.30366835  0.30099863  0.30219328
  0.301327    0.30052465  0.30027053  0.3005395   0.3012311   0.3001986
  0.29953435  0.29887086  0.29949433  0.29740882  0.29738867  0.29741666
  0.2978627   0.29626772  0.29691237  0.29605672  0.2951375   0.29539564
  0.2952121   0.29440245  0.29433256  0.29364023  0.29201078  0.2906162
  0.2915093   0.29065782  0.29027474  0.28865895  0.28776595  0.2886736
  0.28805     0.28659302  0.2880952   0.2870377   0.28449595  0.2849907
  0.28699335  0.283988    0.28374937  0.28383547  0.28257784  0.28299397
  0.2841179   0.28355664  0.2801629   0.280606    0.2791275   0.2790696
  0.27843252  0.27954748  0.27710995  0.2753997   0.2758667   0.2754112
  0.27309456  0.27585062  0.2729051   0.27325612  0.2724065   0.27013955
  0.26945242  0.2693302   0.27056122  0.26847485  0.26963755  0.26754883
  0.26821595  0.26908475  0.26835236  0.2663634   0.26571265  0.26459694
  0.2648673   0.2642513   0.26488262  0.26276505  0.2629562   0.26273745
  0.26067197  0.25988054  0.26005292  0.26238072  0.26113787  0.26136726
  0.25926247  0.25715056  0.25920975  0.25860003  0.25641432  0.25784874
  0.25495043  0.25514445  0.25664493  0.25273386  0.2549268   0.25102377
  0.24906142  0.25140068  0.25035095  0.24952944  0.25187805  0.24919388
  0.24615829  0.24392837  0.24952734  0.24946861  0.24516276  0.24867348
  0.24698064  0.24653158  0.24691762  0.244738    0.24253075  0.24338447
  0.2401401   0.24157941  0.23884934  0.24176924  0.24108987  0.24362342
  0.24461776  0.23775625  0.24150446  0.2413576   0.2388299   0.23982787
  0.23709434  0.2347837   0.23687677  0.23497993  0.2356632   0.23183662
  0.23051032  0.23256922  0.23112212  0.23318563  0.23081572  0.22929718
  0.22937441  0.23087852  0.22968613  0.22698617  0.22614473  0.22829969
  0.22556259  0.22551422  0.22826517  0.22699478  0.22557661  0.22695945
  0.22655249  0.22282003  0.22368017  0.22332412  0.22188461  0.21918496
  0.21385087  0.21233198  0.21756303  0.21508592  0.21500129  0.21334198
  0.21247824  0.21069814  0.21272293  0.21331221  0.20899862  0.21010809
  0.20461568  0.20327142  0.205123    0.19872518  0.20036379  0.18988134
  0.19794485  0.19698098  0.19452752  0.1914138   0.17999966  0.1917088
  0.1881513   0.1911792   0.18795547  0.18412244  0.18797833  0.18470548
  0.1816282   0.18080269  0.18168601  0.18356329  0.18112634  0.17694406
  0.17983814  0.17885579  0.18145806  0.17991826  0.17290762  0.17015797
  0.17309782  0.17153192  0.17450975  0.16960232  0.16566423  0.16943935
  0.16833729  0.17005527  0.16878217  0.16511151  0.16885644  0.16501996
  0.16971904  0.15720981  0.1559409   0.15846068  0.15711625  0.1545087
  0.1465927   0.15374766  0.15414704  0.1538923   0.1511568   0.15230983
  0.15214404  0.14746666  0.14597005  0.14408165  0.14107345  0.13889231
  0.14099048  0.13911958  0.13650124  0.13387786  0.13711949  0.13050719
  0.1299926   0.129493    0.13025711  0.13210662  0.12960838  0.1281116
  0.12391732  0.12006251  0.12242816  0.11716957  0.11468221  0.1177228
  0.11819027  0.11578922  0.11189959  0.10785702  0.11262435  0.11042991
  0.11147456  0.10648169  0.10941497  0.10812862  0.10923669  0.10519631
  0.10904715  0.11325947  0.11174165  0.1055342   0.10391521  0.10286375
  0.10413279  0.09957526  0.10001684  0.09943552  0.09591137  0.09714341
  0.09771965  0.10011334  0.0957125   0.08888698  0.0947148   0.08694442
  0.09338447  0.08914277  0.09176684  0.09271758  0.09534132  0.087276
  0.08380689  0.07995723  0.08411472  0.08387835  0.08216807  0.08975588
  0.08477096  0.07882491  0.07679822  0.06962995  0.08018731  0.07247835
  0.07625597  0.07281241  0.07199787  0.0703619   0.07383998  0.07194267
  0.07082111  0.06994753  0.0672699   0.07181372  0.06694553  0.06811632
  0.06393165  0.06464391  0.06860261  0.06682153  0.06087453  0.05734487
  0.05949583  0.05825411  0.06145699  0.06043741  0.06548005  0.06262739
  0.06701636  0.05591743  0.05509956  0.05534905  0.05279733  0.05391211
  0.0562602   0.05318252  0.0521351   0.04783685  0.05754111  0.04692524
  0.047807    0.04437645  0.04290482  0.04342935  0.04312     0.04205213
  0.04330721  0.03917294  0.03997999  0.03901009  0.03923381  0.0351495
  0.03714816  0.03234265  0.03509884  0.03272904  0.02643131  0.02745055
  0.02946131  0.02852812  0.02576244  0.02088999  0.02062045  0.02443287
  0.02442645  0.0231145   0.02014444  0.01908419  0.02214156  0.01466926
  0.01233707  0.01311073  0.0128347   0.01130431  0.00242933  0.0039329
  0.00148655  0.00641484 -0.00110929  0.00035871 -0.00318817 -0.0013666
 -0.00342697 -0.00439247 -0.00557192 -0.00917175 -0.00394417 -0.00533886
 -0.0083973  -0.01291106 -0.01520477 -0.00890137 -0.0142307  -0.01543831
 -0.01551244 -0.01348534 -0.01087671 -0.01233991 -0.01223633 -0.01664004
 -0.02307182 -0.02141134 -0.01947411 -0.02193441 -0.02022741 -0.02183869
 -0.0183592  -0.01786287 -0.02129677 -0.01922042 -0.02193709 -0.02293945
 -0.02042054 -0.02213905 -0.02629473 -0.02022791 -0.0246168  -0.02746817
 -0.02587445 -0.02563879 -0.02435012 -0.02547166 -0.02800197 -0.03092114
 -0.02900653 -0.0269161  -0.03331849 -0.03068149 -0.02145342 -0.03400008
 -0.02965696 -0.03300331 -0.03300173 -0.03416662 -0.03949016 -0.037615
 -0.0407403  -0.03648286 -0.03772076 -0.03550967 -0.03879711 -0.0420293
 -0.04475668 -0.04274788 -0.04301551 -0.04500667 -0.0512795  -0.05613529
 -0.05095237 -0.04902006 -0.04535841 -0.04503128 -0.0521809  -0.0446734
 -0.05306594 -0.06769886 -0.06192543 -0.05733145 -0.05667086 -0.05491237
 -0.04546274 -0.05609905 -0.05813186 -0.05940864 -0.05559677 -0.05388232
 -0.05857982 -0.06037194 -0.06065067 -0.06180025 -0.06237464 -0.06583218
 -0.06244161 -0.07218363 -0.07385326 -0.06464409 -0.06992037 -0.07195614
 -0.07324842 -0.06455716 -0.05990768 -0.0612199  -0.05748911 -0.06081968
 -0.0666149  -0.06580046 -0.05961221 -0.06685991 -0.06468144 -0.0649014
 -0.06596756 -0.06993368 -0.07242754 -0.06360696 -0.06369644 -0.06211886
 -0.06240868 -0.06809843 -0.06950863 -0.06770129 -0.06611621 -0.06875765
 -0.06926308 -0.08035295 -0.06693012 -0.07097307 -0.06260168 -0.05178141
 -0.06092436 -0.06251307 -0.06404692 -0.06511484 -0.05785694 -0.05892934
 -0.0572354  -0.05888653 -0.06253324 -0.06485874 -0.08470833 -0.07365172
 -0.07247569 -0.06810665 -0.07088962 -0.07783531 -0.08360011 -0.07633195
 -0.07768004 -0.07135769 -0.07481077 -0.06867233 -0.06683166 -0.06990907
 -0.06528907 -0.0636538  -0.05343089 -0.05663168 -0.05361354 -0.05053616
 -0.04579758 -0.05539328 -0.05303646 -0.05447473 -0.04799225 -0.05221746
 -0.06061679 -0.05612612 -0.05309146 -0.04842236 -0.05220574 -0.05855209
 -0.05228898 -0.05228267 -0.04785676 -0.05079968 -0.05985908 -0.0562727
 -0.03562134 -0.0429601  -0.04574507 -0.05351949 -0.05340568 -0.0529924
 -0.054446   -0.05657646 -0.05870232 -0.05135383 -0.051563   -0.05299724
 -0.0527503  -0.05607209 -0.0542269  -0.06127848 -0.05529021 -0.06962761
 -0.05298644 -0.05869635 -0.05702522 -0.04427372 -0.05131243 -0.04367323]
