Args in experiment:
Namespace(is_training=1, model_id='GD_336_192', model='DLinear', data='custom', root_path='./dataset/', data_path='GD.csv', features='M', target='Adj Close', freq='h', checkpoints='./checkpoints/', seq_len=336, label_len=48, pred_len=192, individual=False, embed_type=0, enc_in=8, dec_in=7, c_out=7, d_model=512, n_heads=8, e_layers=2, d_layers=1, d_ff=2048, moving_avg=25, factor=1, distil=True, dropout=0.05, embed='timeF', activation='gelu', output_attention=False, do_predict=False, num_workers=10, itr=1, train_epochs=10, batch_size=8, patience=3, learning_rate=0.0005, des='Exp', loss='mse', lradj='type1', use_amp=False, use_gpu=True, gpu=0, use_multi_gpu=False, devices='0,1,2,3', test_flop=False)
Use GPU: cuda:0
>>>>>>>start training : GD_336_192_DLinear_custom_ftM_sl336_ll48_pl192_dm512_nh8_el2_dl1_df2048_fc1_ebtimeF_dtTrue_Exp_0>>>>>>>>>>>>>>>>>>>>>>>>>>
train 10479
val 1383
test 2953
	iters: 100, epoch: 1 | loss: 0.1630155
	speed: 0.0188s/iter; left time: 244.3935s
	iters: 200, epoch: 1 | loss: 0.1987545
	speed: 0.0055s/iter; left time: 70.4428s
	iters: 300, epoch: 1 | loss: 0.0842690
	speed: 0.0058s/iter; left time: 73.5915s
	iters: 400, epoch: 1 | loss: 0.1531530
	speed: 0.0046s/iter; left time: 58.0638s
	iters: 500, epoch: 1 | loss: 0.1241129
	speed: 0.0042s/iter; left time: 53.0482s
	iters: 600, epoch: 1 | loss: 0.1652605
	speed: 0.0040s/iter; left time: 49.3472s
	iters: 700, epoch: 1 | loss: 0.1343955
	speed: 0.0039s/iter; left time: 48.5287s
	iters: 800, epoch: 1 | loss: 0.1615075
	speed: 0.0040s/iter; left time: 49.1960s
	iters: 900, epoch: 1 | loss: 0.3422290
	speed: 0.0041s/iter; left time: 49.7294s
	iters: 1000, epoch: 1 | loss: 0.1355055
	speed: 0.0041s/iter; left time: 49.4752s
	iters: 1100, epoch: 1 | loss: 0.1364447
	speed: 0.0043s/iter; left time: 52.0599s
	iters: 1200, epoch: 1 | loss: 0.1166149
	speed: 0.0043s/iter; left time: 50.9654s
	iters: 1300, epoch: 1 | loss: 0.1433433
	speed: 0.0046s/iter; left time: 54.1285s
Epoch: 1 cost time: 6.814795970916748
Epoch: 1, Steps: 1309 | Train Loss: 0.1714951 Vali Loss: 1.3200073 Test Loss: 3.9652219
Validation loss decreased (inf --> 1.320007).  Saving model ...
Updating learning rate to 0.0005
	iters: 100, epoch: 2 | loss: 0.1404037
	speed: 0.0394s/iter; left time: 460.0436s
	iters: 200, epoch: 2 | loss: 0.0614148
	speed: 0.0054s/iter; left time: 62.2873s
	iters: 300, epoch: 2 | loss: 0.0927143
	speed: 0.0056s/iter; left time: 64.3642s
	iters: 400, epoch: 2 | loss: 0.0910491
	speed: 0.0055s/iter; left time: 62.0916s
	iters: 500, epoch: 2 | loss: 0.2926160
	speed: 0.0057s/iter; left time: 63.8678s
	iters: 600, epoch: 2 | loss: 0.1692734
	speed: 0.0059s/iter; left time: 65.6346s
	iters: 700, epoch: 2 | loss: 0.1982697
	speed: 0.0054s/iter; left time: 59.6959s
	iters: 800, epoch: 2 | loss: 0.1399409
	speed: 0.0056s/iter; left time: 61.0189s
	iters: 900, epoch: 2 | loss: 0.0831018
	speed: 0.0057s/iter; left time: 62.1862s
	iters: 1000, epoch: 2 | loss: 0.1227862
	speed: 0.0058s/iter; left time: 62.5625s
	iters: 1100, epoch: 2 | loss: 0.2011812
	speed: 0.0054s/iter; left time: 57.2394s
	iters: 1200, epoch: 2 | loss: 0.0980021
	speed: 0.0054s/iter; left time: 57.2593s
	iters: 1300, epoch: 2 | loss: 0.1550635
	speed: 0.0051s/iter; left time: 53.8611s
Epoch: 2 cost time: 7.46480917930603
Epoch: 2, Steps: 1309 | Train Loss: 0.1680854 Vali Loss: 0.9278655 Test Loss: 2.4323604
Validation loss decreased (1.320007 --> 0.927866).  Saving model ...
Updating learning rate to 0.00025
	iters: 100, epoch: 3 | loss: 0.1297160
	speed: 0.0379s/iter; left time: 392.6235s
	iters: 200, epoch: 3 | loss: 0.1297644
	speed: 0.0058s/iter; left time: 59.7013s
	iters: 300, epoch: 3 | loss: 0.1015108
	speed: 0.0059s/iter; left time: 60.1962s
	iters: 400, epoch: 3 | loss: 0.0804361
	speed: 0.0062s/iter; left time: 62.3227s
	iters: 500, epoch: 3 | loss: 0.1061312
	speed: 0.0059s/iter; left time: 58.3979s
	iters: 600, epoch: 3 | loss: 0.2474958
	speed: 0.0061s/iter; left time: 60.2328s
	iters: 700, epoch: 3 | loss: 0.2628138
	speed: 0.0060s/iter; left time: 58.6585s
	iters: 800, epoch: 3 | loss: 0.1152527
	speed: 0.0055s/iter; left time: 53.0410s
	iters: 900, epoch: 3 | loss: 0.2133466
	speed: 0.0054s/iter; left time: 51.9738s
	iters: 1000, epoch: 3 | loss: 0.2394266
	speed: 0.0056s/iter; left time: 52.6241s
	iters: 1100, epoch: 3 | loss: 0.1580252
	speed: 0.0055s/iter; left time: 51.3783s
	iters: 1200, epoch: 3 | loss: 0.2075540
	speed: 0.0058s/iter; left time: 53.5721s
	iters: 1300, epoch: 3 | loss: 0.1877861
	speed: 0.0059s/iter; left time: 54.3579s
Epoch: 3 cost time: 7.792473793029785
Epoch: 3, Steps: 1309 | Train Loss: 0.1618619 Vali Loss: 1.0787104 Test Loss: 3.0784769
EarlyStopping counter: 1 out of 3
Updating learning rate to 0.000125
	iters: 100, epoch: 4 | loss: 0.0540404
	speed: 0.0395s/iter; left time: 358.4413s
	iters: 200, epoch: 4 | loss: 0.1210846
	speed: 0.0055s/iter; left time: 49.4002s
	iters: 300, epoch: 4 | loss: 0.1528390
	speed: 0.0061s/iter; left time: 53.8753s
	iters: 400, epoch: 4 | loss: 0.0718170
	speed: 0.0065s/iter; left time: 56.7161s
	iters: 500, epoch: 4 | loss: 0.3208000
	speed: 0.0052s/iter; left time: 44.6332s
	iters: 600, epoch: 4 | loss: 0.1340033
	speed: 0.0049s/iter; left time: 41.6931s
	iters: 700, epoch: 4 | loss: 0.1172469
	speed: 0.0050s/iter; left time: 42.3550s
	iters: 800, epoch: 4 | loss: 0.2024315
	speed: 0.0050s/iter; left time: 41.7271s
	iters: 900, epoch: 4 | loss: 0.0718304
	speed: 0.0045s/iter; left time: 37.1783s
	iters: 1000, epoch: 4 | loss: 0.0900781
	speed: 0.0044s/iter; left time: 35.8121s
	iters: 1100, epoch: 4 | loss: 0.0918994
	speed: 0.0047s/iter; left time: 38.0274s
	iters: 1200, epoch: 4 | loss: 0.3046719
	speed: 0.0046s/iter; left time: 36.6508s
	iters: 1300, epoch: 4 | loss: 0.1738168
	speed: 0.0046s/iter; left time: 36.0829s
Epoch: 4 cost time: 6.9204206466674805
Epoch: 4, Steps: 1309 | Train Loss: 0.1578114 Vali Loss: 0.8692709 Test Loss: 3.1450639
Validation loss decreased (0.927866 --> 0.869271).  Saving model ...
Updating learning rate to 6.25e-05
	iters: 100, epoch: 5 | loss: 0.1160289
	speed: 0.0368s/iter; left time: 285.7123s
	iters: 200, epoch: 5 | loss: 0.1206684
	speed: 0.0055s/iter; left time: 42.2246s
	iters: 300, epoch: 5 | loss: 0.2959651
	speed: 0.0058s/iter; left time: 43.6307s
	iters: 400, epoch: 5 | loss: 0.0817692
	speed: 0.0054s/iter; left time: 39.8911s
	iters: 500, epoch: 5 | loss: 0.1134561
	speed: 0.0053s/iter; left time: 39.0950s
	iters: 600, epoch: 5 | loss: 0.0618967
	speed: 0.0056s/iter; left time: 40.5441s
	iters: 700, epoch: 5 | loss: 0.0567961
	speed: 0.0054s/iter; left time: 38.8841s
	iters: 800, epoch: 5 | loss: 0.1332192
	speed: 0.0055s/iter; left time: 39.1158s
	iters: 900, epoch: 5 | loss: 0.1195669
	speed: 0.0053s/iter; left time: 36.5406s
	iters: 1000, epoch: 5 | loss: 0.1125997
	speed: 0.0055s/iter; left time: 37.7771s
	iters: 1100, epoch: 5 | loss: 0.1113762
	speed: 0.0057s/iter; left time: 38.6274s
	iters: 1200, epoch: 5 | loss: 0.0944365
	speed: 0.0056s/iter; left time: 37.5176s
	iters: 1300, epoch: 5 | loss: 0.0919999
	speed: 0.0063s/iter; left time: 41.6039s
Epoch: 5 cost time: 7.554456949234009
Epoch: 5, Steps: 1309 | Train Loss: 0.1562942 Vali Loss: 0.9423776 Test Loss: 2.4325037
EarlyStopping counter: 1 out of 3
Updating learning rate to 3.125e-05
	iters: 100, epoch: 6 | loss: 0.1164729
	speed: 0.0387s/iter; left time: 249.3823s
	iters: 200, epoch: 6 | loss: 0.5367227
	speed: 0.0046s/iter; left time: 29.3885s
	iters: 300, epoch: 6 | loss: 0.1659870
	speed: 0.0045s/iter; left time: 28.3388s
	iters: 400, epoch: 6 | loss: 0.1477595
	speed: 0.0048s/iter; left time: 29.3495s
	iters: 500, epoch: 6 | loss: 0.1725020
	speed: 0.0046s/iter; left time: 27.5483s
	iters: 600, epoch: 6 | loss: 0.1208759
	speed: 0.0044s/iter; left time: 26.1677s
	iters: 700, epoch: 6 | loss: 0.1787789
	speed: 0.0046s/iter; left time: 26.7114s
	iters: 800, epoch: 6 | loss: 0.2075197
	speed: 0.0042s/iter; left time: 23.8796s
	iters: 900, epoch: 6 | loss: 0.1349519
	speed: 0.0054s/iter; left time: 30.5532s
	iters: 1000, epoch: 6 | loss: 0.1524165
	speed: 0.0057s/iter; left time: 31.7344s
	iters: 1100, epoch: 6 | loss: 0.0703583
	speed: 0.0062s/iter; left time: 33.6152s
	iters: 1200, epoch: 6 | loss: 0.0942365
	speed: 0.0062s/iter; left time: 33.3889s
	iters: 1300, epoch: 6 | loss: 0.1345117
	speed: 0.0050s/iter; left time: 26.3473s
Epoch: 6 cost time: 6.896141052246094
Epoch: 6, Steps: 1309 | Train Loss: 0.1551993 Vali Loss: 0.8412348 Test Loss: 2.4296927
Validation loss decreased (0.869271 --> 0.841235).  Saving model ...
Updating learning rate to 1.5625e-05
	iters: 100, epoch: 7 | loss: 0.3054275
	speed: 0.0335s/iter; left time: 172.3060s
	iters: 200, epoch: 7 | loss: 0.1410641
	speed: 0.0055s/iter; left time: 27.7571s
	iters: 300, epoch: 7 | loss: 0.1167924
	speed: 0.0053s/iter; left time: 25.9866s
	iters: 400, epoch: 7 | loss: 0.0997056
	speed: 0.0043s/iter; left time: 20.9837s
	iters: 500, epoch: 7 | loss: 0.0819306
	speed: 0.0044s/iter; left time: 21.0038s
	iters: 600, epoch: 7 | loss: 0.3674305
	speed: 0.0051s/iter; left time: 23.8207s
	iters: 700, epoch: 7 | loss: 0.1375314
	speed: 0.0056s/iter; left time: 25.2069s
	iters: 800, epoch: 7 | loss: 0.2559154
	speed: 0.0057s/iter; left time: 25.1174s
	iters: 900, epoch: 7 | loss: 0.0785479
	speed: 0.0056s/iter; left time: 24.4146s
	iters: 1000, epoch: 7 | loss: 0.1418245
	speed: 0.0059s/iter; left time: 24.9076s
	iters: 1100, epoch: 7 | loss: 0.0852078
	speed: 0.0065s/iter; left time: 26.8859s
	iters: 1200, epoch: 7 | loss: 0.0799595
	speed: 0.0063s/iter; left time: 25.6001s
	iters: 1300, epoch: 7 | loss: 0.0909280
	speed: 0.0047s/iter; left time: 18.3194s
Epoch: 7 cost time: 7.343979120254517
Epoch: 7, Steps: 1309 | Train Loss: 0.1547669 Vali Loss: 0.8827996 Test Loss: 2.3145289
EarlyStopping counter: 1 out of 3
Updating learning rate to 7.8125e-06
	iters: 100, epoch: 8 | loss: 0.2956426
	speed: 0.0313s/iter; left time: 119.7177s
	iters: 200, epoch: 8 | loss: 0.2706141
	speed: 0.0043s/iter; left time: 16.1744s
	iters: 300, epoch: 8 | loss: 0.1588497
	speed: 0.0044s/iter; left time: 15.8426s
	iters: 400, epoch: 8 | loss: 0.0547939
	speed: 0.0046s/iter; left time: 16.0676s
	iters: 500, epoch: 8 | loss: 0.1157751
	speed: 0.0044s/iter; left time: 14.9169s
	iters: 600, epoch: 8 | loss: 0.3049809
	speed: 0.0044s/iter; left time: 14.5143s
	iters: 700, epoch: 8 | loss: 0.1457459
	speed: 0.0063s/iter; left time: 20.2495s
	iters: 800, epoch: 8 | loss: 0.0770579
	speed: 0.0057s/iter; left time: 17.7945s
	iters: 900, epoch: 8 | loss: 0.0814037
	speed: 0.0050s/iter; left time: 15.1653s
	iters: 1000, epoch: 8 | loss: 0.1078595
	speed: 0.0051s/iter; left time: 15.0449s
	iters: 1100, epoch: 8 | loss: 0.1375545
	speed: 0.0055s/iter; left time: 15.5128s
	iters: 1200, epoch: 8 | loss: 0.2189958
	speed: 0.0050s/iter; left time: 13.7496s
	iters: 1300, epoch: 8 | loss: 0.0898421
	speed: 0.0051s/iter; left time: 13.5116s
Epoch: 8 cost time: 6.756829500198364
Epoch: 8, Steps: 1309 | Train Loss: 0.1544547 Vali Loss: 0.9114757 Test Loss: 2.3334296
EarlyStopping counter: 2 out of 3
Updating learning rate to 3.90625e-06
	iters: 100, epoch: 9 | loss: 0.1028022
	speed: 0.0372s/iter; left time: 93.7551s
	iters: 200, epoch: 9 | loss: 0.1455494
	speed: 0.0054s/iter; left time: 13.0803s
	iters: 300, epoch: 9 | loss: 0.2119870
	speed: 0.0055s/iter; left time: 12.6459s
	iters: 400, epoch: 9 | loss: 0.1464937
	speed: 0.0058s/iter; left time: 12.8757s
	iters: 500, epoch: 9 | loss: 0.1889764
	speed: 0.0052s/iter; left time: 10.9575s
	iters: 600, epoch: 9 | loss: 0.1675824
	speed: 0.0060s/iter; left time: 12.0642s
	iters: 700, epoch: 9 | loss: 0.0757332
	speed: 0.0059s/iter; left time: 11.3900s
	iters: 800, epoch: 9 | loss: 0.1496141
	speed: 0.0043s/iter; left time: 7.8033s
	iters: 900, epoch: 9 | loss: 0.3006307
	speed: 0.0039s/iter; left time: 6.7690s
	iters: 1000, epoch: 9 | loss: 0.2418497
	speed: 0.0040s/iter; left time: 6.4433s
	iters: 1100, epoch: 9 | loss: 0.1176955
	speed: 0.0044s/iter; left time: 6.7271s
	iters: 1200, epoch: 9 | loss: 0.1552184
	speed: 0.0041s/iter; left time: 5.8299s
	iters: 1300, epoch: 9 | loss: 0.1669560
	speed: 0.0043s/iter; left time: 5.6649s
Epoch: 9 cost time: 6.707075357437134
Epoch: 9, Steps: 1309 | Train Loss: 0.1543932 Vali Loss: 0.8687466 Test Loss: 2.3174202
EarlyStopping counter: 3 out of 3
Early stopping
>>>>>>>testing : GD_336_192_DLinear_custom_ftM_sl336_ll48_pl192_dm512_nh8_el2_dl1_df2048_fc1_ebtimeF_dtTrue_Exp_0<<<<<<<<<<<<<<<<<<<<<<<<<<<<<<<<<
test 2953
mse:2.4296934604644775, mae:1.152969241142273, rse:0.26014938950538635, corr:[0.3399236  0.34013155 0.3395567  0.33913222 0.33839953 0.3377303
 0.33751148 0.33794296 0.33808616 0.3374793  0.33703747 0.33665347
 0.33641902 0.33605525 0.33566424 0.335361   0.3352354  0.33496487
 0.33443588 0.33382365 0.33374104 0.33330393 0.333048   0.33236754
 0.33166778 0.3313309  0.33056763 0.33036777 0.3300224  0.3293352
 0.3289857  0.32817593 0.32798985 0.32759196 0.32703936 0.3265607
 0.32567683 0.3251009  0.32459843 0.32407612 0.32383484 0.32349005
 0.32315665 0.32302555 0.3230843  0.32323483 0.32283127 0.32269207
 0.32235488 0.32207564 0.32194805 0.32151058 0.32120055 0.3205872
 0.32033366 0.32007778 0.32011902 0.32002887 0.3195611  0.3194616
 0.3187343  0.3184236  0.31834558 0.3175665  0.3166736  0.31579176
 0.3150779  0.3144164  0.3139705  0.31381264 0.31383637 0.3135872
 0.3130378  0.31280234 0.3125822  0.31250128 0.31257614 0.31252313
 0.3123136  0.3122184  0.31228086 0.31202132 0.3123457  0.31207702
 0.31206787 0.31238598 0.31229505 0.31180128 0.31186995 0.311594
 0.31092644 0.3105683  0.31013188 0.3100002  0.3095757  0.30935133
 0.30884334 0.30863428 0.30834752 0.30822676 0.30777013 0.30803797
 0.3082983  0.30858305 0.30854988 0.30833787 0.308368   0.3087614
 0.30879477 0.3086849  0.30869988 0.30834487 0.3084437  0.30837968
 0.30781916 0.3077887  0.30768213 0.3072052  0.3068863  0.3068575
 0.30662543 0.30686066 0.30689645 0.3066422  0.30650598 0.30589455
 0.30548185 0.30487394 0.30450013 0.3038472  0.3036297  0.30338642
 0.30312523 0.30306363 0.30282363 0.30306116 0.3028473  0.30259138
 0.30233192 0.30200046 0.3019356  0.30205208 0.30192238 0.3021145
 0.30218574 0.30232927 0.30234057 0.30220413 0.30249327 0.30242583
 0.30241293 0.30247077 0.30224583 0.30214423 0.30186048 0.30169678
 0.30152273 0.3016665  0.30149102 0.3013143  0.30110514 0.30094758
 0.30048838 0.30070305 0.3006257  0.30073634 0.3004434  0.30049652
 0.30020028 0.29999924 0.2998961  0.29964316 0.29967004 0.29966435
 0.29957342 0.29987985 0.29960078 0.29945764 0.29946348 0.29916868
 0.2992365  0.29913825 0.298951   0.2986865  0.29866025 0.2986835
 0.29860327 0.29824492 0.2975094  0.29684964 0.29620686 0.2957322 ]
