Args in experiment:
Namespace(is_training=1, model_id='DLinear_exchange_rate_336_720_MS_channels_7', model='DLinear', data='custom', root_path='./dataset/', data_path='exchange_rate.csv', features='MS', target='OT', freq='h', checkpoints='./checkpoints/', seq_len=336, label_len=48, pred_len=720, individual=False, embed_type=0, enc_in=7, dec_in=7, c_out=7, d_model=512, n_heads=8, e_layers=2, d_layers=1, d_ff=2048, moving_avg=25, factor=1, distil=True, dropout=0.05, embed='timeF', activation='gelu', output_attention=False, do_predict=False, num_workers=10, itr=1, train_epochs=10, batch_size=8, patience=3, learning_rate=0.0005, des='Exp', loss='mse', lradj='type1', use_amp=False, use_gpu=True, gpu=0, use_multi_gpu=False, devices='0,1,2,3', test_flop=False)
DLinear_exchange_rate_336_720_MS_channels_7_DLinear_MS_channels_7
Using GPU: NVIDIA GeForce RTX 4070 (cuda:0):
>>>>>>>start training : DLinear_exchange_rate_336_720_MS_channels_7_DLinear_MS_channels_7>>>>>>>>>>>>>>>>>>>>>>>>>>
train 4256
val 41
test 798
	iters: 100, epoch: 1 | loss: 0.4680173
	speed: 0.0180s/iter; time left: 94.0020s
	iters: 200, epoch: 1 | loss: 0.5589404
	speed: 0.0044s/iter; time left: 22.3958s
	iters: 300, epoch: 1 | loss: 0.4117291
	speed: 0.0043s/iter; time left: 21.6106s
	iters: 400, epoch: 1 | loss: 0.7136614
	speed: 0.0052s/iter; time left: 25.6866s
	iters: 500, epoch: 1 | loss: 0.6598141
	speed: 0.0045s/iter; time left: 21.6627s
Epoch: 1 cost time: 3.4 seconds
Epoch: 1, Steps: 532 | Train Loss: 0.6390650 Vali Loss: 2.6334069 Test Loss: 1.0420005
Validation loss decreased (inf --> 2.633407).  Saving model ...
Updating learning rate to 0.0005
	iters: 100, epoch: 2 | loss: 0.5391307
	speed: 0.0193s/iter; time left: 90.5576s
	iters: 200, epoch: 2 | loss: 0.8181573
	speed: 0.0048s/iter; time left: 21.7989s
	iters: 300, epoch: 2 | loss: 0.4243737
	speed: 0.0046s/iter; time left: 20.5764s
	iters: 400, epoch: 2 | loss: 0.8986062
	speed: 0.0048s/iter; time left: 20.9257s
	iters: 500, epoch: 2 | loss: 0.5477104
	speed: 0.0052s/iter; time left: 22.3073s
Epoch: 2 cost time: 2.9 seconds
Epoch: 2, Steps: 532 | Train Loss: 0.6064202 Vali Loss: 3.1579285 Test Loss: 1.7524329
EarlyStopping counter: 1 out of 3
Updating learning rate to 0.00025
	iters: 100, epoch: 3 | loss: 0.8287769
	speed: 0.0198s/iter; time left: 82.3146s
	iters: 200, epoch: 3 | loss: 0.9044890
	speed: 0.0049s/iter; time left: 19.8660s
	iters: 300, epoch: 3 | loss: 0.3148620
	speed: 0.0046s/iter; time left: 18.3325s
	iters: 400, epoch: 3 | loss: 0.5877962
	speed: 0.0047s/iter; time left: 18.2532s
	iters: 500, epoch: 3 | loss: 0.4147076
	speed: 0.0049s/iter; time left: 18.2463s
Epoch: 3 cost time: 2.9 seconds
Epoch: 3, Steps: 532 | Train Loss: 0.5981825 Vali Loss: 2.5021400 Test Loss: 0.9806861
Validation loss decreased (2.633407 --> 2.502140).  Saving model ...
Updating learning rate to 0.000125
	iters: 100, epoch: 4 | loss: 0.3770598
	speed: 0.0200s/iter; time left: 72.3879s
	iters: 200, epoch: 4 | loss: 0.3619164
	speed: 0.0055s/iter; time left: 19.4245s
	iters: 300, epoch: 4 | loss: 1.1313636
	speed: 0.0051s/iter; time left: 17.3329s
	iters: 400, epoch: 4 | loss: 0.5556272
	speed: 0.0050s/iter; time left: 16.6006s
	iters: 500, epoch: 4 | loss: 0.7863402
	speed: 0.0050s/iter; time left: 16.0179s
Epoch: 4 cost time: 3.0 seconds
Epoch: 4, Steps: 532 | Train Loss: 0.5880764 Vali Loss: 2.7718976 Test Loss: 1.3452069
EarlyStopping counter: 1 out of 3
Updating learning rate to 6.25e-05
	iters: 100, epoch: 5 | loss: 0.4291974
	speed: 0.0195s/iter; time left: 60.2248s
	iters: 200, epoch: 5 | loss: 0.4821396
	speed: 0.0049s/iter; time left: 14.8129s
	iters: 300, epoch: 5 | loss: 0.2712950
	speed: 0.0052s/iter; time left: 14.9366s
	iters: 400, epoch: 5 | loss: 0.7618786
	speed: 0.0048s/iter; time left: 13.3452s
	iters: 500, epoch: 5 | loss: 0.3849627
	speed: 0.0048s/iter; time left: 12.9313s
Epoch: 5 cost time: 2.9 seconds
Epoch: 5, Steps: 532 | Train Loss: 0.5846132 Vali Loss: 2.9284122 Test Loss: 1.5131750
EarlyStopping counter: 2 out of 3
Updating learning rate to 3.125e-05
	iters: 100, epoch: 6 | loss: 0.9537411
	speed: 0.0197s/iter; time left: 50.5496s
	iters: 200, epoch: 6 | loss: 0.6181017
	speed: 0.0050s/iter; time left: 12.3944s
	iters: 300, epoch: 6 | loss: 0.3059489
	speed: 0.0054s/iter; time left: 12.7124s
	iters: 400, epoch: 6 | loss: 0.8206371
	speed: 0.0050s/iter; time left: 11.2925s
	iters: 500, epoch: 6 | loss: 0.9336558
	speed: 0.0048s/iter; time left: 10.3524s
Epoch: 6 cost time: 3.0 seconds
Epoch: 6, Steps: 532 | Train Loss: 0.5845776 Vali Loss: 2.7106862 Test Loss: 1.2627004
EarlyStopping counter: 3 out of 3
Early stopping
>>>>>>>testing : DLinear_exchange_rate_336_720_MS_channels_7_DLinear_MS_channels_7<<<<<<<<<<<<<<<<<<<<<<<<<<<<<<<<<
test 798
DLinear_exchange_rate_336_720_MS_channels_7_DLinear_MS_channels_7
Shapes: pred (792, 720, 1), true (792, 720, 1), naive_pred (792, 720, 1)
Shapes: gt (99, 1056), pd (99, 1056), naive_pd (99, 1056)
Final Metrics:
DLinear      MSE: 0.980686   MAE: 0.783331   SE: 0.927702   RRMSE: 0.576888   RMAE: 0.456322   (numpy)
DLinear      MSE: 0.980686   MAE: 0.783331   SE: 0.927702   RRMSE: 0.576888   RMAE: 0.456322   (torch)

Repeat       MSE: 1.002388   MAE: 0.764844   SE: 1.831217   RRMSE: 0.583236   RMAE: 0.445552   (numpy)
Repeat       MSE: 1.002388   MAE: 0.764844   SE: 1.831217   RRMSE: 0.583236   RMAE: 0.445553   (torch)

