Args in experiment:
Namespace(is_training=1, model_id='DLinear_MRO_336_720_MS_channels_6', model='DLinear', data='custom', root_path='./dataset/', data_path='MRO.csv', features='MS', target='Adj Close', freq='h', checkpoints='./checkpoints/', seq_len=336, label_len=48, pred_len=720, individual=False, embed_type=0, enc_in=6, dec_in=7, c_out=7, d_model=512, n_heads=8, e_layers=2, d_layers=1, d_ff=2048, moving_avg=25, factor=1, distil=True, dropout=0.05, embed='timeF', activation='gelu', output_attention=False, do_predict=False, num_workers=10, itr=1, train_epochs=10, batch_size=8, patience=3, learning_rate=0.0005, des='Exp', loss='mse', lradj='type1', use_amp=False, use_gpu=True, gpu=0, use_multi_gpu=False, devices='0,1,2,3', test_flop=False)
DLinear_MRO_336_720_MS_channels_6_DLinear_MS_channels_6
Using GPU: NVIDIA GeForce RTX 4070 (cuda:0):
>>>>>>>start training : DLinear_MRO_336_720_MS_channels_6_DLinear_MS_channels_6>>>>>>>>>>>>>>>>>>>>>>>>>>
train 9951
val 855
test 2425
	iters: 100, epoch: 1 | loss: 0.1828258
	speed: 0.0172s/iter; time left: 212.1774s
	iters: 200, epoch: 1 | loss: 0.0729802
	speed: 0.0043s/iter; time left: 52.0487s
	iters: 300, epoch: 1 | loss: 0.2726981
	speed: 0.0043s/iter; time left: 51.7842s
	iters: 400, epoch: 1 | loss: 0.0721236
	speed: 0.0043s/iter; time left: 51.6969s
	iters: 500, epoch: 1 | loss: 0.2183960
	speed: 0.0042s/iter; time left: 50.3944s
	iters: 600, epoch: 1 | loss: 0.2008573
	speed: 0.0044s/iter; time left: 52.6187s
	iters: 700, epoch: 1 | loss: 0.2118376
	speed: 0.0041s/iter; time left: 48.2181s
	iters: 800, epoch: 1 | loss: 0.1039064
	speed: 0.0043s/iter; time left: 50.1312s
	iters: 900, epoch: 1 | loss: 0.0900669
	speed: 0.0045s/iter; time left: 51.4404s
	iters: 1000, epoch: 1 | loss: 0.0844183
	speed: 0.0041s/iter; time left: 46.9714s
	iters: 1100, epoch: 1 | loss: 0.2063934
	speed: 0.0044s/iter; time left: 49.9510s
	iters: 1200, epoch: 1 | loss: 0.0796734
	speed: 0.0044s/iter; time left: 49.0242s
Epoch: 1 cost time: 6.3 seconds
Epoch: 1, Steps: 1243 | Train Loss: 0.1416991 Vali Loss: 12.4209328 Test Loss: 23.4545269
Validation loss decreased (inf --> 12.420933).  Saving model ...
Updating learning rate to 0.0005
	iters: 100, epoch: 2 | loss: 0.0629657
	speed: 0.0337s/iter; time left: 373.2188s
	iters: 200, epoch: 2 | loss: 0.1294255
	speed: 0.0052s/iter; time left: 56.6802s
	iters: 300, epoch: 2 | loss: 0.1863144
	speed: 0.0050s/iter; time left: 54.6710s
	iters: 400, epoch: 2 | loss: 0.0560840
	speed: 0.0051s/iter; time left: 55.0301s
	iters: 500, epoch: 2 | loss: 0.1005903
	speed: 0.0051s/iter; time left: 54.0784s
	iters: 600, epoch: 2 | loss: 0.0828568
	speed: 0.0053s/iter; time left: 56.1090s
	iters: 700, epoch: 2 | loss: 0.1785963
	speed: 0.0053s/iter; time left: 55.7849s
	iters: 800, epoch: 2 | loss: 0.1710949
	speed: 0.0054s/iter; time left: 56.0817s
	iters: 900, epoch: 2 | loss: 0.2997927
	speed: 0.0051s/iter; time left: 52.7659s
	iters: 1000, epoch: 2 | loss: 0.2622514
	speed: 0.0053s/iter; time left: 53.9343s
	iters: 1100, epoch: 2 | loss: 0.1099882
	speed: 0.0053s/iter; time left: 52.9667s
	iters: 1200, epoch: 2 | loss: 0.0813231
	speed: 0.0052s/iter; time left: 51.7594s
Epoch: 2 cost time: 6.8 seconds
Epoch: 2, Steps: 1243 | Train Loss: 0.1374447 Vali Loss: 11.1998234 Test Loss: 20.6194878
Validation loss decreased (12.420933 --> 11.199823).  Saving model ...
Updating learning rate to 0.00025
	iters: 100, epoch: 3 | loss: 0.1611801
	speed: 0.0355s/iter; time left: 349.1014s
	iters: 200, epoch: 3 | loss: 0.1589623
	speed: 0.0052s/iter; time left: 50.6897s
	iters: 300, epoch: 3 | loss: 0.0558666
	speed: 0.0053s/iter; time left: 50.6441s
	iters: 400, epoch: 3 | loss: 0.2606205
	speed: 0.0052s/iter; time left: 49.4581s
	iters: 500, epoch: 3 | loss: 0.2094785
	speed: 0.0053s/iter; time left: 49.8871s
	iters: 600, epoch: 3 | loss: 0.0842283
	speed: 0.0049s/iter; time left: 46.1659s
	iters: 700, epoch: 3 | loss: 0.0690306
	speed: 0.0051s/iter; time left: 46.8220s
	iters: 800, epoch: 3 | loss: 0.1818755
	speed: 0.0051s/iter; time left: 47.0348s
	iters: 900, epoch: 3 | loss: 0.1421475
	speed: 0.0052s/iter; time left: 46.8144s
	iters: 1000, epoch: 3 | loss: 0.2168305
	speed: 0.0051s/iter; time left: 46.0588s
	iters: 1100, epoch: 3 | loss: 0.0403426
	speed: 0.0051s/iter; time left: 44.8927s
	iters: 1200, epoch: 3 | loss: 0.1361676
	speed: 0.0051s/iter; time left: 44.8633s
Epoch: 3 cost time: 6.7 seconds
Epoch: 3, Steps: 1243 | Train Loss: 0.1332212 Vali Loss: 12.6873035 Test Loss: 23.7891483
EarlyStopping counter: 1 out of 3
Updating learning rate to 0.000125
	iters: 100, epoch: 4 | loss: 0.1673824
	speed: 0.0347s/iter; time left: 298.9117s
	iters: 200, epoch: 4 | loss: 0.2163287
	speed: 0.0052s/iter; time left: 44.3912s
	iters: 300, epoch: 4 | loss: 0.2026812
	speed: 0.0054s/iter; time left: 45.6273s
	iters: 400, epoch: 4 | loss: 0.0545545
	speed: 0.0055s/iter; time left: 45.7625s
	iters: 500, epoch: 4 | loss: 0.0721265
	speed: 0.0053s/iter; time left: 43.8271s
	iters: 600, epoch: 4 | loss: 0.1795160
	speed: 0.0051s/iter; time left: 41.4847s
	iters: 700, epoch: 4 | loss: 0.2131148
	speed: 0.0052s/iter; time left: 41.3157s
	iters: 800, epoch: 4 | loss: 0.1625021
	speed: 0.0053s/iter; time left: 41.6929s
	iters: 900, epoch: 4 | loss: 0.1314768
	speed: 0.0051s/iter; time left: 39.5829s
	iters: 1000, epoch: 4 | loss: 0.0998005
	speed: 0.0051s/iter; time left: 39.3091s
	iters: 1100, epoch: 4 | loss: 0.0658469
	speed: 0.0053s/iter; time left: 40.5601s
	iters: 1200, epoch: 4 | loss: 0.0916804
	speed: 0.0051s/iter; time left: 38.2978s
Epoch: 4 cost time: 6.8 seconds
Epoch: 4, Steps: 1243 | Train Loss: 0.1309012 Vali Loss: 10.9622726 Test Loss: 20.3962040
Validation loss decreased (11.199823 --> 10.962273).  Saving model ...
Updating learning rate to 6.25e-05
	iters: 100, epoch: 5 | loss: 0.0821764
	speed: 0.0359s/iter; time left: 264.1814s
	iters: 200, epoch: 5 | loss: 0.1565050
	speed: 0.0053s/iter; time left: 38.2224s
	iters: 300, epoch: 5 | loss: 0.0556225
	speed: 0.0054s/iter; time left: 38.8284s
	iters: 400, epoch: 5 | loss: 0.4170686
	speed: 0.0050s/iter; time left: 35.4024s
	iters: 500, epoch: 5 | loss: 0.0525365
	speed: 0.0059s/iter; time left: 41.2389s
	iters: 600, epoch: 5 | loss: 0.1209639
	speed: 0.0051s/iter; time left: 35.2658s
	iters: 700, epoch: 5 | loss: 0.2295813
	speed: 0.0052s/iter; time left: 35.2183s
	iters: 800, epoch: 5 | loss: 0.2099455
	speed: 0.0050s/iter; time left: 33.1185s
	iters: 900, epoch: 5 | loss: 0.0901611
	speed: 0.0051s/iter; time left: 33.2503s
	iters: 1000, epoch: 5 | loss: 0.0328037
	speed: 0.0050s/iter; time left: 32.3805s
	iters: 1100, epoch: 5 | loss: 0.1134518
	speed: 0.0051s/iter; time left: 32.5522s
	iters: 1200, epoch: 5 | loss: 0.1415667
	speed: 0.0051s/iter; time left: 31.6419s
Epoch: 5 cost time: 6.9 seconds
Epoch: 5, Steps: 1243 | Train Loss: 0.1296550 Vali Loss: 11.4286499 Test Loss: 21.3891563
EarlyStopping counter: 1 out of 3
Updating learning rate to 3.125e-05
	iters: 100, epoch: 6 | loss: 0.0571927
	speed: 0.0351s/iter; time left: 214.8125s
	iters: 200, epoch: 6 | loss: 0.1648548
	speed: 0.0051s/iter; time left: 30.6059s
	iters: 300, epoch: 6 | loss: 0.1774208
	speed: 0.0052s/iter; time left: 31.0069s
	iters: 400, epoch: 6 | loss: 0.2515540
	speed: 0.0053s/iter; time left: 30.9854s
	iters: 500, epoch: 6 | loss: 0.0680582
	speed: 0.0052s/iter; time left: 29.7419s
	iters: 600, epoch: 6 | loss: 0.2726583
	speed: 0.0053s/iter; time left: 30.0150s
	iters: 700, epoch: 6 | loss: 0.0639038
	speed: 0.0052s/iter; time left: 28.5205s
	iters: 800, epoch: 6 | loss: 0.0755305
	speed: 0.0053s/iter; time left: 28.6054s
	iters: 900, epoch: 6 | loss: 0.1828969
	speed: 0.0050s/iter; time left: 26.6160s
	iters: 1000, epoch: 6 | loss: 0.0882004
	speed: 0.0052s/iter; time left: 26.9714s
	iters: 1100, epoch: 6 | loss: 0.0818463
	speed: 0.0051s/iter; time left: 26.3156s
	iters: 1200, epoch: 6 | loss: 0.1080634
	speed: 0.0052s/iter; time left: 26.3026s
Epoch: 6 cost time: 6.8 seconds
Epoch: 6, Steps: 1243 | Train Loss: 0.1291522 Vali Loss: 12.3482723 Test Loss: 23.3456573
EarlyStopping counter: 2 out of 3
Updating learning rate to 1.5625e-05
	iters: 100, epoch: 7 | loss: 0.0574722
	speed: 0.0344s/iter; time left: 167.5895s
	iters: 200, epoch: 7 | loss: 0.0849939
	speed: 0.0052s/iter; time left: 25.0165s
	iters: 300, epoch: 7 | loss: 0.1054384
	speed: 0.0053s/iter; time left: 24.6532s
	iters: 400, epoch: 7 | loss: 0.0436466
	speed: 0.0052s/iter; time left: 23.8125s
	iters: 500, epoch: 7 | loss: 0.1765482
	speed: 0.0053s/iter; time left: 23.6882s
	iters: 600, epoch: 7 | loss: 0.1419449
	speed: 0.0052s/iter; time left: 22.6741s
	iters: 700, epoch: 7 | loss: 0.1422817
	speed: 0.0050s/iter; time left: 21.4988s
	iters: 800, epoch: 7 | loss: 0.0647498
	speed: 0.0049s/iter; time left: 20.4633s
	iters: 900, epoch: 7 | loss: 0.0772288
	speed: 0.0052s/iter; time left: 21.1902s
	iters: 1000, epoch: 7 | loss: 0.2334006
	speed: 0.0052s/iter; time left: 20.7110s
	iters: 1100, epoch: 7 | loss: 0.0686998
	speed: 0.0054s/iter; time left: 21.1003s
	iters: 1200, epoch: 7 | loss: 0.0868468
	speed: 0.0055s/iter; time left: 20.8841s
Epoch: 7 cost time: 6.8 seconds
Epoch: 7, Steps: 1243 | Train Loss: 0.1289277 Vali Loss: 11.7200279 Test Loss: 22.0899639
EarlyStopping counter: 3 out of 3
Early stopping
>>>>>>>testing : DLinear_MRO_336_720_MS_channels_6_DLinear_MS_channels_6<<<<<<<<<<<<<<<<<<<<<<<<<<<<<<<<<
test 2425
DLinear_MRO_336_720_MS_channels_6_DLinear_MS_channels_6
Shapes: pred (2424, 720, 1), true (2424, 720, 1), naive_pred (2424, 720, 1)
Shapes: gt (303, 1056), pd (303, 1056), naive_pd (303, 1056)
Final Metrics:
DLinear      MSE: 20.396196  MAE: 3.536025   SE: 36.740223  RRMSE: 0.599536   RMAE: 0.469414   (numpy)
DLinear      MSE: 20.396202  MAE: 3.536025   SE: 36.740223  RRMSE: 0.599536   RMAE: 0.469414   (torch)

Repeat       MSE: 23.184877  MAE: 3.680038   SE: 39.829136  RRMSE: 0.639209   RMAE: 0.488532   (numpy)
Repeat       MSE: 23.184883  MAE: 3.680040   SE: 39.829136  RRMSE: 0.639209   RMAE: 0.488532   (torch)

