Args in experiment:
Namespace(is_training=1, model_id='DLinear_FITS_MRO_336_336_MS_channels_6', model='DLinear_FITS', data='custom', root_path='./dataset/', data_path='MRO.csv', features='MS', target='Adj Close', freq='h', checkpoints='./checkpoints/', seq_len=336, label_len=48, pred_len=336, individual=False, embed_type=0, enc_in=6, dec_in=7, c_out=7, d_model=512, n_heads=8, e_layers=2, d_layers=1, d_ff=2048, moving_avg=25, factor=1, distil=True, dropout=0.05, embed='timeF', activation='gelu', output_attention=False, do_predict=False, num_workers=10, itr=1, train_epochs=10, batch_size=8, patience=3, learning_rate=0.0005, des='Exp', loss='mse', lradj='type1', use_amp=False, use_gpu=True, gpu=0, use_multi_gpu=False, devices='0,1,2,3', test_flop=False)
DLinear_FITS_MRO_336_336_MS_channels_6_DLinear_FITS_MS_channels_6
Using GPU: NVIDIA GeForce RTX 4070 (cuda:0):
FITS cutoff frequency: 49
>>>>>>>start training : DLinear_FITS_MRO_336_336_MS_channels_6_DLinear_FITS_MS_channels_6>>>>>>>>>>>>>>>>>>>>>>>>>>
train 10335
val 1239
test 2809
	iters: 100, epoch: 1 | loss: 0.1131036
	speed: 0.0205s/iter; time left: 263.2180s
	iters: 200, epoch: 1 | loss: 0.0409725
	speed: 0.0076s/iter; time left: 96.2811s
	iters: 300, epoch: 1 | loss: 0.0643020
	speed: 0.0069s/iter; time left: 86.5877s
	iters: 400, epoch: 1 | loss: 0.0885901
	speed: 0.0068s/iter; time left: 85.0451s
	iters: 500, epoch: 1 | loss: 0.1323084
	speed: 0.0078s/iter; time left: 96.9716s
	iters: 600, epoch: 1 | loss: 0.0572865
	speed: 0.0077s/iter; time left: 94.3956s
	iters: 700, epoch: 1 | loss: 0.1562796
	speed: 0.0074s/iter; time left: 90.1256s
	iters: 800, epoch: 1 | loss: 0.0406338
	speed: 0.0069s/iter; time left: 83.7529s
	iters: 900, epoch: 1 | loss: 0.1568512
	speed: 0.0075s/iter; time left: 90.3364s
	iters: 1000, epoch: 1 | loss: 0.0903342
	speed: 0.0077s/iter; time left: 91.6227s
	iters: 1100, epoch: 1 | loss: 0.0738331
	speed: 0.0075s/iter; time left: 88.1951s
	iters: 1200, epoch: 1 | loss: 0.0346519
	speed: 0.0078s/iter; time left: 91.4853s
Epoch: 1 cost time: 10.6 seconds
Epoch: 1, Steps: 1291 | Train Loss: 0.1104189 Vali Loss: 8.1281242 Test Loss: 11.5351782
Validation loss decreased (inf --> 8.128124).  Saving model ...
Updating learning rate to 0.0005
	iters: 100, epoch: 2 | loss: 0.0987893
	speed: 0.0492s/iter; time left: 566.8058s
	iters: 200, epoch: 2 | loss: 0.2211409
	speed: 0.0076s/iter; time left: 86.6530s
	iters: 300, epoch: 2 | loss: 0.1090683
	speed: 0.0077s/iter; time left: 86.7141s
	iters: 400, epoch: 2 | loss: 0.0492594
	speed: 0.0075s/iter; time left: 83.6151s
	iters: 500, epoch: 2 | loss: 0.0796102
	speed: 0.0080s/iter; time left: 88.4194s
	iters: 600, epoch: 2 | loss: 0.0892179
	speed: 0.0079s/iter; time left: 87.3382s
	iters: 700, epoch: 2 | loss: 0.2106845
	speed: 0.0081s/iter; time left: 88.1798s
	iters: 800, epoch: 2 | loss: 0.1062738
	speed: 0.0082s/iter; time left: 88.3118s
	iters: 900, epoch: 2 | loss: 0.3053799
	speed: 0.0079s/iter; time left: 84.8619s
	iters: 1000, epoch: 2 | loss: 0.0546354
	speed: 0.0083s/iter; time left: 87.6887s
	iters: 1100, epoch: 2 | loss: 0.0811942
	speed: 0.0086s/iter; time left: 90.2755s
	iters: 1200, epoch: 2 | loss: 0.1592021
	speed: 0.0083s/iter; time left: 86.2921s
Epoch: 2 cost time: 10.6 seconds
Epoch: 2, Steps: 1291 | Train Loss: 0.0975043 Vali Loss: 7.7477741 Test Loss: 10.6383524
Validation loss decreased (8.128124 --> 7.747774).  Saving model ...
Updating learning rate to 0.00025
	iters: 100, epoch: 3 | loss: 0.0658975
	speed: 0.0472s/iter; time left: 482.7411s
	iters: 200, epoch: 3 | loss: 0.0628941
	speed: 0.0072s/iter; time left: 72.5520s
	iters: 300, epoch: 3 | loss: 0.0508556
	speed: 0.0077s/iter; time left: 77.5266s
	iters: 400, epoch: 3 | loss: 0.0819698
	speed: 0.0080s/iter; time left: 79.1446s
	iters: 500, epoch: 3 | loss: 0.0978697
	speed: 0.0079s/iter; time left: 77.5559s
	iters: 600, epoch: 3 | loss: 0.0740905
	speed: 0.0087s/iter; time left: 84.2303s
	iters: 700, epoch: 3 | loss: 0.0775486
	speed: 0.0075s/iter; time left: 71.8131s
	iters: 800, epoch: 3 | loss: 0.0743844
	speed: 0.0073s/iter; time left: 69.4033s
	iters: 900, epoch: 3 | loss: 0.0547341
	speed: 0.0072s/iter; time left: 67.9055s
	iters: 1000, epoch: 3 | loss: 0.1758009
	speed: 0.0072s/iter; time left: 67.3722s
	iters: 1100, epoch: 3 | loss: 0.0525120
	speed: 0.0086s/iter; time left: 79.5756s
	iters: 1200, epoch: 3 | loss: 0.1606491
	speed: 0.0085s/iter; time left: 77.8166s
Epoch: 3 cost time: 10.3 seconds
Epoch: 3, Steps: 1291 | Train Loss: 0.0923875 Vali Loss: 7.8957343 Test Loss: 11.1324100
EarlyStopping counter: 1 out of 3
Updating learning rate to 0.000125
	iters: 100, epoch: 4 | loss: 0.0385002
	speed: 0.0478s/iter; time left: 427.2835s
	iters: 200, epoch: 4 | loss: 0.1474608
	speed: 0.0070s/iter; time left: 61.4841s
	iters: 300, epoch: 4 | loss: 0.2109834
	speed: 0.0071s/iter; time left: 62.3562s
	iters: 400, epoch: 4 | loss: 0.1946630
	speed: 0.0071s/iter; time left: 60.9664s
	iters: 500, epoch: 4 | loss: 0.1278868
	speed: 0.0074s/iter; time left: 63.5655s
	iters: 600, epoch: 4 | loss: 0.0385465
	speed: 0.0071s/iter; time left: 59.9939s
	iters: 700, epoch: 4 | loss: 0.0430878
	speed: 0.0072s/iter; time left: 59.9711s
	iters: 800, epoch: 4 | loss: 0.0393651
	speed: 0.0074s/iter; time left: 61.3230s
	iters: 900, epoch: 4 | loss: 0.0492425
	speed: 0.0075s/iter; time left: 61.3143s
	iters: 1000, epoch: 4 | loss: 0.0660532
	speed: 0.0074s/iter; time left: 59.2425s
	iters: 1100, epoch: 4 | loss: 0.0747471
	speed: 0.0079s/iter; time left: 62.8820s
	iters: 1200, epoch: 4 | loss: 0.4152852
	speed: 0.0078s/iter; time left: 61.1783s
Epoch: 4 cost time: 9.8 seconds
Epoch: 4, Steps: 1291 | Train Loss: 0.0905572 Vali Loss: 7.7525024 Test Loss: 11.0447121
EarlyStopping counter: 2 out of 3
Updating learning rate to 6.25e-05
	iters: 100, epoch: 5 | loss: 0.0193330
	speed: 0.0501s/iter; time left: 382.7513s
	iters: 200, epoch: 5 | loss: 0.1096581
	speed: 0.0083s/iter; time left: 62.5450s
	iters: 300, epoch: 5 | loss: 0.0905284
	speed: 0.0083s/iter; time left: 61.8783s
	iters: 400, epoch: 5 | loss: 0.0921187
	speed: 0.0078s/iter; time left: 57.6245s
	iters: 500, epoch: 5 | loss: 0.0946907
	speed: 0.0081s/iter; time left: 58.6004s
	iters: 600, epoch: 5 | loss: 0.0207184
	speed: 0.0085s/iter; time left: 60.5067s
	iters: 700, epoch: 5 | loss: 0.0932738
	speed: 0.0080s/iter; time left: 56.5511s
	iters: 800, epoch: 5 | loss: 0.0492441
	speed: 0.0070s/iter; time left: 48.6389s
	iters: 900, epoch: 5 | loss: 0.0420021
	speed: 0.0072s/iter; time left: 49.2505s
	iters: 1000, epoch: 5 | loss: 0.0500544
	speed: 0.0073s/iter; time left: 49.4844s
	iters: 1100, epoch: 5 | loss: 0.0693473
	speed: 0.0073s/iter; time left: 48.4217s
	iters: 1200, epoch: 5 | loss: 0.1012475
	speed: 0.0070s/iter; time left: 45.9588s
Epoch: 5 cost time: 10.4 seconds
Epoch: 5, Steps: 1291 | Train Loss: 0.0895189 Vali Loss: 8.1733475 Test Loss: 12.0089474
EarlyStopping counter: 3 out of 3
Early stopping
>>>>>>>testing : DLinear_FITS_MRO_336_336_MS_channels_6_DLinear_FITS_MS_channels_6<<<<<<<<<<<<<<<<<<<<<<<<<<<<<<<<<
test 2809
DLinear_FITS_MRO_336_336_MS_channels_6_DLinear_FITS_MS_channels_6
Shapes: pred (2808, 336, 1), true (2808, 336, 1), naive_pred (2808, 336, 1)
Shapes: gt (351, 672), pd (351, 672), naive_pd (351, 672)
Final Metrics:
DLinear_FITS MSE: 10.638352  MAE: 2.503889   SE: 19.348116  RRMSE: 0.399699   RMAE: 0.306840   (numpy)
DLinear_FITS MSE: 10.638352  MAE: 2.503889   SE: 19.348114  RRMSE: 0.399699   RMAE: 0.306840   (torch)

Repeat       MSE: 10.261215  MAE: 2.420922   SE: 21.428272  RRMSE: 0.392551   RMAE: 0.296672   (numpy)
Repeat       MSE: 10.261217  MAE: 2.420922   SE: 21.428272  RRMSE: 0.392551   RMAE: 0.296672   (torch)


Model(
  (decomposition): SeriesDecomp(
    (moving_avg): MovingAvg(
      (avg): AvgPool1d(kernel_size=(25,), stride=(1,), padding=(0,))
    )
  )
  (fits): FITS(
    (frequency_upsampler): Linear(in_features=49, out_features=98, bias=True)
  )
  (Linear_Seasonal): Linear(in_features=336, out_features=336, bias=True)
  (Linear_Trend): Linear(in_features=336, out_features=336, bias=True)
)
