Args in experiment:
Namespace(is_training=1, model_id='DLinear_exchange_rate_336_192_MS_channels_7', model='DLinear', data='custom', root_path='./dataset/', data_path='exchange_rate.csv', features='MS', target='OT', freq='h', checkpoints='./checkpoints/', seq_len=336, label_len=48, pred_len=192, individual=False, embed_type=0, enc_in=7, dec_in=7, c_out=7, d_model=512, n_heads=8, e_layers=2, d_layers=1, d_ff=2048, moving_avg=25, factor=1, distil=True, dropout=0.05, embed='timeF', activation='gelu', output_attention=False, do_predict=False, num_workers=10, itr=1, train_epochs=10, batch_size=8, patience=3, learning_rate=0.0005, des='Exp', loss='mse', lradj='type1', use_amp=False, use_gpu=True, gpu=0, use_multi_gpu=False, devices='0,1,2,3', test_flop=False)
DLinear_exchange_rate_336_192_MS_channels_7_DLinear_MS_channels_7
Using GPU: NVIDIA GeForce RTX 4070 (cuda:0):
>>>>>>>start training : DLinear_exchange_rate_336_192_MS_channels_7_DLinear_MS_channels_7>>>>>>>>>>>>>>>>>>>>>>>>>>
train 4784
val 569
test 1326
	iters: 100, epoch: 1 | loss: 0.4649362
	speed: 0.0181s/iter; time left: 106.7317s
	iters: 200, epoch: 1 | loss: 0.1733683
	speed: 0.0043s/iter; time left: 24.8177s
	iters: 300, epoch: 1 | loss: 0.1746217
	speed: 0.0047s/iter; time left: 26.6472s
	iters: 400, epoch: 1 | loss: 0.2251349
	speed: 0.0045s/iter; time left: 24.8863s
	iters: 500, epoch: 1 | loss: 0.1496772
	speed: 0.0045s/iter; time left: 24.5581s
Epoch: 1 cost time: 3.6 seconds
Epoch: 1, Steps: 598 | Train Loss: 0.2972767 Vali Loss: 0.3113547 Test Loss: 0.1972497
Validation loss decreased (inf --> 0.311355).  Saving model ...
Updating learning rate to 0.0005
	iters: 100, epoch: 2 | loss: 0.3472227
	speed: 0.0256s/iter; time left: 135.3944s
	iters: 200, epoch: 2 | loss: 0.1700746
	speed: 0.0046s/iter; time left: 23.8299s
	iters: 300, epoch: 2 | loss: 0.6531428
	speed: 0.0050s/iter; time left: 25.1975s
	iters: 400, epoch: 2 | loss: 0.3129687
	speed: 0.0049s/iter; time left: 24.5876s
	iters: 500, epoch: 2 | loss: 0.2785062
	speed: 0.0046s/iter; time left: 22.6967s
Epoch: 2 cost time: 3.1 seconds
Epoch: 2, Steps: 598 | Train Loss: 0.2627461 Vali Loss: 0.4111455 Test Loss: 0.2623821
EarlyStopping counter: 1 out of 3
Updating learning rate to 0.00025
	iters: 100, epoch: 3 | loss: 0.1210623
	speed: 0.0263s/iter; time left: 123.0223s
	iters: 200, epoch: 3 | loss: 0.0908698
	speed: 0.0047s/iter; time left: 21.6566s
	iters: 300, epoch: 3 | loss: 0.1083837
	speed: 0.0064s/iter; time left: 28.8721s
	iters: 400, epoch: 3 | loss: 0.1498561
	speed: 0.0054s/iter; time left: 23.6149s
	iters: 500, epoch: 3 | loss: 0.4601132
	speed: 0.0054s/iter; time left: 23.2666s
Epoch: 3 cost time: 3.5 seconds
Epoch: 3, Steps: 598 | Train Loss: 0.2478909 Vali Loss: 0.4090248 Test Loss: 0.2404534
EarlyStopping counter: 2 out of 3
Updating learning rate to 0.000125
	iters: 100, epoch: 4 | loss: 0.2004520
	speed: 0.0282s/iter; time left: 115.2848s
	iters: 200, epoch: 4 | loss: 0.2698077
	speed: 0.0054s/iter; time left: 21.3512s
	iters: 300, epoch: 4 | loss: 0.6233692
	speed: 0.0052s/iter; time left: 20.2454s
	iters: 400, epoch: 4 | loss: 0.1484108
	speed: 0.0054s/iter; time left: 20.5656s
	iters: 500, epoch: 4 | loss: 0.4490683
	speed: 0.0048s/iter; time left: 17.6901s
Epoch: 4 cost time: 3.4 seconds
Epoch: 4, Steps: 598 | Train Loss: 0.2439545 Vali Loss: 0.3305815 Test Loss: 0.1948907
EarlyStopping counter: 3 out of 3
Early stopping
>>>>>>>testing : DLinear_exchange_rate_336_192_MS_channels_7_DLinear_MS_channels_7<<<<<<<<<<<<<<<<<<<<<<<<<<<<<<<<<
test 1326
DLinear_exchange_rate_336_192_MS_channels_7_DLinear_MS_channels_7
Shapes: pred (1320, 192, 1), true (1320, 192, 1), naive_pred (1320, 192, 1)
Shapes: gt (165, 528), pd (165, 528), naive_pd (165, 528)
Final Metrics:
DLinear      MSE: 0.197250   MAE: 0.355130   SE: 0.404104   RRMSE: 0.266525   RMAE: 0.213117   (numpy)
DLinear      MSE: 0.197250   MAE: 0.355130   SE: 0.404104   RRMSE: 0.266525   RMAE: 0.213117   (torch)

Repeat       MSE: 0.188096   MAE: 0.332759   SE: 0.385642   RRMSE: 0.260268   RMAE: 0.199692   (numpy)
Repeat       MSE: 0.188096   MAE: 0.332759   SE: 0.385642   RRMSE: 0.260268   RMAE: 0.199692   (torch)

