Args in experiment:
Namespace(is_training=1, model_id='DLinear_exchange_rate_336_96_MS_channels_7', model='DLinear', data='custom', root_path='./dataset/', data_path='exchange_rate.csv', features='MS', target='OT', freq='h', checkpoints='./checkpoints/', seq_len=336, label_len=48, pred_len=96, individual=False, embed_type=0, enc_in=7, dec_in=7, c_out=7, d_model=512, n_heads=8, e_layers=2, d_layers=1, d_ff=2048, moving_avg=25, factor=1, distil=True, dropout=0.05, embed='timeF', activation='gelu', output_attention=False, do_predict=False, num_workers=10, itr=1, train_epochs=10, batch_size=8, patience=3, learning_rate=0.0005, des='Exp', loss='mse', lradj='type1', use_amp=False, use_gpu=True, gpu=0, use_multi_gpu=False, devices='0,1,2,3', test_flop=False)
DLinear_exchange_rate_336_96_MS_channels_7_DLinear_MS_channels_7
Using GPU: NVIDIA GeForce RTX 4070 (cuda:0):
>>>>>>>start training : DLinear_exchange_rate_336_96_MS_channels_7_DLinear_MS_channels_7>>>>>>>>>>>>>>>>>>>>>>>>>>
train 4880
val 665
test 1422
	iters: 100, epoch: 1 | loss: 0.1395557
	speed: 0.0175s/iter; time left: 105.1910s
	iters: 200, epoch: 1 | loss: 0.1478566
	speed: 0.0045s/iter; time left: 26.5015s
	iters: 300, epoch: 1 | loss: 0.0706765
	speed: 0.0048s/iter; time left: 27.8001s
	iters: 400, epoch: 1 | loss: 0.0262756
	speed: 0.0044s/iter; time left: 24.8696s
	iters: 500, epoch: 1 | loss: 0.1607887
	speed: 0.0043s/iter; time left: 24.0787s
	iters: 600, epoch: 1 | loss: 0.2206809
	speed: 0.0043s/iter; time left: 23.6449s
Epoch: 1 cost time: 3.6 seconds
Epoch: 1, Steps: 610 | Train Loss: 0.1469100 Vali Loss: 0.3246511 Test Loss: 0.1938311
Validation loss decreased (inf --> 0.324651).  Saving model ...
Updating learning rate to 0.0005
	iters: 100, epoch: 2 | loss: 0.0704480
	speed: 0.0209s/iter; time left: 112.5221s
	iters: 200, epoch: 2 | loss: 0.0697278
	speed: 0.0045s/iter; time left: 23.5494s
	iters: 300, epoch: 2 | loss: 0.0766274
	speed: 0.0046s/iter; time left: 23.7649s
	iters: 400, epoch: 2 | loss: 0.0925783
	speed: 0.0043s/iter; time left: 22.0863s
	iters: 500, epoch: 2 | loss: 0.1762589
	speed: 0.0044s/iter; time left: 21.9593s
	iters: 600, epoch: 2 | loss: 0.0704147
	speed: 0.0046s/iter; time left: 22.6149s
Epoch: 2 cost time: 3.0 seconds
Epoch: 2, Steps: 610 | Train Loss: 0.1138218 Vali Loss: 0.2733030 Test Loss: 0.1430655
Validation loss decreased (0.324651 --> 0.273303).  Saving model ...
Updating learning rate to 0.00025
	iters: 100, epoch: 3 | loss: 0.4101475
	speed: 0.0224s/iter; time left: 106.8557s
	iters: 200, epoch: 3 | loss: 0.0383643
	speed: 0.0047s/iter; time left: 21.8566s
	iters: 300, epoch: 3 | loss: 0.0354227
	speed: 0.0047s/iter; time left: 21.4121s
	iters: 400, epoch: 3 | loss: 0.0934424
	speed: 0.0048s/iter; time left: 21.5014s
	iters: 500, epoch: 3 | loss: 0.1531823
	speed: 0.0045s/iter; time left: 19.7226s
	iters: 600, epoch: 3 | loss: 0.0814436
	speed: 0.0048s/iter; time left: 20.4702s
Epoch: 3 cost time: 3.1 seconds
Epoch: 3, Steps: 610 | Train Loss: 0.1064149 Vali Loss: 0.2314872 Test Loss: 0.1094189
Validation loss decreased (0.273303 --> 0.231487).  Saving model ...
Updating learning rate to 0.000125
	iters: 100, epoch: 4 | loss: 0.1318630
	speed: 0.0238s/iter; time left: 99.1670s
	iters: 200, epoch: 4 | loss: 0.0851052
	speed: 0.0047s/iter; time left: 19.1317s
	iters: 300, epoch: 4 | loss: 0.1414757
	speed: 0.0050s/iter; time left: 19.7013s
	iters: 400, epoch: 4 | loss: 0.1597308
	speed: 0.0047s/iter; time left: 18.3763s
	iters: 500, epoch: 4 | loss: 0.2203635
	speed: 0.0049s/iter; time left: 18.5780s
	iters: 600, epoch: 4 | loss: 0.1080338
	speed: 0.0049s/iter; time left: 18.0135s
Epoch: 4 cost time: 3.3 seconds
Epoch: 4, Steps: 610 | Train Loss: 0.1031204 Vali Loss: 0.2384420 Test Loss: 0.1156483
EarlyStopping counter: 1 out of 3
Updating learning rate to 6.25e-05
	iters: 100, epoch: 5 | loss: 0.0447340
	speed: 0.0243s/iter; time left: 86.5021s
	iters: 200, epoch: 5 | loss: 0.0551511
	speed: 0.0047s/iter; time left: 16.2928s
	iters: 300, epoch: 5 | loss: 0.2370214
	speed: 0.0047s/iter; time left: 15.7852s
	iters: 400, epoch: 5 | loss: 0.0832413
	speed: 0.0048s/iter; time left: 15.7844s
	iters: 500, epoch: 5 | loss: 0.0585045
	speed: 0.0056s/iter; time left: 17.8071s
	iters: 600, epoch: 5 | loss: 0.1015868
	speed: 0.0050s/iter; time left: 15.4519s
Epoch: 5 cost time: 3.4 seconds
Epoch: 5, Steps: 610 | Train Loss: 0.1011754 Vali Loss: 0.2147648 Test Loss: 0.0994892
Validation loss decreased (0.231487 --> 0.214765).  Saving model ...
Updating learning rate to 3.125e-05
	iters: 100, epoch: 6 | loss: 0.1249921
	speed: 0.0239s/iter; time left: 70.5363s
	iters: 200, epoch: 6 | loss: 0.0623540
	speed: 0.0052s/iter; time left: 14.6911s
	iters: 300, epoch: 6 | loss: 0.0555027
	speed: 0.0049s/iter; time left: 13.5081s
	iters: 400, epoch: 6 | loss: 0.1287818
	speed: 0.0049s/iter; time left: 12.8847s
	iters: 500, epoch: 6 | loss: 0.1208899
	speed: 0.0049s/iter; time left: 12.5599s
	iters: 600, epoch: 6 | loss: 0.0209913
	speed: 0.0048s/iter; time left: 11.7091s
Epoch: 6 cost time: 3.3 seconds
Epoch: 6, Steps: 610 | Train Loss: 0.1005101 Vali Loss: 0.2214909 Test Loss: 0.1019212
EarlyStopping counter: 1 out of 3
Updating learning rate to 1.5625e-05
	iters: 100, epoch: 7 | loss: 0.1734050
	speed: 0.0246s/iter; time left: 57.4820s
	iters: 200, epoch: 7 | loss: 0.0631109
	speed: 0.0051s/iter; time left: 11.5193s
	iters: 300, epoch: 7 | loss: 0.0915160
	speed: 0.0050s/iter; time left: 10.7765s
	iters: 400, epoch: 7 | loss: 0.1730853
	speed: 0.0053s/iter; time left: 10.7304s
	iters: 500, epoch: 7 | loss: 0.0913047
	speed: 0.0051s/iter; time left: 9.9807s
	iters: 600, epoch: 7 | loss: 0.1403637
	speed: 0.0051s/iter; time left: 9.3095s
Epoch: 7 cost time: 3.4 seconds
Epoch: 7, Steps: 610 | Train Loss: 0.1002550 Vali Loss: 0.2274977 Test Loss: 0.1052716
EarlyStopping counter: 2 out of 3
Updating learning rate to 7.8125e-06
	iters: 100, epoch: 8 | loss: 0.0858725
	speed: 0.0244s/iter; time left: 42.2171s
	iters: 200, epoch: 8 | loss: 0.0300508
	speed: 0.0047s/iter; time left: 7.6186s
	iters: 300, epoch: 8 | loss: 0.1500909
	speed: 0.0050s/iter; time left: 7.7097s
	iters: 400, epoch: 8 | loss: 0.0385843
	speed: 0.0054s/iter; time left: 7.7968s
	iters: 500, epoch: 8 | loss: 0.1189756
	speed: 0.0054s/iter; time left: 7.2153s
	iters: 600, epoch: 8 | loss: 0.0853817
	speed: 0.0054s/iter; time left: 6.6634s
Epoch: 8 cost time: 3.4 seconds
Epoch: 8, Steps: 610 | Train Loss: 0.0999309 Vali Loss: 0.2296223 Test Loss: 0.1062646
EarlyStopping counter: 3 out of 3
Early stopping
>>>>>>>testing : DLinear_exchange_rate_336_96_MS_channels_7_DLinear_MS_channels_7<<<<<<<<<<<<<<<<<<<<<<<<<<<<<<<<<
test 1422
DLinear_exchange_rate_336_96_MS_channels_7_DLinear_MS_channels_7
Shapes: pred (1416, 96, 1), true (1416, 96, 1), naive_pred (1416, 96, 1)
Shapes: gt (177, 432), pd (177, 432), naive_pd (177, 432)
Final Metrics:
DLinear      MSE: 0.099489   MAE: 0.241854   SE: 0.191648   RRMSE: 0.188177   RMAE: 0.144289   (numpy)
DLinear      MSE: 0.099489   MAE: 0.241854   SE: 0.191648   RRMSE: 0.188177   RMAE: 0.144289   (torch)

Repeat       MSE: 0.087784   MAE: 0.220754   SE: 0.178736   RRMSE: 0.176762   RMAE: 0.131701   (numpy)
Repeat       MSE: 0.087784   MAE: 0.220754   SE: 0.178736   RRMSE: 0.176762   RMAE: 0.131701   (torch)

