Args in experiment:
Namespace(is_training=1, model_id='DLinear_MRO_336_96_MS_channels_6', model='DLinear', data='custom', root_path='./dataset/', data_path='MRO.csv', features='MS', target='Adj Close', freq='h', checkpoints='./checkpoints/', seq_len=336, label_len=48, pred_len=96, individual=False, embed_type=0, enc_in=6, dec_in=7, c_out=7, d_model=512, n_heads=8, e_layers=2, d_layers=1, d_ff=2048, moving_avg=25, factor=1, distil=True, dropout=0.05, embed='timeF', activation='gelu', output_attention=False, do_predict=False, num_workers=10, itr=1, train_epochs=10, batch_size=8, patience=3, learning_rate=0.0005, des='Exp', loss='mse', lradj='type1', use_amp=False, use_gpu=True, gpu=0, use_multi_gpu=False, devices='0,1,2,3', test_flop=False)
DLinear_MRO_336_96_MS_channels_6_DLinear_MS_channels_6
Using GPU: NVIDIA GeForce RTX 4070 (cuda:0):
>>>>>>>start training : DLinear_MRO_336_96_MS_channels_6_DLinear_MS_channels_6>>>>>>>>>>>>>>>>>>>>>>>>>>
train 10575
val 1479
test 3049
	iters: 100, epoch: 1 | loss: 0.0785315
	speed: 0.0165s/iter; time left: 216.8760s
	iters: 200, epoch: 1 | loss: 0.0211503
	speed: 0.0042s/iter; time left: 55.0665s
	iters: 300, epoch: 1 | loss: 0.0378468
	speed: 0.0042s/iter; time left: 53.6300s
	iters: 400, epoch: 1 | loss: 0.0227498
	speed: 0.0041s/iter; time left: 53.0778s
	iters: 500, epoch: 1 | loss: 0.0104216
	speed: 0.0042s/iter; time left: 53.0266s
	iters: 600, epoch: 1 | loss: 0.0499452
	speed: 0.0041s/iter; time left: 51.8728s
	iters: 700, epoch: 1 | loss: 0.0372303
	speed: 0.0041s/iter; time left: 50.7884s
	iters: 800, epoch: 1 | loss: 0.0432144
	speed: 0.0040s/iter; time left: 49.7494s
	iters: 900, epoch: 1 | loss: 0.0198680
	speed: 0.0039s/iter; time left: 47.7717s
	iters: 1000, epoch: 1 | loss: 0.0218753
	speed: 0.0039s/iter; time left: 47.6887s
	iters: 1100, epoch: 1 | loss: 0.0412188
	speed: 0.0042s/iter; time left: 50.3765s
	iters: 1200, epoch: 1 | loss: 0.0480922
	speed: 0.0041s/iter; time left: 49.4808s
	iters: 1300, epoch: 1 | loss: 0.0082896
	speed: 0.0045s/iter; time left: 53.0816s
Epoch: 1 cost time: 6.3 seconds
Epoch: 1, Steps: 1321 | Train Loss: 0.0469683 Vali Loss: 3.4634976 Test Loss: 4.8062916
Validation loss decreased (inf --> 3.463498).  Saving model ...
Updating learning rate to 0.0005
	iters: 100, epoch: 2 | loss: 0.1050209
	speed: 0.0375s/iter; time left: 441.9288s
	iters: 200, epoch: 2 | loss: 0.0115190
	speed: 0.0054s/iter; time left: 62.5692s
	iters: 300, epoch: 2 | loss: 0.0563908
	speed: 0.0053s/iter; time left: 61.6591s
	iters: 400, epoch: 2 | loss: 0.0430871
	speed: 0.0055s/iter; time left: 62.7100s
	iters: 500, epoch: 2 | loss: 0.1731446
	speed: 0.0053s/iter; time left: 60.3702s
	iters: 600, epoch: 2 | loss: 0.0257945
	speed: 0.0054s/iter; time left: 60.5785s
	iters: 700, epoch: 2 | loss: 0.1482331
	speed: 0.0053s/iter; time left: 59.4693s
	iters: 800, epoch: 2 | loss: 0.0104724
	speed: 0.0051s/iter; time left: 56.8928s
	iters: 900, epoch: 2 | loss: 0.1409719
	speed: 0.0052s/iter; time left: 57.2564s
	iters: 1000, epoch: 2 | loss: 0.0111751
	speed: 0.0050s/iter; time left: 54.2918s
	iters: 1100, epoch: 2 | loss: 0.0160791
	speed: 0.0050s/iter; time left: 53.4416s
	iters: 1200, epoch: 2 | loss: 0.0345497
	speed: 0.0052s/iter; time left: 55.6041s
	iters: 1300, epoch: 2 | loss: 0.0208654
	speed: 0.0051s/iter; time left: 53.7072s
Epoch: 2 cost time: 7.2 seconds
Epoch: 2, Steps: 1321 | Train Loss: 0.0392008 Vali Loss: 3.2786493 Test Loss: 4.4323721
Validation loss decreased (3.463498 --> 3.278649).  Saving model ...
Updating learning rate to 0.00025
	iters: 100, epoch: 3 | loss: 0.0217646
	speed: 0.0392s/iter; time left: 410.2257s
	iters: 200, epoch: 3 | loss: 0.0263435
	speed: 0.0053s/iter; time left: 54.6809s
	iters: 300, epoch: 3 | loss: 0.0377666
	speed: 0.0051s/iter; time left: 52.5338s
	iters: 400, epoch: 3 | loss: 0.0129184
	speed: 0.0053s/iter; time left: 54.2058s
	iters: 500, epoch: 3 | loss: 0.0103965
	speed: 0.0052s/iter; time left: 52.7201s
	iters: 600, epoch: 3 | loss: 0.0419432
	speed: 0.0053s/iter; time left: 52.4871s
	iters: 700, epoch: 3 | loss: 0.0186456
	speed: 0.0051s/iter; time left: 50.2331s
	iters: 800, epoch: 3 | loss: 0.0252301
	speed: 0.0051s/iter; time left: 49.3823s
	iters: 900, epoch: 3 | loss: 0.0276981
	speed: 0.0052s/iter; time left: 50.0656s
	iters: 1000, epoch: 3 | loss: 0.0246502
	speed: 0.0048s/iter; time left: 46.2469s
	iters: 1100, epoch: 3 | loss: 0.0549726
	speed: 0.0052s/iter; time left: 48.8833s
	iters: 1200, epoch: 3 | loss: 0.0217430
	speed: 0.0050s/iter; time left: 46.7947s
	iters: 1300, epoch: 3 | loss: 0.0252417
	speed: 0.0052s/iter; time left: 47.9088s
Epoch: 3 cost time: 7.1 seconds
Epoch: 3, Steps: 1321 | Train Loss: 0.0342776 Vali Loss: 2.3536811 Test Loss: 2.9205267
Validation loss decreased (3.278649 --> 2.353681).  Saving model ...
Updating learning rate to 0.000125
	iters: 100, epoch: 4 | loss: 0.0126583
	speed: 0.0382s/iter; time left: 349.8927s
	iters: 200, epoch: 4 | loss: 0.0186706
	speed: 0.0054s/iter; time left: 48.4250s
	iters: 300, epoch: 4 | loss: 0.0086577
	speed: 0.0054s/iter; time left: 48.6258s
	iters: 400, epoch: 4 | loss: 0.0128695
	speed: 0.0052s/iter; time left: 46.0819s
	iters: 500, epoch: 4 | loss: 0.0142696
	speed: 0.0051s/iter; time left: 44.5978s
	iters: 600, epoch: 4 | loss: 0.0142346
	speed: 0.0049s/iter; time left: 42.6443s
	iters: 700, epoch: 4 | loss: 0.0159070
	speed: 0.0050s/iter; time left: 43.1366s
	iters: 800, epoch: 4 | loss: 0.0053935
	speed: 0.0051s/iter; time left: 42.8487s
	iters: 900, epoch: 4 | loss: 0.0205724
	speed: 0.0049s/iter; time left: 40.7373s
	iters: 1000, epoch: 4 | loss: 0.0105154
	speed: 0.0049s/iter; time left: 40.3935s
	iters: 1100, epoch: 4 | loss: 0.0790136
	speed: 0.0050s/iter; time left: 40.6496s
	iters: 1200, epoch: 4 | loss: 0.0197005
	speed: 0.0051s/iter; time left: 40.8612s
	iters: 1300, epoch: 4 | loss: 0.0165902
	speed: 0.0051s/iter; time left: 40.5270s
Epoch: 4 cost time: 7.0 seconds
Epoch: 4, Steps: 1321 | Train Loss: 0.0323020 Vali Loss: 2.4717693 Test Loss: 3.2052376
EarlyStopping counter: 1 out of 3
Updating learning rate to 6.25e-05
	iters: 100, epoch: 5 | loss: 0.0495641
	speed: 0.0404s/iter; time left: 316.4807s
	iters: 200, epoch: 5 | loss: 0.0085627
	speed: 0.0059s/iter; time left: 45.6527s
	iters: 300, epoch: 5 | loss: 0.0397022
	speed: 0.0059s/iter; time left: 44.7821s
	iters: 400, epoch: 5 | loss: 0.0166586
	speed: 0.0054s/iter; time left: 40.9876s
	iters: 500, epoch: 5 | loss: 0.0513816
	speed: 0.0053s/iter; time left: 38.9998s
	iters: 600, epoch: 5 | loss: 0.0393702
	speed: 0.0055s/iter; time left: 40.4632s
	iters: 700, epoch: 5 | loss: 0.0587331
	speed: 0.0053s/iter; time left: 38.5276s
	iters: 800, epoch: 5 | loss: 0.0256865
	speed: 0.0051s/iter; time left: 36.3290s
	iters: 900, epoch: 5 | loss: 0.0643632
	speed: 0.0052s/iter; time left: 36.2916s
	iters: 1000, epoch: 5 | loss: 0.0263373
	speed: 0.0054s/iter; time left: 37.3082s
	iters: 1100, epoch: 5 | loss: 0.0286456
	speed: 0.0049s/iter; time left: 33.5592s
	iters: 1200, epoch: 5 | loss: 0.0327784
	speed: 0.0051s/iter; time left: 34.5251s
	iters: 1300, epoch: 5 | loss: 0.0207965
	speed: 0.0051s/iter; time left: 33.8439s
Epoch: 5 cost time: 7.4 seconds
Epoch: 5, Steps: 1321 | Train Loss: 0.0315370 Vali Loss: 2.3780656 Test Loss: 2.9776731
EarlyStopping counter: 2 out of 3
Updating learning rate to 3.125e-05
	iters: 100, epoch: 6 | loss: 0.0138062
	speed: 0.0370s/iter; time left: 240.9145s
	iters: 200, epoch: 6 | loss: 0.0435644
	speed: 0.0052s/iter; time left: 33.3766s
	iters: 300, epoch: 6 | loss: 0.0436096
	speed: 0.0051s/iter; time left: 32.3301s
	iters: 400, epoch: 6 | loss: 0.0223318
	speed: 0.0051s/iter; time left: 31.8510s
	iters: 500, epoch: 6 | loss: 0.0177421
	speed: 0.0050s/iter; time left: 30.4983s
	iters: 600, epoch: 6 | loss: 0.0320607
	speed: 0.0050s/iter; time left: 30.1027s
	iters: 700, epoch: 6 | loss: 0.0212150
	speed: 0.0052s/iter; time left: 30.5547s
	iters: 800, epoch: 6 | loss: 0.0284355
	speed: 0.0051s/iter; time left: 29.6270s
	iters: 900, epoch: 6 | loss: 0.0214310
	speed: 0.0050s/iter; time left: 28.7431s
	iters: 1000, epoch: 6 | loss: 0.0124617
	speed: 0.0050s/iter; time left: 28.1029s
	iters: 1100, epoch: 6 | loss: 0.0163670
	speed: 0.0052s/iter; time left: 28.8799s
	iters: 1200, epoch: 6 | loss: 0.0531721
	speed: 0.0054s/iter; time left: 29.0054s
	iters: 1300, epoch: 6 | loss: 0.0239198
	speed: 0.0054s/iter; time left: 28.8324s
Epoch: 6 cost time: 7.1 seconds
Epoch: 6, Steps: 1321 | Train Loss: 0.0312025 Vali Loss: 2.5247145 Test Loss: 3.2737703
EarlyStopping counter: 3 out of 3
Early stopping
>>>>>>>testing : DLinear_MRO_336_96_MS_channels_6_DLinear_MS_channels_6<<<<<<<<<<<<<<<<<<<<<<<<<<<<<<<<<
test 3049
DLinear_MRO_336_96_MS_channels_6_DLinear_MS_channels_6
Shapes: pred (3048, 96, 1), true (3048, 96, 1), naive_pred (3048, 96, 1)
Shapes: gt (381, 432), pd (381, 432), naive_pd (381, 432)
Final Metrics:
DLinear      MSE: 2.920527   MAE: 1.309718   SE: 5.254377   RRMSE: 0.203502   RMAE: 0.155961   (numpy)
DLinear      MSE: 2.920527   MAE: 1.309718   SE: 5.254377   RRMSE: 0.203502   RMAE: 0.155961   (torch)

Repeat       MSE: 2.870288   MAE: 1.261266   SE: 5.347196   RRMSE: 0.201744   RMAE: 0.150191   (numpy)
Repeat       MSE: 2.870288   MAE: 1.261266   SE: 5.347196   RRMSE: 0.201744   RMAE: 0.150191   (torch)

