Args in experiment:
Namespace(is_training=1, model_id='DLinear_FITS_GD_336_96_MS_channels_6', model='DLinear_FITS', data='custom', root_path='./dataset/', data_path='GD.csv', features='MS', target='Adj Close', freq='h', checkpoints='./checkpoints/', seq_len=336, label_len=48, pred_len=96, individual=False, embed_type=0, enc_in=6, dec_in=7, c_out=7, d_model=512, n_heads=8, e_layers=2, d_layers=1, d_ff=2048, moving_avg=25, factor=1, distil=True, dropout=0.05, embed='timeF', activation='gelu', output_attention=False, do_predict=False, num_workers=10, itr=1, train_epochs=10, batch_size=8, patience=3, learning_rate=0.0005, des='Exp', loss='mse', lradj='type1', use_amp=False, use_gpu=True, gpu=0, use_multi_gpu=False, devices='0,1,2,3', test_flop=False)
DLinear_FITS_GD_336_96_MS_channels_6_DLinear_FITS_MS_channels_6
Using GPU: NVIDIA GeForce RTX 4070 (cuda:0):
FITS cutoff frequency: 49
>>>>>>>start training : DLinear_FITS_GD_336_96_MS_channels_6_DLinear_FITS_MS_channels_6>>>>>>>>>>>>>>>>>>>>>>>>>>
train 10575
val 1479
test 3049
	iters: 100, epoch: 1 | loss: 0.1240415
	speed: 0.0198s/iter; time left: 259.0751s
	iters: 200, epoch: 1 | loss: 0.0039585
	speed: 0.0072s/iter; time left: 93.4641s
	iters: 300, epoch: 1 | loss: 0.0435511
	speed: 0.0067s/iter; time left: 87.1472s
	iters: 400, epoch: 1 | loss: 0.0945480
	speed: 0.0061s/iter; time left: 77.5815s
	iters: 500, epoch: 1 | loss: 0.0093041
	speed: 0.0066s/iter; time left: 83.6061s
	iters: 600, epoch: 1 | loss: 0.0153677
	speed: 0.0060s/iter; time left: 75.6154s
	iters: 700, epoch: 1 | loss: 0.0054135
	speed: 0.0064s/iter; time left: 80.5718s
	iters: 800, epoch: 1 | loss: 0.0266885
	speed: 0.0068s/iter; time left: 84.7455s
	iters: 900, epoch: 1 | loss: 0.0064771
	speed: 0.0072s/iter; time left: 88.0896s
	iters: 1000, epoch: 1 | loss: 0.0047507
	speed: 0.0070s/iter; time left: 85.3749s
	iters: 1100, epoch: 1 | loss: 0.0042581
	speed: 0.0071s/iter; time left: 86.3235s
	iters: 1200, epoch: 1 | loss: 0.0114393
	speed: 0.0070s/iter; time left: 84.4469s
	iters: 1300, epoch: 1 | loss: 0.0081352
	speed: 0.0073s/iter; time left: 86.6249s
Epoch: 1 cost time: 9.9 seconds
Epoch: 1, Steps: 1321 | Train Loss: 0.0253579 Vali Loss: 0.5502899 Test Loss: 2.8176334
Validation loss decreased (inf --> 0.550290).  Saving model ...
Updating learning rate to 0.0005
	iters: 100, epoch: 2 | loss: 0.0118019
	speed: 0.0442s/iter; time left: 520.5932s
	iters: 200, epoch: 2 | loss: 0.0040126
	speed: 0.0080s/iter; time left: 93.3080s
	iters: 300, epoch: 2 | loss: 0.0161891
	speed: 0.0073s/iter; time left: 84.8661s
	iters: 400, epoch: 2 | loss: 0.0095318
	speed: 0.0075s/iter; time left: 85.9432s
	iters: 500, epoch: 2 | loss: 0.0761805
	speed: 0.0075s/iter; time left: 85.1598s
	iters: 600, epoch: 2 | loss: 0.0073896
	speed: 0.0073s/iter; time left: 81.9915s
	iters: 700, epoch: 2 | loss: 0.0180651
	speed: 0.0073s/iter; time left: 81.4866s
	iters: 800, epoch: 2 | loss: 0.0178163
	speed: 0.0072s/iter; time left: 79.4452s
	iters: 900, epoch: 2 | loss: 0.0072004
	speed: 0.0079s/iter; time left: 86.5263s
	iters: 1000, epoch: 2 | loss: 0.0025395
	speed: 0.0083s/iter; time left: 90.2545s
	iters: 1100, epoch: 2 | loss: 0.0228781
	speed: 0.0080s/iter; time left: 86.0695s
	iters: 1200, epoch: 2 | loss: 0.0213519
	speed: 0.0078s/iter; time left: 83.7216s
	iters: 1300, epoch: 2 | loss: 0.0077038
	speed: 0.0078s/iter; time left: 82.2798s
Epoch: 2 cost time: 10.4 seconds
Epoch: 2, Steps: 1321 | Train Loss: 0.0191082 Vali Loss: 0.5890779 Test Loss: 3.0275784
EarlyStopping counter: 1 out of 3
Updating learning rate to 0.00025
	iters: 100, epoch: 3 | loss: 0.0186484
	speed: 0.0427s/iter; time left: 446.7921s
	iters: 200, epoch: 3 | loss: 0.0302203
	speed: 0.0073s/iter; time left: 76.2015s
	iters: 300, epoch: 3 | loss: 0.0020019
	speed: 0.0073s/iter; time left: 75.3052s
	iters: 400, epoch: 3 | loss: 0.0017891
	speed: 0.0076s/iter; time left: 77.7735s
	iters: 500, epoch: 3 | loss: 0.0199658
	speed: 0.0079s/iter; time left: 79.5305s
	iters: 600, epoch: 3 | loss: 0.0112214
	speed: 0.0080s/iter; time left: 79.4725s
	iters: 700, epoch: 3 | loss: 0.0633532
	speed: 0.0078s/iter; time left: 76.8714s
	iters: 800, epoch: 3 | loss: 0.0219913
	speed: 0.0080s/iter; time left: 78.0817s
	iters: 900, epoch: 3 | loss: 0.0127967
	speed: 0.0077s/iter; time left: 74.4430s
	iters: 1000, epoch: 3 | loss: 0.0080508
	speed: 0.0080s/iter; time left: 76.9908s
	iters: 1100, epoch: 3 | loss: 0.0100819
	speed: 0.0079s/iter; time left: 75.0877s
	iters: 1200, epoch: 3 | loss: 0.0070515
	speed: 0.0084s/iter; time left: 79.0433s
	iters: 1300, epoch: 3 | loss: 0.0140134
	speed: 0.0076s/iter; time left: 70.1042s
Epoch: 3 cost time: 10.5 seconds
Epoch: 3, Steps: 1321 | Train Loss: 0.0162564 Vali Loss: 0.5869622 Test Loss: 2.6868284
EarlyStopping counter: 2 out of 3
Updating learning rate to 0.000125
	iters: 100, epoch: 4 | loss: 0.0110607
	speed: 0.0458s/iter; time left: 418.9491s
	iters: 200, epoch: 4 | loss: 0.0183601
	speed: 0.0076s/iter; time left: 68.3697s
	iters: 300, epoch: 4 | loss: 0.0181272
	speed: 0.0076s/iter; time left: 68.1251s
	iters: 400, epoch: 4 | loss: 0.0035030
	speed: 0.0075s/iter; time left: 65.9349s
	iters: 500, epoch: 4 | loss: 0.0137464
	speed: 0.0075s/iter; time left: 65.8952s
	iters: 600, epoch: 4 | loss: 0.0056453
	speed: 0.0077s/iter; time left: 66.5813s
	iters: 700, epoch: 4 | loss: 0.0092855
	speed: 0.0075s/iter; time left: 63.8421s
	iters: 800, epoch: 4 | loss: 0.0047376
	speed: 0.0083s/iter; time left: 70.1601s
	iters: 900, epoch: 4 | loss: 0.0084147
	speed: 0.0082s/iter; time left: 68.5953s
	iters: 1000, epoch: 4 | loss: 0.0197436
	speed: 0.0082s/iter; time left: 67.5877s
	iters: 1100, epoch: 4 | loss: 0.0229822
	speed: 0.0076s/iter; time left: 61.7647s
	iters: 1200, epoch: 4 | loss: 0.0199058
	speed: 0.0074s/iter; time left: 59.7178s
	iters: 1300, epoch: 4 | loss: 0.0304163
	speed: 0.0077s/iter; time left: 61.2597s
Epoch: 4 cost time: 10.5 seconds
Epoch: 4, Steps: 1321 | Train Loss: 0.0148600 Vali Loss: 0.4685107 Test Loss: 2.8402820
Validation loss decreased (0.550290 --> 0.468511).  Saving model ...
Updating learning rate to 6.25e-05
	iters: 100, epoch: 5 | loss: 0.0532389
	speed: 0.0466s/iter; time left: 364.8974s
	iters: 200, epoch: 5 | loss: 0.0017984
	speed: 0.0084s/iter; time left: 64.7486s
	iters: 300, epoch: 5 | loss: 0.0007061
	speed: 0.0081s/iter; time left: 61.9755s
	iters: 400, epoch: 5 | loss: 0.0100364
	speed: 0.0079s/iter; time left: 59.6833s
	iters: 500, epoch: 5 | loss: 0.0014976
	speed: 0.0072s/iter; time left: 53.4435s
	iters: 600, epoch: 5 | loss: 0.0008589
	speed: 0.0072s/iter; time left: 53.0514s
	iters: 700, epoch: 5 | loss: 0.0011357
	speed: 0.0073s/iter; time left: 52.6148s
	iters: 800, epoch: 5 | loss: 0.0300900
	speed: 0.0072s/iter; time left: 51.3644s
	iters: 900, epoch: 5 | loss: 0.0044062
	speed: 0.0075s/iter; time left: 52.6070s
	iters: 1000, epoch: 5 | loss: 0.0989992
	speed: 0.0076s/iter; time left: 52.3364s
	iters: 1100, epoch: 5 | loss: 0.0071624
	speed: 0.0072s/iter; time left: 48.9379s
	iters: 1200, epoch: 5 | loss: 0.0163478
	speed: 0.0072s/iter; time left: 48.7077s
	iters: 1300, epoch: 5 | loss: 0.0454528
	speed: 0.0079s/iter; time left: 52.1989s
Epoch: 5 cost time: 10.3 seconds
Epoch: 5, Steps: 1321 | Train Loss: 0.0142279 Vali Loss: 0.5054106 Test Loss: 2.2576017
EarlyStopping counter: 1 out of 3
Updating learning rate to 3.125e-05
	iters: 100, epoch: 6 | loss: 0.0033276
	speed: 0.0439s/iter; time left: 285.5934s
	iters: 200, epoch: 6 | loss: 0.0985532
	speed: 0.0073s/iter; time left: 46.6702s
	iters: 300, epoch: 6 | loss: 0.0143981
	speed: 0.0074s/iter; time left: 46.9277s
	iters: 400, epoch: 6 | loss: 0.0787087
	speed: 0.0077s/iter; time left: 47.8166s
	iters: 500, epoch: 6 | loss: 0.0009146
	speed: 0.0078s/iter; time left: 47.8223s
	iters: 600, epoch: 6 | loss: 0.0086763
	speed: 0.0075s/iter; time left: 44.7828s
	iters: 700, epoch: 6 | loss: 0.0012816
	speed: 0.0077s/iter; time left: 45.7321s
	iters: 800, epoch: 6 | loss: 0.0099914
	speed: 0.0072s/iter; time left: 42.0473s
	iters: 900, epoch: 6 | loss: 0.0054547
	speed: 0.0072s/iter; time left: 41.1653s
	iters: 1000, epoch: 6 | loss: 0.0105994
	speed: 0.0073s/iter; time left: 40.8051s
	iters: 1100, epoch: 6 | loss: 0.0065176
	speed: 0.0073s/iter; time left: 40.0140s
	iters: 1200, epoch: 6 | loss: 0.0023717
	speed: 0.0073s/iter; time left: 39.4727s
	iters: 1300, epoch: 6 | loss: 0.0090453
	speed: 0.0073s/iter; time left: 38.6640s
Epoch: 6 cost time: 10.1 seconds
Epoch: 6, Steps: 1321 | Train Loss: 0.0138296 Vali Loss: 0.4928457 Test Loss: 2.3027327
EarlyStopping counter: 2 out of 3
Updating learning rate to 1.5625e-05
	iters: 100, epoch: 7 | loss: 0.0002898
	speed: 0.0435s/iter; time left: 225.4844s
	iters: 200, epoch: 7 | loss: 0.0021007
	speed: 0.0074s/iter; time left: 37.5710s
	iters: 300, epoch: 7 | loss: 0.0074025
	speed: 0.0072s/iter; time left: 35.8964s
	iters: 400, epoch: 7 | loss: 0.0174093
	speed: 0.0073s/iter; time left: 35.5764s
	iters: 500, epoch: 7 | loss: 0.0033587
	speed: 0.0073s/iter; time left: 34.8183s
	iters: 600, epoch: 7 | loss: 0.0096307
	speed: 0.0071s/iter; time left: 33.3563s
	iters: 700, epoch: 7 | loss: 0.0014634
	speed: 0.0072s/iter; time left: 32.9587s
	iters: 800, epoch: 7 | loss: 0.0431730
	speed: 0.0070s/iter; time left: 31.3107s
	iters: 900, epoch: 7 | loss: 0.0074890
	speed: 0.0072s/iter; time left: 31.7839s
	iters: 1000, epoch: 7 | loss: 0.0046628
	speed: 0.0071s/iter; time left: 30.2241s
	iters: 1100, epoch: 7 | loss: 0.0015971
	speed: 0.0074s/iter; time left: 31.0432s
	iters: 1200, epoch: 7 | loss: 0.0089508
	speed: 0.0078s/iter; time left: 31.7516s
	iters: 1300, epoch: 7 | loss: 0.0102098
	speed: 0.0076s/iter; time left: 30.4467s
Epoch: 7 cost time: 9.9 seconds
Epoch: 7, Steps: 1321 | Train Loss: 0.0136227 Vali Loss: 0.5326008 Test Loss: 2.3071585
EarlyStopping counter: 3 out of 3
Early stopping
>>>>>>>testing : DLinear_FITS_GD_336_96_MS_channels_6_DLinear_FITS_MS_channels_6<<<<<<<<<<<<<<<<<<<<<<<<<<<<<<<<<
test 3049
DLinear_FITS_GD_336_96_MS_channels_6_DLinear_FITS_MS_channels_6
Shapes: pred (3048, 96, 1), true (3048, 96, 1), naive_pred (3048, 96, 1)
Shapes: gt (381, 432), pd (381, 432), naive_pd (381, 432)
Final Metrics:
DLinear_FITS MSE: 2.840282   MAE: 1.246917   SE: 3.979022   RRMSE: 0.109239   RMAE: 0.080823   (numpy)
DLinear_FITS MSE: 2.840282   MAE: 1.246917   SE: 3.979022   RRMSE: 0.109239   RMAE: 0.080823   (torch)

Repeat       MSE: 2.179713   MAE: 1.044575   SE: 4.422679   RRMSE: 0.095697   RMAE: 0.067707   (numpy)
Repeat       MSE: 2.179713   MAE: 1.044575   SE: 4.422679   RRMSE: 0.095697   RMAE: 0.067707   (torch)


Model(
  (decomposition): SeriesDecomp(
    (moving_avg): MovingAvg(
      (avg): AvgPool1d(kernel_size=(25,), stride=(1,), padding=(0,))
    )
  )
  (fits): FITS(
    (frequency_upsampler): Linear(in_features=49, out_features=63, bias=True)
  )
  (Linear_Seasonal): Linear(in_features=336, out_features=96, bias=True)
  (Linear_Trend): Linear(in_features=336, out_features=96, bias=True)
)
