Args in experiment:
Namespace(is_training=1, model_id='DLinear_exchange_rate_336_336_MS_channels_7', model='DLinear', data='custom', root_path='./dataset/', data_path='exchange_rate.csv', features='MS', target='OT', freq='h', checkpoints='./checkpoints/', seq_len=336, label_len=48, pred_len=336, individual=False, embed_type=0, enc_in=7, dec_in=7, c_out=7, d_model=512, n_heads=8, e_layers=2, d_layers=1, d_ff=2048, moving_avg=25, factor=1, distil=True, dropout=0.05, embed='timeF', activation='gelu', output_attention=False, do_predict=False, num_workers=10, itr=1, train_epochs=10, batch_size=8, patience=3, learning_rate=0.0005, des='Exp', loss='mse', lradj='type1', use_amp=False, use_gpu=True, gpu=0, use_multi_gpu=False, devices='0,1,2,3', test_flop=False)
DLinear_exchange_rate_336_336_MS_channels_7_DLinear_MS_channels_7
Using GPU: NVIDIA GeForce RTX 4070 (cuda:0):
>>>>>>>start training : DLinear_exchange_rate_336_336_MS_channels_7_DLinear_MS_channels_7>>>>>>>>>>>>>>>>>>>>>>>>>>
train 4640
val 425
test 1182
	iters: 100, epoch: 1 | loss: 0.4803800
	speed: 0.0177s/iter; time left: 101.0677s
	iters: 200, epoch: 1 | loss: 0.3817815
	speed: 0.0041s/iter; time left: 23.0833s
	iters: 300, epoch: 1 | loss: 0.2518387
	speed: 0.0043s/iter; time left: 23.8122s
	iters: 400, epoch: 1 | loss: 0.6243833
	speed: 0.0043s/iter; time left: 23.2449s
	iters: 500, epoch: 1 | loss: 0.4704364
	speed: 0.0044s/iter; time left: 23.4172s
Epoch: 1 cost time: 3.5 seconds
Epoch: 1, Steps: 580 | Train Loss: 0.5008329 Vali Loss: 0.6464600 Test Loss: 0.3515344
Validation loss decreased (inf --> 0.646460).  Saving model ...
Updating learning rate to 0.0005
	iters: 100, epoch: 2 | loss: 0.4807000
	speed: 0.0233s/iter; time left: 119.3495s
	iters: 200, epoch: 2 | loss: 0.2594522
	speed: 0.0050s/iter; time left: 24.9748s
	iters: 300, epoch: 2 | loss: 0.5811543
	speed: 0.0044s/iter; time left: 21.6875s
	iters: 400, epoch: 2 | loss: 0.2904608
	speed: 0.0045s/iter; time left: 21.4616s
	iters: 500, epoch: 2 | loss: 0.7032350
	speed: 0.0045s/iter; time left: 21.0406s
Epoch: 2 cost time: 2.9 seconds
Epoch: 2, Steps: 580 | Train Loss: 0.4660744 Vali Loss: 0.7818034 Test Loss: 0.4055764
EarlyStopping counter: 1 out of 3
Updating learning rate to 0.00025
	iters: 100, epoch: 3 | loss: 0.5981781
	speed: 0.0246s/iter; time left: 111.5043s
	iters: 200, epoch: 3 | loss: 0.3611227
	speed: 0.0046s/iter; time left: 20.6257s
	iters: 300, epoch: 3 | loss: 0.3805032
	speed: 0.0046s/iter; time left: 19.7615s
	iters: 400, epoch: 3 | loss: 0.3246371
	speed: 0.0047s/iter; time left: 19.7873s
	iters: 500, epoch: 3 | loss: 0.3543217
	speed: 0.0047s/iter; time left: 19.3838s
Epoch: 3 cost time: 3.0 seconds
Epoch: 3, Steps: 580 | Train Loss: 0.4469108 Vali Loss: 0.5728406 Test Loss: 0.3170644
Validation loss decreased (0.646460 --> 0.572841).  Saving model ...
Updating learning rate to 0.000125
	iters: 100, epoch: 4 | loss: 0.2503863
	speed: 0.0260s/iter; time left: 103.0317s
	iters: 200, epoch: 4 | loss: 0.6364902
	speed: 0.0047s/iter; time left: 18.1133s
	iters: 300, epoch: 4 | loss: 0.4080372
	speed: 0.0048s/iter; time left: 17.9721s
	iters: 400, epoch: 4 | loss: 0.4651279
	speed: 0.0047s/iter; time left: 17.2001s
	iters: 500, epoch: 4 | loss: 0.4737309
	speed: 0.0050s/iter; time left: 17.8879s
Epoch: 4 cost time: 3.2 seconds
Epoch: 4, Steps: 580 | Train Loss: 0.4400273 Vali Loss: 0.9504946 Test Loss: 0.6239265
EarlyStopping counter: 1 out of 3
Updating learning rate to 6.25e-05
	iters: 100, epoch: 5 | loss: 0.3573371
	speed: 0.0277s/iter; time left: 93.7351s
	iters: 200, epoch: 5 | loss: 0.4987029
	speed: 0.0055s/iter; time left: 17.9846s
	iters: 300, epoch: 5 | loss: 0.4128162
	speed: 0.0051s/iter; time left: 16.3046s
	iters: 400, epoch: 5 | loss: 0.1553953
	speed: 0.0050s/iter; time left: 15.3907s
	iters: 500, epoch: 5 | loss: 0.3103886
	speed: 0.0058s/iter; time left: 17.1902s
Epoch: 5 cost time: 3.5 seconds
Epoch: 5, Steps: 580 | Train Loss: 0.4372533 Vali Loss: 0.7124777 Test Loss: 0.4090791
EarlyStopping counter: 2 out of 3
Updating learning rate to 3.125e-05
	iters: 100, epoch: 6 | loss: 0.4473458
	speed: 0.0261s/iter; time left: 73.0164s
	iters: 200, epoch: 6 | loss: 0.2370346
	speed: 0.0049s/iter; time left: 13.3347s
	iters: 300, epoch: 6 | loss: 0.3693095
	speed: 0.0049s/iter; time left: 12.7270s
	iters: 400, epoch: 6 | loss: 0.2413158
	speed: 0.0052s/iter; time left: 12.9442s
	iters: 500, epoch: 6 | loss: 0.4513512
	speed: 0.0049s/iter; time left: 11.7092s
Epoch: 6 cost time: 3.2 seconds
Epoch: 6, Steps: 580 | Train Loss: 0.4355576 Vali Loss: 0.7642837 Test Loss: 0.4380072
EarlyStopping counter: 3 out of 3
Early stopping
>>>>>>>testing : DLinear_exchange_rate_336_336_MS_channels_7_DLinear_MS_channels_7<<<<<<<<<<<<<<<<<<<<<<<<<<<<<<<<<
test 1182
DLinear_exchange_rate_336_336_MS_channels_7_DLinear_MS_channels_7
Shapes: pred (1176, 336, 1), true (1176, 336, 1), naive_pred (1176, 336, 1)
Shapes: gt (147, 672), pd (147, 672), naive_pd (147, 672)
Final Metrics:
DLinear      MSE: 0.317064   MAE: 0.457646   SE: 0.657320   RRMSE: 0.337687   RMAE: 0.274454   (numpy)
DLinear      MSE: 0.317064   MAE: 0.457646   SE: 0.657320   RRMSE: 0.337687   RMAE: 0.274454   (torch)

Repeat       MSE: 0.370203   MAE: 0.467749   SE: 0.809456   RRMSE: 0.364888   RMAE: 0.280513   (numpy)
Repeat       MSE: 0.370203   MAE: 0.467749   SE: 0.809456   RRMSE: 0.364888   RMAE: 0.280513   (torch)

