Args in experiment:
Namespace(is_training=1, model_id='DLinear_GD_336_96_MS_channels_6', model='DLinear', data='custom', root_path='./dataset/', data_path='GD.csv', features='MS', target='Adj Close', freq='h', checkpoints='./checkpoints/', seq_len=336, label_len=48, pred_len=96, individual=False, embed_type=0, enc_in=6, dec_in=7, c_out=7, d_model=512, n_heads=8, e_layers=2, d_layers=1, d_ff=2048, moving_avg=25, factor=1, distil=True, dropout=0.05, embed='timeF', activation='gelu', output_attention=False, do_predict=False, num_workers=10, itr=1, train_epochs=10, batch_size=8, patience=3, learning_rate=0.0005, des='Exp', loss='mse', lradj='type1', use_amp=False, use_gpu=True, gpu=0, use_multi_gpu=False, devices='0,1,2,3', test_flop=False)
DLinear_GD_336_96_MS_channels_6_DLinear_MS_channels_6
Using GPU: NVIDIA GeForce RTX 4070 (cuda:0):
>>>>>>>start training : DLinear_GD_336_96_MS_channels_6_DLinear_MS_channels_6>>>>>>>>>>>>>>>>>>>>>>>>>>
train 10575
val 1479
test 3049
	iters: 100, epoch: 1 | loss: 0.0269875
	speed: 0.0172s/iter; time left: 225.3757s
	iters: 200, epoch: 1 | loss: 0.0041501
	speed: 0.0042s/iter; time left: 55.0021s
	iters: 300, epoch: 1 | loss: 0.0122711
	speed: 0.0042s/iter; time left: 54.1512s
	iters: 400, epoch: 1 | loss: 0.1031308
	speed: 0.0042s/iter; time left: 54.4028s
	iters: 500, epoch: 1 | loss: 0.0060700
	speed: 0.0042s/iter; time left: 53.8739s
	iters: 600, epoch: 1 | loss: 0.0527472
	speed: 0.0043s/iter; time left: 54.4117s
	iters: 700, epoch: 1 | loss: 0.0041574
	speed: 0.0042s/iter; time left: 52.9637s
	iters: 800, epoch: 1 | loss: 0.0567824
	speed: 0.0042s/iter; time left: 52.7101s
	iters: 900, epoch: 1 | loss: 0.0148496
	speed: 0.0041s/iter; time left: 50.8156s
	iters: 1000, epoch: 1 | loss: 0.0581810
	speed: 0.0043s/iter; time left: 52.3744s
	iters: 1100, epoch: 1 | loss: 0.0080340
	speed: 0.0044s/iter; time left: 53.8838s
	iters: 1200, epoch: 1 | loss: 0.0098225
	speed: 0.0042s/iter; time left: 50.2088s
	iters: 1300, epoch: 1 | loss: 0.0008594
	speed: 0.0042s/iter; time left: 50.6196s
Epoch: 1 cost time: 6.5 seconds
Epoch: 1, Steps: 1321 | Train Loss: 0.0244421 Vali Loss: 0.7534856 Test Loss: 3.2479310
Validation loss decreased (inf --> 0.753486).  Saving model ...
Updating learning rate to 0.0005
	iters: 100, epoch: 2 | loss: 0.0321825
	speed: 0.0348s/iter; time left: 410.3972s
	iters: 200, epoch: 2 | loss: 0.0037014
	speed: 0.0048s/iter; time left: 56.2504s
	iters: 300, epoch: 2 | loss: 0.0124502
	speed: 0.0052s/iter; time left: 60.1509s
	iters: 400, epoch: 2 | loss: 0.0155920
	speed: 0.0051s/iter; time left: 59.0185s
	iters: 500, epoch: 2 | loss: 0.0369279
	speed: 0.0051s/iter; time left: 58.2249s
	iters: 600, epoch: 2 | loss: 0.0104076
	speed: 0.0050s/iter; time left: 56.8268s
	iters: 700, epoch: 2 | loss: 0.0209005
	speed: 0.0053s/iter; time left: 58.7873s
	iters: 800, epoch: 2 | loss: 0.0006692
	speed: 0.0050s/iter; time left: 55.0255s
	iters: 900, epoch: 2 | loss: 0.0913186
	speed: 0.0051s/iter; time left: 55.6139s
	iters: 1000, epoch: 2 | loss: 0.0203975
	speed: 0.0047s/iter; time left: 51.4489s
	iters: 1100, epoch: 2 | loss: 0.0014042
	speed: 0.0047s/iter; time left: 51.0699s
	iters: 1200, epoch: 2 | loss: 0.0066166
	speed: 0.0047s/iter; time left: 49.7340s
	iters: 1300, epoch: 2 | loss: 0.0562461
	speed: 0.0048s/iter; time left: 51.2605s
Epoch: 2 cost time: 6.9 seconds
Epoch: 2, Steps: 1321 | Train Loss: 0.0197415 Vali Loss: 1.0823557 Test Loss: 6.1649175
EarlyStopping counter: 1 out of 3
Updating learning rate to 0.00025
	iters: 100, epoch: 3 | loss: 0.0035551
	speed: 0.0361s/iter; time left: 377.8823s
	iters: 200, epoch: 3 | loss: 0.0104986
	speed: 0.0049s/iter; time left: 50.8833s
	iters: 300, epoch: 3 | loss: 0.0057858
	speed: 0.0051s/iter; time left: 52.8293s
	iters: 400, epoch: 3 | loss: 0.0025283
	speed: 0.0048s/iter; time left: 48.8439s
	iters: 500, epoch: 3 | loss: 0.0047089
	speed: 0.0044s/iter; time left: 43.9920s
	iters: 600, epoch: 3 | loss: 0.0119667
	speed: 0.0046s/iter; time left: 45.9698s
	iters: 700, epoch: 3 | loss: 0.0118264
	speed: 0.0046s/iter; time left: 45.2861s
	iters: 800, epoch: 3 | loss: 0.0046714
	speed: 0.0047s/iter; time left: 45.5637s
	iters: 900, epoch: 3 | loss: 0.0007102
	speed: 0.0045s/iter; time left: 43.1503s
	iters: 1000, epoch: 3 | loss: 0.0003235
	speed: 0.0045s/iter; time left: 43.1954s
	iters: 1100, epoch: 3 | loss: 0.0170856
	speed: 0.0045s/iter; time left: 42.9209s
	iters: 1200, epoch: 3 | loss: 0.0204108
	speed: 0.0047s/iter; time left: 44.1731s
	iters: 1300, epoch: 3 | loss: 0.0100467
	speed: 0.0048s/iter; time left: 44.0595s
Epoch: 3 cost time: 6.4 seconds
Epoch: 3, Steps: 1321 | Train Loss: 0.0162611 Vali Loss: 0.5618976 Test Loss: 2.5020199
Validation loss decreased (0.753486 --> 0.561898).  Saving model ...
Updating learning rate to 0.000125
	iters: 100, epoch: 4 | loss: 0.0274120
	speed: 0.0362s/iter; time left: 331.1906s
	iters: 200, epoch: 4 | loss: 0.0381964
	speed: 0.0048s/iter; time left: 43.5791s
	iters: 300, epoch: 4 | loss: 0.0012735
	speed: 0.0046s/iter; time left: 41.5934s
	iters: 400, epoch: 4 | loss: 0.0020991
	speed: 0.0048s/iter; time left: 42.1146s
	iters: 500, epoch: 4 | loss: 0.0145676
	speed: 0.0050s/iter; time left: 43.5970s
	iters: 600, epoch: 4 | loss: 0.0006962
	speed: 0.0047s/iter; time left: 40.2923s
	iters: 700, epoch: 4 | loss: 0.0012745
	speed: 0.0046s/iter; time left: 39.2244s
	iters: 800, epoch: 4 | loss: 0.0024343
	speed: 0.0045s/iter; time left: 38.3176s
	iters: 900, epoch: 4 | loss: 0.0061373
	speed: 0.0048s/iter; time left: 40.1990s
	iters: 1000, epoch: 4 | loss: 0.0049004
	speed: 0.0050s/iter; time left: 41.3729s
	iters: 1100, epoch: 4 | loss: 0.0130954
	speed: 0.0049s/iter; time left: 39.6514s
	iters: 1200, epoch: 4 | loss: 0.0046701
	speed: 0.0045s/iter; time left: 36.2865s
	iters: 1300, epoch: 4 | loss: 0.0089698
	speed: 0.0046s/iter; time left: 36.2585s
Epoch: 4 cost time: 6.6 seconds
Epoch: 4, Steps: 1321 | Train Loss: 0.0148138 Vali Loss: 0.5080099 Test Loss: 2.5576131
Validation loss decreased (0.561898 --> 0.508010).  Saving model ...
Updating learning rate to 6.25e-05
	iters: 100, epoch: 5 | loss: 0.0070196
	speed: 0.0376s/iter; time left: 293.9170s
	iters: 200, epoch: 5 | loss: 0.0021478
	speed: 0.0065s/iter; time left: 50.1865s
	iters: 300, epoch: 5 | loss: 0.0240773
	speed: 0.0062s/iter; time left: 47.0454s
	iters: 400, epoch: 5 | loss: 0.0129089
	speed: 0.0052s/iter; time left: 39.4552s
	iters: 500, epoch: 5 | loss: 0.0053932
	speed: 0.0050s/iter; time left: 36.8736s
	iters: 600, epoch: 5 | loss: 0.0036824
	speed: 0.0050s/iter; time left: 36.8280s
	iters: 700, epoch: 5 | loss: 0.0530891
	speed: 0.0049s/iter; time left: 35.5777s
	iters: 800, epoch: 5 | loss: 0.0012937
	speed: 0.0050s/iter; time left: 35.3778s
	iters: 900, epoch: 5 | loss: 0.0047402
	speed: 0.0051s/iter; time left: 35.5018s
	iters: 1000, epoch: 5 | loss: 0.0575627
	speed: 0.0050s/iter; time left: 34.3805s
	iters: 1100, epoch: 5 | loss: 0.0758639
	speed: 0.0052s/iter; time left: 35.6323s
	iters: 1200, epoch: 5 | loss: 0.0136750
	speed: 0.0052s/iter; time left: 35.2763s
	iters: 1300, epoch: 5 | loss: 0.0115169
	speed: 0.0049s/iter; time left: 32.3691s
Epoch: 5 cost time: 7.3 seconds
Epoch: 5, Steps: 1321 | Train Loss: 0.0141470 Vali Loss: 0.4813730 Test Loss: 2.4587579
Validation loss decreased (0.508010 --> 0.481373).  Saving model ...
Updating learning rate to 3.125e-05
	iters: 100, epoch: 6 | loss: 0.0059843
	speed: 0.0370s/iter; time left: 240.9793s
	iters: 200, epoch: 6 | loss: 0.0344906
	speed: 0.0050s/iter; time left: 32.2644s
	iters: 300, epoch: 6 | loss: 0.0025850
	speed: 0.0053s/iter; time left: 33.6212s
	iters: 400, epoch: 6 | loss: 0.0042676
	speed: 0.0049s/iter; time left: 30.6539s
	iters: 500, epoch: 6 | loss: 0.0138917
	speed: 0.0052s/iter; time left: 31.6416s
	iters: 600, epoch: 6 | loss: 0.0025458
	speed: 0.0050s/iter; time left: 30.1289s
	iters: 700, epoch: 6 | loss: 0.0105175
	speed: 0.0050s/iter; time left: 29.2840s
	iters: 800, epoch: 6 | loss: 0.0143008
	speed: 0.0048s/iter; time left: 27.8238s
	iters: 900, epoch: 6 | loss: 0.0176159
	speed: 0.0047s/iter; time left: 27.0612s
	iters: 1000, epoch: 6 | loss: 0.0016198
	speed: 0.0049s/iter; time left: 27.2552s
	iters: 1100, epoch: 6 | loss: 0.0175158
	speed: 0.0048s/iter; time left: 26.6270s
	iters: 1200, epoch: 6 | loss: 0.0202105
	speed: 0.0052s/iter; time left: 28.2952s
	iters: 1300, epoch: 6 | loss: 0.0102430
	speed: 0.0049s/iter; time left: 26.1653s
Epoch: 6 cost time: 6.9 seconds
Epoch: 6, Steps: 1321 | Train Loss: 0.0136810 Vali Loss: 0.5543550 Test Loss: 2.3637438
EarlyStopping counter: 1 out of 3
Updating learning rate to 1.5625e-05
	iters: 100, epoch: 7 | loss: 0.0137795
	speed: 0.0360s/iter; time left: 186.4775s
	iters: 200, epoch: 7 | loss: 0.0043270
	speed: 0.0048s/iter; time left: 24.4940s
	iters: 300, epoch: 7 | loss: 0.0152822
	speed: 0.0049s/iter; time left: 24.2817s
	iters: 400, epoch: 7 | loss: 0.0470588
	speed: 0.0051s/iter; time left: 24.8313s
	iters: 500, epoch: 7 | loss: 0.0012722
	speed: 0.0051s/iter; time left: 24.6295s
	iters: 600, epoch: 7 | loss: 0.0029284
	speed: 0.0054s/iter; time left: 25.2448s
	iters: 700, epoch: 7 | loss: 0.0008252
	speed: 0.0048s/iter; time left: 22.0615s
	iters: 800, epoch: 7 | loss: 0.0092995
	speed: 0.0050s/iter; time left: 22.4853s
	iters: 900, epoch: 7 | loss: 0.0032273
	speed: 0.0048s/iter; time left: 21.1215s
	iters: 1000, epoch: 7 | loss: 0.0109391
	speed: 0.0048s/iter; time left: 20.5421s
	iters: 1100, epoch: 7 | loss: 0.0151113
	speed: 0.0052s/iter; time left: 21.9021s
	iters: 1200, epoch: 7 | loss: 0.0031326
	speed: 0.0054s/iter; time left: 22.0022s
	iters: 1300, epoch: 7 | loss: 0.0023826
	speed: 0.0050s/iter; time left: 20.1098s
Epoch: 7 cost time: 6.9 seconds
Epoch: 7, Steps: 1321 | Train Loss: 0.0133624 Vali Loss: 0.5197908 Test Loss: 2.2147257
EarlyStopping counter: 2 out of 3
Updating learning rate to 7.8125e-06
	iters: 100, epoch: 8 | loss: 0.0754373
	speed: 0.0361s/iter; time left: 139.4376s
	iters: 200, epoch: 8 | loss: 0.0151960
	speed: 0.0049s/iter; time left: 18.4273s
	iters: 300, epoch: 8 | loss: 0.0051659
	speed: 0.0046s/iter; time left: 16.9766s
	iters: 400, epoch: 8 | loss: 0.0218225
	speed: 0.0047s/iter; time left: 16.7483s
	iters: 500, epoch: 8 | loss: 0.0010510
	speed: 0.0046s/iter; time left: 16.0752s
	iters: 600, epoch: 8 | loss: 0.0167313
	speed: 0.0050s/iter; time left: 16.8918s
	iters: 700, epoch: 8 | loss: 0.0189908
	speed: 0.0046s/iter; time left: 15.1614s
	iters: 800, epoch: 8 | loss: 0.0022050
	speed: 0.0048s/iter; time left: 15.1663s
	iters: 900, epoch: 8 | loss: 0.0401386
	speed: 0.0047s/iter; time left: 14.4732s
	iters: 1000, epoch: 8 | loss: 0.0096360
	speed: 0.0047s/iter; time left: 13.8243s
	iters: 1100, epoch: 8 | loss: 0.0302950
	speed: 0.0050s/iter; time left: 14.4293s
	iters: 1200, epoch: 8 | loss: 0.0198651
	speed: 0.0043s/iter; time left: 11.9782s
	iters: 1300, epoch: 8 | loss: 0.0045186
	speed: 0.0045s/iter; time left: 11.9801s
Epoch: 8 cost time: 6.5 seconds
Epoch: 8, Steps: 1321 | Train Loss: 0.0132682 Vali Loss: 0.5141481 Test Loss: 2.2028277
EarlyStopping counter: 3 out of 3
Early stopping
>>>>>>>testing : DLinear_GD_336_96_MS_channels_6_DLinear_MS_channels_6<<<<<<<<<<<<<<<<<<<<<<<<<<<<<<<<<
test 3049
DLinear_GD_336_96_MS_channels_6_DLinear_MS_channels_6
Shapes: pred (3048, 96, 1), true (3048, 96, 1), naive_pred (3048, 96, 1)
Shapes: gt (381, 432), pd (381, 432), naive_pd (381, 432)
Final Metrics:
DLinear      MSE: 2.458758   MAE: 1.169528   SE: 4.054135   RRMSE: 0.101638   RMAE: 0.075807   (numpy)
DLinear      MSE: 2.458758   MAE: 1.169528   SE: 4.054135   RRMSE: 0.101638   RMAE: 0.075807   (torch)

Repeat       MSE: 2.179713   MAE: 1.044575   SE: 4.422679   RRMSE: 0.095697   RMAE: 0.067707   (numpy)
Repeat       MSE: 2.179713   MAE: 1.044575   SE: 4.422679   RRMSE: 0.095697   RMAE: 0.067707   (torch)

