Args in experiment:
Namespace(is_training=1, model_id='DLinear_MRO_336_336_MS_channels_6', model='DLinear', data='custom', root_path='./dataset/', data_path='MRO.csv', features='MS', target='Adj Close', freq='h', checkpoints='./checkpoints/', seq_len=336, label_len=48, pred_len=336, individual=False, embed_type=0, enc_in=6, dec_in=7, c_out=7, d_model=512, n_heads=8, e_layers=2, d_layers=1, d_ff=2048, moving_avg=25, factor=1, distil=True, dropout=0.05, embed='timeF', activation='gelu', output_attention=False, do_predict=False, num_workers=10, itr=1, train_epochs=10, batch_size=8, patience=3, learning_rate=0.0005, des='Exp', loss='mse', lradj='type1', use_amp=False, use_gpu=True, gpu=0, use_multi_gpu=False, devices='0,1,2,3', test_flop=False)
DLinear_MRO_336_336_MS_channels_6_DLinear_MS_channels_6
Using GPU: NVIDIA GeForce RTX 4070 (cuda:0):
>>>>>>>start training : DLinear_MRO_336_336_MS_channels_6_DLinear_MS_channels_6>>>>>>>>>>>>>>>>>>>>>>>>>>
train 10335
val 1239
test 2809
	iters: 100, epoch: 1 | loss: 0.0455727
	speed: 0.0179s/iter; time left: 229.8324s
	iters: 200, epoch: 1 | loss: 0.0723815
	speed: 0.0048s/iter; time left: 61.3425s
	iters: 300, epoch: 1 | loss: 0.1821193
	speed: 0.0047s/iter; time left: 59.0217s
	iters: 400, epoch: 1 | loss: 0.0549679
	speed: 0.0045s/iter; time left: 56.5565s
	iters: 500, epoch: 1 | loss: 0.0852969
	speed: 0.0046s/iter; time left: 57.4951s
	iters: 600, epoch: 1 | loss: 0.1335501
	speed: 0.0047s/iter; time left: 57.6670s
	iters: 700, epoch: 1 | loss: 0.0924611
	speed: 0.0046s/iter; time left: 56.6778s
	iters: 800, epoch: 1 | loss: 0.0669928
	speed: 0.0047s/iter; time left: 57.2820s
	iters: 900, epoch: 1 | loss: 0.1619008
	speed: 0.0048s/iter; time left: 58.2305s
	iters: 1000, epoch: 1 | loss: 0.0843545
	speed: 0.0044s/iter; time left: 52.5948s
	iters: 1100, epoch: 1 | loss: 0.0401371
	speed: 0.0048s/iter; time left: 56.7413s
	iters: 1200, epoch: 1 | loss: 0.0476779
	speed: 0.0048s/iter; time left: 56.7107s
Epoch: 1 cost time: 7.0 seconds
Epoch: 1, Steps: 1291 | Train Loss: 0.1036989 Vali Loss: 8.1854792 Test Loss: 11.2405777
Validation loss decreased (inf --> 8.185479).  Saving model ...
Updating learning rate to 0.0005
	iters: 100, epoch: 2 | loss: 0.0341229
	speed: 0.0387s/iter; time left: 446.3565s
	iters: 200, epoch: 2 | loss: 0.0430974
	speed: 0.0052s/iter; time left: 58.9562s
	iters: 300, epoch: 2 | loss: 0.0419104
	speed: 0.0051s/iter; time left: 57.4778s
	iters: 400, epoch: 2 | loss: 0.0850597
	speed: 0.0051s/iter; time left: 56.9401s
	iters: 500, epoch: 2 | loss: 0.1206159
	speed: 0.0052s/iter; time left: 58.2817s
	iters: 600, epoch: 2 | loss: 0.0422032
	speed: 0.0051s/iter; time left: 56.6618s
	iters: 700, epoch: 2 | loss: 0.0520994
	speed: 0.0049s/iter; time left: 53.8395s
	iters: 800, epoch: 2 | loss: 0.0291262
	speed: 0.0052s/iter; time left: 55.7884s
	iters: 900, epoch: 2 | loss: 0.0932470
	speed: 0.0050s/iter; time left: 53.9088s
	iters: 1000, epoch: 2 | loss: 0.0413429
	speed: 0.0051s/iter; time left: 53.8630s
	iters: 1100, epoch: 2 | loss: 0.1423391
	speed: 0.0049s/iter; time left: 51.8100s
	iters: 1200, epoch: 2 | loss: 0.1334083
	speed: 0.0051s/iter; time left: 53.2279s
Epoch: 2 cost time: 6.9 seconds
Epoch: 2, Steps: 1291 | Train Loss: 0.0969079 Vali Loss: 8.0235882 Test Loss: 10.5710411
Validation loss decreased (8.185479 --> 8.023588).  Saving model ...
Updating learning rate to 0.00025
	iters: 100, epoch: 3 | loss: 0.2056090
	speed: 0.0397s/iter; time left: 406.0515s
	iters: 200, epoch: 3 | loss: 0.1114541
	speed: 0.0051s/iter; time left: 51.1556s
	iters: 300, epoch: 3 | loss: 0.0383572
	speed: 0.0050s/iter; time left: 50.6254s
	iters: 400, epoch: 3 | loss: 0.0731443
	speed: 0.0049s/iter; time left: 49.0765s
	iters: 500, epoch: 3 | loss: 0.0475636
	speed: 0.0050s/iter; time left: 49.4423s
	iters: 600, epoch: 3 | loss: 0.0766196
	speed: 0.0050s/iter; time left: 48.4235s
	iters: 700, epoch: 3 | loss: 0.0500167
	speed: 0.0050s/iter; time left: 48.5513s
	iters: 800, epoch: 3 | loss: 0.1061950
	speed: 0.0052s/iter; time left: 49.6140s
	iters: 900, epoch: 3 | loss: 0.0805580
	speed: 0.0050s/iter; time left: 46.9745s
	iters: 1000, epoch: 3 | loss: 0.0654553
	speed: 0.0051s/iter; time left: 47.1142s
	iters: 1100, epoch: 3 | loss: 0.1612361
	speed: 0.0050s/iter; time left: 46.2342s
	iters: 1200, epoch: 3 | loss: 0.0598914
	speed: 0.0053s/iter; time left: 48.7276s
Epoch: 3 cost time: 6.8 seconds
Epoch: 3, Steps: 1291 | Train Loss: 0.0927356 Vali Loss: 8.4112797 Test Loss: 12.4262362
EarlyStopping counter: 1 out of 3
Updating learning rate to 0.000125
	iters: 100, epoch: 4 | loss: 0.0842188
	speed: 0.0400s/iter; time left: 357.7256s
	iters: 200, epoch: 4 | loss: 0.0909737
	speed: 0.0051s/iter; time left: 45.1900s
	iters: 300, epoch: 4 | loss: 0.0744404
	speed: 0.0051s/iter; time left: 44.1967s
	iters: 400, epoch: 4 | loss: 0.1853339
	speed: 0.0050s/iter; time left: 43.2027s
	iters: 500, epoch: 4 | loss: 0.1088460
	speed: 0.0052s/iter; time left: 44.1791s
	iters: 600, epoch: 4 | loss: 0.1019994
	speed: 0.0052s/iter; time left: 44.1373s
	iters: 700, epoch: 4 | loss: 0.0389841
	speed: 0.0050s/iter; time left: 42.0714s
	iters: 800, epoch: 4 | loss: 0.1255418
	speed: 0.0052s/iter; time left: 43.2362s
	iters: 900, epoch: 4 | loss: 0.0824824
	speed: 0.0052s/iter; time left: 42.5780s
	iters: 1000, epoch: 4 | loss: 0.0863084
	speed: 0.0053s/iter; time left: 42.4788s
	iters: 1100, epoch: 4 | loss: 0.0819880
	speed: 0.0054s/iter; time left: 42.9372s
	iters: 1200, epoch: 4 | loss: 0.0518234
	speed: 0.0054s/iter; time left: 42.4192s
Epoch: 4 cost time: 7.1 seconds
Epoch: 4, Steps: 1291 | Train Loss: 0.0903211 Vali Loss: 8.3551788 Test Loss: 12.3940639
EarlyStopping counter: 2 out of 3
Updating learning rate to 6.25e-05
	iters: 100, epoch: 5 | loss: 0.1011621
	speed: 0.0415s/iter; time left: 317.2640s
	iters: 200, epoch: 5 | loss: 0.0316886
	speed: 0.0065s/iter; time left: 48.9264s
	iters: 300, epoch: 5 | loss: 0.1577659
	speed: 0.0062s/iter; time left: 46.3638s
	iters: 400, epoch: 5 | loss: 0.0978358
	speed: 0.0052s/iter; time left: 38.1927s
	iters: 500, epoch: 5 | loss: 0.0862816
	speed: 0.0054s/iter; time left: 38.7873s
	iters: 600, epoch: 5 | loss: 0.1435630
	speed: 0.0060s/iter; time left: 42.8475s
	iters: 700, epoch: 5 | loss: 0.0976000
	speed: 0.0054s/iter; time left: 37.8955s
	iters: 800, epoch: 5 | loss: 0.1021089
	speed: 0.0053s/iter; time left: 36.9265s
	iters: 900, epoch: 5 | loss: 0.1181604
	speed: 0.0054s/iter; time left: 36.8699s
	iters: 1000, epoch: 5 | loss: 0.0883819
	speed: 0.0056s/iter; time left: 37.9711s
	iters: 1100, epoch: 5 | loss: 0.0342070
	speed: 0.0058s/iter; time left: 38.3148s
	iters: 1200, epoch: 5 | loss: 0.0390121
	speed: 0.0054s/iter; time left: 35.6074s
Epoch: 5 cost time: 7.6 seconds
Epoch: 5, Steps: 1291 | Train Loss: 0.0894047 Vali Loss: 7.7654147 Test Loss: 11.1148119
Validation loss decreased (8.023588 --> 7.765415).  Saving model ...
Updating learning rate to 3.125e-05
	iters: 100, epoch: 6 | loss: 0.0914219
	speed: 0.0420s/iter; time left: 266.9453s
	iters: 200, epoch: 6 | loss: 0.0916136
	speed: 0.0055s/iter; time left: 34.2222s
	iters: 300, epoch: 6 | loss: 0.2752173
	speed: 0.0054s/iter; time left: 33.3287s
	iters: 400, epoch: 6 | loss: 0.1123120
	speed: 0.0056s/iter; time left: 33.6669s
	iters: 500, epoch: 6 | loss: 0.1006844
	speed: 0.0057s/iter; time left: 33.7542s
	iters: 600, epoch: 6 | loss: 0.0799064
	speed: 0.0053s/iter; time left: 30.8459s
	iters: 700, epoch: 6 | loss: 0.2132494
	speed: 0.0056s/iter; time left: 32.0540s
	iters: 800, epoch: 6 | loss: 0.1559961
	speed: 0.0053s/iter; time left: 29.8526s
	iters: 900, epoch: 6 | loss: 0.0310272
	speed: 0.0051s/iter; time left: 28.3936s
	iters: 1000, epoch: 6 | loss: 0.0766147
	speed: 0.0053s/iter; time left: 28.8647s
	iters: 1100, epoch: 6 | loss: 0.1049897
	speed: 0.0053s/iter; time left: 28.4459s
	iters: 1200, epoch: 6 | loss: 0.0747677
	speed: 0.0053s/iter; time left: 28.0855s
Epoch: 6 cost time: 7.2 seconds
Epoch: 6, Steps: 1291 | Train Loss: 0.0885784 Vali Loss: 7.6455865 Test Loss: 10.8303547
Validation loss decreased (7.765415 --> 7.645586).  Saving model ...
Updating learning rate to 1.5625e-05
	iters: 100, epoch: 7 | loss: 0.0277383
	speed: 0.0403s/iter; time left: 204.1372s
	iters: 200, epoch: 7 | loss: 0.0300874
	speed: 0.0054s/iter; time left: 26.7230s
	iters: 300, epoch: 7 | loss: 0.0471154
	speed: 0.0052s/iter; time left: 25.2333s
	iters: 400, epoch: 7 | loss: 0.0433917
	speed: 0.0053s/iter; time left: 25.1457s
	iters: 500, epoch: 7 | loss: 0.0413512
	speed: 0.0055s/iter; time left: 25.8502s
	iters: 600, epoch: 7 | loss: 0.1004067
	speed: 0.0051s/iter; time left: 23.4679s
	iters: 700, epoch: 7 | loss: 0.0555167
	speed: 0.0054s/iter; time left: 23.9756s
	iters: 800, epoch: 7 | loss: 0.0684948
	speed: 0.0050s/iter; time left: 21.8450s
	iters: 900, epoch: 7 | loss: 0.0922837
	speed: 0.0056s/iter; time left: 24.0042s
	iters: 1000, epoch: 7 | loss: 0.1071598
	speed: 0.0052s/iter; time left: 21.4522s
	iters: 1100, epoch: 7 | loss: 0.1183756
	speed: 0.0054s/iter; time left: 21.9004s
	iters: 1200, epoch: 7 | loss: 0.0749366
	speed: 0.0056s/iter; time left: 22.1837s
Epoch: 7 cost time: 7.2 seconds
Epoch: 7, Steps: 1291 | Train Loss: 0.0882108 Vali Loss: 7.8958583 Test Loss: 11.4776697
EarlyStopping counter: 1 out of 3
Updating learning rate to 7.8125e-06
	iters: 100, epoch: 8 | loss: 0.0594243
	speed: 0.0403s/iter; time left: 152.1980s
	iters: 200, epoch: 8 | loss: 0.0525233
	speed: 0.0054s/iter; time left: 19.7369s
	iters: 300, epoch: 8 | loss: 0.2582427
	speed: 0.0052s/iter; time left: 18.7603s
	iters: 400, epoch: 8 | loss: 0.0502974
	speed: 0.0055s/iter; time left: 18.9907s
	iters: 500, epoch: 8 | loss: 0.1619341
	speed: 0.0053s/iter; time left: 17.8131s
	iters: 600, epoch: 8 | loss: 0.1273120
	speed: 0.0055s/iter; time left: 18.0001s
	iters: 700, epoch: 8 | loss: 0.0616095
	speed: 0.0057s/iter; time left: 17.9861s
	iters: 800, epoch: 8 | loss: 0.0514748
	speed: 0.0055s/iter; time left: 16.8484s
	iters: 900, epoch: 8 | loss: 0.1460796
	speed: 0.0053s/iter; time left: 15.7564s
	iters: 1000, epoch: 8 | loss: 0.1439393
	speed: 0.0054s/iter; time left: 15.4798s
	iters: 1100, epoch: 8 | loss: 0.0490102
	speed: 0.0053s/iter; time left: 14.6798s
	iters: 1200, epoch: 8 | loss: 0.0597867
	speed: 0.0051s/iter; time left: 13.6886s
Epoch: 8 cost time: 7.2 seconds
Epoch: 8, Steps: 1291 | Train Loss: 0.0879616 Vali Loss: 7.7060332 Test Loss: 11.0914774
EarlyStopping counter: 2 out of 3
Updating learning rate to 3.90625e-06
	iters: 100, epoch: 9 | loss: 0.0562805
	speed: 0.0399s/iter; time left: 98.9513s
	iters: 200, epoch: 9 | loss: 0.1343005
	speed: 0.0053s/iter; time left: 12.5317s
	iters: 300, epoch: 9 | loss: 0.0912214
	speed: 0.0054s/iter; time left: 12.3807s
	iters: 400, epoch: 9 | loss: 0.1038130
	speed: 0.0058s/iter; time left: 12.5900s
	iters: 500, epoch: 9 | loss: 0.1324052
	speed: 0.0055s/iter; time left: 11.4241s
	iters: 600, epoch: 9 | loss: 0.1238712
	speed: 0.0051s/iter; time left: 10.1239s
	iters: 700, epoch: 9 | loss: 0.0410153
	speed: 0.0051s/iter; time left: 9.5802s
	iters: 800, epoch: 9 | loss: 0.0474765
	speed: 0.0056s/iter; time left: 9.9864s
	iters: 900, epoch: 9 | loss: 0.3838778
	speed: 0.0056s/iter; time left: 9.4605s
	iters: 1000, epoch: 9 | loss: 0.0408376
	speed: 0.0055s/iter; time left: 8.6893s
	iters: 1100, epoch: 9 | loss: 0.0234799
	speed: 0.0053s/iter; time left: 7.8198s
	iters: 1200, epoch: 9 | loss: 0.0172450
	speed: 0.0051s/iter; time left: 6.9890s
Epoch: 9 cost time: 7.2 seconds
Epoch: 9, Steps: 1291 | Train Loss: 0.0880071 Vali Loss: 7.7110896 Test Loss: 11.0312281
EarlyStopping counter: 3 out of 3
Early stopping
>>>>>>>testing : DLinear_MRO_336_336_MS_channels_6_DLinear_MS_channels_6<<<<<<<<<<<<<<<<<<<<<<<<<<<<<<<<<
test 2809
DLinear_MRO_336_336_MS_channels_6_DLinear_MS_channels_6
Shapes: pred (2808, 336, 1), true (2808, 336, 1), naive_pred (2808, 336, 1)
Shapes: gt (351, 672), pd (351, 672), naive_pd (351, 672)
Final Metrics:
DLinear      MSE: 10.830351  MAE: 2.488325   SE: 24.802532  RRMSE: 0.403290   RMAE: 0.304932   (numpy)
DLinear      MSE: 10.830355  MAE: 2.488325   SE: 24.802528  RRMSE: 0.403290   RMAE: 0.304932   (torch)

Repeat       MSE: 10.261215  MAE: 2.420922   SE: 21.428272  RRMSE: 0.392551   RMAE: 0.296672   (numpy)
Repeat       MSE: 10.261217  MAE: 2.420922   SE: 21.428272  RRMSE: 0.392551   RMAE: 0.296672   (torch)

