Args in experiment:
Namespace(is_training=1, model_id='FITS_100_MRO_336_192_MS_channels_6', model='FITS_100', data='custom', root_path='./dataset/', data_path='MRO.csv', features='MS', target='Adj Close', freq='h', checkpoints='./checkpoints/', seq_len=336, label_len=48, pred_len=192, individual=False, embed_type=0, enc_in=6, dec_in=7, c_out=7, d_model=512, n_heads=8, e_layers=2, d_layers=1, d_ff=2048, moving_avg=25, factor=1, distil=True, dropout=0.05, embed='timeF', activation='gelu', output_attention=False, do_predict=False, num_workers=10, itr=1, train_epochs=10, batch_size=8, patience=3, learning_rate=0.0005, des='Exp', loss='mse', lradj='type1', use_amp=False, use_gpu=True, gpu=0, use_multi_gpu=False, devices='0,1,2,3', test_flop=False)
FITS_100_MRO_336_192_MS_channels_6_FITS_100_MS_channels_6
Using GPU: NVIDIA GeForce RTX 4070 (cuda:0):
>>>>>>>start training : FITS_100_MRO_336_192_MS_channels_6_FITS_100_MS_channels_6>>>>>>>>>>>>>>>>>>>>>>>>>>
train 10479
val 1383
test 2953
	iters: 100, epoch: 1 | loss: 0.0361464
	speed: 0.0176s/iter; time left: 229.1027s
	iters: 200, epoch: 1 | loss: 0.1066292
	speed: 0.0046s/iter; time left: 59.4601s
	iters: 300, epoch: 1 | loss: 0.1214686
	speed: 0.0051s/iter; time left: 64.6022s
	iters: 400, epoch: 1 | loss: 0.0566761
	speed: 0.0051s/iter; time left: 65.1864s
	iters: 500, epoch: 1 | loss: 0.0959348
	speed: 0.0052s/iter; time left: 65.9378s
	iters: 600, epoch: 1 | loss: 0.0623432
	speed: 0.0052s/iter; time left: 64.6762s
	iters: 700, epoch: 1 | loss: 0.0653573
	speed: 0.0047s/iter; time left: 57.6328s
	iters: 800, epoch: 1 | loss: 0.0495619
	speed: 0.0044s/iter; time left: 54.5420s
	iters: 900, epoch: 1 | loss: 0.1541401
	speed: 0.0051s/iter; time left: 62.4035s
	iters: 1000, epoch: 1 | loss: 0.1006585
	speed: 0.0046s/iter; time left: 55.4535s
	iters: 1100, epoch: 1 | loss: 0.2850942
	speed: 0.0049s/iter; time left: 58.9042s
	iters: 1200, epoch: 1 | loss: 0.0167003
	speed: 0.0051s/iter; time left: 60.7682s
	iters: 1300, epoch: 1 | loss: 0.0926447
	speed: 0.0051s/iter; time left: 60.3802s
Epoch: 1 cost time: 7.4 seconds
Epoch: 1, Steps: 1309 | Train Loss: 0.0767628 Vali Loss: 5.2183127 Test Loss: 6.2950034
Validation loss decreased (inf --> 5.218313).  Saving model ...
Updating learning rate to 0.0005
	iters: 100, epoch: 2 | loss: 0.0951629
	speed: 0.0374s/iter; time left: 436.9976s
	iters: 200, epoch: 2 | loss: 0.0599386
	speed: 0.0054s/iter; time left: 63.0655s
	iters: 300, epoch: 2 | loss: 0.0650847
	speed: 0.0054s/iter; time left: 61.8580s
	iters: 400, epoch: 2 | loss: 0.0266836
	speed: 0.0055s/iter; time left: 63.0495s
	iters: 500, epoch: 2 | loss: 0.0229105
	speed: 0.0054s/iter; time left: 60.6407s
	iters: 600, epoch: 2 | loss: 0.0411405
	speed: 0.0059s/iter; time left: 65.5129s
	iters: 700, epoch: 2 | loss: 0.0198345
	speed: 0.0056s/iter; time left: 62.3324s
	iters: 800, epoch: 2 | loss: 0.0892991
	speed: 0.0057s/iter; time left: 62.8837s
	iters: 900, epoch: 2 | loss: 0.0528748
	speed: 0.0055s/iter; time left: 59.3906s
	iters: 1000, epoch: 2 | loss: 0.0106072
	speed: 0.0055s/iter; time left: 59.6928s
	iters: 1100, epoch: 2 | loss: 0.0547110
	speed: 0.0056s/iter; time left: 60.2918s
	iters: 1200, epoch: 2 | loss: 0.0270782
	speed: 0.0056s/iter; time left: 59.3228s
	iters: 1300, epoch: 2 | loss: 0.0438948
	speed: 0.0055s/iter; time left: 57.8774s
Epoch: 2 cost time: 7.6 seconds
Epoch: 2, Steps: 1309 | Train Loss: 0.0637900 Vali Loss: 4.9196520 Test Loss: 5.8837667
Validation loss decreased (5.218313 --> 4.919652).  Saving model ...
Updating learning rate to 0.00025
	iters: 100, epoch: 3 | loss: 0.0532912
	speed: 0.0374s/iter; time left: 388.0675s
	iters: 200, epoch: 3 | loss: 0.0614746
	speed: 0.0057s/iter; time left: 58.9983s
	iters: 300, epoch: 3 | loss: 0.1837291
	speed: 0.0057s/iter; time left: 58.3220s
	iters: 400, epoch: 3 | loss: 0.0747677
	speed: 0.0057s/iter; time left: 57.0284s
	iters: 500, epoch: 3 | loss: 0.0323330
	speed: 0.0057s/iter; time left: 56.6016s
	iters: 600, epoch: 3 | loss: 0.1102653
	speed: 0.0055s/iter; time left: 54.5162s
	iters: 700, epoch: 3 | loss: 0.0743162
	speed: 0.0056s/iter; time left: 54.7147s
	iters: 800, epoch: 3 | loss: 0.1036764
	speed: 0.0057s/iter; time left: 55.5644s
	iters: 900, epoch: 3 | loss: 0.0427458
	speed: 0.0055s/iter; time left: 52.5464s
	iters: 1000, epoch: 3 | loss: 0.0963350
	speed: 0.0055s/iter; time left: 52.1082s
	iters: 1100, epoch: 3 | loss: 0.0298366
	speed: 0.0058s/iter; time left: 54.8162s
	iters: 1200, epoch: 3 | loss: 0.1227481
	speed: 0.0055s/iter; time left: 51.2235s
	iters: 1300, epoch: 3 | loss: 0.0814053
	speed: 0.0061s/iter; time left: 55.6878s
Epoch: 3 cost time: 7.7 seconds
Epoch: 3, Steps: 1309 | Train Loss: 0.0613191 Vali Loss: 4.8521709 Test Loss: 5.7888627
Validation loss decreased (4.919652 --> 4.852171).  Saving model ...
Updating learning rate to 0.000125
	iters: 100, epoch: 4 | loss: 0.0321246
	speed: 0.0392s/iter; time left: 355.4095s
	iters: 200, epoch: 4 | loss: 0.0625025
	speed: 0.0054s/iter; time left: 48.1317s
	iters: 300, epoch: 4 | loss: 0.1214918
	speed: 0.0056s/iter; time left: 49.2886s
	iters: 400, epoch: 4 | loss: 0.0847993
	speed: 0.0059s/iter; time left: 52.0674s
	iters: 500, epoch: 4 | loss: 0.0899156
	speed: 0.0059s/iter; time left: 50.9746s
	iters: 600, epoch: 4 | loss: 0.0310378
	speed: 0.0055s/iter; time left: 46.7303s
	iters: 700, epoch: 4 | loss: 0.0284808
	speed: 0.0059s/iter; time left: 49.9384s
	iters: 800, epoch: 4 | loss: 0.1183600
	speed: 0.0058s/iter; time left: 48.6352s
	iters: 900, epoch: 4 | loss: 0.0424524
	speed: 0.0055s/iter; time left: 45.3476s
	iters: 1000, epoch: 4 | loss: 0.0680154
	speed: 0.0055s/iter; time left: 44.5564s
	iters: 1100, epoch: 4 | loss: 0.0733273
	speed: 0.0059s/iter; time left: 47.6403s
	iters: 1200, epoch: 4 | loss: 0.0382588
	speed: 0.0059s/iter; time left: 46.8888s
	iters: 1300, epoch: 4 | loss: 0.0578432
	speed: 0.0056s/iter; time left: 44.2570s
Epoch: 4 cost time: 7.7 seconds
Epoch: 4, Steps: 1309 | Train Loss: 0.0604621 Vali Loss: 4.7954855 Test Loss: 5.7236538
Validation loss decreased (4.852171 --> 4.795485).  Saving model ...
Updating learning rate to 6.25e-05
	iters: 100, epoch: 5 | loss: 0.0208377
	speed: 0.0388s/iter; time left: 300.7493s
	iters: 200, epoch: 5 | loss: 0.0177000
	speed: 0.0055s/iter; time left: 41.8786s
	iters: 300, epoch: 5 | loss: 0.2024552
	speed: 0.0057s/iter; time left: 42.7918s
	iters: 400, epoch: 5 | loss: 0.0173302
	speed: 0.0055s/iter; time left: 40.6660s
	iters: 500, epoch: 5 | loss: 0.0156992
	speed: 0.0058s/iter; time left: 42.3577s
	iters: 600, epoch: 5 | loss: 0.0662546
	speed: 0.0058s/iter; time left: 42.1507s
	iters: 700, epoch: 5 | loss: 0.0510572
	speed: 0.0055s/iter; time left: 39.0060s
	iters: 800, epoch: 5 | loss: 0.0699084
	speed: 0.0055s/iter; time left: 38.6390s
	iters: 900, epoch: 5 | loss: 0.0461395
	speed: 0.0055s/iter; time left: 38.5475s
	iters: 1000, epoch: 5 | loss: 0.0900219
	speed: 0.0057s/iter; time left: 39.1835s
	iters: 1100, epoch: 5 | loss: 0.0797588
	speed: 0.0055s/iter; time left: 37.2706s
	iters: 1200, epoch: 5 | loss: 0.0612082
	speed: 0.0055s/iter; time left: 36.4554s
	iters: 1300, epoch: 5 | loss: 0.0647524
	speed: 0.0063s/iter; time left: 41.4300s
Epoch: 5 cost time: 7.7 seconds
Epoch: 5, Steps: 1309 | Train Loss: 0.0601065 Vali Loss: 4.7749448 Test Loss: 5.7152452
Validation loss decreased (4.795485 --> 4.774945).  Saving model ...
Updating learning rate to 3.125e-05
	iters: 100, epoch: 6 | loss: 0.0163803
	speed: 0.0370s/iter; time left: 238.4169s
	iters: 200, epoch: 6 | loss: 0.0209348
	speed: 0.0055s/iter; time left: 34.9706s
	iters: 300, epoch: 6 | loss: 0.0396158
	speed: 0.0057s/iter; time left: 35.6126s
	iters: 400, epoch: 6 | loss: 0.0247047
	speed: 0.0055s/iter; time left: 33.9546s
	iters: 500, epoch: 6 | loss: 0.0345590
	speed: 0.0055s/iter; time left: 33.4995s
	iters: 600, epoch: 6 | loss: 0.0455601
	speed: 0.0053s/iter; time left: 31.4232s
	iters: 700, epoch: 6 | loss: 0.0278717
	speed: 0.0055s/iter; time left: 31.8942s
	iters: 800, epoch: 6 | loss: 0.0915775
	speed: 0.0056s/iter; time left: 32.2842s
	iters: 900, epoch: 6 | loss: 0.1327090
	speed: 0.0060s/iter; time left: 34.0405s
	iters: 1000, epoch: 6 | loss: 0.0177096
	speed: 0.0055s/iter; time left: 30.2977s
	iters: 1100, epoch: 6 | loss: 0.0456251
	speed: 0.0060s/iter; time left: 32.5440s
	iters: 1200, epoch: 6 | loss: 0.0515942
	speed: 0.0064s/iter; time left: 34.3786s
	iters: 1300, epoch: 6 | loss: 0.0634343
	speed: 0.0059s/iter; time left: 30.8640s
Epoch: 6 cost time: 7.7 seconds
Epoch: 6, Steps: 1309 | Train Loss: 0.0599123 Vali Loss: 4.7669401 Test Loss: 5.7070603
Validation loss decreased (4.774945 --> 4.766940).  Saving model ...
Updating learning rate to 1.5625e-05
	iters: 100, epoch: 7 | loss: 0.0298350
	speed: 0.0374s/iter; time left: 192.1594s
	iters: 200, epoch: 7 | loss: 0.0211008
	speed: 0.0066s/iter; time left: 33.2121s
	iters: 300, epoch: 7 | loss: 0.2709098
	speed: 0.0052s/iter; time left: 25.7497s
	iters: 400, epoch: 7 | loss: 0.0584239
	speed: 0.0050s/iter; time left: 24.3682s
	iters: 500, epoch: 7 | loss: 0.0149546
	speed: 0.0053s/iter; time left: 25.0823s
	iters: 600, epoch: 7 | loss: 0.0224414
	speed: 0.0054s/iter; time left: 25.0534s
	iters: 700, epoch: 7 | loss: 0.0783495
	speed: 0.0053s/iter; time left: 24.2485s
	iters: 800, epoch: 7 | loss: 0.0381942
	speed: 0.0056s/iter; time left: 24.9155s
	iters: 900, epoch: 7 | loss: 0.0422893
	speed: 0.0060s/iter; time left: 26.1397s
	iters: 1000, epoch: 7 | loss: 0.0326379
	speed: 0.0049s/iter; time left: 20.5830s
	iters: 1100, epoch: 7 | loss: 0.0256743
	speed: 0.0047s/iter; time left: 19.4774s
	iters: 1200, epoch: 7 | loss: 0.0494246
	speed: 0.0046s/iter; time left: 18.3830s
	iters: 1300, epoch: 7 | loss: 0.1301894
	speed: 0.0046s/iter; time left: 18.0957s
Epoch: 7 cost time: 7.1 seconds
Epoch: 7, Steps: 1309 | Train Loss: 0.0598394 Vali Loss: 4.7571225 Test Loss: 5.7014704
Validation loss decreased (4.766940 --> 4.757123).  Saving model ...
Updating learning rate to 7.8125e-06
	iters: 100, epoch: 8 | loss: 0.0588279
	speed: 0.0355s/iter; time left: 135.9358s
	iters: 200, epoch: 8 | loss: 0.0483688
	speed: 0.0049s/iter; time left: 18.2625s
	iters: 300, epoch: 8 | loss: 0.0285433
	speed: 0.0049s/iter; time left: 17.8648s
	iters: 400, epoch: 8 | loss: 0.0779842
	speed: 0.0048s/iter; time left: 17.0678s
	iters: 500, epoch: 8 | loss: 0.0704616
	speed: 0.0048s/iter; time left: 16.3738s
	iters: 600, epoch: 8 | loss: 0.0528737
	speed: 0.0048s/iter; time left: 16.1283s
	iters: 700, epoch: 8 | loss: 0.0935506
	speed: 0.0051s/iter; time left: 16.4768s
	iters: 800, epoch: 8 | loss: 0.0215400
	speed: 0.0051s/iter; time left: 15.8695s
	iters: 900, epoch: 8 | loss: 0.0698951
	speed: 0.0050s/iter; time left: 15.2339s
	iters: 1000, epoch: 8 | loss: 0.0630073
	speed: 0.0048s/iter; time left: 13.9355s
	iters: 1100, epoch: 8 | loss: 0.0767215
	speed: 0.0049s/iter; time left: 13.9154s
	iters: 1200, epoch: 8 | loss: 0.2671356
	speed: 0.0050s/iter; time left: 13.5672s
	iters: 1300, epoch: 8 | loss: 0.0562874
	speed: 0.0049s/iter; time left: 12.9076s
Epoch: 8 cost time: 6.8 seconds
Epoch: 8, Steps: 1309 | Train Loss: 0.0597837 Vali Loss: 4.7693486 Test Loss: 5.6993589
EarlyStopping counter: 1 out of 3
Updating learning rate to 3.90625e-06
	iters: 100, epoch: 9 | loss: 0.0645230
	speed: 0.0330s/iter; time left: 83.1113s
	iters: 200, epoch: 9 | loss: 0.0804426
	speed: 0.0048s/iter; time left: 11.6750s
	iters: 300, epoch: 9 | loss: 0.0208332
	speed: 0.0050s/iter; time left: 11.5282s
	iters: 400, epoch: 9 | loss: 0.0367901
	speed: 0.0050s/iter; time left: 11.0867s
	iters: 500, epoch: 9 | loss: 0.0201757
	speed: 0.0048s/iter; time left: 10.1040s
	iters: 600, epoch: 9 | loss: 0.0479023
	speed: 0.0047s/iter; time left: 9.4737s
	iters: 700, epoch: 9 | loss: 0.0640962
	speed: 0.0056s/iter; time left: 10.6700s
	iters: 800, epoch: 9 | loss: 0.0734835
	speed: 0.0061s/iter; time left: 11.0403s
	iters: 900, epoch: 9 | loss: 0.0477716
	speed: 0.0053s/iter; time left: 9.1331s
	iters: 1000, epoch: 9 | loss: 0.0554241
	speed: 0.0048s/iter; time left: 7.8071s
	iters: 1100, epoch: 9 | loss: 0.0555524
	speed: 0.0048s/iter; time left: 7.2372s
	iters: 1200, epoch: 9 | loss: 0.0987108
	speed: 0.0052s/iter; time left: 7.3274s
	iters: 1300, epoch: 9 | loss: 0.0648385
	speed: 0.0053s/iter; time left: 6.9734s
Epoch: 9 cost time: 6.9 seconds
Epoch: 9, Steps: 1309 | Train Loss: 0.0596795 Vali Loss: 4.7774658 Test Loss: 5.6982713
EarlyStopping counter: 2 out of 3
Updating learning rate to 1.953125e-06
	iters: 100, epoch: 10 | loss: 0.0204962
	speed: 0.0357s/iter; time left: 43.2440s
	iters: 200, epoch: 10 | loss: 0.0875504
	speed: 0.0054s/iter; time left: 5.9910s
	iters: 300, epoch: 10 | loss: 0.0664624
	speed: 0.0063s/iter; time left: 6.3708s
	iters: 400, epoch: 10 | loss: 0.0193870
	speed: 0.0060s/iter; time left: 5.4181s
	iters: 500, epoch: 10 | loss: 0.0474641
	speed: 0.0054s/iter; time left: 4.3916s
	iters: 600, epoch: 10 | loss: 0.1796813
	speed: 0.0054s/iter; time left: 3.8650s
	iters: 700, epoch: 10 | loss: 0.1277478
	speed: 0.0051s/iter; time left: 3.1315s
	iters: 800, epoch: 10 | loss: 0.0390087
	speed: 0.0049s/iter; time left: 2.5147s
	iters: 900, epoch: 10 | loss: 0.0675159
	speed: 0.0053s/iter; time left: 2.1558s
	iters: 1000, epoch: 10 | loss: 0.0697305
	speed: 0.0052s/iter; time left: 1.6104s
	iters: 1100, epoch: 10 | loss: 0.0552585
	speed: 0.0050s/iter; time left: 1.0448s
	iters: 1200, epoch: 10 | loss: 0.0925400
	speed: 0.0052s/iter; time left: 0.5676s
	iters: 1300, epoch: 10 | loss: 0.0336028
	speed: 0.0048s/iter; time left: 0.0477s
Epoch: 10 cost time: 7.2 seconds
Epoch: 10, Steps: 1309 | Train Loss: 0.0597431 Vali Loss: 4.7773590 Test Loss: 5.6978202
EarlyStopping counter: 3 out of 3
Early stopping
>>>>>>>testing : FITS_100_MRO_336_192_MS_channels_6_FITS_100_MS_channels_6<<<<<<<<<<<<<<<<<<<<<<<<<<<<<<<<<
test 2953
FITS_100_MRO_336_192_MS_channels_6_FITS_100_MS_channels_6
Shapes: pred (2952, 192, 1), true (2952, 192, 1), naive_pred (2952, 192, 1)
Shapes: gt (369, 528), pd (369, 528), naive_pd (369, 528)
Final Metrics:
FITS_100     MSE: 5.701470   MAE: 1.881090   SE: 11.448215  RRMSE: 0.287259   RMAE: 0.226303   (numpy)
FITS_100     MSE: 5.701470   MAE: 1.881089   SE: 11.448215  RRMSE: 0.287259   RMAE: 0.226303   (torch)

Repeat       MSE: 5.362151   MAE: 1.761319   SE: 10.656660  RRMSE: 0.278580   RMAE: 0.211894   (numpy)
Repeat       MSE: 5.362151   MAE: 1.761319   SE: 10.656659  RRMSE: 0.278580   RMAE: 0.211894   (torch)


Model(
  (fits): FITS(
    (frequency_upsampler): Linear(in_features=100, out_features=157, bias=True)
  )
)
