Args in experiment:
Namespace(is_training=1, model_id='FITS_100_GD_336_720_MS_channels_6', model='FITS_100', data='custom', root_path='./dataset/', data_path='GD.csv', features='MS', target='Adj Close', freq='h', checkpoints='./checkpoints/', seq_len=336, label_len=48, pred_len=720, individual=False, embed_type=0, enc_in=6, dec_in=7, c_out=7, d_model=512, n_heads=8, e_layers=2, d_layers=1, d_ff=2048, moving_avg=25, factor=1, distil=True, dropout=0.05, embed='timeF', activation='gelu', output_attention=False, do_predict=False, num_workers=10, itr=1, train_epochs=10, batch_size=8, patience=3, learning_rate=0.0005, des='Exp', loss='mse', lradj='type1', use_amp=False, use_gpu=True, gpu=0, use_multi_gpu=False, devices='0,1,2,3', test_flop=False)
FITS_100_GD_336_720_MS_channels_6_FITS_100_MS_channels_6
Using GPU: NVIDIA GeForce RTX 4070 (cuda:0):
>>>>>>>start training : FITS_100_GD_336_720_MS_channels_6_FITS_100_MS_channels_6>>>>>>>>>>>>>>>>>>>>>>>>>>
train 9951
val 855
test 2425
	iters: 100, epoch: 1 | loss: 0.0368877
	speed: 0.0202s/iter; time left: 249.4982s
	iters: 200, epoch: 1 | loss: 0.0747110
	speed: 0.0053s/iter; time left: 65.4038s
	iters: 300, epoch: 1 | loss: 0.1328102
	speed: 0.0057s/iter; time left: 69.5009s
	iters: 400, epoch: 1 | loss: 0.1655241
	speed: 0.0057s/iter; time left: 68.8596s
	iters: 500, epoch: 1 | loss: 0.0683593
	speed: 0.0054s/iter; time left: 64.4055s
	iters: 600, epoch: 1 | loss: 0.1253061
	speed: 0.0052s/iter; time left: 61.9868s
	iters: 700, epoch: 1 | loss: 0.0492334
	speed: 0.0056s/iter; time left: 65.9208s
	iters: 800, epoch: 1 | loss: 0.0292457
	speed: 0.0054s/iter; time left: 63.2564s
	iters: 900, epoch: 1 | loss: 0.0606436
	speed: 0.0055s/iter; time left: 63.6034s
	iters: 1000, epoch: 1 | loss: 0.0845461
	speed: 0.0060s/iter; time left: 68.7313s
	iters: 1100, epoch: 1 | loss: 0.0249544
	speed: 0.0061s/iter; time left: 69.4043s
	iters: 1200, epoch: 1 | loss: 0.0104054
	speed: 0.0064s/iter; time left: 71.4768s
Epoch: 1 cost time: 8.2 seconds
Epoch: 1, Steps: 1243 | Train Loss: 0.0854278 Vali Loss: 2.4868360 Test Loss: 23.6231766
Validation loss decreased (inf --> 2.486836).  Saving model ...
Updating learning rate to 0.0005
	iters: 100, epoch: 2 | loss: 0.0441215
	speed: 0.0377s/iter; time left: 417.8663s
	iters: 200, epoch: 2 | loss: 0.0540083
	speed: 0.0063s/iter; time left: 69.3954s
	iters: 300, epoch: 2 | loss: 0.0246508
	speed: 0.0059s/iter; time left: 64.1325s
	iters: 400, epoch: 2 | loss: 0.0312423
	speed: 0.0072s/iter; time left: 77.5590s
	iters: 500, epoch: 2 | loss: 0.0040439
	speed: 0.0070s/iter; time left: 74.4069s
	iters: 600, epoch: 2 | loss: 0.0045556
	speed: 0.0067s/iter; time left: 71.3499s
	iters: 700, epoch: 2 | loss: 0.0010811
	speed: 0.0070s/iter; time left: 73.7438s
	iters: 800, epoch: 2 | loss: 0.1211880
	speed: 0.0068s/iter; time left: 70.2365s
	iters: 900, epoch: 2 | loss: 0.0859057
	speed: 0.0065s/iter; time left: 66.4192s
	iters: 1000, epoch: 2 | loss: 0.0510724
	speed: 0.0069s/iter; time left: 70.4541s
	iters: 1100, epoch: 2 | loss: 0.2312778
	speed: 0.0068s/iter; time left: 68.7566s
	iters: 1200, epoch: 2 | loss: 0.2678688
	speed: 0.0073s/iter; time left: 72.4901s
Epoch: 2 cost time: 8.7 seconds
Epoch: 2, Steps: 1243 | Train Loss: 0.0696012 Vali Loss: 2.5839703 Test Loss: 23.6951389
EarlyStopping counter: 1 out of 3
Updating learning rate to 0.00025
	iters: 100, epoch: 3 | loss: 0.1737486
	speed: 0.0369s/iter; time left: 363.2475s
	iters: 200, epoch: 3 | loss: 0.0175548
	speed: 0.0064s/iter; time left: 62.2644s
	iters: 300, epoch: 3 | loss: 0.0021281
	speed: 0.0062s/iter; time left: 59.8185s
	iters: 400, epoch: 3 | loss: 0.0494571
	speed: 0.0059s/iter; time left: 56.2165s
	iters: 500, epoch: 3 | loss: 0.0329185
	speed: 0.0053s/iter; time left: 50.4616s
	iters: 600, epoch: 3 | loss: 0.0310736
	speed: 0.0053s/iter; time left: 49.5472s
	iters: 700, epoch: 3 | loss: 0.0302197
	speed: 0.0052s/iter; time left: 48.5225s
	iters: 800, epoch: 3 | loss: 0.0358794
	speed: 0.0055s/iter; time left: 50.5810s
	iters: 900, epoch: 3 | loss: 0.1309456
	speed: 0.0055s/iter; time left: 49.7473s
	iters: 1000, epoch: 3 | loss: 0.0303227
	speed: 0.0061s/iter; time left: 54.6011s
	iters: 1100, epoch: 3 | loss: 0.0848030
	speed: 0.0061s/iter; time left: 53.7589s
	iters: 1200, epoch: 3 | loss: 0.0322491
	speed: 0.0058s/iter; time left: 50.8073s
Epoch: 3 cost time: 7.5 seconds
Epoch: 3, Steps: 1243 | Train Loss: 0.0676566 Vali Loss: 2.6246948 Test Loss: 23.8530178
EarlyStopping counter: 2 out of 3
Updating learning rate to 0.000125
	iters: 100, epoch: 4 | loss: 0.0811763
	speed: 0.0335s/iter; time left: 287.8005s
	iters: 200, epoch: 4 | loss: 0.1981610
	speed: 0.0056s/iter; time left: 47.4159s
	iters: 300, epoch: 4 | loss: 0.0228941
	speed: 0.0051s/iter; time left: 43.2394s
	iters: 400, epoch: 4 | loss: 0.0350963
	speed: 0.0054s/iter; time left: 44.9354s
	iters: 500, epoch: 4 | loss: 0.0791708
	speed: 0.0060s/iter; time left: 49.1578s
	iters: 600, epoch: 4 | loss: 0.0077430
	speed: 0.0060s/iter; time left: 48.6480s
	iters: 700, epoch: 4 | loss: 0.0204575
	speed: 0.0055s/iter; time left: 43.6307s
	iters: 800, epoch: 4 | loss: 0.1817083
	speed: 0.0056s/iter; time left: 44.1892s
	iters: 900, epoch: 4 | loss: 0.1109223
	speed: 0.0048s/iter; time left: 37.7347s
	iters: 1000, epoch: 4 | loss: 0.0682680
	speed: 0.0055s/iter; time left: 41.9989s
	iters: 1100, epoch: 4 | loss: 0.2078428
	speed: 0.0053s/iter; time left: 40.5259s
	iters: 1200, epoch: 4 | loss: 0.0978669
	speed: 0.0053s/iter; time left: 39.5080s
Epoch: 4 cost time: 7.0 seconds
Epoch: 4, Steps: 1243 | Train Loss: 0.0672319 Vali Loss: 2.6204598 Test Loss: 23.8439331
EarlyStopping counter: 3 out of 3
Early stopping
>>>>>>>testing : FITS_100_GD_336_720_MS_channels_6_FITS_100_MS_channels_6<<<<<<<<<<<<<<<<<<<<<<<<<<<<<<<<<
test 2425
FITS_100_GD_336_720_MS_channels_6_FITS_100_MS_channels_6
Shapes: pred (2424, 720, 1), true (2424, 720, 1), naive_pred (2424, 720, 1)
Shapes: gt (303, 1056), pd (303, 1056), naive_pd (303, 1056)
Final Metrics:
FITS_100     MSE: 23.623171  MAE: 3.919071   SE: 64.023758  RRMSE: 0.314719   RMAE: 0.253768   (numpy)
FITS_100     MSE: 23.623177  MAE: 3.919070   SE: 64.023758  RRMSE: 0.314719   RMAE: 0.253768   (torch)

Repeat       MSE: 20.162743  MAE: 3.575489   SE: 46.713753  RRMSE: 0.290756   RMAE: 0.231521   (numpy)
Repeat       MSE: 20.162741  MAE: 3.575489   SE: 46.713760  RRMSE: 0.290756   RMAE: 0.231521   (torch)


Model(
  (fits): FITS(
    (frequency_upsampler): Linear(in_features=100, out_features=314, bias=True)
  )
)
