Args in experiment:
Namespace(is_training=1, model_id='FITS_GD_336_336_MS_channels_6', model='FITS', data='custom', root_path='./dataset/', data_path='GD.csv', features='MS', target='Adj Close', freq='h', checkpoints='./checkpoints/', seq_len=336, label_len=48, pred_len=336, individual=False, embed_type=0, enc_in=6, dec_in=7, c_out=7, d_model=512, n_heads=8, e_layers=2, d_layers=1, d_ff=2048, moving_avg=25, factor=1, distil=True, dropout=0.05, embed='timeF', activation='gelu', output_attention=False, do_predict=False, num_workers=10, itr=1, train_epochs=10, batch_size=8, patience=3, learning_rate=0.0005, des='Exp', loss='mse', lradj='type1', use_amp=False, use_gpu=True, gpu=0, use_multi_gpu=False, devices='0,1,2,3', test_flop=False)
FITS_GD_336_336_MS_channels_6_FITS_MS_channels_6
Using GPU: NVIDIA GeForce RTX 4070 (cuda:0):
>>>>>>>start training : FITS_GD_336_336_MS_channels_6_FITS_MS_channels_6>>>>>>>>>>>>>>>>>>>>>>>>>>
train 10335
val 1239
test 2809
	iters: 100, epoch: 1 | loss: 0.0465023
	speed: 0.0189s/iter; time left: 242.5974s
	iters: 200, epoch: 1 | loss: 0.0086110
	speed: 0.0047s/iter; time left: 59.5124s
	iters: 300, epoch: 1 | loss: 0.0159516
	speed: 0.0053s/iter; time left: 66.6145s
	iters: 400, epoch: 1 | loss: 0.0925894
	speed: 0.0052s/iter; time left: 64.7619s
	iters: 500, epoch: 1 | loss: 0.0376596
	speed: 0.0053s/iter; time left: 65.5880s
	iters: 600, epoch: 1 | loss: 0.1076472
	speed: 0.0051s/iter; time left: 62.7922s
	iters: 700, epoch: 1 | loss: 0.0092158
	speed: 0.0050s/iter; time left: 60.7357s
	iters: 800, epoch: 1 | loss: 0.0174277
	speed: 0.0048s/iter; time left: 58.6917s
	iters: 900, epoch: 1 | loss: 0.2088065
	speed: 0.0051s/iter; time left: 61.3996s
	iters: 1000, epoch: 1 | loss: 0.0400404
	speed: 0.0053s/iter; time left: 63.1251s
	iters: 1100, epoch: 1 | loss: 0.0098350
	speed: 0.0049s/iter; time left: 57.9955s
	iters: 1200, epoch: 1 | loss: 0.0280669
	speed: 0.0050s/iter; time left: 58.1857s
Epoch: 1 cost time: 7.7 seconds
Epoch: 1, Steps: 1291 | Train Loss: 0.0658800 Vali Loss: 1.4576246 Test Loss: 9.2794380
Validation loss decreased (inf --> 1.457625).  Saving model ...
Updating learning rate to 0.0005
	iters: 100, epoch: 2 | loss: 0.0739167
	speed: 0.0411s/iter; time left: 473.7567s
	iters: 200, epoch: 2 | loss: 0.0119980
	speed: 0.0049s/iter; time left: 55.4868s
	iters: 300, epoch: 2 | loss: 0.0699263
	speed: 0.0050s/iter; time left: 56.9162s
	iters: 400, epoch: 2 | loss: 0.0275658
	speed: 0.0048s/iter; time left: 53.5835s
	iters: 500, epoch: 2 | loss: 0.0999067
	speed: 0.0047s/iter; time left: 52.3798s
	iters: 600, epoch: 2 | loss: 0.1146844
	speed: 0.0047s/iter; time left: 52.1458s
	iters: 700, epoch: 2 | loss: 0.0426718
	speed: 0.0052s/iter; time left: 56.4551s
	iters: 800, epoch: 2 | loss: 0.0474890
	speed: 0.0049s/iter; time left: 53.4862s
	iters: 900, epoch: 2 | loss: 0.0438209
	speed: 0.0054s/iter; time left: 57.8206s
	iters: 1000, epoch: 2 | loss: 0.0135353
	speed: 0.0052s/iter; time left: 55.1082s
	iters: 1100, epoch: 2 | loss: 0.0952978
	speed: 0.0050s/iter; time left: 52.1822s
	iters: 1200, epoch: 2 | loss: 0.0130101
	speed: 0.0052s/iter; time left: 54.2246s
Epoch: 2 cost time: 6.7 seconds
Epoch: 2, Steps: 1291 | Train Loss: 0.0583389 Vali Loss: 1.4398441 Test Loss: 8.7621031
Validation loss decreased (1.457625 --> 1.439844).  Saving model ...
Updating learning rate to 0.00025
	iters: 100, epoch: 3 | loss: 0.0400512
	speed: 0.0384s/iter; time left: 392.5691s
	iters: 200, epoch: 3 | loss: 0.0603070
	speed: 0.0052s/iter; time left: 52.6987s
	iters: 300, epoch: 3 | loss: 0.0543050
	speed: 0.0050s/iter; time left: 50.3275s
	iters: 400, epoch: 3 | loss: 0.0570220
	speed: 0.0058s/iter; time left: 57.5295s
	iters: 500, epoch: 3 | loss: 0.0180590
	speed: 0.0067s/iter; time left: 65.8167s
	iters: 600, epoch: 3 | loss: 0.0305937
	speed: 0.0053s/iter; time left: 51.9071s
	iters: 700, epoch: 3 | loss: 0.0155496
	speed: 0.0045s/iter; time left: 43.6492s
	iters: 800, epoch: 3 | loss: 0.0083284
	speed: 0.0048s/iter; time left: 46.0989s
	iters: 900, epoch: 3 | loss: 0.0704909
	speed: 0.0050s/iter; time left: 46.9487s
	iters: 1000, epoch: 3 | loss: 0.0734585
	speed: 0.0053s/iter; time left: 49.7247s
	iters: 1100, epoch: 3 | loss: 0.0650265
	speed: 0.0050s/iter; time left: 45.7282s
	iters: 1200, epoch: 3 | loss: 0.1380055
	speed: 0.0053s/iter; time left: 48.1289s
Epoch: 3 cost time: 7.1 seconds
Epoch: 3, Steps: 1291 | Train Loss: 0.0566170 Vali Loss: 1.4048693 Test Loss: 8.7446928
Validation loss decreased (1.439844 --> 1.404869).  Saving model ...
Updating learning rate to 0.000125
	iters: 100, epoch: 4 | loss: 0.0774094
	speed: 0.0396s/iter; time left: 353.9080s
	iters: 200, epoch: 4 | loss: 0.0438061
	speed: 0.0064s/iter; time left: 56.1954s
	iters: 300, epoch: 4 | loss: 0.0683864
	speed: 0.0058s/iter; time left: 51.0443s
	iters: 400, epoch: 4 | loss: 0.0003339
	speed: 0.0052s/iter; time left: 44.8755s
	iters: 500, epoch: 4 | loss: 0.0660177
	speed: 0.0055s/iter; time left: 47.2754s
	iters: 600, epoch: 4 | loss: 0.0415451
	speed: 0.0052s/iter; time left: 43.9790s
	iters: 700, epoch: 4 | loss: 0.0037464
	speed: 0.0059s/iter; time left: 48.8742s
	iters: 800, epoch: 4 | loss: 0.1327761
	speed: 0.0052s/iter; time left: 42.7802s
	iters: 900, epoch: 4 | loss: 0.0161370
	speed: 0.0050s/iter; time left: 40.4566s
	iters: 1000, epoch: 4 | loss: 0.0169440
	speed: 0.0047s/iter; time left: 37.8156s
	iters: 1100, epoch: 4 | loss: 0.0266857
	speed: 0.0049s/iter; time left: 39.0105s
	iters: 1200, epoch: 4 | loss: 0.0399140
	speed: 0.0049s/iter; time left: 38.1190s
Epoch: 4 cost time: 7.1 seconds
Epoch: 4, Steps: 1291 | Train Loss: 0.0559409 Vali Loss: 1.4074560 Test Loss: 8.6799402
EarlyStopping counter: 1 out of 3
Updating learning rate to 6.25e-05
	iters: 100, epoch: 5 | loss: 0.1152810
	speed: 0.0365s/iter; time left: 278.7629s
	iters: 200, epoch: 5 | loss: 0.0208760
	speed: 0.0067s/iter; time left: 50.8267s
	iters: 300, epoch: 5 | loss: 0.0103137
	speed: 0.0066s/iter; time left: 49.2782s
	iters: 400, epoch: 5 | loss: 0.0910708
	speed: 0.0058s/iter; time left: 42.4269s
	iters: 500, epoch: 5 | loss: 0.0017939
	speed: 0.0053s/iter; time left: 38.2402s
	iters: 600, epoch: 5 | loss: 0.0870991
	speed: 0.0061s/iter; time left: 43.6618s
	iters: 700, epoch: 5 | loss: 0.0344983
	speed: 0.0054s/iter; time left: 37.7185s
	iters: 800, epoch: 5 | loss: 0.1683135
	speed: 0.0048s/iter; time left: 33.3121s
	iters: 900, epoch: 5 | loss: 0.0614349
	speed: 0.0056s/iter; time left: 38.1659s
	iters: 1000, epoch: 5 | loss: 0.0143201
	speed: 0.0054s/iter; time left: 36.3595s
	iters: 1100, epoch: 5 | loss: 0.0940457
	speed: 0.0052s/iter; time left: 34.4065s
	iters: 1200, epoch: 5 | loss: 0.0854140
	speed: 0.0047s/iter; time left: 30.7676s
Epoch: 5 cost time: 7.5 seconds
Epoch: 5, Steps: 1291 | Train Loss: 0.0556408 Vali Loss: 1.4013124 Test Loss: 8.6735191
Validation loss decreased (1.404869 --> 1.401312).  Saving model ...
Updating learning rate to 3.125e-05
	iters: 100, epoch: 6 | loss: 0.0179416
	speed: 0.0412s/iter; time left: 261.6825s
	iters: 200, epoch: 6 | loss: 0.0394377
	speed: 0.0049s/iter; time left: 30.8670s
	iters: 300, epoch: 6 | loss: 0.0727165
	speed: 0.0050s/iter; time left: 30.6707s
	iters: 400, epoch: 6 | loss: 0.0110591
	speed: 0.0054s/iter; time left: 32.7459s
	iters: 500, epoch: 6 | loss: 0.0052362
	speed: 0.0055s/iter; time left: 32.9755s
	iters: 600, epoch: 6 | loss: 0.0673990
	speed: 0.0050s/iter; time left: 29.4892s
	iters: 700, epoch: 6 | loss: 0.0876604
	speed: 0.0053s/iter; time left: 30.7453s
	iters: 800, epoch: 6 | loss: 0.0240906
	speed: 0.0054s/iter; time left: 30.5038s
	iters: 900, epoch: 6 | loss: 0.0373648
	speed: 0.0053s/iter; time left: 29.5808s
	iters: 1000, epoch: 6 | loss: 0.0132919
	speed: 0.0051s/iter; time left: 28.0196s
	iters: 1100, epoch: 6 | loss: 0.0492727
	speed: 0.0051s/iter; time left: 27.3528s
	iters: 1200, epoch: 6 | loss: 0.0178128
	speed: 0.0049s/iter; time left: 25.8121s
Epoch: 6 cost time: 7.1 seconds
Epoch: 6, Steps: 1291 | Train Loss: 0.0555033 Vali Loss: 1.3982478 Test Loss: 8.6620102
Validation loss decreased (1.401312 --> 1.398248).  Saving model ...
Updating learning rate to 1.5625e-05
	iters: 100, epoch: 7 | loss: 0.0310583
	speed: 0.0397s/iter; time left: 200.9160s
	iters: 200, epoch: 7 | loss: 0.0220849
	speed: 0.0053s/iter; time left: 26.2707s
	iters: 300, epoch: 7 | loss: 0.1081097
	speed: 0.0051s/iter; time left: 24.5872s
	iters: 400, epoch: 7 | loss: 0.1098341
	speed: 0.0062s/iter; time left: 29.4289s
	iters: 500, epoch: 7 | loss: 0.0652602
	speed: 0.0051s/iter; time left: 23.7377s
	iters: 600, epoch: 7 | loss: 0.0418556
	speed: 0.0051s/iter; time left: 23.1529s
	iters: 700, epoch: 7 | loss: 0.1187843
	speed: 0.0051s/iter; time left: 22.9428s
	iters: 800, epoch: 7 | loss: 0.0243434
	speed: 0.0052s/iter; time left: 22.8315s
	iters: 900, epoch: 7 | loss: 0.2424353
	speed: 0.0053s/iter; time left: 22.5904s
	iters: 1000, epoch: 7 | loss: 0.0303343
	speed: 0.0050s/iter; time left: 20.7577s
	iters: 1100, epoch: 7 | loss: 0.0821874
	speed: 0.0048s/iter; time left: 19.3561s
	iters: 1200, epoch: 7 | loss: 0.0503108
	speed: 0.0052s/iter; time left: 20.4261s
Epoch: 7 cost time: 7.1 seconds
Epoch: 7, Steps: 1291 | Train Loss: 0.0554296 Vali Loss: 1.3926473 Test Loss: 8.6577549
Validation loss decreased (1.398248 --> 1.392647).  Saving model ...
Updating learning rate to 7.8125e-06
	iters: 100, epoch: 8 | loss: 0.0491794
	speed: 0.0401s/iter; time left: 151.3555s
	iters: 200, epoch: 8 | loss: 0.0760683
	speed: 0.0048s/iter; time left: 17.7044s
	iters: 300, epoch: 8 | loss: 0.0039078
	speed: 0.0051s/iter; time left: 18.2609s
	iters: 400, epoch: 8 | loss: 0.0069170
	speed: 0.0054s/iter; time left: 18.7468s
	iters: 500, epoch: 8 | loss: 0.0518785
	speed: 0.0051s/iter; time left: 17.2617s
	iters: 600, epoch: 8 | loss: 0.0084216
	speed: 0.0051s/iter; time left: 16.7454s
	iters: 700, epoch: 8 | loss: 0.1779962
	speed: 0.0053s/iter; time left: 16.9496s
	iters: 800, epoch: 8 | loss: 0.0083191
	speed: 0.0048s/iter; time left: 14.7288s
	iters: 900, epoch: 8 | loss: 0.0125197
	speed: 0.0051s/iter; time left: 15.2796s
	iters: 1000, epoch: 8 | loss: 0.0208363
	speed: 0.0054s/iter; time left: 15.5166s
	iters: 1100, epoch: 8 | loss: 0.1037541
	speed: 0.0054s/iter; time left: 14.9892s
	iters: 1200, epoch: 8 | loss: 0.0022174
	speed: 0.0054s/iter; time left: 14.4792s
Epoch: 8 cost time: 6.9 seconds
Epoch: 8, Steps: 1291 | Train Loss: 0.0553957 Vali Loss: 1.3984795 Test Loss: 8.6557198
EarlyStopping counter: 1 out of 3
Updating learning rate to 3.90625e-06
	iters: 100, epoch: 9 | loss: 0.0742049
	speed: 0.0382s/iter; time left: 94.7970s
	iters: 200, epoch: 9 | loss: 0.0305695
	speed: 0.0050s/iter; time left: 11.9532s
	iters: 300, epoch: 9 | loss: 0.0201163
	speed: 0.0048s/iter; time left: 11.0567s
	iters: 400, epoch: 9 | loss: 0.0088426
	speed: 0.0049s/iter; time left: 10.7207s
	iters: 500, epoch: 9 | loss: 0.0203169
	speed: 0.0049s/iter; time left: 10.1584s
	iters: 600, epoch: 9 | loss: 0.1381716
	speed: 0.0047s/iter; time left: 9.3919s
	iters: 700, epoch: 9 | loss: 0.0101366
	speed: 0.0048s/iter; time left: 9.0312s
	iters: 800, epoch: 9 | loss: 0.0184669
	speed: 0.0051s/iter; time left: 9.1079s
	iters: 900, epoch: 9 | loss: 0.0857708
	speed: 0.0054s/iter; time left: 9.1213s
	iters: 1000, epoch: 9 | loss: 0.0011626
	speed: 0.0051s/iter; time left: 7.9981s
	iters: 1100, epoch: 9 | loss: 0.0093920
	speed: 0.0053s/iter; time left: 7.9284s
	iters: 1200, epoch: 9 | loss: 0.0771055
	speed: 0.0053s/iter; time left: 7.2936s
Epoch: 9 cost time: 7.1 seconds
Epoch: 9, Steps: 1291 | Train Loss: 0.0553486 Vali Loss: 1.3963014 Test Loss: 8.6543970
EarlyStopping counter: 2 out of 3
Updating learning rate to 1.953125e-06
	iters: 100, epoch: 10 | loss: 0.0352814
	speed: 0.0447s/iter; time left: 53.3413s
	iters: 200, epoch: 10 | loss: 0.0063433
	speed: 0.0051s/iter; time left: 5.5730s
	iters: 300, epoch: 10 | loss: 0.0537173
	speed: 0.0052s/iter; time left: 5.1481s
	iters: 400, epoch: 10 | loss: 0.0106585
	speed: 0.0053s/iter; time left: 4.7258s
	iters: 500, epoch: 10 | loss: 0.0134868
	speed: 0.0054s/iter; time left: 4.2753s
	iters: 600, epoch: 10 | loss: 0.0052151
	speed: 0.0054s/iter; time left: 3.7078s
	iters: 700, epoch: 10 | loss: 0.0264955
	speed: 0.0050s/iter; time left: 2.9540s
	iters: 800, epoch: 10 | loss: 0.0572051
	speed: 0.0053s/iter; time left: 2.6126s
	iters: 900, epoch: 10 | loss: 0.0033685
	speed: 0.0054s/iter; time left: 2.1072s
	iters: 1000, epoch: 10 | loss: 0.0236047
	speed: 0.0055s/iter; time left: 1.5923s
	iters: 1100, epoch: 10 | loss: 0.0345687
	speed: 0.0049s/iter; time left: 0.9480s
	iters: 1200, epoch: 10 | loss: 0.0400900
	speed: 0.0059s/iter; time left: 0.5390s
Epoch: 10 cost time: 7.2 seconds
Epoch: 10, Steps: 1291 | Train Loss: 0.0553280 Vali Loss: 1.3990086 Test Loss: 8.6537580
EarlyStopping counter: 3 out of 3
Early stopping
>>>>>>>testing : FITS_GD_336_336_MS_channels_6_FITS_MS_channels_6<<<<<<<<<<<<<<<<<<<<<<<<<<<<<<<<<
test 2809
FITS_GD_336_336_MS_channels_6_FITS_MS_channels_6
Shapes: pred (2808, 336, 1), true (2808, 336, 1), naive_pred (2808, 336, 1)
Shapes: gt (351, 672), pd (351, 672), naive_pd (351, 672)
Final Metrics:
FITS         MSE: 8.657758   MAE: 2.267265   SE: 16.092201  RRMSE: 0.191019   RMAE: 0.147189   (numpy)
FITS         MSE: 8.657756   MAE: 2.267265   SE: 16.092201  RRMSE: 0.191019   RMAE: 0.147189   (torch)

Repeat       MSE: 7.578791   MAE: 2.093492   SE: 17.440411  RRMSE: 0.178721   RMAE: 0.135908   (numpy)
Repeat       MSE: 7.578791   MAE: 2.093491   SE: 17.440411  RRMSE: 0.178721   RMAE: 0.135908   (torch)


Model(
  (fits): FITS(
    (frequency_upsampler): Linear(in_features=168, out_features=336, bias=True)
  )
)
