Args in experiment:
Namespace(is_training=1, model_id='FITS_100_GD_336_192_MS_channels_6', model='FITS_100', data='custom', root_path='./dataset/', data_path='GD.csv', features='MS', target='Adj Close', freq='h', checkpoints='./checkpoints/', seq_len=336, label_len=48, pred_len=192, individual=False, embed_type=0, enc_in=6, dec_in=7, c_out=7, d_model=512, n_heads=8, e_layers=2, d_layers=1, d_ff=2048, moving_avg=25, factor=1, distil=True, dropout=0.05, embed='timeF', activation='gelu', output_attention=False, do_predict=False, num_workers=10, itr=1, train_epochs=10, batch_size=8, patience=3, learning_rate=0.0005, des='Exp', loss='mse', lradj='type1', use_amp=False, use_gpu=True, gpu=0, use_multi_gpu=False, devices='0,1,2,3', test_flop=False)
FITS_100_GD_336_192_MS_channels_6_FITS_100_MS_channels_6
Using GPU: NVIDIA GeForce RTX 4070 (cuda:0):
>>>>>>>start training : FITS_100_GD_336_192_MS_channels_6_FITS_100_MS_channels_6>>>>>>>>>>>>>>>>>>>>>>>>>>
train 10479
val 1383
test 2953
	iters: 100, epoch: 1 | loss: 0.0009935
	speed: 0.0197s/iter; time left: 256.5200s
	iters: 200, epoch: 1 | loss: 0.0011764
	speed: 0.0057s/iter; time left: 72.9301s
	iters: 300, epoch: 1 | loss: 0.0696822
	speed: 0.0062s/iter; time left: 79.8105s
	iters: 400, epoch: 1 | loss: 0.1091212
	speed: 0.0052s/iter; time left: 66.1194s
	iters: 500, epoch: 1 | loss: 0.0791912
	speed: 0.0053s/iter; time left: 67.0488s
	iters: 600, epoch: 1 | loss: 0.0500634
	speed: 0.0059s/iter; time left: 73.4915s
	iters: 700, epoch: 1 | loss: 0.0488405
	speed: 0.0059s/iter; time left: 73.0795s
	iters: 800, epoch: 1 | loss: 0.0322881
	speed: 0.0059s/iter; time left: 72.5629s
	iters: 900, epoch: 1 | loss: 0.0530123
	speed: 0.0061s/iter; time left: 74.6646s
	iters: 1000, epoch: 1 | loss: 0.1300657
	speed: 0.0061s/iter; time left: 73.1817s
	iters: 1100, epoch: 1 | loss: 0.0440817
	speed: 0.0060s/iter; time left: 72.0083s
	iters: 1200, epoch: 1 | loss: 0.0063622
	speed: 0.0057s/iter; time left: 68.1758s
	iters: 1300, epoch: 1 | loss: 0.0650095
	speed: 0.0060s/iter; time left: 70.5240s
Epoch: 1 cost time: 8.6 seconds
Epoch: 1, Steps: 1309 | Train Loss: 0.0417137 Vali Loss: 0.9623857 Test Loss: 5.0761442
Validation loss decreased (inf --> 0.962386).  Saving model ...
Updating learning rate to 0.0005
	iters: 100, epoch: 2 | loss: 0.0412880
	speed: 0.0381s/iter; time left: 444.5640s
	iters: 200, epoch: 2 | loss: 0.0636198
	speed: 0.0050s/iter; time left: 58.2231s
	iters: 300, epoch: 2 | loss: 0.0178769
	speed: 0.0053s/iter; time left: 60.3513s
	iters: 400, epoch: 2 | loss: 0.0478103
	speed: 0.0052s/iter; time left: 59.3365s
	iters: 500, epoch: 2 | loss: 0.0295710
	speed: 0.0051s/iter; time left: 57.4136s
	iters: 600, epoch: 2 | loss: 0.0204951
	speed: 0.0054s/iter; time left: 60.8276s
	iters: 700, epoch: 2 | loss: 0.0165181
	speed: 0.0062s/iter; time left: 68.5821s
	iters: 800, epoch: 2 | loss: 0.0295925
	speed: 0.0059s/iter; time left: 65.2614s
	iters: 900, epoch: 2 | loss: 0.0048565
	speed: 0.0057s/iter; time left: 62.0474s
	iters: 1000, epoch: 2 | loss: 0.0007880
	speed: 0.0048s/iter; time left: 51.8858s
	iters: 1100, epoch: 2 | loss: 0.0553687
	speed: 0.0049s/iter; time left: 52.0367s
	iters: 1200, epoch: 2 | loss: 0.0029856
	speed: 0.0055s/iter; time left: 58.2284s
	iters: 1300, epoch: 2 | loss: 0.0111126
	speed: 0.0056s/iter; time left: 59.1980s
Epoch: 2 cost time: 7.3 seconds
Epoch: 2, Steps: 1309 | Train Loss: 0.0341926 Vali Loss: 0.9469562 Test Loss: 4.7578206
Validation loss decreased (0.962386 --> 0.946956).  Saving model ...
Updating learning rate to 0.00025
	iters: 100, epoch: 3 | loss: 0.0228787
	speed: 0.0338s/iter; time left: 350.6191s
	iters: 200, epoch: 3 | loss: 0.0037916
	speed: 0.0049s/iter; time left: 49.9401s
	iters: 300, epoch: 3 | loss: 0.0042950
	speed: 0.0049s/iter; time left: 49.4426s
	iters: 400, epoch: 3 | loss: 0.0209306
	speed: 0.0049s/iter; time left: 49.6944s
	iters: 500, epoch: 3 | loss: 0.0016139
	speed: 0.0050s/iter; time left: 49.4165s
	iters: 600, epoch: 3 | loss: 0.0524061
	speed: 0.0048s/iter; time left: 47.5700s
	iters: 700, epoch: 3 | loss: 0.0371821
	speed: 0.0047s/iter; time left: 45.8764s
	iters: 800, epoch: 3 | loss: 0.0486642
	speed: 0.0048s/iter; time left: 46.0232s
	iters: 900, epoch: 3 | loss: 0.1546919
	speed: 0.0048s/iter; time left: 46.1554s
	iters: 1000, epoch: 3 | loss: 0.1026094
	speed: 0.0049s/iter; time left: 45.9514s
	iters: 1100, epoch: 3 | loss: 0.0016885
	speed: 0.0049s/iter; time left: 46.2256s
	iters: 1200, epoch: 3 | loss: 0.1138665
	speed: 0.0047s/iter; time left: 43.6090s
	iters: 1300, epoch: 3 | loss: 0.0335394
	speed: 0.0046s/iter; time left: 42.5925s
Epoch: 3 cost time: 6.6 seconds
Epoch: 3, Steps: 1309 | Train Loss: 0.0324184 Vali Loss: 0.9145575 Test Loss: 4.7899523
Validation loss decreased (0.946956 --> 0.914558).  Saving model ...
Updating learning rate to 0.000125
	iters: 100, epoch: 4 | loss: 0.0010539
	speed: 0.0377s/iter; time left: 341.3602s
	iters: 200, epoch: 4 | loss: 0.0316638
	speed: 0.0057s/iter; time left: 50.7401s
	iters: 300, epoch: 4 | loss: 0.0583708
	speed: 0.0065s/iter; time left: 57.9188s
	iters: 400, epoch: 4 | loss: 0.0389689
	speed: 0.0062s/iter; time left: 54.7366s
	iters: 500, epoch: 4 | loss: 0.0975317
	speed: 0.0061s/iter; time left: 53.0497s
	iters: 600, epoch: 4 | loss: 0.0196439
	speed: 0.0064s/iter; time left: 55.1570s
	iters: 700, epoch: 4 | loss: 0.0380687
	speed: 0.0062s/iter; time left: 52.8798s
	iters: 800, epoch: 4 | loss: 0.0789402
	speed: 0.0059s/iter; time left: 49.5867s
	iters: 900, epoch: 4 | loss: 0.0822410
	speed: 0.0060s/iter; time left: 49.2038s
	iters: 1000, epoch: 4 | loss: 0.0377833
	speed: 0.0061s/iter; time left: 49.5813s
	iters: 1100, epoch: 4 | loss: 0.0042797
	speed: 0.0060s/iter; time left: 48.0611s
	iters: 1200, epoch: 4 | loss: 0.0241505
	speed: 0.0060s/iter; time left: 47.6979s
	iters: 1300, epoch: 4 | loss: 0.0274773
	speed: 0.0061s/iter; time left: 47.7126s
Epoch: 4 cost time: 8.2 seconds
Epoch: 4, Steps: 1309 | Train Loss: 0.0318589 Vali Loss: 0.9144298 Test Loss: 4.7406054
Validation loss decreased (0.914558 --> 0.914430).  Saving model ...
Updating learning rate to 6.25e-05
	iters: 100, epoch: 5 | loss: 0.0052420
	speed: 0.0432s/iter; time left: 335.2372s
	iters: 200, epoch: 5 | loss: 0.0017566
	speed: 0.0063s/iter; time left: 47.8677s
	iters: 300, epoch: 5 | loss: 0.1018699
	speed: 0.0060s/iter; time left: 45.4823s
	iters: 400, epoch: 5 | loss: 0.0045670
	speed: 0.0059s/iter; time left: 44.2783s
	iters: 500, epoch: 5 | loss: 0.0026151
	speed: 0.0061s/iter; time left: 44.9176s
	iters: 600, epoch: 5 | loss: 0.0293357
	speed: 0.0060s/iter; time left: 43.4657s
	iters: 700, epoch: 5 | loss: 0.0062927
	speed: 0.0061s/iter; time left: 43.3496s
	iters: 800, epoch: 5 | loss: 0.1341558
	speed: 0.0062s/iter; time left: 43.9886s
	iters: 900, epoch: 5 | loss: 0.0436699
	speed: 0.0064s/iter; time left: 44.6594s
	iters: 1000, epoch: 5 | loss: 0.0231398
	speed: 0.0056s/iter; time left: 38.6835s
	iters: 1100, epoch: 5 | loss: 0.0350508
	speed: 0.0054s/iter; time left: 36.7122s
	iters: 1200, epoch: 5 | loss: 0.0307514
	speed: 0.0057s/iter; time left: 37.9836s
	iters: 1300, epoch: 5 | loss: 0.0274693
	speed: 0.0061s/iter; time left: 40.1601s
Epoch: 5 cost time: 8.2 seconds
Epoch: 5, Steps: 1309 | Train Loss: 0.0316038 Vali Loss: 0.9062449 Test Loss: 4.7376056
Validation loss decreased (0.914430 --> 0.906245).  Saving model ...
Updating learning rate to 3.125e-05
	iters: 100, epoch: 6 | loss: 0.0035913
	speed: 0.0408s/iter; time left: 262.9051s
	iters: 200, epoch: 6 | loss: 0.0021699
	speed: 0.0061s/iter; time left: 38.4471s
	iters: 300, epoch: 6 | loss: 0.0431927
	speed: 0.0061s/iter; time left: 38.3567s
	iters: 400, epoch: 6 | loss: 0.0146674
	speed: 0.0065s/iter; time left: 39.6713s
	iters: 500, epoch: 6 | loss: 0.0114658
	speed: 0.0061s/iter; time left: 36.8795s
	iters: 600, epoch: 6 | loss: 0.0560101
	speed: 0.0063s/iter; time left: 37.5070s
	iters: 700, epoch: 6 | loss: 0.0286495
	speed: 0.0055s/iter; time left: 31.8831s
	iters: 800, epoch: 6 | loss: 0.0785203
	speed: 0.0051s/iter; time left: 29.4032s
	iters: 900, epoch: 6 | loss: 0.0534096
	speed: 0.0050s/iter; time left: 28.1012s
	iters: 1000, epoch: 6 | loss: 0.0021826
	speed: 0.0053s/iter; time left: 29.4517s
	iters: 1100, epoch: 6 | loss: 0.0031767
	speed: 0.0061s/iter; time left: 33.1656s
	iters: 1200, epoch: 6 | loss: 0.0080000
	speed: 0.0059s/iter; time left: 31.5836s
	iters: 1300, epoch: 6 | loss: 0.0078297
	speed: 0.0058s/iter; time left: 30.3854s
Epoch: 6 cost time: 7.9 seconds
Epoch: 6, Steps: 1309 | Train Loss: 0.0314882 Vali Loss: 0.9113110 Test Loss: 4.7333474
EarlyStopping counter: 1 out of 3
Updating learning rate to 1.5625e-05
	iters: 100, epoch: 7 | loss: 0.0013998
	speed: 0.0341s/iter; time left: 175.3025s
	iters: 200, epoch: 7 | loss: 0.0512093
	speed: 0.0051s/iter; time left: 25.4744s
	iters: 300, epoch: 7 | loss: 0.0054214
	speed: 0.0049s/iter; time left: 24.0402s
	iters: 400, epoch: 7 | loss: 0.0508882
	speed: 0.0049s/iter; time left: 23.6556s
	iters: 500, epoch: 7 | loss: 0.0393814
	speed: 0.0049s/iter; time left: 23.1162s
	iters: 600, epoch: 7 | loss: 0.0187657
	speed: 0.0049s/iter; time left: 22.6861s
	iters: 700, epoch: 7 | loss: 0.0212781
	speed: 0.0049s/iter; time left: 22.2343s
	iters: 800, epoch: 7 | loss: 0.0129750
	speed: 0.0048s/iter; time left: 21.4771s
	iters: 900, epoch: 7 | loss: 0.0377973
	speed: 0.0047s/iter; time left: 20.2425s
	iters: 1000, epoch: 7 | loss: 0.0307493
	speed: 0.0048s/iter; time left: 20.5434s
	iters: 1100, epoch: 7 | loss: 0.0287800
	speed: 0.0047s/iter; time left: 19.6436s
	iters: 1200, epoch: 7 | loss: 0.0240869
	speed: 0.0050s/iter; time left: 20.2618s
	iters: 1300, epoch: 7 | loss: 0.0580526
	speed: 0.0055s/iter; time left: 21.5119s
Epoch: 7 cost time: 6.7 seconds
Epoch: 7, Steps: 1309 | Train Loss: 0.0314223 Vali Loss: 0.9065941 Test Loss: 4.7316723
EarlyStopping counter: 2 out of 3
Updating learning rate to 7.8125e-06
	iters: 100, epoch: 8 | loss: 0.0586579
	speed: 0.0383s/iter; time left: 146.6968s
	iters: 200, epoch: 8 | loss: 0.0423651
	speed: 0.0049s/iter; time left: 18.2497s
	iters: 300, epoch: 8 | loss: 0.0049747
	speed: 0.0047s/iter; time left: 16.9701s
	iters: 400, epoch: 8 | loss: 0.0337538
	speed: 0.0049s/iter; time left: 17.1870s
	iters: 500, epoch: 8 | loss: 0.0192015
	speed: 0.0047s/iter; time left: 16.2342s
	iters: 600, epoch: 8 | loss: 0.0120248
	speed: 0.0048s/iter; time left: 15.9903s
	iters: 700, epoch: 8 | loss: 0.0679899
	speed: 0.0048s/iter; time left: 15.5736s
	iters: 800, epoch: 8 | loss: 0.0068454
	speed: 0.0048s/iter; time left: 15.0875s
	iters: 900, epoch: 8 | loss: 0.0259658
	speed: 0.0047s/iter; time left: 14.1722s
	iters: 1000, epoch: 8 | loss: 0.0052746
	speed: 0.0047s/iter; time left: 13.7639s
	iters: 1100, epoch: 8 | loss: 0.1073142
	speed: 0.0048s/iter; time left: 13.5438s
	iters: 1200, epoch: 8 | loss: 0.0063980
	speed: 0.0050s/iter; time left: 13.7735s
	iters: 1300, epoch: 8 | loss: 0.0316807
	speed: 0.0051s/iter; time left: 13.2793s
Epoch: 8 cost time: 6.6 seconds
Epoch: 8, Steps: 1309 | Train Loss: 0.0313966 Vali Loss: 0.9111223 Test Loss: 4.7305832
EarlyStopping counter: 3 out of 3
Early stopping
>>>>>>>testing : FITS_100_GD_336_192_MS_channels_6_FITS_100_MS_channels_6<<<<<<<<<<<<<<<<<<<<<<<<<<<<<<<<<
test 2953
FITS_100_GD_336_192_MS_channels_6_FITS_100_MS_channels_6
Shapes: pred (2952, 192, 1), true (2952, 192, 1), naive_pred (2952, 192, 1)
Shapes: gt (369, 528), pd (369, 528), naive_pd (369, 528)
Final Metrics:
FITS_100     MSE: 4.737605   MAE: 1.642322   SE: 10.412118  RRMSE: 0.141453   RMAE: 0.106731   (numpy)
FITS_100     MSE: 4.737605   MAE: 1.642322   SE: 10.412118  RRMSE: 0.141453   RMAE: 0.106731   (torch)

Repeat       MSE: 4.300982   MAE: 1.530693   SE: 9.897922   RRMSE: 0.134778   RMAE: 0.099477   (numpy)
Repeat       MSE: 4.300982   MAE: 1.530692   SE: 9.897922   RRMSE: 0.134778   RMAE: 0.099477   (torch)


Model(
  (fits): FITS(
    (frequency_upsampler): Linear(in_features=100, out_features=157, bias=True)
  )
)
