Args in experiment:
Namespace(is_training=1, model_id='FITS_GD_336_192_MS_channels_6', model='FITS', data='custom', root_path='./dataset/', data_path='GD.csv', features='MS', target='Adj Close', freq='h', checkpoints='./checkpoints/', seq_len=336, label_len=48, pred_len=192, individual=False, embed_type=0, enc_in=6, dec_in=7, c_out=7, d_model=512, n_heads=8, e_layers=2, d_layers=1, d_ff=2048, moving_avg=25, factor=1, distil=True, dropout=0.05, embed='timeF', activation='gelu', output_attention=False, do_predict=False, num_workers=10, itr=1, train_epochs=10, batch_size=8, patience=3, learning_rate=0.0005, des='Exp', loss='mse', lradj='type1', use_amp=False, use_gpu=True, gpu=0, use_multi_gpu=False, devices='0,1,2,3', test_flop=False)
FITS_GD_336_192_MS_channels_6_FITS_MS_channels_6
Using GPU: NVIDIA GeForce RTX 4070 (cuda:0):
>>>>>>>start training : FITS_GD_336_192_MS_channels_6_FITS_MS_channels_6>>>>>>>>>>>>>>>>>>>>>>>>>>
train 10479
val 1383
test 2953
	iters: 100, epoch: 1 | loss: 0.0033822
	speed: 0.0185s/iter; time left: 240.3605s
	iters: 200, epoch: 1 | loss: 0.0087621
	speed: 0.0049s/iter; time left: 62.9650s
	iters: 300, epoch: 1 | loss: 0.0559070
	speed: 0.0048s/iter; time left: 61.9429s
	iters: 400, epoch: 1 | loss: 0.0011870
	speed: 0.0050s/iter; time left: 63.7077s
	iters: 500, epoch: 1 | loss: 0.0333960
	speed: 0.0049s/iter; time left: 62.2451s
	iters: 600, epoch: 1 | loss: 0.0011626
	speed: 0.0050s/iter; time left: 62.3115s
	iters: 700, epoch: 1 | loss: 0.0676289
	speed: 0.0053s/iter; time left: 66.0105s
	iters: 800, epoch: 1 | loss: 0.0464049
	speed: 0.0051s/iter; time left: 62.2280s
	iters: 900, epoch: 1 | loss: 0.0847911
	speed: 0.0053s/iter; time left: 64.2591s
	iters: 1000, epoch: 1 | loss: 0.0343151
	speed: 0.0054s/iter; time left: 65.4996s
	iters: 1100, epoch: 1 | loss: 0.0038235
	speed: 0.0054s/iter; time left: 64.3105s
	iters: 1200, epoch: 1 | loss: 0.0217085
	speed: 0.0053s/iter; time left: 63.4245s
	iters: 1300, epoch: 1 | loss: 0.0163332
	speed: 0.0052s/iter; time left: 61.5658s
Epoch: 1 cost time: 7.7 seconds
Epoch: 1, Steps: 1309 | Train Loss: 0.0480535 Vali Loss: 1.0242934 Test Loss: 5.8081994
Validation loss decreased (inf --> 1.024293).  Saving model ...
Updating learning rate to 0.0005
	iters: 100, epoch: 2 | loss: 0.0232506
	speed: 0.0368s/iter; time left: 430.0814s
	iters: 200, epoch: 2 | loss: 0.0430843
	speed: 0.0059s/iter; time left: 68.1722s
	iters: 300, epoch: 2 | loss: 0.0338915
	speed: 0.0058s/iter; time left: 66.9291s
	iters: 400, epoch: 2 | loss: 0.0780711
	speed: 0.0058s/iter; time left: 66.5150s
	iters: 500, epoch: 2 | loss: 0.0273493
	speed: 0.0057s/iter; time left: 64.2480s
	iters: 600, epoch: 2 | loss: 0.0658435
	speed: 0.0056s/iter; time left: 62.2694s
	iters: 700, epoch: 2 | loss: 0.0679467
	speed: 0.0057s/iter; time left: 62.9166s
	iters: 800, epoch: 2 | loss: 0.0089302
	speed: 0.0059s/iter; time left: 65.0001s
	iters: 900, epoch: 2 | loss: 0.0669534
	speed: 0.0060s/iter; time left: 64.8170s
	iters: 1000, epoch: 2 | loss: 0.0345272
	speed: 0.0058s/iter; time left: 62.6714s
	iters: 1100, epoch: 2 | loss: 0.0183116
	speed: 0.0060s/iter; time left: 63.6026s
	iters: 1200, epoch: 2 | loss: 0.0174686
	speed: 0.0060s/iter; time left: 63.4094s
	iters: 1300, epoch: 2 | loss: 0.0362793
	speed: 0.0058s/iter; time left: 60.6982s
Epoch: 2 cost time: 7.9 seconds
Epoch: 2, Steps: 1309 | Train Loss: 0.0379780 Vali Loss: 0.9663961 Test Loss: 5.3243060
Validation loss decreased (1.024293 --> 0.966396).  Saving model ...
Updating learning rate to 0.00025
	iters: 100, epoch: 3 | loss: 0.0396903
	speed: 0.0372s/iter; time left: 386.1058s
	iters: 200, epoch: 3 | loss: 0.0341435
	speed: 0.0058s/iter; time left: 59.3032s
	iters: 300, epoch: 3 | loss: 0.0602048
	speed: 0.0053s/iter; time left: 54.0827s
	iters: 400, epoch: 3 | loss: 0.0805493
	speed: 0.0053s/iter; time left: 52.9485s
	iters: 500, epoch: 3 | loss: 0.0258916
	speed: 0.0055s/iter; time left: 54.8527s
	iters: 600, epoch: 3 | loss: 0.0190109
	speed: 0.0054s/iter; time left: 52.9364s
	iters: 700, epoch: 3 | loss: 0.0655483
	speed: 0.0055s/iter; time left: 53.5348s
	iters: 800, epoch: 3 | loss: 0.0632167
	speed: 0.0053s/iter; time left: 51.0128s
	iters: 900, epoch: 3 | loss: 0.0433571
	speed: 0.0057s/iter; time left: 54.1070s
	iters: 1000, epoch: 3 | loss: 0.0003215
	speed: 0.0056s/iter; time left: 52.6526s
	iters: 1100, epoch: 3 | loss: 0.0015103
	speed: 0.0054s/iter; time left: 50.6291s
	iters: 1200, epoch: 3 | loss: 0.0097070
	speed: 0.0057s/iter; time left: 53.0831s
	iters: 1300, epoch: 3 | loss: 0.0289867
	speed: 0.0056s/iter; time left: 51.5443s
Epoch: 3 cost time: 7.5 seconds
Epoch: 3, Steps: 1309 | Train Loss: 0.0357336 Vali Loss: 0.9501973 Test Loss: 5.2255807
Validation loss decreased (0.966396 --> 0.950197).  Saving model ...
Updating learning rate to 0.000125
	iters: 100, epoch: 4 | loss: 0.0045038
	speed: 0.0363s/iter; time left: 329.3015s
	iters: 200, epoch: 4 | loss: 0.0692269
	speed: 0.0058s/iter; time left: 51.7332s
	iters: 300, epoch: 4 | loss: 0.0107951
	speed: 0.0058s/iter; time left: 51.5374s
	iters: 400, epoch: 4 | loss: 0.0012961
	speed: 0.0056s/iter; time left: 48.7340s
	iters: 500, epoch: 4 | loss: 0.0505307
	speed: 0.0057s/iter; time left: 49.1693s
	iters: 600, epoch: 4 | loss: 0.0399274
	speed: 0.0056s/iter; time left: 48.2656s
	iters: 700, epoch: 4 | loss: 0.0032148
	speed: 0.0057s/iter; time left: 47.9998s
	iters: 800, epoch: 4 | loss: 0.0532693
	speed: 0.0059s/iter; time left: 49.0310s
	iters: 900, epoch: 4 | loss: 0.0383312
	speed: 0.0058s/iter; time left: 48.1419s
	iters: 1000, epoch: 4 | loss: 0.0416599
	speed: 0.0056s/iter; time left: 45.3427s
	iters: 1100, epoch: 4 | loss: 0.0009101
	speed: 0.0058s/iter; time left: 47.1651s
	iters: 1200, epoch: 4 | loss: 0.0242947
	speed: 0.0058s/iter; time left: 46.5174s
	iters: 1300, epoch: 4 | loss: 0.0258732
	speed: 0.0059s/iter; time left: 46.6721s
Epoch: 4 cost time: 7.8 seconds
Epoch: 4, Steps: 1309 | Train Loss: 0.0349689 Vali Loss: 0.9416999 Test Loss: 5.1851296
Validation loss decreased (0.950197 --> 0.941700).  Saving model ...
Updating learning rate to 6.25e-05
	iters: 100, epoch: 5 | loss: 0.0276982
	speed: 0.0375s/iter; time left: 290.9040s
	iters: 200, epoch: 5 | loss: 0.0117044
	speed: 0.0061s/iter; time left: 46.9118s
	iters: 300, epoch: 5 | loss: 0.0462959
	speed: 0.0060s/iter; time left: 45.3605s
	iters: 400, epoch: 5 | loss: 0.0013603
	speed: 0.0067s/iter; time left: 49.9729s
	iters: 500, epoch: 5 | loss: 0.0176503
	speed: 0.0058s/iter; time left: 42.8074s
	iters: 600, epoch: 5 | loss: 0.0237244
	speed: 0.0059s/iter; time left: 43.0479s
	iters: 700, epoch: 5 | loss: 0.0029092
	speed: 0.0058s/iter; time left: 41.2183s
	iters: 800, epoch: 5 | loss: 0.0065394
	speed: 0.0056s/iter; time left: 39.6864s
	iters: 900, epoch: 5 | loss: 0.0033633
	speed: 0.0060s/iter; time left: 41.9061s
	iters: 1000, epoch: 5 | loss: 0.0038101
	speed: 0.0058s/iter; time left: 39.8163s
	iters: 1100, epoch: 5 | loss: 0.0010001
	speed: 0.0057s/iter; time left: 38.7673s
	iters: 1200, epoch: 5 | loss: 0.0007541
	speed: 0.0059s/iter; time left: 39.4208s
	iters: 1300, epoch: 5 | loss: 0.0280080
	speed: 0.0060s/iter; time left: 39.3028s
Epoch: 5 cost time: 8.1 seconds
Epoch: 5, Steps: 1309 | Train Loss: 0.0346858 Vali Loss: 0.9355409 Test Loss: 5.1667500
Validation loss decreased (0.941700 --> 0.935541).  Saving model ...
Updating learning rate to 3.125e-05
	iters: 100, epoch: 6 | loss: 0.0095635
	speed: 0.0384s/iter; time left: 247.7110s
	iters: 200, epoch: 6 | loss: 0.0572480
	speed: 0.0058s/iter; time left: 37.0872s
	iters: 300, epoch: 6 | loss: 0.0221469
	speed: 0.0059s/iter; time left: 36.7232s
	iters: 400, epoch: 6 | loss: 0.0077808
	speed: 0.0058s/iter; time left: 35.5822s
	iters: 500, epoch: 6 | loss: 0.0156754
	speed: 0.0063s/iter; time left: 37.8671s
	iters: 600, epoch: 6 | loss: 0.0005194
	speed: 0.0060s/iter; time left: 35.7069s
	iters: 700, epoch: 6 | loss: 0.0016870
	speed: 0.0058s/iter; time left: 33.9481s
	iters: 800, epoch: 6 | loss: 0.0082247
	speed: 0.0055s/iter; time left: 31.4371s
	iters: 900, epoch: 6 | loss: 0.0432381
	speed: 0.0056s/iter; time left: 31.4737s
	iters: 1000, epoch: 6 | loss: 0.0332813
	speed: 0.0057s/iter; time left: 31.8135s
	iters: 1100, epoch: 6 | loss: 0.0025119
	speed: 0.0060s/iter; time left: 32.6910s
	iters: 1200, epoch: 6 | loss: 0.0349786
	speed: 0.0055s/iter; time left: 29.4264s
	iters: 1300, epoch: 6 | loss: 0.0251087
	speed: 0.0059s/iter; time left: 30.9425s
Epoch: 6 cost time: 7.9 seconds
Epoch: 6, Steps: 1309 | Train Loss: 0.0344987 Vali Loss: 0.9420927 Test Loss: 5.1584272
EarlyStopping counter: 1 out of 3
Updating learning rate to 1.5625e-05
	iters: 100, epoch: 7 | loss: 0.0144522
	speed: 0.0365s/iter; time left: 187.5911s
	iters: 200, epoch: 7 | loss: 0.0668712
	speed: 0.0058s/iter; time left: 29.1222s
	iters: 300, epoch: 7 | loss: 0.0261557
	speed: 0.0058s/iter; time left: 28.7294s
	iters: 400, epoch: 7 | loss: 0.0301059
	speed: 0.0059s/iter; time left: 28.4523s
	iters: 500, epoch: 7 | loss: 0.0429703
	speed: 0.0060s/iter; time left: 28.5333s
	iters: 600, epoch: 7 | loss: 0.0133002
	speed: 0.0059s/iter; time left: 27.2369s
	iters: 700, epoch: 7 | loss: 0.1008107
	speed: 0.0058s/iter; time left: 26.1465s
	iters: 800, epoch: 7 | loss: 0.0018948
	speed: 0.0058s/iter; time left: 25.5343s
	iters: 900, epoch: 7 | loss: 0.0041209
	speed: 0.0059s/iter; time left: 25.7436s
	iters: 1000, epoch: 7 | loss: 0.0034151
	speed: 0.0054s/iter; time left: 22.9167s
	iters: 1100, epoch: 7 | loss: 0.0243550
	speed: 0.0056s/iter; time left: 23.1339s
	iters: 1200, epoch: 7 | loss: 0.0223138
	speed: 0.0055s/iter; time left: 22.2322s
	iters: 1300, epoch: 7 | loss: 0.0463229
	speed: 0.0056s/iter; time left: 22.2190s
Epoch: 7 cost time: 7.8 seconds
Epoch: 7, Steps: 1309 | Train Loss: 0.0344671 Vali Loss: 0.9375985 Test Loss: 5.1550894
EarlyStopping counter: 2 out of 3
Updating learning rate to 7.8125e-06
	iters: 100, epoch: 8 | loss: 0.0446917
	speed: 0.0370s/iter; time left: 141.6438s
	iters: 200, epoch: 8 | loss: 0.0151688
	speed: 0.0055s/iter; time left: 20.5817s
	iters: 300, epoch: 8 | loss: 0.0299987
	speed: 0.0054s/iter; time left: 19.6271s
	iters: 400, epoch: 8 | loss: 0.0005745
	speed: 0.0055s/iter; time left: 19.2650s
	iters: 500, epoch: 8 | loss: 0.0399814
	speed: 0.0055s/iter; time left: 18.6882s
	iters: 600, epoch: 8 | loss: 0.0290225
	speed: 0.0056s/iter; time left: 18.5962s
	iters: 700, epoch: 8 | loss: 0.0590888
	speed: 0.0052s/iter; time left: 16.8847s
	iters: 800, epoch: 8 | loss: 0.0459783
	speed: 0.0054s/iter; time left: 16.8771s
	iters: 900, epoch: 8 | loss: 0.0725284
	speed: 0.0054s/iter; time left: 16.3593s
	iters: 1000, epoch: 8 | loss: 0.0255698
	speed: 0.0057s/iter; time left: 16.7041s
	iters: 1100, epoch: 8 | loss: 0.0006192
	speed: 0.0058s/iter; time left: 16.3113s
	iters: 1200, epoch: 8 | loss: 0.0512803
	speed: 0.0059s/iter; time left: 16.1919s
	iters: 1300, epoch: 8 | loss: 0.0261746
	speed: 0.0057s/iter; time left: 15.0014s
Epoch: 8 cost time: 7.5 seconds
Epoch: 8, Steps: 1309 | Train Loss: 0.0344069 Vali Loss: 0.9424860 Test Loss: 5.1530776
EarlyStopping counter: 3 out of 3
Early stopping
>>>>>>>testing : FITS_GD_336_192_MS_channels_6_FITS_MS_channels_6<<<<<<<<<<<<<<<<<<<<<<<<<<<<<<<<<
test 2953
FITS_GD_336_192_MS_channels_6_FITS_MS_channels_6
Shapes: pred (2952, 192, 1), true (2952, 192, 1), naive_pred (2952, 192, 1)
Shapes: gt (369, 528), pd (369, 528), naive_pd (369, 528)
Final Metrics:
FITS_10         MSE: 5.166750   MAE: 1.748915   SE: 12.031967  RRMSE: 0.147721   RMAE: 0.113659   (numpy)
FITS_10         MSE: 5.166750   MAE: 1.748915   SE: 12.031966  RRMSE: 0.147721   RMAE: 0.113659   (torch)

Repeat       MSE: 4.300982   MAE: 1.530693   SE: 9.897922   RRMSE: 0.134778   RMAE: 0.099477   (numpy)
Repeat       MSE: 4.300982   MAE: 1.530692   SE: 9.897922   RRMSE: 0.134778   RMAE: 0.099477   (torch)

