Args in experiment:
Namespace(is_training=1, model_id='FITS_GD_336_96_MS_channels_6', model='FITS', data='custom', root_path='./dataset/', data_path='GD.csv', features='MS', target='Adj Close', freq='h', checkpoints='./checkpoints/', seq_len=336, label_len=48, pred_len=96, individual=False, embed_type=0, enc_in=6, dec_in=7, c_out=7, d_model=512, n_heads=8, e_layers=2, d_layers=1, d_ff=2048, moving_avg=25, factor=1, distil=True, dropout=0.05, embed='timeF', activation='gelu', output_attention=False, do_predict=False, num_workers=10, itr=1, train_epochs=10, batch_size=8, patience=3, learning_rate=0.0005, des='Exp', loss='mse', lradj='type1', use_amp=False, use_gpu=True, gpu=0, use_multi_gpu=False, devices='0,1,2,3', test_flop=False)
FITS_GD_336_96_MS_channels_6_FITS_MS_channels_6
Using GPU: NVIDIA GeForce RTX 4070 (cuda:0):
>>>>>>>start training : FITS_GD_336_96_MS_channels_6_FITS_MS_channels_6>>>>>>>>>>>>>>>>>>>>>>>>>>
train 10575
val 1479
test 3049
	iters: 100, epoch: 1 | loss: 0.1225092
	speed: 0.0188s/iter; time left: 245.8959s
	iters: 200, epoch: 1 | loss: 0.0214055
	speed: 0.0048s/iter; time left: 62.2221s
	iters: 300, epoch: 1 | loss: 0.0374737
	speed: 0.0047s/iter; time left: 60.6279s
	iters: 400, epoch: 1 | loss: 0.0020344
	speed: 0.0047s/iter; time left: 59.6616s
	iters: 500, epoch: 1 | loss: 0.0030280
	speed: 0.0046s/iter; time left: 57.9987s
	iters: 600, epoch: 1 | loss: 0.0470679
	speed: 0.0049s/iter; time left: 62.0026s
	iters: 700, epoch: 1 | loss: 0.0060657
	speed: 0.0050s/iter; time left: 62.2190s
	iters: 800, epoch: 1 | loss: 0.0032391
	speed: 0.0050s/iter; time left: 62.3698s
	iters: 900, epoch: 1 | loss: 0.0230060
	speed: 0.0054s/iter; time left: 66.0119s
	iters: 1000, epoch: 1 | loss: 0.0008226
	speed: 0.0050s/iter; time left: 61.1136s
	iters: 1100, epoch: 1 | loss: 0.0199402
	speed: 0.0050s/iter; time left: 60.1230s
	iters: 1200, epoch: 1 | loss: 0.0031528
	speed: 0.0050s/iter; time left: 60.3314s
	iters: 1300, epoch: 1 | loss: 0.0057932
	speed: 0.0047s/iter; time left: 56.4180s
Epoch: 1 cost time: 7.4 seconds
Epoch: 1, Steps: 1321 | Train Loss: 0.0243703 Vali Loss: 0.5471691 Test Loss: 2.6417928
Validation loss decreased (inf --> 0.547169).  Saving model ...
Updating learning rate to 0.0005
	iters: 100, epoch: 2 | loss: 0.0005983
	speed: 0.0371s/iter; time left: 437.6359s
	iters: 200, epoch: 2 | loss: 0.0008791
	speed: 0.0064s/iter; time left: 75.3769s
	iters: 300, epoch: 2 | loss: 0.0010688
	speed: 0.0052s/iter; time left: 60.1829s
	iters: 400, epoch: 2 | loss: 0.0007728
	speed: 0.0050s/iter; time left: 56.9420s
	iters: 500, epoch: 2 | loss: 0.0207899
	speed: 0.0050s/iter; time left: 56.6359s
	iters: 600, epoch: 2 | loss: 0.0256116
	speed: 0.0051s/iter; time left: 57.0678s
	iters: 700, epoch: 2 | loss: 0.0002742
	speed: 0.0050s/iter; time left: 55.5830s
	iters: 800, epoch: 2 | loss: 0.0146137
	speed: 0.0049s/iter; time left: 54.1562s
	iters: 900, epoch: 2 | loss: 0.0103998
	speed: 0.0049s/iter; time left: 53.9608s
	iters: 1000, epoch: 2 | loss: 0.0064054
	speed: 0.0053s/iter; time left: 57.6382s
	iters: 1100, epoch: 2 | loss: 0.0099658
	speed: 0.0051s/iter; time left: 54.7815s
	iters: 1200, epoch: 2 | loss: 0.0129047
	speed: 0.0049s/iter; time left: 52.4419s
	iters: 1300, epoch: 2 | loss: 0.0212278
	speed: 0.0047s/iter; time left: 49.3082s
Epoch: 2 cost time: 7.0 seconds
Epoch: 2, Steps: 1321 | Train Loss: 0.0174885 Vali Loss: 0.5018005 Test Loss: 2.4872816
Validation loss decreased (0.547169 --> 0.501800).  Saving model ...
Updating learning rate to 0.00025
	iters: 100, epoch: 3 | loss: 0.0109635
	speed: 0.0374s/iter; time left: 391.5829s
	iters: 200, epoch: 3 | loss: 0.0247061
	speed: 0.0055s/iter; time left: 56.7973s
	iters: 300, epoch: 3 | loss: 0.0054248
	speed: 0.0052s/iter; time left: 53.8154s
	iters: 400, epoch: 3 | loss: 0.0055771
	speed: 0.0050s/iter; time left: 50.5718s
	iters: 500, epoch: 3 | loss: 0.0151582
	speed: 0.0053s/iter; time left: 53.4332s
	iters: 600, epoch: 3 | loss: 0.0295456
	speed: 0.0068s/iter; time left: 67.8262s
	iters: 700, epoch: 3 | loss: 0.0054330
	speed: 0.0052s/iter; time left: 51.7307s
	iters: 800, epoch: 3 | loss: 0.0007948
	speed: 0.0047s/iter; time left: 45.8506s
	iters: 900, epoch: 3 | loss: 0.0004001
	speed: 0.0052s/iter; time left: 49.8136s
	iters: 1000, epoch: 3 | loss: 0.0003268
	speed: 0.0056s/iter; time left: 53.7573s
	iters: 1100, epoch: 3 | loss: 0.0008936
	speed: 0.0053s/iter; time left: 50.1892s
	iters: 1200, epoch: 3 | loss: 0.0069467
	speed: 0.0051s/iter; time left: 48.0191s
	iters: 1300, epoch: 3 | loss: 0.0128478
	speed: 0.0059s/iter; time left: 54.5098s
Epoch: 3 cost time: 7.4 seconds
Epoch: 3, Steps: 1321 | Train Loss: 0.0161038 Vali Loss: 0.4963675 Test Loss: 2.4350505
Validation loss decreased (0.501800 --> 0.496368).  Saving model ...
Updating learning rate to 0.000125
	iters: 100, epoch: 4 | loss: 0.0185066
	speed: 0.0387s/iter; time left: 353.9352s
	iters: 200, epoch: 4 | loss: 0.0003351
	speed: 0.0053s/iter; time left: 48.3534s
	iters: 300, epoch: 4 | loss: 0.0359884
	speed: 0.0053s/iter; time left: 47.2248s
	iters: 400, epoch: 4 | loss: 0.0017984
	speed: 0.0053s/iter; time left: 47.0500s
	iters: 500, epoch: 4 | loss: 0.0148958
	speed: 0.0061s/iter; time left: 53.0539s
	iters: 600, epoch: 4 | loss: 0.0067339
	speed: 0.0057s/iter; time left: 49.2546s
	iters: 700, epoch: 4 | loss: 0.0282753
	speed: 0.0059s/iter; time left: 50.4676s
	iters: 800, epoch: 4 | loss: 0.0003156
	speed: 0.0052s/iter; time left: 44.3366s
	iters: 900, epoch: 4 | loss: 0.0173026
	speed: 0.0055s/iter; time left: 45.6119s
	iters: 1000, epoch: 4 | loss: 0.0101056
	speed: 0.0061s/iter; time left: 50.2685s
	iters: 1100, epoch: 4 | loss: 0.0370060
	speed: 0.0053s/iter; time left: 43.4576s
	iters: 1200, epoch: 4 | loss: 0.0329450
	speed: 0.0061s/iter; time left: 48.7212s
	iters: 1300, epoch: 4 | loss: 0.0007073
	speed: 0.0050s/iter; time left: 39.4938s
Epoch: 4 cost time: 7.7 seconds
Epoch: 4, Steps: 1321 | Train Loss: 0.0156704 Vali Loss: 0.4938582 Test Loss: 2.4180915
Validation loss decreased (0.496368 --> 0.493858).  Saving model ...
Updating learning rate to 6.25e-05
	iters: 100, epoch: 5 | loss: 0.0161374
	speed: 0.0397s/iter; time left: 310.4754s
	iters: 200, epoch: 5 | loss: 0.0025147
	speed: 0.0069s/iter; time left: 52.9844s
	iters: 300, epoch: 5 | loss: 0.0251257
	speed: 0.0056s/iter; time left: 42.5304s
	iters: 400, epoch: 5 | loss: 0.0115614
	speed: 0.0050s/iter; time left: 37.4710s
	iters: 500, epoch: 5 | loss: 0.0438128
	speed: 0.0049s/iter; time left: 36.5804s
	iters: 600, epoch: 5 | loss: 0.0402912
	speed: 0.0060s/iter; time left: 44.2372s
	iters: 700, epoch: 5 | loss: 0.0005012
	speed: 0.0049s/iter; time left: 35.2629s
	iters: 800, epoch: 5 | loss: 0.0297804
	speed: 0.0050s/iter; time left: 35.9495s
	iters: 900, epoch: 5 | loss: 0.0081751
	speed: 0.0047s/iter; time left: 32.9019s
	iters: 1000, epoch: 5 | loss: 0.0105829
	speed: 0.0048s/iter; time left: 33.0269s
	iters: 1100, epoch: 5 | loss: 0.0465608
	speed: 0.0049s/iter; time left: 33.1376s
	iters: 1200, epoch: 5 | loss: 0.0186778
	speed: 0.0049s/iter; time left: 32.9779s
	iters: 1300, epoch: 5 | loss: 0.0399302
	speed: 0.0048s/iter; time left: 31.8735s
Epoch: 5 cost time: 7.3 seconds
Epoch: 5, Steps: 1321 | Train Loss: 0.0154641 Vali Loss: 0.4962720 Test Loss: 2.3956320
EarlyStopping counter: 1 out of 3
Updating learning rate to 3.125e-05
	iters: 100, epoch: 6 | loss: 0.0248966
	speed: 0.0364s/iter; time left: 237.0383s
	iters: 200, epoch: 6 | loss: 0.0017179
	speed: 0.0052s/iter; time left: 33.6033s
	iters: 300, epoch: 6 | loss: 0.0001281
	speed: 0.0049s/iter; time left: 31.1661s
	iters: 400, epoch: 6 | loss: 0.0268865
	speed: 0.0052s/iter; time left: 31.9666s
	iters: 500, epoch: 6 | loss: 0.0158809
	speed: 0.0055s/iter; time left: 33.3315s
	iters: 600, epoch: 6 | loss: 0.0012401
	speed: 0.0053s/iter; time left: 31.8532s
	iters: 700, epoch: 6 | loss: 0.0113069
	speed: 0.0051s/iter; time left: 29.9615s
	iters: 800, epoch: 6 | loss: 0.0027444
	speed: 0.0056s/iter; time left: 32.5086s
	iters: 900, epoch: 6 | loss: 0.0137383
	speed: 0.0051s/iter; time left: 29.0244s
	iters: 1000, epoch: 6 | loss: 0.0203194
	speed: 0.0047s/iter; time left: 26.5105s
	iters: 1100, epoch: 6 | loss: 0.0115412
	speed: 0.0051s/iter; time left: 28.1713s
	iters: 1200, epoch: 6 | loss: 0.0021094
	speed: 0.0060s/iter; time left: 32.3277s
	iters: 1300, epoch: 6 | loss: 0.0008976
	speed: 0.0057s/iter; time left: 30.4173s
Epoch: 6 cost time: 7.3 seconds
Epoch: 6, Steps: 1321 | Train Loss: 0.0153654 Vali Loss: 0.4937350 Test Loss: 2.3920653
Validation loss decreased (0.493858 --> 0.493735).  Saving model ...
Updating learning rate to 1.5625e-05
	iters: 100, epoch: 7 | loss: 0.0147630
	speed: 0.0356s/iter; time left: 184.5330s
	iters: 200, epoch: 7 | loss: 0.0008293
	speed: 0.0051s/iter; time left: 26.1294s
	iters: 300, epoch: 7 | loss: 0.0343084
	speed: 0.0055s/iter; time left: 27.5935s
	iters: 400, epoch: 7 | loss: 0.0272530
	speed: 0.0069s/iter; time left: 33.7194s
	iters: 500, epoch: 7 | loss: 0.0064799
	speed: 0.0055s/iter; time left: 26.3665s
	iters: 600, epoch: 7 | loss: 0.0053066
	speed: 0.0056s/iter; time left: 26.1174s
	iters: 700, epoch: 7 | loss: 0.0084705
	speed: 0.0051s/iter; time left: 23.3395s
	iters: 800, epoch: 7 | loss: 0.0009880
	speed: 0.0046s/iter; time left: 20.7190s
	iters: 900, epoch: 7 | loss: 0.0003484
	speed: 0.0050s/iter; time left: 22.0595s
	iters: 1000, epoch: 7 | loss: 0.0027828
	speed: 0.0048s/iter; time left: 20.6328s
	iters: 1100, epoch: 7 | loss: 0.0508576
	speed: 0.0048s/iter; time left: 19.9771s
	iters: 1200, epoch: 7 | loss: 0.0158561
	speed: 0.0048s/iter; time left: 19.4276s
	iters: 1300, epoch: 7 | loss: 0.0049712
	speed: 0.0045s/iter; time left: 17.9171s
Epoch: 7 cost time: 7.1 seconds
Epoch: 7, Steps: 1321 | Train Loss: 0.0153498 Vali Loss: 0.4963579 Test Loss: 2.3908963
EarlyStopping counter: 1 out of 3
Updating learning rate to 7.8125e-06
	iters: 100, epoch: 8 | loss: 0.0017566
	speed: 0.0406s/iter; time left: 156.7413s
	iters: 200, epoch: 8 | loss: 0.0053877
	speed: 0.0062s/iter; time left: 23.2156s
	iters: 300, epoch: 8 | loss: 0.0011979
	speed: 0.0061s/iter; time left: 22.2379s
	iters: 400, epoch: 8 | loss: 0.0083005
	speed: 0.0049s/iter; time left: 17.6256s
	iters: 500, epoch: 8 | loss: 0.0135095
	speed: 0.0051s/iter; time left: 17.7568s
	iters: 600, epoch: 8 | loss: 0.0027217
	speed: 0.0053s/iter; time left: 17.9971s
	iters: 700, epoch: 8 | loss: 0.0186355
	speed: 0.0046s/iter; time left: 15.0434s
	iters: 800, epoch: 8 | loss: 0.0067232
	speed: 0.0049s/iter; time left: 15.5825s
	iters: 900, epoch: 8 | loss: 0.0388813
	speed: 0.0050s/iter; time left: 15.2817s
	iters: 1000, epoch: 8 | loss: 0.0014996
	speed: 0.0050s/iter; time left: 14.7332s
	iters: 1100, epoch: 8 | loss: 0.0232275
	speed: 0.0053s/iter; time left: 15.2673s
	iters: 1200, epoch: 8 | loss: 0.0007686
	speed: 0.0056s/iter; time left: 15.3915s
	iters: 1300, epoch: 8 | loss: 0.0082609
	speed: 0.0050s/iter; time left: 13.1872s
Epoch: 8 cost time: 7.2 seconds
Epoch: 8, Steps: 1321 | Train Loss: 0.0153258 Vali Loss: 0.4945296 Test Loss: 2.3909864
EarlyStopping counter: 2 out of 3
Updating learning rate to 3.90625e-06
	iters: 100, epoch: 9 | loss: 0.0045887
	speed: 0.0389s/iter; time left: 98.8336s
	iters: 200, epoch: 9 | loss: 0.0057271
	speed: 0.0054s/iter; time left: 13.2378s
	iters: 300, epoch: 9 | loss: 0.0244638
	speed: 0.0060s/iter; time left: 14.0200s
	iters: 400, epoch: 9 | loss: 0.0107315
	speed: 0.0048s/iter; time left: 10.8780s
	iters: 500, epoch: 9 | loss: 0.0085101
	speed: 0.0047s/iter; time left: 10.1085s
	iters: 600, epoch: 9 | loss: 0.0238250
	speed: 0.0051s/iter; time left: 10.3465s
	iters: 700, epoch: 9 | loss: 0.0007629
	speed: 0.0052s/iter; time left: 10.1326s
	iters: 800, epoch: 9 | loss: 0.1139187
	speed: 0.0058s/iter; time left: 10.6206s
	iters: 900, epoch: 9 | loss: 0.0170368
	speed: 0.0050s/iter; time left: 8.7187s
	iters: 1000, epoch: 9 | loss: 0.0088426
	speed: 0.0050s/iter; time left: 8.2682s
	iters: 1100, epoch: 9 | loss: 0.0276506
	speed: 0.0049s/iter; time left: 7.5223s
	iters: 1200, epoch: 9 | loss: 0.0105931
	speed: 0.0053s/iter; time left: 7.6672s
	iters: 1300, epoch: 9 | loss: 0.0011700
	speed: 0.0059s/iter; time left: 7.8940s
Epoch: 9 cost time: 7.3 seconds
Epoch: 9, Steps: 1321 | Train Loss: 0.0153078 Vali Loss: 0.4941006 Test Loss: 2.3908591
EarlyStopping counter: 3 out of 3
Early stopping
>>>>>>>testing : FITS_GD_336_96_MS_channels_6_FITS_MS_channels_6<<<<<<<<<<<<<<<<<<<<<<<<<<<<<<<<<
test 3049
FITS_GD_336_96_MS_channels_6_FITS_MS_channels_6
Shapes: pred (3048, 96, 1), true (3048, 96, 1), naive_pred (3048, 96, 1)
Shapes: gt (381, 432), pd (381, 432), naive_pd (381, 432)
Final Metrics:
FITS         MSE: 2.392065   MAE: 1.125018   SE: 4.278111   RRMSE: 0.100250   RMAE: 0.072922   (numpy)
FITS         MSE: 2.392065   MAE: 1.125018   SE: 4.278111   RRMSE: 0.100250   RMAE: 0.072922   (torch)

Repeat       MSE: 2.179713   MAE: 1.044575   SE: 4.422679   RRMSE: 0.095697   RMAE: 0.067707   (numpy)
Repeat       MSE: 2.179713   MAE: 1.044575   SE: 4.422679   RRMSE: 0.095697   RMAE: 0.067707   (torch)


Model(
  (fits): FITS(
    (frequency_upsampler): Linear(in_features=168, out_features=216, bias=True)
  )
)
