Args in experiment:
Namespace(is_training=1, model_id='FITS_exchange_rate_336_720_MS_channels_7', model='FITS', data='custom', root_path='./dataset/', data_path='exchange_rate.csv', features='MS', target='OT', freq='h', checkpoints='./checkpoints/', seq_len=336, label_len=48, pred_len=720, individual=False, embed_type=0, enc_in=7, dec_in=7, c_out=7, d_model=512, n_heads=8, e_layers=2, d_layers=1, d_ff=2048, moving_avg=25, factor=1, distil=True, dropout=0.05, embed='timeF', activation='gelu', output_attention=False, do_predict=False, num_workers=10, itr=1, train_epochs=10, batch_size=8, patience=3, learning_rate=0.0005, des='Exp', loss='mse', lradj='type1', use_amp=False, use_gpu=True, gpu=0, use_multi_gpu=False, devices='0,1,2,3', test_flop=False)
FITS_exchange_rate_336_720_MS_channels_7_FITS_MS_channels_7
Using GPU: NVIDIA GeForce RTX 4070 (cuda:0):
>>>>>>>start training : FITS_exchange_rate_336_720_MS_channels_7_FITS_MS_channels_7>>>>>>>>>>>>>>>>>>>>>>>>>>
train 4256
val 41
test 798
	iters: 100, epoch: 1 | loss: 1.9061877
	speed: 0.0186s/iter; time left: 97.0763s
	iters: 200, epoch: 1 | loss: 0.8175237
	speed: 0.0052s/iter; time left: 26.7615s
	iters: 300, epoch: 1 | loss: 0.8486437
	speed: 0.0051s/iter; time left: 25.5331s
	iters: 400, epoch: 1 | loss: 0.9107335
	speed: 0.0053s/iter; time left: 25.9938s
	iters: 500, epoch: 1 | loss: 1.0321130
	speed: 0.0057s/iter; time left: 27.3294s
Epoch: 1 cost time: 3.8 seconds
Epoch: 1, Steps: 532 | Train Loss: 1.3020517 Vali Loss: 0.8150181 Test Loss: 1.0652647
Validation loss decreased (inf --> 0.815018).  Saving model ...
Updating learning rate to 0.0005
	iters: 100, epoch: 2 | loss: 1.0923269
	speed: 0.0200s/iter; time left: 93.6931s
	iters: 200, epoch: 2 | loss: 1.2595496
	speed: 0.0053s/iter; time left: 24.2617s
	iters: 300, epoch: 2 | loss: 0.9414239
	speed: 0.0054s/iter; time left: 24.1682s
	iters: 400, epoch: 2 | loss: 0.7993654
	speed: 0.0054s/iter; time left: 23.4978s
	iters: 500, epoch: 2 | loss: 0.8118017
	speed: 0.0058s/iter; time left: 25.0140s
Epoch: 2 cost time: 3.2 seconds
Epoch: 2, Steps: 532 | Train Loss: 1.1436628 Vali Loss: 0.8546222 Test Loss: 1.0652807
EarlyStopping counter: 1 out of 3
Updating learning rate to 0.00025
	iters: 100, epoch: 3 | loss: 0.8127884
	speed: 0.0215s/iter; time left: 89.2968s
	iters: 200, epoch: 3 | loss: 0.9069340
	speed: 0.0055s/iter; time left: 22.3365s
	iters: 300, epoch: 3 | loss: 0.8694333
	speed: 0.0060s/iter; time left: 23.6017s
	iters: 400, epoch: 3 | loss: 0.9519646
	speed: 0.0056s/iter; time left: 21.4617s
	iters: 500, epoch: 3 | loss: 1.2738820
	speed: 0.0062s/iter; time left: 23.3530s
Epoch: 3 cost time: 3.4 seconds
Epoch: 3, Steps: 532 | Train Loss: 1.0985564 Vali Loss: 0.8741888 Test Loss: 1.0676578
EarlyStopping counter: 2 out of 3
Updating learning rate to 0.000125
	iters: 100, epoch: 4 | loss: 0.6797274
	speed: 0.0211s/iter; time left: 76.4492s
	iters: 200, epoch: 4 | loss: 1.1933757
	speed: 0.0058s/iter; time left: 20.3780s
	iters: 300, epoch: 4 | loss: 1.2464335
	speed: 0.0057s/iter; time left: 19.5579s
	iters: 400, epoch: 4 | loss: 0.6672517
	speed: 0.0058s/iter; time left: 19.3604s
	iters: 500, epoch: 4 | loss: 0.7541950
	speed: 0.0059s/iter; time left: 18.9598s
Epoch: 4 cost time: 3.4 seconds
Epoch: 4, Steps: 532 | Train Loss: 1.0845483 Vali Loss: 0.8834136 Test Loss: 1.0688339
EarlyStopping counter: 3 out of 3
Early stopping
>>>>>>>testing : FITS_exchange_rate_336_720_MS_channels_7_FITS_MS_channels_7<<<<<<<<<<<<<<<<<<<<<<<<<<<<<<<<<
test 798
FITS_exchange_rate_336_720_MS_channels_7_FITS_MS_channels_7
Shapes: pred (792, 720, 1), true (792, 720, 1), naive_pred (792, 720, 1)
Shapes: gt (99, 1056), pd (99, 1056), naive_pd (99, 1056)
Final Metrics:
FITS_10         MSE: 1.065265   MAE: 0.821529   SE: 1.739070   RRMSE: 0.601250   RMAE: 0.478574   (numpy)
FITS_10         MSE: 1.065265   MAE: 0.821529   SE: 1.739070   RRMSE: 0.601250   RMAE: 0.478574   (torch)

Repeat       MSE: 1.002388   MAE: 0.764844   SE: 1.831217   RRMSE: 0.583236   RMAE: 0.445552   (numpy)
Repeat       MSE: 1.002388   MAE: 0.764844   SE: 1.831217   RRMSE: 0.583236   RMAE: 0.445553   (torch)

