Args in experiment:
Namespace(is_training=1, model_id='FITS_100_MRO_336_720_MS_channels_6', model='FITS_100', data='custom', root_path='./dataset/', data_path='MRO.csv', features='MS', target='Adj Close', freq='h', checkpoints='./checkpoints/', seq_len=336, label_len=48, pred_len=720, individual=False, embed_type=0, enc_in=6, dec_in=7, c_out=7, d_model=512, n_heads=8, e_layers=2, d_layers=1, d_ff=2048, moving_avg=25, factor=1, distil=True, dropout=0.05, embed='timeF', activation='gelu', output_attention=False, do_predict=False, num_workers=10, itr=1, train_epochs=10, batch_size=8, patience=3, learning_rate=0.0005, des='Exp', loss='mse', lradj='type1', use_amp=False, use_gpu=True, gpu=0, use_multi_gpu=False, devices='0,1,2,3', test_flop=False)
FITS_100_MRO_336_720_MS_channels_6_FITS_100_MS_channels_6
Using GPU: NVIDIA GeForce RTX 4070 (cuda:0):
>>>>>>>start training : FITS_100_MRO_336_720_MS_channels_6_FITS_100_MS_channels_6>>>>>>>>>>>>>>>>>>>>>>>>>>
train 9951
val 855
test 2425
	iters: 100, epoch: 1 | loss: 0.2135005
	speed: 0.0174s/iter; time left: 214.8552s
	iters: 200, epoch: 1 | loss: 0.1016171
	speed: 0.0046s/iter; time left: 55.9183s
	iters: 300, epoch: 1 | loss: 0.0835319
	speed: 0.0046s/iter; time left: 55.3669s
	iters: 400, epoch: 1 | loss: 0.0769245
	speed: 0.0054s/iter; time left: 65.2956s
	iters: 500, epoch: 1 | loss: 0.0943179
	speed: 0.0047s/iter; time left: 56.0569s
	iters: 600, epoch: 1 | loss: 0.0928656
	speed: 0.0049s/iter; time left: 58.2512s
	iters: 700, epoch: 1 | loss: 0.2095289
	speed: 0.0049s/iter; time left: 57.1027s
	iters: 800, epoch: 1 | loss: 0.1537285
	speed: 0.0054s/iter; time left: 62.3062s
	iters: 900, epoch: 1 | loss: 0.0813885
	speed: 0.0051s/iter; time left: 59.1195s
	iters: 1000, epoch: 1 | loss: 0.1666539
	speed: 0.0057s/iter; time left: 65.4203s
	iters: 1100, epoch: 1 | loss: 0.2077301
	speed: 0.0050s/iter; time left: 56.1426s
	iters: 1200, epoch: 1 | loss: 0.0582432
	speed: 0.0049s/iter; time left: 55.4000s
Epoch: 1 cost time: 7.1 seconds
Epoch: 1, Steps: 1243 | Train Loss: 0.1616315 Vali Loss: 12.9757595 Test Loss: 23.3900795
Validation loss decreased (inf --> 12.975760).  Saving model ...
Updating learning rate to 0.0005
	iters: 100, epoch: 2 | loss: 0.1947893
	speed: 0.0324s/iter; time left: 359.8037s
	iters: 200, epoch: 2 | loss: 0.1063512
	speed: 0.0059s/iter; time left: 64.5708s
	iters: 300, epoch: 2 | loss: 0.0967430
	speed: 0.0061s/iter; time left: 66.4333s
	iters: 400, epoch: 2 | loss: 0.0616159
	speed: 0.0055s/iter; time left: 59.1065s
	iters: 500, epoch: 2 | loss: 0.0816146
	speed: 0.0048s/iter; time left: 51.7617s
	iters: 600, epoch: 2 | loss: 0.0656051
	speed: 0.0049s/iter; time left: 51.9275s
	iters: 700, epoch: 2 | loss: 0.0812801
	speed: 0.0051s/iter; time left: 53.1441s
	iters: 800, epoch: 2 | loss: 0.0473149
	speed: 0.0051s/iter; time left: 52.4796s
	iters: 900, epoch: 2 | loss: 0.1812998
	speed: 0.0047s/iter; time left: 48.4808s
	iters: 1000, epoch: 2 | loss: 0.0932176
	speed: 0.0049s/iter; time left: 49.4819s
	iters: 1100, epoch: 2 | loss: 0.0819742
	speed: 0.0047s/iter; time left: 47.3848s
	iters: 1200, epoch: 2 | loss: 0.0818338
	speed: 0.0054s/iter; time left: 53.4773s
Epoch: 2 cost time: 6.8 seconds
Epoch: 2, Steps: 1243 | Train Loss: 0.1528916 Vali Loss: 12.8040667 Test Loss: 23.2570419
Validation loss decreased (12.975760 --> 12.804067).  Saving model ...
Updating learning rate to 0.00025
	iters: 100, epoch: 3 | loss: 0.1655870
	speed: 0.0313s/iter; time left: 308.5195s
	iters: 200, epoch: 3 | loss: 0.0585881
	speed: 0.0049s/iter; time left: 47.3766s
	iters: 300, epoch: 3 | loss: 0.0719398
	speed: 0.0057s/iter; time left: 54.9678s
	iters: 400, epoch: 3 | loss: 0.1204962
	speed: 0.0049s/iter; time left: 46.8489s
	iters: 500, epoch: 3 | loss: 0.0922718
	speed: 0.0049s/iter; time left: 46.3772s
	iters: 600, epoch: 3 | loss: 0.1636885
	speed: 0.0052s/iter; time left: 48.3199s
	iters: 700, epoch: 3 | loss: 0.1789767
	speed: 0.0053s/iter; time left: 48.8037s
	iters: 800, epoch: 3 | loss: 0.0778430
	speed: 0.0048s/iter; time left: 43.8608s
	iters: 900, epoch: 3 | loss: 0.0869555
	speed: 0.0050s/iter; time left: 45.1219s
	iters: 1000, epoch: 3 | loss: 0.1953276
	speed: 0.0048s/iter; time left: 42.8362s
	iters: 1100, epoch: 3 | loss: 0.3287314
	speed: 0.0048s/iter; time left: 42.5937s
	iters: 1200, epoch: 3 | loss: 0.0468310
	speed: 0.0052s/iter; time left: 45.5818s
Epoch: 3 cost time: 6.6 seconds
Epoch: 3, Steps: 1243 | Train Loss: 0.1515291 Vali Loss: 12.5976782 Test Loss: 22.9780560
Validation loss decreased (12.804067 --> 12.597678).  Saving model ...
Updating learning rate to 0.000125
	iters: 100, epoch: 4 | loss: 0.3816958
	speed: 0.0312s/iter; time left: 268.8035s
	iters: 200, epoch: 4 | loss: 0.1088693
	speed: 0.0047s/iter; time left: 39.8701s
	iters: 300, epoch: 4 | loss: 0.1175614
	speed: 0.0050s/iter; time left: 41.7353s
	iters: 400, epoch: 4 | loss: 0.0536912
	speed: 0.0047s/iter; time left: 38.9324s
	iters: 500, epoch: 4 | loss: 0.2131714
	speed: 0.0051s/iter; time left: 41.8202s
	iters: 600, epoch: 4 | loss: 0.0530118
	speed: 0.0051s/iter; time left: 41.6087s
	iters: 700, epoch: 4 | loss: 0.1631095
	speed: 0.0049s/iter; time left: 38.8912s
	iters: 800, epoch: 4 | loss: 0.1193065
	speed: 0.0050s/iter; time left: 39.1992s
	iters: 900, epoch: 4 | loss: 0.0939371
	speed: 0.0047s/iter; time left: 36.8832s
	iters: 1000, epoch: 4 | loss: 0.1905840
	speed: 0.0048s/iter; time left: 36.6917s
	iters: 1100, epoch: 4 | loss: 0.1584937
	speed: 0.0047s/iter; time left: 35.7950s
	iters: 1200, epoch: 4 | loss: 0.3593001
	speed: 0.0051s/iter; time left: 38.1503s
Epoch: 4 cost time: 6.4 seconds
Epoch: 4, Steps: 1243 | Train Loss: 0.1510743 Vali Loss: 12.5590115 Test Loss: 22.9141178
Validation loss decreased (12.597678 --> 12.559011).  Saving model ...
Updating learning rate to 6.25e-05
	iters: 100, epoch: 5 | loss: 0.1086012
	speed: 0.0330s/iter; time left: 242.7008s
	iters: 200, epoch: 5 | loss: 0.4368109
	speed: 0.0049s/iter; time left: 35.6719s
	iters: 300, epoch: 5 | loss: 0.2859425
	speed: 0.0057s/iter; time left: 40.4560s
	iters: 400, epoch: 5 | loss: 0.0582551
	speed: 0.0061s/iter; time left: 43.1687s
	iters: 500, epoch: 5 | loss: 0.2263916
	speed: 0.0061s/iter; time left: 42.6472s
	iters: 600, epoch: 5 | loss: 0.0682213
	speed: 0.0049s/iter; time left: 33.4591s
	iters: 700, epoch: 5 | loss: 0.1590167
	speed: 0.0053s/iter; time left: 36.0192s
	iters: 800, epoch: 5 | loss: 0.2490814
	speed: 0.0050s/iter; time left: 33.1226s
	iters: 900, epoch: 5 | loss: 0.0806518
	speed: 0.0050s/iter; time left: 32.8038s
	iters: 1000, epoch: 5 | loss: 0.0465998
	speed: 0.0047s/iter; time left: 30.1157s
	iters: 1100, epoch: 5 | loss: 0.1627865
	speed: 0.0055s/iter; time left: 35.0249s
	iters: 1200, epoch: 5 | loss: 0.2042042
	speed: 0.0053s/iter; time left: 33.3246s
Epoch: 5 cost time: 7.1 seconds
Epoch: 5, Steps: 1243 | Train Loss: 0.1507594 Vali Loss: 12.5362349 Test Loss: 22.8983879
Validation loss decreased (12.559011 --> 12.536235).  Saving model ...
Updating learning rate to 3.125e-05
	iters: 100, epoch: 6 | loss: 0.0913670
	speed: 0.0341s/iter; time left: 208.3151s
	iters: 200, epoch: 6 | loss: 0.0538109
	speed: 0.0054s/iter; time left: 32.4393s
	iters: 300, epoch: 6 | loss: 0.1281548
	speed: 0.0053s/iter; time left: 31.3093s
	iters: 400, epoch: 6 | loss: 0.0440613
	speed: 0.0060s/iter; time left: 34.7531s
	iters: 500, epoch: 6 | loss: 0.1107710
	speed: 0.0059s/iter; time left: 33.8780s
	iters: 600, epoch: 6 | loss: 0.0700208
	speed: 0.0064s/iter; time left: 36.2076s
	iters: 700, epoch: 6 | loss: 0.0356015
	speed: 0.0056s/iter; time left: 30.9095s
	iters: 800, epoch: 6 | loss: 0.0473636
	speed: 0.0054s/iter; time left: 29.0084s
	iters: 900, epoch: 6 | loss: 0.1083829
	speed: 0.0057s/iter; time left: 30.0780s
	iters: 1000, epoch: 6 | loss: 0.2946431
	speed: 0.0056s/iter; time left: 29.2447s
	iters: 1100, epoch: 6 | loss: 0.2072653
	speed: 0.0053s/iter; time left: 27.0140s
	iters: 1200, epoch: 6 | loss: 0.0752154
	speed: 0.0057s/iter; time left: 28.6899s
Epoch: 6 cost time: 7.3 seconds
Epoch: 6, Steps: 1243 | Train Loss: 0.1505906 Vali Loss: 12.5492296 Test Loss: 22.8822250
EarlyStopping counter: 1 out of 3
Updating learning rate to 1.5625e-05
	iters: 100, epoch: 7 | loss: 0.0694312
	speed: 0.0358s/iter; time left: 174.2774s
	iters: 200, epoch: 7 | loss: 0.0932784
	speed: 0.0057s/iter; time left: 27.1276s
	iters: 300, epoch: 7 | loss: 0.0867004
	speed: 0.0056s/iter; time left: 26.2724s
	iters: 400, epoch: 7 | loss: 0.0980505
	speed: 0.0058s/iter; time left: 26.6104s
	iters: 500, epoch: 7 | loss: 0.1222897
	speed: 0.0055s/iter; time left: 24.7754s
	iters: 600, epoch: 7 | loss: 0.0969827
	speed: 0.0055s/iter; time left: 24.1740s
	iters: 700, epoch: 7 | loss: 0.0434851
	speed: 0.0057s/iter; time left: 24.2749s
	iters: 800, epoch: 7 | loss: 0.3355946
	speed: 0.0059s/iter; time left: 24.6012s
	iters: 900, epoch: 7 | loss: 0.0526493
	speed: 0.0054s/iter; time left: 22.1113s
	iters: 1000, epoch: 7 | loss: 0.1111175
	speed: 0.0058s/iter; time left: 22.9509s
	iters: 1100, epoch: 7 | loss: 0.0510335
	speed: 0.0058s/iter; time left: 22.6288s
	iters: 1200, epoch: 7 | loss: 0.2269533
	speed: 0.0055s/iter; time left: 20.6647s
Epoch: 7 cost time: 7.3 seconds
Epoch: 7, Steps: 1243 | Train Loss: 0.1506177 Vali Loss: 12.5297642 Test Loss: 22.8748169
Validation loss decreased (12.536235 --> 12.529764).  Saving model ...
Updating learning rate to 7.8125e-06
	iters: 100, epoch: 8 | loss: 0.1122930
	speed: 0.0344s/iter; time left: 124.9804s
	iters: 200, epoch: 8 | loss: 0.1275913
	speed: 0.0063s/iter; time left: 22.0768s
	iters: 300, epoch: 8 | loss: 0.1870538
	speed: 0.0057s/iter; time left: 19.7162s
	iters: 400, epoch: 8 | loss: 0.1547726
	speed: 0.0058s/iter; time left: 19.4494s
	iters: 500, epoch: 8 | loss: 0.0813350
	speed: 0.0056s/iter; time left: 18.0867s
	iters: 600, epoch: 8 | loss: 0.1546565
	speed: 0.0061s/iter; time left: 19.1067s
	iters: 700, epoch: 8 | loss: 0.0791171
	speed: 0.0057s/iter; time left: 17.3755s
	iters: 800, epoch: 8 | loss: 0.0620815
	speed: 0.0060s/iter; time left: 17.6551s
	iters: 900, epoch: 8 | loss: 0.2433824
	speed: 0.0061s/iter; time left: 17.3687s
	iters: 1000, epoch: 8 | loss: 0.0280295
	speed: 0.0056s/iter; time left: 15.4099s
	iters: 1100, epoch: 8 | loss: 0.0395841
	speed: 0.0056s/iter; time left: 14.6688s
	iters: 1200, epoch: 8 | loss: 0.1990442
	speed: 0.0060s/iter; time left: 15.1000s
Epoch: 8 cost time: 7.6 seconds
Epoch: 8, Steps: 1243 | Train Loss: 0.1505115 Vali Loss: 12.5294914 Test Loss: 22.8714619
Validation loss decreased (12.529764 --> 12.529491).  Saving model ...
Updating learning rate to 3.90625e-06
	iters: 100, epoch: 9 | loss: 0.1337247
	speed: 0.0359s/iter; time left: 85.5754s
	iters: 200, epoch: 9 | loss: 0.3021551
	speed: 0.0057s/iter; time left: 13.0918s
	iters: 300, epoch: 9 | loss: 0.0599386
	speed: 0.0059s/iter; time left: 12.9494s
	iters: 400, epoch: 9 | loss: 0.1391180
	speed: 0.0058s/iter; time left: 12.1397s
	iters: 500, epoch: 9 | loss: 0.0808042
	speed: 0.0058s/iter; time left: 11.6002s
	iters: 600, epoch: 9 | loss: 0.0877757
	speed: 0.0061s/iter; time left: 11.5661s
	iters: 700, epoch: 9 | loss: 0.0646371
	speed: 0.0060s/iter; time left: 10.6475s
	iters: 800, epoch: 9 | loss: 0.1282236
	speed: 0.0059s/iter; time left: 9.8869s
	iters: 900, epoch: 9 | loss: 0.1844404
	speed: 0.0058s/iter; time left: 9.2014s
	iters: 1000, epoch: 9 | loss: 0.0496556
	speed: 0.0053s/iter; time left: 7.8230s
	iters: 1100, epoch: 9 | loss: 0.1902206
	speed: 0.0059s/iter; time left: 8.1869s
	iters: 1200, epoch: 9 | loss: 0.0706379
	speed: 0.0056s/iter; time left: 7.2451s
Epoch: 9 cost time: 7.5 seconds
Epoch: 9, Steps: 1243 | Train Loss: 0.1505916 Vali Loss: 12.5236425 Test Loss: 22.8701210
Validation loss decreased (12.529491 --> 12.523643).  Saving model ...
Updating learning rate to 1.953125e-06
	iters: 100, epoch: 10 | loss: 0.1760697
	speed: 0.0361s/iter; time left: 41.2560s
	iters: 200, epoch: 10 | loss: 0.2990189
	speed: 0.0063s/iter; time left: 6.5964s
	iters: 300, epoch: 10 | loss: 0.1993532
	speed: 0.0059s/iter; time left: 5.5710s
	iters: 400, epoch: 10 | loss: 0.1347834
	speed: 0.0055s/iter; time left: 4.6054s
	iters: 500, epoch: 10 | loss: 0.1474874
	speed: 0.0062s/iter; time left: 4.6472s
	iters: 600, epoch: 10 | loss: 0.1555703
	speed: 0.0054s/iter; time left: 3.4984s
	iters: 700, epoch: 10 | loss: 0.1885173
	speed: 0.0053s/iter; time left: 2.9048s
	iters: 800, epoch: 10 | loss: 0.0592597
	speed: 0.0054s/iter; time left: 2.3933s
	iters: 900, epoch: 10 | loss: 0.0971100
	speed: 0.0060s/iter; time left: 2.0643s
	iters: 1000, epoch: 10 | loss: 0.1203042
	speed: 0.0058s/iter; time left: 1.4080s
	iters: 1100, epoch: 10 | loss: 0.3875605
	speed: 0.0060s/iter; time left: 0.8697s
	iters: 1200, epoch: 10 | loss: 0.1982536
	speed: 0.0061s/iter; time left: 0.2684s
Epoch: 10 cost time: 7.6 seconds
Epoch: 10, Steps: 1243 | Train Loss: 0.1506000 Vali Loss: 12.5102558 Test Loss: 22.8691998
Validation loss decreased (12.523643 --> 12.510256).  Saving model ...
Updating learning rate to 9.765625e-07
>>>>>>>testing : FITS_100_MRO_336_720_MS_channels_6_FITS_100_MS_channels_6<<<<<<<<<<<<<<<<<<<<<<<<<<<<<<<<<
test 2425
FITS_100_MRO_336_720_MS_channels_6_FITS_100_MS_channels_6
Shapes: pred (2424, 720, 1), true (2424, 720, 1), naive_pred (2424, 720, 1)
Shapes: gt (303, 1056), pd (303, 1056), naive_pd (303, 1056)
Final Metrics:
FITS_100     MSE: 22.869190  MAE: 3.722673   SE: 35.469021  RRMSE: 0.634843   RMAE: 0.494192   (numpy)
FITS_100     MSE: 22.869204  MAE: 3.722674   SE: 35.469021  RRMSE: 0.634843   RMAE: 0.494192   (torch)

Repeat       MSE: 23.184877  MAE: 3.680038   SE: 39.829136  RRMSE: 0.639209   RMAE: 0.488532   (numpy)
Repeat       MSE: 23.184883  MAE: 3.680040   SE: 39.829136  RRMSE: 0.639209   RMAE: 0.488532   (torch)


Model(
  (fits): FITS(
    (frequency_upsampler): Linear(in_features=100, out_features=314, bias=True)
  )
)
