Args in experiment:
Namespace(is_training=1, model_id='FITS_DLinear_MRO_336_720_MS_channels_6', model='FITS_DLinear', data='custom', root_path='./dataset/', data_path='MRO.csv', features='MS', target='Adj Close', freq='h', checkpoints='./checkpoints/', seq_len=336, label_len=48, pred_len=720, individual=False, embed_type=0, enc_in=6, dec_in=7, c_out=7, d_model=512, n_heads=8, e_layers=2, d_layers=1, d_ff=2048, moving_avg=25, factor=1, distil=True, dropout=0.05, embed='timeF', activation='gelu', output_attention=False, do_predict=False, num_workers=10, itr=1, train_epochs=10, batch_size=8, patience=3, learning_rate=0.0005, des='Exp', loss='mse', lradj='type1', use_amp=False, use_gpu=True, gpu=0, use_multi_gpu=False, devices='0,1,2,3', test_flop=False)
FITS_DLinear_MRO_336_720_MS_channels_6_FITS_DLinear_MS_channels_6
Using GPU: NVIDIA GeForce RTX 4070 (cuda:0):
FITS cutoff frequency: 168
>>>>>>>start training : FITS_DLinear_MRO_336_720_MS_channels_6_FITS_DLinear_MS_channels_6>>>>>>>>>>>>>>>>>>>>>>>>>>
train 9951
val 855
test 2425
	iters: 100, epoch: 1 | loss: 0.2226112
	speed: 0.0188s/iter; time left: 232.4307s
	iters: 200, epoch: 1 | loss: 0.0697490
	speed: 0.0061s/iter; time left: 74.5833s
	iters: 300, epoch: 1 | loss: 0.1813720
	speed: 0.0062s/iter; time left: 75.5844s
	iters: 400, epoch: 1 | loss: 0.0853678
	speed: 0.0061s/iter; time left: 73.5032s
	iters: 500, epoch: 1 | loss: 0.1358146
	speed: 0.0064s/iter; time left: 76.2016s
	iters: 600, epoch: 1 | loss: 0.1793816
	speed: 0.0067s/iter; time left: 78.8975s
	iters: 700, epoch: 1 | loss: 0.1325578
	speed: 0.0066s/iter; time left: 77.0992s
	iters: 800, epoch: 1 | loss: 0.1990989
	speed: 0.0067s/iter; time left: 77.4573s
	iters: 900, epoch: 1 | loss: 0.0985684
	speed: 0.0062s/iter; time left: 71.6957s
	iters: 1000, epoch: 1 | loss: 0.1194214
	speed: 0.0062s/iter; time left: 70.5470s
	iters: 1100, epoch: 1 | loss: 0.1188265
	speed: 0.0064s/iter; time left: 72.2338s
	iters: 1200, epoch: 1 | loss: 0.0602935
	speed: 0.0060s/iter; time left: 67.6097s
Epoch: 1 cost time: 8.8 seconds
Epoch: 1, Steps: 1243 | Train Loss: 0.1476473 Vali Loss: 12.6285362 Test Loss: 23.9827213
Validation loss decreased (inf --> 12.628536).  Saving model ...
Updating learning rate to 0.0005
	iters: 100, epoch: 2 | loss: 0.2962356
	speed: 0.0353s/iter; time left: 391.5893s
	iters: 200, epoch: 2 | loss: 0.0692990
	speed: 0.0061s/iter; time left: 67.1879s
	iters: 300, epoch: 2 | loss: 0.1505461
	speed: 0.0071s/iter; time left: 76.8449s
	iters: 400, epoch: 2 | loss: 0.1276550
	speed: 0.0065s/iter; time left: 70.3806s
	iters: 500, epoch: 2 | loss: 0.1149740
	speed: 0.0069s/iter; time left: 73.4354s
	iters: 600, epoch: 2 | loss: 0.0752412
	speed: 0.0072s/iter; time left: 76.0473s
	iters: 700, epoch: 2 | loss: 0.0689634
	speed: 0.0068s/iter; time left: 71.7465s
	iters: 800, epoch: 2 | loss: 0.0961892
	speed: 0.0072s/iter; time left: 74.3421s
	iters: 900, epoch: 2 | loss: 0.0955190
	speed: 0.0067s/iter; time left: 68.8969s
	iters: 1000, epoch: 2 | loss: 0.1074067
	speed: 0.0086s/iter; time left: 88.0470s
	iters: 1100, epoch: 2 | loss: 0.2238403
	speed: 0.0080s/iter; time left: 80.2426s
	iters: 1200, epoch: 2 | loss: 0.0700409
	speed: 0.0079s/iter; time left: 79.3487s
Epoch: 2 cost time: 9.2 seconds
Epoch: 2, Steps: 1243 | Train Loss: 0.1408718 Vali Loss: 11.4788857 Test Loss: 20.7151108
Validation loss decreased (12.628536 --> 11.478886).  Saving model ...
Updating learning rate to 0.00025
	iters: 100, epoch: 3 | loss: 0.0767133
	speed: 0.0387s/iter; time left: 381.0657s
	iters: 200, epoch: 3 | loss: 0.0696433
	speed: 0.0067s/iter; time left: 65.7262s
	iters: 300, epoch: 3 | loss: 0.0637816
	speed: 0.0072s/iter; time left: 69.8743s
	iters: 400, epoch: 3 | loss: 0.2596560
	speed: 0.0069s/iter; time left: 66.2753s
	iters: 500, epoch: 3 | loss: 0.2901246
	speed: 0.0061s/iter; time left: 57.6505s
	iters: 600, epoch: 3 | loss: 0.1019877
	speed: 0.0064s/iter; time left: 59.5765s
	iters: 700, epoch: 3 | loss: 0.0476134
	speed: 0.0066s/iter; time left: 61.2756s
	iters: 800, epoch: 3 | loss: 0.1001709
	speed: 0.0062s/iter; time left: 57.0779s
	iters: 900, epoch: 3 | loss: 0.1577941
	speed: 0.0059s/iter; time left: 53.8100s
	iters: 1000, epoch: 3 | loss: 0.1939825
	speed: 0.0065s/iter; time left: 58.0782s
	iters: 1100, epoch: 3 | loss: 0.1141310
	speed: 0.0060s/iter; time left: 52.6499s
	iters: 1200, epoch: 3 | loss: 0.1723109
	speed: 0.0061s/iter; time left: 53.2132s
Epoch: 3 cost time: 8.2 seconds
Epoch: 3, Steps: 1243 | Train Loss: 0.1344227 Vali Loss: 13.1011019 Test Loss: 24.2483902
EarlyStopping counter: 1 out of 3
Updating learning rate to 0.000125
	iters: 100, epoch: 4 | loss: 0.2946181
	speed: 0.0387s/iter; time left: 333.1929s
	iters: 200, epoch: 4 | loss: 0.1766021
	speed: 0.0063s/iter; time left: 53.7337s
	iters: 300, epoch: 4 | loss: 0.0765503
	speed: 0.0069s/iter; time left: 58.3027s
	iters: 400, epoch: 4 | loss: 0.3123530
	speed: 0.0071s/iter; time left: 58.7204s
	iters: 500, epoch: 4 | loss: 0.2243766
	speed: 0.0073s/iter; time left: 60.1222s
	iters: 600, epoch: 4 | loss: 0.0615735
	speed: 0.0075s/iter; time left: 60.8590s
	iters: 700, epoch: 4 | loss: 0.0861194
	speed: 0.0067s/iter; time left: 53.9712s
	iters: 800, epoch: 4 | loss: 0.0998423
	speed: 0.0068s/iter; time left: 53.5071s
	iters: 900, epoch: 4 | loss: 0.0742769
	speed: 0.0065s/iter; time left: 50.9548s
	iters: 1000, epoch: 4 | loss: 0.1168609
	speed: 0.0070s/iter; time left: 54.2845s
	iters: 1100, epoch: 4 | loss: 0.0628202
	speed: 0.0069s/iter; time left: 52.1415s
	iters: 1200, epoch: 4 | loss: 0.0587475
	speed: 0.0083s/iter; time left: 62.5645s
Epoch: 4 cost time: 9.1 seconds
Epoch: 4, Steps: 1243 | Train Loss: 0.1316979 Vali Loss: 12.2552586 Test Loss: 22.8466511
EarlyStopping counter: 2 out of 3
Updating learning rate to 6.25e-05
	iters: 100, epoch: 5 | loss: 0.1484340
	speed: 0.0434s/iter; time left: 319.3971s
	iters: 200, epoch: 5 | loss: 0.2166445
	speed: 0.0069s/iter; time left: 50.3895s
	iters: 300, epoch: 5 | loss: 0.0457357
	speed: 0.0074s/iter; time left: 53.0739s
	iters: 400, epoch: 5 | loss: 0.1229388
	speed: 0.0069s/iter; time left: 48.6305s
	iters: 500, epoch: 5 | loss: 0.1276053
	speed: 0.0083s/iter; time left: 57.8363s
	iters: 600, epoch: 5 | loss: 0.0686154
	speed: 0.0086s/iter; time left: 58.7634s
	iters: 700, epoch: 5 | loss: 0.0592619
	speed: 0.0090s/iter; time left: 60.8112s
	iters: 800, epoch: 5 | loss: 0.1028484
	speed: 0.0088s/iter; time left: 58.3307s
	iters: 900, epoch: 5 | loss: 0.0919165
	speed: 0.0064s/iter; time left: 42.1599s
	iters: 1000, epoch: 5 | loss: 0.0906151
	speed: 0.0064s/iter; time left: 41.0514s
	iters: 1100, epoch: 5 | loss: 0.0360112
	speed: 0.0065s/iter; time left: 41.0258s
	iters: 1200, epoch: 5 | loss: 0.0878999
	speed: 0.0060s/iter; time left: 37.2751s
Epoch: 5 cost time: 9.6 seconds
Epoch: 5, Steps: 1243 | Train Loss: 0.1301310 Vali Loss: 10.8857937 Test Loss: 20.1892681
Validation loss decreased (11.478886 --> 10.885794).  Saving model ...
Updating learning rate to 3.125e-05
	iters: 100, epoch: 6 | loss: 0.0578015
	speed: 0.0395s/iter; time left: 241.5514s
	iters: 200, epoch: 6 | loss: 0.2052058
	speed: 0.0074s/iter; time left: 44.6784s
	iters: 300, epoch: 6 | loss: 0.1215555
	speed: 0.0077s/iter; time left: 45.3816s
	iters: 400, epoch: 6 | loss: 0.0533376
	speed: 0.0066s/iter; time left: 38.2302s
	iters: 500, epoch: 6 | loss: 0.1542924
	speed: 0.0081s/iter; time left: 46.3016s
	iters: 600, epoch: 6 | loss: 0.0642405
	speed: 0.0072s/iter; time left: 40.5955s
	iters: 700, epoch: 6 | loss: 0.0811507
	speed: 0.0060s/iter; time left: 32.8340s
	iters: 800, epoch: 6 | loss: 0.1732721
	speed: 0.0060s/iter; time left: 32.2378s
	iters: 900, epoch: 6 | loss: 0.0756722
	speed: 0.0063s/iter; time left: 33.7265s
	iters: 1000, epoch: 6 | loss: 0.1280967
	speed: 0.0070s/iter; time left: 36.5365s
	iters: 1100, epoch: 6 | loss: 0.0898099
	speed: 0.0074s/iter; time left: 38.0907s
	iters: 1200, epoch: 6 | loss: 0.2286625
	speed: 0.0064s/iter; time left: 32.0995s
Epoch: 6 cost time: 9.0 seconds
Epoch: 6, Steps: 1243 | Train Loss: 0.1292386 Vali Loss: 11.4794579 Test Loss: 21.5008736
EarlyStopping counter: 1 out of 3
Updating learning rate to 1.5625e-05
	iters: 100, epoch: 7 | loss: 0.1241467
	speed: 0.0382s/iter; time left: 186.0873s
	iters: 200, epoch: 7 | loss: 0.0495814
	speed: 0.0080s/iter; time left: 38.0659s
	iters: 300, epoch: 7 | loss: 0.0573300
	speed: 0.0088s/iter; time left: 41.1480s
	iters: 400, epoch: 7 | loss: 0.1444751
	speed: 0.0092s/iter; time left: 41.8448s
	iters: 500, epoch: 7 | loss: 0.1423502
	speed: 0.0102s/iter; time left: 45.6764s
	iters: 600, epoch: 7 | loss: 0.0684325
	speed: 0.0089s/iter; time left: 39.0357s
	iters: 700, epoch: 7 | loss: 0.1261570
	speed: 0.0077s/iter; time left: 32.9982s
	iters: 800, epoch: 7 | loss: 0.0363212
	speed: 0.0076s/iter; time left: 31.5407s
	iters: 900, epoch: 7 | loss: 0.0969481
	speed: 0.0085s/iter; time left: 34.7450s
	iters: 1000, epoch: 7 | loss: 0.0676428
	speed: 0.0084s/iter; time left: 33.4580s
	iters: 1100, epoch: 7 | loss: 0.1379858
	speed: 0.0091s/iter; time left: 35.0980s
	iters: 1200, epoch: 7 | loss: 0.0762583
	speed: 0.0109s/iter; time left: 41.2451s
Epoch: 7 cost time: 11.2 seconds
Epoch: 7, Steps: 1243 | Train Loss: 0.1289506 Vali Loss: 11.5899973 Test Loss: 21.8326073
EarlyStopping counter: 2 out of 3
Updating learning rate to 7.8125e-06
	iters: 100, epoch: 8 | loss: 0.1386151
	speed: 0.0497s/iter; time left: 180.4775s
	iters: 200, epoch: 8 | loss: 0.1416138
	speed: 0.0079s/iter; time left: 28.0396s
	iters: 300, epoch: 8 | loss: 0.1192620
	speed: 0.0091s/iter; time left: 31.0443s
	iters: 400, epoch: 8 | loss: 0.1573378
	speed: 0.0091s/iter; time left: 30.4113s
	iters: 500, epoch: 8 | loss: 0.0689837
	speed: 0.0100s/iter; time left: 32.3977s
	iters: 600, epoch: 8 | loss: 0.1906914
	speed: 0.0092s/iter; time left: 28.6528s
	iters: 700, epoch: 8 | loss: 0.0991922
	speed: 0.0074s/iter; time left: 22.2862s
	iters: 800, epoch: 8 | loss: 0.3332052
	speed: 0.0079s/iter; time left: 23.1378s
	iters: 900, epoch: 8 | loss: 0.0839703
	speed: 0.0082s/iter; time left: 23.2224s
	iters: 1000, epoch: 8 | loss: 0.1389389
	speed: 0.0084s/iter; time left: 23.0343s
	iters: 1100, epoch: 8 | loss: 0.1805648
	speed: 0.0118s/iter; time left: 30.9558s
	iters: 1200, epoch: 8 | loss: 0.2988968
	speed: 0.0081s/iter; time left: 20.4726s
Epoch: 8 cost time: 11.5 seconds
Epoch: 8, Steps: 1243 | Train Loss: 0.1286477 Vali Loss: 11.6908350 Test Loss: 22.0939751
EarlyStopping counter: 3 out of 3
Early stopping
>>>>>>>testing : FITS_DLinear_MRO_336_720_MS_channels_6_FITS_DLinear_MS_channels_6<<<<<<<<<<<<<<<<<<<<<<<<<<<<<<<<<
test 2425
FITS_DLinear_MRO_336_720_MS_channels_6_FITS_DLinear_MS_channels_6
Shapes: pred (2424, 720, 1), true (2424, 720, 1), naive_pred (2424, 720, 1)
Shapes: gt (303, 1056), pd (303, 1056), naive_pd (303, 1056)
Final Metrics:
FITS_DLinear MSE: 20.189276  MAE: 3.517100   SE: 33.646851  RRMSE: 0.596487   RMAE: 0.466902   (numpy)
FITS_DLinear MSE: 20.189266  MAE: 3.517100   SE: 33.646851  RRMSE: 0.596487   RMAE: 0.466902   (torch)

Repeat       MSE: 23.184877  MAE: 3.680038   SE: 39.829136  RRMSE: 0.639209   RMAE: 0.488532   (numpy)
Repeat       MSE: 23.184883  MAE: 3.680040   SE: 39.829136  RRMSE: 0.639209   RMAE: 0.488532   (torch)


Model(
  (decomposition): SeriesDecomp(
    (moving_avg): MovingAvg(
      (avg): AvgPool1d(kernel_size=(25,), stride=(1,), padding=(0,))
    )
  )
  (fits): FITS(
    (frequency_upsampler): Linear(in_features=168, out_features=528, bias=True)
  )
  (Linear_Seasonal): Linear(in_features=1056, out_features=720, bias=True)
  (Linear_Trend): Linear(in_features=336, out_features=720, bias=True)
)
