Args in experiment:
Namespace(is_training=1, model_id='FITS_GD_336_192_MS_channels_6', model='FITS', data='custom', root_path='./dataset/', data_path='GD.csv', features='MS', target='Adj Close', freq='h', checkpoints='./checkpoints/', seq_len=336, label_len=48, pred_len=192, individual=False, embed_type=0, enc_in=6, dec_in=7, c_out=7, d_model=512, n_heads=8, e_layers=2, d_layers=1, d_ff=2048, moving_avg=25, factor=1, distil=True, dropout=0.05, embed='timeF', activation='gelu', output_attention=False, do_predict=False, num_workers=10, itr=1, train_epochs=10, batch_size=8, patience=3, learning_rate=0.0005, des='Exp', loss='mse', lradj='type1', use_amp=False, use_gpu=True, gpu=0, use_multi_gpu=False, devices='0,1,2,3', test_flop=False)
FITS_GD_336_192_MS_channels_6_FITS_MS_channels_6
Using GPU: NVIDIA GeForce RTX 4070 (cuda:0):
>>>>>>>start training : FITS_GD_336_192_MS_channels_6_FITS_MS_channels_6>>>>>>>>>>>>>>>>>>>>>>>>>>
train 10479
val 1383
test 2953
	iters: 100, epoch: 1 | loss: 0.1272895
	speed: 0.0199s/iter; time left: 258.8174s
	iters: 200, epoch: 1 | loss: 0.0250772
	speed: 0.0050s/iter; time left: 64.1137s
	iters: 300, epoch: 1 | loss: 0.0555620
	speed: 0.0049s/iter; time left: 62.2760s
	iters: 400, epoch: 1 | loss: 0.0125980
	speed: 0.0052s/iter; time left: 65.6402s
	iters: 500, epoch: 1 | loss: 0.0139891
	speed: 0.0048s/iter; time left: 60.2133s
	iters: 600, epoch: 1 | loss: 0.0175215
	speed: 0.0049s/iter; time left: 60.7115s
	iters: 700, epoch: 1 | loss: 0.0639616
	speed: 0.0050s/iter; time left: 61.3791s
	iters: 800, epoch: 1 | loss: 0.0750001
	speed: 0.0056s/iter; time left: 68.4328s
	iters: 900, epoch: 1 | loss: 0.0436530
	speed: 0.0050s/iter; time left: 60.8942s
	iters: 1000, epoch: 1 | loss: 0.0079483
	speed: 0.0049s/iter; time left: 59.4023s
	iters: 1100, epoch: 1 | loss: 0.0056750
	speed: 0.0049s/iter; time left: 59.2682s
	iters: 1200, epoch: 1 | loss: 0.0361897
	speed: 0.0048s/iter; time left: 57.6590s
	iters: 1300, epoch: 1 | loss: 0.0024367
	speed: 0.0053s/iter; time left: 62.9995s
Epoch: 1 cost time: 7.7 seconds
Epoch: 1, Steps: 1309 | Train Loss: 0.0428723 Vali Loss: 0.9890261 Test Loss: 5.0172315
Validation loss decreased (inf --> 0.989026).  Saving model ...
Updating learning rate to 0.0005
	iters: 100, epoch: 2 | loss: 0.0279509
	speed: 0.0383s/iter; time left: 447.4087s
	iters: 200, epoch: 2 | loss: 0.0446584
	speed: 0.0052s/iter; time left: 60.4339s
	iters: 300, epoch: 2 | loss: 0.0147823
	speed: 0.0053s/iter; time left: 61.2854s
	iters: 400, epoch: 2 | loss: 0.1385123
	speed: 0.0071s/iter; time left: 80.3540s
	iters: 500, epoch: 2 | loss: 0.0621956
	speed: 0.0055s/iter; time left: 62.3372s
	iters: 600, epoch: 2 | loss: 0.0198897
	speed: 0.0054s/iter; time left: 60.0692s
	iters: 700, epoch: 2 | loss: 0.0549221
	speed: 0.0056s/iter; time left: 61.5527s
	iters: 800, epoch: 2 | loss: 0.0164175
	speed: 0.0054s/iter; time left: 58.7873s
	iters: 900, epoch: 2 | loss: 0.0308414
	speed: 0.0052s/iter; time left: 56.4520s
	iters: 1000, epoch: 2 | loss: 0.0543496
	speed: 0.0063s/iter; time left: 67.6005s
	iters: 1100, epoch: 2 | loss: 0.0029161
	speed: 0.0057s/iter; time left: 61.2916s
	iters: 1200, epoch: 2 | loss: 0.0188703
	speed: 0.0058s/iter; time left: 60.9434s
	iters: 1300, epoch: 2 | loss: 0.0265883
	speed: 0.0058s/iter; time left: 61.1654s
Epoch: 2 cost time: 7.7 seconds
Epoch: 2, Steps: 1309 | Train Loss: 0.0343126 Vali Loss: 0.9309997 Test Loss: 4.8366423
Validation loss decreased (0.989026 --> 0.931000).  Saving model ...
Updating learning rate to 0.00025
	iters: 100, epoch: 3 | loss: 0.0473415
	speed: 0.0382s/iter; time left: 396.5948s
	iters: 200, epoch: 3 | loss: 0.0004651
	speed: 0.0059s/iter; time left: 61.0543s
	iters: 300, epoch: 3 | loss: 0.0303886
	speed: 0.0058s/iter; time left: 59.4922s
	iters: 400, epoch: 3 | loss: 0.0361665
	speed: 0.0055s/iter; time left: 54.9825s
	iters: 500, epoch: 3 | loss: 0.0120921
	speed: 0.0054s/iter; time left: 53.8687s
	iters: 600, epoch: 3 | loss: 0.0176783
	speed: 0.0050s/iter; time left: 49.3282s
	iters: 700, epoch: 3 | loss: 0.0462504
	speed: 0.0055s/iter; time left: 54.0445s
	iters: 800, epoch: 3 | loss: 0.0110759
	speed: 0.0057s/iter; time left: 55.5595s
	iters: 900, epoch: 3 | loss: 0.0448173
	speed: 0.0053s/iter; time left: 51.0169s
	iters: 1000, epoch: 3 | loss: 0.0616476
	speed: 0.0060s/iter; time left: 57.1205s
	iters: 1100, epoch: 3 | loss: 0.0287227
	speed: 0.0059s/iter; time left: 55.6773s
	iters: 1200, epoch: 3 | loss: 0.0011853
	speed: 0.0059s/iter; time left: 54.8290s
	iters: 1300, epoch: 3 | loss: 0.0043760
	speed: 0.0052s/iter; time left: 48.0763s
Epoch: 3 cost time: 7.6 seconds
Epoch: 3, Steps: 1309 | Train Loss: 0.0323800 Vali Loss: 0.9062985 Test Loss: 4.7591896
Validation loss decreased (0.931000 --> 0.906298).  Saving model ...
Updating learning rate to 0.000125
	iters: 100, epoch: 4 | loss: 0.0278646
	speed: 0.0363s/iter; time left: 328.9791s
	iters: 200, epoch: 4 | loss: 0.0028818
	speed: 0.0053s/iter; time left: 47.5147s
	iters: 300, epoch: 4 | loss: 0.0499897
	speed: 0.0053s/iter; time left: 47.2633s
	iters: 400, epoch: 4 | loss: 0.0371878
	speed: 0.0061s/iter; time left: 53.1674s
	iters: 500, epoch: 4 | loss: 0.0257337
	speed: 0.0055s/iter; time left: 47.3958s
	iters: 600, epoch: 4 | loss: 0.0226617
	speed: 0.0058s/iter; time left: 49.3897s
	iters: 700, epoch: 4 | loss: 0.1277557
	speed: 0.0051s/iter; time left: 43.2367s
	iters: 800, epoch: 4 | loss: 0.0161530
	speed: 0.0059s/iter; time left: 49.6361s
	iters: 900, epoch: 4 | loss: 0.0430943
	speed: 0.0059s/iter; time left: 48.9276s
	iters: 1000, epoch: 4 | loss: 0.0046243
	speed: 0.0055s/iter; time left: 45.2689s
	iters: 1100, epoch: 4 | loss: 0.0000415
	speed: 0.0055s/iter; time left: 44.1381s
	iters: 1200, epoch: 4 | loss: 0.0449080
	speed: 0.0059s/iter; time left: 46.8889s
	iters: 1300, epoch: 4 | loss: 0.0046057
	speed: 0.0057s/iter; time left: 44.6442s
Epoch: 4 cost time: 7.6 seconds
Epoch: 4, Steps: 1309 | Train Loss: 0.0317485 Vali Loss: 0.9079025 Test Loss: 4.7463493
EarlyStopping counter: 1 out of 3
Updating learning rate to 6.25e-05
	iters: 100, epoch: 5 | loss: 0.0017102
	speed: 0.0402s/iter; time left: 312.0502s
	iters: 200, epoch: 5 | loss: 0.0288699
	speed: 0.0053s/iter; time left: 40.5495s
	iters: 300, epoch: 5 | loss: 0.0079525
	speed: 0.0050s/iter; time left: 37.9027s
	iters: 400, epoch: 5 | loss: 0.0263634
	speed: 0.0055s/iter; time left: 41.1577s
	iters: 500, epoch: 5 | loss: 0.0057559
	speed: 0.0050s/iter; time left: 36.7159s
	iters: 600, epoch: 5 | loss: 0.0373856
	speed: 0.0060s/iter; time left: 43.3631s
	iters: 700, epoch: 5 | loss: 0.0086122
	speed: 0.0059s/iter; time left: 42.2338s
	iters: 800, epoch: 5 | loss: 0.0522255
	speed: 0.0056s/iter; time left: 39.2307s
	iters: 900, epoch: 5 | loss: 0.0397343
	speed: 0.0050s/iter; time left: 35.1096s
	iters: 1000, epoch: 5 | loss: 0.0271719
	speed: 0.0048s/iter; time left: 33.1405s
	iters: 1100, epoch: 5 | loss: 0.0151360
	speed: 0.0053s/iter; time left: 35.8087s
	iters: 1200, epoch: 5 | loss: 0.0378243
	speed: 0.0053s/iter; time left: 34.9391s
	iters: 1300, epoch: 5 | loss: 0.0019850
	speed: 0.0048s/iter; time left: 31.4262s
Epoch: 5 cost time: 7.4 seconds
Epoch: 5, Steps: 1309 | Train Loss: 0.0314810 Vali Loss: 0.9066536 Test Loss: 4.7252984
EarlyStopping counter: 2 out of 3
Updating learning rate to 3.125e-05
	iters: 100, epoch: 6 | loss: 0.0858514
	speed: 0.0349s/iter; time left: 224.9518s
	iters: 200, epoch: 6 | loss: 0.0011654
	speed: 0.0051s/iter; time left: 32.6074s
	iters: 300, epoch: 6 | loss: 0.0550919
	speed: 0.0050s/iter; time left: 31.1796s
	iters: 400, epoch: 6 | loss: 0.0090698
	speed: 0.0051s/iter; time left: 31.2132s
	iters: 500, epoch: 6 | loss: 0.1731709
	speed: 0.0052s/iter; time left: 31.3822s
	iters: 600, epoch: 6 | loss: 0.0473548
	speed: 0.0050s/iter; time left: 29.6262s
	iters: 700, epoch: 6 | loss: 0.0133411
	speed: 0.0048s/iter; time left: 28.0769s
	iters: 800, epoch: 6 | loss: 0.0827665
	speed: 0.0050s/iter; time left: 28.4552s
	iters: 900, epoch: 6 | loss: 0.0015688
	speed: 0.0047s/iter; time left: 26.7670s
	iters: 1000, epoch: 6 | loss: 0.0216712
	speed: 0.0048s/iter; time left: 26.3997s
	iters: 1100, epoch: 6 | loss: 0.0903332
	speed: 0.0048s/iter; time left: 25.9925s
	iters: 1200, epoch: 6 | loss: 0.0115112
	speed: 0.0049s/iter; time left: 26.1416s
	iters: 1300, epoch: 6 | loss: 0.0670243
	speed: 0.0049s/iter; time left: 25.8382s
Epoch: 6 cost time: 6.8 seconds
Epoch: 6, Steps: 1309 | Train Loss: 0.0313248 Vali Loss: 0.9006073 Test Loss: 4.7227764
Validation loss decreased (0.906298 --> 0.900607).  Saving model ...
Updating learning rate to 1.5625e-05
	iters: 100, epoch: 7 | loss: 0.0446917
	speed: 0.0339s/iter; time left: 174.2395s
	iters: 200, epoch: 7 | loss: 0.0052547
	speed: 0.0052s/iter; time left: 25.9846s
	iters: 300, epoch: 7 | loss: 0.0302552
	speed: 0.0050s/iter; time left: 24.7265s
	iters: 400, epoch: 7 | loss: 0.0108915
	speed: 0.0053s/iter; time left: 25.4061s
	iters: 500, epoch: 7 | loss: 0.0056872
	speed: 0.0052s/iter; time left: 24.7686s
	iters: 600, epoch: 7 | loss: 0.0504020
	speed: 0.0050s/iter; time left: 23.0198s
	iters: 700, epoch: 7 | loss: 0.0456967
	speed: 0.0049s/iter; time left: 22.2624s
	iters: 800, epoch: 7 | loss: 0.0021429
	speed: 0.0048s/iter; time left: 21.3882s
	iters: 900, epoch: 7 | loss: 0.0324947
	speed: 0.0049s/iter; time left: 21.4199s
	iters: 1000, epoch: 7 | loss: 0.0328669
	speed: 0.0049s/iter; time left: 20.6187s
	iters: 1100, epoch: 7 | loss: 0.0209833
	speed: 0.0051s/iter; time left: 21.1196s
	iters: 1200, epoch: 7 | loss: 0.0039123
	speed: 0.0050s/iter; time left: 20.2222s
	iters: 1300, epoch: 7 | loss: 0.0160361
	speed: 0.0049s/iter; time left: 19.4307s
Epoch: 7 cost time: 6.9 seconds
Epoch: 7, Steps: 1309 | Train Loss: 0.0312707 Vali Loss: 0.9062066 Test Loss: 4.7173295
EarlyStopping counter: 1 out of 3
Updating learning rate to 7.8125e-06
	iters: 100, epoch: 8 | loss: 0.0168304
	speed: 0.0328s/iter; time left: 125.5494s
	iters: 200, epoch: 8 | loss: 0.0125533
	speed: 0.0049s/iter; time left: 18.2882s
	iters: 300, epoch: 8 | loss: 0.0952515
	speed: 0.0051s/iter; time left: 18.6172s
	iters: 400, epoch: 8 | loss: 0.0468590
	speed: 0.0053s/iter; time left: 18.5732s
	iters: 500, epoch: 8 | loss: 0.0783098
	speed: 0.0052s/iter; time left: 17.8628s
	iters: 600, epoch: 8 | loss: 0.0175687
	speed: 0.0048s/iter; time left: 16.0571s
	iters: 700, epoch: 8 | loss: 0.0274026
	speed: 0.0050s/iter; time left: 16.0730s
	iters: 800, epoch: 8 | loss: 0.0541698
	speed: 0.0048s/iter; time left: 14.9857s
	iters: 900, epoch: 8 | loss: 0.0257938
	speed: 0.0047s/iter; time left: 14.2701s
	iters: 1000, epoch: 8 | loss: 0.0051090
	speed: 0.0047s/iter; time left: 13.8900s
	iters: 1100, epoch: 8 | loss: 0.0167698
	speed: 0.0051s/iter; time left: 14.2864s
	iters: 1200, epoch: 8 | loss: 0.0246134
	speed: 0.0049s/iter; time left: 13.4716s
	iters: 1300, epoch: 8 | loss: 0.0976672
	speed: 0.0053s/iter; time left: 13.9399s
Epoch: 8 cost time: 6.9 seconds
Epoch: 8, Steps: 1309 | Train Loss: 0.0312345 Vali Loss: 0.9050382 Test Loss: 4.7175732
EarlyStopping counter: 2 out of 3
Updating learning rate to 3.90625e-06
	iters: 100, epoch: 9 | loss: 0.0610822
	speed: 0.0350s/iter; time left: 88.1735s
	iters: 200, epoch: 9 | loss: 0.0345931
	speed: 0.0059s/iter; time left: 14.2893s
	iters: 300, epoch: 9 | loss: 0.0399479
	speed: 0.0055s/iter; time left: 12.6593s
	iters: 400, epoch: 9 | loss: 0.0354653
	speed: 0.0058s/iter; time left: 12.9109s
	iters: 500, epoch: 9 | loss: 0.0685621
	speed: 0.0058s/iter; time left: 12.1847s
	iters: 600, epoch: 9 | loss: 0.0342475
	speed: 0.0057s/iter; time left: 11.5007s
	iters: 700, epoch: 9 | loss: 0.0361751
	speed: 0.0059s/iter; time left: 11.3523s
	iters: 800, epoch: 9 | loss: 0.1236266
	speed: 0.0058s/iter; time left: 10.5065s
	iters: 900, epoch: 9 | loss: 0.0259461
	speed: 0.0056s/iter; time left: 9.6232s
	iters: 1000, epoch: 9 | loss: 0.0108883
	speed: 0.0055s/iter; time left: 8.9078s
	iters: 1100, epoch: 9 | loss: 0.0215879
	speed: 0.0054s/iter; time left: 8.1335s
	iters: 1200, epoch: 9 | loss: 0.0346496
	speed: 0.0055s/iter; time left: 7.7702s
	iters: 1300, epoch: 9 | loss: 0.0339690
	speed: 0.0059s/iter; time left: 7.7468s
Epoch: 9 cost time: 7.7 seconds
Epoch: 9, Steps: 1309 | Train Loss: 0.0311974 Vali Loss: 0.9050282 Test Loss: 4.7171621
EarlyStopping counter: 3 out of 3
Early stopping
>>>>>>>testing : FITS_GD_336_192_MS_channels_6_FITS_MS_channels_6<<<<<<<<<<<<<<<<<<<<<<<<<<<<<<<<<
test 2953
FITS_GD_336_192_MS_channels_6_FITS_MS_channels_6
Shapes: pred (2952, 192, 1), true (2952, 192, 1), naive_pred (2952, 192, 1)
Shapes: gt (369, 528), pd (369, 528), naive_pd (369, 528)
Final Metrics:
FITS         MSE: 4.722777   MAE: 1.636985   SE: 9.919398   RRMSE: 0.141232   RMAE: 0.106385   (numpy)
FITS         MSE: 4.722777   MAE: 1.636985   SE: 9.919399   RRMSE: 0.141232   RMAE: 0.106385   (torch)

Repeat       MSE: 4.300982   MAE: 1.530693   SE: 9.897922   RRMSE: 0.134778   RMAE: 0.099477   (numpy)
Repeat       MSE: 4.300982   MAE: 1.530692   SE: 9.897922   RRMSE: 0.134778   RMAE: 0.099477   (torch)


Model(
  (fits): FITS(
    (frequency_upsampler): Linear(in_features=168, out_features=264, bias=True)
  )
)
