Args in experiment:
Namespace(is_training=1, model_id='FITS_exchange_rate_336_192_MS_channels_7', model='FITS', data='custom', root_path='./dataset/', data_path='exchange_rate.csv', features='MS', target='OT', freq='h', checkpoints='./checkpoints/', seq_len=336, label_len=48, pred_len=192, individual=False, embed_type=0, enc_in=7, dec_in=7, c_out=7, d_model=512, n_heads=8, e_layers=2, d_layers=1, d_ff=2048, moving_avg=25, factor=1, distil=True, dropout=0.05, embed='timeF', activation='gelu', output_attention=False, do_predict=False, num_workers=10, itr=1, train_epochs=10, batch_size=8, patience=3, learning_rate=0.0005, des='Exp', loss='mse', lradj='type1', use_amp=False, use_gpu=True, gpu=0, use_multi_gpu=False, devices='0,1,2,3', test_flop=False)
FITS_exchange_rate_336_192_MS_channels_7_FITS_MS_channels_7
Using GPU: NVIDIA GeForce RTX 4070 (cuda:0):
>>>>>>>start training : FITS_exchange_rate_336_192_MS_channels_7_FITS_MS_channels_7>>>>>>>>>>>>>>>>>>>>>>>>>>
train 4784
val 569
test 1326
	iters: 100, epoch: 1 | loss: 0.8820219
	speed: 0.0206s/iter; time left: 121.1028s
	iters: 200, epoch: 1 | loss: 0.5405318
	speed: 0.0057s/iter; time left: 32.8041s
	iters: 300, epoch: 1 | loss: 0.6038075
	speed: 0.0053s/iter; time left: 30.3617s
	iters: 400, epoch: 1 | loss: 0.3942164
	speed: 0.0054s/iter; time left: 30.1999s
	iters: 500, epoch: 1 | loss: 0.1781131
	speed: 0.0055s/iter; time left: 30.0247s
Epoch: 1 cost time: 4.4 seconds
Epoch: 1, Steps: 598 | Train Loss: 0.4922323 Vali Loss: 0.2220003 Test Loss: 0.2685812
Validation loss decreased (inf --> 0.222000).  Saving model ...
Updating learning rate to 0.0005
	iters: 100, epoch: 2 | loss: 0.3961235
	speed: 0.0296s/iter; time left: 156.6067s
	iters: 200, epoch: 2 | loss: 0.2324387
	speed: 0.0056s/iter; time left: 28.9921s
	iters: 300, epoch: 2 | loss: 0.2689618
	speed: 0.0060s/iter; time left: 30.3705s
	iters: 400, epoch: 2 | loss: 0.1604992
	speed: 0.0067s/iter; time left: 33.3643s
	iters: 500, epoch: 2 | loss: 0.1696824
	speed: 0.0058s/iter; time left: 28.4616s
Epoch: 2 cost time: 3.9 seconds
Epoch: 2, Steps: 598 | Train Loss: 0.3777867 Vali Loss: 0.2158652 Test Loss: 0.2435116
Validation loss decreased (0.222000 --> 0.215865).  Saving model ...
Updating learning rate to 0.00025
	iters: 100, epoch: 3 | loss: 0.2224545
	speed: 0.0323s/iter; time left: 151.4527s
	iters: 200, epoch: 3 | loss: 0.2396961
	speed: 0.0066s/iter; time left: 30.0776s
	iters: 300, epoch: 3 | loss: 0.3269417
	speed: 0.0059s/iter; time left: 26.5258s
	iters: 400, epoch: 3 | loss: 0.3517600
	speed: 0.0062s/iter; time left: 27.1049s
	iters: 500, epoch: 3 | loss: 0.4042032
	speed: 0.0061s/iter; time left: 26.3231s
Epoch: 3 cost time: 3.9 seconds
Epoch: 3, Steps: 598 | Train Loss: 0.3509121 Vali Loss: 0.2202395 Test Loss: 0.2382244
EarlyStopping counter: 1 out of 3
Updating learning rate to 0.000125
	iters: 100, epoch: 4 | loss: 0.2359555
	speed: 0.0292s/iter; time left: 119.3496s
	iters: 200, epoch: 4 | loss: 0.3634208
	speed: 0.0060s/iter; time left: 23.7781s
	iters: 300, epoch: 4 | loss: 0.1647933
	speed: 0.0062s/iter; time left: 24.0884s
	iters: 400, epoch: 4 | loss: 0.2277003
	speed: 0.0060s/iter; time left: 22.5431s
	iters: 500, epoch: 4 | loss: 0.4841422
	speed: 0.0058s/iter; time left: 21.3675s
Epoch: 4 cost time: 3.8 seconds
Epoch: 4, Steps: 598 | Train Loss: 0.3409471 Vali Loss: 0.2222702 Test Loss: 0.2360429
EarlyStopping counter: 2 out of 3
Updating learning rate to 6.25e-05
	iters: 100, epoch: 5 | loss: 0.1794919
	speed: 0.0312s/iter; time left: 108.7737s
	iters: 200, epoch: 5 | loss: 0.3282036
	speed: 0.0077s/iter; time left: 26.1634s
	iters: 300, epoch: 5 | loss: 0.1552378
	speed: 0.0073s/iter; time left: 23.9296s
	iters: 400, epoch: 5 | loss: 0.2478254
	speed: 0.0066s/iter; time left: 21.1512s
	iters: 500, epoch: 5 | loss: 0.2810788
	speed: 0.0062s/iter; time left: 19.2736s
Epoch: 5 cost time: 4.4 seconds
Epoch: 5, Steps: 598 | Train Loss: 0.3365363 Vali Loss: 0.2238036 Test Loss: 0.2351023
EarlyStopping counter: 3 out of 3
Early stopping
>>>>>>>testing : FITS_exchange_rate_336_192_MS_channels_7_FITS_MS_channels_7<<<<<<<<<<<<<<<<<<<<<<<<<<<<<<<<<
test 1326
FITS_exchange_rate_336_192_MS_channels_7_FITS_MS_channels_7
Shapes: pred (1320, 192, 1), true (1320, 192, 1), naive_pred (1320, 192, 1)
Shapes: gt (165, 528), pd (165, 528), naive_pd (165, 528)
Final Metrics:
FITS_10         MSE: 0.243512   MAE: 0.391130   SE: 0.507102   RRMSE: 0.296135   RMAE: 0.234721   (numpy)
FITS_10         MSE: 0.243512   MAE: 0.391130   SE: 0.507102   RRMSE: 0.296135   RMAE: 0.234721   (torch)

Repeat       MSE: 0.188096   MAE: 0.332759   SE: 0.385642   RRMSE: 0.260268   RMAE: 0.199692   (numpy)
Repeat       MSE: 0.188096   MAE: 0.332759   SE: 0.385642   RRMSE: 0.260268   RMAE: 0.199692   (torch)

