Args in experiment:
Namespace(is_training=1, model_id='FITS_100_GD_336_336_MS_channels_6', model='FITS_100', data='custom', root_path='./dataset/', data_path='GD.csv', features='MS', target='Adj Close', freq='h', checkpoints='./checkpoints/', seq_len=336, label_len=48, pred_len=336, individual=False, embed_type=0, enc_in=6, dec_in=7, c_out=7, d_model=512, n_heads=8, e_layers=2, d_layers=1, d_ff=2048, moving_avg=25, factor=1, distil=True, dropout=0.05, embed='timeF', activation='gelu', output_attention=False, do_predict=False, num_workers=10, itr=1, train_epochs=10, batch_size=8, patience=3, learning_rate=0.0005, des='Exp', loss='mse', lradj='type1', use_amp=False, use_gpu=True, gpu=0, use_multi_gpu=False, devices='0,1,2,3', test_flop=False)
FITS_100_GD_336_336_MS_channels_6_FITS_100_MS_channels_6
Using GPU: NVIDIA GeForce RTX 4070 (cuda:0):
>>>>>>>start training : FITS_100_GD_336_336_MS_channels_6_FITS_100_MS_channels_6>>>>>>>>>>>>>>>>>>>>>>>>>>
train 10335
val 1239
test 2809
	iters: 100, epoch: 1 | loss: 0.0227217
	speed: 0.0184s/iter; time left: 236.0179s
	iters: 200, epoch: 1 | loss: 0.0104100
	speed: 0.0046s/iter; time left: 58.8402s
	iters: 300, epoch: 1 | loss: 0.0193136
	speed: 0.0045s/iter; time left: 56.4143s
	iters: 400, epoch: 1 | loss: 0.0249818
	speed: 0.0045s/iter; time left: 56.7404s
	iters: 500, epoch: 1 | loss: 0.1203525
	speed: 0.0046s/iter; time left: 57.6081s
	iters: 600, epoch: 1 | loss: 0.0544780
	speed: 0.0049s/iter; time left: 60.0975s
	iters: 700, epoch: 1 | loss: 0.0430245
	speed: 0.0049s/iter; time left: 60.1157s
	iters: 800, epoch: 1 | loss: 0.1212643
	speed: 0.0050s/iter; time left: 60.7894s
	iters: 900, epoch: 1 | loss: 0.0015839
	speed: 0.0049s/iter; time left: 59.1267s
	iters: 1000, epoch: 1 | loss: 0.0232206
	speed: 0.0051s/iter; time left: 60.6398s
	iters: 1100, epoch: 1 | loss: 0.0086769
	speed: 0.0050s/iter; time left: 59.4398s
	iters: 1200, epoch: 1 | loss: 0.0979447
	speed: 0.0053s/iter; time left: 62.5932s
Epoch: 1 cost time: 7.3 seconds
Epoch: 1, Steps: 1291 | Train Loss: 0.0663398 Vali Loss: 1.4687680 Test Loss: 9.4402504
Validation loss decreased (inf --> 1.468768).  Saving model ...
Updating learning rate to 0.0005
	iters: 100, epoch: 2 | loss: 0.0226337
	speed: 0.0426s/iter; time left: 490.6135s
	iters: 200, epoch: 2 | loss: 0.0093806
	speed: 0.0051s/iter; time left: 58.4223s
	iters: 300, epoch: 2 | loss: 0.0617610
	speed: 0.0054s/iter; time left: 61.1618s
	iters: 400, epoch: 2 | loss: 0.0758065
	speed: 0.0053s/iter; time left: 59.7324s
	iters: 500, epoch: 2 | loss: 0.0057254
	speed: 0.0054s/iter; time left: 60.2624s
	iters: 600, epoch: 2 | loss: 0.0500957
	speed: 0.0052s/iter; time left: 57.5692s
	iters: 700, epoch: 2 | loss: 0.0502986
	speed: 0.0053s/iter; time left: 58.3262s
	iters: 800, epoch: 2 | loss: 0.0040578
	speed: 0.0052s/iter; time left: 55.8050s
	iters: 900, epoch: 2 | loss: 0.1248991
	speed: 0.0054s/iter; time left: 58.2167s
	iters: 1000, epoch: 2 | loss: 0.0036865
	speed: 0.0057s/iter; time left: 60.9413s
	iters: 1100, epoch: 2 | loss: 0.0577993
	speed: 0.0055s/iter; time left: 57.9456s
	iters: 1200, epoch: 2 | loss: 0.0859280
	speed: 0.0056s/iter; time left: 58.1732s
Epoch: 2 cost time: 7.2 seconds
Epoch: 2, Steps: 1291 | Train Loss: 0.0586943 Vali Loss: 1.4403893 Test Loss: 8.8319378
Validation loss decreased (1.468768 --> 1.440389).  Saving model ...
Updating learning rate to 0.00025
	iters: 100, epoch: 3 | loss: 0.0203409
	speed: 0.0404s/iter; time left: 413.3620s
	iters: 200, epoch: 3 | loss: 0.0384729
	speed: 0.0055s/iter; time left: 55.9576s
	iters: 300, epoch: 3 | loss: 0.0235475
	speed: 0.0055s/iter; time left: 55.2304s
	iters: 400, epoch: 3 | loss: 0.0010318
	speed: 0.0056s/iter; time left: 56.0493s
	iters: 500, epoch: 3 | loss: 0.1126861
	speed: 0.0059s/iter; time left: 58.0397s
	iters: 600, epoch: 3 | loss: 0.0388780
	speed: 0.0060s/iter; time left: 58.2605s
	iters: 700, epoch: 3 | loss: 0.0036688
	speed: 0.0058s/iter; time left: 56.0278s
	iters: 800, epoch: 3 | loss: 0.1200060
	speed: 0.0059s/iter; time left: 56.0125s
	iters: 900, epoch: 3 | loss: 0.0097749
	speed: 0.0057s/iter; time left: 54.2095s
	iters: 1000, epoch: 3 | loss: 0.0286003
	speed: 0.0058s/iter; time left: 54.2919s
	iters: 1100, epoch: 3 | loss: 0.0251733
	speed: 0.0062s/iter; time left: 57.5162s
	iters: 1200, epoch: 3 | loss: 0.0006250
	speed: 0.0061s/iter; time left: 55.9112s
Epoch: 3 cost time: 7.8 seconds
Epoch: 3, Steps: 1291 | Train Loss: 0.0568989 Vali Loss: 1.4206965 Test Loss: 8.7404976
Validation loss decreased (1.440389 --> 1.420696).  Saving model ...
Updating learning rate to 0.000125
	iters: 100, epoch: 4 | loss: 0.0356417
	speed: 0.0429s/iter; time left: 383.6588s
	iters: 200, epoch: 4 | loss: 0.0010964
	speed: 0.0059s/iter; time left: 52.2274s
	iters: 300, epoch: 4 | loss: 0.0237059
	speed: 0.0058s/iter; time left: 50.5529s
	iters: 400, epoch: 4 | loss: 0.0980308
	speed: 0.0055s/iter; time left: 47.1143s
	iters: 500, epoch: 4 | loss: 0.0043795
	speed: 0.0052s/iter; time left: 44.7859s
	iters: 600, epoch: 4 | loss: 0.0086857
	speed: 0.0053s/iter; time left: 44.9070s
	iters: 700, epoch: 4 | loss: 0.0640165
	speed: 0.0056s/iter; time left: 46.8812s
	iters: 800, epoch: 4 | loss: 0.0341904
	speed: 0.0057s/iter; time left: 46.8791s
	iters: 900, epoch: 4 | loss: 0.0442049
	speed: 0.0057s/iter; time left: 46.7875s
	iters: 1000, epoch: 4 | loss: 0.0651322
	speed: 0.0057s/iter; time left: 46.2101s
	iters: 1100, epoch: 4 | loss: 0.0337687
	speed: 0.0055s/iter; time left: 43.4897s
	iters: 1200, epoch: 4 | loss: 0.0652144
	speed: 0.0058s/iter; time left: 45.6050s
Epoch: 4 cost time: 7.6 seconds
Epoch: 4, Steps: 1291 | Train Loss: 0.0561565 Vali Loss: 1.4148942 Test Loss: 8.7204189
Validation loss decreased (1.420696 --> 1.414894).  Saving model ...
Updating learning rate to 6.25e-05
	iters: 100, epoch: 5 | loss: 0.0424660
	speed: 0.0425s/iter; time left: 325.1725s
	iters: 200, epoch: 5 | loss: 0.0804087
	speed: 0.0067s/iter; time left: 50.3796s
	iters: 300, epoch: 5 | loss: 0.0959212
	speed: 0.0063s/iter; time left: 46.6240s
	iters: 400, epoch: 5 | loss: 0.0221276
	speed: 0.0055s/iter; time left: 40.5053s
	iters: 500, epoch: 5 | loss: 0.0384966
	speed: 0.0056s/iter; time left: 40.7890s
	iters: 600, epoch: 5 | loss: 0.0208396
	speed: 0.0064s/iter; time left: 45.9686s
	iters: 700, epoch: 5 | loss: 0.0501634
	speed: 0.0056s/iter; time left: 39.3677s
	iters: 800, epoch: 5 | loss: 0.0054980
	speed: 0.0055s/iter; time left: 38.4756s
	iters: 900, epoch: 5 | loss: 0.0135092
	speed: 0.0057s/iter; time left: 38.8393s
	iters: 1000, epoch: 5 | loss: 0.0897517
	speed: 0.0060s/iter; time left: 40.8028s
	iters: 1100, epoch: 5 | loss: 0.0059969
	speed: 0.0059s/iter; time left: 39.1111s
	iters: 1200, epoch: 5 | loss: 0.1853544
	speed: 0.0059s/iter; time left: 38.7660s
Epoch: 5 cost time: 8.0 seconds
Epoch: 5, Steps: 1291 | Train Loss: 0.0559373 Vali Loss: 1.4085264 Test Loss: 8.7313461
Validation loss decreased (1.414894 --> 1.408526).  Saving model ...
Updating learning rate to 3.125e-05
	iters: 100, epoch: 6 | loss: 0.0656672
	speed: 0.0410s/iter; time left: 260.3712s
	iters: 200, epoch: 6 | loss: 0.0078326
	speed: 0.0055s/iter; time left: 34.2075s
	iters: 300, epoch: 6 | loss: 0.0095542
	speed: 0.0056s/iter; time left: 34.4940s
	iters: 400, epoch: 6 | loss: 0.0797242
	speed: 0.0054s/iter; time left: 32.9153s
	iters: 500, epoch: 6 | loss: 0.0723027
	speed: 0.0061s/iter; time left: 36.4421s
	iters: 600, epoch: 6 | loss: 0.0489454
	speed: 0.0061s/iter; time left: 35.5532s
	iters: 700, epoch: 6 | loss: 0.0524568
	speed: 0.0057s/iter; time left: 32.8668s
	iters: 800, epoch: 6 | loss: 0.0058313
	speed: 0.0060s/iter; time left: 34.1888s
	iters: 900, epoch: 6 | loss: 0.0958939
	speed: 0.0056s/iter; time left: 31.3016s
	iters: 1000, epoch: 6 | loss: 0.0236821
	speed: 0.0053s/iter; time left: 28.9240s
	iters: 1100, epoch: 6 | loss: 0.0823280
	speed: 0.0054s/iter; time left: 28.7754s
	iters: 1200, epoch: 6 | loss: 0.0486517
	speed: 0.0059s/iter; time left: 30.7708s
Epoch: 6 cost time: 7.6 seconds
Epoch: 6, Steps: 1291 | Train Loss: 0.0557028 Vali Loss: 1.4037272 Test Loss: 8.7090578
Validation loss decreased (1.408526 --> 1.403727).  Saving model ...
Updating learning rate to 1.5625e-05
	iters: 100, epoch: 7 | loss: 0.0212676
	speed: 0.0412s/iter; time left: 208.8037s
	iters: 200, epoch: 7 | loss: 0.0039620
	speed: 0.0057s/iter; time left: 28.5330s
	iters: 300, epoch: 7 | loss: 0.0076028
	speed: 0.0056s/iter; time left: 27.4286s
	iters: 400, epoch: 7 | loss: 0.0117029
	speed: 0.0056s/iter; time left: 26.8679s
	iters: 500, epoch: 7 | loss: 0.0728509
	speed: 0.0056s/iter; time left: 25.9070s
	iters: 600, epoch: 7 | loss: 0.0048740
	speed: 0.0057s/iter; time left: 26.1161s
	iters: 700, epoch: 7 | loss: 0.0722139
	speed: 0.0055s/iter; time left: 24.4324s
	iters: 800, epoch: 7 | loss: 0.0076506
	speed: 0.0055s/iter; time left: 23.8891s
	iters: 900, epoch: 7 | loss: 0.0876552
	speed: 0.0055s/iter; time left: 23.3122s
	iters: 1000, epoch: 7 | loss: 0.1103208
	speed: 0.0058s/iter; time left: 24.3083s
	iters: 1100, epoch: 7 | loss: 0.0493148
	speed: 0.0057s/iter; time left: 23.2340s
	iters: 1200, epoch: 7 | loss: 0.0156005
	speed: 0.0055s/iter; time left: 21.9580s
Epoch: 7 cost time: 7.5 seconds
Epoch: 7, Steps: 1291 | Train Loss: 0.0557173 Vali Loss: 1.4052491 Test Loss: 8.7063437
EarlyStopping counter: 1 out of 3
Updating learning rate to 7.8125e-06
	iters: 100, epoch: 8 | loss: 0.0788650
	speed: 0.0397s/iter; time left: 149.7399s
	iters: 200, epoch: 8 | loss: 0.0016477
	speed: 0.0055s/iter; time left: 20.1758s
	iters: 300, epoch: 8 | loss: 0.0598775
	speed: 0.0055s/iter; time left: 19.6413s
	iters: 400, epoch: 8 | loss: 0.0443857
	speed: 0.0054s/iter; time left: 18.6064s
	iters: 500, epoch: 8 | loss: 0.0515608
	speed: 0.0053s/iter; time left: 17.9719s
	iters: 600, epoch: 8 | loss: 0.0503547
	speed: 0.0055s/iter; time left: 17.9679s
	iters: 700, epoch: 8 | loss: 0.0509441
	speed: 0.0056s/iter; time left: 17.8780s
	iters: 800, epoch: 8 | loss: 0.0208490
	speed: 0.0056s/iter; time left: 17.0957s
	iters: 900, epoch: 8 | loss: 0.0699998
	speed: 0.0055s/iter; time left: 16.2874s
	iters: 1000, epoch: 8 | loss: 0.0629959
	speed: 0.0054s/iter; time left: 15.4692s
	iters: 1100, epoch: 8 | loss: 0.0852495
	speed: 0.0058s/iter; time left: 15.9859s
	iters: 1200, epoch: 8 | loss: 0.0316247
	speed: 0.0056s/iter; time left: 15.0547s
Epoch: 8 cost time: 7.4 seconds
Epoch: 8, Steps: 1291 | Train Loss: 0.0556829 Vali Loss: 1.4011497 Test Loss: 8.7041607
Validation loss decreased (1.403727 --> 1.401150).  Saving model ...
Updating learning rate to 3.90625e-06
	iters: 100, epoch: 9 | loss: 0.0465311
	speed: 0.0429s/iter; time left: 106.5908s
	iters: 200, epoch: 9 | loss: 0.0345397
	speed: 0.0051s/iter; time left: 12.1691s
	iters: 300, epoch: 9 | loss: 0.0595272
	speed: 0.0051s/iter; time left: 11.7368s
	iters: 400, epoch: 9 | loss: 0.0188290
	speed: 0.0056s/iter; time left: 12.2022s
	iters: 500, epoch: 9 | loss: 0.0253817
	speed: 0.0052s/iter; time left: 10.8531s
	iters: 600, epoch: 9 | loss: 0.0036136
	speed: 0.0054s/iter; time left: 10.7080s
	iters: 700, epoch: 9 | loss: 0.0005737
	speed: 0.0056s/iter; time left: 10.5337s
	iters: 800, epoch: 9 | loss: 0.0587616
	speed: 0.0056s/iter; time left: 10.0183s
	iters: 900, epoch: 9 | loss: 0.1208099
	speed: 0.0056s/iter; time left: 9.4227s
	iters: 1000, epoch: 9 | loss: 0.1122100
	speed: 0.0056s/iter; time left: 8.8290s
	iters: 1100, epoch: 9 | loss: 0.0182346
	speed: 0.0055s/iter; time left: 8.2103s
	iters: 1200, epoch: 9 | loss: 0.0563077
	speed: 0.0055s/iter; time left: 7.5874s
Epoch: 9 cost time: 7.4 seconds
Epoch: 9, Steps: 1291 | Train Loss: 0.0556137 Vali Loss: 1.4062028 Test Loss: 8.7030067
EarlyStopping counter: 1 out of 3
Updating learning rate to 1.953125e-06
	iters: 100, epoch: 10 | loss: 0.0575303
	speed: 0.0415s/iter; time left: 49.4211s
	iters: 200, epoch: 10 | loss: 0.0125851
	speed: 0.0057s/iter; time left: 6.2464s
	iters: 300, epoch: 10 | loss: 0.0027665
	speed: 0.0058s/iter; time left: 5.7294s
	iters: 400, epoch: 10 | loss: 0.0684596
	speed: 0.0059s/iter; time left: 5.2368s
	iters: 500, epoch: 10 | loss: 0.0366624
	speed: 0.0060s/iter; time left: 4.7129s
	iters: 600, epoch: 10 | loss: 0.0056701
	speed: 0.0057s/iter; time left: 3.9162s
	iters: 700, epoch: 10 | loss: 0.0083727
	speed: 0.0060s/iter; time left: 3.5714s
	iters: 800, epoch: 10 | loss: 0.0061462
	speed: 0.0057s/iter; time left: 2.7853s
	iters: 900, epoch: 10 | loss: 0.0843492
	speed: 0.0057s/iter; time left: 2.2369s
	iters: 1000, epoch: 10 | loss: 0.0216434
	speed: 0.0053s/iter; time left: 1.5546s
	iters: 1100, epoch: 10 | loss: 0.0574614
	speed: 0.0053s/iter; time left: 1.0146s
	iters: 1200, epoch: 10 | loss: 0.0399020
	speed: 0.0055s/iter; time left: 0.5019s
Epoch: 10 cost time: 7.6 seconds
Epoch: 10, Steps: 1291 | Train Loss: 0.0556465 Vali Loss: 1.4055119 Test Loss: 8.7022476
EarlyStopping counter: 2 out of 3
Updating learning rate to 9.765625e-07
>>>>>>>testing : FITS_100_GD_336_336_MS_channels_6_FITS_100_MS_channels_6<<<<<<<<<<<<<<<<<<<<<<<<<<<<<<<<<
test 2809
FITS_100_GD_336_336_MS_channels_6_FITS_100_MS_channels_6
Shapes: pred (2808, 336, 1), true (2808, 336, 1), naive_pred (2808, 336, 1)
Shapes: gt (351, 672), pd (351, 672), naive_pd (351, 672)
Final Metrics:
FITS_100     MSE: 8.704161   MAE: 2.278315   SE: 17.655529  RRMSE: 0.191531   RMAE: 0.147907   (numpy)
FITS_100     MSE: 8.704161   MAE: 2.278316   SE: 17.655529  RRMSE: 0.191531   RMAE: 0.147907   (torch)

Repeat       MSE: 7.578791   MAE: 2.093492   SE: 17.440411  RRMSE: 0.178721   RMAE: 0.135908   (numpy)
Repeat       MSE: 7.578791   MAE: 2.093491   SE: 17.440411  RRMSE: 0.178721   RMAE: 0.135908   (torch)


Model(
  (fits): FITS(
    (frequency_upsampler): Linear(in_features=100, out_features=200, bias=True)
  )
)
