Args in experiment:
Namespace(is_training=1, model_id='FITS_100_exchange_rate_336_96_MS_channels_7', model='FITS_100', data='custom', root_path='./dataset/', data_path='exchange_rate.csv', features='MS', target='OT', freq='h', checkpoints='./checkpoints/', seq_len=336, label_len=48, pred_len=96, individual=False, embed_type=0, enc_in=7, dec_in=7, c_out=7, d_model=512, n_heads=8, e_layers=2, d_layers=1, d_ff=2048, moving_avg=25, factor=1, distil=True, dropout=0.05, embed='timeF', activation='gelu', output_attention=False, do_predict=False, num_workers=10, itr=1, train_epochs=10, batch_size=8, patience=3, learning_rate=0.0005, des='Exp', loss='mse', lradj='type1', use_amp=False, use_gpu=True, gpu=0, use_multi_gpu=False, devices='0,1,2,3', test_flop=False)
FITS_100_exchange_rate_336_96_MS_channels_7_FITS_100_MS_channels_7
Using GPU: NVIDIA GeForce RTX 4070 (cuda:0):
>>>>>>>start training : FITS_100_exchange_rate_336_96_MS_channels_7_FITS_100_MS_channels_7>>>>>>>>>>>>>>>>>>>>>>>>>>
train 4880
val 665
test 1422
	iters: 100, epoch: 1 | loss: 0.3026242
	speed: 0.0194s/iter; time left: 116.2427s
	iters: 200, epoch: 1 | loss: 0.3138554
	speed: 0.0057s/iter; time left: 33.4641s
	iters: 300, epoch: 1 | loss: 0.0934076
	speed: 0.0056s/iter; time left: 32.5621s
	iters: 400, epoch: 1 | loss: 0.1738970
	speed: 0.0056s/iter; time left: 32.1715s
	iters: 500, epoch: 1 | loss: 0.3918848
	speed: 0.0047s/iter; time left: 26.4370s
	iters: 600, epoch: 1 | loss: 0.0931085
	speed: 0.0047s/iter; time left: 26.0186s
Epoch: 1 cost time: 4.2 seconds
Epoch: 1, Steps: 610 | Train Loss: 0.2215002 Vali Loss: 0.1799846 Test Loss: 0.1185514
Validation loss decreased (inf --> 0.179985).  Saving model ...
Updating learning rate to 0.0005
	iters: 100, epoch: 2 | loss: 0.0833704
	speed: 0.0244s/iter; time left: 131.5850s
	iters: 200, epoch: 2 | loss: 0.2163819
	speed: 0.0055s/iter; time left: 29.1591s
	iters: 300, epoch: 2 | loss: 0.2476396
	speed: 0.0054s/iter; time left: 28.1869s
	iters: 400, epoch: 2 | loss: 0.3844484
	speed: 0.0056s/iter; time left: 28.5373s
	iters: 500, epoch: 2 | loss: 0.0797711
	speed: 0.0053s/iter; time left: 26.3670s
	iters: 600, epoch: 2 | loss: 0.1170530
	speed: 0.0047s/iter; time left: 23.2145s
Epoch: 2 cost time: 3.6 seconds
Epoch: 2, Steps: 610 | Train Loss: 0.1430214 Vali Loss: 0.1964145 Test Loss: 0.1136494
EarlyStopping counter: 1 out of 3
Updating learning rate to 0.00025
	iters: 100, epoch: 3 | loss: 0.1594300
	speed: 0.0234s/iter; time left: 111.9226s
	iters: 200, epoch: 3 | loss: 0.0828811
	speed: 0.0056s/iter; time left: 26.1142s
	iters: 300, epoch: 3 | loss: 0.1306502
	speed: 0.0056s/iter; time left: 25.4713s
	iters: 400, epoch: 3 | loss: 0.0703354
	speed: 0.0064s/iter; time left: 28.7069s
	iters: 500, epoch: 3 | loss: 0.0815632
	speed: 0.0061s/iter; time left: 26.7293s
	iters: 600, epoch: 3 | loss: 0.0992708
	speed: 0.0060s/iter; time left: 25.8025s
Epoch: 3 cost time: 3.8 seconds
Epoch: 3, Steps: 610 | Train Loss: 0.1288939 Vali Loss: 0.2004673 Test Loss: 0.1128426
EarlyStopping counter: 2 out of 3
Updating learning rate to 0.000125
	iters: 100, epoch: 4 | loss: 0.0862940
	speed: 0.0260s/iter; time left: 108.3516s
	iters: 200, epoch: 4 | loss: 0.1205590
	speed: 0.0053s/iter; time left: 21.7486s
	iters: 300, epoch: 4 | loss: 0.1252344
	speed: 0.0049s/iter; time left: 19.6215s
	iters: 400, epoch: 4 | loss: 0.0666793
	speed: 0.0054s/iter; time left: 21.0519s
	iters: 500, epoch: 4 | loss: 0.0718149
	speed: 0.0049s/iter; time left: 18.3008s
	iters: 600, epoch: 4 | loss: 0.0850285
	speed: 0.0051s/iter; time left: 18.8480s
Epoch: 4 cost time: 3.5 seconds
Epoch: 4, Steps: 610 | Train Loss: 0.1246825 Vali Loss: 0.2055338 Test Loss: 0.1121634
EarlyStopping counter: 3 out of 3
Early stopping
>>>>>>>testing : FITS_100_exchange_rate_336_96_MS_channels_7_FITS_100_MS_channels_7<<<<<<<<<<<<<<<<<<<<<<<<<<<<<<<<<
test 1422
FITS_100_exchange_rate_336_96_MS_channels_7_FITS_100_MS_channels_7
Shapes: pred (1416, 96, 1), true (1416, 96, 1), naive_pred (1416, 96, 1)
Shapes: gt (177, 432), pd (177, 432), naive_pd (177, 432)
Final Metrics:
FITS_100     MSE: 0.118551   MAE: 0.273380   SE: 0.247186   RRMSE: 0.205415   RMAE: 0.163097   (numpy)
FITS_100     MSE: 0.118551   MAE: 0.273380   SE: 0.247186   RRMSE: 0.205415   RMAE: 0.163097   (torch)

Repeat       MSE: 0.087784   MAE: 0.220754   SE: 0.178736   RRMSE: 0.176762   RMAE: 0.131701   (numpy)
Repeat       MSE: 0.087784   MAE: 0.220754   SE: 0.178736   RRMSE: 0.176762   RMAE: 0.131701   (torch)


Model(
  (fits): FITS(
    (frequency_upsampler): Linear(in_features=100, out_features=128, bias=True)
  )
)
