Args in experiment:
Namespace(is_training=1, model_id='FITS_100_MRO_336_96_MS_channels_6', model='FITS_100', data='custom', root_path='./dataset/', data_path='MRO.csv', features='MS', target='Adj Close', freq='h', checkpoints='./checkpoints/', seq_len=336, label_len=48, pred_len=96, individual=False, embed_type=0, enc_in=6, dec_in=7, c_out=7, d_model=512, n_heads=8, e_layers=2, d_layers=1, d_ff=2048, moving_avg=25, factor=1, distil=True, dropout=0.05, embed='timeF', activation='gelu', output_attention=False, do_predict=False, num_workers=10, itr=1, train_epochs=10, batch_size=8, patience=3, learning_rate=0.0005, des='Exp', loss='mse', lradj='type1', use_amp=False, use_gpu=True, gpu=0, use_multi_gpu=False, devices='0,1,2,3', test_flop=False)
FITS_100_MRO_336_96_MS_channels_6_FITS_100_MS_channels_6
Using GPU: NVIDIA GeForce RTX 4070 (cuda:0):
>>>>>>>start training : FITS_100_MRO_336_96_MS_channels_6_FITS_100_MS_channels_6>>>>>>>>>>>>>>>>>>>>>>>>>>
train 10575
val 1479
test 3049
	iters: 100, epoch: 1 | loss: 0.0873107
	speed: 0.0208s/iter; time left: 272.3844s
	iters: 200, epoch: 1 | loss: 0.0286999
	speed: 0.0052s/iter; time left: 67.2845s
	iters: 300, epoch: 1 | loss: 0.0657669
	speed: 0.0046s/iter; time left: 59.7982s
	iters: 400, epoch: 1 | loss: 0.0358452
	speed: 0.0046s/iter; time left: 58.6605s
	iters: 500, epoch: 1 | loss: 0.0460277
	speed: 0.0043s/iter; time left: 55.0568s
	iters: 600, epoch: 1 | loss: 0.0379611
	speed: 0.0046s/iter; time left: 57.7047s
	iters: 700, epoch: 1 | loss: 0.0185881
	speed: 0.0050s/iter; time left: 61.9700s
	iters: 800, epoch: 1 | loss: 0.0181107
	speed: 0.0050s/iter; time left: 62.2542s
	iters: 900, epoch: 1 | loss: 0.0117410
	speed: 0.0048s/iter; time left: 59.3259s
	iters: 1000, epoch: 1 | loss: 0.0095477
	speed: 0.0051s/iter; time left: 62.8498s
	iters: 1100, epoch: 1 | loss: 0.0241165
	speed: 0.0052s/iter; time left: 62.6228s
	iters: 1200, epoch: 1 | loss: 0.0198276
	speed: 0.0053s/iter; time left: 64.0502s
	iters: 1300, epoch: 1 | loss: 0.0182140
	speed: 0.0052s/iter; time left: 62.0988s
Epoch: 1 cost time: 7.6 seconds
Epoch: 1, Steps: 1321 | Train Loss: 0.0487437 Vali Loss: 2.6736419 Test Loss: 3.4796972
Validation loss decreased (inf --> 2.673642).  Saving model ...
Updating learning rate to 0.0005
	iters: 100, epoch: 2 | loss: 0.0260248
	speed: 0.0401s/iter; time left: 473.0769s
	iters: 200, epoch: 2 | loss: 0.0110324
	speed: 0.0056s/iter; time left: 65.9807s
	iters: 300, epoch: 2 | loss: 0.0284077
	speed: 0.0057s/iter; time left: 66.2945s
	iters: 400, epoch: 2 | loss: 0.0371286
	speed: 0.0058s/iter; time left: 66.8362s
	iters: 500, epoch: 2 | loss: 0.0532480
	speed: 0.0056s/iter; time left: 63.4007s
	iters: 600, epoch: 2 | loss: 0.0627256
	speed: 0.0055s/iter; time left: 62.2043s
	iters: 700, epoch: 2 | loss: 0.0193728
	speed: 0.0054s/iter; time left: 60.9481s
	iters: 800, epoch: 2 | loss: 0.0151992
	speed: 0.0056s/iter; time left: 61.5578s
	iters: 900, epoch: 2 | loss: 0.1160232
	speed: 0.0055s/iter; time left: 60.1059s
	iters: 1000, epoch: 2 | loss: 0.0733679
	speed: 0.0057s/iter; time left: 61.6349s
	iters: 1100, epoch: 2 | loss: 0.0162193
	speed: 0.0057s/iter; time left: 61.3513s
	iters: 1200, epoch: 2 | loss: 0.0318717
	speed: 0.0056s/iter; time left: 59.5409s
	iters: 1300, epoch: 2 | loss: 0.0723861
	speed: 0.0056s/iter; time left: 59.7428s
Epoch: 2 cost time: 7.7 seconds
Epoch: 2, Steps: 1321 | Train Loss: 0.0366497 Vali Loss: 2.5471036 Test Loss: 3.2525914
Validation loss decreased (2.673642 --> 2.547104).  Saving model ...
Updating learning rate to 0.00025
	iters: 100, epoch: 3 | loss: 0.0260031
	speed: 0.0394s/iter; time left: 412.0396s
	iters: 200, epoch: 3 | loss: 0.0333309
	speed: 0.0056s/iter; time left: 58.4205s
	iters: 300, epoch: 3 | loss: 0.0325167
	speed: 0.0059s/iter; time left: 60.5294s
	iters: 400, epoch: 3 | loss: 0.0651284
	speed: 0.0061s/iter; time left: 62.3298s
	iters: 500, epoch: 3 | loss: 0.0114677
	speed: 0.0059s/iter; time left: 58.9824s
	iters: 600, epoch: 3 | loss: 0.0677100
	speed: 0.0058s/iter; time left: 57.6880s
	iters: 700, epoch: 3 | loss: 0.0192100
	speed: 0.0062s/iter; time left: 61.0198s
	iters: 800, epoch: 3 | loss: 0.0231508
	speed: 0.0061s/iter; time left: 59.3291s
	iters: 900, epoch: 3 | loss: 0.0531038
	speed: 0.0060s/iter; time left: 58.3452s
	iters: 1000, epoch: 3 | loss: 0.0103354
	speed: 0.0056s/iter; time left: 53.1145s
	iters: 1100, epoch: 3 | loss: 0.0309512
	speed: 0.0057s/iter; time left: 54.1120s
	iters: 1200, epoch: 3 | loss: 0.0307843
	speed: 0.0056s/iter; time left: 52.5713s
	iters: 1300, epoch: 3 | loss: 0.1370337
	speed: 0.0056s/iter; time left: 52.1187s
Epoch: 3 cost time: 8.0 seconds
Epoch: 3, Steps: 1321 | Train Loss: 0.0348760 Vali Loss: 2.5533636 Test Loss: 3.2415833
EarlyStopping counter: 1 out of 3
Updating learning rate to 0.000125
	iters: 100, epoch: 4 | loss: 0.0536343
	speed: 0.0386s/iter; time left: 353.4342s
	iters: 200, epoch: 4 | loss: 0.0177434
	speed: 0.0055s/iter; time left: 49.3791s
	iters: 300, epoch: 4 | loss: 0.0081885
	speed: 0.0056s/iter; time left: 50.3338s
	iters: 400, epoch: 4 | loss: 0.0326194
	speed: 0.0074s/iter; time left: 65.0887s
	iters: 500, epoch: 4 | loss: 0.0090892
	speed: 0.0046s/iter; time left: 40.5375s
	iters: 600, epoch: 4 | loss: 0.0774897
	speed: 0.0045s/iter; time left: 38.9840s
	iters: 700, epoch: 4 | loss: 0.0736880
	speed: 0.0046s/iter; time left: 39.0597s
	iters: 800, epoch: 4 | loss: 0.0175417
	speed: 0.0048s/iter; time left: 40.6159s
	iters: 900, epoch: 4 | loss: 0.0220738
	speed: 0.0046s/iter; time left: 38.6016s
	iters: 1000, epoch: 4 | loss: 0.0707026
	speed: 0.0047s/iter; time left: 38.9890s
	iters: 1100, epoch: 4 | loss: 0.0429587
	speed: 0.0049s/iter; time left: 39.6170s
	iters: 1200, epoch: 4 | loss: 0.0093269
	speed: 0.0058s/iter; time left: 46.9098s
	iters: 1300, epoch: 4 | loss: 0.0417701
	speed: 0.0055s/iter; time left: 43.8193s
Epoch: 4 cost time: 7.2 seconds
Epoch: 4, Steps: 1321 | Train Loss: 0.0343034 Vali Loss: 2.5285692 Test Loss: 3.2018576
Validation loss decreased (2.547104 --> 2.528569).  Saving model ...
Updating learning rate to 6.25e-05
	iters: 100, epoch: 5 | loss: 0.0494225
	speed: 0.0397s/iter; time left: 310.9033s
	iters: 200, epoch: 5 | loss: 0.0157862
	speed: 0.0083s/iter; time left: 64.4803s
	iters: 300, epoch: 5 | loss: 0.0309908
	speed: 0.0056s/iter; time left: 42.3774s
	iters: 400, epoch: 5 | loss: 0.0237636
	speed: 0.0049s/iter; time left: 36.5900s
	iters: 500, epoch: 5 | loss: 0.0301010
	speed: 0.0051s/iter; time left: 37.9171s
	iters: 600, epoch: 5 | loss: 0.0367722
	speed: 0.0056s/iter; time left: 41.2994s
	iters: 700, epoch: 5 | loss: 0.0342893
	speed: 0.0050s/iter; time left: 35.8800s
	iters: 800, epoch: 5 | loss: 0.0421630
	speed: 0.0045s/iter; time left: 32.1706s
	iters: 900, epoch: 5 | loss: 0.0166336
	speed: 0.0045s/iter; time left: 31.5439s
	iters: 1000, epoch: 5 | loss: 0.0212583
	speed: 0.0047s/iter; time left: 32.6074s
	iters: 1100, epoch: 5 | loss: 0.0193542
	speed: 0.0047s/iter; time left: 31.9356s
	iters: 1200, epoch: 5 | loss: 0.0166236
	speed: 0.0050s/iter; time left: 33.7339s
	iters: 1300, epoch: 5 | loss: 0.0417551
	speed: 0.0051s/iter; time left: 34.1210s
Epoch: 5 cost time: 7.3 seconds
Epoch: 5, Steps: 1321 | Train Loss: 0.0340172 Vali Loss: 2.5056524 Test Loss: 3.1743855
Validation loss decreased (2.528569 --> 2.505652).  Saving model ...
Updating learning rate to 3.125e-05
	iters: 100, epoch: 6 | loss: 0.1301041
	speed: 0.0397s/iter; time left: 258.2261s
	iters: 200, epoch: 6 | loss: 0.0200915
	speed: 0.0057s/iter; time left: 36.3633s
	iters: 300, epoch: 6 | loss: 0.0107674
	speed: 0.0058s/iter; time left: 36.4020s
	iters: 400, epoch: 6 | loss: 0.0434437
	speed: 0.0059s/iter; time left: 36.5221s
	iters: 500, epoch: 6 | loss: 0.0782375
	speed: 0.0057s/iter; time left: 34.8751s
	iters: 600, epoch: 6 | loss: 0.0331899
	speed: 0.0057s/iter; time left: 34.3514s
	iters: 700, epoch: 6 | loss: 0.0077571
	speed: 0.0059s/iter; time left: 35.0102s
	iters: 800, epoch: 6 | loss: 0.0328519
	speed: 0.0059s/iter; time left: 34.4566s
	iters: 900, epoch: 6 | loss: 0.0368821
	speed: 0.0062s/iter; time left: 35.1267s
	iters: 1000, epoch: 6 | loss: 0.0797464
	speed: 0.0060s/iter; time left: 33.7816s
	iters: 1100, epoch: 6 | loss: 0.0280075
	speed: 0.0058s/iter; time left: 32.1985s
	iters: 1200, epoch: 6 | loss: 0.0149782
	speed: 0.0060s/iter; time left: 32.2980s
	iters: 1300, epoch: 6 | loss: 0.0270073
	speed: 0.0059s/iter; time left: 31.2945s
Epoch: 6 cost time: 8.0 seconds
Epoch: 6, Steps: 1321 | Train Loss: 0.0339159 Vali Loss: 2.5102777 Test Loss: 3.1676540
EarlyStopping counter: 1 out of 3
Updating learning rate to 1.5625e-05
	iters: 100, epoch: 7 | loss: 0.0181236
	speed: 0.0424s/iter; time left: 219.9937s
	iters: 200, epoch: 7 | loss: 0.0162768
	speed: 0.0053s/iter; time left: 26.7443s
	iters: 300, epoch: 7 | loss: 0.0148450
	speed: 0.0057s/iter; time left: 28.4281s
	iters: 400, epoch: 7 | loss: 0.0772432
	speed: 0.0053s/iter; time left: 25.7036s
	iters: 500, epoch: 7 | loss: 0.0326362
	speed: 0.0056s/iter; time left: 26.6809s
	iters: 600, epoch: 7 | loss: 0.0277816
	speed: 0.0054s/iter; time left: 25.0752s
	iters: 700, epoch: 7 | loss: 0.0315949
	speed: 0.0056s/iter; time left: 25.4695s
	iters: 800, epoch: 7 | loss: 0.0412241
	speed: 0.0055s/iter; time left: 24.6350s
	iters: 900, epoch: 7 | loss: 0.0377247
	speed: 0.0054s/iter; time left: 23.7355s
	iters: 1000, epoch: 7 | loss: 0.0622775
	speed: 0.0058s/iter; time left: 24.6660s
	iters: 1100, epoch: 7 | loss: 0.0287703
	speed: 0.0060s/iter; time left: 25.1766s
	iters: 1200, epoch: 7 | loss: 0.0204599
	speed: 0.0055s/iter; time left: 22.3427s
	iters: 1300, epoch: 7 | loss: 0.0121475
	speed: 0.0056s/iter; time left: 22.1307s
Epoch: 7 cost time: 7.6 seconds
Epoch: 7, Steps: 1321 | Train Loss: 0.0337890 Vali Loss: 2.5080853 Test Loss: 3.1662381
EarlyStopping counter: 2 out of 3
Updating learning rate to 7.8125e-06
	iters: 100, epoch: 8 | loss: 0.0280183
	speed: 0.0409s/iter; time left: 157.9459s
	iters: 200, epoch: 8 | loss: 0.0314646
	speed: 0.0061s/iter; time left: 22.8362s
	iters: 300, epoch: 8 | loss: 0.0633105
	speed: 0.0058s/iter; time left: 21.3717s
	iters: 400, epoch: 8 | loss: 0.0696555
	speed: 0.0061s/iter; time left: 21.5640s
	iters: 500, epoch: 8 | loss: 0.0364480
	speed: 0.0060s/iter; time left: 20.7218s
	iters: 600, epoch: 8 | loss: 0.0597481
	speed: 0.0059s/iter; time left: 19.6822s
	iters: 700, epoch: 8 | loss: 0.0567889
	speed: 0.0056s/iter; time left: 18.3408s
	iters: 800, epoch: 8 | loss: 0.0168481
	speed: 0.0060s/iter; time left: 19.0604s
	iters: 900, epoch: 8 | loss: 0.0194590
	speed: 0.0057s/iter; time left: 17.3849s
	iters: 1000, epoch: 8 | loss: 0.0249449
	speed: 0.0056s/iter; time left: 16.6551s
	iters: 1100, epoch: 8 | loss: 0.0306102
	speed: 0.0058s/iter; time left: 16.4767s
	iters: 1200, epoch: 8 | loss: 0.0130945
	speed: 0.0060s/iter; time left: 16.6781s
	iters: 1300, epoch: 8 | loss: 0.0113378
	speed: 0.0056s/iter; time left: 14.8681s
Epoch: 8 cost time: 8.1 seconds
Epoch: 8, Steps: 1321 | Train Loss: 0.0338139 Vali Loss: 2.5088394 Test Loss: 3.1665385
EarlyStopping counter: 3 out of 3
Early stopping
>>>>>>>testing : FITS_100_MRO_336_96_MS_channels_6_FITS_100_MS_channels_6<<<<<<<<<<<<<<<<<<<<<<<<<<<<<<<<<
test 3049
FITS_100_MRO_336_96_MS_channels_6_FITS_100_MS_channels_6
Shapes: pred (3048, 96, 1), true (3048, 96, 1), naive_pred (3048, 96, 1)
Shapes: gt (381, 432), pd (381, 432), naive_pd (381, 432)
Final Metrics:
FITS_100     MSE: 3.174386   MAE: 1.390586   SE: 6.468875   RRMSE: 0.212162   RMAE: 0.165591   (numpy)
FITS_100     MSE: 3.174386   MAE: 1.390586   SE: 6.468875   RRMSE: 0.212162   RMAE: 0.165591   (torch)

Repeat       MSE: 2.870288   MAE: 1.261266   SE: 5.347196   RRMSE: 0.201744   RMAE: 0.150191   (numpy)
Repeat       MSE: 2.870288   MAE: 1.261266   SE: 5.347196   RRMSE: 0.201744   RMAE: 0.150191   (torch)


Model(
  (fits): FITS(
    (frequency_upsampler): Linear(in_features=100, out_features=128, bias=True)
  )
)
