Args in experiment:
Namespace(is_training=1, model_id='FITS_exchange_rate_336_96_MS_channels_7', model='FITS', data='custom', root_path='./dataset/', data_path='exchange_rate.csv', features='MS', target='OT', freq='h', checkpoints='./checkpoints/', seq_len=336, label_len=48, pred_len=96, individual=False, embed_type=0, enc_in=7, dec_in=7, c_out=7, d_model=512, n_heads=8, e_layers=2, d_layers=1, d_ff=2048, moving_avg=25, factor=1, distil=True, dropout=0.05, embed='timeF', activation='gelu', output_attention=False, do_predict=False, num_workers=10, itr=1, train_epochs=10, batch_size=8, patience=3, learning_rate=0.0005, des='Exp', loss='mse', lradj='type1', use_amp=False, use_gpu=True, gpu=0, use_multi_gpu=False, devices='0,1,2,3', test_flop=False)
FITS_exchange_rate_336_96_MS_channels_7_FITS_MS_channels_7
Using GPU: NVIDIA GeForce RTX 4070 (cuda:0):
>>>>>>>start training : FITS_exchange_rate_336_96_MS_channels_7_FITS_MS_channels_7>>>>>>>>>>>>>>>>>>>>>>>>>>
train 4880
val 665
test 1422
	iters: 100, epoch: 1 | loss: 0.2440242
	speed: 0.0185s/iter; time left: 111.0910s
	iters: 200, epoch: 1 | loss: 0.4417955
	speed: 0.0054s/iter; time left: 31.6251s
	iters: 300, epoch: 1 | loss: 0.2007709
	speed: 0.0055s/iter; time left: 31.9161s
	iters: 400, epoch: 1 | loss: 0.0477866
	speed: 0.0055s/iter; time left: 31.2229s
	iters: 500, epoch: 1 | loss: 0.2704290
	speed: 0.0052s/iter; time left: 29.2160s
	iters: 600, epoch: 1 | loss: 0.1813467
	speed: 0.0051s/iter; time left: 28.1071s
Epoch: 1 cost time: 4.2 seconds
Epoch: 1, Steps: 610 | Train Loss: 0.2507091 Vali Loss: 0.1921573 Test Loss: 0.1430940
Validation loss decreased (inf --> 0.192157).  Saving model ...
Updating learning rate to 0.0005
	iters: 100, epoch: 2 | loss: 0.3644137
	speed: 0.0243s/iter; time left: 131.2115s
	iters: 200, epoch: 2 | loss: 0.2262414
	speed: 0.0051s/iter; time left: 26.9753s
	iters: 300, epoch: 2 | loss: 0.1631867
	speed: 0.0051s/iter; time left: 26.5384s
	iters: 400, epoch: 2 | loss: 0.2768095
	speed: 0.0054s/iter; time left: 27.3538s
	iters: 500, epoch: 2 | loss: 0.1168593
	speed: 0.0052s/iter; time left: 25.9613s
	iters: 600, epoch: 2 | loss: 0.1085070
	speed: 0.0052s/iter; time left: 25.3062s
Epoch: 2 cost time: 3.4 seconds
Epoch: 2, Steps: 610 | Train Loss: 0.1753543 Vali Loss: 0.2037819 Test Loss: 0.1281555
EarlyStopping counter: 1 out of 3
Updating learning rate to 0.00025
	iters: 100, epoch: 3 | loss: 0.1039562
	speed: 0.0246s/iter; time left: 117.5823s
	iters: 200, epoch: 3 | loss: 0.0955237
	speed: 0.0055s/iter; time left: 25.8372s
	iters: 300, epoch: 3 | loss: 0.1220160
	speed: 0.0056s/iter; time left: 25.7955s
	iters: 400, epoch: 3 | loss: 0.3400770
	speed: 0.0056s/iter; time left: 25.0304s
	iters: 500, epoch: 3 | loss: 0.1627227
	speed: 0.0057s/iter; time left: 24.9901s
	iters: 600, epoch: 3 | loss: 0.3799869
	speed: 0.0055s/iter; time left: 23.7416s
Epoch: 3 cost time: 3.7 seconds
Epoch: 3, Steps: 610 | Train Loss: 0.1549969 Vali Loss: 0.2077009 Test Loss: 0.1250730
EarlyStopping counter: 2 out of 3
Updating learning rate to 0.000125
	iters: 100, epoch: 4 | loss: 0.1250451
	speed: 0.0250s/iter; time left: 104.2787s
	iters: 200, epoch: 4 | loss: 0.0868958
	speed: 0.0057s/iter; time left: 23.2365s
	iters: 300, epoch: 4 | loss: 0.0540620
	speed: 0.0063s/iter; time left: 24.9482s
	iters: 400, epoch: 4 | loss: 0.1539754
	speed: 0.0057s/iter; time left: 22.1020s
	iters: 500, epoch: 4 | loss: 0.1302891
	speed: 0.0056s/iter; time left: 21.0434s
	iters: 600, epoch: 4 | loss: 0.2139831
	speed: 0.0056s/iter; time left: 20.7043s
Epoch: 4 cost time: 3.8 seconds
Epoch: 4, Steps: 610 | Train Loss: 0.1483603 Vali Loss: 0.2105911 Test Loss: 0.1238527
EarlyStopping counter: 3 out of 3
Early stopping
>>>>>>>testing : FITS_exchange_rate_336_96_MS_channels_7_FITS_MS_channels_7<<<<<<<<<<<<<<<<<<<<<<<<<<<<<<<<<
test 1422
FITS_exchange_rate_336_96_MS_channels_7_FITS_MS_channels_7
Shapes: pred (1416, 96, 1), true (1416, 96, 1), naive_pred (1416, 96, 1)
Shapes: gt (177, 432), pd (177, 432), naive_pd (177, 432)
Final Metrics:
FITS_10         MSE: 0.143094   MAE: 0.302517   SE: 0.275791   RRMSE: 0.225679   RMAE: 0.180480   (numpy)
FITS_10         MSE: 0.143094   MAE: 0.302517   SE: 0.275791   RRMSE: 0.225679   RMAE: 0.180480   (torch)

Repeat       MSE: 0.087784   MAE: 0.220754   SE: 0.178736   RRMSE: 0.176762   RMAE: 0.131701   (numpy)
Repeat       MSE: 0.087784   MAE: 0.220754   SE: 0.178736   RRMSE: 0.176762   RMAE: 0.131701   (torch)

