Args in experiment:
Namespace(is_training=1, model_id='FITS_MRO_336_336_MS_channels_6', model='FITS', data='custom', root_path='./dataset/', data_path='MRO.csv', features='MS', target='Adj Close', freq='h', checkpoints='./checkpoints/', seq_len=336, label_len=48, pred_len=336, individual=False, embed_type=0, enc_in=6, dec_in=7, c_out=7, d_model=512, n_heads=8, e_layers=2, d_layers=1, d_ff=2048, moving_avg=25, factor=1, distil=True, dropout=0.05, embed='timeF', activation='gelu', output_attention=False, do_predict=False, num_workers=10, itr=1, train_epochs=10, batch_size=8, patience=3, learning_rate=0.0005, des='Exp', loss='mse', lradj='type1', use_amp=False, use_gpu=True, gpu=0, use_multi_gpu=False, devices='0,1,2,3', test_flop=False)
FITS_MRO_336_336_MS_channels_6_FITS_MS_channels_6
Using GPU: NVIDIA GeForce RTX 4070 (cuda:0):
>>>>>>>start training : FITS_MRO_336_336_MS_channels_6_FITS_MS_channels_6>>>>>>>>>>>>>>>>>>>>>>>>>>
train 10335
val 1239
test 2809
	iters: 100, epoch: 1 | loss: 0.0794695
	speed: 0.0184s/iter; time left: 235.3670s
	iters: 200, epoch: 1 | loss: 0.0341891
	speed: 0.0048s/iter; time left: 61.1167s
	iters: 300, epoch: 1 | loss: 0.0502470
	speed: 0.0048s/iter; time left: 60.1323s
	iters: 400, epoch: 1 | loss: 0.2358449
	speed: 0.0047s/iter; time left: 58.8706s
	iters: 500, epoch: 1 | loss: 0.0984177
	speed: 0.0050s/iter; time left: 61.5903s
	iters: 600, epoch: 1 | loss: 0.0612872
	speed: 0.0051s/iter; time left: 63.1569s
	iters: 700, epoch: 1 | loss: 0.0757203
	speed: 0.0049s/iter; time left: 60.0326s
	iters: 800, epoch: 1 | loss: 0.1173494
	speed: 0.0048s/iter; time left: 58.6869s
	iters: 900, epoch: 1 | loss: 0.4931588
	speed: 0.0049s/iter; time left: 58.6139s
	iters: 1000, epoch: 1 | loss: 0.0642072
	speed: 0.0049s/iter; time left: 58.0203s
	iters: 1100, epoch: 1 | loss: 0.0480312
	speed: 0.0051s/iter; time left: 59.6816s
	iters: 1200, epoch: 1 | loss: 0.0387910
	speed: 0.0049s/iter; time left: 57.3286s
Epoch: 1 cost time: 7.4 seconds
Epoch: 1, Steps: 1291 | Train Loss: 0.1213948 Vali Loss: 8.6258144 Test Loss: 11.8087454
Validation loss decreased (inf --> 8.625814).  Saving model ...
Updating learning rate to 0.0005
	iters: 100, epoch: 2 | loss: 0.0825059
	speed: 0.0399s/iter; time left: 459.2014s
	iters: 200, epoch: 2 | loss: 0.0736727
	speed: 0.0058s/iter; time left: 66.4077s
	iters: 300, epoch: 2 | loss: 0.1072265
	speed: 0.0053s/iter; time left: 59.9008s
	iters: 400, epoch: 2 | loss: 0.0549625
	speed: 0.0053s/iter; time left: 59.7174s
	iters: 500, epoch: 2 | loss: 0.1129530
	speed: 0.0054s/iter; time left: 60.4815s
	iters: 600, epoch: 2 | loss: 0.2053356
	speed: 0.0060s/iter; time left: 66.1921s
	iters: 700, epoch: 2 | loss: 0.1561466
	speed: 0.0056s/iter; time left: 60.6445s
	iters: 800, epoch: 2 | loss: 0.0759289
	speed: 0.0059s/iter; time left: 63.4702s
	iters: 900, epoch: 2 | loss: 0.1029942
	speed: 0.0059s/iter; time left: 62.7248s
	iters: 1000, epoch: 2 | loss: 0.0389486
	speed: 0.0058s/iter; time left: 61.8830s
	iters: 1100, epoch: 2 | loss: 0.2674929
	speed: 0.0054s/iter; time left: 57.0802s
	iters: 1200, epoch: 2 | loss: 0.1495954
	speed: 0.0053s/iter; time left: 55.4342s
Epoch: 2 cost time: 7.6 seconds
Epoch: 2, Steps: 1291 | Train Loss: 0.1070794 Vali Loss: 8.2057238 Test Loss: 11.2068577
Validation loss decreased (8.625814 --> 8.205724).  Saving model ...
Updating learning rate to 0.00025
	iters: 100, epoch: 3 | loss: 0.0697723
	speed: 0.0400s/iter; time left: 409.4418s
	iters: 200, epoch: 3 | loss: 0.0398215
	speed: 0.0054s/iter; time left: 54.6072s
	iters: 300, epoch: 3 | loss: 0.0615910
	speed: 0.0055s/iter; time left: 55.6139s
	iters: 400, epoch: 3 | loss: 0.1876663
	speed: 0.0056s/iter; time left: 55.8581s
	iters: 500, epoch: 3 | loss: 0.0704830
	speed: 0.0061s/iter; time left: 59.5202s
	iters: 600, epoch: 3 | loss: 0.0450743
	speed: 0.0062s/iter; time left: 60.4349s
	iters: 700, epoch: 3 | loss: 0.0468358
	speed: 0.0061s/iter; time left: 58.5039s
	iters: 800, epoch: 3 | loss: 0.0527699
	speed: 0.0065s/iter; time left: 62.1900s
	iters: 900, epoch: 3 | loss: 0.1225665
	speed: 0.0060s/iter; time left: 56.9228s
	iters: 1000, epoch: 3 | loss: 0.0947105
	speed: 0.0057s/iter; time left: 52.8653s
	iters: 1100, epoch: 3 | loss: 0.2011123
	speed: 0.0057s/iter; time left: 52.5263s
	iters: 1200, epoch: 3 | loss: 0.0791984
	speed: 0.0064s/iter; time left: 57.9858s
Epoch: 3 cost time: 7.9 seconds
Epoch: 3, Steps: 1291 | Train Loss: 0.1038171 Vali Loss: 8.0629997 Test Loss: 11.0239763
Validation loss decreased (8.205724 --> 8.063000).  Saving model ...
Updating learning rate to 0.000125
	iters: 100, epoch: 4 | loss: 0.1621018
	speed: 0.0409s/iter; time left: 365.8921s
	iters: 200, epoch: 4 | loss: 0.0420449
	speed: 0.0057s/iter; time left: 50.0857s
	iters: 300, epoch: 4 | loss: 0.1659448
	speed: 0.0062s/iter; time left: 54.1250s
	iters: 400, epoch: 4 | loss: 0.0306090
	speed: 0.0047s/iter; time left: 40.6214s
	iters: 500, epoch: 4 | loss: 0.1673308
	speed: 0.0049s/iter; time left: 42.1297s
	iters: 600, epoch: 4 | loss: 0.0732909
	speed: 0.0047s/iter; time left: 39.7370s
	iters: 700, epoch: 4 | loss: 0.0279526
	speed: 0.0052s/iter; time left: 43.3475s
	iters: 800, epoch: 4 | loss: 0.1978147
	speed: 0.0051s/iter; time left: 41.8788s
	iters: 900, epoch: 4 | loss: 0.1764904
	speed: 0.0052s/iter; time left: 42.1742s
	iters: 1000, epoch: 4 | loss: 0.1266568
	speed: 0.0052s/iter; time left: 41.6846s
	iters: 1100, epoch: 4 | loss: 0.1286325
	speed: 0.0051s/iter; time left: 40.3018s
	iters: 1200, epoch: 4 | loss: 0.1063317
	speed: 0.0050s/iter; time left: 39.2131s
Epoch: 4 cost time: 6.9 seconds
Epoch: 4, Steps: 1291 | Train Loss: 0.1025267 Vali Loss: 8.0501423 Test Loss: 10.9665155
Validation loss decreased (8.063000 --> 8.050142).  Saving model ...
Updating learning rate to 6.25e-05
	iters: 100, epoch: 5 | loss: 0.0646086
	speed: 0.0412s/iter; time left: 314.8957s
	iters: 200, epoch: 5 | loss: 0.0907144
	speed: 0.0070s/iter; time left: 53.1228s
	iters: 300, epoch: 5 | loss: 0.0528429
	speed: 0.0065s/iter; time left: 48.6107s
	iters: 400, epoch: 5 | loss: 0.1239164
	speed: 0.0058s/iter; time left: 42.3684s
	iters: 500, epoch: 5 | loss: 0.0248590
	speed: 0.0060s/iter; time left: 43.3823s
	iters: 600, epoch: 5 | loss: 0.0363219
	speed: 0.0064s/iter; time left: 45.7196s
	iters: 700, epoch: 5 | loss: 0.0380189
	speed: 0.0060s/iter; time left: 42.4196s
	iters: 800, epoch: 5 | loss: 0.1710081
	speed: 0.0055s/iter; time left: 38.2211s
	iters: 900, epoch: 5 | loss: 0.0512465
	speed: 0.0058s/iter; time left: 39.5484s
	iters: 1000, epoch: 5 | loss: 0.0525184
	speed: 0.0053s/iter; time left: 36.0206s
	iters: 1100, epoch: 5 | loss: 0.0371968
	speed: 0.0058s/iter; time left: 38.7847s
	iters: 1200, epoch: 5 | loss: 0.1502356
	speed: 0.0058s/iter; time left: 37.7624s
Epoch: 5 cost time: 8.1 seconds
Epoch: 5, Steps: 1291 | Train Loss: 0.1020762 Vali Loss: 7.9992976 Test Loss: 10.9133368
Validation loss decreased (8.050142 --> 7.999298).  Saving model ...
Updating learning rate to 3.125e-05
	iters: 100, epoch: 6 | loss: 0.1111299
	speed: 0.0413s/iter; time left: 262.7583s
	iters: 200, epoch: 6 | loss: 0.0501034
	speed: 0.0055s/iter; time left: 34.5341s
	iters: 300, epoch: 6 | loss: 0.0742243
	speed: 0.0054s/iter; time left: 33.2923s
	iters: 400, epoch: 6 | loss: 0.0495798
	speed: 0.0055s/iter; time left: 33.0540s
	iters: 500, epoch: 6 | loss: 0.0505643
	speed: 0.0062s/iter; time left: 36.9386s
	iters: 600, epoch: 6 | loss: 0.1148315
	speed: 0.0058s/iter; time left: 33.7704s
	iters: 700, epoch: 6 | loss: 0.1648672
	speed: 0.0056s/iter; time left: 32.3087s
	iters: 800, epoch: 6 | loss: 0.0343775
	speed: 0.0055s/iter; time left: 31.2761s
	iters: 900, epoch: 6 | loss: 0.0808161
	speed: 0.0059s/iter; time left: 32.6867s
	iters: 1000, epoch: 6 | loss: 0.1410496
	speed: 0.0059s/iter; time left: 32.0003s
	iters: 1100, epoch: 6 | loss: 0.0516185
	speed: 0.0059s/iter; time left: 31.7417s
	iters: 1200, epoch: 6 | loss: 0.0456330
	speed: 0.0058s/iter; time left: 30.2606s
Epoch: 6 cost time: 7.7 seconds
Epoch: 6, Steps: 1291 | Train Loss: 0.1017747 Vali Loss: 7.9949570 Test Loss: 10.8999023
Validation loss decreased (7.999298 --> 7.994957).  Saving model ...
Updating learning rate to 1.5625e-05
	iters: 100, epoch: 7 | loss: 0.0430956
	speed: 0.0428s/iter; time left: 216.5835s
	iters: 200, epoch: 7 | loss: 0.0602101
	speed: 0.0058s/iter; time left: 28.5930s
	iters: 300, epoch: 7 | loss: 0.2794653
	speed: 0.0056s/iter; time left: 27.4284s
	iters: 400, epoch: 7 | loss: 0.1338591
	speed: 0.0056s/iter; time left: 26.6580s
	iters: 500, epoch: 7 | loss: 0.1139627
	speed: 0.0062s/iter; time left: 28.8268s
	iters: 600, epoch: 7 | loss: 0.1074302
	speed: 0.0057s/iter; time left: 26.2466s
	iters: 700, epoch: 7 | loss: 0.0962601
	speed: 0.0055s/iter; time left: 24.4099s
	iters: 800, epoch: 7 | loss: 0.1517517
	speed: 0.0056s/iter; time left: 24.3061s
	iters: 900, epoch: 7 | loss: 0.2226711
	speed: 0.0057s/iter; time left: 24.1048s
	iters: 1000, epoch: 7 | loss: 0.0784773
	speed: 0.0052s/iter; time left: 21.8270s
	iters: 1100, epoch: 7 | loss: 0.1385925
	speed: 0.0051s/iter; time left: 20.8249s
	iters: 1200, epoch: 7 | loss: 0.0439161
	speed: 0.0058s/iter; time left: 22.8904s
Epoch: 7 cost time: 7.5 seconds
Epoch: 7, Steps: 1291 | Train Loss: 0.1016691 Vali Loss: 7.9646616 Test Loss: 10.8919859
Validation loss decreased (7.994957 --> 7.964662).  Saving model ...
Updating learning rate to 7.8125e-06
	iters: 100, epoch: 8 | loss: 0.1170600
	speed: 0.0396s/iter; time left: 149.5311s
	iters: 200, epoch: 8 | loss: 0.2672863
	speed: 0.0059s/iter; time left: 21.5478s
	iters: 300, epoch: 8 | loss: 0.0131011
	speed: 0.0064s/iter; time left: 22.8108s
	iters: 400, epoch: 8 | loss: 0.0701461
	speed: 0.0055s/iter; time left: 18.9913s
	iters: 500, epoch: 8 | loss: 0.0745478
	speed: 0.0055s/iter; time left: 18.6224s
	iters: 600, epoch: 8 | loss: 0.0341271
	speed: 0.0054s/iter; time left: 17.6429s
	iters: 700, epoch: 8 | loss: 0.0587953
	speed: 0.0054s/iter; time left: 17.0070s
	iters: 800, epoch: 8 | loss: 0.1350176
	speed: 0.0053s/iter; time left: 16.4119s
	iters: 900, epoch: 8 | loss: 0.1035659
	speed: 0.0063s/iter; time left: 18.6158s
	iters: 1000, epoch: 8 | loss: 0.0700764
	speed: 0.0056s/iter; time left: 15.9942s
	iters: 1100, epoch: 8 | loss: 0.0402959
	speed: 0.0054s/iter; time left: 14.8940s
	iters: 1200, epoch: 8 | loss: 0.0382145
	speed: 0.0051s/iter; time left: 13.7023s
Epoch: 8 cost time: 7.4 seconds
Epoch: 8, Steps: 1291 | Train Loss: 0.1016217 Vali Loss: 7.9789419 Test Loss: 10.8879042
EarlyStopping counter: 1 out of 3
Updating learning rate to 3.90625e-06
	iters: 100, epoch: 9 | loss: 0.0611470
	speed: 0.0430s/iter; time left: 106.7022s
	iters: 200, epoch: 9 | loss: 0.0530918
	speed: 0.0060s/iter; time left: 14.1863s
	iters: 300, epoch: 9 | loss: 0.0733264
	speed: 0.0055s/iter; time left: 12.6062s
	iters: 400, epoch: 9 | loss: 0.0577406
	speed: 0.0060s/iter; time left: 13.0697s
	iters: 500, epoch: 9 | loss: 0.1013440
	speed: 0.0052s/iter; time left: 10.8513s
	iters: 600, epoch: 9 | loss: 0.2049549
	speed: 0.0054s/iter; time left: 10.7469s
	iters: 700, epoch: 9 | loss: 0.0595040
	speed: 0.0053s/iter; time left: 9.9597s
	iters: 800, epoch: 9 | loss: 0.0572242
	speed: 0.0051s/iter; time left: 9.1806s
	iters: 900, epoch: 9 | loss: 0.0844506
	speed: 0.0052s/iter; time left: 8.7846s
	iters: 1000, epoch: 9 | loss: 0.0324037
	speed: 0.0056s/iter; time left: 8.8497s
	iters: 1100, epoch: 9 | loss: 0.0964790
	speed: 0.0057s/iter; time left: 8.5126s
	iters: 1200, epoch: 9 | loss: 0.1905296
	speed: 0.0058s/iter; time left: 7.9913s
Epoch: 9 cost time: 7.6 seconds
Epoch: 9, Steps: 1291 | Train Loss: 0.1015169 Vali Loss: 7.9585285 Test Loss: 10.8856249
Validation loss decreased (7.964662 --> 7.958529).  Saving model ...
Updating learning rate to 1.953125e-06
	iters: 100, epoch: 10 | loss: 0.0523469
	speed: 0.0406s/iter; time left: 48.3834s
	iters: 200, epoch: 10 | loss: 0.0584097
	speed: 0.0055s/iter; time left: 5.9681s
	iters: 300, epoch: 10 | loss: 0.0697569
	speed: 0.0054s/iter; time left: 5.3678s
	iters: 400, epoch: 10 | loss: 0.0567791
	speed: 0.0056s/iter; time left: 4.9764s
	iters: 500, epoch: 10 | loss: 0.0643047
	speed: 0.0055s/iter; time left: 4.3731s
	iters: 600, epoch: 10 | loss: 0.0834248
	speed: 0.0059s/iter; time left: 4.0895s
	iters: 700, epoch: 10 | loss: 0.0759743
	speed: 0.0054s/iter; time left: 3.2174s
	iters: 800, epoch: 10 | loss: 0.0796186
	speed: 0.0059s/iter; time left: 2.8933s
	iters: 900, epoch: 10 | loss: 0.0383590
	speed: 0.0053s/iter; time left: 2.0877s
	iters: 1000, epoch: 10 | loss: 0.0485064
	speed: 0.0056s/iter; time left: 1.6231s
	iters: 1100, epoch: 10 | loss: 0.0643825
	speed: 0.0051s/iter; time left: 0.9856s
	iters: 1200, epoch: 10 | loss: 0.0623952
	speed: 0.0052s/iter; time left: 0.4827s
Epoch: 10 cost time: 7.4 seconds
Epoch: 10, Steps: 1291 | Train Loss: 0.1015473 Vali Loss: 7.9849877 Test Loss: 10.8845081
EarlyStopping counter: 1 out of 3
Updating learning rate to 9.765625e-07
>>>>>>>testing : FITS_MRO_336_336_MS_channels_6_FITS_MS_channels_6<<<<<<<<<<<<<<<<<<<<<<<<<<<<<<<<<
test 2809
FITS_MRO_336_336_MS_channels_6_FITS_MS_channels_6
Shapes: pred (2808, 336, 1), true (2808, 336, 1), naive_pred (2808, 336, 1)
Shapes: gt (351, 672), pd (351, 672), naive_pd (351, 672)
Final Metrics:
FITS         MSE: 10.885624  MAE: 2.540586   SE: 20.805725  RRMSE: 0.404318   RMAE: 0.311337   (numpy)
FITS         MSE: 10.885626  MAE: 2.540587   SE: 20.805727  RRMSE: 0.404318   RMAE: 0.311337   (torch)

Repeat       MSE: 10.261215  MAE: 2.420922   SE: 21.428272  RRMSE: 0.392551   RMAE: 0.296672   (numpy)
Repeat       MSE: 10.261217  MAE: 2.420922   SE: 21.428272  RRMSE: 0.392551   RMAE: 0.296672   (torch)


Model(
  (fits): FITS(
    (frequency_upsampler): Linear(in_features=168, out_features=336, bias=True)
  )
)
