Args in experiment:
Namespace(is_training=1, model_id='FITS_MRO_336_192_MS_channels_6', model='FITS', data='custom', root_path='./dataset/', data_path='MRO.csv', features='MS', target='Adj Close', freq='h', checkpoints='./checkpoints/', seq_len=336, label_len=48, pred_len=192, individual=False, embed_type=0, enc_in=6, dec_in=7, c_out=7, d_model=512, n_heads=8, e_layers=2, d_layers=1, d_ff=2048, moving_avg=25, factor=1, distil=True, dropout=0.05, embed='timeF', activation='gelu', output_attention=False, do_predict=False, num_workers=10, itr=1, train_epochs=10, batch_size=8, patience=3, learning_rate=0.0005, des='Exp', loss='mse', lradj='type1', use_amp=False, use_gpu=True, gpu=0, use_multi_gpu=False, devices='0,1,2,3', test_flop=False)
FITS_MRO_336_192_MS_channels_6_FITS_MS_channels_6
Using GPU: NVIDIA GeForce RTX 4070 (cuda:0):
>>>>>>>start training : FITS_MRO_336_192_MS_channels_6_FITS_MS_channels_6>>>>>>>>>>>>>>>>>>>>>>>>>>
train 10479
val 1383
test 2953
	iters: 100, epoch: 1 | loss: 0.0281748
	speed: 0.0175s/iter; time left: 226.9325s
	iters: 200, epoch: 1 | loss: 0.0397360
	speed: 0.0046s/iter; time left: 59.3843s
	iters: 300, epoch: 1 | loss: 0.1333739
	speed: 0.0046s/iter; time left: 59.4186s
	iters: 400, epoch: 1 | loss: 0.0324097
	speed: 0.0045s/iter; time left: 57.6924s
	iters: 500, epoch: 1 | loss: 0.0678725
	speed: 0.0048s/iter; time left: 60.3671s
	iters: 600, epoch: 1 | loss: 0.0263147
	speed: 0.0046s/iter; time left: 57.4083s
	iters: 700, epoch: 1 | loss: 0.0999204
	speed: 0.0047s/iter; time left: 58.0193s
	iters: 800, epoch: 1 | loss: 0.0221163
	speed: 0.0046s/iter; time left: 56.8221s
	iters: 900, epoch: 1 | loss: 0.1890268
	speed: 0.0048s/iter; time left: 58.4051s
	iters: 1000, epoch: 1 | loss: 0.0522251
	speed: 0.0047s/iter; time left: 57.2955s
	iters: 1100, epoch: 1 | loss: 0.0197515
	speed: 0.0055s/iter; time left: 65.4091s
	iters: 1200, epoch: 1 | loss: 0.0676726
	speed: 0.0056s/iter; time left: 66.5635s
	iters: 1300, epoch: 1 | loss: 0.0477101
	speed: 0.0058s/iter; time left: 68.0693s
Epoch: 1 cost time: 7.3 seconds
Epoch: 1, Steps: 1309 | Train Loss: 0.0847281 Vali Loss: 5.5836697 Test Loss: 6.7738051
Validation loss decreased (inf --> 5.583670).  Saving model ...
Updating learning rate to 0.0005
	iters: 100, epoch: 2 | loss: 0.0323717
	speed: 0.0386s/iter; time left: 450.3709s
	iters: 200, epoch: 2 | loss: 0.0591217
	speed: 0.0058s/iter; time left: 67.2683s
	iters: 300, epoch: 2 | loss: 0.0847402
	speed: 0.0060s/iter; time left: 69.2630s
	iters: 400, epoch: 2 | loss: 0.0181460
	speed: 0.0056s/iter; time left: 64.1723s
	iters: 500, epoch: 2 | loss: 0.0276955
	speed: 0.0057s/iter; time left: 63.7441s
	iters: 600, epoch: 2 | loss: 0.3544074
	speed: 0.0056s/iter; time left: 62.4533s
	iters: 700, epoch: 2 | loss: 0.0510726
	speed: 0.0058s/iter; time left: 64.2736s
	iters: 800, epoch: 2 | loss: 0.0737342
	speed: 0.0061s/iter; time left: 66.5897s
	iters: 900, epoch: 2 | loss: 0.0749613
	speed: 0.0059s/iter; time left: 64.2515s
	iters: 1000, epoch: 2 | loss: 0.0945837
	speed: 0.0058s/iter; time left: 62.1437s
	iters: 1100, epoch: 2 | loss: 0.0520869
	speed: 0.0058s/iter; time left: 62.0585s
	iters: 1200, epoch: 2 | loss: 0.0416776
	speed: 0.0058s/iter; time left: 60.8996s
	iters: 1300, epoch: 2 | loss: 0.1169088
	speed: 0.0058s/iter; time left: 61.0215s
Epoch: 2 cost time: 7.9 seconds
Epoch: 2, Steps: 1309 | Train Loss: 0.0681802 Vali Loss: 5.1672382 Test Loss: 6.2668548
Validation loss decreased (5.583670 --> 5.167238).  Saving model ...
Updating learning rate to 0.00025
	iters: 100, epoch: 3 | loss: 0.1242926
	speed: 0.0394s/iter; time left: 408.7083s
	iters: 200, epoch: 3 | loss: 0.0818794
	speed: 0.0057s/iter; time left: 58.2112s
	iters: 300, epoch: 3 | loss: 0.0628627
	speed: 0.0056s/iter; time left: 57.0735s
	iters: 400, epoch: 3 | loss: 0.0433756
	speed: 0.0058s/iter; time left: 58.5144s
	iters: 500, epoch: 3 | loss: 0.0533873
	speed: 0.0061s/iter; time left: 60.8193s
	iters: 600, epoch: 3 | loss: 0.0240498
	speed: 0.0056s/iter; time left: 55.3966s
	iters: 700, epoch: 3 | loss: 0.0512540
	speed: 0.0058s/iter; time left: 56.9261s
	iters: 800, epoch: 3 | loss: 0.0737176
	speed: 0.0058s/iter; time left: 56.4408s
	iters: 900, epoch: 3 | loss: 0.0476686
	speed: 0.0059s/iter; time left: 56.0132s
	iters: 1000, epoch: 3 | loss: 0.0216650
	speed: 0.0058s/iter; time left: 55.0585s
	iters: 1100, epoch: 3 | loss: 0.0311823
	speed: 0.0059s/iter; time left: 55.6545s
	iters: 1200, epoch: 3 | loss: 0.0640947
	speed: 0.0057s/iter; time left: 52.7978s
	iters: 1300, epoch: 3 | loss: 0.0831122
	speed: 0.0062s/iter; time left: 56.7644s
Epoch: 3 cost time: 7.9 seconds
Epoch: 3, Steps: 1309 | Train Loss: 0.0649741 Vali Loss: 5.0548034 Test Loss: 6.1131635
Validation loss decreased (5.167238 --> 5.054803).  Saving model ...
Updating learning rate to 0.000125
	iters: 100, epoch: 4 | loss: 0.0271403
	speed: 0.0397s/iter; time left: 359.6410s
	iters: 200, epoch: 4 | loss: 0.1294148
	speed: 0.0057s/iter; time left: 50.7348s
	iters: 300, epoch: 4 | loss: 0.0908378
	speed: 0.0056s/iter; time left: 49.9934s
	iters: 400, epoch: 4 | loss: 0.0266629
	speed: 0.0058s/iter; time left: 51.2264s
	iters: 500, epoch: 4 | loss: 0.0425039
	speed: 0.0059s/iter; time left: 50.9767s
	iters: 600, epoch: 4 | loss: 0.0996111
	speed: 0.0061s/iter; time left: 51.9509s
	iters: 700, epoch: 4 | loss: 0.0471700
	speed: 0.0056s/iter; time left: 47.6887s
	iters: 800, epoch: 4 | loss: 0.1346214
	speed: 0.0057s/iter; time left: 47.8877s
	iters: 900, epoch: 4 | loss: 0.0957124
	speed: 0.0059s/iter; time left: 49.1343s
	iters: 1000, epoch: 4 | loss: 0.0623859
	speed: 0.0060s/iter; time left: 48.6776s
	iters: 1100, epoch: 4 | loss: 0.0600408
	speed: 0.0060s/iter; time left: 48.1520s
	iters: 1200, epoch: 4 | loss: 0.0286744
	speed: 0.0061s/iter; time left: 48.8408s
	iters: 1300, epoch: 4 | loss: 0.0601698
	speed: 0.0058s/iter; time left: 45.9611s
Epoch: 4 cost time: 8.0 seconds
Epoch: 4, Steps: 1309 | Train Loss: 0.0638927 Vali Loss: 4.9908538 Test Loss: 6.0467348
Validation loss decreased (5.054803 --> 4.990854).  Saving model ...
Updating learning rate to 6.25e-05
	iters: 100, epoch: 5 | loss: 0.0315148
	speed: 0.0402s/iter; time left: 311.6954s
	iters: 200, epoch: 5 | loss: 0.0351622
	speed: 0.0059s/iter; time left: 45.1037s
	iters: 300, epoch: 5 | loss: 0.0751556
	speed: 0.0058s/iter; time left: 43.7230s
	iters: 400, epoch: 5 | loss: 0.0662451
	speed: 0.0070s/iter; time left: 52.5479s
	iters: 500, epoch: 5 | loss: 0.1306643
	speed: 0.0057s/iter; time left: 41.9556s
	iters: 600, epoch: 5 | loss: 0.0596911
	speed: 0.0062s/iter; time left: 45.0765s
	iters: 700, epoch: 5 | loss: 0.0191932
	speed: 0.0056s/iter; time left: 40.2750s
	iters: 800, epoch: 5 | loss: 0.0766824
	speed: 0.0058s/iter; time left: 41.1015s
	iters: 900, epoch: 5 | loss: 0.0400201
	speed: 0.0058s/iter; time left: 40.6816s
	iters: 1000, epoch: 5 | loss: 0.0219984
	speed: 0.0058s/iter; time left: 39.9529s
	iters: 1100, epoch: 5 | loss: 0.0247625
	speed: 0.0060s/iter; time left: 40.4773s
	iters: 1200, epoch: 5 | loss: 0.0198706
	speed: 0.0059s/iter; time left: 39.0590s
	iters: 1300, epoch: 5 | loss: 0.0679053
	speed: 0.0057s/iter; time left: 37.2460s
Epoch: 5 cost time: 8.2 seconds
Epoch: 5, Steps: 1309 | Train Loss: 0.0634665 Vali Loss: 4.9538713 Test Loss: 6.0211458
Validation loss decreased (4.990854 --> 4.953871).  Saving model ...
Updating learning rate to 3.125e-05
	iters: 100, epoch: 6 | loss: 0.0367547
	speed: 0.0391s/iter; time left: 252.1399s
	iters: 200, epoch: 6 | loss: 0.1304806
	speed: 0.0058s/iter; time left: 36.9449s
	iters: 300, epoch: 6 | loss: 0.0917085
	speed: 0.0059s/iter; time left: 36.5625s
	iters: 400, epoch: 6 | loss: 0.0296079
	speed: 0.0059s/iter; time left: 36.0410s
	iters: 500, epoch: 6 | loss: 0.0257060
	speed: 0.0060s/iter; time left: 36.1675s
	iters: 600, epoch: 6 | loss: 0.0273232
	speed: 0.0060s/iter; time left: 35.9702s
	iters: 700, epoch: 6 | loss: 0.0201007
	speed: 0.0060s/iter; time left: 35.1000s
	iters: 800, epoch: 6 | loss: 0.0516275
	speed: 0.0056s/iter; time left: 32.0474s
	iters: 900, epoch: 6 | loss: 0.0490168
	speed: 0.0056s/iter; time left: 31.5645s
	iters: 1000, epoch: 6 | loss: 0.0545210
	speed: 0.0056s/iter; time left: 31.1830s
	iters: 1100, epoch: 6 | loss: 0.0320068
	speed: 0.0063s/iter; time left: 34.1457s
	iters: 1200, epoch: 6 | loss: 0.0741835
	speed: 0.0059s/iter; time left: 31.5465s
	iters: 1300, epoch: 6 | loss: 0.0585630
	speed: 0.0057s/iter; time left: 29.8668s
Epoch: 6 cost time: 7.9 seconds
Epoch: 6, Steps: 1309 | Train Loss: 0.0632338 Vali Loss: 4.9737954 Test Loss: 6.0090361
EarlyStopping counter: 1 out of 3
Updating learning rate to 1.5625e-05
	iters: 100, epoch: 7 | loss: 0.0378410
	speed: 0.0387s/iter; time left: 198.7614s
	iters: 200, epoch: 7 | loss: 0.0929307
	speed: 0.0056s/iter; time left: 28.0680s
	iters: 300, epoch: 7 | loss: 0.0483184
	speed: 0.0057s/iter; time left: 27.9683s
	iters: 400, epoch: 7 | loss: 0.0391796
	speed: 0.0056s/iter; time left: 27.1445s
	iters: 500, epoch: 7 | loss: 0.0661621
	speed: 0.0057s/iter; time left: 27.1389s
	iters: 600, epoch: 7 | loss: 0.0286561
	speed: 0.0054s/iter; time left: 25.0387s
	iters: 700, epoch: 7 | loss: 0.2235695
	speed: 0.0058s/iter; time left: 26.2358s
	iters: 800, epoch: 7 | loss: 0.0053752
	speed: 0.0056s/iter; time left: 24.8430s
	iters: 900, epoch: 7 | loss: 0.0342678
	speed: 0.0057s/iter; time left: 24.5233s
	iters: 1000, epoch: 7 | loss: 0.0539738
	speed: 0.0056s/iter; time left: 23.8313s
	iters: 1100, epoch: 7 | loss: 0.1113705
	speed: 0.0059s/iter; time left: 24.2458s
	iters: 1200, epoch: 7 | loss: 0.0363305
	speed: 0.0057s/iter; time left: 22.8837s
	iters: 1300, epoch: 7 | loss: 0.0857269
	speed: 0.0057s/iter; time left: 22.4651s
Epoch: 7 cost time: 7.7 seconds
Epoch: 7, Steps: 1309 | Train Loss: 0.0631221 Vali Loss: 4.9714375 Test Loss: 6.0027165
EarlyStopping counter: 2 out of 3
Updating learning rate to 7.8125e-06
	iters: 100, epoch: 8 | loss: 0.0559426
	speed: 0.0409s/iter; time left: 156.7100s
	iters: 200, epoch: 8 | loss: 0.1275370
	speed: 0.0059s/iter; time left: 22.1457s
	iters: 300, epoch: 8 | loss: 0.0381415
	speed: 0.0059s/iter; time left: 21.2619s
	iters: 400, epoch: 8 | loss: 0.0404087
	speed: 0.0058s/iter; time left: 20.4753s
	iters: 500, epoch: 8 | loss: 0.0532757
	speed: 0.0059s/iter; time left: 20.1200s
	iters: 600, epoch: 8 | loss: 0.0533751
	speed: 0.0057s/iter; time left: 19.0838s
	iters: 700, epoch: 8 | loss: 0.0405306
	speed: 0.0062s/iter; time left: 19.9342s
	iters: 800, epoch: 8 | loss: 0.1239881
	speed: 0.0059s/iter; time left: 18.3651s
	iters: 900, epoch: 8 | loss: 0.1468301
	speed: 0.0055s/iter; time left: 16.6368s
	iters: 1000, epoch: 8 | loss: 0.0646443
	speed: 0.0059s/iter; time left: 17.4199s
	iters: 1100, epoch: 8 | loss: 0.0212370
	speed: 0.0057s/iter; time left: 16.1489s
	iters: 1200, epoch: 8 | loss: 0.1244182
	speed: 0.0059s/iter; time left: 15.9782s
	iters: 1300, epoch: 8 | loss: 0.0721959
	speed: 0.0059s/iter; time left: 15.4088s
Epoch: 8 cost time: 8.0 seconds
Epoch: 8, Steps: 1309 | Train Loss: 0.0629486 Vali Loss: 4.9719234 Test Loss: 5.9996495
EarlyStopping counter: 3 out of 3
Early stopping
>>>>>>>testing : FITS_MRO_336_192_MS_channels_6_FITS_MS_channels_6<<<<<<<<<<<<<<<<<<<<<<<<<<<<<<<<<
test 2953
FITS_MRO_336_192_MS_channels_6_FITS_MS_channels_6
Shapes: pred (2952, 192, 1), true (2952, 192, 1), naive_pred (2952, 192, 1)
Shapes: gt (369, 528), pd (369, 528), naive_pd (369, 528)
Final Metrics:
FITS_10         MSE: 6.021146   MAE: 1.957410   SE: 11.073071  RRMSE: 0.295202   RMAE: 0.235484   (numpy)
FITS_10         MSE: 6.021146   MAE: 1.957409   SE: 11.073071  RRMSE: 0.295202   RMAE: 0.235484   (torch)

Repeat       MSE: 5.362151   MAE: 1.761319   SE: 10.656660  RRMSE: 0.278580   RMAE: 0.211894   (numpy)
Repeat       MSE: 5.362151   MAE: 1.761319   SE: 10.656659  RRMSE: 0.278580   RMAE: 0.211894   (torch)

