Args in experiment:
Namespace(is_training=1, model_id='FITS_GD_336_96_MS_channels_6', model='FITS', data='custom', root_path='./dataset/', data_path='GD.csv', features='MS', target='Adj Close', freq='h', checkpoints='./checkpoints/', seq_len=336, label_len=48, pred_len=96, individual=False, embed_type=0, enc_in=6, dec_in=7, c_out=7, d_model=512, n_heads=8, e_layers=2, d_layers=1, d_ff=2048, moving_avg=25, factor=1, distil=True, dropout=0.05, embed='timeF', activation='gelu', output_attention=False, do_predict=False, num_workers=10, itr=1, train_epochs=10, batch_size=8, patience=3, learning_rate=0.0005, des='Exp', loss='mse', lradj='type1', use_amp=False, use_gpu=True, gpu=0, use_multi_gpu=False, devices='0,1,2,3', test_flop=False)
FITS_GD_336_96_MS_channels_6_FITS_MS_channels_6
Using GPU: NVIDIA GeForce RTX 4070 (cuda:0):
>>>>>>>start training : FITS_GD_336_96_MS_channels_6_FITS_MS_channels_6>>>>>>>>>>>>>>>>>>>>>>>>>>
train 10575
val 1479
test 3049
	iters: 100, epoch: 1 | loss: 0.0137241
	speed: 0.0181s/iter; time left: 236.8092s
	iters: 200, epoch: 1 | loss: 0.0144533
	speed: 0.0048s/iter; time left: 62.5671s
	iters: 300, epoch: 1 | loss: 0.0490909
	speed: 0.0048s/iter; time left: 62.2932s
	iters: 400, epoch: 1 | loss: 0.0229805
	speed: 0.0053s/iter; time left: 67.8653s
	iters: 500, epoch: 1 | loss: 0.0187084
	speed: 0.0048s/iter; time left: 60.5041s
	iters: 600, epoch: 1 | loss: 0.0337977
	speed: 0.0050s/iter; time left: 62.6668s
	iters: 700, epoch: 1 | loss: 0.0132504
	speed: 0.0052s/iter; time left: 64.8422s
	iters: 800, epoch: 1 | loss: 0.0217443
	speed: 0.0052s/iter; time left: 64.1698s
	iters: 900, epoch: 1 | loss: 0.0661139
	speed: 0.0049s/iter; time left: 60.5322s
	iters: 1000, epoch: 1 | loss: 0.0348804
	speed: 0.0052s/iter; time left: 63.9635s
	iters: 1100, epoch: 1 | loss: 0.0357684
	speed: 0.0050s/iter; time left: 61.0898s
	iters: 1200, epoch: 1 | loss: 0.0543899
	speed: 0.0052s/iter; time left: 62.1219s
	iters: 1300, epoch: 1 | loss: 0.0062234
	speed: 0.0053s/iter; time left: 62.5527s
Epoch: 1 cost time: 7.6 seconds
Epoch: 1, Steps: 1321 | Train Loss: 0.0266074 Vali Loss: 0.5958151 Test Loss: 3.0603356
Validation loss decreased (inf --> 0.595815).  Saving model ...
Updating learning rate to 0.0005
	iters: 100, epoch: 2 | loss: 0.0014899
	speed: 0.0365s/iter; time left: 430.7147s
	iters: 200, epoch: 2 | loss: 0.0029527
	speed: 0.0056s/iter; time left: 65.6696s
	iters: 300, epoch: 2 | loss: 0.0081089
	speed: 0.0055s/iter; time left: 64.0236s
	iters: 400, epoch: 2 | loss: 0.0019839
	speed: 0.0055s/iter; time left: 63.5187s
	iters: 500, epoch: 2 | loss: 0.0112047
	speed: 0.0053s/iter; time left: 60.7522s
	iters: 600, epoch: 2 | loss: 0.0035701
	speed: 0.0055s/iter; time left: 62.2347s
	iters: 700, epoch: 2 | loss: 0.0315563
	speed: 0.0055s/iter; time left: 62.0104s
	iters: 800, epoch: 2 | loss: 0.0034715
	speed: 0.0054s/iter; time left: 60.4081s
	iters: 900, epoch: 2 | loss: 0.0079626
	speed: 0.0055s/iter; time left: 60.7710s
	iters: 1000, epoch: 2 | loss: 0.0046262
	speed: 0.0056s/iter; time left: 61.0596s
	iters: 1100, epoch: 2 | loss: 0.0099982
	speed: 0.0056s/iter; time left: 60.0573s
	iters: 1200, epoch: 2 | loss: 0.0571666
	speed: 0.0060s/iter; time left: 64.1206s
	iters: 1300, epoch: 2 | loss: 0.0002978
	speed: 0.0057s/iter; time left: 60.3313s
Epoch: 2 cost time: 7.6 seconds
Epoch: 2, Steps: 1321 | Train Loss: 0.0201456 Vali Loss: 0.5440575 Test Loss: 2.8163121
Validation loss decreased (0.595815 --> 0.544058).  Saving model ...
Updating learning rate to 0.00025
	iters: 100, epoch: 3 | loss: 0.0081029
	speed: 0.0386s/iter; time left: 404.0167s
	iters: 200, epoch: 3 | loss: 0.0168563
	speed: 0.0060s/iter; time left: 61.7954s
	iters: 300, epoch: 3 | loss: 0.0039104
	speed: 0.0057s/iter; time left: 58.5312s
	iters: 400, epoch: 3 | loss: 0.0111680
	speed: 0.0053s/iter; time left: 53.6685s
	iters: 500, epoch: 3 | loss: 0.0009896
	speed: 0.0054s/iter; time left: 54.0180s
	iters: 600, epoch: 3 | loss: 0.0113848
	speed: 0.0056s/iter; time left: 55.5994s
	iters: 700, epoch: 3 | loss: 0.0001294
	speed: 0.0058s/iter; time left: 57.3435s
	iters: 800, epoch: 3 | loss: 0.0099823
	speed: 0.0056s/iter; time left: 54.5877s
	iters: 900, epoch: 3 | loss: 0.0126295
	speed: 0.0057s/iter; time left: 55.2429s
	iters: 1000, epoch: 3 | loss: 0.0120844
	speed: 0.0057s/iter; time left: 54.4190s
	iters: 1100, epoch: 3 | loss: 0.0006263
	speed: 0.0055s/iter; time left: 52.3615s
	iters: 1200, epoch: 3 | loss: 0.0114478
	speed: 0.0056s/iter; time left: 52.6484s
	iters: 1300, epoch: 3 | loss: 0.0122556
	speed: 0.0065s/iter; time left: 60.4863s
Epoch: 3 cost time: 7.8 seconds
Epoch: 3, Steps: 1321 | Train Loss: 0.0186873 Vali Loss: 0.5311236 Test Loss: 2.7626858
Validation loss decreased (0.544058 --> 0.531124).  Saving model ...
Updating learning rate to 0.000125
	iters: 100, epoch: 4 | loss: 0.0017851
	speed: 0.0413s/iter; time left: 377.5655s
	iters: 200, epoch: 4 | loss: 0.0246239
	speed: 0.0057s/iter; time left: 51.2076s
	iters: 300, epoch: 4 | loss: 0.0144808
	speed: 0.0054s/iter; time left: 47.8975s
	iters: 400, epoch: 4 | loss: 0.0023098
	speed: 0.0057s/iter; time left: 50.4797s
	iters: 500, epoch: 4 | loss: 0.0131810
	speed: 0.0057s/iter; time left: 49.8129s
	iters: 600, epoch: 4 | loss: 0.0014166
	speed: 0.0056s/iter; time left: 48.5190s
	iters: 700, epoch: 4 | loss: 0.0167182
	speed: 0.0057s/iter; time left: 48.5980s
	iters: 800, epoch: 4 | loss: 0.0175068
	speed: 0.0055s/iter; time left: 46.7121s
	iters: 900, epoch: 4 | loss: 0.0110728
	speed: 0.0057s/iter; time left: 47.4215s
	iters: 1000, epoch: 4 | loss: 0.0432308
	speed: 0.0058s/iter; time left: 47.6798s
	iters: 1100, epoch: 4 | loss: 0.0946328
	speed: 0.0057s/iter; time left: 46.4809s
	iters: 1200, epoch: 4 | loss: 0.0076080
	speed: 0.0058s/iter; time left: 46.6951s
	iters: 1300, epoch: 4 | loss: 0.0246737
	speed: 0.0058s/iter; time left: 46.4499s
Epoch: 4 cost time: 7.8 seconds
Epoch: 4, Steps: 1321 | Train Loss: 0.0182847 Vali Loss: 0.5300902 Test Loss: 2.7209959
Validation loss decreased (0.531124 --> 0.530090).  Saving model ...
Updating learning rate to 6.25e-05
	iters: 100, epoch: 5 | loss: 0.0021197
	speed: 0.0387s/iter; time left: 303.0099s
	iters: 200, epoch: 5 | loss: 0.0199094
	speed: 0.0068s/iter; time left: 52.5493s
	iters: 300, epoch: 5 | loss: 0.0254203
	speed: 0.0071s/iter; time left: 53.9507s
	iters: 400, epoch: 5 | loss: 0.0043482
	speed: 0.0056s/iter; time left: 41.9165s
	iters: 500, epoch: 5 | loss: 0.0420251
	speed: 0.0057s/iter; time left: 42.0820s
	iters: 600, epoch: 5 | loss: 0.0023831
	speed: 0.0055s/iter; time left: 40.4973s
	iters: 700, epoch: 5 | loss: 0.0250610
	speed: 0.0065s/iter; time left: 46.9705s
	iters: 800, epoch: 5 | loss: 0.0165582
	speed: 0.0055s/iter; time left: 38.9169s
	iters: 900, epoch: 5 | loss: 0.0344883
	speed: 0.0056s/iter; time left: 39.3022s
	iters: 1000, epoch: 5 | loss: 0.0025441
	speed: 0.0054s/iter; time left: 37.7406s
	iters: 1100, epoch: 5 | loss: 0.0011452
	speed: 0.0057s/iter; time left: 38.9382s
	iters: 1200, epoch: 5 | loss: 0.0140349
	speed: 0.0058s/iter; time left: 38.7216s
	iters: 1300, epoch: 5 | loss: 0.0059337
	speed: 0.0055s/iter; time left: 36.2590s
Epoch: 5 cost time: 8.1 seconds
Epoch: 5, Steps: 1321 | Train Loss: 0.0180912 Vali Loss: 0.5286316 Test Loss: 2.7091639
Validation loss decreased (0.530090 --> 0.528632).  Saving model ...
Updating learning rate to 3.125e-05
	iters: 100, epoch: 6 | loss: 0.0041644
	speed: 0.0398s/iter; time left: 259.0705s
	iters: 200, epoch: 6 | loss: 0.0066620
	speed: 0.0054s/iter; time left: 34.7445s
	iters: 300, epoch: 6 | loss: 0.0023391
	speed: 0.0056s/iter; time left: 35.2410s
	iters: 400, epoch: 6 | loss: 0.0128633
	speed: 0.0057s/iter; time left: 35.6537s
	iters: 500, epoch: 6 | loss: 0.0155480
	speed: 0.0057s/iter; time left: 34.9720s
	iters: 600, epoch: 6 | loss: 0.0005231
	speed: 0.0055s/iter; time left: 33.2277s
	iters: 700, epoch: 6 | loss: 0.0283359
	speed: 0.0056s/iter; time left: 32.8456s
	iters: 800, epoch: 6 | loss: 0.1400258
	speed: 0.0057s/iter; time left: 33.3394s
	iters: 900, epoch: 6 | loss: 0.0021776
	speed: 0.0060s/iter; time left: 34.1232s
	iters: 1000, epoch: 6 | loss: 0.0031785
	speed: 0.0061s/iter; time left: 34.3642s
	iters: 1100, epoch: 6 | loss: 0.0007756
	speed: 0.0061s/iter; time left: 33.8439s
	iters: 1200, epoch: 6 | loss: 0.0091684
	speed: 0.0067s/iter; time left: 36.4121s
	iters: 1300, epoch: 6 | loss: 0.0032296
	speed: 0.0062s/iter; time left: 33.1534s
Epoch: 6 cost time: 8.1 seconds
Epoch: 6, Steps: 1321 | Train Loss: 0.0179763 Vali Loss: 0.5233245 Test Loss: 2.7044983
Validation loss decreased (0.528632 --> 0.523324).  Saving model ...
Updating learning rate to 1.5625e-05
	iters: 100, epoch: 7 | loss: 0.0234735
	speed: 0.0447s/iter; time left: 231.8724s
	iters: 200, epoch: 7 | loss: 0.0247651
	speed: 0.0061s/iter; time left: 31.1770s
	iters: 300, epoch: 7 | loss: 0.0168482
	speed: 0.0060s/iter; time left: 29.9716s
	iters: 400, epoch: 7 | loss: 0.0170426
	speed: 0.0058s/iter; time left: 28.5709s
	iters: 500, epoch: 7 | loss: 0.0682080
	speed: 0.0056s/iter; time left: 26.7685s
	iters: 600, epoch: 7 | loss: 0.0074162
	speed: 0.0059s/iter; time left: 27.8325s
	iters: 700, epoch: 7 | loss: 0.0275215
	speed: 0.0061s/iter; time left: 27.8206s
	iters: 800, epoch: 7 | loss: 0.0016236
	speed: 0.0060s/iter; time left: 26.7739s
	iters: 900, epoch: 7 | loss: 0.0022705
	speed: 0.0060s/iter; time left: 26.5110s
	iters: 1000, epoch: 7 | loss: 0.0308130
	speed: 0.0060s/iter; time left: 25.8739s
	iters: 1100, epoch: 7 | loss: 0.0035120
	speed: 0.0061s/iter; time left: 25.6144s
	iters: 1200, epoch: 7 | loss: 0.0310854
	speed: 0.0060s/iter; time left: 24.6735s
	iters: 1300, epoch: 7 | loss: 0.0245630
	speed: 0.0059s/iter; time left: 23.3854s
Epoch: 7 cost time: 8.2 seconds
Epoch: 7, Steps: 1321 | Train Loss: 0.0179783 Vali Loss: 0.5267640 Test Loss: 2.7016549
EarlyStopping counter: 1 out of 3
Updating learning rate to 7.8125e-06
	iters: 100, epoch: 8 | loss: 0.0066117
	speed: 0.0417s/iter; time left: 161.1993s
	iters: 200, epoch: 8 | loss: 0.0405953
	speed: 0.0060s/iter; time left: 22.5789s
	iters: 300, epoch: 8 | loss: 0.0007608
	speed: 0.0062s/iter; time left: 22.5507s
	iters: 400, epoch: 8 | loss: 0.0053910
	speed: 0.0060s/iter; time left: 21.5430s
	iters: 500, epoch: 8 | loss: 0.0015836
	speed: 0.0058s/iter; time left: 20.1467s
	iters: 600, epoch: 8 | loss: 0.0079001
	speed: 0.0060s/iter; time left: 20.0299s
	iters: 700, epoch: 8 | loss: 0.0141948
	speed: 0.0060s/iter; time left: 19.6541s
	iters: 800, epoch: 8 | loss: 0.0338217
	speed: 0.0059s/iter; time left: 18.5305s
	iters: 900, epoch: 8 | loss: 0.0020295
	speed: 0.0059s/iter; time left: 18.1180s
	iters: 1000, epoch: 8 | loss: 0.0391330
	speed: 0.0059s/iter; time left: 17.3908s
	iters: 1100, epoch: 8 | loss: 0.0033366
	speed: 0.0060s/iter; time left: 17.2835s
	iters: 1200, epoch: 8 | loss: 0.0322002
	speed: 0.0059s/iter; time left: 16.3514s
	iters: 1300, epoch: 8 | loss: 0.0005937
	speed: 0.0061s/iter; time left: 16.2445s
Epoch: 8 cost time: 8.2 seconds
Epoch: 8, Steps: 1321 | Train Loss: 0.0179400 Vali Loss: 0.5234966 Test Loss: 2.7005012
EarlyStopping counter: 2 out of 3
Updating learning rate to 3.90625e-06
	iters: 100, epoch: 9 | loss: 0.0399634
	speed: 0.0415s/iter; time left: 105.5503s
	iters: 200, epoch: 9 | loss: 0.0048308
	speed: 0.0064s/iter; time left: 15.5502s
	iters: 300, epoch: 9 | loss: 0.0016265
	speed: 0.0061s/iter; time left: 14.2937s
	iters: 400, epoch: 9 | loss: 0.0247789
	speed: 0.0064s/iter; time left: 14.3410s
	iters: 500, epoch: 9 | loss: 0.0150858
	speed: 0.0065s/iter; time left: 13.9634s
	iters: 600, epoch: 9 | loss: 0.0278748
	speed: 0.0063s/iter; time left: 12.9600s
	iters: 700, epoch: 9 | loss: 0.0068827
	speed: 0.0070s/iter; time left: 13.6960s
	iters: 800, epoch: 9 | loss: 0.0130972
	speed: 0.0071s/iter; time left: 13.0552s
	iters: 900, epoch: 9 | loss: 0.0289402
	speed: 0.0060s/iter; time left: 10.3992s
	iters: 1000, epoch: 9 | loss: 0.0031902
	speed: 0.0059s/iter; time left: 9.6482s
	iters: 1100, epoch: 9 | loss: 0.0196235
	speed: 0.0059s/iter; time left: 9.1442s
	iters: 1200, epoch: 9 | loss: 0.0007854
	speed: 0.0067s/iter; time left: 9.5964s
	iters: 1300, epoch: 9 | loss: 0.0210486
	speed: 0.0061s/iter; time left: 8.1425s
Epoch: 9 cost time: 8.7 seconds
Epoch: 9, Steps: 1321 | Train Loss: 0.0179445 Vali Loss: 0.5261278 Test Loss: 2.6998615
EarlyStopping counter: 3 out of 3
Early stopping
>>>>>>>testing : FITS_GD_336_96_MS_channels_6_FITS_MS_channels_6<<<<<<<<<<<<<<<<<<<<<<<<<<<<<<<<<
test 3049
FITS_GD_336_96_MS_channels_6_FITS_MS_channels_6
Shapes: pred (3048, 96, 1), true (3048, 96, 1), naive_pred (3048, 96, 1)
Shapes: gt (381, 432), pd (381, 432), naive_pd (381, 432)
Final Metrics:
FITS_10         MSE: 2.704498   MAE: 1.238646   SE: 5.193305   RRMSE: 0.106596   RMAE: 0.080287   (numpy)
FITS_10         MSE: 2.704498   MAE: 1.238646   SE: 5.193304   RRMSE: 0.106596   RMAE: 0.080287   (torch)

Repeat       MSE: 2.179713   MAE: 1.044575   SE: 4.422679   RRMSE: 0.095697   RMAE: 0.067707   (numpy)
Repeat       MSE: 2.179713   MAE: 1.044575   SE: 4.422679   RRMSE: 0.095697   RMAE: 0.067707   (torch)

