Args in experiment:
Namespace(is_training=1, model_id='FITS_GD_336_720_MS_channels_6', model='FITS', data='custom', root_path='./dataset/', data_path='GD.csv', features='MS', target='Adj Close', freq='h', checkpoints='./checkpoints/', seq_len=336, label_len=48, pred_len=720, individual=False, embed_type=0, enc_in=6, dec_in=7, c_out=7, d_model=512, n_heads=8, e_layers=2, d_layers=1, d_ff=2048, moving_avg=25, factor=1, distil=True, dropout=0.05, embed='timeF', activation='gelu', output_attention=False, do_predict=False, num_workers=10, itr=1, train_epochs=10, batch_size=8, patience=3, learning_rate=0.0005, des='Exp', loss='mse', lradj='type1', use_amp=False, use_gpu=True, gpu=0, use_multi_gpu=False, devices='0,1,2,3', test_flop=False)
FITS_GD_336_720_MS_channels_6_FITS_MS_channels_6
Using GPU: NVIDIA GeForce RTX 4070 (cuda:0):
>>>>>>>start training : FITS_GD_336_720_MS_channels_6_FITS_MS_channels_6>>>>>>>>>>>>>>>>>>>>>>>>>>
train 9951
val 855
test 2425
	iters: 100, epoch: 1 | loss: 0.2078426
	speed: 0.0218s/iter; time left: 269.0406s
	iters: 200, epoch: 1 | loss: 0.1224313
	speed: 0.0087s/iter; time left: 105.8504s
	iters: 300, epoch: 1 | loss: 0.0250811
	speed: 0.0067s/iter; time left: 81.5481s
	iters: 400, epoch: 1 | loss: 0.0608216
	speed: 0.0072s/iter; time left: 86.3318s
	iters: 500, epoch: 1 | loss: 0.0665123
	speed: 0.0075s/iter; time left: 89.5735s
	iters: 600, epoch: 1 | loss: 0.0441356
	speed: 0.0061s/iter; time left: 72.1092s
	iters: 700, epoch: 1 | loss: 0.0354442
	speed: 0.0049s/iter; time left: 56.9458s
	iters: 800, epoch: 1 | loss: 0.1206129
	speed: 0.0065s/iter; time left: 75.1590s
	iters: 900, epoch: 1 | loss: 0.0491250
	speed: 0.0058s/iter; time left: 66.6656s
	iters: 1000, epoch: 1 | loss: 0.0828434
	speed: 0.0067s/iter; time left: 76.1785s
	iters: 1100, epoch: 1 | loss: 0.1676940
	speed: 0.0064s/iter; time left: 72.4266s
	iters: 1200, epoch: 1 | loss: 0.0436600
	speed: 0.0071s/iter; time left: 79.8579s
Epoch: 1 cost time: 9.4 seconds
Epoch: 1, Steps: 1243 | Train Loss: 0.0832210 Vali Loss: 2.5034225 Test Loss: 23.6207905
Validation loss decreased (inf --> 2.503422).  Saving model ...
Updating learning rate to 0.0005
	iters: 100, epoch: 2 | loss: 0.0305932
	speed: 0.0421s/iter; time left: 466.3675s
	iters: 200, epoch: 2 | loss: 0.0370425
	speed: 0.0067s/iter; time left: 73.7137s
	iters: 300, epoch: 2 | loss: 0.0525585
	speed: 0.0060s/iter; time left: 65.1705s
	iters: 400, epoch: 2 | loss: 0.0023345
	speed: 0.0059s/iter; time left: 63.6624s
	iters: 500, epoch: 2 | loss: 0.0948020
	speed: 0.0057s/iter; time left: 61.2709s
	iters: 600, epoch: 2 | loss: 0.0347219
	speed: 0.0046s/iter; time left: 48.8134s
	iters: 700, epoch: 2 | loss: 0.1537610
	speed: 0.0046s/iter; time left: 48.3242s
	iters: 800, epoch: 2 | loss: 0.0112062
	speed: 0.0047s/iter; time left: 49.3025s
	iters: 900, epoch: 2 | loss: 0.0028264
	speed: 0.0048s/iter; time left: 49.3851s
	iters: 1000, epoch: 2 | loss: 0.0790951
	speed: 0.0052s/iter; time left: 52.4823s
	iters: 1100, epoch: 2 | loss: 0.0453392
	speed: 0.0047s/iter; time left: 47.0318s
	iters: 1200, epoch: 2 | loss: 0.0881620
	speed: 0.0048s/iter; time left: 48.3479s
Epoch: 2 cost time: 7.0 seconds
Epoch: 2, Steps: 1243 | Train Loss: 0.0684779 Vali Loss: 2.6208527 Test Loss: 23.8351402
EarlyStopping counter: 1 out of 3
Updating learning rate to 0.00025
	iters: 100, epoch: 3 | loss: 0.0310632
	speed: 0.0319s/iter; time left: 313.7886s
	iters: 200, epoch: 3 | loss: 0.0799510
	speed: 0.0047s/iter; time left: 46.1663s
	iters: 300, epoch: 3 | loss: 0.0414479
	speed: 0.0048s/iter; time left: 45.8848s
	iters: 400, epoch: 3 | loss: 0.0253590
	speed: 0.0048s/iter; time left: 45.8092s
	iters: 500, epoch: 3 | loss: 0.0288330
	speed: 0.0052s/iter; time left: 49.5241s
	iters: 600, epoch: 3 | loss: 0.1983519
	speed: 0.0049s/iter; time left: 45.4370s
	iters: 700, epoch: 3 | loss: 0.0197245
	speed: 0.0049s/iter; time left: 45.5718s
	iters: 800, epoch: 3 | loss: 0.0499420
	speed: 0.0047s/iter; time left: 42.5811s
	iters: 900, epoch: 3 | loss: 0.0242095
	speed: 0.0048s/iter; time left: 43.5687s
	iters: 1000, epoch: 3 | loss: 0.0469062
	speed: 0.0051s/iter; time left: 46.0355s
	iters: 1100, epoch: 3 | loss: 0.0629898
	speed: 0.0047s/iter; time left: 41.6407s
	iters: 1200, epoch: 3 | loss: 0.0616954
	speed: 0.0049s/iter; time left: 42.6312s
Epoch: 3 cost time: 6.4 seconds
Epoch: 3, Steps: 1243 | Train Loss: 0.0669485 Vali Loss: 2.6089315 Test Loss: 23.7594185
EarlyStopping counter: 2 out of 3
Updating learning rate to 0.000125
	iters: 100, epoch: 4 | loss: 0.0296126
	speed: 0.0312s/iter; time left: 268.5514s
	iters: 200, epoch: 4 | loss: 0.0038066
	speed: 0.0049s/iter; time left: 41.6491s
	iters: 300, epoch: 4 | loss: 0.0810915
	speed: 0.0054s/iter; time left: 45.0370s
	iters: 400, epoch: 4 | loss: 0.0105431
	speed: 0.0057s/iter; time left: 47.0798s
	iters: 500, epoch: 4 | loss: 0.0394572
	speed: 0.0050s/iter; time left: 41.0587s
	iters: 600, epoch: 4 | loss: 0.0764846
	speed: 0.0053s/iter; time left: 43.0594s
	iters: 700, epoch: 4 | loss: 0.0643832
	speed: 0.0051s/iter; time left: 40.5519s
	iters: 800, epoch: 4 | loss: 0.1014376
	speed: 0.0050s/iter; time left: 39.1207s
	iters: 900, epoch: 4 | loss: 0.0295712
	speed: 0.0047s/iter; time left: 36.5658s
	iters: 1000, epoch: 4 | loss: 0.0750994
	speed: 0.0052s/iter; time left: 40.1286s
	iters: 1100, epoch: 4 | loss: 0.0739535
	speed: 0.0047s/iter; time left: 36.0120s
	iters: 1200, epoch: 4 | loss: 0.0361218
	speed: 0.0048s/iter; time left: 36.3393s
Epoch: 4 cost time: 6.6 seconds
Epoch: 4, Steps: 1243 | Train Loss: 0.0665116 Vali Loss: 2.6110177 Test Loss: 23.7955074
EarlyStopping counter: 3 out of 3
Early stopping
>>>>>>>testing : FITS_GD_336_720_MS_channels_6_FITS_MS_channels_6<<<<<<<<<<<<<<<<<<<<<<<<<<<<<<<<<
test 2425
FITS_GD_336_720_MS_channels_6_FITS_MS_channels_6
Shapes: pred (2424, 720, 1), true (2424, 720, 1), naive_pred (2424, 720, 1)
Shapes: gt (303, 1056), pd (303, 1056), naive_pd (303, 1056)
Final Metrics:
FITS         MSE: 23.620794  MAE: 3.899711   SE: 59.070099  RRMSE: 0.314704   RMAE: 0.252515   (numpy)
FITS         MSE: 23.620792  MAE: 3.899710   SE: 59.070095  RRMSE: 0.314704   RMAE: 0.252515   (torch)

Repeat       MSE: 20.162743  MAE: 3.575489   SE: 46.713753  RRMSE: 0.290756   RMAE: 0.231521   (numpy)
Repeat       MSE: 20.162741  MAE: 3.575489   SE: 46.713760  RRMSE: 0.290756   RMAE: 0.231521   (torch)


Model(
  (fits): FITS(
    (frequency_upsampler): Linear(in_features=168, out_features=528, bias=True)
  )
)
