Args in experiment:
Namespace(is_training=1, model_id='FITS_exchange_rate_336_720_MS_channels_7', model='FITS', data='custom', root_path='./dataset/', data_path='exchange_rate.csv', features='MS', target='OT', freq='h', checkpoints='./checkpoints/', seq_len=336, label_len=48, pred_len=720, individual=False, embed_type=0, enc_in=7, dec_in=7, c_out=7, d_model=512, n_heads=8, e_layers=2, d_layers=1, d_ff=2048, moving_avg=25, factor=1, distil=True, dropout=0.05, embed='timeF', activation='gelu', output_attention=False, do_predict=False, num_workers=10, itr=1, train_epochs=10, batch_size=8, patience=3, learning_rate=0.0005, des='Exp', loss='mse', lradj='type1', use_amp=False, use_gpu=True, gpu=0, use_multi_gpu=False, devices='0,1,2,3', test_flop=False)
FITS_exchange_rate_336_720_MS_channels_7_FITS_MS_channels_7
Using GPU: NVIDIA GeForce RTX 4070 (cuda:0):
>>>>>>>start training : FITS_exchange_rate_336_720_MS_channels_7_FITS_MS_channels_7>>>>>>>>>>>>>>>>>>>>>>>>>>
train 4256
val 41
test 798
	iters: 100, epoch: 1 | loss: 1.6424218
	speed: 0.0199s/iter; time left: 104.0132s
	iters: 200, epoch: 1 | loss: 1.6212831
	speed: 0.0082s/iter; time left: 42.1147s
	iters: 300, epoch: 1 | loss: 2.1393840
	speed: 0.0051s/iter; time left: 25.4274s
	iters: 400, epoch: 1 | loss: 1.5131948
	speed: 0.0050s/iter; time left: 24.5905s
	iters: 500, epoch: 1 | loss: 1.8659194
	speed: 0.0061s/iter; time left: 29.4438s
Epoch: 1 cost time: 4.3 seconds
Epoch: 1, Steps: 532 | Train Loss: 1.2010278 Vali Loss: 0.6956925 Test Loss: 1.0432931
Validation loss decreased (inf --> 0.695693).  Saving model ...
Updating learning rate to 0.0005
	iters: 100, epoch: 2 | loss: 1.4016207
	speed: 0.0194s/iter; time left: 90.9407s
	iters: 200, epoch: 2 | loss: 1.1836786
	speed: 0.0053s/iter; time left: 24.5034s
	iters: 300, epoch: 2 | loss: 0.8016092
	speed: 0.0054s/iter; time left: 24.4502s
	iters: 400, epoch: 2 | loss: 0.6692995
	speed: 0.0046s/iter; time left: 20.1847s
	iters: 500, epoch: 2 | loss: 0.9032094
	speed: 0.0047s/iter; time left: 19.9624s
Epoch: 2 cost time: 2.9 seconds
Epoch: 2, Steps: 532 | Train Loss: 1.0755962 Vali Loss: 0.6909340 Test Loss: 1.0656821
Validation loss decreased (0.695693 --> 0.690934).  Saving model ...
Updating learning rate to 0.00025
	iters: 100, epoch: 3 | loss: 1.2901005
	speed: 0.0185s/iter; time left: 76.9667s
	iters: 200, epoch: 3 | loss: 0.8620085
	speed: 0.0061s/iter; time left: 24.5537s
	iters: 300, epoch: 3 | loss: 0.7894471
	speed: 0.0065s/iter; time left: 25.7249s
	iters: 400, epoch: 3 | loss: 1.7596065
	speed: 0.0062s/iter; time left: 24.0922s
	iters: 500, epoch: 3 | loss: 0.7150806
	speed: 0.0055s/iter; time left: 20.7078s
Epoch: 3 cost time: 3.5 seconds
Epoch: 3, Steps: 532 | Train Loss: 1.0557242 Vali Loss: 0.7003383 Test Loss: 1.0674982
EarlyStopping counter: 1 out of 3
Updating learning rate to 0.000125
	iters: 100, epoch: 4 | loss: 1.1504571
	speed: 0.0196s/iter; time left: 71.1487s
	iters: 200, epoch: 4 | loss: 1.1595647
	speed: 0.0053s/iter; time left: 18.7843s
	iters: 300, epoch: 4 | loss: 1.8692131
	speed: 0.0052s/iter; time left: 17.8834s
	iters: 400, epoch: 4 | loss: 1.0054088
	speed: 0.0057s/iter; time left: 18.9106s
	iters: 500, epoch: 4 | loss: 1.3744272
	speed: 0.0053s/iter; time left: 16.9606s
Epoch: 4 cost time: 3.1 seconds
Epoch: 4, Steps: 532 | Train Loss: 1.0498966 Vali Loss: 0.7107829 Test Loss: 1.0650061
EarlyStopping counter: 2 out of 3
Updating learning rate to 6.25e-05
	iters: 100, epoch: 5 | loss: 0.6855311
	speed: 0.0200s/iter; time left: 61.9490s
	iters: 200, epoch: 5 | loss: 0.6698282
	speed: 0.0048s/iter; time left: 14.3952s
	iters: 300, epoch: 5 | loss: 1.2626371
	speed: 0.0048s/iter; time left: 14.0222s
	iters: 400, epoch: 5 | loss: 1.2106805
	speed: 0.0051s/iter; time left: 14.1401s
	iters: 500, epoch: 5 | loss: 1.1319548
	speed: 0.0056s/iter; time left: 15.1713s
Epoch: 5 cost time: 3.1 seconds
Epoch: 5, Steps: 532 | Train Loss: 1.0472873 Vali Loss: 0.7148427 Test Loss: 1.0645921
EarlyStopping counter: 3 out of 3
Early stopping
>>>>>>>testing : FITS_exchange_rate_336_720_MS_channels_7_FITS_MS_channels_7<<<<<<<<<<<<<<<<<<<<<<<<<<<<<<<<<
test 798
FITS_exchange_rate_336_720_MS_channels_7_FITS_MS_channels_7
Shapes: pred (792, 720, 1), true (792, 720, 1), naive_pred (792, 720, 1)
Shapes: gt (99, 1056), pd (99, 1056), naive_pd (99, 1056)
Final Metrics:
FITS         MSE: 1.065682   MAE: 0.808006   SE: 2.415357   RRMSE: 0.601368   RMAE: 0.470696   (numpy)
FITS         MSE: 1.065682   MAE: 0.808006   SE: 2.415357   RRMSE: 0.601368   RMAE: 0.470696   (torch)

Repeat       MSE: 1.002388   MAE: 0.764844   SE: 1.831217   RRMSE: 0.583236   RMAE: 0.445552   (numpy)
Repeat       MSE: 1.002388   MAE: 0.764844   SE: 1.831217   RRMSE: 0.583236   RMAE: 0.445553   (torch)


Model(
  (fits): FITS(
    (frequency_upsampler): Linear(in_features=168, out_features=528, bias=True)
  )
)
