Args in experiment:
Namespace(is_training=1, model_id='FITS_MRO_336_96_MS_channels_6', model='FITS', data='custom', root_path='./dataset/', data_path='MRO.csv', features='MS', target='Adj Close', freq='h', checkpoints='./checkpoints/', seq_len=336, label_len=48, pred_len=96, individual=False, embed_type=0, enc_in=6, dec_in=7, c_out=7, d_model=512, n_heads=8, e_layers=2, d_layers=1, d_ff=2048, moving_avg=25, factor=1, distil=True, dropout=0.05, embed='timeF', activation='gelu', output_attention=False, do_predict=False, num_workers=10, itr=1, train_epochs=10, batch_size=8, patience=3, learning_rate=0.0005, des='Exp', loss='mse', lradj='type1', use_amp=False, use_gpu=True, gpu=0, use_multi_gpu=False, devices='0,1,2,3', test_flop=False)
FITS_MRO_336_96_MS_channels_6_FITS_MS_channels_6
Using GPU: NVIDIA GeForce RTX 4070 (cuda:0):
>>>>>>>start training : FITS_MRO_336_96_MS_channels_6_FITS_MS_channels_6>>>>>>>>>>>>>>>>>>>>>>>>>>
train 10575
val 1479
test 3049
	iters: 100, epoch: 1 | loss: 0.0273154
	speed: 0.0197s/iter; time left: 258.5136s
	iters: 200, epoch: 1 | loss: 0.0144680
	speed: 0.0052s/iter; time left: 67.9975s
	iters: 300, epoch: 1 | loss: 0.0406262
	speed: 0.0051s/iter; time left: 66.0815s
	iters: 400, epoch: 1 | loss: 0.0178606
	speed: 0.0051s/iter; time left: 64.8229s
	iters: 500, epoch: 1 | loss: 0.0457180
	speed: 0.0042s/iter; time left: 52.9203s
	iters: 600, epoch: 1 | loss: 0.0499392
	speed: 0.0050s/iter; time left: 63.4416s
	iters: 700, epoch: 1 | loss: 0.0246219
	speed: 0.0059s/iter; time left: 73.2561s
	iters: 800, epoch: 1 | loss: 0.0449203
	speed: 0.0055s/iter; time left: 68.3307s
	iters: 900, epoch: 1 | loss: 0.0346080
	speed: 0.0053s/iter; time left: 65.4597s
	iters: 1000, epoch: 1 | loss: 0.0144870
	speed: 0.0054s/iter; time left: 65.3572s
	iters: 1100, epoch: 1 | loss: 0.0345942
	speed: 0.0049s/iter; time left: 59.2875s
	iters: 1200, epoch: 1 | loss: 0.0224316
	speed: 0.0051s/iter; time left: 61.8063s
	iters: 1300, epoch: 1 | loss: 0.0306497
	speed: 0.0055s/iter; time left: 64.9635s
Epoch: 1 cost time: 7.9 seconds
Epoch: 1, Steps: 1321 | Train Loss: 0.0455959 Vali Loss: 2.7766593 Test Loss: 3.5866046
Validation loss decreased (inf --> 2.776659).  Saving model ...
Updating learning rate to 0.0005
	iters: 100, epoch: 2 | loss: 0.0073109
	speed: 0.0420s/iter; time left: 494.8868s
	iters: 200, epoch: 2 | loss: 0.0156314
	speed: 0.0056s/iter; time left: 65.3825s
	iters: 300, epoch: 2 | loss: 0.0046510
	speed: 0.0055s/iter; time left: 63.6309s
	iters: 400, epoch: 2 | loss: 0.0137944
	speed: 0.0056s/iter; time left: 64.7915s
	iters: 500, epoch: 2 | loss: 0.0211583
	speed: 0.0062s/iter; time left: 70.6952s
	iters: 600, epoch: 2 | loss: 0.0263736
	speed: 0.0053s/iter; time left: 60.1020s
	iters: 700, epoch: 2 | loss: 0.0111006
	speed: 0.0051s/iter; time left: 56.8324s
	iters: 800, epoch: 2 | loss: 0.0236525
	speed: 0.0060s/iter; time left: 66.9719s
	iters: 900, epoch: 2 | loss: 0.0610353
	speed: 0.0056s/iter; time left: 61.4568s
	iters: 1000, epoch: 2 | loss: 0.0573548
	speed: 0.0055s/iter; time left: 59.6162s
	iters: 1100, epoch: 2 | loss: 0.0198545
	speed: 0.0049s/iter; time left: 53.3394s
	iters: 1200, epoch: 2 | loss: 0.0263196
	speed: 0.0048s/iter; time left: 50.9730s
	iters: 1300, epoch: 2 | loss: 0.0960810
	speed: 0.0049s/iter; time left: 51.3994s
Epoch: 2 cost time: 7.6 seconds
Epoch: 2, Steps: 1321 | Train Loss: 0.0366036 Vali Loss: 2.6505320 Test Loss: 3.3820660
Validation loss decreased (2.776659 --> 2.650532).  Saving model ...
Updating learning rate to 0.00025
	iters: 100, epoch: 3 | loss: 0.0242299
	speed: 0.0356s/iter; time left: 372.9466s
	iters: 200, epoch: 3 | loss: 0.0205647
	speed: 0.0050s/iter; time left: 51.8095s
	iters: 300, epoch: 3 | loss: 0.0110053
	speed: 0.0048s/iter; time left: 49.4454s
	iters: 400, epoch: 3 | loss: 0.0467739
	speed: 0.0050s/iter; time left: 51.3205s
	iters: 500, epoch: 3 | loss: 0.0348321
	speed: 0.0053s/iter; time left: 53.4196s
	iters: 600, epoch: 3 | loss: 0.0234498
	speed: 0.0058s/iter; time left: 57.8146s
	iters: 700, epoch: 3 | loss: 0.0479336
	speed: 0.0059s/iter; time left: 58.1492s
	iters: 800, epoch: 3 | loss: 0.0275520
	speed: 0.0061s/iter; time left: 59.6631s
	iters: 900, epoch: 3 | loss: 0.0045698
	speed: 0.0059s/iter; time left: 56.9090s
	iters: 1000, epoch: 3 | loss: 0.0267476
	speed: 0.0048s/iter; time left: 46.2111s
	iters: 1100, epoch: 3 | loss: 0.0042636
	speed: 0.0048s/iter; time left: 45.6705s
	iters: 1200, epoch: 3 | loss: 0.0123891
	speed: 0.0051s/iter; time left: 47.9696s
	iters: 1300, epoch: 3 | loss: 0.0194682
	speed: 0.0055s/iter; time left: 51.0777s
Epoch: 3 cost time: 7.3 seconds
Epoch: 3, Steps: 1321 | Train Loss: 0.0347831 Vali Loss: 2.5517020 Test Loss: 3.2170141
Validation loss decreased (2.650532 --> 2.551702).  Saving model ...
Updating learning rate to 0.000125
	iters: 100, epoch: 4 | loss: 0.0459925
	speed: 0.0353s/iter; time left: 323.3335s
	iters: 200, epoch: 4 | loss: 0.0146989
	speed: 0.0048s/iter; time left: 43.7671s
	iters: 300, epoch: 4 | loss: 0.0329583
	speed: 0.0048s/iter; time left: 43.3038s
	iters: 400, epoch: 4 | loss: 0.0078574
	speed: 0.0049s/iter; time left: 43.5555s
	iters: 500, epoch: 4 | loss: 0.0838250
	speed: 0.0049s/iter; time left: 42.5965s
	iters: 600, epoch: 4 | loss: 0.0149236
	speed: 0.0051s/iter; time left: 44.1300s
	iters: 700, epoch: 4 | loss: 0.0573977
	speed: 0.0051s/iter; time left: 44.0099s
	iters: 800, epoch: 4 | loss: 0.0095528
	speed: 0.0048s/iter; time left: 40.6193s
	iters: 900, epoch: 4 | loss: 0.0148903
	speed: 0.0051s/iter; time left: 42.4044s
	iters: 1000, epoch: 4 | loss: 0.0290634
	speed: 0.0051s/iter; time left: 42.0851s
	iters: 1100, epoch: 4 | loss: 0.0537892
	speed: 0.0050s/iter; time left: 40.5746s
	iters: 1200, epoch: 4 | loss: 0.0192733
	speed: 0.0051s/iter; time left: 40.8458s
	iters: 1300, epoch: 4 | loss: 0.0130212
	speed: 0.0052s/iter; time left: 41.2421s
Epoch: 4 cost time: 6.9 seconds
Epoch: 4, Steps: 1321 | Train Loss: 0.0341089 Vali Loss: 2.5137966 Test Loss: 3.1726351
Validation loss decreased (2.551702 --> 2.513797).  Saving model ...
Updating learning rate to 6.25e-05
	iters: 100, epoch: 5 | loss: 0.0654026
	speed: 0.0365s/iter; time left: 285.5916s
	iters: 200, epoch: 5 | loss: 0.0632884
	speed: 0.0066s/iter; time left: 51.0840s
	iters: 300, epoch: 5 | loss: 0.0228651
	speed: 0.0058s/iter; time left: 44.1514s
	iters: 400, epoch: 5 | loss: 0.0403218
	speed: 0.0049s/iter; time left: 37.1528s
	iters: 500, epoch: 5 | loss: 0.1387586
	speed: 0.0049s/iter; time left: 36.5450s
	iters: 600, epoch: 5 | loss: 0.0582107
	speed: 0.0061s/iter; time left: 44.6900s
	iters: 700, epoch: 5 | loss: 0.0254014
	speed: 0.0049s/iter; time left: 35.5356s
	iters: 800, epoch: 5 | loss: 0.0391626
	speed: 0.0049s/iter; time left: 35.1121s
	iters: 900, epoch: 5 | loss: 0.0559021
	speed: 0.0048s/iter; time left: 33.9042s
	iters: 1000, epoch: 5 | loss: 0.0464208
	speed: 0.0048s/iter; time left: 33.3085s
	iters: 1100, epoch: 5 | loss: 0.0271227
	speed: 0.0048s/iter; time left: 33.0155s
	iters: 1200, epoch: 5 | loss: 0.0495391
	speed: 0.0048s/iter; time left: 32.1533s
	iters: 1300, epoch: 5 | loss: 0.0663693
	speed: 0.0047s/iter; time left: 31.4447s
Epoch: 5 cost time: 7.2 seconds
Epoch: 5, Steps: 1321 | Train Loss: 0.0338344 Vali Loss: 2.5121670 Test Loss: 3.1719153
Validation loss decreased (2.513797 --> 2.512167).  Saving model ...
Updating learning rate to 3.125e-05
	iters: 100, epoch: 6 | loss: 0.0387111
	speed: 0.0361s/iter; time left: 234.8031s
	iters: 200, epoch: 6 | loss: 0.0069683
	speed: 0.0050s/iter; time left: 31.8900s
	iters: 300, epoch: 6 | loss: 0.0033373
	speed: 0.0051s/iter; time left: 32.0372s
	iters: 400, epoch: 6 | loss: 0.0457555
	speed: 0.0050s/iter; time left: 31.2208s
	iters: 500, epoch: 6 | loss: 0.0229797
	speed: 0.0050s/iter; time left: 30.8057s
	iters: 600, epoch: 6 | loss: 0.0466836
	speed: 0.0048s/iter; time left: 28.5889s
	iters: 700, epoch: 6 | loss: 0.0155894
	speed: 0.0048s/iter; time left: 28.4922s
	iters: 800, epoch: 6 | loss: 0.0477042
	speed: 0.0048s/iter; time left: 27.9228s
	iters: 900, epoch: 6 | loss: 0.0130402
	speed: 0.0049s/iter; time left: 27.9022s
	iters: 1000, epoch: 6 | loss: 0.0445655
	speed: 0.0052s/iter; time left: 29.3086s
	iters: 1100, epoch: 6 | loss: 0.0150657
	speed: 0.0052s/iter; time left: 28.5649s
	iters: 1200, epoch: 6 | loss: 0.0124865
	speed: 0.0050s/iter; time left: 27.1192s
	iters: 1300, epoch: 6 | loss: 0.0285406
	speed: 0.0059s/iter; time left: 31.1735s
Epoch: 6 cost time: 7.0 seconds
Epoch: 6, Steps: 1321 | Train Loss: 0.0337187 Vali Loss: 2.5051539 Test Loss: 3.1630149
Validation loss decreased (2.512167 --> 2.505154).  Saving model ...
Updating learning rate to 1.5625e-05
	iters: 100, epoch: 7 | loss: 0.0231693
	speed: 0.0372s/iter; time left: 193.0558s
	iters: 200, epoch: 7 | loss: 0.0568914
	speed: 0.0065s/iter; time left: 32.9210s
	iters: 300, epoch: 7 | loss: 0.0425139
	speed: 0.0050s/iter; time left: 24.7531s
	iters: 400, epoch: 7 | loss: 0.0633912
	speed: 0.0046s/iter; time left: 22.5002s
	iters: 500, epoch: 7 | loss: 0.0099250
	speed: 0.0048s/iter; time left: 23.1971s
	iters: 600, epoch: 7 | loss: 0.0810326
	speed: 0.0047s/iter; time left: 22.1559s
	iters: 700, epoch: 7 | loss: 0.0309388
	speed: 0.0051s/iter; time left: 23.3166s
	iters: 800, epoch: 7 | loss: 0.0250091
	speed: 0.0054s/iter; time left: 24.1862s
	iters: 900, epoch: 7 | loss: 0.0166404
	speed: 0.0054s/iter; time left: 23.8817s
	iters: 1000, epoch: 7 | loss: 0.0260733
	speed: 0.0059s/iter; time left: 25.1080s
	iters: 1100, epoch: 7 | loss: 0.0429415
	speed: 0.0062s/iter; time left: 26.0017s
	iters: 1200, epoch: 7 | loss: 0.0379239
	speed: 0.0059s/iter; time left: 24.2296s
	iters: 1300, epoch: 7 | loss: 0.0077218
	speed: 0.0063s/iter; time left: 25.1183s
Epoch: 7 cost time: 7.6 seconds
Epoch: 7, Steps: 1321 | Train Loss: 0.0336661 Vali Loss: 2.5095501 Test Loss: 3.1562536
EarlyStopping counter: 1 out of 3
Updating learning rate to 7.8125e-06
	iters: 100, epoch: 8 | loss: 0.0340749
	speed: 0.0388s/iter; time left: 149.7887s
	iters: 200, epoch: 8 | loss: 0.0213282
	speed: 0.0060s/iter; time left: 22.7170s
	iters: 300, epoch: 8 | loss: 0.0219886
	speed: 0.0054s/iter; time left: 19.6296s
	iters: 400, epoch: 8 | loss: 0.0292814
	speed: 0.0049s/iter; time left: 17.5534s
	iters: 500, epoch: 8 | loss: 0.0326568
	speed: 0.0050s/iter; time left: 17.4008s
	iters: 600, epoch: 8 | loss: 0.0226279
	speed: 0.0049s/iter; time left: 16.6374s
	iters: 700, epoch: 8 | loss: 0.0305091
	speed: 0.0052s/iter; time left: 16.9852s
	iters: 800, epoch: 8 | loss: 0.0130087
	speed: 0.0051s/iter; time left: 16.1751s
	iters: 900, epoch: 8 | loss: 0.0271649
	speed: 0.0050s/iter; time left: 15.3693s
	iters: 1000, epoch: 8 | loss: 0.0311424
	speed: 0.0048s/iter; time left: 14.3039s
	iters: 1100, epoch: 8 | loss: 0.0501007
	speed: 0.0050s/iter; time left: 14.3065s
	iters: 1200, epoch: 8 | loss: 0.0188692
	speed: 0.0053s/iter; time left: 14.7765s
	iters: 1300, epoch: 8 | loss: 0.0262949
	speed: 0.0054s/iter; time left: 14.4307s
Epoch: 8 cost time: 7.2 seconds
Epoch: 8, Steps: 1321 | Train Loss: 0.0336135 Vali Loss: 2.5068777 Test Loss: 3.1559002
EarlyStopping counter: 2 out of 3
Updating learning rate to 3.90625e-06
	iters: 100, epoch: 9 | loss: 0.0131450
	speed: 0.0356s/iter; time left: 90.4914s
	iters: 200, epoch: 9 | loss: 0.0128034
	speed: 0.0055s/iter; time left: 13.3448s
	iters: 300, epoch: 9 | loss: 0.0188081
	speed: 0.0058s/iter; time left: 13.6428s
	iters: 400, epoch: 9 | loss: 0.0239430
	speed: 0.0059s/iter; time left: 13.3102s
	iters: 500, epoch: 9 | loss: 0.0249022
	speed: 0.0057s/iter; time left: 12.2843s
	iters: 600, epoch: 9 | loss: 0.0105580
	speed: 0.0052s/iter; time left: 10.6433s
	iters: 700, epoch: 9 | loss: 0.0149165
	speed: 0.0047s/iter; time left: 9.1523s
	iters: 800, epoch: 9 | loss: 0.0390088
	speed: 0.0046s/iter; time left: 8.5273s
	iters: 900, epoch: 9 | loss: 0.0335755
	speed: 0.0047s/iter; time left: 8.2376s
	iters: 1000, epoch: 9 | loss: 0.0437076
	speed: 0.0050s/iter; time left: 8.2561s
	iters: 1100, epoch: 9 | loss: 0.0347984
	speed: 0.0058s/iter; time left: 9.0112s
	iters: 1200, epoch: 9 | loss: 0.1108160
	speed: 0.0051s/iter; time left: 7.3336s
	iters: 1300, epoch: 9 | loss: 0.0325497
	speed: 0.0058s/iter; time left: 7.7602s
Epoch: 9 cost time: 7.3 seconds
Epoch: 9, Steps: 1321 | Train Loss: 0.0335991 Vali Loss: 2.5056565 Test Loss: 3.1548560
EarlyStopping counter: 3 out of 3
Early stopping
>>>>>>>testing : FITS_MRO_336_96_MS_channels_6_FITS_MS_channels_6<<<<<<<<<<<<<<<<<<<<<<<<<<<<<<<<<
test 3049
FITS_MRO_336_96_MS_channels_6_FITS_MS_channels_6
Shapes: pred (3048, 96, 1), true (3048, 96, 1), naive_pred (3048, 96, 1)
Shapes: gt (381, 432), pd (381, 432), naive_pd (381, 432)
Final Metrics:
FITS         MSE: 3.163015   MAE: 1.385389   SE: 6.150435   RRMSE: 0.211782   RMAE: 0.164972   (numpy)
FITS         MSE: 3.163015   MAE: 1.385389   SE: 6.150436   RRMSE: 0.211782   RMAE: 0.164972   (torch)

Repeat       MSE: 2.870288   MAE: 1.261266   SE: 5.347196   RRMSE: 0.201744   RMAE: 0.150191   (numpy)
Repeat       MSE: 2.870288   MAE: 1.261266   SE: 5.347196   RRMSE: 0.201744   RMAE: 0.150191   (torch)


Model(
  (fits): FITS(
    (frequency_upsampler): Linear(in_features=168, out_features=216, bias=True)
  )
)
