Args in experiment:
Namespace(is_training=1, model_id='FITS_MRO_336_96_MS_channels_6', model='FITS', data='custom', root_path='./dataset/', data_path='MRO.csv', features='MS', target='Adj Close', freq='h', checkpoints='./checkpoints/', seq_len=336, label_len=48, pred_len=96, individual=False, embed_type=0, enc_in=6, dec_in=7, c_out=7, d_model=512, n_heads=8, e_layers=2, d_layers=1, d_ff=2048, moving_avg=25, factor=1, distil=True, dropout=0.05, embed='timeF', activation='gelu', output_attention=False, do_predict=False, num_workers=10, itr=1, train_epochs=10, batch_size=8, patience=3, learning_rate=0.0005, des='Exp', loss='mse', lradj='type1', use_amp=False, use_gpu=True, gpu=0, use_multi_gpu=False, devices='0,1,2,3', test_flop=False)
FITS_MRO_336_96_MS_channels_6_FITS_MS_channels_6
Using GPU: NVIDIA GeForce RTX 4070 (cuda:0):
>>>>>>>start training : FITS_MRO_336_96_MS_channels_6_FITS_MS_channels_6>>>>>>>>>>>>>>>>>>>>>>>>>>
train 10575
val 1479
test 3049
	iters: 100, epoch: 1 | loss: 0.0835315
	speed: 0.0182s/iter; time left: 239.1156s
	iters: 200, epoch: 1 | loss: 0.0363652
	speed: 0.0048s/iter; time left: 62.2875s
	iters: 300, epoch: 1 | loss: 0.0506493
	speed: 0.0050s/iter; time left: 64.7645s
	iters: 400, epoch: 1 | loss: 0.0322545
	speed: 0.0047s/iter; time left: 60.2802s
	iters: 500, epoch: 1 | loss: 0.0547098
	speed: 0.0049s/iter; time left: 62.1510s
	iters: 600, epoch: 1 | loss: 0.0300488
	speed: 0.0049s/iter; time left: 61.9325s
	iters: 700, epoch: 1 | loss: 0.0161242
	speed: 0.0050s/iter; time left: 63.1589s
	iters: 800, epoch: 1 | loss: 0.0846583
	speed: 0.0048s/iter; time left: 59.1212s
	iters: 900, epoch: 1 | loss: 0.0527400
	speed: 0.0048s/iter; time left: 59.3077s
	iters: 1000, epoch: 1 | loss: 0.0393130
	speed: 0.0048s/iter; time left: 59.1479s
	iters: 1100, epoch: 1 | loss: 0.0279931
	speed: 0.0054s/iter; time left: 65.8949s
	iters: 1200, epoch: 1 | loss: 0.0230693
	speed: 0.0055s/iter; time left: 66.6156s
	iters: 1300, epoch: 1 | loss: 0.0295719
	speed: 0.0058s/iter; time left: 68.7035s
Epoch: 1 cost time: 7.6 seconds
Epoch: 1, Steps: 1321 | Train Loss: 0.0527347 Vali Loss: 3.0170686 Test Loss: 3.9814754
Validation loss decreased (inf --> 3.017069).  Saving model ...
Updating learning rate to 0.0005
	iters: 100, epoch: 2 | loss: 0.1280295
	speed: 0.0417s/iter; time left: 492.1827s
	iters: 200, epoch: 2 | loss: 0.0252266
	speed: 0.0056s/iter; time left: 66.0115s
	iters: 300, epoch: 2 | loss: 0.0228266
	speed: 0.0058s/iter; time left: 67.0701s
	iters: 400, epoch: 2 | loss: 0.0356837
	speed: 0.0058s/iter; time left: 66.6264s
	iters: 500, epoch: 2 | loss: 0.0695997
	speed: 0.0057s/iter; time left: 65.3131s
	iters: 600, epoch: 2 | loss: 0.0109787
	speed: 0.0060s/iter; time left: 67.5084s
	iters: 700, epoch: 2 | loss: 0.0344815
	speed: 0.0061s/iter; time left: 68.2814s
	iters: 800, epoch: 2 | loss: 0.0125997
	speed: 0.0059s/iter; time left: 65.1645s
	iters: 900, epoch: 2 | loss: 0.0273743
	speed: 0.0060s/iter; time left: 65.6619s
	iters: 1000, epoch: 2 | loss: 0.0524301
	speed: 0.0058s/iter; time left: 63.2459s
	iters: 1100, epoch: 2 | loss: 0.0266327
	speed: 0.0058s/iter; time left: 62.7845s
	iters: 1200, epoch: 2 | loss: 0.0321163
	speed: 0.0056s/iter; time left: 60.0676s
	iters: 1300, epoch: 2 | loss: 0.0113207
	speed: 0.0056s/iter; time left: 59.5594s
Epoch: 2 cost time: 8.0 seconds
Epoch: 2, Steps: 1321 | Train Loss: 0.0410883 Vali Loss: 2.7937436 Test Loss: 3.6170900
Validation loss decreased (3.017069 --> 2.793744).  Saving model ...
Updating learning rate to 0.00025
	iters: 100, epoch: 3 | loss: 0.1283944
	speed: 0.0411s/iter; time left: 430.2105s
	iters: 200, epoch: 3 | loss: 0.0574441
	speed: 0.0056s/iter; time left: 58.3991s
	iters: 300, epoch: 3 | loss: 0.0271371
	speed: 0.0055s/iter; time left: 56.3958s
	iters: 400, epoch: 3 | loss: 0.0695105
	speed: 0.0054s/iter; time left: 54.9932s
	iters: 500, epoch: 3 | loss: 0.0171163
	speed: 0.0056s/iter; time left: 56.6404s
	iters: 600, epoch: 3 | loss: 0.0730214
	speed: 0.0056s/iter; time left: 56.1057s
	iters: 700, epoch: 3 | loss: 0.0109787
	speed: 0.0057s/iter; time left: 55.9969s
	iters: 800, epoch: 3 | loss: 0.0693165
	speed: 0.0058s/iter; time left: 56.6752s
	iters: 900, epoch: 3 | loss: 0.0199249
	speed: 0.0056s/iter; time left: 54.0684s
	iters: 1000, epoch: 3 | loss: 0.0679285
	speed: 0.0058s/iter; time left: 55.3130s
	iters: 1100, epoch: 3 | loss: 0.0206387
	speed: 0.0056s/iter; time left: 52.8254s
	iters: 1200, epoch: 3 | loss: 0.0176406
	speed: 0.0056s/iter; time left: 52.5186s
	iters: 1300, epoch: 3 | loss: 0.0226093
	speed: 0.0058s/iter; time left: 53.5500s
Epoch: 3 cost time: 7.7 seconds
Epoch: 3, Steps: 1321 | Train Loss: 0.0387286 Vali Loss: 2.7353470 Test Loss: 3.5197389
Validation loss decreased (2.793744 --> 2.735347).  Saving model ...
Updating learning rate to 0.000125
	iters: 100, epoch: 4 | loss: 0.0085712
	speed: 0.0398s/iter; time left: 363.9665s
	iters: 200, epoch: 4 | loss: 0.0357597
	speed: 0.0057s/iter; time left: 51.9423s
	iters: 300, epoch: 4 | loss: 0.0144856
	speed: 0.0056s/iter; time left: 50.4478s
	iters: 400, epoch: 4 | loss: 0.0290017
	speed: 0.0056s/iter; time left: 49.1384s
	iters: 500, epoch: 4 | loss: 0.0144586
	speed: 0.0056s/iter; time left: 49.2003s
	iters: 600, epoch: 4 | loss: 0.0337286
	speed: 0.0056s/iter; time left: 48.7248s
	iters: 700, epoch: 4 | loss: 0.0376044
	speed: 0.0055s/iter; time left: 47.1379s
	iters: 800, epoch: 4 | loss: 0.0129782
	speed: 0.0056s/iter; time left: 47.1058s
	iters: 900, epoch: 4 | loss: 0.0979522
	speed: 0.0057s/iter; time left: 47.1935s
	iters: 1000, epoch: 4 | loss: 0.0219406
	speed: 0.0058s/iter; time left: 47.9697s
	iters: 1100, epoch: 4 | loss: 0.0538703
	speed: 0.0057s/iter; time left: 46.4769s
	iters: 1200, epoch: 4 | loss: 0.1282342
	speed: 0.0058s/iter; time left: 46.9751s
	iters: 1300, epoch: 4 | loss: 0.1485811
	speed: 0.0061s/iter; time left: 48.3349s
Epoch: 4 cost time: 7.8 seconds
Epoch: 4, Steps: 1321 | Train Loss: 0.0380398 Vali Loss: 2.7198827 Test Loss: 3.4829314
Validation loss decreased (2.735347 --> 2.719883).  Saving model ...
Updating learning rate to 6.25e-05
	iters: 100, epoch: 5 | loss: 0.0150585
	speed: 0.0422s/iter; time left: 330.0720s
	iters: 200, epoch: 5 | loss: 0.1128423
	speed: 0.0068s/iter; time left: 52.7624s
	iters: 300, epoch: 5 | loss: 0.1415292
	speed: 0.0069s/iter; time left: 52.5567s
	iters: 400, epoch: 5 | loss: 0.0336061
	speed: 0.0056s/iter; time left: 42.2537s
	iters: 500, epoch: 5 | loss: 0.1069686
	speed: 0.0055s/iter; time left: 40.4860s
	iters: 600, epoch: 5 | loss: 0.0105876
	speed: 0.0055s/iter; time left: 40.2594s
	iters: 700, epoch: 5 | loss: 0.0605634
	speed: 0.0063s/iter; time left: 45.7529s
	iters: 800, epoch: 5 | loss: 0.0356516
	speed: 0.0057s/iter; time left: 40.4401s
	iters: 900, epoch: 5 | loss: 0.0470917
	speed: 0.0056s/iter; time left: 39.6268s
	iters: 1000, epoch: 5 | loss: 0.0244507
	speed: 0.0056s/iter; time left: 39.0643s
	iters: 1100, epoch: 5 | loss: 0.0528730
	speed: 0.0056s/iter; time left: 37.9120s
	iters: 1200, epoch: 5 | loss: 0.1690852
	speed: 0.0058s/iter; time left: 38.9495s
	iters: 1300, epoch: 5 | loss: 0.0186616
	speed: 0.0056s/iter; time left: 37.2802s
Epoch: 5 cost time: 8.1 seconds
Epoch: 5, Steps: 1321 | Train Loss: 0.0376350 Vali Loss: 2.7160578 Test Loss: 3.4690018
Validation loss decreased (2.719883 --> 2.716058).  Saving model ...
Updating learning rate to 3.125e-05
	iters: 100, epoch: 6 | loss: 0.0232154
	speed: 0.0407s/iter; time left: 265.0736s
	iters: 200, epoch: 6 | loss: 0.0549743
	speed: 0.0058s/iter; time left: 36.9987s
	iters: 300, epoch: 6 | loss: 0.0458558
	speed: 0.0057s/iter; time left: 35.7565s
	iters: 400, epoch: 6 | loss: 0.1575860
	speed: 0.0057s/iter; time left: 35.3408s
	iters: 500, epoch: 6 | loss: 0.0238169
	speed: 0.0056s/iter; time left: 33.9393s
	iters: 600, epoch: 6 | loss: 0.0103789
	speed: 0.0057s/iter; time left: 34.4109s
	iters: 700, epoch: 6 | loss: 0.0435138
	speed: 0.0056s/iter; time left: 33.1175s
	iters: 800, epoch: 6 | loss: 0.0598550
	speed: 0.0058s/iter; time left: 33.7694s
	iters: 900, epoch: 6 | loss: 0.0602454
	speed: 0.0055s/iter; time left: 31.5047s
	iters: 1000, epoch: 6 | loss: 0.0541398
	speed: 0.0057s/iter; time left: 32.2118s
	iters: 1100, epoch: 6 | loss: 0.0119439
	speed: 0.0055s/iter; time left: 30.5248s
	iters: 1200, epoch: 6 | loss: 0.0122737
	speed: 0.0057s/iter; time left: 30.8654s
	iters: 1300, epoch: 6 | loss: 0.0118459
	speed: 0.0055s/iter; time left: 29.3760s
Epoch: 6 cost time: 7.8 seconds
Epoch: 6, Steps: 1321 | Train Loss: 0.0375845 Vali Loss: 2.6999002 Test Loss: 3.4608574
Validation loss decreased (2.716058 --> 2.699900).  Saving model ...
Updating learning rate to 1.5625e-05
	iters: 100, epoch: 7 | loss: 0.0538269
	speed: 0.0410s/iter; time left: 212.6595s
	iters: 200, epoch: 7 | loss: 0.0429474
	speed: 0.0058s/iter; time left: 29.7030s
	iters: 300, epoch: 7 | loss: 0.0402365
	speed: 0.0057s/iter; time left: 28.4764s
	iters: 400, epoch: 7 | loss: 0.0358349
	speed: 0.0058s/iter; time left: 28.2193s
	iters: 500, epoch: 7 | loss: 0.0409908
	speed: 0.0058s/iter; time left: 27.6617s
	iters: 600, epoch: 7 | loss: 0.0304615
	speed: 0.0058s/iter; time left: 27.1884s
	iters: 700, epoch: 7 | loss: 0.0177691
	speed: 0.0056s/iter; time left: 25.8502s
	iters: 800, epoch: 7 | loss: 0.0392910
	speed: 0.0057s/iter; time left: 25.5001s
	iters: 900, epoch: 7 | loss: 0.0108146
	speed: 0.0057s/iter; time left: 24.7884s
	iters: 1000, epoch: 7 | loss: 0.0401617
	speed: 0.0058s/iter; time left: 24.7984s
	iters: 1100, epoch: 7 | loss: 0.0344249
	speed: 0.0058s/iter; time left: 24.3941s
	iters: 1200, epoch: 7 | loss: 0.0471816
	speed: 0.0057s/iter; time left: 23.3511s
	iters: 1300, epoch: 7 | loss: 0.0292363
	speed: 0.0058s/iter; time left: 22.9713s
Epoch: 7 cost time: 7.9 seconds
Epoch: 7, Steps: 1321 | Train Loss: 0.0374659 Vali Loss: 2.6962788 Test Loss: 3.4567573
Validation loss decreased (2.699900 --> 2.696279).  Saving model ...
Updating learning rate to 7.8125e-06
	iters: 100, epoch: 8 | loss: 0.0348644
	speed: 0.0415s/iter; time left: 160.3481s
	iters: 200, epoch: 8 | loss: 0.1278745
	speed: 0.0059s/iter; time left: 22.2327s
	iters: 300, epoch: 8 | loss: 0.0077497
	speed: 0.0061s/iter; time left: 22.2085s
	iters: 400, epoch: 8 | loss: 0.0182220
	speed: 0.0058s/iter; time left: 20.8435s
	iters: 500, epoch: 8 | loss: 0.0082786
	speed: 0.0059s/iter; time left: 20.5972s
	iters: 600, epoch: 8 | loss: 0.0320764
	speed: 0.0061s/iter; time left: 20.6819s
	iters: 700, epoch: 8 | loss: 0.0212559
	speed: 0.0058s/iter; time left: 19.0900s
	iters: 800, epoch: 8 | loss: 0.0442587
	speed: 0.0058s/iter; time left: 18.3064s
	iters: 900, epoch: 8 | loss: 0.0068455
	speed: 0.0056s/iter; time left: 17.2302s
	iters: 1000, epoch: 8 | loss: 0.0292335
	speed: 0.0059s/iter; time left: 17.5677s
	iters: 1100, epoch: 8 | loss: 0.0202323
	speed: 0.0061s/iter; time left: 17.4549s
	iters: 1200, epoch: 8 | loss: 0.0263536
	speed: 0.0061s/iter; time left: 16.7769s
	iters: 1300, epoch: 8 | loss: 0.0163807
	speed: 0.0059s/iter; time left: 15.8013s
Epoch: 8 cost time: 8.1 seconds
Epoch: 8, Steps: 1321 | Train Loss: 0.0375010 Vali Loss: 2.7007749 Test Loss: 3.4556122
EarlyStopping counter: 1 out of 3
Updating learning rate to 3.90625e-06
	iters: 100, epoch: 9 | loss: 0.0197621
	speed: 0.0400s/iter; time left: 101.8235s
	iters: 200, epoch: 9 | loss: 0.0374248
	speed: 0.0058s/iter; time left: 14.0717s
	iters: 300, epoch: 9 | loss: 0.0128935
	speed: 0.0057s/iter; time left: 13.3110s
	iters: 400, epoch: 9 | loss: 0.0168585
	speed: 0.0056s/iter; time left: 12.6338s
	iters: 500, epoch: 9 | loss: 0.0517402
	speed: 0.0059s/iter; time left: 12.6947s
	iters: 600, epoch: 9 | loss: 0.0427277
	speed: 0.0055s/iter; time left: 11.2635s
	iters: 700, epoch: 9 | loss: 0.0688434
	speed: 0.0056s/iter; time left: 10.8449s
	iters: 800, epoch: 9 | loss: 0.0695074
	speed: 0.0056s/iter; time left: 10.3717s
	iters: 900, epoch: 9 | loss: 0.0338273
	speed: 0.0057s/iter; time left: 9.9375s
	iters: 1000, epoch: 9 | loss: 0.0155572
	speed: 0.0058s/iter; time left: 9.6011s
	iters: 1100, epoch: 9 | loss: 0.0436272
	speed: 0.0058s/iter; time left: 8.9922s
	iters: 1200, epoch: 9 | loss: 0.0090096
	speed: 0.0060s/iter; time left: 8.7030s
	iters: 1300, epoch: 9 | loss: 0.0480211
	speed: 0.0055s/iter; time left: 7.4350s
Epoch: 9 cost time: 7.8 seconds
Epoch: 9, Steps: 1321 | Train Loss: 0.0374114 Vali Loss: 2.7001820 Test Loss: 3.4546244
EarlyStopping counter: 2 out of 3
Updating learning rate to 1.953125e-06
	iters: 100, epoch: 10 | loss: 0.0502636
	speed: 0.0400s/iter; time left: 48.8832s
	iters: 200, epoch: 10 | loss: 0.0260065
	speed: 0.0055s/iter; time left: 6.1905s
	iters: 300, epoch: 10 | loss: 0.1067833
	speed: 0.0059s/iter; time left: 6.0597s
	iters: 400, epoch: 10 | loss: 0.0079943
	speed: 0.0057s/iter; time left: 5.2752s
	iters: 500, epoch: 10 | loss: 0.0049865
	speed: 0.0058s/iter; time left: 4.7933s
	iters: 600, epoch: 10 | loss: 0.0131671
	speed: 0.0061s/iter; time left: 4.3836s
	iters: 700, epoch: 10 | loss: 0.0391903
	speed: 0.0060s/iter; time left: 3.7235s
	iters: 800, epoch: 10 | loss: 0.0324444
	speed: 0.0054s/iter; time left: 2.8369s
	iters: 900, epoch: 10 | loss: 0.0695669
	speed: 0.0057s/iter; time left: 2.4067s
	iters: 1000, epoch: 10 | loss: 0.0305421
	speed: 0.0056s/iter; time left: 1.7931s
	iters: 1100, epoch: 10 | loss: 0.0048533
	speed: 0.0055s/iter; time left: 1.2108s
	iters: 1200, epoch: 10 | loss: 0.0390117
	speed: 0.0055s/iter; time left: 0.6727s
	iters: 1300, epoch: 10 | loss: 0.0217081
	speed: 0.0054s/iter; time left: 0.1189s
Epoch: 10 cost time: 7.8 seconds
Epoch: 10, Steps: 1321 | Train Loss: 0.0374813 Vali Loss: 2.7013257 Test Loss: 3.4542329
EarlyStopping counter: 3 out of 3
Early stopping
>>>>>>>testing : FITS_MRO_336_96_MS_channels_6_FITS_MS_channels_6<<<<<<<<<<<<<<<<<<<<<<<<<<<<<<<<<
test 3049
FITS_MRO_336_96_MS_channels_6_FITS_MS_channels_6
Shapes: pred (3048, 96, 1), true (3048, 96, 1), naive_pred (3048, 96, 1)
Shapes: gt (381, 432), pd (381, 432), naive_pd (381, 432)
Final Metrics:
FITS_10         MSE: 3.456757   MAE: 1.481634   SE: 5.546838   RRMSE: 0.221398   RMAE: 0.176433   (numpy)
FITS_10         MSE: 3.456757   MAE: 1.481634   SE: 5.546838   RRMSE: 0.221398   RMAE: 0.176433   (torch)

Repeat       MSE: 2.870288   MAE: 1.261266   SE: 5.347196   RRMSE: 0.201744   RMAE: 0.150191   (numpy)
Repeat       MSE: 2.870288   MAE: 1.261266   SE: 5.347196   RRMSE: 0.201744   RMAE: 0.150191   (torch)

