Args in experiment:
Namespace(is_training=1, model_id='FITS_MRO_336_192_MS_channels_6', model='FITS', data='custom', root_path='./dataset/', data_path='MRO.csv', features='MS', target='Adj Close', freq='h', checkpoints='./checkpoints/', seq_len=336, label_len=48, pred_len=192, individual=False, embed_type=0, enc_in=6, dec_in=7, c_out=7, d_model=512, n_heads=8, e_layers=2, d_layers=1, d_ff=2048, moving_avg=25, factor=1, distil=True, dropout=0.05, embed='timeF', activation='gelu', output_attention=False, do_predict=False, num_workers=10, itr=1, train_epochs=10, batch_size=8, patience=3, learning_rate=0.0005, des='Exp', loss='mse', lradj='type1', use_amp=False, use_gpu=True, gpu=0, use_multi_gpu=False, devices='0,1,2,3', test_flop=False)
FITS_MRO_336_192_MS_channels_6_FITS_MS_channels_6
Using GPU: NVIDIA GeForce RTX 4070 (cuda:0):
>>>>>>>start training : FITS_MRO_336_192_MS_channels_6_FITS_MS_channels_6>>>>>>>>>>>>>>>>>>>>>>>>>>
train 10479
val 1383
test 2953
	iters: 100, epoch: 1 | loss: 0.2879447
	speed: 0.0191s/iter; time left: 247.7087s
	iters: 200, epoch: 1 | loss: 0.0729757
	speed: 0.0048s/iter; time left: 61.6847s
	iters: 300, epoch: 1 | loss: 0.0379822
	speed: 0.0048s/iter; time left: 60.9624s
	iters: 400, epoch: 1 | loss: 0.2590565
	speed: 0.0051s/iter; time left: 64.1114s
	iters: 500, epoch: 1 | loss: 0.0361432
	speed: 0.0047s/iter; time left: 59.3130s
	iters: 600, epoch: 1 | loss: 0.0657547
	speed: 0.0050s/iter; time left: 62.3349s
	iters: 700, epoch: 1 | loss: 0.0755868
	speed: 0.0047s/iter; time left: 58.2931s
	iters: 800, epoch: 1 | loss: 0.0417030
	speed: 0.0048s/iter; time left: 58.9996s
	iters: 900, epoch: 1 | loss: 0.0456952
	speed: 0.0048s/iter; time left: 58.8726s
	iters: 1000, epoch: 1 | loss: 0.0505849
	speed: 0.0057s/iter; time left: 68.6571s
	iters: 1100, epoch: 1 | loss: 0.0775447
	speed: 0.0059s/iter; time left: 71.1291s
	iters: 1200, epoch: 1 | loss: 0.0407774
	speed: 0.0058s/iter; time left: 68.8919s
	iters: 1300, epoch: 1 | loss: 0.0214309
	speed: 0.0060s/iter; time left: 71.0781s
Epoch: 1 cost time: 7.8 seconds
Epoch: 1, Steps: 1309 | Train Loss: 0.0784298 Vali Loss: 5.2784963 Test Loss: 6.3980379
Validation loss decreased (inf --> 5.278496).  Saving model ...
Updating learning rate to 0.0005
	iters: 100, epoch: 2 | loss: 0.0658454
	speed: 0.0370s/iter; time left: 432.4101s
	iters: 200, epoch: 2 | loss: 0.1213081
	speed: 0.0056s/iter; time left: 64.8724s
	iters: 300, epoch: 2 | loss: 0.0320777
	speed: 0.0053s/iter; time left: 61.1163s
	iters: 400, epoch: 2 | loss: 0.1327482
	speed: 0.0050s/iter; time left: 57.1123s
	iters: 500, epoch: 2 | loss: 0.0767197
	speed: 0.0052s/iter; time left: 58.2601s
	iters: 600, epoch: 2 | loss: 0.0529703
	speed: 0.0054s/iter; time left: 60.4279s
	iters: 700, epoch: 2 | loss: 0.0627239
	speed: 0.0056s/iter; time left: 62.2780s
	iters: 800, epoch: 2 | loss: 0.0984056
	speed: 0.0058s/iter; time left: 63.9271s
	iters: 900, epoch: 2 | loss: 0.2166217
	speed: 0.0054s/iter; time left: 58.3369s
	iters: 1000, epoch: 2 | loss: 0.0770189
	speed: 0.0053s/iter; time left: 56.9807s
	iters: 1100, epoch: 2 | loss: 0.0483666
	speed: 0.0053s/iter; time left: 56.6785s
	iters: 1200, epoch: 2 | loss: 0.0374727
	speed: 0.0054s/iter; time left: 57.1120s
	iters: 1300, epoch: 2 | loss: 0.0335204
	speed: 0.0055s/iter; time left: 57.3821s
Epoch: 2 cost time: 7.4 seconds
Epoch: 2, Steps: 1309 | Train Loss: 0.0643319 Vali Loss: 4.9357004 Test Loss: 5.9104190
Validation loss decreased (5.278496 --> 4.935700).  Saving model ...
Updating learning rate to 0.00025
	iters: 100, epoch: 3 | loss: 0.0888568
	speed: 0.0384s/iter; time left: 398.0540s
	iters: 200, epoch: 3 | loss: 0.0237997
	speed: 0.0057s/iter; time left: 58.7526s
	iters: 300, epoch: 3 | loss: 0.0330553
	speed: 0.0055s/iter; time left: 56.0310s
	iters: 400, epoch: 3 | loss: 0.0658972
	speed: 0.0054s/iter; time left: 54.5564s
	iters: 500, epoch: 3 | loss: 0.0137906
	speed: 0.0056s/iter; time left: 55.8775s
	iters: 600, epoch: 3 | loss: 0.0680182
	speed: 0.0057s/iter; time left: 56.1831s
	iters: 700, epoch: 3 | loss: 0.0706132
	speed: 0.0060s/iter; time left: 58.4819s
	iters: 800, epoch: 3 | loss: 0.0452352
	speed: 0.0057s/iter; time left: 55.2954s
	iters: 900, epoch: 3 | loss: 0.0288805
	speed: 0.0065s/iter; time left: 61.8594s
	iters: 1000, epoch: 3 | loss: 0.0767075
	speed: 0.0065s/iter; time left: 61.6464s
	iters: 1100, epoch: 3 | loss: 0.0451936
	speed: 0.0051s/iter; time left: 48.2191s
	iters: 1200, epoch: 3 | loss: 0.0181262
	speed: 0.0055s/iter; time left: 50.8470s
	iters: 1300, epoch: 3 | loss: 0.0157316
	speed: 0.0056s/iter; time left: 51.4302s
Epoch: 3 cost time: 7.8 seconds
Epoch: 3, Steps: 1309 | Train Loss: 0.0614558 Vali Loss: 4.8508158 Test Loss: 5.8414688
Validation loss decreased (4.935700 --> 4.850816).  Saving model ...
Updating learning rate to 0.000125
	iters: 100, epoch: 4 | loss: 0.0943277
	speed: 0.0422s/iter; time left: 382.2709s
	iters: 200, epoch: 4 | loss: 0.0369897
	speed: 0.0054s/iter; time left: 48.7262s
	iters: 300, epoch: 4 | loss: 0.0336563
	speed: 0.0067s/iter; time left: 59.1134s
	iters: 400, epoch: 4 | loss: 0.0831664
	speed: 0.0062s/iter; time left: 54.0439s
	iters: 500, epoch: 4 | loss: 0.0349561
	speed: 0.0053s/iter; time left: 45.6326s
	iters: 600, epoch: 4 | loss: 0.1869855
	speed: 0.0051s/iter; time left: 43.3529s
	iters: 700, epoch: 4 | loss: 0.0493144
	speed: 0.0052s/iter; time left: 44.1722s
	iters: 800, epoch: 4 | loss: 0.0268622
	speed: 0.0052s/iter; time left: 43.6256s
	iters: 900, epoch: 4 | loss: 0.0493427
	speed: 0.0054s/iter; time left: 44.8521s
	iters: 1000, epoch: 4 | loss: 0.0591700
	speed: 0.0051s/iter; time left: 41.6469s
	iters: 1100, epoch: 4 | loss: 0.0043113
	speed: 0.0053s/iter; time left: 42.4985s
	iters: 1200, epoch: 4 | loss: 0.0477213
	speed: 0.0055s/iter; time left: 44.0190s
	iters: 1300, epoch: 4 | loss: 0.0244368
	speed: 0.0054s/iter; time left: 42.6986s
Epoch: 4 cost time: 7.6 seconds
Epoch: 4, Steps: 1309 | Train Loss: 0.0604788 Vali Loss: 4.7948728 Test Loss: 5.7260318
Validation loss decreased (4.850816 --> 4.794873).  Saving model ...
Updating learning rate to 6.25e-05
	iters: 100, epoch: 5 | loss: 0.0301204
	speed: 0.0375s/iter; time left: 290.8627s
	iters: 200, epoch: 5 | loss: 0.0369885
	speed: 0.0050s/iter; time left: 38.4079s
	iters: 300, epoch: 5 | loss: 0.0481104
	speed: 0.0055s/iter; time left: 41.5961s
	iters: 400, epoch: 5 | loss: 0.0413990
	speed: 0.0056s/iter; time left: 41.6592s
	iters: 500, epoch: 5 | loss: 0.0270753
	speed: 0.0061s/iter; time left: 44.8530s
	iters: 600, epoch: 5 | loss: 0.0398824
	speed: 0.0058s/iter; time left: 42.2270s
	iters: 700, epoch: 5 | loss: 0.0294030
	speed: 0.0053s/iter; time left: 37.8642s
	iters: 800, epoch: 5 | loss: 0.1055188
	speed: 0.0054s/iter; time left: 38.2728s
	iters: 900, epoch: 5 | loss: 0.0726398
	speed: 0.0067s/iter; time left: 46.4417s
	iters: 1000, epoch: 5 | loss: 0.0646314
	speed: 0.0060s/iter; time left: 41.2841s
	iters: 1100, epoch: 5 | loss: 0.0239513
	speed: 0.0053s/iter; time left: 36.0805s
	iters: 1200, epoch: 5 | loss: 0.0804381
	speed: 0.0061s/iter; time left: 40.5298s
	iters: 1300, epoch: 5 | loss: 0.0157552
	speed: 0.0053s/iter; time left: 34.5459s
Epoch: 5 cost time: 7.7 seconds
Epoch: 5, Steps: 1309 | Train Loss: 0.0601026 Vali Loss: 4.7685275 Test Loss: 5.7156272
Validation loss decreased (4.794873 --> 4.768528).  Saving model ...
Updating learning rate to 3.125e-05
	iters: 100, epoch: 6 | loss: 0.0824628
	speed: 0.0377s/iter; time left: 243.1474s
	iters: 200, epoch: 6 | loss: 0.0208137
	speed: 0.0056s/iter; time left: 35.6474s
	iters: 300, epoch: 6 | loss: 0.1532465
	speed: 0.0054s/iter; time left: 33.4694s
	iters: 400, epoch: 6 | loss: 0.0913547
	speed: 0.0058s/iter; time left: 35.9061s
	iters: 500, epoch: 6 | loss: 0.1424608
	speed: 0.0051s/iter; time left: 30.9868s
	iters: 600, epoch: 6 | loss: 0.0272243
	speed: 0.0054s/iter; time left: 32.2490s
	iters: 700, epoch: 6 | loss: 0.0199604
	speed: 0.0058s/iter; time left: 33.6487s
	iters: 800, epoch: 6 | loss: 0.0641041
	speed: 0.0053s/iter; time left: 30.2726s
	iters: 900, epoch: 6 | loss: 0.0324854
	speed: 0.0053s/iter; time left: 30.0221s
	iters: 1000, epoch: 6 | loss: 0.0152864
	speed: 0.0054s/iter; time left: 29.6945s
	iters: 1100, epoch: 6 | loss: 0.0754942
	speed: 0.0064s/iter; time left: 34.9001s
	iters: 1200, epoch: 6 | loss: 0.0743563
	speed: 0.0055s/iter; time left: 29.1800s
	iters: 1300, epoch: 6 | loss: 0.1218344
	speed: 0.0053s/iter; time left: 27.9308s
Epoch: 6 cost time: 7.6 seconds
Epoch: 6, Steps: 1309 | Train Loss: 0.0598666 Vali Loss: 4.7644868 Test Loss: 5.7075090
Validation loss decreased (4.768528 --> 4.764487).  Saving model ...
Updating learning rate to 1.5625e-05
	iters: 100, epoch: 7 | loss: 0.0582678
	speed: 0.0391s/iter; time left: 201.0361s
	iters: 200, epoch: 7 | loss: 0.0705955
	speed: 0.0057s/iter; time left: 28.6290s
	iters: 300, epoch: 7 | loss: 0.0484688
	speed: 0.0053s/iter; time left: 26.3537s
	iters: 400, epoch: 7 | loss: 0.0377700
	speed: 0.0060s/iter; time left: 29.2156s
	iters: 500, epoch: 7 | loss: 0.0380326
	speed: 0.0055s/iter; time left: 25.8973s
	iters: 600, epoch: 7 | loss: 0.0395804
	speed: 0.0058s/iter; time left: 27.0755s
	iters: 700, epoch: 7 | loss: 0.0506467
	speed: 0.0059s/iter; time left: 26.8591s
	iters: 800, epoch: 7 | loss: 0.0195212
	speed: 0.0070s/iter; time left: 30.9253s
	iters: 900, epoch: 7 | loss: 0.0222419
	speed: 0.0059s/iter; time left: 25.5137s
	iters: 1000, epoch: 7 | loss: 0.0824031
	speed: 0.0058s/iter; time left: 24.7053s
	iters: 1100, epoch: 7 | loss: 0.0243432
	speed: 0.0056s/iter; time left: 23.2114s
	iters: 1200, epoch: 7 | loss: 0.0225391
	speed: 0.0067s/iter; time left: 26.9409s
	iters: 1300, epoch: 7 | loss: 0.0568304
	speed: 0.0058s/iter; time left: 22.8497s
Epoch: 7 cost time: 8.0 seconds
Epoch: 7, Steps: 1309 | Train Loss: 0.0597592 Vali Loss: 4.7786860 Test Loss: 5.7051105
EarlyStopping counter: 1 out of 3
Updating learning rate to 7.8125e-06
	iters: 100, epoch: 8 | loss: 0.0409060
	speed: 0.0423s/iter; time left: 162.0377s
	iters: 200, epoch: 8 | loss: 0.0145718
	speed: 0.0062s/iter; time left: 23.2097s
	iters: 300, epoch: 8 | loss: 0.1040502
	speed: 0.0047s/iter; time left: 17.0484s
	iters: 400, epoch: 8 | loss: 0.0906854
	speed: 0.0047s/iter; time left: 16.6679s
	iters: 500, epoch: 8 | loss: 0.1130668
	speed: 0.0045s/iter; time left: 15.4955s
	iters: 600, epoch: 8 | loss: 0.1012220
	speed: 0.0046s/iter; time left: 15.4542s
	iters: 700, epoch: 8 | loss: 0.1226961
	speed: 0.0051s/iter; time left: 16.3869s
	iters: 800, epoch: 8 | loss: 0.0803724
	speed: 0.0056s/iter; time left: 17.4764s
	iters: 900, epoch: 8 | loss: 0.0496350
	speed: 0.0060s/iter; time left: 18.2654s
	iters: 1000, epoch: 8 | loss: 0.0476915
	speed: 0.0067s/iter; time left: 19.5252s
	iters: 1100, epoch: 8 | loss: 0.0443325
	speed: 0.0065s/iter; time left: 18.4660s
	iters: 1200, epoch: 8 | loss: 0.0867531
	speed: 0.0056s/iter; time left: 15.2359s
	iters: 1300, epoch: 8 | loss: 0.1065824
	speed: 0.0052s/iter; time left: 13.6603s
Epoch: 8 cost time: 7.5 seconds
Epoch: 8, Steps: 1309 | Train Loss: 0.0596937 Vali Loss: 4.7647834 Test Loss: 5.7017436
EarlyStopping counter: 2 out of 3
Updating learning rate to 3.90625e-06
	iters: 100, epoch: 9 | loss: 0.0612037
	speed: 0.0419s/iter; time left: 105.4608s
	iters: 200, epoch: 9 | loss: 0.0754186
	speed: 0.0062s/iter; time left: 15.0854s
	iters: 300, epoch: 9 | loss: 0.0961416
	speed: 0.0062s/iter; time left: 14.4306s
	iters: 400, epoch: 9 | loss: 0.0757028
	speed: 0.0063s/iter; time left: 13.9050s
	iters: 500, epoch: 9 | loss: 0.1290664
	speed: 0.0062s/iter; time left: 13.2290s
	iters: 600, epoch: 9 | loss: 0.1085923
	speed: 0.0062s/iter; time left: 12.5226s
	iters: 700, epoch: 9 | loss: 0.0530611
	speed: 0.0063s/iter; time left: 12.0040s
	iters: 800, epoch: 9 | loss: 0.0571028
	speed: 0.0065s/iter; time left: 11.8050s
	iters: 900, epoch: 9 | loss: 0.0252305
	speed: 0.0066s/iter; time left: 11.3702s
	iters: 1000, epoch: 9 | loss: 0.1099290
	speed: 0.0064s/iter; time left: 10.3323s
	iters: 1100, epoch: 9 | loss: 0.1101286
	speed: 0.0066s/iter; time left: 10.0336s
	iters: 1200, epoch: 9 | loss: 0.1006969
	speed: 0.0066s/iter; time left: 9.4263s
	iters: 1300, epoch: 9 | loss: 0.0967138
	speed: 0.0065s/iter; time left: 8.6012s
Epoch: 9 cost time: 8.7 seconds
Epoch: 9, Steps: 1309 | Train Loss: 0.0596881 Vali Loss: 4.7642412 Test Loss: 5.7007847
Validation loss decreased (4.764487 --> 4.764241).  Saving model ...
Updating learning rate to 1.953125e-06
	iters: 100, epoch: 10 | loss: 0.0232583
	speed: 0.0418s/iter; time left: 50.5630s
	iters: 200, epoch: 10 | loss: 0.0451917
	speed: 0.0060s/iter; time left: 6.6341s
	iters: 300, epoch: 10 | loss: 0.0700281
	speed: 0.0061s/iter; time left: 6.1233s
	iters: 400, epoch: 10 | loss: 0.0187007
	speed: 0.0058s/iter; time left: 5.3092s
	iters: 500, epoch: 10 | loss: 0.0305936
	speed: 0.0060s/iter; time left: 4.8487s
	iters: 600, epoch: 10 | loss: 0.0604203
	speed: 0.0057s/iter; time left: 4.0606s
	iters: 700, epoch: 10 | loss: 0.0708494
	speed: 0.0058s/iter; time left: 3.5395s
	iters: 800, epoch: 10 | loss: 0.0677468
	speed: 0.0063s/iter; time left: 3.2336s
	iters: 900, epoch: 10 | loss: 0.0997073
	speed: 0.0066s/iter; time left: 2.6892s
	iters: 1000, epoch: 10 | loss: 0.0342267
	speed: 0.0061s/iter; time left: 1.8887s
	iters: 1100, epoch: 10 | loss: 0.0124044
	speed: 0.0059s/iter; time left: 1.2478s
	iters: 1200, epoch: 10 | loss: 0.0295812
	speed: 0.0059s/iter; time left: 0.6501s
	iters: 1300, epoch: 10 | loss: 0.1192006
	speed: 0.0062s/iter; time left: 0.0621s
Epoch: 10 cost time: 8.1 seconds
Epoch: 10, Steps: 1309 | Train Loss: 0.0596515 Vali Loss: 4.7664676 Test Loss: 5.7000566
EarlyStopping counter: 1 out of 3
Updating learning rate to 9.765625e-07
>>>>>>>testing : FITS_MRO_336_192_MS_channels_6_FITS_MS_channels_6<<<<<<<<<<<<<<<<<<<<<<<<<<<<<<<<<
test 2953
FITS_MRO_336_192_MS_channels_6_FITS_MS_channels_6
Shapes: pred (2952, 192, 1), true (2952, 192, 1), naive_pred (2952, 192, 1)
Shapes: gt (369, 528), pd (369, 528), naive_pd (369, 528)
Final Metrics:
FITS         MSE: 5.700786   MAE: 1.879789   SE: 11.050932  RRMSE: 0.287242   RMAE: 0.226146   (numpy)
FITS         MSE: 5.700785   MAE: 1.879789   SE: 11.050932  RRMSE: 0.287242   RMAE: 0.226146   (torch)

Repeat       MSE: 5.362151   MAE: 1.761319   SE: 10.656660  RRMSE: 0.278580   RMAE: 0.211894   (numpy)
Repeat       MSE: 5.362151   MAE: 1.761319   SE: 10.656659  RRMSE: 0.278580   RMAE: 0.211894   (torch)


Model(
  (fits): FITS(
    (frequency_upsampler): Linear(in_features=168, out_features=264, bias=True)
  )
)
