Args in experiment:
Namespace(is_training=1, model_id='FITS_MRO_336_336_MS_channels_6', model='FITS', data='custom', root_path='./dataset/', data_path='MRO.csv', features='MS', target='Adj Close', freq='h', checkpoints='./checkpoints/', seq_len=336, label_len=48, pred_len=336, individual=False, embed_type=0, enc_in=6, dec_in=7, c_out=7, d_model=512, n_heads=8, e_layers=2, d_layers=1, d_ff=2048, moving_avg=25, factor=1, distil=True, dropout=0.05, embed='timeF', activation='gelu', output_attention=False, do_predict=False, num_workers=10, itr=1, train_epochs=10, batch_size=8, patience=3, learning_rate=0.0005, des='Exp', loss='mse', lradj='type1', use_amp=False, use_gpu=True, gpu=0, use_multi_gpu=False, devices='0,1,2,3', test_flop=False)
FITS_MRO_336_336_MS_channels_6_FITS_MS_channels_6
Using GPU: NVIDIA GeForce RTX 4070 (cuda:0):
>>>>>>>start training : FITS_MRO_336_336_MS_channels_6_FITS_MS_channels_6>>>>>>>>>>>>>>>>>>>>>>>>>>
train 10335
val 1239
test 2809
	iters: 100, epoch: 1 | loss: 0.0319009
	speed: 0.0173s/iter; time left: 221.7606s
	iters: 200, epoch: 1 | loss: 0.1019269
	speed: 0.0047s/iter; time left: 59.3122s
	iters: 300, epoch: 1 | loss: 0.2821603
	speed: 0.0046s/iter; time left: 57.4919s
	iters: 400, epoch: 1 | loss: 0.0402437
	speed: 0.0047s/iter; time left: 58.3032s
	iters: 500, epoch: 1 | loss: 0.1841296
	speed: 0.0049s/iter; time left: 60.5949s
	iters: 600, epoch: 1 | loss: 0.2062272
	speed: 0.0045s/iter; time left: 55.2208s
	iters: 700, epoch: 1 | loss: 0.1289529
	speed: 0.0045s/iter; time left: 54.4469s
	iters: 800, epoch: 1 | loss: 0.1363972
	speed: 0.0046s/iter; time left: 55.5142s
	iters: 900, epoch: 1 | loss: 0.0795343
	speed: 0.0047s/iter; time left: 56.7358s
	iters: 1000, epoch: 1 | loss: 0.1392826
	speed: 0.0049s/iter; time left: 58.5179s
	iters: 1100, epoch: 1 | loss: 0.1928015
	speed: 0.0048s/iter; time left: 57.0071s
	iters: 1200, epoch: 1 | loss: 0.1351360
	speed: 0.0055s/iter; time left: 64.4207s
Epoch: 1 cost time: 7.1 seconds
Epoch: 1, Steps: 1291 | Train Loss: 0.1289327 Vali Loss: 8.9339237 Test Loss: 12.4033203
Validation loss decreased (inf --> 8.933924).  Saving model ...
Updating learning rate to 0.0005
	iters: 100, epoch: 2 | loss: 0.0523381
	speed: 0.0426s/iter; time left: 490.2946s
	iters: 200, epoch: 2 | loss: 0.1824616
	speed: 0.0059s/iter; time left: 67.8685s
	iters: 300, epoch: 2 | loss: 0.0649841
	speed: 0.0061s/iter; time left: 68.4997s
	iters: 400, epoch: 2 | loss: 0.2161746
	speed: 0.0060s/iter; time left: 67.6329s
	iters: 500, epoch: 2 | loss: 0.1907336
	speed: 0.0061s/iter; time left: 67.9620s
	iters: 600, epoch: 2 | loss: 0.1227685
	speed: 0.0061s/iter; time left: 67.4832s
	iters: 700, epoch: 2 | loss: 0.0851042
	speed: 0.0060s/iter; time left: 65.7525s
	iters: 800, epoch: 2 | loss: 0.1125765
	speed: 0.0059s/iter; time left: 63.7268s
	iters: 900, epoch: 2 | loss: 0.0594054
	speed: 0.0062s/iter; time left: 66.0861s
	iters: 1000, epoch: 2 | loss: 0.0558388
	speed: 0.0062s/iter; time left: 66.0041s
	iters: 1100, epoch: 2 | loss: 0.0683878
	speed: 0.0058s/iter; time left: 60.7888s
	iters: 1200, epoch: 2 | loss: 0.0270871
	speed: 0.0060s/iter; time left: 62.1975s
Epoch: 2 cost time: 8.1 seconds
Epoch: 2, Steps: 1291 | Train Loss: 0.1105002 Vali Loss: 8.3604803 Test Loss: 11.5274706
Validation loss decreased (8.933924 --> 8.360480).  Saving model ...
Updating learning rate to 0.00025
	iters: 100, epoch: 3 | loss: 0.1483235
	speed: 0.0441s/iter; time left: 451.5463s
	iters: 200, epoch: 3 | loss: 0.1161809
	speed: 0.0057s/iter; time left: 57.7581s
	iters: 300, epoch: 3 | loss: 0.1556671
	speed: 0.0060s/iter; time left: 59.7544s
	iters: 400, epoch: 3 | loss: 0.2971783
	speed: 0.0060s/iter; time left: 59.0860s
	iters: 500, epoch: 3 | loss: 0.0233649
	speed: 0.0059s/iter; time left: 58.3280s
	iters: 600, epoch: 3 | loss: 0.1538428
	speed: 0.0061s/iter; time left: 59.2320s
	iters: 700, epoch: 3 | loss: 0.1335731
	speed: 0.0061s/iter; time left: 58.5099s
	iters: 800, epoch: 3 | loss: 0.1456448
	speed: 0.0056s/iter; time left: 53.4252s
	iters: 900, epoch: 3 | loss: 0.0479037
	speed: 0.0056s/iter; time left: 53.0729s
	iters: 1000, epoch: 3 | loss: 0.2111001
	speed: 0.0060s/iter; time left: 56.0764s
	iters: 1100, epoch: 3 | loss: 0.2016379
	speed: 0.0058s/iter; time left: 53.7071s
	iters: 1200, epoch: 3 | loss: 0.0577920
	speed: 0.0059s/iter; time left: 53.9480s
Epoch: 3 cost time: 7.8 seconds
Epoch: 3, Steps: 1291 | Train Loss: 0.1069133 Vali Loss: 8.2200651 Test Loss: 11.3535976
Validation loss decreased (8.360480 --> 8.220065).  Saving model ...
Updating learning rate to 0.000125
	iters: 100, epoch: 4 | loss: 0.0646980
	speed: 0.0423s/iter; time left: 377.9421s
	iters: 200, epoch: 4 | loss: 0.1368114
	speed: 0.0060s/iter; time left: 53.0030s
	iters: 300, epoch: 4 | loss: 0.0620701
	speed: 0.0058s/iter; time left: 50.8836s
	iters: 400, epoch: 4 | loss: 0.0520249
	speed: 0.0059s/iter; time left: 51.1404s
	iters: 500, epoch: 4 | loss: 0.0541913
	speed: 0.0059s/iter; time left: 50.0389s
	iters: 600, epoch: 4 | loss: 0.1220688
	speed: 0.0061s/iter; time left: 51.8464s
	iters: 700, epoch: 4 | loss: 0.1236186
	speed: 0.0059s/iter; time left: 49.4728s
	iters: 800, epoch: 4 | loss: 0.1548434
	speed: 0.0061s/iter; time left: 49.8513s
	iters: 900, epoch: 4 | loss: 0.0409983
	speed: 0.0059s/iter; time left: 47.7301s
	iters: 1000, epoch: 4 | loss: 0.1065198
	speed: 0.0058s/iter; time left: 46.7104s
	iters: 1100, epoch: 4 | loss: 0.0956966
	speed: 0.0057s/iter; time left: 45.5226s
	iters: 1200, epoch: 4 | loss: 0.0619021
	speed: 0.0057s/iter; time left: 44.3188s
Epoch: 4 cost time: 7.9 seconds
Epoch: 4, Steps: 1291 | Train Loss: 0.1057560 Vali Loss: 8.1506777 Test Loss: 11.2620230
Validation loss decreased (8.220065 --> 8.150678).  Saving model ...
Updating learning rate to 6.25e-05
	iters: 100, epoch: 5 | loss: 0.1376754
	speed: 0.0448s/iter; time left: 342.7110s
	iters: 200, epoch: 5 | loss: 0.1038096
	speed: 0.0075s/iter; time left: 56.2348s
	iters: 300, epoch: 5 | loss: 0.2004429
	speed: 0.0071s/iter; time left: 52.5603s
	iters: 400, epoch: 5 | loss: 0.2896369
	speed: 0.0061s/iter; time left: 44.5321s
	iters: 500, epoch: 5 | loss: 0.0863592
	speed: 0.0059s/iter; time left: 42.8588s
	iters: 600, epoch: 5 | loss: 0.0298917
	speed: 0.0060s/iter; time left: 42.5298s
	iters: 700, epoch: 5 | loss: 0.0553710
	speed: 0.0058s/iter; time left: 40.7663s
	iters: 800, epoch: 5 | loss: 0.2815212
	speed: 0.0058s/iter; time left: 40.4347s
	iters: 900, epoch: 5 | loss: 0.1030843
	speed: 0.0058s/iter; time left: 39.7641s
	iters: 1000, epoch: 5 | loss: 0.0401886
	speed: 0.0059s/iter; time left: 39.7993s
	iters: 1100, epoch: 5 | loss: 0.1447363
	speed: 0.0056s/iter; time left: 37.4874s
	iters: 1200, epoch: 5 | loss: 0.1415111
	speed: 0.0059s/iter; time left: 38.4188s
Epoch: 5 cost time: 8.3 seconds
Epoch: 5, Steps: 1291 | Train Loss: 0.1051734 Vali Loss: 8.1275663 Test Loss: 11.2199392
Validation loss decreased (8.150678 --> 8.127566).  Saving model ...
Updating learning rate to 3.125e-05
	iters: 100, epoch: 6 | loss: 0.1320060
	speed: 0.0440s/iter; time left: 279.9563s
	iters: 200, epoch: 6 | loss: 0.0908895
	speed: 0.0059s/iter; time left: 37.0656s
	iters: 300, epoch: 6 | loss: 0.0479330
	speed: 0.0057s/iter; time left: 34.8418s
	iters: 400, epoch: 6 | loss: 0.0449495
	speed: 0.0057s/iter; time left: 34.2509s
	iters: 500, epoch: 6 | loss: 0.1005671
	speed: 0.0058s/iter; time left: 34.8113s
	iters: 600, epoch: 6 | loss: 0.0724545
	speed: 0.0060s/iter; time left: 35.1189s
	iters: 700, epoch: 6 | loss: 0.0347538
	speed: 0.0059s/iter; time left: 33.7105s
	iters: 800, epoch: 6 | loss: 0.3189687
	speed: 0.0056s/iter; time left: 31.8635s
	iters: 900, epoch: 6 | loss: 0.0700636
	speed: 0.0058s/iter; time left: 32.4525s
	iters: 1000, epoch: 6 | loss: 0.1119330
	speed: 0.0056s/iter; time left: 30.7572s
	iters: 1100, epoch: 6 | loss: 0.0491221
	speed: 0.0057s/iter; time left: 30.7713s
	iters: 1200, epoch: 6 | loss: 0.0833920
	speed: 0.0058s/iter; time left: 30.4482s
Epoch: 6 cost time: 7.8 seconds
Epoch: 6, Steps: 1291 | Train Loss: 0.1049632 Vali Loss: 8.1285353 Test Loss: 11.1997871
EarlyStopping counter: 1 out of 3
Updating learning rate to 1.5625e-05
	iters: 100, epoch: 7 | loss: 0.0629981
	speed: 0.0426s/iter; time left: 215.7760s
	iters: 200, epoch: 7 | loss: 0.0418510
	speed: 0.0059s/iter; time left: 29.4420s
	iters: 300, epoch: 7 | loss: 0.0496673
	speed: 0.0060s/iter; time left: 29.2755s
	iters: 400, epoch: 7 | loss: 0.1325158
	speed: 0.0060s/iter; time left: 28.5009s
	iters: 500, epoch: 7 | loss: 0.0595391
	speed: 0.0059s/iter; time left: 27.3673s
	iters: 600, epoch: 7 | loss: 0.1336391
	speed: 0.0058s/iter; time left: 26.5095s
	iters: 700, epoch: 7 | loss: 0.0527958
	speed: 0.0059s/iter; time left: 26.5293s
	iters: 800, epoch: 7 | loss: 0.0622500
	speed: 0.0057s/iter; time left: 24.9810s
	iters: 900, epoch: 7 | loss: 0.2354744
	speed: 0.0059s/iter; time left: 24.9841s
	iters: 1000, epoch: 7 | loss: 0.2838924
	speed: 0.0060s/iter; time left: 25.0393s
	iters: 1100, epoch: 7 | loss: 0.1082370
	speed: 0.0057s/iter; time left: 23.2323s
	iters: 1200, epoch: 7 | loss: 0.0919312
	speed: 0.0062s/iter; time left: 24.7470s
Epoch: 7 cost time: 8.0 seconds
Epoch: 7, Steps: 1291 | Train Loss: 0.1048093 Vali Loss: 8.0897532 Test Loss: 11.1905670
Validation loss decreased (8.127566 --> 8.089753).  Saving model ...
Updating learning rate to 7.8125e-06
	iters: 100, epoch: 8 | loss: 0.0484499
	speed: 0.0422s/iter; time left: 159.2785s
	iters: 200, epoch: 8 | loss: 0.0435162
	speed: 0.0058s/iter; time left: 21.1907s
	iters: 300, epoch: 8 | loss: 0.1674197
	speed: 0.0059s/iter; time left: 20.9680s
	iters: 400, epoch: 8 | loss: 0.0305255
	speed: 0.0059s/iter; time left: 20.5360s
	iters: 500, epoch: 8 | loss: 0.1541694
	speed: 0.0061s/iter; time left: 20.4359s
	iters: 600, epoch: 8 | loss: 0.1671671
	speed: 0.0060s/iter; time left: 19.6810s
	iters: 700, epoch: 8 | loss: 0.2333050
	speed: 0.0056s/iter; time left: 17.6976s
	iters: 800, epoch: 8 | loss: 0.0976520
	speed: 0.0060s/iter; time left: 18.2980s
	iters: 900, epoch: 8 | loss: 0.2166640
	speed: 0.0057s/iter; time left: 16.9097s
	iters: 1000, epoch: 8 | loss: 0.0539340
	speed: 0.0057s/iter; time left: 16.5058s
	iters: 1100, epoch: 8 | loss: 0.0459425
	speed: 0.0058s/iter; time left: 15.9805s
	iters: 1200, epoch: 8 | loss: 0.1069728
	speed: 0.0059s/iter; time left: 15.6888s
Epoch: 8 cost time: 7.8 seconds
Epoch: 8, Steps: 1291 | Train Loss: 0.1046805 Vali Loss: 8.1225271 Test Loss: 11.1860209
EarlyStopping counter: 1 out of 3
Updating learning rate to 3.90625e-06
	iters: 100, epoch: 9 | loss: 0.0684884
	speed: 0.0430s/iter; time left: 106.8866s
	iters: 200, epoch: 9 | loss: 0.0931709
	speed: 0.0056s/iter; time left: 13.4357s
	iters: 300, epoch: 9 | loss: 0.1558392
	speed: 0.0056s/iter; time left: 12.8526s
	iters: 400, epoch: 9 | loss: 0.1493458
	speed: 0.0055s/iter; time left: 11.9028s
	iters: 500, epoch: 9 | loss: 0.0801644
	speed: 0.0058s/iter; time left: 12.0407s
	iters: 600, epoch: 9 | loss: 0.1139875
	speed: 0.0056s/iter; time left: 11.0790s
	iters: 700, epoch: 9 | loss: 0.2362106
	speed: 0.0055s/iter; time left: 10.3658s
	iters: 800, epoch: 9 | loss: 0.0679064
	speed: 0.0056s/iter; time left: 10.0336s
	iters: 900, epoch: 9 | loss: 0.1168046
	speed: 0.0055s/iter; time left: 9.2392s
	iters: 1000, epoch: 9 | loss: 0.0470775
	speed: 0.0055s/iter; time left: 8.7052s
	iters: 1100, epoch: 9 | loss: 0.0792348
	speed: 0.0055s/iter; time left: 8.1298s
	iters: 1200, epoch: 9 | loss: 0.1902256
	speed: 0.0056s/iter; time left: 7.7447s
Epoch: 9 cost time: 7.5 seconds
Epoch: 9, Steps: 1291 | Train Loss: 0.1046787 Vali Loss: 8.1000423 Test Loss: 11.1836948
EarlyStopping counter: 2 out of 3
Updating learning rate to 1.953125e-06
	iters: 100, epoch: 10 | loss: 0.1063636
	speed: 0.0420s/iter; time left: 50.1058s
	iters: 200, epoch: 10 | loss: 0.2309264
	speed: 0.0057s/iter; time left: 6.2432s
	iters: 300, epoch: 10 | loss: 0.2095370
	speed: 0.0058s/iter; time left: 5.7376s
	iters: 400, epoch: 10 | loss: 0.0894365
	speed: 0.0059s/iter; time left: 5.2605s
	iters: 500, epoch: 10 | loss: 0.0780564
	speed: 0.0058s/iter; time left: 4.6149s
	iters: 600, epoch: 10 | loss: 0.0536743
	speed: 0.0060s/iter; time left: 4.1840s
	iters: 700, epoch: 10 | loss: 0.0465523
	speed: 0.0059s/iter; time left: 3.4814s
	iters: 800, epoch: 10 | loss: 0.2534642
	speed: 0.0059s/iter; time left: 2.9104s
	iters: 900, epoch: 10 | loss: 0.0551221
	speed: 0.0060s/iter; time left: 2.3428s
	iters: 1000, epoch: 10 | loss: 0.0800924
	speed: 0.0058s/iter; time left: 1.6899s
	iters: 1100, epoch: 10 | loss: 0.0307301
	speed: 0.0057s/iter; time left: 1.0906s
	iters: 1200, epoch: 10 | loss: 0.0891792
	speed: 0.0057s/iter; time left: 0.5245s
Epoch: 10 cost time: 7.9 seconds
Epoch: 10, Steps: 1291 | Train Loss: 0.1046378 Vali Loss: 8.1055937 Test Loss: 11.1826143
EarlyStopping counter: 3 out of 3
Early stopping
>>>>>>>testing : FITS_MRO_336_336_MS_channels_6_FITS_MS_channels_6<<<<<<<<<<<<<<<<<<<<<<<<<<<<<<<<<
test 2809
FITS_MRO_336_336_MS_channels_6_FITS_MS_channels_6
Shapes: pred (2808, 336, 1), true (2808, 336, 1), naive_pred (2808, 336, 1)
Shapes: gt (351, 672), pd (351, 672), naive_pd (351, 672)
Final Metrics:
FITS_10         MSE: 11.190566  MAE: 2.598140   SE: 20.616358  RRMSE: 0.409942   RMAE: 0.318390   (numpy)
FITS_10         MSE: 11.190568  MAE: 2.598140   SE: 20.616358  RRMSE: 0.409942   RMAE: 0.318390   (torch)

Repeat       MSE: 10.261215  MAE: 2.420922   SE: 21.428272  RRMSE: 0.392551   RMAE: 0.296672   (numpy)
Repeat       MSE: 10.261217  MAE: 2.420922   SE: 21.428272  RRMSE: 0.392551   RMAE: 0.296672   (torch)

