Args in experiment:
Namespace(is_training=1, model_id='FITS_100_GD_336_96_MS_channels_6', model='FITS_100', data='custom', root_path='./dataset/', data_path='GD.csv', features='MS', target='Adj Close', freq='h', checkpoints='./checkpoints/', seq_len=336, label_len=48, pred_len=96, individual=False, embed_type=0, enc_in=6, dec_in=7, c_out=7, d_model=512, n_heads=8, e_layers=2, d_layers=1, d_ff=2048, moving_avg=25, factor=1, distil=True, dropout=0.05, embed='timeF', activation='gelu', output_attention=False, do_predict=False, num_workers=10, itr=1, train_epochs=10, batch_size=8, patience=3, learning_rate=0.0005, des='Exp', loss='mse', lradj='type1', use_amp=False, use_gpu=True, gpu=0, use_multi_gpu=False, devices='0,1,2,3', test_flop=False)
FITS_100_GD_336_96_MS_channels_6_FITS_100_MS_channels_6
Using GPU: NVIDIA GeForce RTX 4070 (cuda:0):
>>>>>>>start training : FITS_100_GD_336_96_MS_channels_6_FITS_100_MS_channels_6>>>>>>>>>>>>>>>>>>>>>>>>>>
train 10575
val 1479
test 3049
	iters: 100, epoch: 1 | loss: 0.0452295
	speed: 0.0221s/iter; time left: 289.8656s
	iters: 200, epoch: 1 | loss: 0.0529929
	speed: 0.0048s/iter; time left: 62.2112s
	iters: 300, epoch: 1 | loss: 0.0044536
	speed: 0.0051s/iter; time left: 66.0088s
	iters: 400, epoch: 1 | loss: 0.0798874
	speed: 0.0051s/iter; time left: 65.8298s
	iters: 500, epoch: 1 | loss: 0.0103205
	speed: 0.0051s/iter; time left: 64.4137s
	iters: 600, epoch: 1 | loss: 0.0534544
	speed: 0.0048s/iter; time left: 60.8513s
	iters: 700, epoch: 1 | loss: 0.0007641
	speed: 0.0046s/iter; time left: 57.9040s
	iters: 800, epoch: 1 | loss: 0.0009136
	speed: 0.0054s/iter; time left: 67.2732s
	iters: 900, epoch: 1 | loss: 0.0307348
	speed: 0.0050s/iter; time left: 61.6990s
	iters: 1000, epoch: 1 | loss: 0.0003479
	speed: 0.0047s/iter; time left: 57.1872s
	iters: 1100, epoch: 1 | loss: 0.0309360
	speed: 0.0048s/iter; time left: 58.7222s
	iters: 1200, epoch: 1 | loss: 0.0018800
	speed: 0.0050s/iter; time left: 60.2841s
	iters: 1300, epoch: 1 | loss: 0.0389520
	speed: 0.0050s/iter; time left: 59.1293s
Epoch: 1 cost time: 7.8 seconds
Epoch: 1, Steps: 1321 | Train Loss: 0.0236555 Vali Loss: 0.5257628 Test Loss: 2.6278167
Validation loss decreased (inf --> 0.525763).  Saving model ...
Updating learning rate to 0.0005
	iters: 100, epoch: 2 | loss: 0.0313479
	speed: 0.0361s/iter; time left: 425.6721s
	iters: 200, epoch: 2 | loss: 0.0009399
	speed: 0.0049s/iter; time left: 57.6976s
	iters: 300, epoch: 2 | loss: 0.0045771
	speed: 0.0048s/iter; time left: 55.5257s
	iters: 400, epoch: 2 | loss: 0.0160415
	speed: 0.0056s/iter; time left: 64.3616s
	iters: 500, epoch: 2 | loss: 0.0146910
	speed: 0.0060s/iter; time left: 68.4654s
	iters: 600, epoch: 2 | loss: 0.0207045
	speed: 0.0070s/iter; time left: 78.8598s
	iters: 700, epoch: 2 | loss: 0.0009994
	speed: 0.0053s/iter; time left: 59.2215s
	iters: 800, epoch: 2 | loss: 0.0085467
	speed: 0.0047s/iter; time left: 52.3835s
	iters: 900, epoch: 2 | loss: 0.0165457
	speed: 0.0057s/iter; time left: 62.1879s
	iters: 1000, epoch: 2 | loss: 0.0139604
	speed: 0.0051s/iter; time left: 55.8399s
	iters: 1100, epoch: 2 | loss: 0.0270734
	speed: 0.0053s/iter; time left: 57.0224s
	iters: 1200, epoch: 2 | loss: 0.0211762
	speed: 0.0057s/iter; time left: 61.0549s
	iters: 1300, epoch: 2 | loss: 0.1591933
	speed: 0.0066s/iter; time left: 70.1258s
Epoch: 2 cost time: 7.6 seconds
Epoch: 2, Steps: 1321 | Train Loss: 0.0171032 Vali Loss: 0.5037082 Test Loss: 2.4792256
Validation loss decreased (0.525763 --> 0.503708).  Saving model ...
Updating learning rate to 0.00025
	iters: 100, epoch: 3 | loss: 0.0278202
	speed: 0.0349s/iter; time left: 365.8023s
	iters: 200, epoch: 3 | loss: 0.0119413
	speed: 0.0059s/iter; time left: 60.7401s
	iters: 300, epoch: 3 | loss: 0.0174928
	speed: 0.0051s/iter; time left: 52.3430s
	iters: 400, epoch: 3 | loss: 0.0088469
	speed: 0.0051s/iter; time left: 52.0582s
	iters: 500, epoch: 3 | loss: 0.0184418
	speed: 0.0058s/iter; time left: 58.7027s
	iters: 600, epoch: 3 | loss: 0.0226125
	speed: 0.0061s/iter; time left: 60.3176s
	iters: 700, epoch: 3 | loss: 0.0508948
	speed: 0.0053s/iter; time left: 51.9374s
	iters: 800, epoch: 3 | loss: 0.0005031
	speed: 0.0048s/iter; time left: 47.0366s
	iters: 900, epoch: 3 | loss: 0.0233832
	speed: 0.0046s/iter; time left: 44.9279s
	iters: 1000, epoch: 3 | loss: 0.0009113
	speed: 0.0047s/iter; time left: 45.4267s
	iters: 1100, epoch: 3 | loss: 0.0030931
	speed: 0.0049s/iter; time left: 46.8423s
	iters: 1200, epoch: 3 | loss: 0.0131766
	speed: 0.0050s/iter; time left: 46.8269s
	iters: 1300, epoch: 3 | loss: 0.0082817
	speed: 0.0049s/iter; time left: 45.5837s
Epoch: 3 cost time: 7.1 seconds
Epoch: 3, Steps: 1321 | Train Loss: 0.0159933 Vali Loss: 0.4921156 Test Loss: 2.4594281
Validation loss decreased (0.503708 --> 0.492116).  Saving model ...
Updating learning rate to 0.000125
	iters: 100, epoch: 4 | loss: 0.0433338
	speed: 0.0352s/iter; time left: 322.3173s
	iters: 200, epoch: 4 | loss: 0.0030329
	speed: 0.0048s/iter; time left: 43.4642s
	iters: 300, epoch: 4 | loss: 0.0009705
	speed: 0.0046s/iter; time left: 41.4064s
	iters: 400, epoch: 4 | loss: 0.0078999
	speed: 0.0050s/iter; time left: 43.8195s
	iters: 500, epoch: 4 | loss: 0.0005875
	speed: 0.0049s/iter; time left: 42.4292s
	iters: 600, epoch: 4 | loss: 0.1043226
	speed: 0.0048s/iter; time left: 41.3218s
	iters: 700, epoch: 4 | loss: 0.0043706
	speed: 0.0051s/iter; time left: 43.9814s
	iters: 800, epoch: 4 | loss: 0.0016059
	speed: 0.0057s/iter; time left: 48.3280s
	iters: 900, epoch: 4 | loss: 0.0248479
	speed: 0.0060s/iter; time left: 50.1109s
	iters: 1000, epoch: 4 | loss: 0.0150577
	speed: 0.0048s/iter; time left: 39.2741s
	iters: 1100, epoch: 4 | loss: 0.0343258
	speed: 0.0050s/iter; time left: 40.6166s
	iters: 1200, epoch: 4 | loss: 0.0017002
	speed: 0.0063s/iter; time left: 50.8979s
	iters: 1300, epoch: 4 | loss: 0.0195248
	speed: 0.0060s/iter; time left: 47.4048s
Epoch: 4 cost time: 7.2 seconds
Epoch: 4, Steps: 1321 | Train Loss: 0.0156498 Vali Loss: 0.4991109 Test Loss: 2.4050417
EarlyStopping counter: 1 out of 3
Updating learning rate to 6.25e-05
	iters: 100, epoch: 5 | loss: 0.0173704
	speed: 0.0375s/iter; time left: 293.7499s
	iters: 200, epoch: 5 | loss: 0.0034827
	speed: 0.0067s/iter; time left: 51.7574s
	iters: 300, epoch: 5 | loss: 0.0398499
	speed: 0.0069s/iter; time left: 52.4673s
	iters: 400, epoch: 5 | loss: 0.0103674
	speed: 0.0050s/iter; time left: 37.3137s
	iters: 500, epoch: 5 | loss: 0.0076987
	speed: 0.0051s/iter; time left: 37.6396s
	iters: 600, epoch: 5 | loss: 0.0195837
	speed: 0.0051s/iter; time left: 37.6973s
	iters: 700, epoch: 5 | loss: 0.0070959
	speed: 0.0052s/iter; time left: 37.6143s
	iters: 800, epoch: 5 | loss: 0.0188428
	speed: 0.0050s/iter; time left: 35.5238s
	iters: 900, epoch: 5 | loss: 0.0320436
	speed: 0.0047s/iter; time left: 33.1189s
	iters: 1000, epoch: 5 | loss: 0.0147840
	speed: 0.0052s/iter; time left: 36.2403s
	iters: 1100, epoch: 5 | loss: 0.0013695
	speed: 0.0051s/iter; time left: 34.9180s
	iters: 1200, epoch: 5 | loss: 0.0175918
	speed: 0.0064s/iter; time left: 43.0311s
	iters: 1300, epoch: 5 | loss: 0.0233609
	speed: 0.0050s/iter; time left: 32.9310s
Epoch: 5 cost time: 7.5 seconds
Epoch: 5, Steps: 1321 | Train Loss: 0.0154785 Vali Loss: 0.4959881 Test Loss: 2.3986690
EarlyStopping counter: 2 out of 3
Updating learning rate to 3.125e-05
	iters: 100, epoch: 6 | loss: 0.0250004
	speed: 0.0384s/iter; time left: 249.8885s
	iters: 200, epoch: 6 | loss: 0.0148238
	speed: 0.0046s/iter; time left: 29.3179s
	iters: 300, epoch: 6 | loss: 0.0025333
	speed: 0.0050s/iter; time left: 31.4944s
	iters: 400, epoch: 6 | loss: 0.0129287
	speed: 0.0050s/iter; time left: 31.1582s
	iters: 500, epoch: 6 | loss: 0.0253753
	speed: 0.0050s/iter; time left: 30.8186s
	iters: 600, epoch: 6 | loss: 0.0815899
	speed: 0.0051s/iter; time left: 30.3893s
	iters: 700, epoch: 6 | loss: 0.0030245
	speed: 0.0057s/iter; time left: 33.6039s
	iters: 800, epoch: 6 | loss: 0.0210994
	speed: 0.0057s/iter; time left: 33.1210s
	iters: 900, epoch: 6 | loss: 0.0261112
	speed: 0.0051s/iter; time left: 29.1286s
	iters: 1000, epoch: 6 | loss: 0.0115235
	speed: 0.0049s/iter; time left: 27.6413s
	iters: 1100, epoch: 6 | loss: 0.0139148
	speed: 0.0051s/iter; time left: 28.1472s
	iters: 1200, epoch: 6 | loss: 0.0110867
	speed: 0.0050s/iter; time left: 27.1299s
	iters: 1300, epoch: 6 | loss: 0.0011501
	speed: 0.0055s/iter; time left: 29.2756s
Epoch: 6 cost time: 7.0 seconds
Epoch: 6, Steps: 1321 | Train Loss: 0.0154086 Vali Loss: 0.4965135 Test Loss: 2.3957503
EarlyStopping counter: 3 out of 3
Early stopping
>>>>>>>testing : FITS_100_GD_336_96_MS_channels_6_FITS_100_MS_channels_6<<<<<<<<<<<<<<<<<<<<<<<<<<<<<<<<<
test 3049
FITS_100_GD_336_96_MS_channels_6_FITS_100_MS_channels_6
Shapes: pred (3048, 96, 1), true (3048, 96, 1), naive_pred (3048, 96, 1)
Shapes: gt (381, 432), pd (381, 432), naive_pd (381, 432)
Final Metrics:
FITS_100     MSE: 2.459428   MAE: 1.152921   SE: 4.802197   RRMSE: 0.101651   RMAE: 0.074730   (numpy)
FITS_100     MSE: 2.459428   MAE: 1.152921   SE: 4.802197   RRMSE: 0.101651   RMAE: 0.074730   (torch)

Repeat       MSE: 2.179713   MAE: 1.044575   SE: 4.422679   RRMSE: 0.095697   RMAE: 0.067707   (numpy)
Repeat       MSE: 2.179713   MAE: 1.044575   SE: 4.422679   RRMSE: 0.095697   RMAE: 0.067707   (torch)


Model(
  (fits): FITS(
    (frequency_upsampler): Linear(in_features=100, out_features=128, bias=True)
  )
)
