Args in experiment:
Namespace(is_training=1, model_id='FITS_DLinear_GD_336_96_MS_channels_6', model='FITS_DLinear', data='custom', root_path='./dataset/', data_path='GD.csv', features='MS', target='Adj Close', freq='h', checkpoints='./checkpoints/', seq_len=336, label_len=48, pred_len=96, individual=False, embed_type=0, enc_in=6, dec_in=7, c_out=7, d_model=512, n_heads=8, e_layers=2, d_layers=1, d_ff=2048, moving_avg=25, factor=1, distil=True, dropout=0.05, embed='timeF', activation='gelu', output_attention=False, do_predict=False, num_workers=10, itr=1, train_epochs=10, batch_size=8, patience=3, learning_rate=0.0005, des='Exp', loss='mse', lradj='type1', use_amp=False, use_gpu=True, gpu=0, use_multi_gpu=False, devices='0,1,2,3', test_flop=False)
FITS_DLinear_GD_336_96_MS_channels_6_FITS_DLinear_MS_channels_6
Using GPU: NVIDIA GeForce RTX 4070 (cuda:0):
FITS cutoff frequency: 168
>>>>>>>start training : FITS_DLinear_GD_336_96_MS_channels_6_FITS_DLinear_MS_channels_6>>>>>>>>>>>>>>>>>>>>>>>>>>
train 10575
val 1479
test 3049
	iters: 100, epoch: 1 | loss: 0.0159863
	speed: 0.0188s/iter; time left: 246.8861s
	iters: 200, epoch: 1 | loss: 0.0020484
	speed: 0.0065s/iter; time left: 84.5750s
	iters: 300, epoch: 1 | loss: 0.0073056
	speed: 0.0062s/iter; time left: 79.6822s
	iters: 400, epoch: 1 | loss: 0.0313028
	speed: 0.0062s/iter; time left: 80.0027s
	iters: 500, epoch: 1 | loss: 0.0089540
	speed: 0.0072s/iter; time left: 91.7553s
	iters: 600, epoch: 1 | loss: 0.0055687
	speed: 0.0069s/iter; time left: 87.4165s
	iters: 700, epoch: 1 | loss: 0.0106082
	speed: 0.0073s/iter; time left: 91.9447s
	iters: 800, epoch: 1 | loss: 0.0358014
	speed: 0.0068s/iter; time left: 84.7220s
	iters: 900, epoch: 1 | loss: 0.0017312
	speed: 0.0067s/iter; time left: 82.2757s
	iters: 1000, epoch: 1 | loss: 0.0062235
	speed: 0.0072s/iter; time left: 88.4614s
	iters: 1100, epoch: 1 | loss: 0.0044537
	speed: 0.0072s/iter; time left: 87.2486s
	iters: 1200, epoch: 1 | loss: 0.0277321
	speed: 0.0069s/iter; time left: 82.8474s
	iters: 1300, epoch: 1 | loss: 0.0207694
	speed: 0.0068s/iter; time left: 81.4746s
Epoch: 1 cost time: 9.9 seconds
Epoch: 1, Steps: 1321 | Train Loss: 0.0251828 Vali Loss: 0.5555316 Test Loss: 4.1327701
Validation loss decreased (inf --> 0.555532).  Saving model ...
Updating learning rate to 0.0005
	iters: 100, epoch: 2 | loss: 0.0339219
	speed: 0.0445s/iter; time left: 524.0916s
	iters: 200, epoch: 2 | loss: 0.0130435
	speed: 0.0072s/iter; time left: 83.6001s
	iters: 300, epoch: 2 | loss: 0.0225993
	speed: 0.0067s/iter; time left: 77.5069s
	iters: 400, epoch: 2 | loss: 0.0012211
	speed: 0.0066s/iter; time left: 75.8132s
	iters: 500, epoch: 2 | loss: 0.0025858
	speed: 0.0062s/iter; time left: 70.1014s
	iters: 600, epoch: 2 | loss: 0.1426171
	speed: 0.0069s/iter; time left: 77.8684s
	iters: 700, epoch: 2 | loss: 0.0495804
	speed: 0.0069s/iter; time left: 77.6128s
	iters: 800, epoch: 2 | loss: 0.0349893
	speed: 0.0074s/iter; time left: 81.9345s
	iters: 900, epoch: 2 | loss: 0.0142998
	speed: 0.0074s/iter; time left: 81.7122s
	iters: 1000, epoch: 2 | loss: 0.0007819
	speed: 0.0067s/iter; time left: 73.0244s
	iters: 1100, epoch: 2 | loss: 0.0027553
	speed: 0.0067s/iter; time left: 71.9147s
	iters: 1200, epoch: 2 | loss: 0.0182947
	speed: 0.0069s/iter; time left: 73.5129s
	iters: 1300, epoch: 2 | loss: 0.0296961
	speed: 0.0068s/iter; time left: 72.4869s
Epoch: 2 cost time: 9.4 seconds
Epoch: 2, Steps: 1321 | Train Loss: 0.0210127 Vali Loss: 0.5293534 Test Loss: 3.3837743
Validation loss decreased (0.555532 --> 0.529353).  Saving model ...
Updating learning rate to 0.00025
	iters: 100, epoch: 3 | loss: 0.0013448
	speed: 0.0436s/iter; time left: 456.8923s
	iters: 200, epoch: 3 | loss: 0.0013818
	speed: 0.0077s/iter; time left: 79.9358s
	iters: 300, epoch: 3 | loss: 0.0053186
	speed: 0.0078s/iter; time left: 79.7028s
	iters: 400, epoch: 3 | loss: 0.0102897
	speed: 0.0078s/iter; time left: 78.9379s
	iters: 500, epoch: 3 | loss: 0.0015129
	speed: 0.0076s/iter; time left: 76.6636s
	iters: 600, epoch: 3 | loss: 0.0051621
	speed: 0.0073s/iter; time left: 72.9528s
	iters: 700, epoch: 3 | loss: 0.0005779
	speed: 0.0072s/iter; time left: 70.7361s
	iters: 800, epoch: 3 | loss: 0.0024523
	speed: 0.0074s/iter; time left: 72.5453s
	iters: 900, epoch: 3 | loss: 0.0569201
	speed: 0.0072s/iter; time left: 69.9884s
	iters: 1000, epoch: 3 | loss: 0.0072660
	speed: 0.0074s/iter; time left: 70.6533s
	iters: 1100, epoch: 3 | loss: 0.0034751
	speed: 0.0079s/iter; time left: 75.2295s
	iters: 1200, epoch: 3 | loss: 0.0098064
	speed: 0.0071s/iter; time left: 66.9073s
	iters: 1300, epoch: 3 | loss: 0.0099969
	speed: 0.0065s/iter; time left: 60.5497s
Epoch: 3 cost time: 10.0 seconds
Epoch: 3, Steps: 1321 | Train Loss: 0.0161697 Vali Loss: 0.5530203 Test Loss: 2.5132868
EarlyStopping counter: 1 out of 3
Updating learning rate to 0.000125
	iters: 100, epoch: 4 | loss: 0.0311200
	speed: 0.0441s/iter; time left: 403.7097s
	iters: 200, epoch: 4 | loss: 0.0322080
	speed: 0.0073s/iter; time left: 66.2119s
	iters: 300, epoch: 4 | loss: 0.0009451
	speed: 0.0072s/iter; time left: 64.1166s
	iters: 400, epoch: 4 | loss: 0.0042447
	speed: 0.0074s/iter; time left: 65.6478s
	iters: 500, epoch: 4 | loss: 0.0028209
	speed: 0.0070s/iter; time left: 60.9823s
	iters: 600, epoch: 4 | loss: 0.0051011
	speed: 0.0074s/iter; time left: 63.9418s
	iters: 700, epoch: 4 | loss: 0.0935691
	speed: 0.0078s/iter; time left: 66.8908s
	iters: 800, epoch: 4 | loss: 0.0240562
	speed: 0.0072s/iter; time left: 60.8601s
	iters: 900, epoch: 4 | loss: 0.0866735
	speed: 0.0072s/iter; time left: 60.2332s
	iters: 1000, epoch: 4 | loss: 0.0046768
	speed: 0.0070s/iter; time left: 57.9869s
	iters: 1100, epoch: 4 | loss: 0.0085935
	speed: 0.0073s/iter; time left: 59.4373s
	iters: 1200, epoch: 4 | loss: 0.0012382
	speed: 0.0073s/iter; time left: 58.4086s
	iters: 1300, epoch: 4 | loss: 0.0017809
	speed: 0.0073s/iter; time left: 57.8992s
Epoch: 4 cost time: 10.0 seconds
Epoch: 4, Steps: 1321 | Train Loss: 0.0146187 Vali Loss: 0.5655754 Test Loss: 2.5288391
EarlyStopping counter: 2 out of 3
Updating learning rate to 6.25e-05
	iters: 100, epoch: 5 | loss: 0.0025551
	speed: 0.0439s/iter; time left: 343.5392s
	iters: 200, epoch: 5 | loss: 0.0017680
	speed: 0.0080s/iter; time left: 61.6360s
	iters: 300, epoch: 5 | loss: 0.0060810
	speed: 0.0074s/iter; time left: 56.5003s
	iters: 400, epoch: 5 | loss: 0.0246241
	speed: 0.0071s/iter; time left: 53.3834s
	iters: 500, epoch: 5 | loss: 0.0282946
	speed: 0.0071s/iter; time left: 52.8920s
	iters: 600, epoch: 5 | loss: 0.0064412
	speed: 0.0078s/iter; time left: 57.1710s
	iters: 700, epoch: 5 | loss: 0.0142677
	speed: 0.0071s/iter; time left: 51.2717s
	iters: 800, epoch: 5 | loss: 0.0081494
	speed: 0.0073s/iter; time left: 51.7969s
	iters: 900, epoch: 5 | loss: 0.0383803
	speed: 0.0076s/iter; time left: 53.3287s
	iters: 1000, epoch: 5 | loss: 0.0148260
	speed: 0.0072s/iter; time left: 50.0993s
	iters: 1100, epoch: 5 | loss: 0.0019363
	speed: 0.0074s/iter; time left: 50.3847s
	iters: 1200, epoch: 5 | loss: 0.0266359
	speed: 0.0073s/iter; time left: 48.9261s
	iters: 1300, epoch: 5 | loss: 0.0058559
	speed: 0.0072s/iter; time left: 48.0375s
Epoch: 5 cost time: 10.1 seconds
Epoch: 5, Steps: 1321 | Train Loss: 0.0136508 Vali Loss: 0.4960792 Test Loss: 2.3159041
Validation loss decreased (0.529353 --> 0.496079).  Saving model ...
Updating learning rate to 3.125e-05
	iters: 100, epoch: 6 | loss: 0.0175868
	speed: 0.0493s/iter; time left: 320.4847s
	iters: 200, epoch: 6 | loss: 0.0029696
	speed: 0.0098s/iter; time left: 62.6228s
	iters: 300, epoch: 6 | loss: 0.0008552
	speed: 0.0076s/iter; time left: 47.9464s
	iters: 400, epoch: 6 | loss: 0.0111430
	speed: 0.0080s/iter; time left: 49.9225s
	iters: 500, epoch: 6 | loss: 0.0294975
	speed: 0.0083s/iter; time left: 50.4174s
	iters: 600, epoch: 6 | loss: 0.0018903
	speed: 0.0080s/iter; time left: 47.8766s
	iters: 700, epoch: 6 | loss: 0.0073777
	speed: 0.0077s/iter; time left: 45.4696s
	iters: 800, epoch: 6 | loss: 0.0219477
	speed: 0.0072s/iter; time left: 41.9543s
	iters: 900, epoch: 6 | loss: 0.0215313
	speed: 0.0072s/iter; time left: 41.2358s
	iters: 1000, epoch: 6 | loss: 0.0025957
	speed: 0.0075s/iter; time left: 42.0023s
	iters: 1100, epoch: 6 | loss: 0.0007190
	speed: 0.0074s/iter; time left: 40.5460s
	iters: 1200, epoch: 6 | loss: 0.0111997
	speed: 0.0074s/iter; time left: 39.9134s
	iters: 1300, epoch: 6 | loss: 0.0038135
	speed: 0.0077s/iter; time left: 40.6390s
Epoch: 6 cost time: 10.7 seconds
Epoch: 6, Steps: 1321 | Train Loss: 0.0132786 Vali Loss: 0.4938501 Test Loss: 2.2074466
Validation loss decreased (0.496079 --> 0.493850).  Saving model ...
Updating learning rate to 1.5625e-05
	iters: 100, epoch: 7 | loss: 0.0004675
	speed: 0.0467s/iter; time left: 242.3073s
	iters: 200, epoch: 7 | loss: 0.0090917
	speed: 0.0075s/iter; time left: 38.0012s
	iters: 300, epoch: 7 | loss: 0.0310468
	speed: 0.0073s/iter; time left: 36.5348s
	iters: 400, epoch: 7 | loss: 0.0023398
	speed: 0.0073s/iter; time left: 35.7819s
	iters: 500, epoch: 7 | loss: 0.0029993
	speed: 0.0078s/iter; time left: 37.1189s
	iters: 600, epoch: 7 | loss: 0.0027813
	speed: 0.0080s/iter; time left: 37.5642s
	iters: 700, epoch: 7 | loss: 0.0212396
	speed: 0.0081s/iter; time left: 37.1347s
	iters: 800, epoch: 7 | loss: 0.0098325
	speed: 0.0076s/iter; time left: 34.1779s
	iters: 900, epoch: 7 | loss: 0.0458635
	speed: 0.0071s/iter; time left: 31.0161s
	iters: 1000, epoch: 7 | loss: 0.0137788
	speed: 0.0073s/iter; time left: 31.2582s
	iters: 1100, epoch: 7 | loss: 0.0127245
	speed: 0.0075s/iter; time left: 31.4816s
	iters: 1200, epoch: 7 | loss: 0.0103047
	speed: 0.0073s/iter; time left: 29.7561s
	iters: 1300, epoch: 7 | loss: 0.0032026
	speed: 0.0080s/iter; time left: 31.8100s
Epoch: 7 cost time: 10.3 seconds
Epoch: 7, Steps: 1321 | Train Loss: 0.0129926 Vali Loss: 0.4629980 Test Loss: 2.3842614
Validation loss decreased (0.493850 --> 0.462998).  Saving model ...
Updating learning rate to 7.8125e-06
	iters: 100, epoch: 8 | loss: 0.0056198
	speed: 0.0458s/iter; time left: 177.1174s
	iters: 200, epoch: 8 | loss: 0.0213012
	speed: 0.0071s/iter; time left: 26.8275s
	iters: 300, epoch: 8 | loss: 0.0076166
	speed: 0.0073s/iter; time left: 26.8669s
	iters: 400, epoch: 8 | loss: 0.0109132
	speed: 0.0074s/iter; time left: 26.2701s
	iters: 500, epoch: 8 | loss: 0.0048112
	speed: 0.0071s/iter; time left: 24.4722s
	iters: 600, epoch: 8 | loss: 0.0073668
	speed: 0.0069s/iter; time left: 23.2344s
	iters: 700, epoch: 8 | loss: 0.0199815
	speed: 0.0069s/iter; time left: 22.6772s
	iters: 800, epoch: 8 | loss: 0.0074601
	speed: 0.0072s/iter; time left: 22.6790s
	iters: 900, epoch: 8 | loss: 0.0010474
	speed: 0.0069s/iter; time left: 21.0760s
	iters: 1000, epoch: 8 | loss: 0.0116231
	speed: 0.0072s/iter; time left: 21.4731s
	iters: 1100, epoch: 8 | loss: 0.0031239
	speed: 0.0069s/iter; time left: 19.7902s
	iters: 1200, epoch: 8 | loss: 0.0433926
	speed: 0.0068s/iter; time left: 18.8784s
	iters: 1300, epoch: 8 | loss: 0.0379272
	speed: 0.0070s/iter; time left: 18.6753s
Epoch: 8 cost time: 9.6 seconds
Epoch: 8, Steps: 1321 | Train Loss: 0.0129440 Vali Loss: 0.5167077 Test Loss: 2.2382102
EarlyStopping counter: 1 out of 3
Updating learning rate to 3.90625e-06
	iters: 100, epoch: 9 | loss: 0.0083900
	speed: 0.0446s/iter; time left: 113.4094s
	iters: 200, epoch: 9 | loss: 0.0048913
	speed: 0.0077s/iter; time left: 18.7050s
	iters: 300, epoch: 9 | loss: 0.0022968
	speed: 0.0076s/iter; time left: 17.7685s
	iters: 400, epoch: 9 | loss: 0.0140721
	speed: 0.0079s/iter; time left: 17.7657s
	iters: 500, epoch: 9 | loss: 0.0006274
	speed: 0.0076s/iter; time left: 16.3316s
	iters: 600, epoch: 9 | loss: 0.0005894
	speed: 0.0079s/iter; time left: 16.1744s
	iters: 700, epoch: 9 | loss: 0.0224584
	speed: 0.0068s/iter; time left: 13.2700s
	iters: 800, epoch: 9 | loss: 0.0011149
	speed: 0.0072s/iter; time left: 13.2399s
	iters: 900, epoch: 9 | loss: 0.0107409
	speed: 0.0078s/iter; time left: 13.5674s
	iters: 1000, epoch: 9 | loss: 0.0002017
	speed: 0.0078s/iter; time left: 12.8444s
	iters: 1100, epoch: 9 | loss: 0.0096085
	speed: 0.0076s/iter; time left: 11.6838s
	iters: 1200, epoch: 9 | loss: 0.0001811
	speed: 0.0077s/iter; time left: 11.1212s
	iters: 1300, epoch: 9 | loss: 0.0069562
	speed: 0.0079s/iter; time left: 10.5523s
Epoch: 9 cost time: 10.3 seconds
Epoch: 9, Steps: 1321 | Train Loss: 0.0128331 Vali Loss: 0.4912100 Test Loss: 2.1863308
EarlyStopping counter: 2 out of 3
Updating learning rate to 1.953125e-06
	iters: 100, epoch: 10 | loss: 0.0147933
	speed: 0.0440s/iter; time left: 53.7828s
	iters: 200, epoch: 10 | loss: 0.0032100
	speed: 0.0072s/iter; time left: 8.1326s
	iters: 300, epoch: 10 | loss: 0.0158086
	speed: 0.0071s/iter; time left: 7.2348s
	iters: 400, epoch: 10 | loss: 0.0053336
	speed: 0.0071s/iter; time left: 6.5756s
	iters: 500, epoch: 10 | loss: 0.0024446
	speed: 0.0071s/iter; time left: 5.8534s
	iters: 600, epoch: 10 | loss: 0.0052904
	speed: 0.0070s/iter; time left: 5.0732s
	iters: 700, epoch: 10 | loss: 0.0062737
	speed: 0.0069s/iter; time left: 4.3208s
	iters: 800, epoch: 10 | loss: 0.0023272
	speed: 0.0071s/iter; time left: 3.7236s
	iters: 900, epoch: 10 | loss: 0.0352535
	speed: 0.0077s/iter; time left: 3.2597s
	iters: 1000, epoch: 10 | loss: 0.0323304
	speed: 0.0073s/iter; time left: 2.3492s
	iters: 1100, epoch: 10 | loss: 0.0012423
	speed: 0.0072s/iter; time left: 1.5947s
	iters: 1200, epoch: 10 | loss: 0.0025813
	speed: 0.0070s/iter; time left: 0.8553s
	iters: 1300, epoch: 10 | loss: 0.0040111
	speed: 0.0071s/iter; time left: 0.1554s
Epoch: 10 cost time: 9.8 seconds
Epoch: 10, Steps: 1321 | Train Loss: 0.0128018 Vali Loss: 0.5007596 Test Loss: 2.1950688
EarlyStopping counter: 3 out of 3
Early stopping
>>>>>>>testing : FITS_DLinear_GD_336_96_MS_channels_6_FITS_DLinear_MS_channels_6<<<<<<<<<<<<<<<<<<<<<<<<<<<<<<<<<
test 3049
FITS_DLinear_GD_336_96_MS_channels_6_FITS_DLinear_MS_channels_6
Shapes: pred (3048, 96, 1), true (3048, 96, 1), naive_pred (3048, 96, 1)
Shapes: gt (381, 432), pd (381, 432), naive_pd (381, 432)
Final Metrics:
FITS_DLinear MSE: 2.384262   MAE: 1.121205   SE: 4.210010   RRMSE: 0.100086   RMAE: 0.072674   (numpy)
FITS_DLinear MSE: 2.384261   MAE: 1.121205   SE: 4.210010   RRMSE: 0.100086   RMAE: 0.072674   (torch)

Repeat       MSE: 2.179713   MAE: 1.044575   SE: 4.422679   RRMSE: 0.095697   RMAE: 0.067707   (numpy)
Repeat       MSE: 2.179713   MAE: 1.044575   SE: 4.422679   RRMSE: 0.095697   RMAE: 0.067707   (torch)


Model(
  (decomposition): SeriesDecomp(
    (moving_avg): MovingAvg(
      (avg): AvgPool1d(kernel_size=(25,), stride=(1,), padding=(0,))
    )
  )
  (fits): FITS(
    (frequency_upsampler): Linear(in_features=168, out_features=216, bias=True)
  )
  (Linear_Seasonal): Linear(in_features=432, out_features=96, bias=True)
  (Linear_Trend): Linear(in_features=336, out_features=96, bias=True)
)
