Args in experiment:
Namespace(is_training=1, model_id='FITS_GD_336_720_MS_channels_6', model='FITS', data='custom', root_path='./dataset/', data_path='GD.csv', features='MS', target='Adj Close', freq='h', checkpoints='./checkpoints/', seq_len=336, label_len=48, pred_len=720, individual=False, embed_type=0, enc_in=6, dec_in=7, c_out=7, d_model=512, n_heads=8, e_layers=2, d_layers=1, d_ff=2048, moving_avg=25, factor=1, distil=True, dropout=0.05, embed='timeF', activation='gelu', output_attention=False, do_predict=False, num_workers=10, itr=1, train_epochs=10, batch_size=8, patience=3, learning_rate=0.0005, des='Exp', loss='mse', lradj='type1', use_amp=False, use_gpu=True, gpu=0, use_multi_gpu=False, devices='0,1,2,3', test_flop=False)
FITS_GD_336_720_MS_channels_6_FITS_MS_channels_6
Using GPU: NVIDIA GeForce RTX 4070 (cuda:0):
>>>>>>>start training : FITS_GD_336_720_MS_channels_6_FITS_MS_channels_6>>>>>>>>>>>>>>>>>>>>>>>>>>
train 9951
val 855
test 2425
	iters: 100, epoch: 1 | loss: 0.0054172
	speed: 0.0180s/iter; time left: 221.9074s
	iters: 200, epoch: 1 | loss: 0.0176814
	speed: 0.0048s/iter; time left: 58.9831s
	iters: 300, epoch: 1 | loss: 0.2432673
	speed: 0.0048s/iter; time left: 58.2838s
	iters: 400, epoch: 1 | loss: 0.1939892
	speed: 0.0052s/iter; time left: 62.6290s
	iters: 500, epoch: 1 | loss: 0.0136927
	speed: 0.0055s/iter; time left: 66.0670s
	iters: 600, epoch: 1 | loss: 0.1761273
	speed: 0.0050s/iter; time left: 59.1737s
	iters: 700, epoch: 1 | loss: 0.0734016
	speed: 0.0050s/iter; time left: 58.5905s
	iters: 800, epoch: 1 | loss: 0.0661836
	speed: 0.0053s/iter; time left: 61.3958s
	iters: 900, epoch: 1 | loss: 0.0598076
	speed: 0.0053s/iter; time left: 60.7893s
	iters: 1000, epoch: 1 | loss: 0.0399180
	speed: 0.0050s/iter; time left: 56.7730s
	iters: 1100, epoch: 1 | loss: 0.1146702
	speed: 0.0052s/iter; time left: 58.7545s
	iters: 1200, epoch: 1 | loss: 0.2478941
	speed: 0.0054s/iter; time left: 60.2979s
Epoch: 1 cost time: 7.3 seconds
Epoch: 1, Steps: 1243 | Train Loss: 0.0954969 Vali Loss: 2.3847120 Test Loss: 24.3510475
Validation loss decreased (inf --> 2.384712).  Saving model ...
Updating learning rate to 0.0005
	iters: 100, epoch: 2 | loss: 0.0670931
	speed: 0.0353s/iter; time left: 391.8068s
	iters: 200, epoch: 2 | loss: 0.1242831
	speed: 0.0058s/iter; time left: 63.9056s
	iters: 300, epoch: 2 | loss: 0.1285574
	speed: 0.0058s/iter; time left: 62.7978s
	iters: 400, epoch: 2 | loss: 0.0134113
	speed: 0.0059s/iter; time left: 63.4598s
	iters: 500, epoch: 2 | loss: 0.0862039
	speed: 0.0059s/iter; time left: 62.6743s
	iters: 600, epoch: 2 | loss: 0.0884475
	speed: 0.0057s/iter; time left: 60.8068s
	iters: 700, epoch: 2 | loss: 0.0685154
	speed: 0.0059s/iter; time left: 62.3915s
	iters: 800, epoch: 2 | loss: 0.0547202
	speed: 0.0057s/iter; time left: 59.1569s
	iters: 900, epoch: 2 | loss: 0.1215515
	speed: 0.0057s/iter; time left: 59.0668s
	iters: 1000, epoch: 2 | loss: 0.0853403
	speed: 0.0057s/iter; time left: 58.5708s
	iters: 1100, epoch: 2 | loss: 0.0179357
	speed: 0.0060s/iter; time left: 60.5163s
	iters: 1200, epoch: 2 | loss: 0.1646066
	speed: 0.0060s/iter; time left: 59.4940s
Epoch: 2 cost time: 7.5 seconds
Epoch: 2, Steps: 1243 | Train Loss: 0.0773884 Vali Loss: 2.4953651 Test Loss: 24.0805779
EarlyStopping counter: 1 out of 3
Updating learning rate to 0.00025
	iters: 100, epoch: 3 | loss: 0.2199334
	speed: 0.0368s/iter; time left: 362.1975s
	iters: 200, epoch: 3 | loss: 0.0733817
	speed: 0.0059s/iter; time left: 57.0975s
	iters: 300, epoch: 3 | loss: 0.3133785
	speed: 0.0059s/iter; time left: 56.4977s
	iters: 400, epoch: 3 | loss: 0.0489488
	speed: 0.0056s/iter; time left: 53.6908s
	iters: 500, epoch: 3 | loss: 0.0467534
	speed: 0.0060s/iter; time left: 56.3103s
	iters: 600, epoch: 3 | loss: 0.0014677
	speed: 0.0057s/iter; time left: 53.6640s
	iters: 700, epoch: 3 | loss: 0.0339133
	speed: 0.0060s/iter; time left: 55.3806s
	iters: 800, epoch: 3 | loss: 0.0343264
	speed: 0.0057s/iter; time left: 52.5612s
	iters: 900, epoch: 3 | loss: 0.0904504
	speed: 0.0060s/iter; time left: 53.9876s
	iters: 1000, epoch: 3 | loss: 0.0033979
	speed: 0.0060s/iter; time left: 53.6135s
	iters: 1100, epoch: 3 | loss: 0.1137995
	speed: 0.0056s/iter; time left: 49.6100s
	iters: 1200, epoch: 3 | loss: 0.0757060
	speed: 0.0060s/iter; time left: 52.7721s
Epoch: 3 cost time: 7.6 seconds
Epoch: 3, Steps: 1243 | Train Loss: 0.0735946 Vali Loss: 2.5359762 Test Loss: 24.0595303
EarlyStopping counter: 2 out of 3
Updating learning rate to 0.000125
	iters: 100, epoch: 4 | loss: 0.0487915
	speed: 0.0367s/iter; time left: 315.6398s
	iters: 200, epoch: 4 | loss: 0.0063860
	speed: 0.0059s/iter; time left: 49.9593s
	iters: 300, epoch: 4 | loss: 0.1054455
	speed: 0.0058s/iter; time left: 48.6710s
	iters: 400, epoch: 4 | loss: 0.0261493
	speed: 0.0058s/iter; time left: 48.1521s
	iters: 500, epoch: 4 | loss: 0.0262132
	speed: 0.0058s/iter; time left: 47.5401s
	iters: 600, epoch: 4 | loss: 0.1996574
	speed: 0.0061s/iter; time left: 49.4694s
	iters: 700, epoch: 4 | loss: 0.0390866
	speed: 0.0058s/iter; time left: 46.2704s
	iters: 800, epoch: 4 | loss: 0.0897908
	speed: 0.0057s/iter; time left: 45.3569s
	iters: 900, epoch: 4 | loss: 0.2316081
	speed: 0.0059s/iter; time left: 46.1321s
	iters: 1000, epoch: 4 | loss: 0.0172729
	speed: 0.0063s/iter; time left: 48.3346s
	iters: 1100, epoch: 4 | loss: 0.0555703
	speed: 0.0061s/iter; time left: 46.0382s
	iters: 1200, epoch: 4 | loss: 0.0045093
	speed: 0.0059s/iter; time left: 44.5360s
Epoch: 4 cost time: 7.6 seconds
Epoch: 4, Steps: 1243 | Train Loss: 0.0725430 Vali Loss: 2.5463626 Test Loss: 24.0647621
EarlyStopping counter: 3 out of 3
Early stopping
>>>>>>>testing : FITS_GD_336_720_MS_channels_6_FITS_MS_channels_6<<<<<<<<<<<<<<<<<<<<<<<<<<<<<<<<<
test 2425
FITS_GD_336_720_MS_channels_6_FITS_MS_channels_6
Shapes: pred (2424, 720, 1), true (2424, 720, 1), naive_pred (2424, 720, 1)
Shapes: gt (303, 1056), pd (303, 1056), naive_pd (303, 1056)
Final Metrics:
FITS_10         MSE: 24.351044  MAE: 4.081225   SE: 48.666290  RRMSE: 0.319531   RMAE: 0.264268   (numpy)
FITS_10         MSE: 24.351046  MAE: 4.081224   SE: 48.666286  RRMSE: 0.319531   RMAE: 0.264268   (torch)

Repeat       MSE: 20.162743  MAE: 3.575489   SE: 46.713753  RRMSE: 0.290756   RMAE: 0.231521   (numpy)
Repeat       MSE: 20.162741  MAE: 3.575489   SE: 46.713760  RRMSE: 0.290756   RMAE: 0.231521   (torch)

