Args in experiment:
Namespace(is_training=1, model_id='FITS_MRO_336_720_MS_channels_6', model='FITS', data='custom', root_path='./dataset/', data_path='MRO.csv', features='MS', target='Adj Close', freq='h', checkpoints='./checkpoints/', seq_len=336, label_len=48, pred_len=720, individual=False, embed_type=0, enc_in=6, dec_in=7, c_out=7, d_model=512, n_heads=8, e_layers=2, d_layers=1, d_ff=2048, moving_avg=25, factor=1, distil=True, dropout=0.05, embed='timeF', activation='gelu', output_attention=False, do_predict=False, num_workers=10, itr=1, train_epochs=10, batch_size=8, patience=3, learning_rate=0.0005, des='Exp', loss='mse', lradj='type1', use_amp=False, use_gpu=True, gpu=0, use_multi_gpu=False, devices='0,1,2,3', test_flop=False)
FITS_MRO_336_720_MS_channels_6_FITS_MS_channels_6
Using GPU: NVIDIA GeForce RTX 4070 (cuda:0):
>>>>>>>start training : FITS_MRO_336_720_MS_channels_6_FITS_MS_channels_6>>>>>>>>>>>>>>>>>>>>>>>>>>
train 9951
val 855
test 2425
	iters: 100, epoch: 1 | loss: 0.0782222
	speed: 0.0177s/iter; time left: 217.7984s
	iters: 200, epoch: 1 | loss: 0.0874140
	speed: 0.0046s/iter; time left: 55.8987s
	iters: 300, epoch: 1 | loss: 0.1567032
	speed: 0.0048s/iter; time left: 58.2252s
	iters: 400, epoch: 1 | loss: 0.1214207
	speed: 0.0047s/iter; time left: 56.2740s
	iters: 500, epoch: 1 | loss: 0.0465345
	speed: 0.0045s/iter; time left: 53.3824s
	iters: 600, epoch: 1 | loss: 0.1040877
	speed: 0.0048s/iter; time left: 56.8789s
	iters: 700, epoch: 1 | loss: 0.1175085
	speed: 0.0048s/iter; time left: 56.7452s
	iters: 800, epoch: 1 | loss: 0.2119916
	speed: 0.0048s/iter; time left: 55.4626s
	iters: 900, epoch: 1 | loss: 0.2335659
	speed: 0.0047s/iter; time left: 54.1254s
	iters: 1000, epoch: 1 | loss: 0.0951584
	speed: 0.0049s/iter; time left: 56.4860s
	iters: 1100, epoch: 1 | loss: 0.3282803
	speed: 0.0049s/iter; time left: 56.0139s
	iters: 1200, epoch: 1 | loss: 0.3741915
	speed: 0.0056s/iter; time left: 62.9734s
Epoch: 1 cost time: 6.9 seconds
Epoch: 1, Steps: 1243 | Train Loss: 0.1713475 Vali Loss: 13.4326677 Test Loss: 23.5095940
Validation loss decreased (inf --> 13.432668).  Saving model ...
Updating learning rate to 0.0005
	iters: 100, epoch: 2 | loss: 0.1807829
	speed: 0.0371s/iter; time left: 411.0619s
	iters: 200, epoch: 2 | loss: 0.1015468
	speed: 0.0059s/iter; time left: 64.8525s
	iters: 300, epoch: 2 | loss: 0.0265448
	speed: 0.0060s/iter; time left: 64.9304s
	iters: 400, epoch: 2 | loss: 0.0729463
	speed: 0.0062s/iter; time left: 66.4792s
	iters: 500, epoch: 2 | loss: 0.0927563
	speed: 0.0058s/iter; time left: 62.2737s
	iters: 600, epoch: 2 | loss: 0.1827223
	speed: 0.0060s/iter; time left: 63.2074s
	iters: 700, epoch: 2 | loss: 0.1964709
	speed: 0.0057s/iter; time left: 60.1797s
	iters: 800, epoch: 2 | loss: 0.1668303
	speed: 0.0062s/iter; time left: 64.6360s
	iters: 900, epoch: 2 | loss: 0.1734623
	speed: 0.0060s/iter; time left: 61.2808s
	iters: 1000, epoch: 2 | loss: 0.1057672
	speed: 0.0057s/iter; time left: 58.1493s
	iters: 1100, epoch: 2 | loss: 0.0517231
	speed: 0.0057s/iter; time left: 57.2296s
	iters: 1200, epoch: 2 | loss: 0.3420644
	speed: 0.0057s/iter; time left: 56.7371s
Epoch: 2 cost time: 7.6 seconds
Epoch: 2, Steps: 1243 | Train Loss: 0.1551896 Vali Loss: 12.8086395 Test Loss: 23.0366192
Validation loss decreased (13.432668 --> 12.808640).  Saving model ...
Updating learning rate to 0.00025
	iters: 100, epoch: 3 | loss: 0.2092659
	speed: 0.0360s/iter; time left: 354.7027s
	iters: 200, epoch: 3 | loss: 0.2016575
	speed: 0.0059s/iter; time left: 57.5736s
	iters: 300, epoch: 3 | loss: 0.2125457
	speed: 0.0060s/iter; time left: 57.5613s
	iters: 400, epoch: 3 | loss: 0.0822056
	speed: 0.0058s/iter; time left: 54.9263s
	iters: 500, epoch: 3 | loss: 0.2125464
	speed: 0.0060s/iter; time left: 56.5158s
	iters: 600, epoch: 3 | loss: 0.0579542
	speed: 0.0060s/iter; time left: 56.1363s
	iters: 700, epoch: 3 | loss: 0.1905543
	speed: 0.0059s/iter; time left: 54.6542s
	iters: 800, epoch: 3 | loss: 0.1834450
	speed: 0.0059s/iter; time left: 53.5956s
	iters: 900, epoch: 3 | loss: 0.1870499
	speed: 0.0059s/iter; time left: 53.3938s
	iters: 1000, epoch: 3 | loss: 0.0656531
	speed: 0.0061s/iter; time left: 54.1213s
	iters: 1100, epoch: 3 | loss: 0.4236710
	speed: 0.0058s/iter; time left: 51.0025s
	iters: 1200, epoch: 3 | loss: 0.2042097
	speed: 0.0060s/iter; time left: 52.2624s
Epoch: 3 cost time: 7.6 seconds
Epoch: 3, Steps: 1243 | Train Loss: 0.1531678 Vali Loss: 12.7152481 Test Loss: 22.9419098
Validation loss decreased (12.808640 --> 12.715248).  Saving model ...
Updating learning rate to 0.000125
	iters: 100, epoch: 4 | loss: 0.2254678
	speed: 0.0366s/iter; time left: 314.5807s
	iters: 200, epoch: 4 | loss: 0.0395293
	speed: 0.0058s/iter; time left: 49.5337s
	iters: 300, epoch: 4 | loss: 0.1926450
	speed: 0.0058s/iter; time left: 48.9409s
	iters: 400, epoch: 4 | loss: 0.0734070
	speed: 0.0056s/iter; time left: 46.4085s
	iters: 500, epoch: 4 | loss: 0.1586572
	speed: 0.0055s/iter; time left: 45.2720s
	iters: 600, epoch: 4 | loss: 0.0515753
	speed: 0.0058s/iter; time left: 47.2786s
	iters: 700, epoch: 4 | loss: 0.0781537
	speed: 0.0057s/iter; time left: 45.6788s
	iters: 800, epoch: 4 | loss: 0.1260953
	speed: 0.0057s/iter; time left: 44.8641s
	iters: 900, epoch: 4 | loss: 0.2763005
	speed: 0.0059s/iter; time left: 45.6441s
	iters: 1000, epoch: 4 | loss: 0.2296028
	speed: 0.0060s/iter; time left: 46.0354s
	iters: 1100, epoch: 4 | loss: 0.4553403
	speed: 0.0056s/iter; time left: 42.4263s
	iters: 1200, epoch: 4 | loss: 0.0551185
	speed: 0.0058s/iter; time left: 43.8435s
Epoch: 4 cost time: 7.4 seconds
Epoch: 4, Steps: 1243 | Train Loss: 0.1524560 Vali Loss: 12.6578159 Test Loss: 22.8970814
Validation loss decreased (12.715248 --> 12.657816).  Saving model ...
Updating learning rate to 6.25e-05
	iters: 100, epoch: 5 | loss: 0.1158301
	speed: 0.0379s/iter; time left: 279.2551s
	iters: 200, epoch: 5 | loss: 0.0709089
	speed: 0.0059s/iter; time left: 42.9926s
	iters: 300, epoch: 5 | loss: 0.2026384
	speed: 0.0059s/iter; time left: 41.9556s
	iters: 400, epoch: 5 | loss: 0.2140330
	speed: 0.0060s/iter; time left: 42.1305s
	iters: 500, epoch: 5 | loss: 0.1537631
	speed: 0.0074s/iter; time left: 51.4853s
	iters: 600, epoch: 5 | loss: 0.0657461
	speed: 0.0060s/iter; time left: 41.2380s
	iters: 700, epoch: 5 | loss: 0.0832716
	speed: 0.0058s/iter; time left: 39.2719s
	iters: 800, epoch: 5 | loss: 0.0551006
	speed: 0.0055s/iter; time left: 36.6913s
	iters: 900, epoch: 5 | loss: 0.0670696
	speed: 0.0061s/iter; time left: 39.7747s
	iters: 1000, epoch: 5 | loss: 0.2920411
	speed: 0.0058s/iter; time left: 37.7505s
	iters: 1100, epoch: 5 | loss: 0.2195799
	speed: 0.0058s/iter; time left: 37.0670s
	iters: 1200, epoch: 5 | loss: 0.1421270
	speed: 0.0058s/iter; time left: 36.3730s
Epoch: 5 cost time: 7.9 seconds
Epoch: 5, Steps: 1243 | Train Loss: 0.1522649 Vali Loss: 12.6307392 Test Loss: 22.8674297
Validation loss decreased (12.657816 --> 12.630739).  Saving model ...
Updating learning rate to 3.125e-05
	iters: 100, epoch: 6 | loss: 0.0775256
	speed: 0.0380s/iter; time left: 232.1494s
	iters: 200, epoch: 6 | loss: 0.0824382
	speed: 0.0060s/iter; time left: 35.8027s
	iters: 300, epoch: 6 | loss: 0.2639129
	speed: 0.0058s/iter; time left: 34.4542s
	iters: 400, epoch: 6 | loss: 0.1761789
	speed: 0.0058s/iter; time left: 33.7517s
	iters: 500, epoch: 6 | loss: 0.2029691
	speed: 0.0059s/iter; time left: 33.6456s
	iters: 600, epoch: 6 | loss: 0.1311780
	speed: 0.0060s/iter; time left: 33.5720s
	iters: 700, epoch: 6 | loss: 0.1214356
	speed: 0.0056s/iter; time left: 30.6837s
	iters: 800, epoch: 6 | loss: 0.0753127
	speed: 0.0059s/iter; time left: 31.6990s
	iters: 900, epoch: 6 | loss: 0.1329488
	speed: 0.0061s/iter; time left: 32.3648s
	iters: 1000, epoch: 6 | loss: 0.0893543
	speed: 0.0060s/iter; time left: 31.4444s
	iters: 1100, epoch: 6 | loss: 0.0607122
	speed: 0.0057s/iter; time left: 29.0470s
	iters: 1200, epoch: 6 | loss: 0.1803686
	speed: 0.0058s/iter; time left: 29.1225s
Epoch: 6 cost time: 7.6 seconds
Epoch: 6, Steps: 1243 | Train Loss: 0.1517599 Vali Loss: 12.6182308 Test Loss: 22.8576756
Validation loss decreased (12.630739 --> 12.618231).  Saving model ...
Updating learning rate to 1.5625e-05
	iters: 100, epoch: 7 | loss: 0.0597640
	speed: 0.0367s/iter; time left: 178.8820s
	iters: 200, epoch: 7 | loss: 0.3114550
	speed: 0.0058s/iter; time left: 27.5868s
	iters: 300, epoch: 7 | loss: 0.0609983
	speed: 0.0061s/iter; time left: 28.3864s
	iters: 400, epoch: 7 | loss: 0.1000231
	speed: 0.0057s/iter; time left: 26.1160s
	iters: 500, epoch: 7 | loss: 0.0961407
	speed: 0.0061s/iter; time left: 27.4704s
	iters: 600, epoch: 7 | loss: 0.0525150
	speed: 0.0061s/iter; time left: 26.5218s
	iters: 700, epoch: 7 | loss: 0.0901681
	speed: 0.0062s/iter; time left: 26.5587s
	iters: 800, epoch: 7 | loss: 0.1372366
	speed: 0.0057s/iter; time left: 23.6746s
	iters: 900, epoch: 7 | loss: 0.0500552
	speed: 0.0058s/iter; time left: 23.5579s
	iters: 1000, epoch: 7 | loss: 0.0372357
	speed: 0.0057s/iter; time left: 22.5259s
	iters: 1100, epoch: 7 | loss: 0.3406979
	speed: 0.0060s/iter; time left: 23.1349s
	iters: 1200, epoch: 7 | loss: 0.3320196
	speed: 0.0057s/iter; time left: 21.5969s
Epoch: 7 cost time: 7.6 seconds
Epoch: 7, Steps: 1243 | Train Loss: 0.1521013 Vali Loss: 12.6066408 Test Loss: 22.8515129
Validation loss decreased (12.618231 --> 12.606641).  Saving model ...
Updating learning rate to 7.8125e-06
	iters: 100, epoch: 8 | loss: 0.0730940
	speed: 0.0480s/iter; time left: 174.1381s
	iters: 200, epoch: 8 | loss: 0.1993549
	speed: 0.0067s/iter; time left: 23.7978s
	iters: 300, epoch: 8 | loss: 0.1756816
	speed: 0.0069s/iter; time left: 23.5964s
	iters: 400, epoch: 8 | loss: 0.2044687
	speed: 0.0069s/iter; time left: 23.0887s
	iters: 500, epoch: 8 | loss: 0.2002933
	speed: 0.0250s/iter; time left: 80.6294s
	iters: 600, epoch: 8 | loss: 0.1107505
	speed: 0.0080s/iter; time left: 24.9368s
	iters: 700, epoch: 8 | loss: 0.0877993
	speed: 0.0079s/iter; time left: 24.0048s
	iters: 800, epoch: 8 | loss: 0.1363448
	speed: 0.0078s/iter; time left: 22.9454s
	iters: 900, epoch: 8 | loss: 0.1819551
	speed: 0.0066s/iter; time left: 18.7592s
	iters: 1000, epoch: 8 | loss: 0.0765770
	speed: 0.0075s/iter; time left: 20.5496s
	iters: 1100, epoch: 8 | loss: 0.1639916
	speed: 0.0073s/iter; time left: 19.2387s
	iters: 1200, epoch: 8 | loss: 0.1542893
	speed: 0.0075s/iter; time left: 18.9261s
Epoch: 8 cost time: 11.2 seconds
Epoch: 8, Steps: 1243 | Train Loss: 0.1520723 Vali Loss: 12.6131868 Test Loss: 22.8485775
EarlyStopping counter: 1 out of 3
Updating learning rate to 3.90625e-06
	iters: 100, epoch: 9 | loss: 0.0769296
	speed: 0.0446s/iter; time left: 106.4491s
	iters: 200, epoch: 9 | loss: 0.3536473
	speed: 0.0056s/iter; time left: 12.8594s
	iters: 300, epoch: 9 | loss: 0.0778032
	speed: 0.0063s/iter; time left: 13.6852s
	iters: 400, epoch: 9 | loss: 0.4245898
	speed: 0.0061s/iter; time left: 12.8303s
	iters: 500, epoch: 9 | loss: 0.1972818
	speed: 0.0063s/iter; time left: 12.4644s
	iters: 600, epoch: 9 | loss: 0.1188179
	speed: 0.0062s/iter; time left: 11.7385s
	iters: 700, epoch: 9 | loss: 0.1462346
	speed: 0.0064s/iter; time left: 11.4823s
	iters: 800, epoch: 9 | loss: 0.0890261
	speed: 0.0059s/iter; time left: 9.9342s
	iters: 900, epoch: 9 | loss: 0.1111725
	speed: 0.0063s/iter; time left: 9.9329s
	iters: 1000, epoch: 9 | loss: 0.1066745
	speed: 0.0066s/iter; time left: 9.7988s
	iters: 1100, epoch: 9 | loss: 0.3777481
	speed: 0.0063s/iter; time left: 8.7223s
	iters: 1200, epoch: 9 | loss: 0.0444069
	speed: 0.0075s/iter; time left: 9.6603s
Epoch: 9 cost time: 8.1 seconds
Epoch: 9, Steps: 1243 | Train Loss: 0.1520081 Vali Loss: 12.6220703 Test Loss: 22.8470802
EarlyStopping counter: 2 out of 3
Updating learning rate to 1.953125e-06
	iters: 100, epoch: 10 | loss: 0.1321317
	speed: 0.0380s/iter; time left: 43.4937s
	iters: 200, epoch: 10 | loss: 0.2310347
	speed: 0.0063s/iter; time left: 6.5530s
	iters: 300, epoch: 10 | loss: 0.0845351
	speed: 0.0060s/iter; time left: 5.6410s
	iters: 400, epoch: 10 | loss: 0.0991100
	speed: 0.0071s/iter; time left: 5.9941s
	iters: 500, epoch: 10 | loss: 0.0483363
	speed: 0.0065s/iter; time left: 4.8293s
	iters: 600, epoch: 10 | loss: 0.2121689
	speed: 0.0060s/iter; time left: 3.8653s
	iters: 700, epoch: 10 | loss: 0.3753557
	speed: 0.0066s/iter; time left: 3.6040s
	iters: 800, epoch: 10 | loss: 0.0970115
	speed: 0.0083s/iter; time left: 3.6947s
	iters: 900, epoch: 10 | loss: 0.0550772
	speed: 0.0065s/iter; time left: 2.2361s
	iters: 1000, epoch: 10 | loss: 0.0668333
	speed: 0.0064s/iter; time left: 1.5678s
	iters: 1100, epoch: 10 | loss: 0.1017196
	speed: 0.0061s/iter; time left: 0.8766s
	iters: 1200, epoch: 10 | loss: 0.1488380
	speed: 0.0069s/iter; time left: 0.3040s
Epoch: 10 cost time: 8.5 seconds
Epoch: 10, Steps: 1243 | Train Loss: 0.1520270 Vali Loss: 12.6203890 Test Loss: 22.8463860
EarlyStopping counter: 3 out of 3
Early stopping
>>>>>>>testing : FITS_MRO_336_720_MS_channels_6_FITS_MS_channels_6<<<<<<<<<<<<<<<<<<<<<<<<<<<<<<<<<
test 2425
FITS_MRO_336_720_MS_channels_6_FITS_MS_channels_6
Shapes: pred (2424, 720, 1), true (2424, 720, 1), naive_pred (2424, 720, 1)
Shapes: gt (303, 1056), pd (303, 1056), naive_pd (303, 1056)
Final Metrics:
FITS_10         MSE: 22.851517  MAE: 3.736665   SE: 33.522850  RRMSE: 0.634597   RMAE: 0.496049   (numpy)
FITS_10         MSE: 22.851513  MAE: 3.736665   SE: 33.522850  RRMSE: 0.634597   RMAE: 0.496049   (torch)

Repeat       MSE: 23.184877  MAE: 3.680038   SE: 39.829136  RRMSE: 0.639209   RMAE: 0.488532   (numpy)
Repeat       MSE: 23.184883  MAE: 3.680040   SE: 39.829136  RRMSE: 0.639209   RMAE: 0.488532   (torch)

