Args in experiment:
Namespace(is_training=1, model_id='FITS_DLinear_MRO_336_192_MS_channels_6', model='FITS_DLinear', data='custom', root_path='./dataset/', data_path='MRO.csv', features='MS', target='Adj Close', freq='h', checkpoints='./checkpoints/', seq_len=336, label_len=48, pred_len=192, individual=False, embed_type=0, enc_in=6, dec_in=7, c_out=7, d_model=512, n_heads=8, e_layers=2, d_layers=1, d_ff=2048, moving_avg=25, factor=1, distil=True, dropout=0.05, embed='timeF', activation='gelu', output_attention=False, do_predict=False, num_workers=10, itr=1, train_epochs=10, batch_size=8, patience=3, learning_rate=0.0005, des='Exp', loss='mse', lradj='type1', use_amp=False, use_gpu=True, gpu=0, use_multi_gpu=False, devices='0,1,2,3', test_flop=False)
FITS_DLinear_MRO_336_192_MS_channels_6_FITS_DLinear_MS_channels_6
Using GPU: NVIDIA GeForce RTX 4070 (cuda:0):
FITS cutoff frequency: 168
>>>>>>>start training : FITS_DLinear_MRO_336_192_MS_channels_6_FITS_DLinear_MS_channels_6>>>>>>>>>>>>>>>>>>>>>>>>>>
train 10479
val 1383
test 2953
	iters: 100, epoch: 1 | loss: 0.0235342
	speed: 0.0198s/iter; time left: 257.0083s
	iters: 200, epoch: 1 | loss: 0.0317823
	speed: 0.0068s/iter; time left: 87.4572s
	iters: 300, epoch: 1 | loss: 0.0584693
	speed: 0.0071s/iter; time left: 90.6544s
	iters: 400, epoch: 1 | loss: 0.0790180
	speed: 0.0069s/iter; time left: 87.8171s
	iters: 500, epoch: 1 | loss: 0.0747859
	speed: 0.0071s/iter; time left: 89.7369s
	iters: 600, epoch: 1 | loss: 0.1306735
	speed: 0.0071s/iter; time left: 88.1255s
	iters: 700, epoch: 1 | loss: 0.0091016
	speed: 0.0069s/iter; time left: 86.0112s
	iters: 800, epoch: 1 | loss: 0.0652632
	speed: 0.0070s/iter; time left: 85.4525s
	iters: 900, epoch: 1 | loss: 0.0389539
	speed: 0.0072s/iter; time left: 87.8389s
	iters: 1000, epoch: 1 | loss: 0.0386163
	speed: 0.0063s/iter; time left: 76.0401s
	iters: 1100, epoch: 1 | loss: 0.0729467
	speed: 0.0074s/iter; time left: 88.2340s
	iters: 1200, epoch: 1 | loss: 0.0597382
	speed: 0.0086s/iter; time left: 102.3494s
	iters: 1300, epoch: 1 | loss: 0.0242603
	speed: 0.0073s/iter; time left: 86.1478s
Epoch: 1 cost time: 10.2 seconds
Epoch: 1, Steps: 1309 | Train Loss: 0.0685183 Vali Loss: 4.6421628 Test Loss: 5.7349129
Validation loss decreased (inf --> 4.642163).  Saving model ...
Updating learning rate to 0.0005
	iters: 100, epoch: 2 | loss: 0.0599166
	speed: 0.0434s/iter; time left: 506.8367s
	iters: 200, epoch: 2 | loss: 0.0245269
	speed: 0.0079s/iter; time left: 92.0296s
	iters: 300, epoch: 2 | loss: 0.0348015
	speed: 0.0079s/iter; time left: 90.9898s
	iters: 400, epoch: 2 | loss: 0.0612628
	speed: 0.0079s/iter; time left: 90.1752s
	iters: 500, epoch: 2 | loss: 0.0539931
	speed: 0.0072s/iter; time left: 80.9740s
	iters: 600, epoch: 2 | loss: 0.0701540
	speed: 0.0076s/iter; time left: 84.6837s
	iters: 700, epoch: 2 | loss: 0.0261861
	speed: 0.0074s/iter; time left: 81.9647s
	iters: 800, epoch: 2 | loss: 0.1073153
	speed: 0.0081s/iter; time left: 88.4928s
	iters: 900, epoch: 2 | loss: 0.0278241
	speed: 0.0081s/iter; time left: 88.4290s
	iters: 1000, epoch: 2 | loss: 0.0199101
	speed: 0.0077s/iter; time left: 83.1186s
	iters: 1100, epoch: 2 | loss: 0.0536117
	speed: 0.0083s/iter; time left: 89.0015s
	iters: 1200, epoch: 2 | loss: 0.0819768
	speed: 0.0083s/iter; time left: 87.7457s
	iters: 1300, epoch: 2 | loss: 0.0944971
	speed: 0.0074s/iter; time left: 77.2089s
Epoch: 2 cost time: 10.6 seconds
Epoch: 2, Steps: 1309 | Train Loss: 0.0636282 Vali Loss: 7.2838659 Test Loss: 10.8372431
EarlyStopping counter: 1 out of 3
Updating learning rate to 0.00025
	iters: 100, epoch: 3 | loss: 0.0286389
	speed: 0.0412s/iter; time left: 427.1459s
	iters: 200, epoch: 3 | loss: 0.1114246
	speed: 0.0074s/iter; time left: 76.0584s
	iters: 300, epoch: 3 | loss: 0.0248949
	speed: 0.0076s/iter; time left: 77.0239s
	iters: 400, epoch: 3 | loss: 0.0606903
	speed: 0.0073s/iter; time left: 73.0312s
	iters: 500, epoch: 3 | loss: 0.0498214
	speed: 0.0073s/iter; time left: 73.1290s
	iters: 600, epoch: 3 | loss: 0.1087683
	speed: 0.0077s/iter; time left: 75.9380s
	iters: 700, epoch: 3 | loss: 0.0444210
	speed: 0.0078s/iter; time left: 75.9988s
	iters: 800, epoch: 3 | loss: 0.0546211
	speed: 0.0078s/iter; time left: 75.3646s
	iters: 900, epoch: 3 | loss: 0.1033818
	speed: 0.0070s/iter; time left: 67.0828s
	iters: 1000, epoch: 3 | loss: 0.0665145
	speed: 0.0070s/iter; time left: 66.5081s
	iters: 1100, epoch: 3 | loss: 0.0494254
	speed: 0.0071s/iter; time left: 66.7328s
	iters: 1200, epoch: 3 | loss: 0.0458084
	speed: 0.0087s/iter; time left: 81.0949s
	iters: 1300, epoch: 3 | loss: 0.0549918
	speed: 0.0082s/iter; time left: 74.9589s
Epoch: 3 cost time: 10.1 seconds
Epoch: 3, Steps: 1309 | Train Loss: 0.0581656 Vali Loss: 5.2113252 Test Loss: 7.1932292
EarlyStopping counter: 2 out of 3
Updating learning rate to 0.000125
	iters: 100, epoch: 4 | loss: 0.0293597
	speed: 0.0415s/iter; time left: 376.5287s
	iters: 200, epoch: 4 | loss: 0.0264314
	speed: 0.0070s/iter; time left: 62.5452s
	iters: 300, epoch: 4 | loss: 0.0103136
	speed: 0.0068s/iter; time left: 60.6307s
	iters: 400, epoch: 4 | loss: 0.0203423
	speed: 0.0070s/iter; time left: 61.1426s
	iters: 500, epoch: 4 | loss: 0.0767747
	speed: 0.0072s/iter; time left: 61.9871s
	iters: 600, epoch: 4 | loss: 0.0367869
	speed: 0.0072s/iter; time left: 61.7432s
	iters: 700, epoch: 4 | loss: 0.0804022
	speed: 0.0067s/iter; time left: 57.0096s
	iters: 800, epoch: 4 | loss: 0.0378993
	speed: 0.0072s/iter; time left: 59.8116s
	iters: 900, epoch: 4 | loss: 0.0225697
	speed: 0.0070s/iter; time left: 57.7402s
	iters: 1000, epoch: 4 | loss: 0.0570260
	speed: 0.0074s/iter; time left: 60.0253s
	iters: 1100, epoch: 4 | loss: 0.0739921
	speed: 0.0077s/iter; time left: 62.1688s
	iters: 1200, epoch: 4 | loss: 0.0677980
	speed: 0.0075s/iter; time left: 59.9871s
	iters: 1300, epoch: 4 | loss: 0.0356295
	speed: 0.0073s/iter; time left: 57.4052s
Epoch: 4 cost time: 9.8 seconds
Epoch: 4, Steps: 1309 | Train Loss: 0.0553735 Vali Loss: 4.4868183 Test Loss: 5.4278960
Validation loss decreased (4.642163 --> 4.486818).  Saving model ...
Updating learning rate to 6.25e-05
	iters: 100, epoch: 5 | loss: 0.0435997
	speed: 0.0453s/iter; time left: 351.6122s
	iters: 200, epoch: 5 | loss: 0.0169478
	speed: 0.0068s/iter; time left: 51.9052s
	iters: 300, epoch: 5 | loss: 0.0237400
	speed: 0.0065s/iter; time left: 48.9612s
	iters: 400, epoch: 5 | loss: 0.1072409
	speed: 0.0067s/iter; time left: 50.1433s
	iters: 500, epoch: 5 | loss: 0.0638801
	speed: 0.0069s/iter; time left: 51.0856s
	iters: 600, epoch: 5 | loss: 0.0320691
	speed: 0.0072s/iter; time left: 52.2768s
	iters: 700, epoch: 5 | loss: 0.0842382
	speed: 0.0068s/iter; time left: 48.6950s
	iters: 800, epoch: 5 | loss: 0.0381808
	speed: 0.0070s/iter; time left: 49.3185s
	iters: 900, epoch: 5 | loss: 0.2860325
	speed: 0.0071s/iter; time left: 49.5412s
	iters: 1000, epoch: 5 | loss: 0.1076787
	speed: 0.0081s/iter; time left: 55.7342s
	iters: 1100, epoch: 5 | loss: 0.0231456
	speed: 0.0079s/iter; time left: 53.6634s
	iters: 1200, epoch: 5 | loss: 0.0540920
	speed: 0.0072s/iter; time left: 47.9430s
	iters: 1300, epoch: 5 | loss: 0.0378923
	speed: 0.0071s/iter; time left: 46.6682s
Epoch: 5 cost time: 9.6 seconds
Epoch: 5, Steps: 1309 | Train Loss: 0.0541386 Vali Loss: 4.4813275 Test Loss: 5.6527591
Validation loss decreased (4.486818 --> 4.481328).  Saving model ...
Updating learning rate to 3.125e-05
	iters: 100, epoch: 6 | loss: 0.0792675
	speed: 0.0390s/iter; time left: 251.1577s
	iters: 200, epoch: 6 | loss: 0.0334497
	speed: 0.0071s/iter; time left: 45.0788s
	iters: 300, epoch: 6 | loss: 0.0633930
	speed: 0.0072s/iter; time left: 44.6766s
	iters: 400, epoch: 6 | loss: 0.0254456
	speed: 0.0071s/iter; time left: 43.3963s
	iters: 500, epoch: 6 | loss: 0.0437805
	speed: 0.0074s/iter; time left: 44.7699s
	iters: 600, epoch: 6 | loss: 0.1693489
	speed: 0.0071s/iter; time left: 41.9291s
	iters: 700, epoch: 6 | loss: 0.0198095
	speed: 0.0070s/iter; time left: 40.7707s
	iters: 800, epoch: 6 | loss: 0.0521376
	speed: 0.0072s/iter; time left: 41.1618s
	iters: 900, epoch: 6 | loss: 0.0267408
	speed: 0.0069s/iter; time left: 38.8070s
	iters: 1000, epoch: 6 | loss: 0.0427113
	speed: 0.0070s/iter; time left: 38.7392s
	iters: 1100, epoch: 6 | loss: 0.0535101
	speed: 0.0068s/iter; time left: 36.9028s
	iters: 1200, epoch: 6 | loss: 0.0436884
	speed: 0.0069s/iter; time left: 36.7341s
	iters: 1300, epoch: 6 | loss: 0.0178660
	speed: 0.0063s/iter; time left: 32.8528s
Epoch: 6 cost time: 9.4 seconds
Epoch: 6, Steps: 1309 | Train Loss: 0.0533681 Vali Loss: 4.4650083 Test Loss: 5.7407041
Validation loss decreased (4.481328 --> 4.465008).  Saving model ...
Updating learning rate to 1.5625e-05
	iters: 100, epoch: 7 | loss: 0.0408986
	speed: 0.0440s/iter; time left: 225.9327s
	iters: 200, epoch: 7 | loss: 0.0415031
	speed: 0.0069s/iter; time left: 34.8549s
	iters: 300, epoch: 7 | loss: 0.0264441
	speed: 0.0067s/iter; time left: 32.9500s
	iters: 400, epoch: 7 | loss: 0.0372935
	speed: 0.0070s/iter; time left: 33.9636s
	iters: 500, epoch: 7 | loss: 0.0778477
	speed: 0.0069s/iter; time left: 32.5485s
	iters: 600, epoch: 7 | loss: 0.0608853
	speed: 0.0075s/iter; time left: 34.7744s
	iters: 700, epoch: 7 | loss: 0.0688032
	speed: 0.0077s/iter; time left: 34.7464s
	iters: 800, epoch: 7 | loss: 0.0143546
	speed: 0.0075s/iter; time left: 33.3744s
	iters: 900, epoch: 7 | loss: 0.1371198
	speed: 0.0072s/iter; time left: 31.0698s
	iters: 1000, epoch: 7 | loss: 0.0310124
	speed: 0.0072s/iter; time left: 30.4244s
	iters: 1100, epoch: 7 | loss: 0.0207956
	speed: 0.0072s/iter; time left: 29.8471s
	iters: 1200, epoch: 7 | loss: 0.0553359
	speed: 0.0073s/iter; time left: 29.3712s
	iters: 1300, epoch: 7 | loss: 0.0461250
	speed: 0.0071s/iter; time left: 28.0382s
Epoch: 7 cost time: 9.7 seconds
Epoch: 7, Steps: 1309 | Train Loss: 0.0530320 Vali Loss: 4.5026798 Test Loss: 5.7690444
EarlyStopping counter: 1 out of 3
Updating learning rate to 7.8125e-06
	iters: 100, epoch: 8 | loss: 0.1135095
	speed: 0.0419s/iter; time left: 160.4486s
	iters: 200, epoch: 8 | loss: 0.1933573
	speed: 0.0070s/iter; time left: 26.1643s
	iters: 300, epoch: 8 | loss: 0.0585058
	speed: 0.0069s/iter; time left: 25.2139s
	iters: 400, epoch: 8 | loss: 0.0715860
	speed: 0.0075s/iter; time left: 26.4278s
	iters: 500, epoch: 8 | loss: 0.0113449
	speed: 0.0070s/iter; time left: 23.8508s
	iters: 600, epoch: 8 | loss: 0.0310422
	speed: 0.0071s/iter; time left: 23.5600s
	iters: 700, epoch: 8 | loss: 0.0351150
	speed: 0.0067s/iter; time left: 21.7766s
	iters: 800, epoch: 8 | loss: 0.0164042
	speed: 0.0071s/iter; time left: 22.2065s
	iters: 900, epoch: 8 | loss: 0.0756597
	speed: 0.0071s/iter; time left: 21.6059s
	iters: 1000, epoch: 8 | loss: 0.0334794
	speed: 0.0074s/iter; time left: 21.8000s
	iters: 1100, epoch: 8 | loss: 0.0490022
	speed: 0.0069s/iter; time left: 19.4539s
	iters: 1200, epoch: 8 | loss: 0.0246227
	speed: 0.0068s/iter; time left: 18.6393s
	iters: 1300, epoch: 8 | loss: 0.1008141
	speed: 0.0070s/iter; time left: 18.3941s
Epoch: 8 cost time: 9.6 seconds
Epoch: 8, Steps: 1309 | Train Loss: 0.0527830 Vali Loss: 4.4381194 Test Loss: 5.6179876
Validation loss decreased (4.465008 --> 4.438119).  Saving model ...
Updating learning rate to 3.90625e-06
	iters: 100, epoch: 9 | loss: 0.0876832
	speed: 0.0421s/iter; time left: 106.1736s
	iters: 200, epoch: 9 | loss: 0.0528297
	speed: 0.0067s/iter; time left: 16.2105s
	iters: 300, epoch: 9 | loss: 0.0359961
	speed: 0.0069s/iter; time left: 16.1019s
	iters: 400, epoch: 9 | loss: 0.0206069
	speed: 0.0066s/iter; time left: 14.6472s
	iters: 500, epoch: 9 | loss: 0.0307690
	speed: 0.0067s/iter; time left: 14.1341s
	iters: 600, epoch: 9 | loss: 0.0232420
	speed: 0.0068s/iter; time left: 13.7366s
	iters: 700, epoch: 9 | loss: 0.0387631
	speed: 0.0076s/iter; time left: 14.5302s
	iters: 800, epoch: 9 | loss: 0.0376563
	speed: 0.0067s/iter; time left: 12.1918s
	iters: 900, epoch: 9 | loss: 0.0928623
	speed: 0.0070s/iter; time left: 12.1072s
	iters: 1000, epoch: 9 | loss: 0.0201410
	speed: 0.0072s/iter; time left: 11.6280s
	iters: 1100, epoch: 9 | loss: 0.0320614
	speed: 0.0068s/iter; time left: 10.3771s
	iters: 1200, epoch: 9 | loss: 0.0345590
	speed: 0.0072s/iter; time left: 10.2298s
	iters: 1300, epoch: 9 | loss: 0.0771374
	speed: 0.0069s/iter; time left: 9.0387s
Epoch: 9 cost time: 9.4 seconds
Epoch: 9, Steps: 1309 | Train Loss: 0.0526842 Vali Loss: 4.4789548 Test Loss: 5.7194948
EarlyStopping counter: 1 out of 3
Updating learning rate to 1.953125e-06
	iters: 100, epoch: 10 | loss: 0.0774546
	speed: 0.0430s/iter; time left: 52.0459s
	iters: 200, epoch: 10 | loss: 0.0761575
	speed: 0.0082s/iter; time left: 9.1330s
	iters: 300, epoch: 10 | loss: 0.0571221
	speed: 0.0077s/iter; time left: 7.7806s
	iters: 400, epoch: 10 | loss: 0.0323896
	speed: 0.0077s/iter; time left: 7.0125s
	iters: 500, epoch: 10 | loss: 0.0708307
	speed: 0.0070s/iter; time left: 5.6970s
	iters: 600, epoch: 10 | loss: 0.0254800
	speed: 0.0075s/iter; time left: 5.3435s
	iters: 700, epoch: 10 | loss: 0.0955681
	speed: 0.0076s/iter; time left: 4.6145s
	iters: 800, epoch: 10 | loss: 0.0288373
	speed: 0.0079s/iter; time left: 4.0305s
	iters: 900, epoch: 10 | loss: 0.0307126
	speed: 0.0072s/iter; time left: 2.9505s
	iters: 1000, epoch: 10 | loss: 0.0236802
	speed: 0.0080s/iter; time left: 2.4792s
	iters: 1100, epoch: 10 | loss: 0.0143066
	speed: 0.0072s/iter; time left: 1.5025s
	iters: 1200, epoch: 10 | loss: 0.0915097
	speed: 0.0074s/iter; time left: 0.8186s
	iters: 1300, epoch: 10 | loss: 0.0212394
	speed: 0.0071s/iter; time left: 0.0705s
Epoch: 10 cost time: 10.1 seconds
Epoch: 10, Steps: 1309 | Train Loss: 0.0526271 Vali Loss: 4.4654341 Test Loss: 5.7203975
EarlyStopping counter: 2 out of 3
Updating learning rate to 9.765625e-07
>>>>>>>testing : FITS_DLinear_MRO_336_192_MS_channels_6_FITS_DLinear_MS_channels_6<<<<<<<<<<<<<<<<<<<<<<<<<<<<<<<<<
test 2953
FITS_DLinear_MRO_336_192_MS_channels_6_FITS_DLinear_MS_channels_6
Shapes: pred (2952, 192, 1), true (2952, 192, 1), naive_pred (2952, 192, 1)
Shapes: gt (369, 528), pd (369, 528), naive_pd (369, 528)
Final Metrics:
FITS_DLinear MSE: 5.617988   MAE: 1.809257   SE: 11.801815  RRMSE: 0.285148   RMAE: 0.217661   (numpy)
FITS_DLinear MSE: 5.617988   MAE: 1.809257   SE: 11.801815  RRMSE: 0.285148   RMAE: 0.217661   (torch)

Repeat       MSE: 5.362151   MAE: 1.761319   SE: 10.656660  RRMSE: 0.278580   RMAE: 0.211894   (numpy)
Repeat       MSE: 5.362151   MAE: 1.761319   SE: 10.656659  RRMSE: 0.278580   RMAE: 0.211894   (torch)


Model(
  (decomposition): SeriesDecomp(
    (moving_avg): MovingAvg(
      (avg): AvgPool1d(kernel_size=(25,), stride=(1,), padding=(0,))
    )
  )
  (fits): FITS(
    (frequency_upsampler): Linear(in_features=168, out_features=264, bias=True)
  )
  (Linear_Seasonal): Linear(in_features=528, out_features=192, bias=True)
  (Linear_Trend): Linear(in_features=336, out_features=192, bias=True)
)
