Args in experiment:
Namespace(is_training=1, model_id='FITS_MRO_336_720_MS_channels_6', model='FITS', data='custom', root_path='./dataset/', data_path='MRO.csv', features='MS', target='Adj Close', freq='h', checkpoints='./checkpoints/', seq_len=336, label_len=48, pred_len=720, individual=False, embed_type=0, enc_in=6, dec_in=7, c_out=7, d_model=512, n_heads=8, e_layers=2, d_layers=1, d_ff=2048, moving_avg=25, factor=1, distil=True, dropout=0.05, embed='timeF', activation='gelu', output_attention=False, do_predict=False, num_workers=10, itr=1, train_epochs=10, batch_size=8, patience=3, learning_rate=0.0005, des='Exp', loss='mse', lradj='type1', use_amp=False, use_gpu=True, gpu=0, use_multi_gpu=False, devices='0,1,2,3', test_flop=False)
FITS_MRO_336_720_MS_channels_6_FITS_MS_channels_6
Using GPU: NVIDIA GeForce RTX 4070 (cuda:0):
>>>>>>>start training : FITS_MRO_336_720_MS_channels_6_FITS_MS_channels_6>>>>>>>>>>>>>>>>>>>>>>>>>>
train 9951
val 855
test 2425
	iters: 100, epoch: 1 | loss: 0.3290924
	speed: 0.0179s/iter; time left: 220.4991s
	iters: 200, epoch: 1 | loss: 0.1893792
	speed: 0.0050s/iter; time left: 60.6733s
	iters: 300, epoch: 1 | loss: 0.0785988
	speed: 0.0047s/iter; time left: 56.5802s
	iters: 400, epoch: 1 | loss: 0.0390338
	speed: 0.0048s/iter; time left: 58.1404s
	iters: 500, epoch: 1 | loss: 0.0638966
	speed: 0.0049s/iter; time left: 58.7361s
	iters: 600, epoch: 1 | loss: 0.0498946
	speed: 0.0048s/iter; time left: 57.3015s
	iters: 700, epoch: 1 | loss: 0.0992364
	speed: 0.0048s/iter; time left: 55.9094s
	iters: 800, epoch: 1 | loss: 0.2961807
	speed: 0.0049s/iter; time left: 57.4326s
	iters: 900, epoch: 1 | loss: 0.2962746
	speed: 0.0050s/iter; time left: 58.0399s
	iters: 1000, epoch: 1 | loss: 0.1434475
	speed: 0.0055s/iter; time left: 62.3103s
	iters: 1100, epoch: 1 | loss: 0.3682888
	speed: 0.0047s/iter; time left: 53.6451s
	iters: 1200, epoch: 1 | loss: 0.1152695
	speed: 0.0054s/iter; time left: 60.3392s
Epoch: 1 cost time: 7.1 seconds
Epoch: 1, Steps: 1243 | Train Loss: 0.1610162 Vali Loss: 12.8003159 Test Loss: 23.2456856
Validation loss decreased (inf --> 12.800316).  Saving model ...
Updating learning rate to 0.0005
	iters: 100, epoch: 2 | loss: 0.1923667
	speed: 0.0339s/iter; time left: 375.6680s
	iters: 200, epoch: 2 | loss: 0.2408944
	speed: 0.0053s/iter; time left: 57.8502s
	iters: 300, epoch: 2 | loss: 0.0781849
	speed: 0.0054s/iter; time left: 58.6756s
	iters: 400, epoch: 2 | loss: 0.1018216
	speed: 0.0065s/iter; time left: 70.1297s
	iters: 500, epoch: 2 | loss: 0.1317641
	speed: 0.0054s/iter; time left: 57.5377s
	iters: 600, epoch: 2 | loss: 0.1741220
	speed: 0.0053s/iter; time left: 56.0547s
	iters: 700, epoch: 2 | loss: 0.1681977
	speed: 0.0053s/iter; time left: 55.3396s
	iters: 800, epoch: 2 | loss: 0.0779043
	speed: 0.0057s/iter; time left: 59.4980s
	iters: 900, epoch: 2 | loss: 0.0816582
	speed: 0.0054s/iter; time left: 55.7506s
	iters: 1000, epoch: 2 | loss: 0.0730942
	speed: 0.0057s/iter; time left: 58.1287s
	iters: 1100, epoch: 2 | loss: 0.2882600
	speed: 0.0054s/iter; time left: 54.7914s
	iters: 1200, epoch: 2 | loss: 0.0649571
	speed: 0.0056s/iter; time left: 56.3471s
Epoch: 2 cost time: 7.2 seconds
Epoch: 2, Steps: 1243 | Train Loss: 0.1527855 Vali Loss: 12.6787386 Test Loss: 23.1172447
Validation loss decreased (12.800316 --> 12.678739).  Saving model ...
Updating learning rate to 0.00025
	iters: 100, epoch: 3 | loss: 0.1318494
	speed: 0.0346s/iter; time left: 340.6248s
	iters: 200, epoch: 3 | loss: 0.1760367
	speed: 0.0052s/iter; time left: 50.8250s
	iters: 300, epoch: 3 | loss: 0.0867443
	speed: 0.0051s/iter; time left: 48.8312s
	iters: 400, epoch: 3 | loss: 0.0806256
	speed: 0.0048s/iter; time left: 45.5355s
	iters: 500, epoch: 3 | loss: 0.0824753
	speed: 0.0048s/iter; time left: 45.5366s
	iters: 600, epoch: 3 | loss: 0.0633144
	speed: 0.0050s/iter; time left: 46.7950s
	iters: 700, epoch: 3 | loss: 0.1195103
	speed: 0.0049s/iter; time left: 45.5462s
	iters: 800, epoch: 3 | loss: 0.0969524
	speed: 0.0053s/iter; time left: 48.0961s
	iters: 900, epoch: 3 | loss: 0.0849229
	speed: 0.0051s/iter; time left: 46.2292s
	iters: 1000, epoch: 3 | loss: 0.4783749
	speed: 0.0051s/iter; time left: 45.7434s
	iters: 1100, epoch: 3 | loss: 0.0887708
	speed: 0.0054s/iter; time left: 48.1317s
	iters: 1200, epoch: 3 | loss: 0.2417271
	speed: 0.0053s/iter; time left: 46.7015s
Epoch: 3 cost time: 6.6 seconds
Epoch: 3, Steps: 1243 | Train Loss: 0.1513628 Vali Loss: 12.5165033 Test Loss: 22.8842278
Validation loss decreased (12.678739 --> 12.516503).  Saving model ...
Updating learning rate to 0.000125
	iters: 100, epoch: 4 | loss: 0.1159058
	speed: 0.0364s/iter; time left: 312.8444s
	iters: 200, epoch: 4 | loss: 0.1096197
	speed: 0.0057s/iter; time left: 48.7015s
	iters: 300, epoch: 4 | loss: 0.2358663
	speed: 0.0066s/iter; time left: 55.0422s
	iters: 400, epoch: 4 | loss: 0.1193507
	speed: 0.0063s/iter; time left: 52.1715s
	iters: 500, epoch: 4 | loss: 0.0875794
	speed: 0.0060s/iter; time left: 49.4657s
	iters: 600, epoch: 4 | loss: 0.2126664
	speed: 0.0062s/iter; time left: 50.0466s
	iters: 700, epoch: 4 | loss: 0.0680712
	speed: 0.0052s/iter; time left: 41.7375s
	iters: 800, epoch: 4 | loss: 0.1384241
	speed: 0.0048s/iter; time left: 37.8827s
	iters: 900, epoch: 4 | loss: 0.0847991
	speed: 0.0053s/iter; time left: 41.2130s
	iters: 1000, epoch: 4 | loss: 0.2053324
	speed: 0.0049s/iter; time left: 37.5186s
	iters: 1100, epoch: 4 | loss: 0.2211609
	speed: 0.0050s/iter; time left: 38.2091s
	iters: 1200, epoch: 4 | loss: 0.2632821
	speed: 0.0053s/iter; time left: 39.4174s
Epoch: 4 cost time: 7.3 seconds
Epoch: 4, Steps: 1243 | Train Loss: 0.1508999 Vali Loss: 12.5389338 Test Loss: 22.8858395
EarlyStopping counter: 1 out of 3
Updating learning rate to 6.25e-05
	iters: 100, epoch: 5 | loss: 0.1744000
	speed: 0.0360s/iter; time left: 265.2306s
	iters: 200, epoch: 5 | loss: 0.0762074
	speed: 0.0051s/iter; time left: 37.2364s
	iters: 300, epoch: 5 | loss: 0.1878763
	speed: 0.0054s/iter; time left: 38.4423s
	iters: 400, epoch: 5 | loss: 0.0279609
	speed: 0.0064s/iter; time left: 45.2534s
	iters: 500, epoch: 5 | loss: 0.4792138
	speed: 0.0059s/iter; time left: 41.1496s
	iters: 600, epoch: 5 | loss: 0.1679766
	speed: 0.0057s/iter; time left: 39.3122s
	iters: 700, epoch: 5 | loss: 0.1901786
	speed: 0.0053s/iter; time left: 35.9375s
	iters: 800, epoch: 5 | loss: 0.2142539
	speed: 0.0055s/iter; time left: 36.4473s
	iters: 900, epoch: 5 | loss: 0.0588439
	speed: 0.0052s/iter; time left: 34.2608s
	iters: 1000, epoch: 5 | loss: 0.0522780
	speed: 0.0052s/iter; time left: 33.5845s
	iters: 1100, epoch: 5 | loss: 0.3884230
	speed: 0.0050s/iter; time left: 31.5528s
	iters: 1200, epoch: 5 | loss: 0.0663444
	speed: 0.0055s/iter; time left: 34.4858s
Epoch: 5 cost time: 7.2 seconds
Epoch: 5, Steps: 1243 | Train Loss: 0.1505884 Vali Loss: 12.5050306 Test Loss: 22.8658829
Validation loss decreased (12.516503 --> 12.505031).  Saving model ...
Updating learning rate to 3.125e-05
	iters: 100, epoch: 6 | loss: 0.0912743
	speed: 0.0359s/iter; time left: 219.6789s
	iters: 200, epoch: 6 | loss: 0.3873273
	speed: 0.0065s/iter; time left: 39.2747s
	iters: 300, epoch: 6 | loss: 0.0449780
	speed: 0.0055s/iter; time left: 32.4617s
	iters: 400, epoch: 6 | loss: 0.1150239
	speed: 0.0054s/iter; time left: 31.4159s
	iters: 500, epoch: 6 | loss: 0.0725099
	speed: 0.0054s/iter; time left: 30.8317s
	iters: 600, epoch: 6 | loss: 0.1044401
	speed: 0.0056s/iter; time left: 31.2693s
	iters: 700, epoch: 6 | loss: 0.0616112
	speed: 0.0051s/iter; time left: 28.2754s
	iters: 800, epoch: 6 | loss: 0.1982411
	speed: 0.0050s/iter; time left: 27.0886s
	iters: 900, epoch: 6 | loss: 0.1855347
	speed: 0.0052s/iter; time left: 27.5103s
	iters: 1000, epoch: 6 | loss: 0.0558777
	speed: 0.0055s/iter; time left: 28.5980s
	iters: 1100, epoch: 6 | loss: 0.1101127
	speed: 0.0054s/iter; time left: 27.6790s
	iters: 1200, epoch: 6 | loss: 0.2256419
	speed: 0.0049s/iter; time left: 24.5891s
Epoch: 6 cost time: 7.1 seconds
Epoch: 6, Steps: 1243 | Train Loss: 0.1505451 Vali Loss: 12.4809637 Test Loss: 22.8645535
Validation loss decreased (12.505031 --> 12.480964).  Saving model ...
Updating learning rate to 1.5625e-05
	iters: 100, epoch: 7 | loss: 0.1337560
	speed: 0.0349s/iter; time left: 170.2827s
	iters: 200, epoch: 7 | loss: 0.1893419
	speed: 0.0056s/iter; time left: 26.6299s
	iters: 300, epoch: 7 | loss: 0.3067639
	speed: 0.0050s/iter; time left: 23.5309s
	iters: 400, epoch: 7 | loss: 0.1351989
	speed: 0.0053s/iter; time left: 24.2408s
	iters: 500, epoch: 7 | loss: 0.1949866
	speed: 0.0054s/iter; time left: 24.2946s
	iters: 600, epoch: 7 | loss: 0.1085006
	speed: 0.0054s/iter; time left: 23.6401s
	iters: 700, epoch: 7 | loss: 0.2788247
	speed: 0.0052s/iter; time left: 22.0684s
	iters: 800, epoch: 7 | loss: 0.0959454
	speed: 0.0051s/iter; time left: 21.2893s
	iters: 900, epoch: 7 | loss: 0.0799550
	speed: 0.0055s/iter; time left: 22.5254s
	iters: 1000, epoch: 7 | loss: 0.0758483
	speed: 0.0050s/iter; time left: 19.9911s
	iters: 1100, epoch: 7 | loss: 0.0710281
	speed: 0.0052s/iter; time left: 20.2930s
	iters: 1200, epoch: 7 | loss: 0.0515558
	speed: 0.0053s/iter; time left: 19.9790s
Epoch: 7 cost time: 6.9 seconds
Epoch: 7, Steps: 1243 | Train Loss: 0.1503662 Vali Loss: 12.5300026 Test Loss: 22.8548565
EarlyStopping counter: 1 out of 3
Updating learning rate to 7.8125e-06
	iters: 100, epoch: 8 | loss: 0.2150008
	speed: 0.0371s/iter; time left: 134.5367s
	iters: 200, epoch: 8 | loss: 0.2029563
	speed: 0.0057s/iter; time left: 20.2921s
	iters: 300, epoch: 8 | loss: 0.1421379
	speed: 0.0060s/iter; time left: 20.6719s
	iters: 400, epoch: 8 | loss: 0.2722405
	speed: 0.0057s/iter; time left: 18.8399s
	iters: 500, epoch: 8 | loss: 0.1108311
	speed: 0.0055s/iter; time left: 17.8463s
	iters: 600, epoch: 8 | loss: 0.0778747
	speed: 0.0054s/iter; time left: 16.9181s
	iters: 700, epoch: 8 | loss: 0.0257101
	speed: 0.0058s/iter; time left: 17.5914s
	iters: 800, epoch: 8 | loss: 0.0460198
	speed: 0.0058s/iter; time left: 17.0077s
	iters: 900, epoch: 8 | loss: 0.1012226
	speed: 0.0058s/iter; time left: 16.2776s
	iters: 1000, epoch: 8 | loss: 0.0359613
	speed: 0.0058s/iter; time left: 15.7310s
	iters: 1100, epoch: 8 | loss: 0.1870954
	speed: 0.0057s/iter; time left: 15.0904s
	iters: 1200, epoch: 8 | loss: 0.1074838
	speed: 0.0056s/iter; time left: 14.1423s
Epoch: 8 cost time: 7.4 seconds
Epoch: 8, Steps: 1243 | Train Loss: 0.1503927 Vali Loss: 12.5099468 Test Loss: 22.8531666
EarlyStopping counter: 2 out of 3
Updating learning rate to 3.90625e-06
	iters: 100, epoch: 9 | loss: 0.1032894
	speed: 0.0374s/iter; time left: 89.2174s
	iters: 200, epoch: 9 | loss: 0.0977728
	speed: 0.0057s/iter; time left: 13.1322s
	iters: 300, epoch: 9 | loss: 0.2266347
	speed: 0.0058s/iter; time left: 12.6380s
	iters: 400, epoch: 9 | loss: 0.1571997
	speed: 0.0060s/iter; time left: 12.5126s
	iters: 500, epoch: 9 | loss: 0.0739228
	speed: 0.0058s/iter; time left: 11.5649s
	iters: 600, epoch: 9 | loss: 0.1663760
	speed: 0.0058s/iter; time left: 10.8832s
	iters: 700, epoch: 9 | loss: 0.4239718
	speed: 0.0056s/iter; time left: 9.9929s
	iters: 800, epoch: 9 | loss: 0.1233706
	speed: 0.0063s/iter; time left: 10.5478s
	iters: 900, epoch: 9 | loss: 0.1991666
	speed: 0.0056s/iter; time left: 8.9470s
	iters: 1000, epoch: 9 | loss: 0.1126635
	speed: 0.0054s/iter; time left: 8.0148s
	iters: 1100, epoch: 9 | loss: 0.1062240
	speed: 0.0055s/iter; time left: 7.6688s
	iters: 1200, epoch: 9 | loss: 0.0707484
	speed: 0.0058s/iter; time left: 7.4864s
Epoch: 9 cost time: 7.5 seconds
Epoch: 9, Steps: 1243 | Train Loss: 0.1504820 Vali Loss: 12.4942894 Test Loss: 22.8519688
EarlyStopping counter: 3 out of 3
Early stopping
>>>>>>>testing : FITS_MRO_336_720_MS_channels_6_FITS_MS_channels_6<<<<<<<<<<<<<<<<<<<<<<<<<<<<<<<<<
test 2425
FITS_MRO_336_720_MS_channels_6_FITS_MS_channels_6
Shapes: pred (2424, 720, 1), true (2424, 720, 1), naive_pred (2424, 720, 1)
Shapes: gt (303, 1056), pd (303, 1056), naive_pd (303, 1056)
Final Metrics:
FITS         MSE: 22.864557  MAE: 3.719847   SE: 36.404068  RRMSE: 0.634778   RMAE: 0.493817   (numpy)
FITS         MSE: 22.864555  MAE: 3.719845   SE: 36.404068  RRMSE: 0.634778   RMAE: 0.493816   (torch)

Repeat       MSE: 23.184877  MAE: 3.680038   SE: 39.829136  RRMSE: 0.639209   RMAE: 0.488532   (numpy)
Repeat       MSE: 23.184883  MAE: 3.680040   SE: 39.829136  RRMSE: 0.639209   RMAE: 0.488532   (torch)


Model(
  (fits): FITS(
    (frequency_upsampler): Linear(in_features=168, out_features=528, bias=True)
  )
)
