Args in experiment:
Namespace(is_training=1, model_id='FITS_DLinear_MRO_336_336_MS_channels_6', model='FITS_DLinear', data='custom', root_path='./dataset/', data_path='MRO.csv', features='MS', target='Adj Close', freq='h', checkpoints='./checkpoints/', seq_len=336, label_len=48, pred_len=336, individual=False, embed_type=0, enc_in=6, dec_in=7, c_out=7, d_model=512, n_heads=8, e_layers=2, d_layers=1, d_ff=2048, moving_avg=25, factor=1, distil=True, dropout=0.05, embed='timeF', activation='gelu', output_attention=False, do_predict=False, num_workers=10, itr=1, train_epochs=10, batch_size=8, patience=3, learning_rate=0.0005, des='Exp', loss='mse', lradj='type1', use_amp=False, use_gpu=True, gpu=0, use_multi_gpu=False, devices='0,1,2,3', test_flop=False)
FITS_DLinear_MRO_336_336_MS_channels_6_FITS_DLinear_MS_channels_6
Using GPU: NVIDIA GeForce RTX 4070 (cuda:0):
FITS cutoff frequency: 168
>>>>>>>start training : FITS_DLinear_MRO_336_336_MS_channels_6_FITS_DLinear_MS_channels_6>>>>>>>>>>>>>>>>>>>>>>>>>>
train 10335
val 1239
test 2809
	iters: 100, epoch: 1 | loss: 0.0459695
	speed: 0.0201s/iter; time left: 258.0257s
	iters: 200, epoch: 1 | loss: 0.1388372
	speed: 0.0065s/iter; time left: 82.3684s
	iters: 300, epoch: 1 | loss: 0.0986850
	speed: 0.0064s/iter; time left: 81.1504s
	iters: 400, epoch: 1 | loss: 0.1023206
	speed: 0.0065s/iter; time left: 81.6922s
	iters: 500, epoch: 1 | loss: 0.2356287
	speed: 0.0067s/iter; time left: 83.0201s
	iters: 600, epoch: 1 | loss: 0.0857203
	speed: 0.0069s/iter; time left: 84.9018s
	iters: 700, epoch: 1 | loss: 0.1439359
	speed: 0.0067s/iter; time left: 81.7431s
	iters: 800, epoch: 1 | loss: 0.0642933
	speed: 0.0072s/iter; time left: 87.3084s
	iters: 900, epoch: 1 | loss: 0.1326271
	speed: 0.0077s/iter; time left: 92.3805s
	iters: 1000, epoch: 1 | loss: 0.0409991
	speed: 0.0076s/iter; time left: 90.6305s
	iters: 1100, epoch: 1 | loss: 0.0434597
	speed: 0.0075s/iter; time left: 88.5163s
	iters: 1200, epoch: 1 | loss: 0.0184888
	speed: 0.0070s/iter; time left: 81.6863s
Epoch: 1 cost time: 9.9 seconds
Epoch: 1, Steps: 1291 | Train Loss: 0.1075985 Vali Loss: 9.0849895 Test Loss: 13.3783932
Validation loss decreased (inf --> 9.084990).  Saving model ...
Updating learning rate to 0.0005
	iters: 100, epoch: 2 | loss: 0.0410844
	speed: 0.0462s/iter; time left: 531.7624s
	iters: 200, epoch: 2 | loss: 0.0501082
	speed: 0.0080s/iter; time left: 91.9254s
	iters: 300, epoch: 2 | loss: 0.0720497
	speed: 0.0069s/iter; time left: 78.0220s
	iters: 400, epoch: 2 | loss: 0.0841537
	speed: 0.0073s/iter; time left: 81.6941s
	iters: 500, epoch: 2 | loss: 0.0447593
	speed: 0.0069s/iter; time left: 77.2547s
	iters: 600, epoch: 2 | loss: 0.0904352
	speed: 0.0077s/iter; time left: 84.5391s
	iters: 700, epoch: 2 | loss: 0.2148935
	speed: 0.0077s/iter; time left: 83.5927s
	iters: 800, epoch: 2 | loss: 0.0257291
	speed: 0.0078s/iter; time left: 83.9114s
	iters: 900, epoch: 2 | loss: 0.0531713
	speed: 0.0077s/iter; time left: 82.1243s
	iters: 1000, epoch: 2 | loss: 0.0610162
	speed: 0.0080s/iter; time left: 84.7316s
	iters: 1100, epoch: 2 | loss: 0.0722555
	speed: 0.0074s/iter; time left: 78.0649s
	iters: 1200, epoch: 2 | loss: 0.0417718
	speed: 0.0078s/iter; time left: 81.2948s
Epoch: 2 cost time: 10.1 seconds
Epoch: 2, Steps: 1291 | Train Loss: 0.1008254 Vali Loss: 7.6067514 Test Loss: 9.8221416
Validation loss decreased (9.084990 --> 7.606751).  Saving model ...
Updating learning rate to 0.00025
	iters: 100, epoch: 3 | loss: 0.3663792
	speed: 0.0472s/iter; time left: 482.4493s
	iters: 200, epoch: 3 | loss: 0.1062559
	speed: 0.0071s/iter; time left: 72.2205s
	iters: 300, epoch: 3 | loss: 0.0327731
	speed: 0.0073s/iter; time left: 73.4025s
	iters: 400, epoch: 3 | loss: 0.0576810
	speed: 0.0071s/iter; time left: 70.4191s
	iters: 500, epoch: 3 | loss: 0.0443126
	speed: 0.0068s/iter; time left: 66.5212s
	iters: 600, epoch: 3 | loss: 0.0832245
	speed: 0.0070s/iter; time left: 68.1371s
	iters: 700, epoch: 3 | loss: 0.1095273
	speed: 0.0075s/iter; time left: 72.4164s
	iters: 800, epoch: 3 | loss: 0.0347372
	speed: 0.0071s/iter; time left: 67.7482s
	iters: 900, epoch: 3 | loss: 0.1288442
	speed: 0.0069s/iter; time left: 65.2131s
	iters: 1000, epoch: 3 | loss: 0.0451559
	speed: 0.0077s/iter; time left: 71.8397s
	iters: 1100, epoch: 3 | loss: 0.0870885
	speed: 0.0079s/iter; time left: 72.8176s
	iters: 1200, epoch: 3 | loss: 0.0298130
	speed: 0.0070s/iter; time left: 63.6251s
Epoch: 3 cost time: 9.7 seconds
Epoch: 3, Steps: 1291 | Train Loss: 0.0955307 Vali Loss: 7.8640409 Test Loss: 10.4007339
EarlyStopping counter: 1 out of 3
Updating learning rate to 0.000125
	iters: 100, epoch: 4 | loss: 0.0282909
	speed: 0.0457s/iter; time left: 408.3455s
	iters: 200, epoch: 4 | loss: 0.0296057
	speed: 0.0071s/iter; time left: 62.7403s
	iters: 300, epoch: 4 | loss: 0.0698280
	speed: 0.0071s/iter; time left: 62.3933s
	iters: 400, epoch: 4 | loss: 0.1000308
	speed: 0.0076s/iter; time left: 65.4419s
	iters: 500, epoch: 4 | loss: 0.2138601
	speed: 0.0077s/iter; time left: 65.5870s
	iters: 600, epoch: 4 | loss: 0.1202997
	speed: 0.0078s/iter; time left: 65.8354s
	iters: 700, epoch: 4 | loss: 0.1732137
	speed: 0.0075s/iter; time left: 62.1197s
	iters: 800, epoch: 4 | loss: 0.0616981
	speed: 0.0076s/iter; time left: 62.9751s
	iters: 900, epoch: 4 | loss: 0.0973682
	speed: 0.0077s/iter; time left: 62.8676s
	iters: 1000, epoch: 4 | loss: 0.0158371
	speed: 0.0076s/iter; time left: 61.3096s
	iters: 1100, epoch: 4 | loss: 0.0566527
	speed: 0.0077s/iter; time left: 61.2172s
	iters: 1200, epoch: 4 | loss: 0.2147084
	speed: 0.0075s/iter; time left: 58.6003s
Epoch: 4 cost time: 10.0 seconds
Epoch: 4, Steps: 1291 | Train Loss: 0.0908241 Vali Loss: 7.3670783 Test Loss: 10.0441551
Validation loss decreased (7.606751 --> 7.367078).  Saving model ...
Updating learning rate to 6.25e-05
	iters: 100, epoch: 5 | loss: 0.0581340
	speed: 0.0477s/iter; time left: 364.6156s
	iters: 200, epoch: 5 | loss: 0.0832152
	speed: 0.0077s/iter; time left: 58.0822s
	iters: 300, epoch: 5 | loss: 0.0809323
	speed: 0.0079s/iter; time left: 58.5557s
	iters: 400, epoch: 5 | loss: 0.1072237
	speed: 0.0073s/iter; time left: 53.6508s
	iters: 500, epoch: 5 | loss: 0.0241029
	speed: 0.0071s/iter; time left: 51.0961s
	iters: 600, epoch: 5 | loss: 0.1655345
	speed: 0.0079s/iter; time left: 56.1828s
	iters: 700, epoch: 5 | loss: 0.0528866
	speed: 0.0068s/iter; time left: 47.9398s
	iters: 800, epoch: 5 | loss: 0.0734939
	speed: 0.0067s/iter; time left: 46.7289s
	iters: 900, epoch: 5 | loss: 0.0813142
	speed: 0.0068s/iter; time left: 46.5060s
	iters: 1000, epoch: 5 | loss: 0.1320546
	speed: 0.0073s/iter; time left: 49.1744s
	iters: 1100, epoch: 5 | loss: 0.0238175
	speed: 0.0068s/iter; time left: 45.0555s
	iters: 1200, epoch: 5 | loss: 0.2043562
	speed: 0.0067s/iter; time left: 43.9707s
Epoch: 5 cost time: 9.6 seconds
Epoch: 5, Steps: 1291 | Train Loss: 0.0895657 Vali Loss: 7.6242414 Test Loss: 10.5900793
EarlyStopping counter: 1 out of 3
Updating learning rate to 3.125e-05
	iters: 100, epoch: 6 | loss: 0.1005164
	speed: 0.0444s/iter; time left: 281.9774s
	iters: 200, epoch: 6 | loss: 0.0472954
	speed: 0.0079s/iter; time left: 49.2757s
	iters: 300, epoch: 6 | loss: 0.0621992
	speed: 0.0072s/iter; time left: 44.4978s
	iters: 400, epoch: 6 | loss: 0.0431855
	speed: 0.0069s/iter; time left: 41.8151s
	iters: 500, epoch: 6 | loss: 0.0872498
	speed: 0.0071s/iter; time left: 42.1097s
	iters: 600, epoch: 6 | loss: 0.0568779
	speed: 0.0069s/iter; time left: 40.6676s
	iters: 700, epoch: 6 | loss: 0.0832886
	speed: 0.0069s/iter; time left: 39.4289s
	iters: 800, epoch: 6 | loss: 0.0423267
	speed: 0.0070s/iter; time left: 39.3157s
	iters: 900, epoch: 6 | loss: 0.1730627
	speed: 0.0073s/iter; time left: 40.6370s
	iters: 1000, epoch: 6 | loss: 0.3487445
	speed: 0.0072s/iter; time left: 39.4487s
	iters: 1100, epoch: 6 | loss: 0.0444579
	speed: 0.0072s/iter; time left: 38.4557s
	iters: 1200, epoch: 6 | loss: 0.0723954
	speed: 0.0076s/iter; time left: 40.0012s
Epoch: 6 cost time: 9.6 seconds
Epoch: 6, Steps: 1291 | Train Loss: 0.0886365 Vali Loss: 7.7327366 Test Loss: 10.8855000
EarlyStopping counter: 2 out of 3
Updating learning rate to 1.5625e-05
	iters: 100, epoch: 7 | loss: 0.0548114
	speed: 0.0471s/iter; time left: 238.6324s
	iters: 200, epoch: 7 | loss: 0.0448660
	speed: 0.0076s/iter; time left: 37.6613s
	iters: 300, epoch: 7 | loss: 0.1044695
	speed: 0.0078s/iter; time left: 38.0311s
	iters: 400, epoch: 7 | loss: 0.1393164
	speed: 0.0072s/iter; time left: 34.3634s
	iters: 500, epoch: 7 | loss: 0.0298993
	speed: 0.0073s/iter; time left: 33.9975s
	iters: 600, epoch: 7 | loss: 0.0941993
	speed: 0.0074s/iter; time left: 33.8564s
	iters: 700, epoch: 7 | loss: 0.2586797
	speed: 0.0078s/iter; time left: 34.9538s
	iters: 800, epoch: 7 | loss: 0.0900195
	speed: 0.0078s/iter; time left: 34.1483s
	iters: 900, epoch: 7 | loss: 0.1704661
	speed: 0.0076s/iter; time left: 32.3193s
	iters: 1000, epoch: 7 | loss: 0.1058027
	speed: 0.0073s/iter; time left: 30.2302s
	iters: 1100, epoch: 7 | loss: 0.1756801
	speed: 0.0072s/iter; time left: 29.1894s
	iters: 1200, epoch: 7 | loss: 0.0427515
	speed: 0.0072s/iter; time left: 28.4680s
Epoch: 7 cost time: 9.9 seconds
Epoch: 7, Steps: 1291 | Train Loss: 0.0881992 Vali Loss: 7.7435431 Test Loss: 10.9693871
EarlyStopping counter: 3 out of 3
Early stopping
>>>>>>>testing : FITS_DLinear_MRO_336_336_MS_channels_6_FITS_DLinear_MS_channels_6<<<<<<<<<<<<<<<<<<<<<<<<<<<<<<<<<
test 2809
FITS_DLinear_MRO_336_336_MS_channels_6_FITS_DLinear_MS_channels_6
Shapes: pred (2808, 336, 1), true (2808, 336, 1), naive_pred (2808, 336, 1)
Shapes: gt (351, 672), pd (351, 672), naive_pd (351, 672)
Final Metrics:
FITS_DLinear MSE: 10.044155  MAE: 2.428104   SE: 21.972538  RRMSE: 0.388377   RMAE: 0.297553   (numpy)
FITS_DLinear MSE: 10.044155  MAE: 2.428103   SE: 21.972538  RRMSE: 0.388377   RMAE: 0.297552   (torch)

Repeat       MSE: 10.261215  MAE: 2.420922   SE: 21.428272  RRMSE: 0.392551   RMAE: 0.296672   (numpy)
Repeat       MSE: 10.261217  MAE: 2.420922   SE: 21.428272  RRMSE: 0.392551   RMAE: 0.296672   (torch)


Model(
  (decomposition): SeriesDecomp(
    (moving_avg): MovingAvg(
      (avg): AvgPool1d(kernel_size=(25,), stride=(1,), padding=(0,))
    )
  )
  (fits): FITS(
    (frequency_upsampler): Linear(in_features=168, out_features=336, bias=True)
  )
  (Linear_Seasonal): Linear(in_features=672, out_features=336, bias=True)
  (Linear_Trend): Linear(in_features=336, out_features=336, bias=True)
)
