Args in experiment:
Namespace(activation='gelu', batch_size=8, c_out=7, checkpoints='./checkpoints/', d_ff=2048, d_layers=1, d_model=512, data='custom', data_path='exchange_rate.csv', dec_in=7, des='Exp', devices='0,1,2,3', distil=True, do_predict=False, dropout=0.05, e_layers=2, embed='timeF', embed_type=0, enc_in=7, factor=1, features='S', freq='h', gpu=0, individual=False, is_training=1, itr=1, label_len=48, learning_rate=0.0005, loss='mse', lradj='type1', model='DLinear', model_id='DLinear_exchange_rate_336_192_S_channels_1', moving_avg=25, n_heads=8, num_workers=10, output_attention=False, patience=3, pred_len=192, root_path='./dataset/', seq_len=336, target='OT', test_flop=False, train_epochs=10, use_amp=False, use_gpu=True, use_multi_gpu=False)
DLinear_exchange_rate_336_192_S_channels_1_DLinear_S_channels_7
Using GPU: NVIDIA GeForce GTX 1080 Ti (cuda:0):
>>>>>>>start training : DLinear_exchange_rate_336_192_S_channels_1_DLinear_S_channels_7>>>>>>>>>>>>>>>>>>>>>>>>>>
train 4784
val 569
test 1326
	iters: 100, epoch: 1 | loss: 0.4649362
	speed: 0.0054s/iter; time left: 31.5415s
	iters: 200, epoch: 1 | loss: 0.1733683
	speed: 0.0029s/iter; time left: 16.8708s
	iters: 300, epoch: 1 | loss: 0.1746217
	speed: 0.0029s/iter; time left: 16.3003s
	iters: 400, epoch: 1 | loss: 0.2251349
	speed: 0.0029s/iter; time left: 16.0217s
	iters: 500, epoch: 1 | loss: 0.1496772
	speed: 0.0029s/iter; time left: 15.6525s
Epoch: 1 cost time: 2.0 seconds
Epoch: 1, Steps: 598 | Train Loss: 0.2972767 Vali Loss: 0.3113547 Test Loss: 0.1972497
Validation loss decreased (inf --> 0.311355).  Saving model ...
Updating learning rate to 0.0005
	iters: 100, epoch: 2 | loss: 0.3472227
	speed: 0.0187s/iter; time left: 98.7158s
	iters: 200, epoch: 2 | loss: 0.1700746
	speed: 0.0029s/iter; time left: 15.0085s
	iters: 300, epoch: 2 | loss: 0.6531428
	speed: 0.0033s/iter; time left: 16.7242s
	iters: 400, epoch: 2 | loss: 0.3129687
	speed: 0.0038s/iter; time left: 19.1649s
	iters: 500, epoch: 2 | loss: 0.2785062
	speed: 0.0038s/iter; time left: 18.6465s
Epoch: 2 cost time: 2.2 seconds
Epoch: 2, Steps: 598 | Train Loss: 0.2627461 Vali Loss: 0.4111455 Test Loss: 0.2623821
EarlyStopping counter: 1 out of 3
Updating learning rate to 0.00025
	iters: 100, epoch: 3 | loss: 0.1210623
	speed: 0.0190s/iter; time left: 88.9444s
	iters: 200, epoch: 3 | loss: 0.0908697
	speed: 0.0031s/iter; time left: 14.0533s
	iters: 300, epoch: 3 | loss: 0.1083837
	speed: 0.0030s/iter; time left: 13.6563s
	iters: 400, epoch: 3 | loss: 0.1498561
	speed: 0.0031s/iter; time left: 13.3946s
	iters: 500, epoch: 3 | loss: 0.4601132
	speed: 0.0031s/iter; time left: 13.0813s
Epoch: 3 cost time: 2.1 seconds
Epoch: 3, Steps: 598 | Train Loss: 0.2478909 Vali Loss: 0.4090248 Test Loss: 0.2404534
EarlyStopping counter: 2 out of 3
Updating learning rate to 0.000125
	iters: 100, epoch: 4 | loss: 0.2004520
	speed: 0.0193s/iter; time left: 79.0677s
	iters: 200, epoch: 4 | loss: 0.2698077
	speed: 0.0031s/iter; time left: 12.4726s
	iters: 300, epoch: 4 | loss: 0.6233692
	speed: 0.0031s/iter; time left: 12.2096s
	iters: 400, epoch: 4 | loss: 0.1484108
	speed: 0.0031s/iter; time left: 11.7611s
	iters: 500, epoch: 4 | loss: 0.4490683
	speed: 0.0032s/iter; time left: 11.7547s
Epoch: 4 cost time: 2.1 seconds
Epoch: 4, Steps: 598 | Train Loss: 0.2439545 Vali Loss: 0.3305815 Test Loss: 0.1948907
EarlyStopping counter: 3 out of 3
Early stopping
>>>>>>>testing : DLinear_exchange_rate_336_192_S_channels_1_DLinear_S_channels_7<<<<<<<<<<<<<<<<<<<<<<<<<<<<<<<<<
test 1326
DLinear_exchange_rate_336_192_S_channels_1_DLinear_S_channels_7
Shapes: pred (1320, 192, 1), true (1320, 192, 1), naive_pred (1320, 192, 1)
Shapes: gt (165, 528), pd (165, 528), naive_pd (165, 528)
Final Metrics:
DLinear      MSE: 0.197250   MAE: 0.355130   SE: 0.404104   RRMSE: 0.266525   RMAE: 0.213117   (numpy)
DLinear      MSE: 0.197250   MAE: 0.355130   SE: 0.404104   RRMSE: 0.266525   RMAE: 0.213117   (torch)

Repeat       MSE: 0.188096   MAE: 0.332759   SE: 0.385642   RRMSE: 0.260268   RMAE: 0.199692   (numpy)
Repeat       MSE: 0.188096   MAE: 0.332759   SE: 0.385642   RRMSE: 0.260268   RMAE: 0.199692   (torch)

