Args in experiment:
Namespace(is_training=1, model_id='DLinear_FITS_GD_336_192_S_channels_1', model='DLinear_FITS', data='custom', root_path='./dataset/', data_path='GD.csv', features='S', target='Adj Close', freq='h', checkpoints='./checkpoints/', seq_len=336, label_len=48, pred_len=192, individual=False, embed_type=0, enc_in=6, dec_in=7, c_out=7, d_model=512, n_heads=8, e_layers=2, d_layers=1, d_ff=2048, moving_avg=25, factor=1, distil=True, dropout=0.05, embed='timeF', activation='gelu', output_attention=False, do_predict=False, num_workers=10, itr=1, train_epochs=10, batch_size=8, patience=3, learning_rate=0.0005, des='Exp', loss='mse', lradj='type1', use_amp=False, use_gpu=True, gpu=0, use_multi_gpu=False, devices='0,1,2,3', test_flop=False)
DLinear_FITS_GD_336_192_S_channels_1_DLinear_FITS_S_channels_6
Using GPU: NVIDIA GeForce RTX 4070 (cuda:0):
FITS cutoff frequency: 49
>>>>>>>start training : DLinear_FITS_GD_336_192_S_channels_1_DLinear_FITS_S_channels_6>>>>>>>>>>>>>>>>>>>>>>>>>>
train 10479
val 1383
test 2953
	iters: 100, epoch: 1 | loss: 0.0260251
	speed: 0.0199s/iter; time left: 258.5849s
	iters: 200, epoch: 1 | loss: 0.0098134
	speed: 0.0071s/iter; time left: 91.1830s
	iters: 300, epoch: 1 | loss: 0.0031226
	speed: 0.0067s/iter; time left: 86.1630s
	iters: 400, epoch: 1 | loss: 0.0517908
	speed: 0.0072s/iter; time left: 90.8579s
	iters: 500, epoch: 1 | loss: 0.0190585
	speed: 0.0069s/iter; time left: 86.9001s
	iters: 600, epoch: 1 | loss: 0.0111140
	speed: 0.0065s/iter; time left: 81.8096s
	iters: 700, epoch: 1 | loss: 0.0926602
	speed: 0.0072s/iter; time left: 89.7746s
	iters: 800, epoch: 1 | loss: 0.0202307
	speed: 0.0072s/iter; time left: 88.6317s
	iters: 900, epoch: 1 | loss: 0.0193286
	speed: 0.0072s/iter; time left: 87.9927s
	iters: 1000, epoch: 1 | loss: 0.0899325
	speed: 0.0079s/iter; time left: 96.1062s
	iters: 1100, epoch: 1 | loss: 0.0030222
	speed: 0.0070s/iter; time left: 84.0002s
	iters: 1200, epoch: 1 | loss: 0.0596560
	speed: 0.0069s/iter; time left: 82.1428s
	iters: 1300, epoch: 1 | loss: 0.0181418
	speed: 0.0067s/iter; time left: 79.3232s
Epoch: 1 cost time: 10.2 seconds
Epoch: 1, Steps: 1309 | Train Loss: 0.0405176 Vali Loss: 1.7877005 Test Loss: 10.1753130
Validation loss decreased (inf --> 1.787701).  Saving model ...
Updating learning rate to 0.0005
	iters: 100, epoch: 2 | loss: 0.0944126
	speed: 0.0385s/iter; time left: 449.3004s
	iters: 200, epoch: 2 | loss: 0.0156375
	speed: 0.0069s/iter; time left: 80.1976s
	iters: 300, epoch: 2 | loss: 0.0381862
	speed: 0.0074s/iter; time left: 84.7945s
	iters: 400, epoch: 2 | loss: 0.0065244
	speed: 0.0069s/iter; time left: 78.0934s
	iters: 500, epoch: 2 | loss: 0.0158674
	speed: 0.0068s/iter; time left: 76.5043s
	iters: 600, epoch: 2 | loss: 0.0062876
	speed: 0.0067s/iter; time left: 75.1439s
	iters: 700, epoch: 2 | loss: 0.0101871
	speed: 0.0067s/iter; time left: 73.8653s
	iters: 800, epoch: 2 | loss: 0.0232830
	speed: 0.0068s/iter; time left: 74.3566s
	iters: 900, epoch: 2 | loss: 0.0311268
	speed: 0.0065s/iter; time left: 71.1757s
	iters: 1000, epoch: 2 | loss: 0.0052924
	speed: 0.0063s/iter; time left: 67.6018s
	iters: 1100, epoch: 2 | loss: 0.0410930
	speed: 0.0068s/iter; time left: 72.7786s
	iters: 1200, epoch: 2 | loss: 0.0164260
	speed: 0.0070s/iter; time left: 73.5645s
	iters: 1300, epoch: 2 | loss: 0.0040118
	speed: 0.0069s/iter; time left: 72.3189s
Epoch: 2 cost time: 9.3 seconds
Epoch: 2, Steps: 1309 | Train Loss: 0.0319038 Vali Loss: 1.0694857 Test Loss: 5.1432080
Validation loss decreased (1.787701 --> 1.069486).  Saving model ...
Updating learning rate to 0.00025
	iters: 100, epoch: 3 | loss: 0.0281920
	speed: 0.0370s/iter; time left: 384.2444s
	iters: 200, epoch: 3 | loss: 0.0467166
	speed: 0.0080s/iter; time left: 82.6777s
	iters: 300, epoch: 3 | loss: 0.0105817
	speed: 0.0069s/iter; time left: 69.8087s
	iters: 400, epoch: 3 | loss: 0.0045672
	speed: 0.0069s/iter; time left: 69.7546s
	iters: 500, epoch: 3 | loss: 0.0397829
	speed: 0.0068s/iter; time left: 68.2556s
	iters: 600, epoch: 3 | loss: 0.0600367
	speed: 0.0070s/iter; time left: 68.8861s
	iters: 700, epoch: 3 | loss: 0.0832204
	speed: 0.0067s/iter; time left: 65.0155s
	iters: 800, epoch: 3 | loss: 0.0172049
	speed: 0.0067s/iter; time left: 64.7567s
	iters: 900, epoch: 3 | loss: 0.0255359
	speed: 0.0067s/iter; time left: 64.0709s
	iters: 1000, epoch: 3 | loss: 0.0608351
	speed: 0.0067s/iter; time left: 63.9095s
	iters: 1100, epoch: 3 | loss: 0.0200998
	speed: 0.0067s/iter; time left: 62.5899s
	iters: 1200, epoch: 3 | loss: 0.0045196
	speed: 0.0068s/iter; time left: 62.8593s
	iters: 1300, epoch: 3 | loss: 0.0029573
	speed: 0.0078s/iter; time left: 71.7160s
Epoch: 3 cost time: 9.4 seconds
Epoch: 3, Steps: 1309 | Train Loss: 0.0274762 Vali Loss: 1.2251489 Test Loss: 5.7759900
EarlyStopping counter: 1 out of 3
Updating learning rate to 0.000125
	iters: 100, epoch: 4 | loss: 0.0738714
	speed: 0.0393s/iter; time left: 356.0747s
	iters: 200, epoch: 4 | loss: 0.0109889
	speed: 0.0068s/iter; time left: 61.2011s
	iters: 300, epoch: 4 | loss: 0.0123311
	speed: 0.0072s/iter; time left: 63.5537s
	iters: 400, epoch: 4 | loss: 0.0314380
	speed: 0.0071s/iter; time left: 61.9909s
	iters: 500, epoch: 4 | loss: 0.0085285
	speed: 0.0066s/iter; time left: 57.5833s
	iters: 600, epoch: 4 | loss: 0.0040079
	speed: 0.0071s/iter; time left: 60.6962s
	iters: 700, epoch: 4 | loss: 0.0337166
	speed: 0.0071s/iter; time left: 60.3198s
	iters: 800, epoch: 4 | loss: 0.0088052
	speed: 0.0074s/iter; time left: 62.2221s
	iters: 900, epoch: 4 | loss: 0.0073859
	speed: 0.0068s/iter; time left: 56.2163s
	iters: 1000, epoch: 4 | loss: 0.0144703
	speed: 0.0073s/iter; time left: 59.7733s
	iters: 1100, epoch: 4 | loss: 0.0467900
	speed: 0.0071s/iter; time left: 57.5652s
	iters: 1200, epoch: 4 | loss: 0.0005900
	speed: 0.0073s/iter; time left: 57.9079s
	iters: 1300, epoch: 4 | loss: 0.0175263
	speed: 0.0074s/iter; time left: 58.1229s
Epoch: 4 cost time: 9.6 seconds
Epoch: 4, Steps: 1309 | Train Loss: 0.0257857 Vali Loss: 0.9524155 Test Loss: 4.9443741
Validation loss decreased (1.069486 --> 0.952416).  Saving model ...
Updating learning rate to 6.25e-05
	iters: 100, epoch: 5 | loss: 0.0410429
	speed: 0.0383s/iter; time left: 296.7718s
	iters: 200, epoch: 5 | loss: 0.0756341
	speed: 0.0068s/iter; time left: 52.1897s
	iters: 300, epoch: 5 | loss: 0.0029172
	speed: 0.0064s/iter; time left: 48.6709s
	iters: 400, epoch: 5 | loss: 0.0051257
	speed: 0.0067s/iter; time left: 49.7119s
	iters: 500, epoch: 5 | loss: 0.0010206
	speed: 0.0064s/iter; time left: 47.0741s
	iters: 600, epoch: 5 | loss: 0.0353370
	speed: 0.0070s/iter; time left: 51.0522s
	iters: 700, epoch: 5 | loss: 0.0320244
	speed: 0.0072s/iter; time left: 51.4509s
	iters: 800, epoch: 5 | loss: 0.0037324
	speed: 0.0086s/iter; time left: 60.5084s
	iters: 900, epoch: 5 | loss: 0.0105191
	speed: 0.0074s/iter; time left: 51.2973s
	iters: 1000, epoch: 5 | loss: 0.0209456
	speed: 0.0069s/iter; time left: 46.9956s
	iters: 1100, epoch: 5 | loss: 0.0114350
	speed: 0.0078s/iter; time left: 52.8767s
	iters: 1200, epoch: 5 | loss: 0.0612491
	speed: 0.0075s/iter; time left: 49.7827s
	iters: 1300, epoch: 5 | loss: 0.0442631
	speed: 0.0069s/iter; time left: 45.4722s
Epoch: 5 cost time: 9.7 seconds
Epoch: 5, Steps: 1309 | Train Loss: 0.0250279 Vali Loss: 0.9855543 Test Loss: 4.4469743
EarlyStopping counter: 1 out of 3
Updating learning rate to 3.125e-05
	iters: 100, epoch: 6 | loss: 0.0123167
	speed: 0.0385s/iter; time left: 248.0602s
	iters: 200, epoch: 6 | loss: 0.0034548
	speed: 0.0069s/iter; time left: 43.8958s
	iters: 300, epoch: 6 | loss: 0.0100807
	speed: 0.0074s/iter; time left: 45.9494s
	iters: 400, epoch: 6 | loss: 0.1545945
	speed: 0.0079s/iter; time left: 48.6114s
	iters: 500, epoch: 6 | loss: 0.0256247
	speed: 0.0070s/iter; time left: 42.3696s
	iters: 600, epoch: 6 | loss: 0.0127389
	speed: 0.0072s/iter; time left: 43.0226s
	iters: 700, epoch: 6 | loss: 0.0152933
	speed: 0.0071s/iter; time left: 41.7730s
	iters: 800, epoch: 6 | loss: 0.0030751
	speed: 0.0070s/iter; time left: 40.2684s
	iters: 900, epoch: 6 | loss: 0.0257951
	speed: 0.0071s/iter; time left: 40.0392s
	iters: 1000, epoch: 6 | loss: 0.0038783
	speed: 0.0071s/iter; time left: 39.4324s
	iters: 1100, epoch: 6 | loss: 0.0018237
	speed: 0.0072s/iter; time left: 39.0338s
	iters: 1200, epoch: 6 | loss: 0.0202454
	speed: 0.0075s/iter; time left: 40.0335s
	iters: 1300, epoch: 6 | loss: 0.0213796
	speed: 0.0077s/iter; time left: 40.5131s
Epoch: 6 cost time: 9.8 seconds
Epoch: 6, Steps: 1309 | Train Loss: 0.0243142 Vali Loss: 1.0685097 Test Loss: 4.6973343
EarlyStopping counter: 2 out of 3
Updating learning rate to 1.5625e-05
	iters: 100, epoch: 7 | loss: 0.0101935
	speed: 0.0423s/iter; time left: 217.3820s
	iters: 200, epoch: 7 | loss: 0.0118410
	speed: 0.0076s/iter; time left: 38.1695s
	iters: 300, epoch: 7 | loss: 0.0005734
	speed: 0.0086s/iter; time left: 42.3987s
	iters: 400, epoch: 7 | loss: 0.0081196
	speed: 0.0082s/iter; time left: 39.6366s
	iters: 500, epoch: 7 | loss: 0.0054555
	speed: 0.0085s/iter; time left: 40.2080s
	iters: 600, epoch: 7 | loss: 0.0035180
	speed: 0.0075s/iter; time left: 34.6602s
	iters: 700, epoch: 7 | loss: 0.0069769
	speed: 0.0079s/iter; time left: 36.0200s
	iters: 800, epoch: 7 | loss: 0.0089119
	speed: 0.0077s/iter; time left: 34.1127s
	iters: 900, epoch: 7 | loss: 0.0130241
	speed: 0.0077s/iter; time left: 33.5115s
	iters: 1000, epoch: 7 | loss: 0.0046941
	speed: 0.0072s/iter; time left: 30.5931s
	iters: 1100, epoch: 7 | loss: 0.0208507
	speed: 0.0073s/iter; time left: 30.2739s
	iters: 1200, epoch: 7 | loss: 0.0111144
	speed: 0.0078s/iter; time left: 31.3901s
	iters: 1300, epoch: 7 | loss: 0.0195102
	speed: 0.0074s/iter; time left: 29.0353s
Epoch: 7 cost time: 10.5 seconds
Epoch: 7, Steps: 1309 | Train Loss: 0.0241799 Vali Loss: 1.0274614 Test Loss: 4.5568390
EarlyStopping counter: 3 out of 3
Early stopping
>>>>>>>testing : DLinear_FITS_GD_336_192_S_channels_1_DLinear_FITS_S_channels_6<<<<<<<<<<<<<<<<<<<<<<<<<<<<<<<<<
test 2953
DLinear_FITS_GD_336_192_S_channels_1_DLinear_FITS_S_channels_6
Shapes: pred (2952, 192, 1), true (2952, 192, 1), naive_pred (2952, 192, 1)
Shapes: gt (369, 528), pd (369, 528), naive_pd (369, 528)
Final Metrics:
DLinear_FITS MSE: 4.944374   MAE: 1.709107   SE: 9.626038   RRMSE: 0.144507   RMAE: 0.111072   (numpy)
DLinear_FITS MSE: 4.944374   MAE: 1.709107   SE: 9.626038   RRMSE: 0.144507   RMAE: 0.111072   (torch)

Repeat       MSE: 4.300982   MAE: 1.530693   SE: 9.897922   RRMSE: 0.134778   RMAE: 0.099477   (numpy)
Repeat       MSE: 4.300982   MAE: 1.530692   SE: 9.897922   RRMSE: 0.134778   RMAE: 0.099477   (torch)


Model(
  (decomposition): SeriesDecomp(
    (moving_avg): MovingAvg(
      (avg): AvgPool1d(kernel_size=(25,), stride=(1,), padding=(0,))
    )
  )
  (fits): FITS(
    (frequency_upsampler): Linear(in_features=49, out_features=77, bias=True)
  )
  (Linear_Seasonal): Linear(in_features=336, out_features=192, bias=True)
  (Linear_Trend): Linear(in_features=336, out_features=192, bias=True)
)
