Args in experiment:
Namespace(activation='gelu', batch_size=8, c_out=7, checkpoints='./checkpoints/', d_ff=2048, d_layers=1, d_model=512, data='custom', data_path='exchange_rate.csv', dec_in=7, des='Exp', devices='0,1,2,3', distil=True, do_predict=False, dropout=0.05, e_layers=2, embed='timeF', embed_type=0, enc_in=7, factor=1, features='S', freq='h', gpu=0, individual=False, is_training=1, itr=1, label_len=48, learning_rate=0.0005, loss='mse', lradj='type1', model='DLinear', model_id='DLinear_exchange_rate_336_720_S_channels_1', moving_avg=25, n_heads=8, num_workers=10, output_attention=False, patience=3, pred_len=720, root_path='./dataset/', seq_len=336, target='OT', test_flop=False, train_epochs=10, use_amp=False, use_gpu=True, use_multi_gpu=False)
DLinear_exchange_rate_336_720_S_channels_1_DLinear_S_channels_7
Using GPU: NVIDIA GeForce GTX 1080 Ti (cuda:0):
>>>>>>>start training : DLinear_exchange_rate_336_720_S_channels_1_DLinear_S_channels_7>>>>>>>>>>>>>>>>>>>>>>>>>>
train 4256
val 41
test 798
	iters: 100, epoch: 1 | loss: 0.4680173
	speed: 0.0053s/iter; time left: 27.5887s
	iters: 200, epoch: 1 | loss: 0.5589404
	speed: 0.0030s/iter; time left: 15.2918s
	iters: 300, epoch: 1 | loss: 0.4117291
	speed: 0.0030s/iter; time left: 14.8535s
	iters: 400, epoch: 1 | loss: 0.7136614
	speed: 0.0030s/iter; time left: 14.6978s
	iters: 500, epoch: 1 | loss: 0.6598141
	speed: 0.0030s/iter; time left: 14.6712s
Epoch: 1 cost time: 1.8 seconds
Epoch: 1, Steps: 532 | Train Loss: 0.6390650 Vali Loss: 2.6334069 Test Loss: 1.0420005
Validation loss decreased (inf --> 2.633407).  Saving model ...
Updating learning rate to 0.0005
	iters: 100, epoch: 2 | loss: 0.5391307
	speed: 0.0134s/iter; time left: 62.9456s
	iters: 200, epoch: 2 | loss: 0.8181572
	speed: 0.0030s/iter; time left: 13.7230s
	iters: 300, epoch: 2 | loss: 0.4243737
	speed: 0.0030s/iter; time left: 13.4380s
	iters: 400, epoch: 2 | loss: 0.8986062
	speed: 0.0030s/iter; time left: 13.1517s
	iters: 500, epoch: 2 | loss: 0.5477104
	speed: 0.0030s/iter; time left: 12.8672s
Epoch: 2 cost time: 1.9 seconds
Epoch: 2, Steps: 532 | Train Loss: 0.6064202 Vali Loss: 3.1579285 Test Loss: 1.7524329
EarlyStopping counter: 1 out of 3
Updating learning rate to 0.00025
	iters: 100, epoch: 3 | loss: 0.8287769
	speed: 0.0141s/iter; time left: 58.6603s
	iters: 200, epoch: 3 | loss: 0.9044890
	speed: 0.0030s/iter; time left: 12.2660s
	iters: 300, epoch: 3 | loss: 0.3148620
	speed: 0.0030s/iter; time left: 11.8169s
	iters: 400, epoch: 3 | loss: 0.5877962
	speed: 0.0030s/iter; time left: 11.6489s
	iters: 500, epoch: 3 | loss: 0.4147076
	speed: 0.0030s/iter; time left: 11.2116s
Epoch: 3 cost time: 1.9 seconds
Epoch: 3, Steps: 532 | Train Loss: 0.5981825 Vali Loss: 2.5021403 Test Loss: 0.9806861
Validation loss decreased (2.633407 --> 2.502140).  Saving model ...
Updating learning rate to 0.000125
	iters: 100, epoch: 4 | loss: 0.3770598
	speed: 0.0138s/iter; time left: 49.9287s
	iters: 200, epoch: 4 | loss: 0.3619164
	speed: 0.0030s/iter; time left: 10.5227s
	iters: 300, epoch: 4 | loss: 1.1313636
	speed: 0.0030s/iter; time left: 10.1904s
	iters: 400, epoch: 4 | loss: 0.5556272
	speed: 0.0030s/iter; time left: 10.0436s
	iters: 500, epoch: 4 | loss: 0.7863404
	speed: 0.0030s/iter; time left: 9.6036s
Epoch: 4 cost time: 1.9 seconds
Epoch: 4, Steps: 532 | Train Loss: 0.5880764 Vali Loss: 2.7718976 Test Loss: 1.3452069
EarlyStopping counter: 1 out of 3
Updating learning rate to 6.25e-05
	iters: 100, epoch: 5 | loss: 0.4291974
	speed: 0.0132s/iter; time left: 40.9505s
	iters: 200, epoch: 5 | loss: 0.4821397
	speed: 0.0030s/iter; time left: 8.9538s
	iters: 300, epoch: 5 | loss: 0.2712950
	speed: 0.0030s/iter; time left: 8.6947s
	iters: 400, epoch: 5 | loss: 0.7618785
	speed: 0.0030s/iter; time left: 8.3340s
	iters: 500, epoch: 5 | loss: 0.3849627
	speed: 0.0030s/iter; time left: 8.0260s
Epoch: 5 cost time: 1.8 seconds
Epoch: 5, Steps: 532 | Train Loss: 0.5846132 Vali Loss: 2.9284122 Test Loss: 1.5131748
EarlyStopping counter: 2 out of 3
Updating learning rate to 3.125e-05
	iters: 100, epoch: 6 | loss: 0.9537411
	speed: 0.0142s/iter; time left: 36.4512s
	iters: 200, epoch: 6 | loss: 0.6181017
	speed: 0.0030s/iter; time left: 7.3693s
	iters: 300, epoch: 6 | loss: 0.3059489
	speed: 0.0030s/iter; time left: 7.0272s
	iters: 400, epoch: 6 | loss: 0.8206370
	speed: 0.0030s/iter; time left: 6.8107s
	iters: 500, epoch: 6 | loss: 0.9336558
	speed: 0.0030s/iter; time left: 6.4359s
Epoch: 6 cost time: 1.9 seconds
Epoch: 6, Steps: 532 | Train Loss: 0.5845776 Vali Loss: 2.7106862 Test Loss: 1.2627004
EarlyStopping counter: 3 out of 3
Early stopping
>>>>>>>testing : DLinear_exchange_rate_336_720_S_channels_1_DLinear_S_channels_7<<<<<<<<<<<<<<<<<<<<<<<<<<<<<<<<<
test 798
DLinear_exchange_rate_336_720_S_channels_1_DLinear_S_channels_7
Shapes: pred (792, 720, 1), true (792, 720, 1), naive_pred (792, 720, 1)
Shapes: gt (99, 1056), pd (99, 1056), naive_pd (99, 1056)
Final Metrics:
DLinear      MSE: 0.980686   MAE: 0.783331   SE: 0.927702   RRMSE: 0.576888   RMAE: 0.456322   (numpy)
DLinear      MSE: 0.980686   MAE: 0.783331   SE: 0.927702   RRMSE: 0.576888   RMAE: 0.456322   (torch)

Repeat       MSE: 1.002388   MAE: 0.764844   SE: 1.831217   RRMSE: 0.583236   RMAE: 0.445552   (numpy)
Repeat       MSE: 1.002388   MAE: 0.764844   SE: 1.831217   RRMSE: 0.583236   RMAE: 0.445553   (torch)

