Args in experiment:
Namespace(is_training=1, model_id='DLinear_FITS_MRO_336_96_S_channels_1', model='DLinear_FITS', data='custom', root_path='./dataset/', data_path='MRO.csv', features='S', target='Adj Close', freq='h', checkpoints='./checkpoints/', seq_len=336, label_len=48, pred_len=96, individual=False, embed_type=0, enc_in=6, dec_in=7, c_out=7, d_model=512, n_heads=8, e_layers=2, d_layers=1, d_ff=2048, moving_avg=25, factor=1, distil=True, dropout=0.05, embed='timeF', activation='gelu', output_attention=False, do_predict=False, num_workers=10, itr=1, train_epochs=10, batch_size=8, patience=3, learning_rate=0.0005, des='Exp', loss='mse', lradj='type1', use_amp=False, use_gpu=True, gpu=0, use_multi_gpu=False, devices='0,1,2,3', test_flop=False)
DLinear_FITS_MRO_336_96_S_channels_1_DLinear_FITS_S_channels_6
Using GPU: NVIDIA GeForce RTX 4070 (cuda:0):
FITS cutoff frequency: 49
>>>>>>>start training : DLinear_FITS_MRO_336_96_S_channels_1_DLinear_FITS_S_channels_6>>>>>>>>>>>>>>>>>>>>>>>>>>
train 10575
val 1479
test 3049
	iters: 100, epoch: 1 | loss: 0.0773825
	speed: 0.0196s/iter; time left: 257.5766s
	iters: 200, epoch: 1 | loss: 0.0260714
	speed: 0.0066s/iter; time left: 85.3310s
	iters: 300, epoch: 1 | loss: 0.0630936
	speed: 0.0069s/iter; time left: 89.3606s
	iters: 400, epoch: 1 | loss: 0.0875444
	speed: 0.0072s/iter; time left: 91.9246s
	iters: 500, epoch: 1 | loss: 0.0226462
	speed: 0.0067s/iter; time left: 85.1031s
	iters: 600, epoch: 1 | loss: 0.0426304
	speed: 0.0069s/iter; time left: 86.8950s
	iters: 700, epoch: 1 | loss: 0.0351197
	speed: 0.0072s/iter; time left: 89.5920s
	iters: 800, epoch: 1 | loss: 0.0290262
	speed: 0.0071s/iter; time left: 88.7357s
	iters: 900, epoch: 1 | loss: 0.0665100
	speed: 0.0079s/iter; time left: 97.2717s
	iters: 1000, epoch: 1 | loss: 0.0479157
	speed: 0.0069s/iter; time left: 84.8274s
	iters: 1100, epoch: 1 | loss: 0.0177891
	speed: 0.0069s/iter; time left: 83.4745s
	iters: 1200, epoch: 1 | loss: 0.0320785
	speed: 0.0072s/iter; time left: 85.9853s
	iters: 1300, epoch: 1 | loss: 0.0271698
	speed: 0.0073s/iter; time left: 86.6437s
Epoch: 1 cost time: 10.2 seconds
Epoch: 1, Steps: 1321 | Train Loss: 0.0450609 Vali Loss: 3.0796967 Test Loss: 3.9337783
Validation loss decreased (inf --> 3.079697).  Saving model ...
Updating learning rate to 0.0005
	iters: 100, epoch: 2 | loss: 0.0090556
	speed: 0.0442s/iter; time left: 521.4699s
	iters: 200, epoch: 2 | loss: 0.0183635
	speed: 0.0065s/iter; time left: 75.9346s
	iters: 300, epoch: 2 | loss: 0.0301396
	speed: 0.0068s/iter; time left: 79.2588s
	iters: 400, epoch: 2 | loss: 0.0207268
	speed: 0.0073s/iter; time left: 83.4571s
	iters: 500, epoch: 2 | loss: 0.0644061
	speed: 0.0069s/iter; time left: 78.2808s
	iters: 600, epoch: 2 | loss: 0.0188387
	speed: 0.0068s/iter; time left: 76.5709s
	iters: 700, epoch: 2 | loss: 0.0333107
	speed: 0.0072s/iter; time left: 80.7906s
	iters: 800, epoch: 2 | loss: 0.0441581
	speed: 0.0075s/iter; time left: 82.7339s
	iters: 900, epoch: 2 | loss: 0.0375537
	speed: 0.0076s/iter; time left: 83.8761s
	iters: 1000, epoch: 2 | loss: 0.0190017
	speed: 0.0074s/iter; time left: 80.1776s
	iters: 1100, epoch: 2 | loss: 0.0331456
	speed: 0.0077s/iter; time left: 82.5618s
	iters: 1200, epoch: 2 | loss: 0.0223550
	speed: 0.0073s/iter; time left: 77.9151s
	iters: 1300, epoch: 2 | loss: 0.0267603
	speed: 0.0070s/iter; time left: 74.1735s
Epoch: 2 cost time: 9.7 seconds
Epoch: 2, Steps: 1321 | Train Loss: 0.0377757 Vali Loss: 3.6163492 Test Loss: 4.9427066
EarlyStopping counter: 1 out of 3
Updating learning rate to 0.00025
	iters: 100, epoch: 3 | loss: 0.0148773
	speed: 0.0429s/iter; time left: 449.0976s
	iters: 200, epoch: 3 | loss: 0.0292936
	speed: 0.0066s/iter; time left: 68.0069s
	iters: 300, epoch: 3 | loss: 0.0221202
	speed: 0.0070s/iter; time left: 72.1007s
	iters: 400, epoch: 3 | loss: 0.0158856
	speed: 0.0068s/iter; time left: 69.1368s
	iters: 500, epoch: 3 | loss: 0.0167606
	speed: 0.0068s/iter; time left: 68.7399s
	iters: 600, epoch: 3 | loss: 0.0297097
	speed: 0.0067s/iter; time left: 66.4769s
	iters: 700, epoch: 3 | loss: 0.0398863
	speed: 0.0069s/iter; time left: 67.9566s
	iters: 800, epoch: 3 | loss: 0.0215270
	speed: 0.0072s/iter; time left: 70.7485s
	iters: 900, epoch: 3 | loss: 0.0170214
	speed: 0.0071s/iter; time left: 69.0940s
	iters: 1000, epoch: 3 | loss: 0.0318296
	speed: 0.0070s/iter; time left: 67.2760s
	iters: 1100, epoch: 3 | loss: 0.0246408
	speed: 0.0070s/iter; time left: 66.5462s
	iters: 1200, epoch: 3 | loss: 0.0127107
	speed: 0.0069s/iter; time left: 64.7433s
	iters: 1300, epoch: 3 | loss: 0.0263200
	speed: 0.0070s/iter; time left: 65.3351s
Epoch: 3 cost time: 9.4 seconds
Epoch: 3, Steps: 1321 | Train Loss: 0.0342494 Vali Loss: 2.7356009 Test Loss: 3.6544943
Validation loss decreased (3.079697 --> 2.735601).  Saving model ...
Updating learning rate to 0.000125
	iters: 100, epoch: 4 | loss: 0.0087866
	speed: 0.0425s/iter; time left: 388.5271s
	iters: 200, epoch: 4 | loss: 0.0232264
	speed: 0.0071s/iter; time left: 64.4172s
	iters: 300, epoch: 4 | loss: 0.0454568
	speed: 0.0071s/iter; time left: 63.7815s
	iters: 400, epoch: 4 | loss: 0.0310189
	speed: 0.0071s/iter; time left: 63.1986s
	iters: 500, epoch: 4 | loss: 0.0485354
	speed: 0.0071s/iter; time left: 62.2810s
	iters: 600, epoch: 4 | loss: 0.0078707
	speed: 0.0073s/iter; time left: 62.7597s
	iters: 700, epoch: 4 | loss: 0.0773400
	speed: 0.0073s/iter; time left: 62.0055s
	iters: 800, epoch: 4 | loss: 0.0221044
	speed: 0.0069s/iter; time left: 58.0806s
	iters: 900, epoch: 4 | loss: 0.0330217
	speed: 0.0072s/iter; time left: 60.0257s
	iters: 1000, epoch: 4 | loss: 0.0383593
	speed: 0.0070s/iter; time left: 57.6544s
	iters: 1100, epoch: 4 | loss: 0.0217901
	speed: 0.0072s/iter; time left: 58.5066s
	iters: 1200, epoch: 4 | loss: 0.0645159
	speed: 0.0069s/iter; time left: 55.8441s
	iters: 1300, epoch: 4 | loss: 0.0997488
	speed: 0.0071s/iter; time left: 56.5901s
Epoch: 4 cost time: 9.7 seconds
Epoch: 4, Steps: 1321 | Train Loss: 0.0323884 Vali Loss: 2.4949510 Test Loss: 3.2227671
Validation loss decreased (2.735601 --> 2.494951).  Saving model ...
Updating learning rate to 6.25e-05
	iters: 100, epoch: 5 | loss: 0.0551959
	speed: 0.0437s/iter; time left: 342.3440s
	iters: 200, epoch: 5 | loss: 0.0216483
	speed: 0.0079s/iter; time left: 61.4130s
	iters: 300, epoch: 5 | loss: 0.0072614
	speed: 0.0082s/iter; time left: 62.2864s
	iters: 400, epoch: 5 | loss: 0.0172916
	speed: 0.0079s/iter; time left: 59.3144s
	iters: 500, epoch: 5 | loss: 0.0095912
	speed: 0.0076s/iter; time left: 56.7674s
	iters: 600, epoch: 5 | loss: 0.0089515
	speed: 0.0077s/iter; time left: 56.6944s
	iters: 700, epoch: 5 | loss: 0.0080656
	speed: 0.0073s/iter; time left: 53.0702s
	iters: 800, epoch: 5 | loss: 0.0252850
	speed: 0.0065s/iter; time left: 46.6803s
	iters: 900, epoch: 5 | loss: 0.0059143
	speed: 0.0073s/iter; time left: 51.4833s
	iters: 1000, epoch: 5 | loss: 0.0334060
	speed: 0.0068s/iter; time left: 46.8496s
	iters: 1100, epoch: 5 | loss: 0.0387260
	speed: 0.0066s/iter; time left: 45.2516s
	iters: 1200, epoch: 5 | loss: 0.0132414
	speed: 0.0070s/iter; time left: 46.8959s
	iters: 1300, epoch: 5 | loss: 0.0432096
	speed: 0.0085s/iter; time left: 56.0850s
Epoch: 5 cost time: 10.2 seconds
Epoch: 5, Steps: 1321 | Train Loss: 0.0317071 Vali Loss: 2.3709157 Test Loss: 2.9972334
Validation loss decreased (2.494951 --> 2.370916).  Saving model ...
Updating learning rate to 3.125e-05
	iters: 100, epoch: 6 | loss: 0.0386515
	speed: 0.0475s/iter; time left: 308.7166s
	iters: 200, epoch: 6 | loss: 0.0516373
	speed: 0.0086s/iter; time left: 55.1312s
	iters: 300, epoch: 6 | loss: 0.0802200
	speed: 0.0075s/iter; time left: 47.5834s
	iters: 400, epoch: 6 | loss: 0.0496990
	speed: 0.0071s/iter; time left: 44.0063s
	iters: 500, epoch: 6 | loss: 0.0045068
	speed: 0.0078s/iter; time left: 47.9225s
	iters: 600, epoch: 6 | loss: 0.0127734
	speed: 0.0071s/iter; time left: 42.7690s
	iters: 700, epoch: 6 | loss: 0.0108052
	speed: 0.0077s/iter; time left: 45.6584s
	iters: 800, epoch: 6 | loss: 0.0632212
	speed: 0.0075s/iter; time left: 43.3475s
	iters: 900, epoch: 6 | loss: 0.0473516
	speed: 0.0073s/iter; time left: 41.7074s
	iters: 1000, epoch: 6 | loss: 0.0495094
	speed: 0.0072s/iter; time left: 40.4594s
	iters: 1100, epoch: 6 | loss: 0.0462678
	speed: 0.0072s/iter; time left: 39.9020s
	iters: 1200, epoch: 6 | loss: 0.0193302
	speed: 0.0072s/iter; time left: 38.7084s
	iters: 1300, epoch: 6 | loss: 0.0114160
	speed: 0.0070s/iter; time left: 37.2872s
Epoch: 6 cost time: 10.3 seconds
Epoch: 6, Steps: 1321 | Train Loss: 0.0313406 Vali Loss: 2.4953651 Test Loss: 3.2542875
EarlyStopping counter: 1 out of 3
Updating learning rate to 1.5625e-05
	iters: 100, epoch: 7 | loss: 0.0248238
	speed: 0.0427s/iter; time left: 221.3679s
	iters: 200, epoch: 7 | loss: 0.0193784
	speed: 0.0079s/iter; time left: 40.3451s
	iters: 300, epoch: 7 | loss: 0.0276603
	speed: 0.0074s/iter; time left: 37.0966s
	iters: 400, epoch: 7 | loss: 0.0148722
	speed: 0.0071s/iter; time left: 34.8917s
	iters: 500, epoch: 7 | loss: 0.0119226
	speed: 0.0074s/iter; time left: 35.3919s
	iters: 600, epoch: 7 | loss: 0.0320407
	speed: 0.0073s/iter; time left: 34.2353s
	iters: 700, epoch: 7 | loss: 0.0231955
	speed: 0.0071s/iter; time left: 32.4335s
	iters: 800, epoch: 7 | loss: 0.0617753
	speed: 0.0075s/iter; time left: 33.5022s
	iters: 900, epoch: 7 | loss: 0.0159198
	speed: 0.0071s/iter; time left: 31.3325s
	iters: 1000, epoch: 7 | loss: 0.0292030
	speed: 0.0067s/iter; time left: 28.7630s
	iters: 1100, epoch: 7 | loss: 0.0086414
	speed: 0.0072s/iter; time left: 30.0285s
	iters: 1200, epoch: 7 | loss: 0.0533634
	speed: 0.0073s/iter; time left: 29.7124s
	iters: 1300, epoch: 7 | loss: 0.0778938
	speed: 0.0073s/iter; time left: 29.0821s
Epoch: 7 cost time: 9.9 seconds
Epoch: 7, Steps: 1321 | Train Loss: 0.0311041 Vali Loss: 2.4537938 Test Loss: 3.2055514
EarlyStopping counter: 2 out of 3
Updating learning rate to 7.8125e-06
	iters: 100, epoch: 8 | loss: 0.0244546
	speed: 0.0463s/iter; time left: 178.8811s
	iters: 200, epoch: 8 | loss: 0.0137520
	speed: 0.0080s/iter; time left: 30.1327s
	iters: 300, epoch: 8 | loss: 0.0134537
	speed: 0.0068s/iter; time left: 24.9228s
	iters: 400, epoch: 8 | loss: 0.0165825
	speed: 0.0071s/iter; time left: 25.1546s
	iters: 500, epoch: 8 | loss: 0.0134396
	speed: 0.0076s/iter; time left: 26.1812s
	iters: 600, epoch: 8 | loss: 0.0776884
	speed: 0.0068s/iter; time left: 22.9881s
	iters: 700, epoch: 8 | loss: 0.0362073
	speed: 0.0071s/iter; time left: 23.1278s
	iters: 800, epoch: 8 | loss: 0.0369609
	speed: 0.0071s/iter; time left: 22.5936s
	iters: 900, epoch: 8 | loss: 0.0184974
	speed: 0.0073s/iter; time left: 22.2327s
	iters: 1000, epoch: 8 | loss: 0.0463784
	speed: 0.0078s/iter; time left: 23.0700s
	iters: 1100, epoch: 8 | loss: 0.0200565
	speed: 0.0074s/iter; time left: 21.1625s
	iters: 1200, epoch: 8 | loss: 0.0297178
	speed: 0.0067s/iter; time left: 18.4175s
	iters: 1300, epoch: 8 | loss: 0.0118691
	speed: 0.0073s/iter; time left: 19.4347s
Epoch: 8 cost time: 10.0 seconds
Epoch: 8, Steps: 1321 | Train Loss: 0.0310049 Vali Loss: 2.4236128 Test Loss: 3.1240644
EarlyStopping counter: 3 out of 3
Early stopping
>>>>>>>testing : DLinear_FITS_MRO_336_96_S_channels_1_DLinear_FITS_S_channels_6<<<<<<<<<<<<<<<<<<<<<<<<<<<<<<<<<
test 3049
DLinear_FITS_MRO_336_96_S_channels_1_DLinear_FITS_S_channels_6
Shapes: pred (3048, 96, 1), true (3048, 96, 1), naive_pred (3048, 96, 1)
Shapes: gt (381, 432), pd (381, 432), naive_pd (381, 432)
Final Metrics:
DLinear_FITS MSE: 2.997233   MAE: 1.320696   SE: 5.574040   RRMSE: 0.206157   RMAE: 0.157268   (numpy)
DLinear_FITS MSE: 2.997233   MAE: 1.320696   SE: 5.574040   RRMSE: 0.206157   RMAE: 0.157268   (torch)

Repeat       MSE: 2.870288   MAE: 1.261266   SE: 5.347196   RRMSE: 0.201744   RMAE: 0.150191   (numpy)
Repeat       MSE: 2.870288   MAE: 1.261266   SE: 5.347196   RRMSE: 0.201744   RMAE: 0.150191   (torch)


Model(
  (decomposition): SeriesDecomp(
    (moving_avg): MovingAvg(
      (avg): AvgPool1d(kernel_size=(25,), stride=(1,), padding=(0,))
    )
  )
  (fits): FITS(
    (frequency_upsampler): Linear(in_features=49, out_features=63, bias=True)
  )
  (Linear_Seasonal): Linear(in_features=336, out_features=96, bias=True)
  (Linear_Trend): Linear(in_features=336, out_features=96, bias=True)
)
