Args in experiment:
Namespace(is_training=1, model_id='DLinear_FITS_GD_336_720_S_channels_1', model='DLinear_FITS', data='custom', root_path='./dataset/', data_path='GD.csv', features='S', target='Adj Close', freq='h', checkpoints='./checkpoints/', seq_len=336, label_len=48, pred_len=720, individual=False, embed_type=0, enc_in=6, dec_in=7, c_out=7, d_model=512, n_heads=8, e_layers=2, d_layers=1, d_ff=2048, moving_avg=25, factor=1, distil=True, dropout=0.05, embed='timeF', activation='gelu', output_attention=False, do_predict=False, num_workers=10, itr=1, train_epochs=10, batch_size=8, patience=3, learning_rate=0.0005, des='Exp', loss='mse', lradj='type1', use_amp=False, use_gpu=True, gpu=0, use_multi_gpu=False, devices='0,1,2,3', test_flop=False)
DLinear_FITS_GD_336_720_S_channels_1_DLinear_FITS_S_channels_6
Using GPU: NVIDIA GeForce RTX 4070 (cuda:0):
FITS cutoff frequency: 49
>>>>>>>start training : DLinear_FITS_GD_336_720_S_channels_1_DLinear_FITS_S_channels_6>>>>>>>>>>>>>>>>>>>>>>>>>>
train 9951
val 855
test 2425
	iters: 100, epoch: 1 | loss: 0.2023821
	speed: 0.0191s/iter; time left: 235.5173s
	iters: 200, epoch: 1 | loss: 0.1151606
	speed: 0.0067s/iter; time left: 82.4285s
	iters: 300, epoch: 1 | loss: 0.0667991
	speed: 0.0066s/iter; time left: 79.4629s
	iters: 400, epoch: 1 | loss: 0.0350121
	speed: 0.0066s/iter; time left: 79.1280s
	iters: 500, epoch: 1 | loss: 0.1339448
	speed: 0.0062s/iter; time left: 74.2382s
	iters: 600, epoch: 1 | loss: 0.0367007
	speed: 0.0063s/iter; time left: 74.8017s
	iters: 700, epoch: 1 | loss: 0.1633753
	speed: 0.0064s/iter; time left: 74.6029s
	iters: 800, epoch: 1 | loss: 0.0785390
	speed: 0.0069s/iter; time left: 79.9555s
	iters: 900, epoch: 1 | loss: 0.0304272
	speed: 0.0070s/iter; time left: 80.7841s
	iters: 1000, epoch: 1 | loss: 0.0191838
	speed: 0.0073s/iter; time left: 83.2462s
	iters: 1100, epoch: 1 | loss: 0.0217377
	speed: 0.0078s/iter; time left: 88.0305s
	iters: 1200, epoch: 1 | loss: 0.0556838
	speed: 0.0074s/iter; time left: 82.8242s
Epoch: 1 cost time: 9.4 seconds
Epoch: 1, Steps: 1243 | Train Loss: 0.0657395 Vali Loss: 4.5200787 Test Loss: 20.0483704
Validation loss decreased (inf --> 4.520079).  Saving model ...
Updating learning rate to 0.0005
	iters: 100, epoch: 2 | loss: 0.0342531
	speed: 0.0394s/iter; time left: 436.9332s
	iters: 200, epoch: 2 | loss: 0.0091274
	speed: 0.0076s/iter; time left: 83.5689s
	iters: 300, epoch: 2 | loss: 0.0172787
	speed: 0.0079s/iter; time left: 86.1783s
	iters: 400, epoch: 2 | loss: 0.0674936
	speed: 0.0074s/iter; time left: 80.0731s
	iters: 500, epoch: 2 | loss: 0.0513978
	speed: 0.0074s/iter; time left: 79.0572s
	iters: 600, epoch: 2 | loss: 0.0311277
	speed: 0.0074s/iter; time left: 78.1284s
	iters: 700, epoch: 2 | loss: 0.0409293
	speed: 0.0071s/iter; time left: 74.9628s
	iters: 800, epoch: 2 | loss: 0.0253274
	speed: 0.0071s/iter; time left: 74.1038s
	iters: 900, epoch: 2 | loss: 0.0069869
	speed: 0.0071s/iter; time left: 73.3143s
	iters: 1000, epoch: 2 | loss: 0.0413971
	speed: 0.0071s/iter; time left: 72.4494s
	iters: 1100, epoch: 2 | loss: 0.0509394
	speed: 0.0078s/iter; time left: 78.6648s
	iters: 1200, epoch: 2 | loss: 0.0394302
	speed: 0.0077s/iter; time left: 76.7438s
Epoch: 2 cost time: 9.6 seconds
Epoch: 2, Steps: 1243 | Train Loss: 0.0465280 Vali Loss: 3.6164818 Test Loss: 17.5829029
Validation loss decreased (4.520079 --> 3.616482).  Saving model ...
Updating learning rate to 0.00025
	iters: 100, epoch: 3 | loss: 0.0641203
	speed: 0.0428s/iter; time left: 421.0935s
	iters: 200, epoch: 3 | loss: 0.0739271
	speed: 0.0068s/iter; time left: 66.5018s
	iters: 300, epoch: 3 | loss: 0.0334085
	speed: 0.0071s/iter; time left: 68.1631s
	iters: 400, epoch: 3 | loss: 0.0206722
	speed: 0.0071s/iter; time left: 67.6628s
	iters: 500, epoch: 3 | loss: 0.0397036
	speed: 0.0066s/iter; time left: 62.5291s
	iters: 600, epoch: 3 | loss: 0.0299420
	speed: 0.0071s/iter; time left: 66.2534s
	iters: 700, epoch: 3 | loss: 0.0498726
	speed: 0.0071s/iter; time left: 66.0437s
	iters: 800, epoch: 3 | loss: 0.0222040
	speed: 0.0073s/iter; time left: 66.5518s
	iters: 900, epoch: 3 | loss: 0.0080534
	speed: 0.0072s/iter; time left: 65.1627s
	iters: 1000, epoch: 3 | loss: 0.0182575
	speed: 0.0074s/iter; time left: 65.8174s
	iters: 1100, epoch: 3 | loss: 0.0364863
	speed: 0.0072s/iter; time left: 63.2744s
	iters: 1200, epoch: 3 | loss: 0.0296219
	speed: 0.0069s/iter; time left: 60.1844s
Epoch: 3 cost time: 9.2 seconds
Epoch: 3, Steps: 1243 | Train Loss: 0.0418019 Vali Loss: 4.5713077 Test Loss: 19.2929726
EarlyStopping counter: 1 out of 3
Updating learning rate to 0.000125
	iters: 100, epoch: 4 | loss: 0.0071826
	speed: 0.0384s/iter; time left: 330.4616s
	iters: 200, epoch: 4 | loss: 0.0474485
	speed: 0.0075s/iter; time left: 63.8581s
	iters: 300, epoch: 4 | loss: 0.0193652
	speed: 0.0075s/iter; time left: 63.3247s
	iters: 400, epoch: 4 | loss: 0.0159141
	speed: 0.0075s/iter; time left: 62.1578s
	iters: 500, epoch: 4 | loss: 0.0125891
	speed: 0.0074s/iter; time left: 60.8110s
	iters: 600, epoch: 4 | loss: 0.0602383
	speed: 0.0074s/iter; time left: 59.5741s
	iters: 700, epoch: 4 | loss: 0.0820611
	speed: 0.0072s/iter; time left: 57.7927s
	iters: 800, epoch: 4 | loss: 0.0183701
	speed: 0.0071s/iter; time left: 56.1108s
	iters: 900, epoch: 4 | loss: 0.0271803
	speed: 0.0075s/iter; time left: 58.5218s
	iters: 1000, epoch: 4 | loss: 0.0111462
	speed: 0.0077s/iter; time left: 59.0630s
	iters: 1100, epoch: 4 | loss: 0.0361875
	speed: 0.0076s/iter; time left: 57.9559s
	iters: 1200, epoch: 4 | loss: 0.0433060
	speed: 0.0078s/iter; time left: 58.1608s
Epoch: 4 cost time: 9.7 seconds
Epoch: 4, Steps: 1243 | Train Loss: 0.0398897 Vali Loss: 4.5755987 Test Loss: 18.9465542
EarlyStopping counter: 2 out of 3
Updating learning rate to 6.25e-05
	iters: 100, epoch: 5 | loss: 0.0241623
	speed: 0.0403s/iter; time left: 296.6075s
	iters: 200, epoch: 5 | loss: 0.0260904
	speed: 0.0072s/iter; time left: 52.1915s
	iters: 300, epoch: 5 | loss: 0.0397238
	speed: 0.0072s/iter; time left: 51.2042s
	iters: 400, epoch: 5 | loss: 0.0138709
	speed: 0.0077s/iter; time left: 54.6536s
	iters: 500, epoch: 5 | loss: 0.0445117
	speed: 0.0083s/iter; time left: 57.9100s
	iters: 600, epoch: 5 | loss: 0.0282845
	speed: 0.0078s/iter; time left: 53.2163s
	iters: 700, epoch: 5 | loss: 0.1561582
	speed: 0.0075s/iter; time left: 50.6265s
	iters: 800, epoch: 5 | loss: 0.0089099
	speed: 0.0072s/iter; time left: 48.0932s
	iters: 900, epoch: 5 | loss: 0.0164417
	speed: 0.0065s/iter; time left: 42.3267s
	iters: 1000, epoch: 5 | loss: 0.0785231
	speed: 0.0072s/iter; time left: 46.2921s
	iters: 1100, epoch: 5 | loss: 0.0350335
	speed: 0.0073s/iter; time left: 46.1414s
	iters: 1200, epoch: 5 | loss: 0.0138449
	speed: 0.0074s/iter; time left: 46.4347s
Epoch: 5 cost time: 9.7 seconds
Epoch: 5, Steps: 1243 | Train Loss: 0.0386963 Vali Loss: 4.7877083 Test Loss: 19.9498291
EarlyStopping counter: 3 out of 3
Early stopping
>>>>>>>testing : DLinear_FITS_GD_336_720_S_channels_1_DLinear_FITS_S_channels_6<<<<<<<<<<<<<<<<<<<<<<<<<<<<<<<<<
test 2425
DLinear_FITS_GD_336_720_S_channels_1_DLinear_FITS_S_channels_6
Shapes: pred (2424, 720, 1), true (2424, 720, 1), naive_pred (2424, 720, 1)
Shapes: gt (303, 1056), pd (303, 1056), naive_pd (303, 1056)
Final Metrics:
DLinear_FITS MSE: 17.582905  MAE: 3.279742   SE: 37.847317  RRMSE: 0.271519   RMAE: 0.212370   (numpy)
DLinear_FITS MSE: 17.582903  MAE: 3.279741   SE: 37.847317  RRMSE: 0.271519   RMAE: 0.212370   (torch)

Repeat       MSE: 20.162743  MAE: 3.575489   SE: 46.713753  RRMSE: 0.290756   RMAE: 0.231521   (numpy)
Repeat       MSE: 20.162741  MAE: 3.575489   SE: 46.713760  RRMSE: 0.290756   RMAE: 0.231521   (torch)


Model(
  (decomposition): SeriesDecomp(
    (moving_avg): MovingAvg(
      (avg): AvgPool1d(kernel_size=(25,), stride=(1,), padding=(0,))
    )
  )
  (fits): FITS(
    (frequency_upsampler): Linear(in_features=49, out_features=154, bias=True)
  )
  (Linear_Seasonal): Linear(in_features=336, out_features=720, bias=True)
  (Linear_Trend): Linear(in_features=336, out_features=720, bias=True)
)
