Args in experiment:
Namespace(activation='gelu', batch_size=8, c_out=7, checkpoints='./checkpoints/', d_ff=2048, d_layers=1, d_model=512, data='custom', data_path='MRO.csv', dec_in=7, des='Exp', devices='0,1,2,3', distil=True, do_predict=False, dropout=0.05, e_layers=2, embed='timeF', embed_type=0, enc_in=6, factor=1, features='S', freq='h', gpu=0, individual=False, is_training=1, itr=1, label_len=48, learning_rate=0.0005, loss='mse', lradj='type1', model='DLinear', model_id='DLinear_MRO_336_96_S_channels_1', moving_avg=25, n_heads=8, num_workers=10, output_attention=False, patience=3, pred_len=96, root_path='./dataset/', seq_len=336, target='Adj Close', test_flop=False, train_epochs=10, use_amp=False, use_gpu=True, use_multi_gpu=False)
DLinear_MRO_336_96_S_channels_1_DLinear_S_channels_6
Using GPU: NVIDIA GeForce GTX 1080 Ti (cuda:0):
>>>>>>>start training : DLinear_MRO_336_96_S_channels_1_DLinear_S_channels_6>>>>>>>>>>>>>>>>>>>>>>>>>>
train 10575
val 1479
test 3049
	iters: 100, epoch: 1 | loss: 0.0785316
	speed: 0.0051s/iter; time left: 67.3441s
	iters: 200, epoch: 1 | loss: 0.0211503
	speed: 0.0029s/iter; time left: 37.8503s
	iters: 300, epoch: 1 | loss: 0.0378468
	speed: 0.0029s/iter; time left: 37.2031s
	iters: 400, epoch: 1 | loss: 0.0227498
	speed: 0.0029s/iter; time left: 37.4966s
	iters: 500, epoch: 1 | loss: 0.0104216
	speed: 0.0029s/iter; time left: 36.7010s
	iters: 600, epoch: 1 | loss: 0.0499452
	speed: 0.0029s/iter; time left: 36.3373s
	iters: 700, epoch: 1 | loss: 0.0372303
	speed: 0.0029s/iter; time left: 36.1520s
	iters: 800, epoch: 1 | loss: 0.0432144
	speed: 0.0029s/iter; time left: 36.0827s
	iters: 900, epoch: 1 | loss: 0.0198680
	speed: 0.0029s/iter; time left: 35.7450s
	iters: 1000, epoch: 1 | loss: 0.0218753
	speed: 0.0029s/iter; time left: 35.2773s
	iters: 1100, epoch: 1 | loss: 0.0412188
	speed: 0.0029s/iter; time left: 34.9861s
	iters: 1200, epoch: 1 | loss: 0.0480922
	speed: 0.0029s/iter; time left: 34.6637s
	iters: 1300, epoch: 1 | loss: 0.0082896
	speed: 0.0029s/iter; time left: 34.4115s
Epoch: 1 cost time: 4.1 seconds
Epoch: 1, Steps: 1321 | Train Loss: 0.0469683 Vali Loss: 3.4634976 Test Loss: 4.8062916
Validation loss decreased (inf --> 3.463498).  Saving model ...
Updating learning rate to 0.0005
	iters: 100, epoch: 2 | loss: 0.1050209
	speed: 0.0237s/iter; time left: 279.4183s
	iters: 200, epoch: 2 | loss: 0.0115190
	speed: 0.0029s/iter; time left: 34.2126s
	iters: 300, epoch: 2 | loss: 0.0563908
	speed: 0.0030s/iter; time left: 34.6250s
	iters: 400, epoch: 2 | loss: 0.0430871
	speed: 0.0031s/iter; time left: 35.2414s
	iters: 500, epoch: 2 | loss: 0.1731445
	speed: 0.0031s/iter; time left: 34.8430s
	iters: 600, epoch: 2 | loss: 0.0257945
	speed: 0.0031s/iter; time left: 34.5036s
	iters: 700, epoch: 2 | loss: 0.1482331
	speed: 0.0031s/iter; time left: 34.2047s
	iters: 800, epoch: 2 | loss: 0.0104724
	speed: 0.0031s/iter; time left: 33.9947s
	iters: 900, epoch: 2 | loss: 0.1409720
	speed: 0.0031s/iter; time left: 33.9380s
	iters: 1000, epoch: 2 | loss: 0.0111751
	speed: 0.0030s/iter; time left: 33.1105s
	iters: 1100, epoch: 2 | loss: 0.0160791
	speed: 0.0031s/iter; time left: 33.1571s
	iters: 1200, epoch: 2 | loss: 0.0345497
	speed: 0.0031s/iter; time left: 33.0615s
	iters: 1300, epoch: 2 | loss: 0.0208654
	speed: 0.0031s/iter; time left: 32.8860s
Epoch: 2 cost time: 4.3 seconds
Epoch: 2, Steps: 1321 | Train Loss: 0.0392008 Vali Loss: 3.2786493 Test Loss: 4.4323716
Validation loss decreased (3.463498 --> 3.278649).  Saving model ...
Updating learning rate to 0.00025
	iters: 100, epoch: 3 | loss: 0.0217646
	speed: 0.0256s/iter; time left: 268.1637s
	iters: 200, epoch: 3 | loss: 0.0263435
	speed: 0.0031s/iter; time left: 32.2923s
	iters: 300, epoch: 3 | loss: 0.0377666
	speed: 0.0032s/iter; time left: 33.2238s
	iters: 400, epoch: 3 | loss: 0.0129184
	speed: 0.0031s/iter; time left: 31.8019s
	iters: 500, epoch: 3 | loss: 0.0103965
	speed: 0.0031s/iter; time left: 31.2195s
	iters: 600, epoch: 3 | loss: 0.0419432
	speed: 0.0031s/iter; time left: 30.9183s
	iters: 700, epoch: 3 | loss: 0.0186456
	speed: 0.0031s/iter; time left: 30.7396s
	iters: 800, epoch: 3 | loss: 0.0252301
	speed: 0.0031s/iter; time left: 30.2289s
	iters: 900, epoch: 3 | loss: 0.0276981
	speed: 0.0031s/iter; time left: 29.8125s
	iters: 1000, epoch: 3 | loss: 0.0246502
	speed: 0.0031s/iter; time left: 29.9018s
	iters: 1100, epoch: 3 | loss: 0.0549726
	speed: 0.0031s/iter; time left: 29.4607s
	iters: 1200, epoch: 3 | loss: 0.0217430
	speed: 0.0031s/iter; time left: 28.9748s
	iters: 1300, epoch: 3 | loss: 0.0252417
	speed: 0.0031s/iter; time left: 28.9729s
Epoch: 3 cost time: 4.4 seconds
Epoch: 3, Steps: 1321 | Train Loss: 0.0342776 Vali Loss: 2.3536811 Test Loss: 2.9205270
Validation loss decreased (3.278649 --> 2.353681).  Saving model ...
Updating learning rate to 0.000125
	iters: 100, epoch: 4 | loss: 0.0126583
	speed: 0.0264s/iter; time left: 241.1432s
	iters: 200, epoch: 4 | loss: 0.0186706
	speed: 0.0031s/iter; time left: 28.1888s
	iters: 300, epoch: 4 | loss: 0.0086577
	speed: 0.0031s/iter; time left: 27.7780s
	iters: 400, epoch: 4 | loss: 0.0128695
	speed: 0.0034s/iter; time left: 30.0901s
	iters: 500, epoch: 4 | loss: 0.0142696
	speed: 0.0031s/iter; time left: 27.1645s
	iters: 600, epoch: 4 | loss: 0.0142346
	speed: 0.0031s/iter; time left: 26.9378s
	iters: 700, epoch: 4 | loss: 0.0159070
	speed: 0.0031s/iter; time left: 26.6471s
	iters: 800, epoch: 4 | loss: 0.0053935
	speed: 0.0034s/iter; time left: 28.8410s
	iters: 900, epoch: 4 | loss: 0.0205724
	speed: 0.0031s/iter; time left: 26.0149s
	iters: 1000, epoch: 4 | loss: 0.0105154
	speed: 0.0031s/iter; time left: 25.6101s
	iters: 1100, epoch: 4 | loss: 0.0790136
	speed: 0.0031s/iter; time left: 25.5401s
	iters: 1200, epoch: 4 | loss: 0.0197005
	speed: 0.0031s/iter; time left: 25.1291s
	iters: 1300, epoch: 4 | loss: 0.0165902
	speed: 0.0031s/iter; time left: 24.5182s
Epoch: 4 cost time: 4.5 seconds
Epoch: 4, Steps: 1321 | Train Loss: 0.0323020 Vali Loss: 2.4717693 Test Loss: 3.2052376
EarlyStopping counter: 1 out of 3
Updating learning rate to 6.25e-05
	iters: 100, epoch: 5 | loss: 0.0495641
	speed: 0.0250s/iter; time left: 195.9196s
	iters: 200, epoch: 5 | loss: 0.0085627
	speed: 0.0032s/iter; time left: 24.3946s
	iters: 300, epoch: 5 | loss: 0.0397022
	speed: 0.0031s/iter; time left: 23.8153s
	iters: 400, epoch: 5 | loss: 0.0166586
	speed: 0.0031s/iter; time left: 23.6158s
	iters: 500, epoch: 5 | loss: 0.0513816
	speed: 0.0032s/iter; time left: 23.5545s
	iters: 600, epoch: 5 | loss: 0.0393702
	speed: 0.0031s/iter; time left: 22.7481s
	iters: 700, epoch: 5 | loss: 0.0587331
	speed: 0.0031s/iter; time left: 22.4244s
	iters: 800, epoch: 5 | loss: 0.0256865
	speed: 0.0031s/iter; time left: 22.2584s
	iters: 900, epoch: 5 | loss: 0.0643632
	speed: 0.0031s/iter; time left: 21.6778s
	iters: 1000, epoch: 5 | loss: 0.0263373
	speed: 0.0031s/iter; time left: 21.5592s
	iters: 1100, epoch: 5 | loss: 0.0286456
	speed: 0.0031s/iter; time left: 21.3306s
	iters: 1200, epoch: 5 | loss: 0.0327784
	speed: 0.0031s/iter; time left: 20.8137s
	iters: 1300, epoch: 5 | loss: 0.0207965
	speed: 0.0031s/iter; time left: 20.5923s
Epoch: 5 cost time: 4.4 seconds
Epoch: 5, Steps: 1321 | Train Loss: 0.0315370 Vali Loss: 2.3780656 Test Loss: 2.9776731
EarlyStopping counter: 2 out of 3
Updating learning rate to 3.125e-05
	iters: 100, epoch: 6 | loss: 0.0138062
	speed: 0.0256s/iter; time left: 166.7337s
	iters: 200, epoch: 6 | loss: 0.0435644
	speed: 0.0031s/iter; time left: 19.9478s
	iters: 300, epoch: 6 | loss: 0.0436096
	speed: 0.0031s/iter; time left: 19.5780s
	iters: 400, epoch: 6 | loss: 0.0223318
	speed: 0.0031s/iter; time left: 19.3038s
	iters: 500, epoch: 6 | loss: 0.0177421
	speed: 0.0031s/iter; time left: 18.8594s
	iters: 600, epoch: 6 | loss: 0.0320607
	speed: 0.0031s/iter; time left: 18.5945s
	iters: 700, epoch: 6 | loss: 0.0212150
	speed: 0.0031s/iter; time left: 18.3694s
	iters: 800, epoch: 6 | loss: 0.0284355
	speed: 0.0031s/iter; time left: 17.9542s
	iters: 900, epoch: 6 | loss: 0.0214310
	speed: 0.0031s/iter; time left: 17.7522s
	iters: 1000, epoch: 6 | loss: 0.0124617
	speed: 0.0031s/iter; time left: 17.5486s
	iters: 1100, epoch: 6 | loss: 0.0163670
	speed: 0.0031s/iter; time left: 17.0998s
	iters: 1200, epoch: 6 | loss: 0.0531721
	speed: 0.0031s/iter; time left: 16.7713s
	iters: 1300, epoch: 6 | loss: 0.0239198
	speed: 0.0031s/iter; time left: 16.4858s
Epoch: 6 cost time: 4.4 seconds
Epoch: 6, Steps: 1321 | Train Loss: 0.0312025 Vali Loss: 2.5247142 Test Loss: 3.2737701
EarlyStopping counter: 3 out of 3
Early stopping
>>>>>>>testing : DLinear_MRO_336_96_S_channels_1_DLinear_S_channels_6<<<<<<<<<<<<<<<<<<<<<<<<<<<<<<<<<
test 3049
DLinear_MRO_336_96_S_channels_1_DLinear_S_channels_6
Shapes: pred (3048, 96, 1), true (3048, 96, 1), naive_pred (3048, 96, 1)
Shapes: gt (381, 432), pd (381, 432), naive_pd (381, 432)
Final Metrics:
DLinear      MSE: 2.920527   MAE: 1.309718   SE: 5.254377   RRMSE: 0.203502   RMAE: 0.155961   (numpy)
DLinear      MSE: 2.920527   MAE: 1.309718   SE: 5.254377   RRMSE: 0.203502   RMAE: 0.155961   (torch)

Repeat       MSE: 2.870288   MAE: 1.261266   SE: 5.347196   RRMSE: 0.201744   RMAE: 0.150191   (numpy)
Repeat       MSE: 2.870288   MAE: 1.261266   SE: 5.347196   RRMSE: 0.201744   RMAE: 0.150192   (torch)

