Args in experiment:
Namespace(activation='gelu', batch_size=8, c_out=7, checkpoints='./checkpoints/', d_ff=2048, d_layers=1, d_model=512, data='custom', data_path='MRO.csv', dec_in=7, des='Exp', devices='0,1,2,3', distil=True, do_predict=False, dropout=0.05, e_layers=2, embed='timeF', embed_type=0, enc_in=6, factor=1, features='S', freq='h', gpu=0, individual=False, is_training=1, itr=1, label_len=48, learning_rate=0.0005, loss='mse', lradj='type1', model='DLinear', model_id='DLinear_MRO_336_192_S_channels_1', moving_avg=25, n_heads=8, num_workers=10, output_attention=False, patience=3, pred_len=192, root_path='./dataset/', seq_len=336, target='Adj Close', test_flop=False, train_epochs=10, use_amp=False, use_gpu=True, use_multi_gpu=False)
DLinear_MRO_336_192_S_channels_1_DLinear_S_channels_6
Using GPU: NVIDIA GeForce GTX 1080 Ti (cuda:0):
>>>>>>>start training : DLinear_MRO_336_192_S_channels_1_DLinear_S_channels_6>>>>>>>>>>>>>>>>>>>>>>>>>>
train 10479
val 1383
test 2953
	iters: 100, epoch: 1 | loss: 0.0243553
	speed: 0.0052s/iter; time left: 67.4731s
	iters: 200, epoch: 1 | loss: 0.0823259
	speed: 0.0029s/iter; time left: 37.3973s
	iters: 300, epoch: 1 | loss: 0.0388458
	speed: 0.0029s/iter; time left: 37.0883s
	iters: 400, epoch: 1 | loss: 0.1534730
	speed: 0.0029s/iter; time left: 36.8940s
	iters: 500, epoch: 1 | loss: 0.0477471
	speed: 0.0029s/iter; time left: 36.5861s
	iters: 600, epoch: 1 | loss: 0.0707086
	speed: 0.0029s/iter; time left: 36.2965s
	iters: 700, epoch: 1 | loss: 0.0454359
	speed: 0.0029s/iter; time left: 36.1305s
	iters: 800, epoch: 1 | loss: 0.0526086
	speed: 0.0029s/iter; time left: 35.7405s
	iters: 900, epoch: 1 | loss: 0.0642886
	speed: 0.0029s/iter; time left: 35.5143s
	iters: 1000, epoch: 1 | loss: 0.0266585
	speed: 0.0029s/iter; time left: 35.3435s
	iters: 1100, epoch: 1 | loss: 0.0302426
	speed: 0.0029s/iter; time left: 34.9213s
	iters: 1200, epoch: 1 | loss: 0.0413639
	speed: 0.0029s/iter; time left: 34.5836s
	iters: 1300, epoch: 1 | loss: 0.0872426
	speed: 0.0029s/iter; time left: 34.2482s
Epoch: 1 cost time: 4.1 seconds
Epoch: 1, Steps: 1309 | Train Loss: 0.0696448 Vali Loss: 6.4764800 Test Loss: 9.6057692
Validation loss decreased (inf --> 6.476480).  Saving model ...
Updating learning rate to 0.0005
	iters: 100, epoch: 2 | loss: 0.1030851
	speed: 0.0228s/iter; time left: 265.7764s
	iters: 200, epoch: 2 | loss: 0.0623722
	speed: 0.0029s/iter; time left: 34.0075s
	iters: 300, epoch: 2 | loss: 0.0363768
	speed: 0.0030s/iter; time left: 34.1389s
	iters: 400, epoch: 2 | loss: 0.0392676
	speed: 0.0030s/iter; time left: 34.6586s
	iters: 500, epoch: 2 | loss: 0.0468843
	speed: 0.0031s/iter; time left: 35.2985s
	iters: 600, epoch: 2 | loss: 0.0755871
	speed: 0.0031s/iter; time left: 34.9940s
	iters: 700, epoch: 2 | loss: 0.1035753
	speed: 0.0031s/iter; time left: 34.4153s
	iters: 800, epoch: 2 | loss: 0.0846243
	speed: 0.0031s/iter; time left: 34.1425s
	iters: 900, epoch: 2 | loss: 0.1003304
	speed: 0.0031s/iter; time left: 34.0515s
	iters: 1000, epoch: 2 | loss: 0.0255090
	speed: 0.0031s/iter; time left: 33.5135s
	iters: 1100, epoch: 2 | loss: 0.0222236
	speed: 0.0031s/iter; time left: 33.3077s
	iters: 1200, epoch: 2 | loss: 0.0269600
	speed: 0.0031s/iter; time left: 33.0319s
	iters: 1300, epoch: 2 | loss: 0.0974321
	speed: 0.0031s/iter; time left: 32.9670s
Epoch: 2 cost time: 4.3 seconds
Epoch: 2, Steps: 1309 | Train Loss: 0.0612611 Vali Loss: 4.8003526 Test Loss: 5.6445327
Validation loss decreased (6.476480 --> 4.800353).  Saving model ...
Updating learning rate to 0.00025
	iters: 100, epoch: 3 | loss: 0.0178798
	speed: 0.0252s/iter; time left: 261.6791s
	iters: 200, epoch: 3 | loss: 0.0309824
	speed: 0.0032s/iter; time left: 32.4733s
	iters: 300, epoch: 3 | loss: 0.0143442
	speed: 0.0031s/iter; time left: 31.9189s
	iters: 400, epoch: 3 | loss: 0.0346871
	speed: 0.0032s/iter; time left: 31.7773s
	iters: 500, epoch: 3 | loss: 0.0636533
	speed: 0.0032s/iter; time left: 31.4922s
	iters: 600, epoch: 3 | loss: 0.0441847
	speed: 0.0031s/iter; time left: 30.9760s
	iters: 700, epoch: 3 | loss: 0.0855453
	speed: 0.0032s/iter; time left: 31.1895s
	iters: 800, epoch: 3 | loss: 0.0168601
	speed: 0.0031s/iter; time left: 30.4385s
	iters: 900, epoch: 3 | loss: 0.0747757
	speed: 0.0032s/iter; time left: 30.9983s
	iters: 1000, epoch: 3 | loss: 0.0611296
	speed: 0.0032s/iter; time left: 29.8458s
	iters: 1100, epoch: 3 | loss: 0.0275478
	speed: 0.0031s/iter; time left: 29.4164s
	iters: 1200, epoch: 3 | loss: 0.0491665
	speed: 0.0031s/iter; time left: 29.1580s
	iters: 1300, epoch: 3 | loss: 0.1557400
	speed: 0.0032s/iter; time left: 28.9232s
Epoch: 3 cost time: 4.5 seconds
Epoch: 3, Steps: 1309 | Train Loss: 0.0566882 Vali Loss: 4.5511541 Test Loss: 5.4739609
Validation loss decreased (4.800353 --> 4.551154).  Saving model ...
Updating learning rate to 0.000125
	iters: 100, epoch: 4 | loss: 0.0340141
	speed: 0.0240s/iter; time left: 217.3406s
	iters: 200, epoch: 4 | loss: 0.0328757
	speed: 0.0031s/iter; time left: 28.0763s
	iters: 300, epoch: 4 | loss: 0.0514347
	speed: 0.0031s/iter; time left: 27.7557s
	iters: 400, epoch: 4 | loss: 0.0460031
	speed: 0.0031s/iter; time left: 27.6061s
	iters: 500, epoch: 4 | loss: 0.0317089
	speed: 0.0031s/iter; time left: 27.1989s
	iters: 600, epoch: 4 | loss: 0.0189103
	speed: 0.0032s/iter; time left: 27.0212s
	iters: 700, epoch: 4 | loss: 0.0815132
	speed: 0.0032s/iter; time left: 26.6984s
	iters: 800, epoch: 4 | loss: 0.0783294
	speed: 0.0032s/iter; time left: 26.3867s
	iters: 900, epoch: 4 | loss: 0.0462021
	speed: 0.0032s/iter; time left: 26.3282s
	iters: 1000, epoch: 4 | loss: 0.0419028
	speed: 0.0031s/iter; time left: 25.6906s
	iters: 1100, epoch: 4 | loss: 0.0095117
	speed: 0.0031s/iter; time left: 25.3549s
	iters: 1200, epoch: 4 | loss: 0.0854190
	speed: 0.0032s/iter; time left: 25.1471s
	iters: 1300, epoch: 4 | loss: 0.0614495
	speed: 0.0031s/iter; time left: 24.7196s
Epoch: 4 cost time: 4.4 seconds
Epoch: 4, Steps: 1309 | Train Loss: 0.0550893 Vali Loss: 4.5437999 Test Loss: 6.0360298
Validation loss decreased (4.551154 --> 4.543800).  Saving model ...
Updating learning rate to 6.25e-05
	iters: 100, epoch: 5 | loss: 0.0072439
	speed: 0.0241s/iter; time left: 186.9453s
	iters: 200, epoch: 5 | loss: 0.0299821
	speed: 0.0032s/iter; time left: 24.3094s
	iters: 300, epoch: 5 | loss: 0.0452516
	speed: 0.0032s/iter; time left: 24.0266s
	iters: 400, epoch: 5 | loss: 0.0185827
	speed: 0.0032s/iter; time left: 23.5657s
	iters: 500, epoch: 5 | loss: 0.0421305
	speed: 0.0032s/iter; time left: 23.3653s
	iters: 600, epoch: 5 | loss: 0.0169838
	speed: 0.0032s/iter; time left: 22.9916s
	iters: 700, epoch: 5 | loss: 0.0205190
	speed: 0.0032s/iter; time left: 22.5752s
	iters: 800, epoch: 5 | loss: 0.0422620
	speed: 0.0032s/iter; time left: 22.5148s
	iters: 900, epoch: 5 | loss: 0.0580320
	speed: 0.0032s/iter; time left: 22.0397s
	iters: 1000, epoch: 5 | loss: 0.0790130
	speed: 0.0032s/iter; time left: 21.6571s
	iters: 1100, epoch: 5 | loss: 0.0649506
	speed: 0.0032s/iter; time left: 21.6886s
	iters: 1200, epoch: 5 | loss: 0.0268070
	speed: 0.0032s/iter; time left: 21.1414s
	iters: 1300, epoch: 5 | loss: 0.0271350
	speed: 0.0032s/iter; time left: 20.8473s
Epoch: 5 cost time: 4.4 seconds
Epoch: 5, Steps: 1309 | Train Loss: 0.0541414 Vali Loss: 4.6563320 Test Loss: 6.2905273
EarlyStopping counter: 1 out of 3
Updating learning rate to 3.125e-05
	iters: 100, epoch: 6 | loss: 0.0372615
	speed: 0.0243s/iter; time left: 156.8582s
	iters: 200, epoch: 6 | loss: 0.0681621
	speed: 0.0032s/iter; time left: 20.0749s
	iters: 300, epoch: 6 | loss: 0.0574368
	speed: 0.0032s/iter; time left: 19.6895s
	iters: 400, epoch: 6 | loss: 0.0455878
	speed: 0.0032s/iter; time left: 19.4599s
	iters: 500, epoch: 6 | loss: 0.0469417
	speed: 0.0032s/iter; time left: 19.1290s
	iters: 600, epoch: 6 | loss: 0.0321988
	speed: 0.0031s/iter; time left: 18.7080s
	iters: 700, epoch: 6 | loss: 0.0368498
	speed: 0.0032s/iter; time left: 18.5230s
	iters: 800, epoch: 6 | loss: 0.0996179
	speed: 0.0032s/iter; time left: 18.3359s
	iters: 900, epoch: 6 | loss: 0.0792579
	speed: 0.0032s/iter; time left: 17.8575s
	iters: 1000, epoch: 6 | loss: 0.0805518
	speed: 0.0032s/iter; time left: 17.4910s
	iters: 1100, epoch: 6 | loss: 0.0187694
	speed: 0.0032s/iter; time left: 17.2307s
	iters: 1200, epoch: 6 | loss: 0.0369430
	speed: 0.0032s/iter; time left: 16.8923s
	iters: 1300, epoch: 6 | loss: 0.0198034
	speed: 0.0031s/iter; time left: 16.4717s
Epoch: 6 cost time: 4.4 seconds
Epoch: 6, Steps: 1309 | Train Loss: 0.0534895 Vali Loss: 4.4420457 Test Loss: 5.7136159
Validation loss decreased (4.543800 --> 4.442046).  Saving model ...
Updating learning rate to 1.5625e-05
	iters: 100, epoch: 7 | loss: 0.0281707
	speed: 0.0253s/iter; time left: 129.7336s
	iters: 200, epoch: 7 | loss: 0.0516165
	speed: 0.0032s/iter; time left: 15.8865s
	iters: 300, epoch: 7 | loss: 0.0091243
	speed: 0.0034s/iter; time left: 17.0054s
	iters: 400, epoch: 7 | loss: 0.0361553
	speed: 0.0032s/iter; time left: 15.2950s
	iters: 500, epoch: 7 | loss: 0.0748448
	speed: 0.0032s/iter; time left: 15.0387s
	iters: 600, epoch: 7 | loss: 0.0693111
	speed: 0.0032s/iter; time left: 14.6451s
	iters: 700, epoch: 7 | loss: 0.0151255
	speed: 0.0034s/iter; time left: 15.6330s
	iters: 800, epoch: 7 | loss: 0.0276970
	speed: 0.0032s/iter; time left: 14.0584s
	iters: 900, epoch: 7 | loss: 0.0262925
	speed: 0.0032s/iter; time left: 13.6795s
	iters: 1000, epoch: 7 | loss: 0.0273494
	speed: 0.0032s/iter; time left: 13.4261s
	iters: 1100, epoch: 7 | loss: 0.0259943
	speed: 0.0032s/iter; time left: 13.0500s
	iters: 1200, epoch: 7 | loss: 0.0462030
	speed: 0.0032s/iter; time left: 12.7515s
	iters: 1300, epoch: 7 | loss: 0.0489041
	speed: 0.0032s/iter; time left: 12.4810s
Epoch: 7 cost time: 4.5 seconds
Epoch: 7, Steps: 1309 | Train Loss: 0.0533051 Vali Loss: 4.5902233 Test Loss: 6.1252937
EarlyStopping counter: 1 out of 3
Updating learning rate to 7.8125e-06
	iters: 100, epoch: 8 | loss: 0.0530612
	speed: 0.0248s/iter; time left: 94.9540s
	iters: 200, epoch: 8 | loss: 0.0543127
	speed: 0.0031s/iter; time left: 11.7035s
	iters: 300, epoch: 8 | loss: 0.0635307
	speed: 0.0032s/iter; time left: 11.4960s
	iters: 400, epoch: 8 | loss: 0.0261923
	speed: 0.0031s/iter; time left: 11.0869s
	iters: 500, epoch: 8 | loss: 0.1764084
	speed: 0.0031s/iter; time left: 10.7824s
	iters: 600, epoch: 8 | loss: 0.0399532
	speed: 0.0032s/iter; time left: 10.5473s
	iters: 700, epoch: 8 | loss: 0.0105683
	speed: 0.0031s/iter; time left: 10.1082s
	iters: 800, epoch: 8 | loss: 0.0409957
	speed: 0.0031s/iter; time left: 9.8223s
	iters: 900, epoch: 8 | loss: 0.0995530
	speed: 0.0032s/iter; time left: 9.5610s
	iters: 1000, epoch: 8 | loss: 0.0428261
	speed: 0.0031s/iter; time left: 9.1964s
	iters: 1100, epoch: 8 | loss: 0.0182957
	speed: 0.0032s/iter; time left: 8.9908s
	iters: 1200, epoch: 8 | loss: 0.0432532
	speed: 0.0031s/iter; time left: 8.5517s
	iters: 1300, epoch: 8 | loss: 0.0476624
	speed: 0.0031s/iter; time left: 8.2320s
Epoch: 8 cost time: 4.4 seconds
Epoch: 8, Steps: 1309 | Train Loss: 0.0531218 Vali Loss: 4.5620112 Test Loss: 6.0042100
EarlyStopping counter: 2 out of 3
Updating learning rate to 3.90625e-06
	iters: 100, epoch: 9 | loss: 0.0381774
	speed: 0.0240s/iter; time left: 60.4316s
	iters: 200, epoch: 9 | loss: 0.1096762
	speed: 0.0031s/iter; time left: 7.6121s
	iters: 300, epoch: 9 | loss: 0.0419922
	speed: 0.0031s/iter; time left: 7.3042s
	iters: 400, epoch: 9 | loss: 0.0106013
	speed: 0.0031s/iter; time left: 6.9738s
	iters: 500, epoch: 9 | loss: 0.0781122
	speed: 0.0032s/iter; time left: 6.6883s
	iters: 600, epoch: 9 | loss: 0.1586590
	speed: 0.0032s/iter; time left: 6.4049s
	iters: 700, epoch: 9 | loss: 0.0093813
	speed: 0.0031s/iter; time left: 6.0261s
	iters: 800, epoch: 9 | loss: 0.0061200
	speed: 0.0031s/iter; time left: 5.7178s
	iters: 900, epoch: 9 | loss: 0.0528887
	speed: 0.0032s/iter; time left: 5.4177s
	iters: 1000, epoch: 9 | loss: 0.0297492
	speed: 0.0032s/iter; time left: 5.1194s
	iters: 1100, epoch: 9 | loss: 0.0242759
	speed: 0.0032s/iter; time left: 4.8053s
	iters: 1200, epoch: 9 | loss: 0.1190404
	speed: 0.0032s/iter; time left: 4.4849s
	iters: 1300, epoch: 9 | loss: 0.0878232
	speed: 0.0031s/iter; time left: 4.1540s
Epoch: 9 cost time: 4.4 seconds
Epoch: 9, Steps: 1309 | Train Loss: 0.0530587 Vali Loss: 4.5121145 Test Loss: 5.9208765
EarlyStopping counter: 3 out of 3
Early stopping
>>>>>>>testing : DLinear_MRO_336_192_S_channels_1_DLinear_S_channels_6<<<<<<<<<<<<<<<<<<<<<<<<<<<<<<<<<
test 2953
DLinear_MRO_336_192_S_channels_1_DLinear_S_channels_6
Shapes: pred (2952, 192, 1), true (2952, 192, 1), naive_pred (2952, 192, 1)
Shapes: gt (369, 528), pd (369, 528), naive_pd (369, 528)
Final Metrics:
DLinear      MSE: 5.713616   MAE: 1.828126   SE: 12.139183  RRMSE: 0.287565   RMAE: 0.219931   (numpy)
DLinear      MSE: 5.713617   MAE: 1.828125   SE: 12.139183  RRMSE: 0.287565   RMAE: 0.219931   (torch)

Repeat       MSE: 5.362151   MAE: 1.761319   SE: 10.656660  RRMSE: 0.278580   RMAE: 0.211894   (numpy)
Repeat       MSE: 5.362151   MAE: 1.761319   SE: 10.656659  RRMSE: 0.278580   RMAE: 0.211894   (torch)

