Args in experiment:
Namespace(is_training=1, model_id='DLinear_FITS_exchange_rate_336_720_S_channels_1', model='DLinear_FITS', data='custom', root_path='./dataset/', data_path='exchange_rate.csv', features='S', target='OT', freq='h', checkpoints='./checkpoints/', seq_len=336, label_len=48, pred_len=720, individual=False, embed_type=0, enc_in=7, dec_in=7, c_out=7, d_model=512, n_heads=8, e_layers=2, d_layers=1, d_ff=2048, moving_avg=25, factor=1, distil=True, dropout=0.05, embed='timeF', activation='gelu', output_attention=False, do_predict=False, num_workers=10, itr=1, train_epochs=10, batch_size=8, patience=3, learning_rate=0.0005, des='Exp', loss='mse', lradj='type1', use_amp=False, use_gpu=True, gpu=0, use_multi_gpu=False, devices='0,1,2,3', test_flop=False)
DLinear_FITS_exchange_rate_336_720_S_channels_1_DLinear_FITS_S_channels_7
Using GPU: NVIDIA GeForce RTX 4070 (cuda:0):
FITS cutoff frequency: 49
>>>>>>>start training : DLinear_FITS_exchange_rate_336_720_S_channels_1_DLinear_FITS_S_channels_7>>>>>>>>>>>>>>>>>>>>>>>>>>
train 4256
val 41
test 798
	iters: 100, epoch: 1 | loss: 0.8927156
	speed: 0.0216s/iter; time left: 112.9791s
	iters: 200, epoch: 1 | loss: 0.5221606
	speed: 0.0080s/iter; time left: 41.0546s
	iters: 300, epoch: 1 | loss: 0.7177992
	speed: 0.0079s/iter; time left: 39.7345s
	iters: 400, epoch: 1 | loss: 0.4384240
	speed: 0.0077s/iter; time left: 37.9318s
	iters: 500, epoch: 1 | loss: 0.6563390
	speed: 0.0081s/iter; time left: 38.9602s
Epoch: 1 cost time: 5.2 seconds
Epoch: 1, Steps: 532 | Train Loss: 0.7165544 Vali Loss: 2.9630711 Test Loss: 1.8206794
Validation loss decreased (inf --> 2.963071).  Saving model ...
Updating learning rate to 0.0005
	iters: 100, epoch: 2 | loss: 0.5942786
	speed: 0.0239s/iter; time left: 112.1167s
	iters: 200, epoch: 2 | loss: 0.3672586
	speed: 0.0070s/iter; time left: 32.1476s
	iters: 300, epoch: 2 | loss: 0.7379290
	speed: 0.0072s/iter; time left: 32.1771s
	iters: 400, epoch: 2 | loss: 0.5610534
	speed: 0.0071s/iter; time left: 31.0169s
	iters: 500, epoch: 2 | loss: 0.7834721
	speed: 0.0072s/iter; time left: 30.7208s
Epoch: 2 cost time: 4.1 seconds
Epoch: 2, Steps: 532 | Train Loss: 0.6240817 Vali Loss: 2.7832465 Test Loss: 1.6707749
Validation loss decreased (2.963071 --> 2.783247).  Saving model ...
Updating learning rate to 0.00025
	iters: 100, epoch: 3 | loss: 0.4070902
	speed: 0.0235s/iter; time left: 97.8282s
	iters: 200, epoch: 3 | loss: 0.9683294
	speed: 0.0073s/iter; time left: 29.7622s
	iters: 300, epoch: 3 | loss: 0.4120586
	speed: 0.0076s/iter; time left: 30.2017s
	iters: 400, epoch: 3 | loss: 0.7914305
	speed: 0.0075s/iter; time left: 29.0156s
	iters: 500, epoch: 3 | loss: 0.9137209
	speed: 0.0077s/iter; time left: 28.7672s
Epoch: 3 cost time: 4.4 seconds
Epoch: 3, Steps: 532 | Train Loss: 0.5980936 Vali Loss: 2.7079654 Test Loss: 1.4922676
Validation loss decreased (2.783247 --> 2.707965).  Saving model ...
Updating learning rate to 0.000125
	iters: 100, epoch: 4 | loss: 0.4853301
	speed: 0.0249s/iter; time left: 90.1166s
	iters: 200, epoch: 4 | loss: 0.3199895
	speed: 0.0075s/iter; time left: 26.6062s
	iters: 300, epoch: 4 | loss: 0.4270990
	speed: 0.0076s/iter; time left: 26.1005s
	iters: 400, epoch: 4 | loss: 0.5250858
	speed: 0.0081s/iter; time left: 26.8528s
	iters: 500, epoch: 4 | loss: 0.2202204
	speed: 0.0078s/iter; time left: 25.2564s
Epoch: 4 cost time: 4.5 seconds
Epoch: 4, Steps: 532 | Train Loss: 0.5900740 Vali Loss: 2.7449028 Test Loss: 1.5819403
EarlyStopping counter: 1 out of 3
Updating learning rate to 6.25e-05
	iters: 100, epoch: 5 | loss: 0.2552262
	speed: 0.0264s/iter; time left: 81.8070s
	iters: 200, epoch: 5 | loss: 0.2600838
	speed: 0.0076s/iter; time left: 22.8964s
	iters: 300, epoch: 5 | loss: 0.4042312
	speed: 0.0078s/iter; time left: 22.5795s
	iters: 400, epoch: 5 | loss: 0.4855067
	speed: 0.0078s/iter; time left: 21.8215s
	iters: 500, epoch: 5 | loss: 0.8892519
	speed: 0.0079s/iter; time left: 21.2640s
Epoch: 5 cost time: 4.6 seconds
Epoch: 5, Steps: 532 | Train Loss: 0.5850907 Vali Loss: 2.3201237 Test Loss: 1.0571142
Validation loss decreased (2.707965 --> 2.320124).  Saving model ...
Updating learning rate to 3.125e-05
	iters: 100, epoch: 6 | loss: 0.6003896
	speed: 0.0244s/iter; time left: 62.3899s
	iters: 200, epoch: 6 | loss: 0.3556376
	speed: 0.0084s/iter; time left: 20.7776s
	iters: 300, epoch: 6 | loss: 0.4893909
	speed: 0.0085s/iter; time left: 19.9950s
	iters: 400, epoch: 6 | loss: 0.4869364
	speed: 0.0086s/iter; time left: 19.4797s
	iters: 500, epoch: 6 | loss: 0.5359142
	speed: 0.0083s/iter; time left: 17.9218s
Epoch: 6 cost time: 4.8 seconds
Epoch: 6, Steps: 532 | Train Loss: 0.5839410 Vali Loss: 2.5067964 Test Loss: 1.3009970
EarlyStopping counter: 1 out of 3
Updating learning rate to 1.5625e-05
	iters: 100, epoch: 7 | loss: 1.1060573
	speed: 0.0244s/iter; time left: 49.6047s
	iters: 200, epoch: 7 | loss: 0.4727803
	speed: 0.0079s/iter; time left: 15.1444s
	iters: 300, epoch: 7 | loss: 0.7309393
	speed: 0.0077s/iter; time left: 14.1263s
	iters: 400, epoch: 7 | loss: 0.4897945
	speed: 0.0077s/iter; time left: 13.3912s
	iters: 500, epoch: 7 | loss: 0.6642219
	speed: 0.0077s/iter; time left: 12.6064s
Epoch: 7 cost time: 4.5 seconds
Epoch: 7, Steps: 532 | Train Loss: 0.5822463 Vali Loss: 2.5251241 Test Loss: 1.3082647
EarlyStopping counter: 2 out of 3
Updating learning rate to 7.8125e-06
	iters: 100, epoch: 8 | loss: 0.9019811
	speed: 0.0251s/iter; time left: 37.5516s
	iters: 200, epoch: 8 | loss: 0.4417052
	speed: 0.0079s/iter; time left: 10.9849s
	iters: 300, epoch: 8 | loss: 0.9407412
	speed: 0.0066s/iter; time left: 8.6176s
	iters: 400, epoch: 8 | loss: 0.8112335
	speed: 0.0078s/iter; time left: 9.2886s
	iters: 500, epoch: 8 | loss: 0.5506138
	speed: 0.0074s/iter; time left: 8.1572s
Epoch: 8 cost time: 4.4 seconds
Epoch: 8, Steps: 532 | Train Loss: 0.5815826 Vali Loss: 2.5653131 Test Loss: 1.3682678
EarlyStopping counter: 3 out of 3
Early stopping
>>>>>>>testing : DLinear_FITS_exchange_rate_336_720_S_channels_1_DLinear_FITS_S_channels_7<<<<<<<<<<<<<<<<<<<<<<<<<<<<<<<<<
test 798
DLinear_FITS_exchange_rate_336_720_S_channels_1_DLinear_FITS_S_channels_7
Shapes: pred (792, 720, 1), true (792, 720, 1), naive_pred (792, 720, 1)
Shapes: gt (99, 1056), pd (99, 1056), naive_pd (99, 1056)
Final Metrics:
DLinear_FITS MSE: 1.057114   MAE: 0.803428   SE: 1.072347   RRMSE: 0.598945   RMAE: 0.468030   (numpy)
DLinear_FITS MSE: 1.057114   MAE: 0.803428   SE: 1.072347   RRMSE: 0.598945   RMAE: 0.468030   (torch)

Repeat       MSE: 1.002388   MAE: 0.764844   SE: 1.831217   RRMSE: 0.583236   RMAE: 0.445552   (numpy)
Repeat       MSE: 1.002388   MAE: 0.764844   SE: 1.831217   RRMSE: 0.583236   RMAE: 0.445553   (torch)


Model(
  (decomposition): SeriesDecomp(
    (moving_avg): MovingAvg(
      (avg): AvgPool1d(kernel_size=(25,), stride=(1,), padding=(0,))
    )
  )
  (fits): FITS(
    (frequency_upsampler): Linear(in_features=49, out_features=154, bias=True)
  )
  (Linear_Seasonal): Linear(in_features=336, out_features=720, bias=True)
  (Linear_Trend): Linear(in_features=336, out_features=720, bias=True)
)
