Args in experiment:
Namespace(activation='gelu', batch_size=8, c_out=7, checkpoints='./checkpoints/', d_ff=2048, d_layers=1, d_model=512, data='custom', data_path='GD.csv', dec_in=7, des='Exp', devices='0,1,2,3', distil=True, do_predict=False, dropout=0.05, e_layers=2, embed='timeF', embed_type=0, enc_in=6, factor=1, features='S', freq='h', gpu=0, individual=False, is_training=1, itr=1, label_len=48, learning_rate=0.0005, loss='mse', lradj='type1', model='DLinear', model_id='DLinear_GD_336_192_S_channels_1', moving_avg=25, n_heads=8, num_workers=10, output_attention=False, patience=3, pred_len=192, root_path='./dataset/', seq_len=336, target='Adj Close', test_flop=False, train_epochs=10, use_amp=False, use_gpu=True, use_multi_gpu=False)
DLinear_GD_336_192_S_channels_1_DLinear_S_channels_6
Using GPU: NVIDIA GeForce GTX 1080 Ti (cuda:0):
>>>>>>>start training : DLinear_GD_336_192_S_channels_1_DLinear_S_channels_6>>>>>>>>>>>>>>>>>>>>>>>>>>
train 10479
val 1383
test 2953
	iters: 100, epoch: 1 | loss: 0.0054966
	speed: 0.0049s/iter; time left: 63.1109s
	iters: 200, epoch: 1 | loss: 0.0207874
	speed: 0.0030s/iter; time left: 38.7673s
	iters: 300, epoch: 1 | loss: 0.0058195
	speed: 0.0029s/iter; time left: 36.5755s
	iters: 400, epoch: 1 | loss: 0.0481407
	speed: 0.0029s/iter; time left: 36.4119s
	iters: 500, epoch: 1 | loss: 0.0117590
	speed: 0.0029s/iter; time left: 36.1479s
	iters: 600, epoch: 1 | loss: 0.0216047
	speed: 0.0029s/iter; time left: 36.0648s
	iters: 700, epoch: 1 | loss: 0.0177713
	speed: 0.0029s/iter; time left: 35.8480s
	iters: 800, epoch: 1 | loss: 0.0431968
	speed: 0.0029s/iter; time left: 35.4258s
	iters: 900, epoch: 1 | loss: 0.0905472
	speed: 0.0029s/iter; time left: 35.0029s
	iters: 1000, epoch: 1 | loss: 0.0035349
	speed: 0.0029s/iter; time left: 34.5424s
	iters: 1100, epoch: 1 | loss: 0.0116089
	speed: 0.0029s/iter; time left: 34.4505s
	iters: 1200, epoch: 1 | loss: 0.0101383
	speed: 0.0029s/iter; time left: 34.0192s
	iters: 1300, epoch: 1 | loss: 0.0294616
	speed: 0.0029s/iter; time left: 33.7077s
Epoch: 1 cost time: 4.0 seconds
Epoch: 1, Steps: 1309 | Train Loss: 0.0372502 Vali Loss: 1.5982872 Test Loss: 7.7129483
Validation loss decreased (inf --> 1.598287).  Saving model ...
Updating learning rate to 0.0005
	iters: 100, epoch: 2 | loss: 0.0352859
	speed: 0.0230s/iter; time left: 269.0515s
	iters: 200, epoch: 2 | loss: 0.0060894
	speed: 0.0029s/iter; time left: 33.6804s
	iters: 300, epoch: 2 | loss: 0.0069761
	speed: 0.0029s/iter; time left: 33.5542s
	iters: 400, epoch: 2 | loss: 0.0041112
	speed: 0.0030s/iter; time left: 34.4033s
	iters: 500, epoch: 2 | loss: 0.0954003
	speed: 0.0031s/iter; time left: 34.7873s
	iters: 600, epoch: 2 | loss: 0.0307753
	speed: 0.0031s/iter; time left: 34.3612s
	iters: 700, epoch: 2 | loss: 0.0548478
	speed: 0.0031s/iter; time left: 33.9871s
	iters: 800, epoch: 2 | loss: 0.0185668
	speed: 0.0031s/iter; time left: 33.8962s
	iters: 900, epoch: 2 | loss: 0.0170548
	speed: 0.0031s/iter; time left: 33.4294s
	iters: 1000, epoch: 2 | loss: 0.0051883
	speed: 0.0031s/iter; time left: 33.0443s
	iters: 1100, epoch: 2 | loss: 0.0194240
	speed: 0.0031s/iter; time left: 32.6687s
	iters: 1200, epoch: 2 | loss: 0.0075891
	speed: 0.0031s/iter; time left: 32.4891s
	iters: 1300, epoch: 2 | loss: 0.0219243
	speed: 0.0031s/iter; time left: 32.7491s
Epoch: 2 cost time: 4.3 seconds
Epoch: 2, Steps: 1309 | Train Loss: 0.0319691 Vali Loss: 1.1536485 Test Loss: 5.1097336
Validation loss decreased (1.598287 --> 1.153648).  Saving model ...
Updating learning rate to 0.00025
	iters: 100, epoch: 3 | loss: 0.0079610
	speed: 0.0233s/iter; time left: 241.6189s
	iters: 200, epoch: 3 | loss: 0.0339197
	speed: 0.0031s/iter; time left: 31.9703s
	iters: 300, epoch: 3 | loss: 0.0021832
	speed: 0.0031s/iter; time left: 31.9218s
	iters: 400, epoch: 3 | loss: 0.0048369
	speed: 0.0031s/iter; time left: 31.3962s
	iters: 500, epoch: 3 | loss: 0.0173577
	speed: 0.0031s/iter; time left: 31.2371s
	iters: 600, epoch: 3 | loss: 0.0357861
	speed: 0.0031s/iter; time left: 30.8907s
	iters: 700, epoch: 3 | loss: 0.0574316
	speed: 0.0031s/iter; time left: 30.6119s
	iters: 800, epoch: 3 | loss: 0.0048211
	speed: 0.0031s/iter; time left: 30.3875s
	iters: 900, epoch: 3 | loss: 0.0439899
	speed: 0.0031s/iter; time left: 30.0628s
	iters: 1000, epoch: 3 | loss: 0.0097203
	speed: 0.0031s/iter; time left: 29.5957s
	iters: 1100, epoch: 3 | loss: 0.0083853
	speed: 0.0031s/iter; time left: 29.2102s
	iters: 1200, epoch: 3 | loss: 0.0410463
	speed: 0.0031s/iter; time left: 28.9382s
	iters: 1300, epoch: 3 | loss: 0.0690278
	speed: 0.0031s/iter; time left: 28.6648s
Epoch: 3 cost time: 4.3 seconds
Epoch: 3, Steps: 1309 | Train Loss: 0.0276163 Vali Loss: 1.6176155 Test Loss: 8.4268560
EarlyStopping counter: 1 out of 3
Updating learning rate to 0.000125
	iters: 100, epoch: 4 | loss: 0.0036730
	speed: 0.0236s/iter; time left: 213.7726s
	iters: 200, epoch: 4 | loss: 0.0065538
	speed: 0.0031s/iter; time left: 28.1711s
	iters: 300, epoch: 4 | loss: 0.0197140
	speed: 0.0031s/iter; time left: 27.8506s
	iters: 400, epoch: 4 | loss: 0.0060170
	speed: 0.0031s/iter; time left: 27.5496s
	iters: 500, epoch: 4 | loss: 0.0913388
	speed: 0.0031s/iter; time left: 26.9597s
	iters: 600, epoch: 4 | loss: 0.0087492
	speed: 0.0031s/iter; time left: 26.5983s
	iters: 700, epoch: 4 | loss: 0.0071813
	speed: 0.0031s/iter; time left: 26.4889s
	iters: 800, epoch: 4 | loss: 0.0267859
	speed: 0.0031s/iter; time left: 26.0571s
	iters: 900, epoch: 4 | loss: 0.0053913
	speed: 0.0031s/iter; time left: 25.8820s
	iters: 1000, epoch: 4 | loss: 0.0072879
	speed: 0.0031s/iter; time left: 25.5050s
	iters: 1100, epoch: 4 | loss: 0.0021069
	speed: 0.0033s/iter; time left: 26.5396s
	iters: 1200, epoch: 4 | loss: 0.0983744
	speed: 0.0031s/iter; time left: 25.0405s
	iters: 1300, epoch: 4 | loss: 0.0187310
	speed: 0.0031s/iter; time left: 24.5442s
Epoch: 4 cost time: 4.4 seconds
Epoch: 4, Steps: 1309 | Train Loss: 0.0258625 Vali Loss: 0.9506002 Test Loss: 4.7321630
Validation loss decreased (1.153648 --> 0.950600).  Saving model ...
Updating learning rate to 6.25e-05
	iters: 100, epoch: 5 | loss: 0.0028216
	speed: 0.0248s/iter; time left: 192.0742s
	iters: 200, epoch: 5 | loss: 0.0077190
	speed: 0.0031s/iter; time left: 24.0163s
	iters: 300, epoch: 5 | loss: 0.0927269
	speed: 0.0031s/iter; time left: 23.6066s
	iters: 400, epoch: 5 | loss: 0.0019278
	speed: 0.0031s/iter; time left: 23.2867s
	iters: 500, epoch: 5 | loss: 0.0053987
	speed: 0.0031s/iter; time left: 22.9857s
	iters: 600, epoch: 5 | loss: 0.0010483
	speed: 0.0031s/iter; time left: 22.6899s
	iters: 700, epoch: 5 | loss: 0.0013884
	speed: 0.0031s/iter; time left: 22.3343s
	iters: 800, epoch: 5 | loss: 0.0044870
	speed: 0.0031s/iter; time left: 22.0878s
	iters: 900, epoch: 5 | loss: 0.0294960
	speed: 0.0031s/iter; time left: 21.5557s
	iters: 1000, epoch: 5 | loss: 0.0345005
	speed: 0.0031s/iter; time left: 21.4390s
	iters: 1100, epoch: 5 | loss: 0.0249502
	speed: 0.0031s/iter; time left: 21.0677s
	iters: 1200, epoch: 5 | loss: 0.0048953
	speed: 0.0031s/iter; time left: 20.9008s
	iters: 1300, epoch: 5 | loss: 0.0060352
	speed: 0.0031s/iter; time left: 20.4639s
Epoch: 5 cost time: 4.4 seconds
Epoch: 5, Steps: 1309 | Train Loss: 0.0248679 Vali Loss: 1.1206694 Test Loss: 4.8850384
EarlyStopping counter: 1 out of 3
Updating learning rate to 3.125e-05
	iters: 100, epoch: 6 | loss: 0.0031816
	speed: 0.0236s/iter; time left: 152.3249s
	iters: 200, epoch: 6 | loss: 0.2859324
	speed: 0.0031s/iter; time left: 19.7732s
	iters: 300, epoch: 6 | loss: 0.0273391
	speed: 0.0031s/iter; time left: 19.5033s
	iters: 400, epoch: 6 | loss: 0.0201890
	speed: 0.0031s/iter; time left: 19.2079s
	iters: 500, epoch: 6 | loss: 0.0046067
	speed: 0.0031s/iter; time left: 18.9682s
	iters: 600, epoch: 6 | loss: 0.0120299
	speed: 0.0031s/iter; time left: 18.6591s
	iters: 700, epoch: 6 | loss: 0.0218815
	speed: 0.0032s/iter; time left: 18.7367s
	iters: 800, epoch: 6 | loss: 0.0388275
	speed: 0.0031s/iter; time left: 17.9954s
	iters: 900, epoch: 6 | loss: 0.0357683
	speed: 0.0031s/iter; time left: 17.5761s
	iters: 1000, epoch: 6 | loss: 0.0149055
	speed: 0.0031s/iter; time left: 17.2872s
	iters: 1100, epoch: 6 | loss: 0.0039770
	speed: 0.0031s/iter; time left: 17.1447s
	iters: 1200, epoch: 6 | loss: 0.0029899
	speed: 0.0031s/iter; time left: 16.6609s
	iters: 1300, epoch: 6 | loss: 0.0017354
	speed: 0.0031s/iter; time left: 16.3294s
Epoch: 6 cost time: 4.3 seconds
Epoch: 6, Steps: 1309 | Train Loss: 0.0242117 Vali Loss: 0.9410723 Test Loss: 4.3351874
Validation loss decreased (0.950600 --> 0.941072).  Saving model ...
Updating learning rate to 1.5625e-05
	iters: 100, epoch: 7 | loss: 0.1416743
	speed: 0.0244s/iter; time left: 125.5307s
	iters: 200, epoch: 7 | loss: 0.0188099
	speed: 0.0031s/iter; time left: 15.7228s
	iters: 300, epoch: 7 | loss: 0.0062655
	speed: 0.0031s/iter; time left: 15.5181s
	iters: 400, epoch: 7 | loss: 0.0084471
	speed: 0.0031s/iter; time left: 15.1589s
	iters: 500, epoch: 7 | loss: 0.0056813
	speed: 0.0031s/iter; time left: 14.8198s
	iters: 600, epoch: 7 | loss: 0.1698940
	speed: 0.0032s/iter; time left: 14.6262s
	iters: 700, epoch: 7 | loss: 0.0122197
	speed: 0.0031s/iter; time left: 14.1900s
	iters: 800, epoch: 7 | loss: 0.0858104
	speed: 0.0031s/iter; time left: 13.8831s
	iters: 900, epoch: 7 | loss: 0.0003388
	speed: 0.0031s/iter; time left: 13.6001s
	iters: 1000, epoch: 7 | loss: 0.0019541
	speed: 0.0031s/iter; time left: 13.3137s
	iters: 1100, epoch: 7 | loss: 0.0061025
	speed: 0.0031s/iter; time left: 12.9655s
	iters: 1200, epoch: 7 | loss: 0.0032056
	speed: 0.0031s/iter; time left: 12.6499s
	iters: 1300, epoch: 7 | loss: 0.0016821
	speed: 0.0031s/iter; time left: 12.3618s
Epoch: 7 cost time: 4.4 seconds
Epoch: 7, Steps: 1309 | Train Loss: 0.0239666 Vali Loss: 1.0223814 Test Loss: 4.4794788
EarlyStopping counter: 1 out of 3
Updating learning rate to 7.8125e-06
	iters: 100, epoch: 8 | loss: 0.1051601
	speed: 0.0248s/iter; time left: 94.9906s
	iters: 200, epoch: 8 | loss: 0.0461562
	speed: 0.0031s/iter; time left: 11.7001s
	iters: 300, epoch: 8 | loss: 0.0309337
	speed: 0.0031s/iter; time left: 11.3132s
	iters: 400, epoch: 8 | loss: 0.0067920
	speed: 0.0031s/iter; time left: 11.0292s
	iters: 500, epoch: 8 | loss: 0.0036054
	speed: 0.0031s/iter; time left: 10.6863s
	iters: 600, epoch: 8 | loss: 0.0776588
	speed: 0.0031s/iter; time left: 10.4429s
	iters: 700, epoch: 8 | loss: 0.0094902
	speed: 0.0031s/iter; time left: 10.1309s
	iters: 800, epoch: 8 | loss: 0.0032595
	speed: 0.0031s/iter; time left: 9.7505s
	iters: 900, epoch: 8 | loss: 0.0213432
	speed: 0.0031s/iter; time left: 9.5144s
	iters: 1000, epoch: 8 | loss: 0.0292078
	speed: 0.0031s/iter; time left: 9.2006s
	iters: 1100, epoch: 8 | loss: 0.0030274
	speed: 0.0031s/iter; time left: 8.8255s
	iters: 1200, epoch: 8 | loss: 0.0177008
	speed: 0.0032s/iter; time left: 8.6076s
	iters: 1300, epoch: 8 | loss: 0.0063346
	speed: 0.0031s/iter; time left: 8.2170s
Epoch: 8 cost time: 4.4 seconds
Epoch: 8, Steps: 1309 | Train Loss: 0.0238085 Vali Loss: 1.0661442 Test Loss: 4.6185546
EarlyStopping counter: 2 out of 3
Updating learning rate to 3.90625e-06
	iters: 100, epoch: 9 | loss: 0.0089882
	speed: 0.0243s/iter; time left: 61.3240s
	iters: 200, epoch: 9 | loss: 0.0283985
	speed: 0.0031s/iter; time left: 7.5661s
	iters: 300, epoch: 9 | loss: 0.0374864
	speed: 0.0031s/iter; time left: 7.2506s
	iters: 400, epoch: 9 | loss: 0.0014531
	speed: 0.0031s/iter; time left: 6.8798s
	iters: 500, epoch: 9 | loss: 0.0331501
	speed: 0.0032s/iter; time left: 6.6782s
	iters: 600, epoch: 9 | loss: 0.0342879
	speed: 0.0031s/iter; time left: 6.3011s
	iters: 700, epoch: 9 | loss: 0.0054475
	speed: 0.0031s/iter; time left: 5.9638s
	iters: 800, epoch: 9 | loss: 0.0116101
	speed: 0.0031s/iter; time left: 5.6690s
	iters: 900, epoch: 9 | loss: 0.0819141
	speed: 0.0031s/iter; time left: 5.3764s
	iters: 1000, epoch: 9 | loss: 0.0416307
	speed: 0.0031s/iter; time left: 5.0800s
	iters: 1100, epoch: 9 | loss: 0.0105114
	speed: 0.0031s/iter; time left: 4.7708s
	iters: 1200, epoch: 9 | loss: 0.0331611
	speed: 0.0031s/iter; time left: 4.4231s
	iters: 1300, epoch: 9 | loss: 0.0076829
	speed: 0.0031s/iter; time left: 4.0967s
Epoch: 9 cost time: 4.4 seconds
Epoch: 9, Steps: 1309 | Train Loss: 0.0237734 Vali Loss: 0.9975170 Test Loss: 4.4087124
EarlyStopping counter: 3 out of 3
Early stopping
>>>>>>>testing : DLinear_GD_336_192_S_channels_1_DLinear_S_channels_6<<<<<<<<<<<<<<<<<<<<<<<<<<<<<<<<<
test 2953
DLinear_GD_336_192_S_channels_1_DLinear_S_channels_6
Shapes: pred (2952, 192, 1), true (2952, 192, 1), naive_pred (2952, 192, 1)
Shapes: gt (369, 528), pd (369, 528), naive_pd (369, 528)
Final Metrics:
DLinear      MSE: 4.335186   MAE: 1.541826   SE: 9.310600   RRMSE: 0.135313   RMAE: 0.100200   (numpy)
DLinear      MSE: 4.335187   MAE: 1.541827   SE: 9.310600   RRMSE: 0.135313   RMAE: 0.100200   (torch)

Repeat       MSE: 4.300982   MAE: 1.530693   SE: 9.897922   RRMSE: 0.134778   RMAE: 0.099477   (numpy)
Repeat       MSE: 4.300982   MAE: 1.530693   SE: 9.897922   RRMSE: 0.134778   RMAE: 0.099477   (torch)

