Args in experiment:
Namespace(activation='gelu', batch_size=8, c_out=7, checkpoints='./checkpoints/', d_ff=2048, d_layers=1, d_model=512, data='custom', data_path='exchange_rate.csv', dec_in=7, des='Exp', devices='0,1,2,3', distil=True, do_predict=False, dropout=0.05, e_layers=2, embed='timeF', embed_type=0, enc_in=7, factor=1, features='S', freq='h', gpu=0, individual=False, is_training=1, itr=1, label_len=48, learning_rate=0.0005, loss='mse', lradj='type1', model='DLinear', model_id='DLinear_exchange_rate_336_96_S_channels_1', moving_avg=25, n_heads=8, num_workers=10, output_attention=False, patience=3, pred_len=96, root_path='./dataset/', seq_len=336, target='OT', test_flop=False, train_epochs=10, use_amp=False, use_gpu=True, use_multi_gpu=False)
DLinear_exchange_rate_336_96_S_channels_1_DLinear_S_channels_7
Using GPU: NVIDIA GeForce GTX 1080 Ti (cuda:0):
>>>>>>>start training : DLinear_exchange_rate_336_96_S_channels_1_DLinear_S_channels_7>>>>>>>>>>>>>>>>>>>>>>>>>>
train 4880
val 665
test 1422
	iters: 100, epoch: 1 | loss: 0.1395557
	speed: 0.0049s/iter; time left: 29.1095s
	iters: 200, epoch: 1 | loss: 0.1478566
	speed: 0.0029s/iter; time left: 17.2103s
	iters: 300, epoch: 1 | loss: 0.0706765
	speed: 0.0029s/iter; time left: 16.6760s
	iters: 400, epoch: 1 | loss: 0.0262756
	speed: 0.0029s/iter; time left: 16.2663s
	iters: 500, epoch: 1 | loss: 0.1607887
	speed: 0.0029s/iter; time left: 16.1340s
	iters: 600, epoch: 1 | loss: 0.2206810
	speed: 0.0028s/iter; time left: 15.6024s
Epoch: 1 cost time: 2.0 seconds
Epoch: 1, Steps: 610 | Train Loss: 0.1469100 Vali Loss: 0.3246511 Test Loss: 0.1938311
Validation loss decreased (inf --> 0.324651).  Saving model ...
Updating learning rate to 0.0005
	iters: 100, epoch: 2 | loss: 0.0704480
	speed: 0.0162s/iter; time left: 87.4534s
	iters: 200, epoch: 2 | loss: 0.0697278
	speed: 0.0029s/iter; time left: 15.1239s
	iters: 300, epoch: 2 | loss: 0.0766274
	speed: 0.0032s/iter; time left: 16.7399s
	iters: 400, epoch: 2 | loss: 0.0925783
	speed: 0.0029s/iter; time left: 14.9777s
	iters: 500, epoch: 2 | loss: 0.1762589
	speed: 0.0031s/iter; time left: 15.6430s
	iters: 600, epoch: 2 | loss: 0.0704147
	speed: 0.0029s/iter; time left: 14.0352s
Epoch: 2 cost time: 2.1 seconds
Epoch: 2, Steps: 610 | Train Loss: 0.1138218 Vali Loss: 0.2733030 Test Loss: 0.1430655
Validation loss decreased (0.324651 --> 0.273303).  Saving model ...
Updating learning rate to 0.00025
	iters: 100, epoch: 3 | loss: 0.4101475
	speed: 0.0161s/iter; time left: 76.7469s
	iters: 200, epoch: 3 | loss: 0.0383642
	speed: 0.0031s/iter; time left: 14.3441s
	iters: 300, epoch: 3 | loss: 0.0354227
	speed: 0.0033s/iter; time left: 14.9608s
	iters: 400, epoch: 3 | loss: 0.0934424
	speed: 0.0030s/iter; time left: 13.5976s
	iters: 500, epoch: 3 | loss: 0.1531823
	speed: 0.0030s/iter; time left: 13.2512s
	iters: 600, epoch: 3 | loss: 0.0814436
	speed: 0.0033s/iter; time left: 14.0133s
Epoch: 3 cost time: 2.1 seconds
Epoch: 3, Steps: 610 | Train Loss: 0.1064149 Vali Loss: 0.2314872 Test Loss: 0.1094189
Validation loss decreased (0.273303 --> 0.231487).  Saving model ...
Updating learning rate to 0.000125
	iters: 100, epoch: 4 | loss: 0.1318630
	speed: 0.0174s/iter; time left: 72.4507s
	iters: 200, epoch: 4 | loss: 0.0851052
	speed: 0.0031s/iter; time left: 12.6116s
	iters: 300, epoch: 4 | loss: 0.1414757
	speed: 0.0031s/iter; time left: 12.3018s
	iters: 400, epoch: 4 | loss: 0.1597308
	speed: 0.0031s/iter; time left: 11.8752s
	iters: 500, epoch: 4 | loss: 0.2203635
	speed: 0.0031s/iter; time left: 11.6198s
	iters: 600, epoch: 4 | loss: 0.1080338
	speed: 0.0031s/iter; time left: 11.3813s
Epoch: 4 cost time: 2.1 seconds
Epoch: 4, Steps: 610 | Train Loss: 0.1031204 Vali Loss: 0.2384420 Test Loss: 0.1156483
EarlyStopping counter: 1 out of 3
Updating learning rate to 6.25e-05
	iters: 100, epoch: 5 | loss: 0.0447340
	speed: 0.0167s/iter; time left: 59.4523s
	iters: 200, epoch: 5 | loss: 0.0551511
	speed: 0.0031s/iter; time left: 10.6944s
	iters: 300, epoch: 5 | loss: 0.2370214
	speed: 0.0031s/iter; time left: 10.3215s
	iters: 400, epoch: 5 | loss: 0.0832413
	speed: 0.0031s/iter; time left: 10.0073s
	iters: 500, epoch: 5 | loss: 0.0585045
	speed: 0.0031s/iter; time left: 9.7364s
	iters: 600, epoch: 5 | loss: 0.1015868
	speed: 0.0031s/iter; time left: 9.4184s
Epoch: 5 cost time: 2.1 seconds
Epoch: 5, Steps: 610 | Train Loss: 0.1011754 Vali Loss: 0.2147648 Test Loss: 0.0994892
Validation loss decreased (0.231487 --> 0.214765).  Saving model ...
Updating learning rate to 3.125e-05
	iters: 100, epoch: 6 | loss: 0.1249921
	speed: 0.0168s/iter; time left: 49.4850s
	iters: 200, epoch: 6 | loss: 0.0623540
	speed: 0.0031s/iter; time left: 8.7850s
	iters: 300, epoch: 6 | loss: 0.0555027
	speed: 0.0031s/iter; time left: 8.4755s
	iters: 400, epoch: 6 | loss: 0.1287818
	speed: 0.0031s/iter; time left: 8.1929s
	iters: 500, epoch: 6 | loss: 0.1208899
	speed: 0.0031s/iter; time left: 7.8947s
	iters: 600, epoch: 6 | loss: 0.0209913
	speed: 0.0031s/iter; time left: 7.5183s
Epoch: 6 cost time: 2.1 seconds
Epoch: 6, Steps: 610 | Train Loss: 0.1005101 Vali Loss: 0.2214909 Test Loss: 0.1019212
EarlyStopping counter: 1 out of 3
Updating learning rate to 1.5625e-05
	iters: 100, epoch: 7 | loss: 0.1734050
	speed: 0.0169s/iter; time left: 39.6394s
	iters: 200, epoch: 7 | loss: 0.0631109
	speed: 0.0031s/iter; time left: 6.9015s
	iters: 300, epoch: 7 | loss: 0.0915160
	speed: 0.0031s/iter; time left: 6.6612s
	iters: 400, epoch: 7 | loss: 0.1730853
	speed: 0.0031s/iter; time left: 6.3134s
	iters: 500, epoch: 7 | loss: 0.0913047
	speed: 0.0031s/iter; time left: 5.9922s
	iters: 600, epoch: 7 | loss: 0.1403637
	speed: 0.0031s/iter; time left: 5.6753s
Epoch: 7 cost time: 2.2 seconds
Epoch: 7, Steps: 610 | Train Loss: 0.1002550 Vali Loss: 0.2274977 Test Loss: 0.1052716
EarlyStopping counter: 2 out of 3
Updating learning rate to 7.8125e-06
	iters: 100, epoch: 8 | loss: 0.0858725
	speed: 0.0166s/iter; time left: 28.6972s
	iters: 200, epoch: 8 | loss: 0.0300508
	speed: 0.0032s/iter; time left: 5.1846s
	iters: 300, epoch: 8 | loss: 0.1500909
	speed: 0.0031s/iter; time left: 4.7893s
	iters: 400, epoch: 8 | loss: 0.0385843
	speed: 0.0031s/iter; time left: 4.4291s
	iters: 500, epoch: 8 | loss: 0.1189756
	speed: 0.0031s/iter; time left: 4.1049s
	iters: 600, epoch: 8 | loss: 0.0853818
	speed: 0.0031s/iter; time left: 3.7886s
Epoch: 8 cost time: 2.1 seconds
Epoch: 8, Steps: 610 | Train Loss: 0.0999309 Vali Loss: 0.2296223 Test Loss: 0.1062646
EarlyStopping counter: 3 out of 3
Early stopping
>>>>>>>testing : DLinear_exchange_rate_336_96_S_channels_1_DLinear_S_channels_7<<<<<<<<<<<<<<<<<<<<<<<<<<<<<<<<<
test 1422
DLinear_exchange_rate_336_96_S_channels_1_DLinear_S_channels_7
Shapes: pred (1416, 96, 1), true (1416, 96, 1), naive_pred (1416, 96, 1)
Shapes: gt (177, 432), pd (177, 432), naive_pd (177, 432)
Final Metrics:
DLinear      MSE: 0.099489   MAE: 0.241854   SE: 0.191648   RRMSE: 0.188177   RMAE: 0.144289   (numpy)
DLinear      MSE: 0.099489   MAE: 0.241854   SE: 0.191648   RRMSE: 0.188177   RMAE: 0.144289   (torch)

Repeat       MSE: 0.087784   MAE: 0.220754   SE: 0.178736   RRMSE: 0.176762   RMAE: 0.131701   (numpy)
Repeat       MSE: 0.087784   MAE: 0.220754   SE: 0.178736   RRMSE: 0.176762   RMAE: 0.131701   (torch)

