Args in experiment:
Namespace(is_training=1, model_id='DLinear_FITS_MRO_336_720_MS_channels_6', model='DLinear_FITS', data='custom', root_path='./dataset/', data_path='MRO.csv', features='MS', target='Adj Close', freq='h', checkpoints='./checkpoints/', seq_len=336, label_len=48, pred_len=720, individual=False, embed_type=0, enc_in=6, dec_in=7, c_out=7, d_model=512, n_heads=8, e_layers=2, d_layers=1, d_ff=2048, moving_avg=25, factor=1, distil=True, dropout=0.05, embed='timeF', activation='gelu', output_attention=False, do_predict=False, num_workers=10, itr=1, train_epochs=10, batch_size=8, patience=3, learning_rate=0.0005, des='Exp', loss='mse', lradj='type1', use_amp=False, use_gpu=True, gpu=0, use_multi_gpu=False, devices='0,1,2,3', test_flop=False)
DLinear_FITS_MRO_336_720_MS_channels_6_DLinear_FITS_MS_channels_6
Using GPU: NVIDIA GeForce RTX 4070 (cuda:0):
FITS cutoff frequency: 49
>>>>>>>start training : DLinear_FITS_MRO_336_720_MS_channels_6_DLinear_FITS_MS_channels_6>>>>>>>>>>>>>>>>>>>>>>>>>>
train 9951
val 855
test 2425
	iters: 100, epoch: 1 | loss: 0.4332385
	speed: 0.0246s/iter; time left: 303.2271s
	iters: 200, epoch: 1 | loss: 0.1271793
	speed: 0.0098s/iter; time left: 119.8326s
	iters: 300, epoch: 1 | loss: 0.1023227
	speed: 0.0078s/iter; time left: 94.0158s
	iters: 400, epoch: 1 | loss: 0.1288279
	speed: 0.0076s/iter; time left: 91.8531s
	iters: 500, epoch: 1 | loss: 0.1927281
	speed: 0.0079s/iter; time left: 93.8224s
	iters: 600, epoch: 1 | loss: 0.1159155
	speed: 0.0077s/iter; time left: 91.2895s
	iters: 700, epoch: 1 | loss: 0.2568341
	speed: 0.0080s/iter; time left: 94.1209s
	iters: 800, epoch: 1 | loss: 0.0771294
	speed: 0.0099s/iter; time left: 115.3281s
	iters: 900, epoch: 1 | loss: 0.0556552
	speed: 0.0102s/iter; time left: 117.7747s
	iters: 1000, epoch: 1 | loss: 0.1307700
	speed: 0.0107s/iter; time left: 122.1519s
	iters: 1100, epoch: 1 | loss: 0.1062623
	speed: 0.0084s/iter; time left: 95.2578s
	iters: 1200, epoch: 1 | loss: 0.2207653
	speed: 0.0078s/iter; time left: 87.8810s
Epoch: 1 cost time: 12.0 seconds
Epoch: 1, Steps: 1243 | Train Loss: 0.1555388 Vali Loss: 12.8101025 Test Loss: 23.2142353
Validation loss decreased (inf --> 12.810102).  Saving model ...
Updating learning rate to 0.0005
	iters: 100, epoch: 2 | loss: 0.0717779
	speed: 0.0466s/iter; time left: 516.4409s
	iters: 200, epoch: 2 | loss: 0.0329482
	speed: 0.0112s/iter; time left: 123.2601s
	iters: 300, epoch: 2 | loss: 0.1306872
	speed: 0.0115s/iter; time left: 125.5003s
	iters: 400, epoch: 2 | loss: 0.1659929
	speed: 0.0114s/iter; time left: 122.4629s
	iters: 500, epoch: 2 | loss: 0.1260529
	speed: 0.0090s/iter; time left: 96.5177s
	iters: 600, epoch: 2 | loss: 0.1964865
	speed: 0.0097s/iter; time left: 102.9233s
	iters: 700, epoch: 2 | loss: 0.1249961
	speed: 0.0095s/iter; time left: 99.4789s
	iters: 800, epoch: 2 | loss: 0.2052855
	speed: 0.0114s/iter; time left: 118.3880s
	iters: 900, epoch: 2 | loss: 0.0419334
	speed: 0.0107s/iter; time left: 110.3799s
	iters: 1000, epoch: 2 | loss: 0.1252251
	speed: 0.0104s/iter; time left: 105.9688s
	iters: 1100, epoch: 2 | loss: 0.1608452
	speed: 0.0089s/iter; time left: 90.1099s
	iters: 1200, epoch: 2 | loss: 0.1510362
	speed: 0.0085s/iter; time left: 84.4013s
Epoch: 2 cost time: 12.9 seconds
Epoch: 2, Steps: 1243 | Train Loss: 0.1368968 Vali Loss: 12.1521835 Test Loss: 22.7116928
Validation loss decreased (12.810102 --> 12.152184).  Saving model ...
Updating learning rate to 0.00025
	iters: 100, epoch: 3 | loss: 0.1326897
	speed: 0.0510s/iter; time left: 501.9680s
	iters: 200, epoch: 3 | loss: 0.2104332
	speed: 0.0120s/iter; time left: 116.9510s
	iters: 300, epoch: 3 | loss: 0.0862109
	speed: 0.0096s/iter; time left: 92.9143s
	iters: 400, epoch: 3 | loss: 0.1468582
	speed: 0.0093s/iter; time left: 88.3336s
	iters: 500, epoch: 3 | loss: 0.0980690
	speed: 0.0093s/iter; time left: 88.1367s
	iters: 600, epoch: 3 | loss: 0.1028535
	speed: 0.0095s/iter; time left: 88.7280s
	iters: 700, epoch: 3 | loss: 0.1888947
	speed: 0.0114s/iter; time left: 105.2954s
	iters: 800, epoch: 3 | loss: 0.1253630
	speed: 0.0125s/iter; time left: 114.4782s
	iters: 900, epoch: 3 | loss: 0.0559966
	speed: 0.0121s/iter; time left: 109.1554s
	iters: 1000, epoch: 3 | loss: 0.0746895
	speed: 0.0129s/iter; time left: 115.4439s
	iters: 1100, epoch: 3 | loss: 0.0851212
	speed: 0.0105s/iter; time left: 92.6335s
	iters: 1200, epoch: 3 | loss: 0.0292014
	speed: 0.0110s/iter; time left: 96.6237s
Epoch: 3 cost time: 13.9 seconds
Epoch: 3, Steps: 1243 | Train Loss: 0.1326877 Vali Loss: 12.1350079 Test Loss: 22.4781055
Validation loss decreased (12.152184 --> 12.135008).  Saving model ...
Updating learning rate to 0.000125
	iters: 100, epoch: 4 | loss: 0.0734050
	speed: 0.0611s/iter; time left: 525.3640s
	iters: 200, epoch: 4 | loss: 0.2453653
	speed: 0.0127s/iter; time left: 107.8096s
	iters: 300, epoch: 4 | loss: 0.0484894
	speed: 0.0110s/iter; time left: 92.7488s
	iters: 400, epoch: 4 | loss: 0.1914401
	speed: 0.0099s/iter; time left: 82.3904s
	iters: 500, epoch: 4 | loss: 0.0596488
	speed: 0.0098s/iter; time left: 80.0500s
	iters: 600, epoch: 4 | loss: 0.1050608
	speed: 0.0103s/iter; time left: 83.4945s
	iters: 700, epoch: 4 | loss: 0.2977940
	speed: 0.0120s/iter; time left: 95.6512s
	iters: 800, epoch: 4 | loss: 0.1242039
	speed: 0.0117s/iter; time left: 92.1231s
	iters: 900, epoch: 4 | loss: 0.0882341
	speed: 0.0122s/iter; time left: 95.4951s
	iters: 1000, epoch: 4 | loss: 0.0894215
	speed: 0.0106s/iter; time left: 81.8039s
	iters: 1100, epoch: 4 | loss: 0.1970093
	speed: 0.0118s/iter; time left: 89.4217s
	iters: 1200, epoch: 4 | loss: 0.1572731
	speed: 0.0107s/iter; time left: 79.9826s
Epoch: 4 cost time: 14.2 seconds
Epoch: 4, Steps: 1243 | Train Loss: 0.1311647 Vali Loss: 11.7748871 Test Loss: 22.1637211
Validation loss decreased (12.135008 --> 11.774887).  Saving model ...
Updating learning rate to 6.25e-05
	iters: 100, epoch: 5 | loss: 0.0732609
	speed: 0.0635s/iter; time left: 467.0673s
	iters: 200, epoch: 5 | loss: 0.0894036
	speed: 0.0106s/iter; time left: 77.2326s
	iters: 300, epoch: 5 | loss: 0.1414734
	speed: 0.0101s/iter; time left: 72.4038s
	iters: 400, epoch: 5 | loss: 0.0811708
	speed: 0.0097s/iter; time left: 68.3565s
	iters: 500, epoch: 5 | loss: 0.1174771
	speed: 0.0108s/iter; time left: 75.0490s
	iters: 600, epoch: 5 | loss: 0.0925784
	speed: 0.0111s/iter; time left: 75.9622s
	iters: 700, epoch: 5 | loss: 0.2835183
	speed: 0.0110s/iter; time left: 74.4929s
	iters: 800, epoch: 5 | loss: 0.0696457
	speed: 0.0120s/iter; time left: 79.7859s
	iters: 900, epoch: 5 | loss: 0.1354561
	speed: 0.0100s/iter; time left: 65.8253s
	iters: 1000, epoch: 5 | loss: 0.1321312
	speed: 0.0107s/iter; time left: 69.0863s
	iters: 1100, epoch: 5 | loss: 0.1034648
	speed: 0.0095s/iter; time left: 60.7261s
	iters: 1200, epoch: 5 | loss: 0.0580736
	speed: 0.0106s/iter; time left: 66.1674s
Epoch: 5 cost time: 13.6 seconds
Epoch: 5, Steps: 1243 | Train Loss: 0.1299231 Vali Loss: 10.7487726 Test Loss: 19.9857292
Validation loss decreased (11.774887 --> 10.748773).  Saving model ...
Updating learning rate to 3.125e-05
	iters: 100, epoch: 6 | loss: 0.1761585
	speed: 0.0600s/iter; time left: 366.6964s
	iters: 200, epoch: 6 | loss: 0.1072031
	speed: 0.0100s/iter; time left: 60.2329s
	iters: 300, epoch: 6 | loss: 0.1163341
	speed: 0.0101s/iter; time left: 59.7555s
	iters: 400, epoch: 6 | loss: 0.1500673
	speed: 0.0106s/iter; time left: 61.6961s
	iters: 500, epoch: 6 | loss: 0.1301049
	speed: 0.0132s/iter; time left: 75.6901s
	iters: 600, epoch: 6 | loss: 0.1920045
	speed: 0.0122s/iter; time left: 68.6850s
	iters: 700, epoch: 6 | loss: 0.2235863
	speed: 0.0116s/iter; time left: 64.1343s
	iters: 800, epoch: 6 | loss: 0.0997562
	speed: 0.0104s/iter; time left: 56.1333s
	iters: 900, epoch: 6 | loss: 0.0893411
	speed: 0.0100s/iter; time left: 53.0181s
	iters: 1000, epoch: 6 | loss: 0.0701381
	speed: 0.0103s/iter; time left: 53.5061s
	iters: 1100, epoch: 6 | loss: 0.1000855
	speed: 0.0099s/iter; time left: 50.4632s
	iters: 1200, epoch: 6 | loss: 0.1203658
	speed: 0.0098s/iter; time left: 48.9516s
Epoch: 6 cost time: 13.8 seconds
Epoch: 6, Steps: 1243 | Train Loss: 0.1294586 Vali Loss: 11.8735294 Test Loss: 22.3272152
EarlyStopping counter: 1 out of 3
Updating learning rate to 1.5625e-05
	iters: 100, epoch: 7 | loss: 0.0548984
	speed: 0.0603s/iter; time left: 293.9146s
	iters: 200, epoch: 7 | loss: 0.0926630
	speed: 0.0117s/iter; time left: 55.7673s
	iters: 300, epoch: 7 | loss: 0.0922849
	speed: 0.0104s/iter; time left: 48.7541s
	iters: 400, epoch: 7 | loss: 0.0930141
	speed: 0.0121s/iter; time left: 55.3678s
	iters: 500, epoch: 7 | loss: 0.2205078
	speed: 0.0109s/iter; time left: 48.8395s
	iters: 600, epoch: 7 | loss: 0.0563462
	speed: 0.0122s/iter; time left: 53.4541s
	iters: 700, epoch: 7 | loss: 0.0670183
	speed: 0.0107s/iter; time left: 45.6162s
	iters: 800, epoch: 7 | loss: 0.1056377
	speed: 0.0104s/iter; time left: 43.3996s
	iters: 900, epoch: 7 | loss: 0.2142849
	speed: 0.0098s/iter; time left: 39.9287s
	iters: 1000, epoch: 7 | loss: 0.1355100
	speed: 0.0103s/iter; time left: 40.8493s
	iters: 1100, epoch: 7 | loss: 0.1604186
	speed: 0.0102s/iter; time left: 39.3809s
	iters: 1200, epoch: 7 | loss: 0.0315705
	speed: 0.0119s/iter; time left: 44.7328s
Epoch: 7 cost time: 14.1 seconds
Epoch: 7, Steps: 1243 | Train Loss: 0.1291224 Vali Loss: 11.8283396 Test Loss: 22.2380238
EarlyStopping counter: 2 out of 3
Updating learning rate to 7.8125e-06
	iters: 100, epoch: 8 | loss: 0.0772110
	speed: 0.0573s/iter; time left: 208.0044s
	iters: 200, epoch: 8 | loss: 0.0226513
	speed: 0.0100s/iter; time left: 35.3719s
	iters: 300, epoch: 8 | loss: 0.0982865
	speed: 0.0122s/iter; time left: 41.7785s
	iters: 400, epoch: 8 | loss: 0.1049734
	speed: 0.0128s/iter; time left: 42.7232s
	iters: 500, epoch: 8 | loss: 0.0708654
	speed: 0.0130s/iter; time left: 41.9073s
	iters: 600, epoch: 8 | loss: 0.1505860
	speed: 0.0109s/iter; time left: 34.0014s
	iters: 700, epoch: 8 | loss: 0.1425061
	speed: 0.0103s/iter; time left: 31.1036s
	iters: 800, epoch: 8 | loss: 0.1006484
	speed: 0.0100s/iter; time left: 29.4438s
	iters: 900, epoch: 8 | loss: 0.1284005
	speed: 0.0110s/iter; time left: 31.1992s
	iters: 1000, epoch: 8 | loss: 0.1111461
	speed: 0.0135s/iter; time left: 36.8147s
	iters: 1100, epoch: 8 | loss: 0.2309290
	speed: 0.0136s/iter; time left: 35.7379s
	iters: 1200, epoch: 8 | loss: 0.2082418
	speed: 0.0129s/iter; time left: 32.6225s
Epoch: 8 cost time: 14.7 seconds
Epoch: 8, Steps: 1243 | Train Loss: 0.1288874 Vali Loss: 11.8634720 Test Loss: 22.3266201
EarlyStopping counter: 3 out of 3
Early stopping
>>>>>>>testing : DLinear_FITS_MRO_336_720_MS_channels_6_DLinear_FITS_MS_channels_6<<<<<<<<<<<<<<<<<<<<<<<<<<<<<<<<<
test 2425
DLinear_FITS_MRO_336_720_MS_channels_6_DLinear_FITS_MS_channels_6
Shapes: pred (2424, 720, 1), true (2424, 720, 1), naive_pred (2424, 720, 1)
Shapes: gt (303, 1056), pd (303, 1056), naive_pd (303, 1056)
Final Metrics:
DLinear_FITS MSE: 19.985725  MAE: 3.499062   SE: 34.044529  RRMSE: 0.593472   RMAE: 0.464507   (numpy)
DLinear_FITS MSE: 19.985729  MAE: 3.499062   SE: 34.044533  RRMSE: 0.593473   RMAE: 0.464507   (torch)

Repeat       MSE: 23.184877  MAE: 3.680038   SE: 39.829136  RRMSE: 0.639209   RMAE: 0.488532   (numpy)
Repeat       MSE: 23.184883  MAE: 3.680040   SE: 39.829136  RRMSE: 0.639209   RMAE: 0.488532   (torch)


Model(
  (decomposition): SeriesDecomp(
    (moving_avg): MovingAvg(
      (avg): AvgPool1d(kernel_size=(25,), stride=(1,), padding=(0,))
    )
  )
  (fits): FITS(
    (frequency_upsampler): Linear(in_features=49, out_features=154, bias=True)
  )
  (Linear_Seasonal): Linear(in_features=336, out_features=720, bias=True)
  (Linear_Trend): Linear(in_features=336, out_features=720, bias=True)
)
