Args in experiment:
Namespace(is_training=1, model_id='DLinear_FITS_MRO_336_720_S_channels_1', model='DLinear_FITS', data='custom', root_path='./dataset/', data_path='MRO.csv', features='S', target='Adj Close', freq='h', checkpoints='./checkpoints/', seq_len=336, label_len=48, pred_len=720, individual=False, embed_type=0, enc_in=6, dec_in=7, c_out=7, d_model=512, n_heads=8, e_layers=2, d_layers=1, d_ff=2048, moving_avg=25, factor=1, distil=True, dropout=0.05, embed='timeF', activation='gelu', output_attention=False, do_predict=False, num_workers=10, itr=1, train_epochs=10, batch_size=8, patience=3, learning_rate=0.0005, des='Exp', loss='mse', lradj='type1', use_amp=False, use_gpu=True, gpu=0, use_multi_gpu=False, devices='0,1,2,3', test_flop=False)
DLinear_FITS_MRO_336_720_S_channels_1_DLinear_FITS_S_channels_6
Using GPU: NVIDIA GeForce RTX 4070 (cuda:0):
FITS cutoff frequency: 49
>>>>>>>start training : DLinear_FITS_MRO_336_720_S_channels_1_DLinear_FITS_S_channels_6>>>>>>>>>>>>>>>>>>>>>>>>>>
train 9951
val 855
test 2425
	iters: 100, epoch: 1 | loss: 0.4332385
	speed: 0.0216s/iter; time left: 266.6446s
	iters: 200, epoch: 1 | loss: 0.1271793
	speed: 0.0071s/iter; time left: 87.4253s
	iters: 300, epoch: 1 | loss: 0.1023227
	speed: 0.0069s/iter; time left: 84.1351s
	iters: 400, epoch: 1 | loss: 0.1288279
	speed: 0.0065s/iter; time left: 78.5673s
	iters: 500, epoch: 1 | loss: 0.1927281
	speed: 0.0070s/iter; time left: 83.2715s
	iters: 600, epoch: 1 | loss: 0.1159155
	speed: 0.0068s/iter; time left: 80.4888s
	iters: 700, epoch: 1 | loss: 0.2568341
	speed: 0.0075s/iter; time left: 87.4908s
	iters: 800, epoch: 1 | loss: 0.0771294
	speed: 0.0078s/iter; time left: 90.8309s
	iters: 900, epoch: 1 | loss: 0.0556552
	speed: 0.0078s/iter; time left: 90.0640s
	iters: 1000, epoch: 1 | loss: 0.1307700
	speed: 0.0078s/iter; time left: 89.1107s
	iters: 1100, epoch: 1 | loss: 0.1062623
	speed: 0.0076s/iter; time left: 86.0756s
	iters: 1200, epoch: 1 | loss: 0.2207654
	speed: 0.0067s/iter; time left: 75.3144s
Epoch: 1 cost time: 10.0 seconds
Epoch: 1, Steps: 1243 | Train Loss: 0.1555388 Vali Loss: 12.8101025 Test Loss: 23.2142334
Validation loss decreased (inf --> 12.810102).  Saving model ...
Updating learning rate to 0.0005
	iters: 100, epoch: 2 | loss: 0.0717779
	speed: 0.0360s/iter; time left: 399.5038s
	iters: 200, epoch: 2 | loss: 0.0329482
	speed: 0.0067s/iter; time left: 74.1589s
	iters: 300, epoch: 2 | loss: 0.1306872
	speed: 0.0066s/iter; time left: 71.4217s
	iters: 400, epoch: 2 | loss: 0.1659929
	speed: 0.0067s/iter; time left: 71.9740s
	iters: 500, epoch: 2 | loss: 0.1260529
	speed: 0.0065s/iter; time left: 69.8963s
	iters: 600, epoch: 2 | loss: 0.1964865
	speed: 0.0066s/iter; time left: 70.0881s
	iters: 700, epoch: 2 | loss: 0.1249960
	speed: 0.0066s/iter; time left: 69.2481s
	iters: 800, epoch: 2 | loss: 0.2052856
	speed: 0.0068s/iter; time left: 70.6726s
	iters: 900, epoch: 2 | loss: 0.0419334
	speed: 0.0072s/iter; time left: 74.1042s
	iters: 1000, epoch: 2 | loss: 0.1252251
	speed: 0.0075s/iter; time left: 75.9903s
	iters: 1100, epoch: 2 | loss: 0.1608452
	speed: 0.0073s/iter; time left: 73.2895s
	iters: 1200, epoch: 2 | loss: 0.1510362
	speed: 0.0069s/iter; time left: 68.8435s
Epoch: 2 cost time: 8.8 seconds
Epoch: 2, Steps: 1243 | Train Loss: 0.1368968 Vali Loss: 12.1521845 Test Loss: 22.7116947
Validation loss decreased (12.810102 --> 12.152184).  Saving model ...
Updating learning rate to 0.00025
	iters: 100, epoch: 3 | loss: 0.1326897
	speed: 0.0384s/iter; time left: 377.7553s
	iters: 200, epoch: 3 | loss: 0.2104332
	speed: 0.0065s/iter; time left: 63.4223s
	iters: 300, epoch: 3 | loss: 0.0862109
	speed: 0.0072s/iter; time left: 69.0354s
	iters: 400, epoch: 3 | loss: 0.1468582
	speed: 0.0075s/iter; time left: 71.7705s
	iters: 500, epoch: 3 | loss: 0.0980690
	speed: 0.0069s/iter; time left: 65.1963s
	iters: 600, epoch: 3 | loss: 0.1028535
	speed: 0.0071s/iter; time left: 66.0936s
	iters: 700, epoch: 3 | loss: 0.1888946
	speed: 0.0070s/iter; time left: 64.6379s
	iters: 800, epoch: 3 | loss: 0.1253630
	speed: 0.0071s/iter; time left: 64.5542s
	iters: 900, epoch: 3 | loss: 0.0559966
	speed: 0.0069s/iter; time left: 62.4942s
	iters: 1000, epoch: 3 | loss: 0.0746895
	speed: 0.0071s/iter; time left: 63.1548s
	iters: 1100, epoch: 3 | loss: 0.0851212
	speed: 0.0069s/iter; time left: 61.4018s
	iters: 1200, epoch: 3 | loss: 0.0292015
	speed: 0.0069s/iter; time left: 59.9943s
Epoch: 3 cost time: 9.1 seconds
Epoch: 3, Steps: 1243 | Train Loss: 0.1326877 Vali Loss: 12.1350079 Test Loss: 22.4781055
Validation loss decreased (12.152184 --> 12.135008).  Saving model ...
Updating learning rate to 0.000125
	iters: 100, epoch: 4 | loss: 0.0734050
	speed: 0.0364s/iter; time left: 313.5368s
	iters: 200, epoch: 4 | loss: 0.2453653
	speed: 0.0067s/iter; time left: 56.7032s
	iters: 300, epoch: 4 | loss: 0.0484894
	speed: 0.0069s/iter; time left: 58.1713s
	iters: 400, epoch: 4 | loss: 0.1914402
	speed: 0.0071s/iter; time left: 59.2735s
	iters: 500, epoch: 4 | loss: 0.0596488
	speed: 0.0067s/iter; time left: 55.3212s
	iters: 600, epoch: 4 | loss: 0.1050608
	speed: 0.0069s/iter; time left: 55.6432s
	iters: 700, epoch: 4 | loss: 0.2977941
	speed: 0.0068s/iter; time left: 54.6296s
	iters: 800, epoch: 4 | loss: 0.1242039
	speed: 0.0066s/iter; time left: 51.9917s
	iters: 900, epoch: 4 | loss: 0.0882342
	speed: 0.0070s/iter; time left: 54.3519s
	iters: 1000, epoch: 4 | loss: 0.0894215
	speed: 0.0066s/iter; time left: 50.9576s
	iters: 1100, epoch: 4 | loss: 0.1970093
	speed: 0.0066s/iter; time left: 50.3555s
	iters: 1200, epoch: 4 | loss: 0.1572731
	speed: 0.0069s/iter; time left: 51.7807s
Epoch: 4 cost time: 8.8 seconds
Epoch: 4, Steps: 1243 | Train Loss: 0.1311647 Vali Loss: 11.7748871 Test Loss: 22.1637211
Validation loss decreased (12.135008 --> 11.774887).  Saving model ...
Updating learning rate to 6.25e-05
	iters: 100, epoch: 5 | loss: 0.0732609
	speed: 0.0404s/iter; time left: 297.1057s
	iters: 200, epoch: 5 | loss: 0.0894036
	speed: 0.0074s/iter; time left: 53.9558s
	iters: 300, epoch: 5 | loss: 0.1414734
	speed: 0.0075s/iter; time left: 53.8933s
	iters: 400, epoch: 5 | loss: 0.0811708
	speed: 0.0078s/iter; time left: 55.0545s
	iters: 500, epoch: 5 | loss: 0.1174771
	speed: 0.0078s/iter; time left: 54.3949s
	iters: 600, epoch: 5 | loss: 0.0925784
	speed: 0.0073s/iter; time left: 50.1356s
	iters: 700, epoch: 5 | loss: 0.2835182
	speed: 0.0069s/iter; time left: 46.4657s
	iters: 800, epoch: 5 | loss: 0.0696457
	speed: 0.0070s/iter; time left: 46.3931s
	iters: 900, epoch: 5 | loss: 0.1354561
	speed: 0.0074s/iter; time left: 48.7367s
	iters: 1000, epoch: 5 | loss: 0.1321312
	speed: 0.0075s/iter; time left: 48.3670s
	iters: 1100, epoch: 5 | loss: 0.1034648
	speed: 0.0069s/iter; time left: 43.6539s
	iters: 1200, epoch: 5 | loss: 0.0580736
	speed: 0.0071s/iter; time left: 44.6818s
Epoch: 5 cost time: 9.6 seconds
Epoch: 5, Steps: 1243 | Train Loss: 0.1299231 Vali Loss: 10.7487726 Test Loss: 19.9857292
Validation loss decreased (11.774887 --> 10.748773).  Saving model ...
Updating learning rate to 3.125e-05
	iters: 100, epoch: 6 | loss: 0.1761585
	speed: 0.0410s/iter; time left: 251.0529s
	iters: 200, epoch: 6 | loss: 0.1072032
	speed: 0.0071s/iter; time left: 42.4605s
	iters: 300, epoch: 6 | loss: 0.1163341
	speed: 0.0070s/iter; time left: 41.6411s
	iters: 400, epoch: 6 | loss: 0.1500673
	speed: 0.0080s/iter; time left: 46.6987s
	iters: 500, epoch: 6 | loss: 0.1301049
	speed: 0.0073s/iter; time left: 41.5804s
	iters: 600, epoch: 6 | loss: 0.1920045
	speed: 0.0069s/iter; time left: 39.0043s
	iters: 700, epoch: 6 | loss: 0.2235864
	speed: 0.0072s/iter; time left: 39.9786s
	iters: 800, epoch: 6 | loss: 0.0997562
	speed: 0.0076s/iter; time left: 41.1039s
	iters: 900, epoch: 6 | loss: 0.0893411
	speed: 0.0069s/iter; time left: 36.6489s
	iters: 1000, epoch: 6 | loss: 0.0701381
	speed: 0.0073s/iter; time left: 38.2929s
	iters: 1100, epoch: 6 | loss: 0.1000855
	speed: 0.0069s/iter; time left: 35.4478s
	iters: 1200, epoch: 6 | loss: 0.1203658
	speed: 0.0069s/iter; time left: 34.7548s
Epoch: 6 cost time: 9.5 seconds
Epoch: 6, Steps: 1243 | Train Loss: 0.1294587 Vali Loss: 11.8735294 Test Loss: 22.3272152
EarlyStopping counter: 1 out of 3
Updating learning rate to 1.5625e-05
	iters: 100, epoch: 7 | loss: 0.0548984
	speed: 0.0378s/iter; time left: 184.2703s
	iters: 200, epoch: 7 | loss: 0.0926630
	speed: 0.0077s/iter; time left: 36.9514s
	iters: 300, epoch: 7 | loss: 0.0922849
	speed: 0.0074s/iter; time left: 34.3855s
	iters: 400, epoch: 7 | loss: 0.0930141
	speed: 0.0078s/iter; time left: 35.7831s
	iters: 500, epoch: 7 | loss: 0.2205078
	speed: 0.0071s/iter; time left: 31.7238s
	iters: 600, epoch: 7 | loss: 0.0563462
	speed: 0.0073s/iter; time left: 31.7214s
	iters: 700, epoch: 7 | loss: 0.0670183
	speed: 0.0070s/iter; time left: 30.1186s
	iters: 800, epoch: 7 | loss: 0.1056377
	speed: 0.0069s/iter; time left: 28.9902s
	iters: 900, epoch: 7 | loss: 0.2142849
	speed: 0.0072s/iter; time left: 29.1681s
	iters: 1000, epoch: 7 | loss: 0.1355100
	speed: 0.0073s/iter; time left: 29.0014s
	iters: 1100, epoch: 7 | loss: 0.1604186
	speed: 0.0069s/iter; time left: 26.8622s
	iters: 1200, epoch: 7 | loss: 0.0315705
	speed: 0.0070s/iter; time left: 26.4551s
Epoch: 7 cost time: 9.3 seconds
Epoch: 7, Steps: 1243 | Train Loss: 0.1291224 Vali Loss: 11.8283396 Test Loss: 22.2380238
EarlyStopping counter: 2 out of 3
Updating learning rate to 7.8125e-06
	iters: 100, epoch: 8 | loss: 0.0772110
	speed: 0.0379s/iter; time left: 137.4401s
	iters: 200, epoch: 8 | loss: 0.0226513
	speed: 0.0073s/iter; time left: 25.6185s
	iters: 300, epoch: 8 | loss: 0.0982865
	speed: 0.0070s/iter; time left: 23.9104s
	iters: 400, epoch: 8 | loss: 0.1049734
	speed: 0.0080s/iter; time left: 26.7522s
	iters: 500, epoch: 8 | loss: 0.0708654
	speed: 0.0079s/iter; time left: 25.4006s
	iters: 600, epoch: 8 | loss: 0.1505860
	speed: 0.0079s/iter; time left: 24.6692s
	iters: 700, epoch: 8 | loss: 0.1425061
	speed: 0.0078s/iter; time left: 23.7171s
	iters: 800, epoch: 8 | loss: 0.1006484
	speed: 0.0075s/iter; time left: 22.0211s
	iters: 900, epoch: 8 | loss: 0.1284005
	speed: 0.0074s/iter; time left: 20.8486s
	iters: 1000, epoch: 8 | loss: 0.1111461
	speed: 0.0076s/iter; time left: 20.6490s
	iters: 1100, epoch: 8 | loss: 0.2309290
	speed: 0.0075s/iter; time left: 19.6146s
	iters: 1200, epoch: 8 | loss: 0.2082418
	speed: 0.0077s/iter; time left: 19.4897s
Epoch: 8 cost time: 9.7 seconds
Epoch: 8, Steps: 1243 | Train Loss: 0.1288874 Vali Loss: 11.8634720 Test Loss: 22.3266201
EarlyStopping counter: 3 out of 3
Early stopping
>>>>>>>testing : DLinear_FITS_MRO_336_720_S_channels_1_DLinear_FITS_S_channels_6<<<<<<<<<<<<<<<<<<<<<<<<<<<<<<<<<
test 2425
DLinear_FITS_MRO_336_720_S_channels_1_DLinear_FITS_S_channels_6
Shapes: pred (2424, 720, 1), true (2424, 720, 1), naive_pred (2424, 720, 1)
Shapes: gt (303, 1056), pd (303, 1056), naive_pd (303, 1056)
Final Metrics:
DLinear_FITS MSE: 19.985725  MAE: 3.499062   SE: 34.044537  RRMSE: 0.593472   RMAE: 0.464507   (numpy)
DLinear_FITS MSE: 19.985731  MAE: 3.499062   SE: 34.044537  RRMSE: 0.593473   RMAE: 0.464507   (torch)

Repeat       MSE: 23.184877  MAE: 3.680038   SE: 39.829136  RRMSE: 0.639209   RMAE: 0.488532   (numpy)
Repeat       MSE: 23.184883  MAE: 3.680040   SE: 39.829136  RRMSE: 0.639209   RMAE: 0.488532   (torch)


Model(
  (decomposition): SeriesDecomp(
    (moving_avg): MovingAvg(
      (avg): AvgPool1d(kernel_size=(25,), stride=(1,), padding=(0,))
    )
  )
  (fits): FITS(
    (frequency_upsampler): Linear(in_features=49, out_features=154, bias=True)
  )
  (Linear_Seasonal): Linear(in_features=336, out_features=720, bias=True)
  (Linear_Trend): Linear(in_features=336, out_features=720, bias=True)
)
