Args in experiment:
Namespace(is_training=1, model_id='DLinear_FITS_GD_336_96_S_channels_1', model='DLinear_FITS', data='custom', root_path='./dataset/', data_path='GD.csv', features='S', target='Adj Close', freq='h', checkpoints='./checkpoints/', seq_len=336, label_len=48, pred_len=96, individual=False, embed_type=0, enc_in=6, dec_in=7, c_out=7, d_model=512, n_heads=8, e_layers=2, d_layers=1, d_ff=2048, moving_avg=25, factor=1, distil=True, dropout=0.05, embed='timeF', activation='gelu', output_attention=False, do_predict=False, num_workers=10, itr=1, train_epochs=10, batch_size=8, patience=3, learning_rate=0.0005, des='Exp', loss='mse', lradj='type1', use_amp=False, use_gpu=True, gpu=0, use_multi_gpu=False, devices='0,1,2,3', test_flop=False)
DLinear_FITS_GD_336_96_S_channels_1_DLinear_FITS_S_channels_6
Using GPU: NVIDIA GeForce RTX 4070 (cuda:0):
FITS cutoff frequency: 49
>>>>>>>start training : DLinear_FITS_GD_336_96_S_channels_1_DLinear_FITS_S_channels_6>>>>>>>>>>>>>>>>>>>>>>>>>>
train 10575
val 1479
test 3049
	iters: 100, epoch: 1 | loss: 0.1240415
	speed: 0.0217s/iter; time left: 284.6622s
	iters: 200, epoch: 1 | loss: 0.0039585
	speed: 0.0075s/iter; time left: 97.1609s
	iters: 300, epoch: 1 | loss: 0.0435511
	speed: 0.0073s/iter; time left: 93.7573s
	iters: 400, epoch: 1 | loss: 0.0945480
	speed: 0.0079s/iter; time left: 101.1907s
	iters: 500, epoch: 1 | loss: 0.0093041
	speed: 0.0077s/iter; time left: 97.8163s
	iters: 600, epoch: 1 | loss: 0.0153677
	speed: 0.0077s/iter; time left: 97.3667s
	iters: 700, epoch: 1 | loss: 0.0054135
	speed: 0.0072s/iter; time left: 89.8507s
	iters: 800, epoch: 1 | loss: 0.0266885
	speed: 0.0072s/iter; time left: 88.9171s
	iters: 900, epoch: 1 | loss: 0.0064771
	speed: 0.0076s/iter; time left: 93.0015s
	iters: 1000, epoch: 1 | loss: 0.0047507
	speed: 0.0071s/iter; time left: 87.1703s
	iters: 1100, epoch: 1 | loss: 0.0042582
	speed: 0.0070s/iter; time left: 85.2165s
	iters: 1200, epoch: 1 | loss: 0.0114393
	speed: 0.0074s/iter; time left: 89.1874s
	iters: 1300, epoch: 1 | loss: 0.0081352
	speed: 0.0077s/iter; time left: 91.2185s
Epoch: 1 cost time: 10.9 seconds
Epoch: 1, Steps: 1321 | Train Loss: 0.0253579 Vali Loss: 0.5502899 Test Loss: 2.8176336
Validation loss decreased (inf --> 0.550290).  Saving model ...
Updating learning rate to 0.0005
	iters: 100, epoch: 2 | loss: 0.0118019
	speed: 0.0467s/iter; time left: 550.4142s
	iters: 200, epoch: 2 | loss: 0.0040126
	speed: 0.0074s/iter; time left: 86.0040s
	iters: 300, epoch: 2 | loss: 0.0161891
	speed: 0.0083s/iter; time left: 96.0724s
	iters: 400, epoch: 2 | loss: 0.0095319
	speed: 0.0080s/iter; time left: 91.7519s
	iters: 500, epoch: 2 | loss: 0.0761805
	speed: 0.0072s/iter; time left: 82.2026s
	iters: 600, epoch: 2 | loss: 0.0073896
	speed: 0.0077s/iter; time left: 87.4342s
	iters: 700, epoch: 2 | loss: 0.0180651
	speed: 0.0074s/iter; time left: 82.9516s
	iters: 800, epoch: 2 | loss: 0.0178163
	speed: 0.0076s/iter; time left: 84.4404s
	iters: 900, epoch: 2 | loss: 0.0072004
	speed: 0.0074s/iter; time left: 81.1924s
	iters: 1000, epoch: 2 | loss: 0.0025395
	speed: 0.0072s/iter; time left: 78.5533s
	iters: 1100, epoch: 2 | loss: 0.0228781
	speed: 0.0072s/iter; time left: 77.7030s
	iters: 1200, epoch: 2 | loss: 0.0213519
	speed: 0.0071s/iter; time left: 75.6384s
	iters: 1300, epoch: 2 | loss: 0.0077038
	speed: 0.0077s/iter; time left: 81.2317s
Epoch: 2 cost time: 10.3 seconds
Epoch: 2, Steps: 1321 | Train Loss: 0.0191082 Vali Loss: 0.5890776 Test Loss: 3.0275764
EarlyStopping counter: 1 out of 3
Updating learning rate to 0.00025
	iters: 100, epoch: 3 | loss: 0.0186484
	speed: 0.0485s/iter; time left: 507.4166s
	iters: 200, epoch: 3 | loss: 0.0302203
	speed: 0.0067s/iter; time left: 69.8603s
	iters: 300, epoch: 3 | loss: 0.0020019
	speed: 0.0066s/iter; time left: 67.3239s
	iters: 400, epoch: 3 | loss: 0.0017891
	speed: 0.0066s/iter; time left: 66.6250s
	iters: 500, epoch: 3 | loss: 0.0199658
	speed: 0.0065s/iter; time left: 65.4972s
	iters: 600, epoch: 3 | loss: 0.0112214
	speed: 0.0068s/iter; time left: 67.5802s
	iters: 700, epoch: 3 | loss: 0.0633532
	speed: 0.0072s/iter; time left: 71.3833s
	iters: 800, epoch: 3 | loss: 0.0219913
	speed: 0.0073s/iter; time left: 71.6621s
	iters: 900, epoch: 3 | loss: 0.0127967
	speed: 0.0068s/iter; time left: 65.8076s
	iters: 1000, epoch: 3 | loss: 0.0080508
	speed: 0.0074s/iter; time left: 71.1707s
	iters: 1100, epoch: 3 | loss: 0.0100819
	speed: 0.0072s/iter; time left: 68.4503s
	iters: 1200, epoch: 3 | loss: 0.0070514
	speed: 0.0076s/iter; time left: 70.8463s
	iters: 1300, epoch: 3 | loss: 0.0140134
	speed: 0.0066s/iter; time left: 61.2996s
Epoch: 3 cost time: 9.6 seconds
Epoch: 3, Steps: 1321 | Train Loss: 0.0162564 Vali Loss: 0.5869622 Test Loss: 2.6868281
EarlyStopping counter: 2 out of 3
Updating learning rate to 0.000125
	iters: 100, epoch: 4 | loss: 0.0110607
	speed: 0.0413s/iter; time left: 377.6545s
	iters: 200, epoch: 4 | loss: 0.0183602
	speed: 0.0068s/iter; time left: 61.3221s
	iters: 300, epoch: 4 | loss: 0.0181272
	speed: 0.0070s/iter; time left: 62.9464s
	iters: 400, epoch: 4 | loss: 0.0035030
	speed: 0.0066s/iter; time left: 58.7545s
	iters: 500, epoch: 4 | loss: 0.0137464
	speed: 0.0071s/iter; time left: 61.7606s
	iters: 600, epoch: 4 | loss: 0.0056453
	speed: 0.0068s/iter; time left: 59.1122s
	iters: 700, epoch: 4 | loss: 0.0092855
	speed: 0.0071s/iter; time left: 61.0926s
	iters: 800, epoch: 4 | loss: 0.0047376
	speed: 0.0069s/iter; time left: 58.1359s
	iters: 900, epoch: 4 | loss: 0.0084147
	speed: 0.0073s/iter; time left: 61.0626s
	iters: 1000, epoch: 4 | loss: 0.0197436
	speed: 0.0077s/iter; time left: 63.6213s
	iters: 1100, epoch: 4 | loss: 0.0229823
	speed: 0.0077s/iter; time left: 62.8809s
	iters: 1200, epoch: 4 | loss: 0.0199058
	speed: 0.0074s/iter; time left: 59.3706s
	iters: 1300, epoch: 4 | loss: 0.0304163
	speed: 0.0074s/iter; time left: 59.1935s
Epoch: 4 cost time: 9.8 seconds
Epoch: 4, Steps: 1321 | Train Loss: 0.0148600 Vali Loss: 0.4685107 Test Loss: 2.8402817
Validation loss decreased (0.550290 --> 0.468511).  Saving model ...
Updating learning rate to 6.25e-05
	iters: 100, epoch: 5 | loss: 0.0532390
	speed: 0.0435s/iter; time left: 340.4447s
	iters: 200, epoch: 5 | loss: 0.0017984
	speed: 0.0078s/iter; time left: 60.0738s
	iters: 300, epoch: 5 | loss: 0.0007061
	speed: 0.0080s/iter; time left: 60.6975s
	iters: 400, epoch: 5 | loss: 0.0100364
	speed: 0.0073s/iter; time left: 55.1135s
	iters: 500, epoch: 5 | loss: 0.0014976
	speed: 0.0072s/iter; time left: 53.7753s
	iters: 600, epoch: 5 | loss: 0.0008589
	speed: 0.0073s/iter; time left: 53.2070s
	iters: 700, epoch: 5 | loss: 0.0011357
	speed: 0.0071s/iter; time left: 51.4694s
	iters: 800, epoch: 5 | loss: 0.0300900
	speed: 0.0067s/iter; time left: 47.7143s
	iters: 900, epoch: 5 | loss: 0.0044062
	speed: 0.0067s/iter; time left: 47.3168s
	iters: 1000, epoch: 5 | loss: 0.0989992
	speed: 0.0066s/iter; time left: 45.6168s
	iters: 1100, epoch: 5 | loss: 0.0071624
	speed: 0.0066s/iter; time left: 45.0296s
	iters: 1200, epoch: 5 | loss: 0.0163478
	speed: 0.0067s/iter; time left: 45.2186s
	iters: 1300, epoch: 5 | loss: 0.0454528
	speed: 0.0067s/iter; time left: 44.3081s
Epoch: 5 cost time: 9.8 seconds
Epoch: 5, Steps: 1321 | Train Loss: 0.0142279 Vali Loss: 0.5054106 Test Loss: 2.2576017
EarlyStopping counter: 1 out of 3
Updating learning rate to 3.125e-05
	iters: 100, epoch: 6 | loss: 0.0033276
	speed: 0.0449s/iter; time left: 291.9071s
	iters: 200, epoch: 6 | loss: 0.0985532
	speed: 0.0066s/iter; time left: 42.5966s
	iters: 300, epoch: 6 | loss: 0.0143981
	speed: 0.0065s/iter; time left: 40.8462s
	iters: 400, epoch: 6 | loss: 0.0787087
	speed: 0.0075s/iter; time left: 46.8044s
	iters: 500, epoch: 6 | loss: 0.0009146
	speed: 0.0070s/iter; time left: 42.7573s
	iters: 600, epoch: 6 | loss: 0.0086763
	speed: 0.0067s/iter; time left: 40.2486s
	iters: 700, epoch: 6 | loss: 0.0012816
	speed: 0.0066s/iter; time left: 38.6880s
	iters: 800, epoch: 6 | loss: 0.0099914
	speed: 0.0065s/iter; time left: 37.9841s
	iters: 900, epoch: 6 | loss: 0.0054547
	speed: 0.0064s/iter; time left: 36.6118s
	iters: 1000, epoch: 6 | loss: 0.0105995
	speed: 0.0066s/iter; time left: 36.9802s
	iters: 1100, epoch: 6 | loss: 0.0065176
	speed: 0.0076s/iter; time left: 42.0964s
	iters: 1200, epoch: 6 | loss: 0.0023717
	speed: 0.0069s/iter; time left: 37.5042s
	iters: 1300, epoch: 6 | loss: 0.0090453
	speed: 0.0066s/iter; time left: 35.2835s
Epoch: 6 cost time: 9.4 seconds
Epoch: 6, Steps: 1321 | Train Loss: 0.0138296 Vali Loss: 0.4928457 Test Loss: 2.3027325
EarlyStopping counter: 2 out of 3
Updating learning rate to 1.5625e-05
	iters: 100, epoch: 7 | loss: 0.0002898
	speed: 0.0431s/iter; time left: 223.4723s
	iters: 200, epoch: 7 | loss: 0.0021007
	speed: 0.0070s/iter; time left: 35.4635s
	iters: 300, epoch: 7 | loss: 0.0074025
	speed: 0.0066s/iter; time left: 32.9696s
	iters: 400, epoch: 7 | loss: 0.0174093
	speed: 0.0068s/iter; time left: 33.1093s
	iters: 500, epoch: 7 | loss: 0.0033587
	speed: 0.0071s/iter; time left: 33.9149s
	iters: 600, epoch: 7 | loss: 0.0096307
	speed: 0.0075s/iter; time left: 35.0988s
	iters: 700, epoch: 7 | loss: 0.0014634
	speed: 0.0072s/iter; time left: 32.9047s
	iters: 800, epoch: 7 | loss: 0.0431730
	speed: 0.0074s/iter; time left: 33.4127s
	iters: 900, epoch: 7 | loss: 0.0074890
	speed: 0.0074s/iter; time left: 32.2743s
	iters: 1000, epoch: 7 | loss: 0.0046628
	speed: 0.0072s/iter; time left: 30.9163s
	iters: 1100, epoch: 7 | loss: 0.0015971
	speed: 0.0075s/iter; time left: 31.4075s
	iters: 1200, epoch: 7 | loss: 0.0089508
	speed: 0.0070s/iter; time left: 28.6958s
	iters: 1300, epoch: 7 | loss: 0.0102098
	speed: 0.0065s/iter; time left: 25.7822s
Epoch: 7 cost time: 9.7 seconds
Epoch: 7, Steps: 1321 | Train Loss: 0.0136227 Vali Loss: 0.5326008 Test Loss: 2.3071585
EarlyStopping counter: 3 out of 3
Early stopping
>>>>>>>testing : DLinear_FITS_GD_336_96_S_channels_1_DLinear_FITS_S_channels_6<<<<<<<<<<<<<<<<<<<<<<<<<<<<<<<<<
test 3049
DLinear_FITS_GD_336_96_S_channels_1_DLinear_FITS_S_channels_6
Shapes: pred (3048, 96, 1), true (3048, 96, 1), naive_pred (3048, 96, 1)
Shapes: gt (381, 432), pd (381, 432), naive_pd (381, 432)
Final Metrics:
DLinear_FITS MSE: 2.840282   MAE: 1.246917   SE: 3.979022   RRMSE: 0.109239   RMAE: 0.080823   (numpy)
DLinear_FITS MSE: 2.840282   MAE: 1.246917   SE: 3.979022   RRMSE: 0.109239   RMAE: 0.080823   (torch)

Repeat       MSE: 2.179713   MAE: 1.044575   SE: 4.422679   RRMSE: 0.095697   RMAE: 0.067707   (numpy)
Repeat       MSE: 2.179713   MAE: 1.044575   SE: 4.422679   RRMSE: 0.095697   RMAE: 0.067707   (torch)


Model(
  (decomposition): SeriesDecomp(
    (moving_avg): MovingAvg(
      (avg): AvgPool1d(kernel_size=(25,), stride=(1,), padding=(0,))
    )
  )
  (fits): FITS(
    (frequency_upsampler): Linear(in_features=49, out_features=63, bias=True)
  )
  (Linear_Seasonal): Linear(in_features=336, out_features=96, bias=True)
  (Linear_Trend): Linear(in_features=336, out_features=96, bias=True)
)
