Args in experiment:
Namespace(is_training=1, model_id='FITS_100_MRO_336_96_S_channels_1', model='FITS_100', data='custom', root_path='./dataset/', data_path='MRO.csv', features='S', target='Adj Close', freq='h', checkpoints='./checkpoints/', seq_len=336, label_len=48, pred_len=96, individual=False, embed_type=0, enc_in=6, dec_in=7, c_out=7, d_model=512, n_heads=8, e_layers=2, d_layers=1, d_ff=2048, moving_avg=25, factor=1, distil=True, dropout=0.05, embed='timeF', activation='gelu', output_attention=False, do_predict=False, num_workers=10, itr=1, train_epochs=10, batch_size=8, patience=3, learning_rate=0.0005, des='Exp', loss='mse', lradj='type1', use_amp=False, use_gpu=True, gpu=0, use_multi_gpu=False, devices='0,1,2,3', test_flop=False)
FITS_100_MRO_336_96_S_channels_1_FITS_100_S_channels_6
Using GPU: NVIDIA GeForce RTX 4070 (cuda:0):
>>>>>>>start training : FITS_100_MRO_336_96_S_channels_1_FITS_100_S_channels_6>>>>>>>>>>>>>>>>>>>>>>>>>>
train 10575
val 1479
test 3049
	iters: 100, epoch: 1 | loss: 0.0873107
	speed: 0.0184s/iter; time left: 241.4610s
	iters: 200, epoch: 1 | loss: 0.0286999
	speed: 0.0045s/iter; time left: 59.0099s
	iters: 300, epoch: 1 | loss: 0.0657669
	speed: 0.0046s/iter; time left: 59.7412s
	iters: 400, epoch: 1 | loss: 0.0358452
	speed: 0.0044s/iter; time left: 56.7889s
	iters: 500, epoch: 1 | loss: 0.0460277
	speed: 0.0047s/iter; time left: 59.4005s
	iters: 600, epoch: 1 | loss: 0.0379611
	speed: 0.0056s/iter; time left: 70.4422s
	iters: 700, epoch: 1 | loss: 0.0185881
	speed: 0.0055s/iter; time left: 68.8595s
	iters: 800, epoch: 1 | loss: 0.0181107
	speed: 0.0045s/iter; time left: 55.6932s
	iters: 900, epoch: 1 | loss: 0.0117410
	speed: 0.0044s/iter; time left: 53.6425s
	iters: 1000, epoch: 1 | loss: 0.0095477
	speed: 0.0049s/iter; time left: 60.2571s
	iters: 1100, epoch: 1 | loss: 0.0241165
	speed: 0.0050s/iter; time left: 60.6761s
	iters: 1200, epoch: 1 | loss: 0.0198276
	speed: 0.0051s/iter; time left: 60.7315s
	iters: 1300, epoch: 1 | loss: 0.0182140
	speed: 0.0050s/iter; time left: 59.5106s
Epoch: 1 cost time: 7.4 seconds
Epoch: 1, Steps: 1321 | Train Loss: 0.0487437 Vali Loss: 2.6736419 Test Loss: 3.4796972
Validation loss decreased (inf --> 2.673642).  Saving model ...
Updating learning rate to 0.0005
	iters: 100, epoch: 2 | loss: 0.0260248
	speed: 0.0380s/iter; time left: 448.3834s
	iters: 200, epoch: 2 | loss: 0.0110324
	speed: 0.0052s/iter; time left: 60.5353s
	iters: 300, epoch: 2 | loss: 0.0284077
	speed: 0.0052s/iter; time left: 60.7122s
	iters: 400, epoch: 2 | loss: 0.0371286
	speed: 0.0060s/iter; time left: 68.4688s
	iters: 500, epoch: 2 | loss: 0.0532480
	speed: 0.0058s/iter; time left: 65.5382s
	iters: 600, epoch: 2 | loss: 0.0627256
	speed: 0.0055s/iter; time left: 61.7114s
	iters: 700, epoch: 2 | loss: 0.0193728
	speed: 0.0055s/iter; time left: 61.8847s
	iters: 800, epoch: 2 | loss: 0.0151992
	speed: 0.0054s/iter; time left: 60.1381s
	iters: 900, epoch: 2 | loss: 0.1160232
	speed: 0.0053s/iter; time left: 58.3476s
	iters: 1000, epoch: 2 | loss: 0.0733679
	speed: 0.0055s/iter; time left: 60.1188s
	iters: 1100, epoch: 2 | loss: 0.0162193
	speed: 0.0055s/iter; time left: 59.4331s
	iters: 1200, epoch: 2 | loss: 0.0318717
	speed: 0.0059s/iter; time left: 62.8624s
	iters: 1300, epoch: 2 | loss: 0.0723861
	speed: 0.0057s/iter; time left: 60.2338s
Epoch: 2 cost time: 7.6 seconds
Epoch: 2, Steps: 1321 | Train Loss: 0.0366497 Vali Loss: 2.5471032 Test Loss: 3.2525914
Validation loss decreased (2.673642 --> 2.547103).  Saving model ...
Updating learning rate to 0.00025
	iters: 100, epoch: 3 | loss: 0.0260031
	speed: 0.0397s/iter; time left: 415.4604s
	iters: 200, epoch: 3 | loss: 0.0333309
	speed: 0.0056s/iter; time left: 57.9378s
	iters: 300, epoch: 3 | loss: 0.0325167
	speed: 0.0053s/iter; time left: 54.1848s
	iters: 400, epoch: 3 | loss: 0.0651284
	speed: 0.0055s/iter; time left: 55.8788s
	iters: 500, epoch: 3 | loss: 0.0114677
	speed: 0.0052s/iter; time left: 52.7110s
	iters: 600, epoch: 3 | loss: 0.0677100
	speed: 0.0055s/iter; time left: 54.8796s
	iters: 700, epoch: 3 | loss: 0.0192100
	speed: 0.0054s/iter; time left: 53.4840s
	iters: 800, epoch: 3 | loss: 0.0231508
	speed: 0.0053s/iter; time left: 51.9407s
	iters: 900, epoch: 3 | loss: 0.0531037
	speed: 0.0054s/iter; time left: 52.4732s
	iters: 1000, epoch: 3 | loss: 0.0103354
	speed: 0.0053s/iter; time left: 50.4789s
	iters: 1100, epoch: 3 | loss: 0.0309512
	speed: 0.0053s/iter; time left: 50.5408s
	iters: 1200, epoch: 3 | loss: 0.0307843
	speed: 0.0057s/iter; time left: 53.0185s
	iters: 1300, epoch: 3 | loss: 0.1370338
	speed: 0.0053s/iter; time left: 49.5175s
Epoch: 3 cost time: 7.5 seconds
Epoch: 3, Steps: 1321 | Train Loss: 0.0348760 Vali Loss: 2.5533636 Test Loss: 3.2415836
EarlyStopping counter: 1 out of 3
Updating learning rate to 0.000125
	iters: 100, epoch: 4 | loss: 0.0536343
	speed: 0.0393s/iter; time left: 359.5960s
	iters: 200, epoch: 4 | loss: 0.0177434
	speed: 0.0056s/iter; time left: 50.9902s
	iters: 300, epoch: 4 | loss: 0.0081885
	speed: 0.0060s/iter; time left: 53.8110s
	iters: 400, epoch: 4 | loss: 0.0326194
	speed: 0.0052s/iter; time left: 46.4080s
	iters: 500, epoch: 4 | loss: 0.0090892
	speed: 0.0057s/iter; time left: 50.1418s
	iters: 600, epoch: 4 | loss: 0.0774897
	speed: 0.0055s/iter; time left: 47.3917s
	iters: 700, epoch: 4 | loss: 0.0736880
	speed: 0.0053s/iter; time left: 45.6790s
	iters: 800, epoch: 4 | loss: 0.0175417
	speed: 0.0055s/iter; time left: 46.5553s
	iters: 900, epoch: 4 | loss: 0.0220738
	speed: 0.0054s/iter; time left: 45.4556s
	iters: 1000, epoch: 4 | loss: 0.0707026
	speed: 0.0052s/iter; time left: 42.9756s
	iters: 1100, epoch: 4 | loss: 0.0429587
	speed: 0.0053s/iter; time left: 43.5714s
	iters: 1200, epoch: 4 | loss: 0.0093269
	speed: 0.0052s/iter; time left: 41.6597s
	iters: 1300, epoch: 4 | loss: 0.0417701
	speed: 0.0055s/iter; time left: 43.6497s
Epoch: 4 cost time: 7.5 seconds
Epoch: 4, Steps: 1321 | Train Loss: 0.0343034 Vali Loss: 2.5285690 Test Loss: 3.2018578
Validation loss decreased (2.547103 --> 2.528569).  Saving model ...
Updating learning rate to 6.25e-05
	iters: 100, epoch: 5 | loss: 0.0494225
	speed: 0.0406s/iter; time left: 318.1280s
	iters: 200, epoch: 5 | loss: 0.0157862
	speed: 0.0069s/iter; time left: 52.9434s
	iters: 300, epoch: 5 | loss: 0.0309908
	speed: 0.0061s/iter; time left: 46.4277s
	iters: 400, epoch: 5 | loss: 0.0237636
	speed: 0.0054s/iter; time left: 40.9397s
	iters: 500, epoch: 5 | loss: 0.0301010
	speed: 0.0055s/iter; time left: 40.7785s
	iters: 600, epoch: 5 | loss: 0.0367722
	speed: 0.0061s/iter; time left: 44.6635s
	iters: 700, epoch: 5 | loss: 0.0342893
	speed: 0.0056s/iter; time left: 40.2206s
	iters: 800, epoch: 5 | loss: 0.0421630
	speed: 0.0055s/iter; time left: 39.5430s
	iters: 900, epoch: 5 | loss: 0.0166336
	speed: 0.0058s/iter; time left: 40.4431s
	iters: 1000, epoch: 5 | loss: 0.0212583
	speed: 0.0058s/iter; time left: 40.1139s
	iters: 1100, epoch: 5 | loss: 0.0193542
	speed: 0.0060s/iter; time left: 41.0847s
	iters: 1200, epoch: 5 | loss: 0.0166236
	speed: 0.0057s/iter; time left: 38.1932s
	iters: 1300, epoch: 5 | loss: 0.0417551
	speed: 0.0053s/iter; time left: 34.8502s
Epoch: 5 cost time: 8.0 seconds
Epoch: 5, Steps: 1321 | Train Loss: 0.0340172 Vali Loss: 2.5056524 Test Loss: 3.1743855
Validation loss decreased (2.528569 --> 2.505652).  Saving model ...
Updating learning rate to 3.125e-05
	iters: 100, epoch: 6 | loss: 0.1301041
	speed: 0.0398s/iter; time left: 259.2299s
	iters: 200, epoch: 6 | loss: 0.0200915
	speed: 0.0056s/iter; time left: 36.0111s
	iters: 300, epoch: 6 | loss: 0.0107674
	speed: 0.0053s/iter; time left: 33.7369s
	iters: 400, epoch: 6 | loss: 0.0434437
	speed: 0.0053s/iter; time left: 32.9735s
	iters: 500, epoch: 6 | loss: 0.0782375
	speed: 0.0052s/iter; time left: 31.9570s
	iters: 600, epoch: 6 | loss: 0.0331899
	speed: 0.0051s/iter; time left: 30.8690s
	iters: 700, epoch: 6 | loss: 0.0077571
	speed: 0.0055s/iter; time left: 32.2527s
	iters: 800, epoch: 6 | loss: 0.0328519
	speed: 0.0056s/iter; time left: 32.5240s
	iters: 900, epoch: 6 | loss: 0.0368822
	speed: 0.0054s/iter; time left: 30.7903s
	iters: 1000, epoch: 6 | loss: 0.0797464
	speed: 0.0063s/iter; time left: 35.1587s
	iters: 1100, epoch: 6 | loss: 0.0280075
	speed: 0.0059s/iter; time left: 32.6985s
	iters: 1200, epoch: 6 | loss: 0.0149782
	speed: 0.0054s/iter; time left: 29.4269s
	iters: 1300, epoch: 6 | loss: 0.0270073
	speed: 0.0059s/iter; time left: 31.2371s
Epoch: 6 cost time: 7.6 seconds
Epoch: 6, Steps: 1321 | Train Loss: 0.0339159 Vali Loss: 2.5102777 Test Loss: 3.1676538
EarlyStopping counter: 1 out of 3
Updating learning rate to 1.5625e-05
	iters: 100, epoch: 7 | loss: 0.0181236
	speed: 0.0338s/iter; time left: 175.0056s
	iters: 200, epoch: 7 | loss: 0.0162768
	speed: 0.0045s/iter; time left: 22.7196s
	iters: 300, epoch: 7 | loss: 0.0148450
	speed: 0.0047s/iter; time left: 23.5151s
	iters: 400, epoch: 7 | loss: 0.0772432
	speed: 0.0045s/iter; time left: 22.0496s
	iters: 500, epoch: 7 | loss: 0.0326362
	speed: 0.0046s/iter; time left: 21.8302s
	iters: 600, epoch: 7 | loss: 0.0277817
	speed: 0.0045s/iter; time left: 20.9048s
	iters: 700, epoch: 7 | loss: 0.0315949
	speed: 0.0047s/iter; time left: 21.3679s
	iters: 800, epoch: 7 | loss: 0.0412240
	speed: 0.0047s/iter; time left: 21.2692s
	iters: 900, epoch: 7 | loss: 0.0377247
	speed: 0.0047s/iter; time left: 20.7240s
	iters: 1000, epoch: 7 | loss: 0.0622775
	speed: 0.0049s/iter; time left: 20.7849s
	iters: 1100, epoch: 7 | loss: 0.0287703
	speed: 0.0048s/iter; time left: 20.2161s
	iters: 1200, epoch: 7 | loss: 0.0204599
	speed: 0.0049s/iter; time left: 20.1876s
	iters: 1300, epoch: 7 | loss: 0.0121475
	speed: 0.0059s/iter; time left: 23.3946s
Epoch: 7 cost time: 6.6 seconds
Epoch: 7, Steps: 1321 | Train Loss: 0.0337890 Vali Loss: 2.5080853 Test Loss: 3.1662381
EarlyStopping counter: 2 out of 3
Updating learning rate to 7.8125e-06
	iters: 100, epoch: 8 | loss: 0.0280183
	speed: 0.0383s/iter; time left: 147.8250s
	iters: 200, epoch: 8 | loss: 0.0314646
	speed: 0.0057s/iter; time left: 21.4060s
	iters: 300, epoch: 8 | loss: 0.0633105
	speed: 0.0051s/iter; time left: 18.6944s
	iters: 400, epoch: 8 | loss: 0.0696555
	speed: 0.0048s/iter; time left: 17.0837s
	iters: 500, epoch: 8 | loss: 0.0364480
	speed: 0.0048s/iter; time left: 16.6744s
	iters: 600, epoch: 8 | loss: 0.0597481
	speed: 0.0046s/iter; time left: 15.6155s
	iters: 700, epoch: 8 | loss: 0.0567889
	speed: 0.0047s/iter; time left: 15.3535s
	iters: 800, epoch: 8 | loss: 0.0168481
	speed: 0.0049s/iter; time left: 15.3935s
	iters: 900, epoch: 8 | loss: 0.0194590
	speed: 0.0051s/iter; time left: 15.4850s
	iters: 1000, epoch: 8 | loss: 0.0249449
	speed: 0.0056s/iter; time left: 16.6216s
	iters: 1100, epoch: 8 | loss: 0.0306102
	speed: 0.0057s/iter; time left: 16.2413s
	iters: 1200, epoch: 8 | loss: 0.0130945
	speed: 0.0060s/iter; time left: 16.6213s
	iters: 1300, epoch: 8 | loss: 0.0113378
	speed: 0.0056s/iter; time left: 14.8360s
Epoch: 8 cost time: 7.2 seconds
Epoch: 8, Steps: 1321 | Train Loss: 0.0338139 Vali Loss: 2.5088394 Test Loss: 3.1665387
EarlyStopping counter: 3 out of 3
Early stopping
>>>>>>>testing : FITS_100_MRO_336_96_S_channels_1_FITS_100_S_channels_6<<<<<<<<<<<<<<<<<<<<<<<<<<<<<<<<<
test 3049
FITS_100_MRO_336_96_S_channels_1_FITS_100_S_channels_6
Shapes: pred (3048, 96, 1), true (3048, 96, 1), naive_pred (3048, 96, 1)
Shapes: gt (381, 432), pd (381, 432), naive_pd (381, 432)
Final Metrics:
FITS_100     MSE: 3.174386   MAE: 1.390586   SE: 6.468875   RRMSE: 0.212162   RMAE: 0.165591   (numpy)
FITS_100     MSE: 3.174386   MAE: 1.390586   SE: 6.468875   RRMSE: 0.212162   RMAE: 0.165591   (torch)

Repeat       MSE: 2.870288   MAE: 1.261266   SE: 5.347196   RRMSE: 0.201744   RMAE: 0.150191   (numpy)
Repeat       MSE: 2.870288   MAE: 1.261266   SE: 5.347196   RRMSE: 0.201744   RMAE: 0.150191   (torch)


Model(
  (fits): FITS(
    (frequency_upsampler): Linear(in_features=100, out_features=128, bias=True)
  )
)
