Args in experiment:
Namespace(is_training=1, model_id='FITS_MRO_336_96_S_channels_1', model='FITS', data='custom', root_path='./dataset/', data_path='MRO.csv', features='S', target='Adj Close', freq='h', checkpoints='./checkpoints/', seq_len=336, label_len=48, pred_len=96, individual=False, embed_type=0, enc_in=6, dec_in=7, c_out=7, d_model=512, n_heads=8, e_layers=2, d_layers=1, d_ff=2048, moving_avg=25, factor=1, distil=True, dropout=0.05, embed='timeF', activation='gelu', output_attention=False, do_predict=False, num_workers=10, itr=1, train_epochs=10, batch_size=8, patience=3, learning_rate=0.0005, des='Exp', loss='mse', lradj='type1', use_amp=False, use_gpu=True, gpu=0, use_multi_gpu=False, devices='0,1,2,3', test_flop=False)
FITS_MRO_336_96_S_channels_1_FITS_S_channels_6
Using GPU: NVIDIA GeForce RTX 4070 (cuda:0):
>>>>>>>start training : FITS_MRO_336_96_S_channels_1_FITS_S_channels_6>>>>>>>>>>>>>>>>>>>>>>>>>>
train 10575
val 1479
test 3049
	iters: 100, epoch: 1 | loss: 0.0273154
	speed: 0.0178s/iter; time left: 233.7757s
	iters: 200, epoch: 1 | loss: 0.0144681
	speed: 0.0045s/iter; time left: 58.3044s
	iters: 300, epoch: 1 | loss: 0.0406262
	speed: 0.0048s/iter; time left: 61.4815s
	iters: 400, epoch: 1 | loss: 0.0178606
	speed: 0.0045s/iter; time left: 58.2516s
	iters: 500, epoch: 1 | loss: 0.0457180
	speed: 0.0044s/iter; time left: 56.0135s
	iters: 600, epoch: 1 | loss: 0.0499392
	speed: 0.0045s/iter; time left: 56.9122s
	iters: 700, epoch: 1 | loss: 0.0246219
	speed: 0.0043s/iter; time left: 53.8184s
	iters: 800, epoch: 1 | loss: 0.0449203
	speed: 0.0045s/iter; time left: 56.4420s
	iters: 900, epoch: 1 | loss: 0.0346080
	speed: 0.0049s/iter; time left: 60.0676s
	iters: 1000, epoch: 1 | loss: 0.0144870
	speed: 0.0046s/iter; time left: 56.0933s
	iters: 1100, epoch: 1 | loss: 0.0345942
	speed: 0.0046s/iter; time left: 55.6581s
	iters: 1200, epoch: 1 | loss: 0.0224316
	speed: 0.0044s/iter; time left: 52.3649s
	iters: 1300, epoch: 1 | loss: 0.0306498
	speed: 0.0046s/iter; time left: 54.9339s
Epoch: 1 cost time: 7.0 seconds
Epoch: 1, Steps: 1321 | Train Loss: 0.0455959 Vali Loss: 2.7766590 Test Loss: 3.5866046
Validation loss decreased (inf --> 2.776659).  Saving model ...
Updating learning rate to 0.0005
	iters: 100, epoch: 2 | loss: 0.0073109
	speed: 0.0363s/iter; time left: 428.2326s
	iters: 200, epoch: 2 | loss: 0.0156314
	speed: 0.0058s/iter; time left: 68.0719s
	iters: 300, epoch: 2 | loss: 0.0046510
	speed: 0.0054s/iter; time left: 62.4143s
	iters: 400, epoch: 2 | loss: 0.0137944
	speed: 0.0055s/iter; time left: 63.3580s
	iters: 500, epoch: 2 | loss: 0.0211583
	speed: 0.0054s/iter; time left: 61.1429s
	iters: 600, epoch: 2 | loss: 0.0263736
	speed: 0.0055s/iter; time left: 61.9663s
	iters: 700, epoch: 2 | loss: 0.0111006
	speed: 0.0053s/iter; time left: 59.7045s
	iters: 800, epoch: 2 | loss: 0.0236525
	speed: 0.0053s/iter; time left: 58.6004s
	iters: 900, epoch: 2 | loss: 0.0610353
	speed: 0.0052s/iter; time left: 57.2471s
	iters: 1000, epoch: 2 | loss: 0.0573548
	speed: 0.0056s/iter; time left: 60.8053s
	iters: 1100, epoch: 2 | loss: 0.0198545
	speed: 0.0052s/iter; time left: 56.3984s
	iters: 1200, epoch: 2 | loss: 0.0263196
	speed: 0.0053s/iter; time left: 56.7021s
	iters: 1300, epoch: 2 | loss: 0.0960811
	speed: 0.0054s/iter; time left: 56.8300s
Epoch: 2 cost time: 7.4 seconds
Epoch: 2, Steps: 1321 | Train Loss: 0.0366036 Vali Loss: 2.6505315 Test Loss: 3.3820658
Validation loss decreased (2.776659 --> 2.650532).  Saving model ...
Updating learning rate to 0.00025
	iters: 100, epoch: 3 | loss: 0.0242299
	speed: 0.0402s/iter; time left: 420.3635s
	iters: 200, epoch: 3 | loss: 0.0205647
	speed: 0.0055s/iter; time left: 56.8945s
	iters: 300, epoch: 3 | loss: 0.0110053
	speed: 0.0055s/iter; time left: 56.1347s
	iters: 400, epoch: 3 | loss: 0.0467739
	speed: 0.0057s/iter; time left: 57.7060s
	iters: 500, epoch: 3 | loss: 0.0348321
	speed: 0.0055s/iter; time left: 55.7584s
	iters: 600, epoch: 3 | loss: 0.0234498
	speed: 0.0057s/iter; time left: 56.4595s
	iters: 700, epoch: 3 | loss: 0.0479336
	speed: 0.0051s/iter; time left: 50.3160s
	iters: 800, epoch: 3 | loss: 0.0275520
	speed: 0.0052s/iter; time left: 50.9041s
	iters: 900, epoch: 3 | loss: 0.0045698
	speed: 0.0053s/iter; time left: 51.1792s
	iters: 1000, epoch: 3 | loss: 0.0267476
	speed: 0.0052s/iter; time left: 49.6593s
	iters: 1100, epoch: 3 | loss: 0.0042636
	speed: 0.0054s/iter; time left: 51.3918s
	iters: 1200, epoch: 3 | loss: 0.0123891
	speed: 0.0054s/iter; time left: 50.5474s
	iters: 1300, epoch: 3 | loss: 0.0194682
	speed: 0.0054s/iter; time left: 49.6086s
Epoch: 3 cost time: 7.4 seconds
Epoch: 3, Steps: 1321 | Train Loss: 0.0347831 Vali Loss: 2.5517018 Test Loss: 3.2170141
Validation loss decreased (2.650532 --> 2.551702).  Saving model ...
Updating learning rate to 0.000125
	iters: 100, epoch: 4 | loss: 0.0459925
	speed: 0.0395s/iter; time left: 361.8021s
	iters: 200, epoch: 4 | loss: 0.0146989
	speed: 0.0058s/iter; time left: 52.3828s
	iters: 300, epoch: 4 | loss: 0.0329583
	speed: 0.0055s/iter; time left: 49.1674s
	iters: 400, epoch: 4 | loss: 0.0078574
	speed: 0.0054s/iter; time left: 47.5446s
	iters: 500, epoch: 4 | loss: 0.0838250
	speed: 0.0055s/iter; time left: 48.0443s
	iters: 600, epoch: 4 | loss: 0.0149236
	speed: 0.0057s/iter; time left: 49.4916s
	iters: 700, epoch: 4 | loss: 0.0573977
	speed: 0.0054s/iter; time left: 46.1911s
	iters: 800, epoch: 4 | loss: 0.0095529
	speed: 0.0052s/iter; time left: 43.8910s
	iters: 900, epoch: 4 | loss: 0.0148903
	speed: 0.0053s/iter; time left: 43.8461s
	iters: 1000, epoch: 4 | loss: 0.0290635
	speed: 0.0055s/iter; time left: 45.2027s
	iters: 1100, epoch: 4 | loss: 0.0537892
	speed: 0.0058s/iter; time left: 47.5155s
	iters: 1200, epoch: 4 | loss: 0.0192733
	speed: 0.0056s/iter; time left: 44.9769s
	iters: 1300, epoch: 4 | loss: 0.0130212
	speed: 0.0054s/iter; time left: 42.7639s
Epoch: 4 cost time: 7.5 seconds
Epoch: 4, Steps: 1321 | Train Loss: 0.0341089 Vali Loss: 2.5137963 Test Loss: 3.1726351
Validation loss decreased (2.551702 --> 2.513796).  Saving model ...
Updating learning rate to 6.25e-05
	iters: 100, epoch: 5 | loss: 0.0654026
	speed: 0.0445s/iter; time left: 347.9391s
	iters: 200, epoch: 5 | loss: 0.0632884
	speed: 0.0067s/iter; time left: 51.4972s
	iters: 300, epoch: 5 | loss: 0.0228651
	speed: 0.0067s/iter; time left: 51.4583s
	iters: 400, epoch: 5 | loss: 0.0403218
	speed: 0.0052s/iter; time left: 39.3722s
	iters: 500, epoch: 5 | loss: 0.1387586
	speed: 0.0045s/iter; time left: 33.4837s
	iters: 600, epoch: 5 | loss: 0.0582107
	speed: 0.0050s/iter; time left: 36.3663s
	iters: 700, epoch: 5 | loss: 0.0254014
	speed: 0.0046s/iter; time left: 33.3849s
	iters: 800, epoch: 5 | loss: 0.0391626
	speed: 0.0047s/iter; time left: 33.4624s
	iters: 900, epoch: 5 | loss: 0.0559021
	speed: 0.0052s/iter; time left: 36.8418s
	iters: 1000, epoch: 5 | loss: 0.0464208
	speed: 0.0056s/iter; time left: 39.0825s
	iters: 1100, epoch: 5 | loss: 0.0271227
	speed: 0.0056s/iter; time left: 38.4089s
	iters: 1200, epoch: 5 | loss: 0.0495391
	speed: 0.0061s/iter; time left: 41.0936s
	iters: 1300, epoch: 5 | loss: 0.0663693
	speed: 0.0058s/iter; time left: 38.4371s
Epoch: 5 cost time: 7.9 seconds
Epoch: 5, Steps: 1321 | Train Loss: 0.0338344 Vali Loss: 2.5121670 Test Loss: 3.1719151
Validation loss decreased (2.513796 --> 2.512167).  Saving model ...
Updating learning rate to 3.125e-05
	iters: 100, epoch: 6 | loss: 0.0387111
	speed: 0.0370s/iter; time left: 240.6116s
	iters: 200, epoch: 6 | loss: 0.0069683
	speed: 0.0051s/iter; time left: 32.6875s
	iters: 300, epoch: 6 | loss: 0.0033373
	speed: 0.0049s/iter; time left: 30.8572s
	iters: 400, epoch: 6 | loss: 0.0457554
	speed: 0.0046s/iter; time left: 28.6411s
	iters: 500, epoch: 6 | loss: 0.0229797
	speed: 0.0046s/iter; time left: 27.8914s
	iters: 600, epoch: 6 | loss: 0.0466836
	speed: 0.0052s/iter; time left: 31.5150s
	iters: 700, epoch: 6 | loss: 0.0155894
	speed: 0.0055s/iter; time left: 32.3243s
	iters: 800, epoch: 6 | loss: 0.0477042
	speed: 0.0053s/iter; time left: 30.8945s
	iters: 900, epoch: 6 | loss: 0.0130402
	speed: 0.0054s/iter; time left: 30.9143s
	iters: 1000, epoch: 6 | loss: 0.0445655
	speed: 0.0050s/iter; time left: 28.1090s
	iters: 1100, epoch: 6 | loss: 0.0150657
	speed: 0.0057s/iter; time left: 31.4882s
	iters: 1200, epoch: 6 | loss: 0.0124865
	speed: 0.0054s/iter; time left: 28.9531s
	iters: 1300, epoch: 6 | loss: 0.0285406
	speed: 0.0051s/iter; time left: 27.1630s
Epoch: 6 cost time: 7.0 seconds
Epoch: 6, Steps: 1321 | Train Loss: 0.0337187 Vali Loss: 2.5051539 Test Loss: 3.1630149
Validation loss decreased (2.512167 --> 2.505154).  Saving model ...
Updating learning rate to 1.5625e-05
	iters: 100, epoch: 7 | loss: 0.0231693
	speed: 0.0378s/iter; time left: 196.2333s
	iters: 200, epoch: 7 | loss: 0.0568914
	speed: 0.0054s/iter; time left: 27.5907s
	iters: 300, epoch: 7 | loss: 0.0425139
	speed: 0.0052s/iter; time left: 25.9065s
	iters: 400, epoch: 7 | loss: 0.0633912
	speed: 0.0052s/iter; time left: 25.1645s
	iters: 500, epoch: 7 | loss: 0.0099250
	speed: 0.0059s/iter; time left: 28.2440s
	iters: 600, epoch: 7 | loss: 0.0810326
	speed: 0.0050s/iter; time left: 23.5619s
	iters: 700, epoch: 7 | loss: 0.0309388
	speed: 0.0055s/iter; time left: 25.1073s
	iters: 800, epoch: 7 | loss: 0.0250091
	speed: 0.0059s/iter; time left: 26.4176s
	iters: 900, epoch: 7 | loss: 0.0166404
	speed: 0.0056s/iter; time left: 24.4612s
	iters: 1000, epoch: 7 | loss: 0.0260733
	speed: 0.0054s/iter; time left: 23.0197s
	iters: 1100, epoch: 7 | loss: 0.0429415
	speed: 0.0057s/iter; time left: 23.9777s
	iters: 1200, epoch: 7 | loss: 0.0379239
	speed: 0.0055s/iter; time left: 22.4151s
	iters: 1300, epoch: 7 | loss: 0.0077218
	speed: 0.0058s/iter; time left: 22.9211s
Epoch: 7 cost time: 7.5 seconds
Epoch: 7, Steps: 1321 | Train Loss: 0.0336661 Vali Loss: 2.5095501 Test Loss: 3.1562538
EarlyStopping counter: 1 out of 3
Updating learning rate to 7.8125e-06
	iters: 100, epoch: 8 | loss: 0.0340749
	speed: 0.0390s/iter; time left: 150.8468s
	iters: 200, epoch: 8 | loss: 0.0213282
	speed: 0.0050s/iter; time left: 18.9295s
	iters: 300, epoch: 8 | loss: 0.0219886
	speed: 0.0054s/iter; time left: 19.9445s
	iters: 400, epoch: 8 | loss: 0.0292814
	speed: 0.0053s/iter; time left: 18.8747s
	iters: 500, epoch: 8 | loss: 0.0326568
	speed: 0.0054s/iter; time left: 18.8423s
	iters: 600, epoch: 8 | loss: 0.0226279
	speed: 0.0050s/iter; time left: 16.9835s
	iters: 700, epoch: 8 | loss: 0.0305091
	speed: 0.0056s/iter; time left: 18.1274s
	iters: 800, epoch: 8 | loss: 0.0130087
	speed: 0.0052s/iter; time left: 16.3777s
	iters: 900, epoch: 8 | loss: 0.0271649
	speed: 0.0053s/iter; time left: 16.1787s
	iters: 1000, epoch: 8 | loss: 0.0311424
	speed: 0.0052s/iter; time left: 15.5121s
	iters: 1100, epoch: 8 | loss: 0.0501007
	speed: 0.0054s/iter; time left: 15.5051s
	iters: 1200, epoch: 8 | loss: 0.0188692
	speed: 0.0054s/iter; time left: 14.9185s
	iters: 1300, epoch: 8 | loss: 0.0262949
	speed: 0.0062s/iter; time left: 16.5093s
Epoch: 8 cost time: 7.4 seconds
Epoch: 8, Steps: 1321 | Train Loss: 0.0336135 Vali Loss: 2.5068777 Test Loss: 3.1559002
EarlyStopping counter: 2 out of 3
Updating learning rate to 3.90625e-06
	iters: 100, epoch: 9 | loss: 0.0131450
	speed: 0.0385s/iter; time left: 97.8167s
	iters: 200, epoch: 9 | loss: 0.0128034
	speed: 0.0057s/iter; time left: 13.9949s
	iters: 300, epoch: 9 | loss: 0.0188081
	speed: 0.0057s/iter; time left: 13.3698s
	iters: 400, epoch: 9 | loss: 0.0239430
	speed: 0.0057s/iter; time left: 12.8938s
	iters: 500, epoch: 9 | loss: 0.0249022
	speed: 0.0058s/iter; time left: 12.3937s
	iters: 600, epoch: 9 | loss: 0.0105580
	speed: 0.0055s/iter; time left: 11.3211s
	iters: 700, epoch: 9 | loss: 0.0149165
	speed: 0.0056s/iter; time left: 10.7843s
	iters: 800, epoch: 9 | loss: 0.0390088
	speed: 0.0053s/iter; time left: 9.8498s
	iters: 900, epoch: 9 | loss: 0.0335755
	speed: 0.0055s/iter; time left: 9.6706s
	iters: 1000, epoch: 9 | loss: 0.0437076
	speed: 0.0052s/iter; time left: 8.4807s
	iters: 1100, epoch: 9 | loss: 0.0347984
	speed: 0.0053s/iter; time left: 8.1447s
	iters: 1200, epoch: 9 | loss: 0.1108159
	speed: 0.0054s/iter; time left: 7.7679s
	iters: 1300, epoch: 9 | loss: 0.0325498
	speed: 0.0054s/iter; time left: 7.2910s
Epoch: 9 cost time: 7.6 seconds
Epoch: 9, Steps: 1321 | Train Loss: 0.0335991 Vali Loss: 2.5056562 Test Loss: 3.1548562
EarlyStopping counter: 3 out of 3
Early stopping
>>>>>>>testing : FITS_MRO_336_96_S_channels_1_FITS_S_channels_6<<<<<<<<<<<<<<<<<<<<<<<<<<<<<<<<<
test 3049
FITS_MRO_336_96_S_channels_1_FITS_S_channels_6
Shapes: pred (3048, 96, 1), true (3048, 96, 1), naive_pred (3048, 96, 1)
Shapes: gt (381, 432), pd (381, 432), naive_pd (381, 432)
Final Metrics:
FITS_10         MSE: 3.163015   MAE: 1.385389   SE: 6.150435   RRMSE: 0.211782   RMAE: 0.164972   (numpy)
FITS_10         MSE: 3.163015   MAE: 1.385389   SE: 6.150436   RRMSE: 0.211782   RMAE: 0.164972   (torch)

Repeat       MSE: 2.870288   MAE: 1.261266   SE: 5.347196   RRMSE: 0.201744   RMAE: 0.150191   (numpy)
Repeat       MSE: 2.870288   MAE: 1.261266   SE: 5.347196   RRMSE: 0.201744   RMAE: 0.150191   (torch)


Model(
  (fits): FITS(
    (frequency_upsampler): Linear(in_features=168, out_features=216, bias=True)
  )
)
