Args in experiment:
Namespace(is_training=1, model_id='FITS_GD_336_192_S_channels_1', model='FITS', data='custom', root_path='./dataset/', data_path='GD.csv', features='S', target='Adj Close', freq='h', checkpoints='./checkpoints/', seq_len=336, label_len=48, pred_len=192, individual=False, embed_type=0, enc_in=6, dec_in=7, c_out=7, d_model=512, n_heads=8, e_layers=2, d_layers=1, d_ff=2048, moving_avg=25, factor=1, distil=True, dropout=0.05, embed='timeF', activation='gelu', output_attention=False, do_predict=False, num_workers=10, itr=1, train_epochs=10, batch_size=8, patience=3, learning_rate=0.0005, des='Exp', loss='mse', lradj='type1', use_amp=False, use_gpu=True, gpu=0, use_multi_gpu=False, devices='0,1,2,3', test_flop=False)
FITS_GD_336_192_S_channels_1_FITS_S_channels_6
Using GPU: NVIDIA GeForce RTX 4070 (cuda:0):
>>>>>>>start training : FITS_GD_336_192_S_channels_1_FITS_S_channels_6>>>>>>>>>>>>>>>>>>>>>>>>>>
train 10479
val 1383
test 2953
	iters: 100, epoch: 1 | loss: 0.1272896
	speed: 0.0189s/iter; time left: 245.0465s
	iters: 200, epoch: 1 | loss: 0.0250772
	speed: 0.0044s/iter; time left: 56.1188s
	iters: 300, epoch: 1 | loss: 0.0555620
	speed: 0.0046s/iter; time left: 58.3097s
	iters: 400, epoch: 1 | loss: 0.0125980
	speed: 0.0048s/iter; time left: 61.3956s
	iters: 500, epoch: 1 | loss: 0.0139891
	speed: 0.0046s/iter; time left: 58.2460s
	iters: 600, epoch: 1 | loss: 0.0175215
	speed: 0.0046s/iter; time left: 56.9220s
	iters: 700, epoch: 1 | loss: 0.0639616
	speed: 0.0051s/iter; time left: 62.9116s
	iters: 800, epoch: 1 | loss: 0.0750001
	speed: 0.0047s/iter; time left: 57.5175s
	iters: 900, epoch: 1 | loss: 0.0436530
	speed: 0.0047s/iter; time left: 57.1074s
	iters: 1000, epoch: 1 | loss: 0.0079483
	speed: 0.0048s/iter; time left: 58.3928s
	iters: 1100, epoch: 1 | loss: 0.0056750
	speed: 0.0047s/iter; time left: 55.8203s
	iters: 1200, epoch: 1 | loss: 0.0361897
	speed: 0.0048s/iter; time left: 56.9840s
	iters: 1300, epoch: 1 | loss: 0.0024367
	speed: 0.0052s/iter; time left: 61.1055s
Epoch: 1 cost time: 7.2 seconds
Epoch: 1, Steps: 1309 | Train Loss: 0.0428723 Vali Loss: 0.9890261 Test Loss: 5.0172315
Validation loss decreased (inf --> 0.989026).  Saving model ...
Updating learning rate to 0.0005
	iters: 100, epoch: 2 | loss: 0.0279509
	speed: 0.0369s/iter; time left: 430.5774s
	iters: 200, epoch: 2 | loss: 0.0446585
	speed: 0.0052s/iter; time left: 60.4757s
	iters: 300, epoch: 2 | loss: 0.0147823
	speed: 0.0053s/iter; time left: 61.1597s
	iters: 400, epoch: 2 | loss: 0.1385124
	speed: 0.0051s/iter; time left: 57.9859s
	iters: 500, epoch: 2 | loss: 0.0621956
	speed: 0.0053s/iter; time left: 59.9737s
	iters: 600, epoch: 2 | loss: 0.0198897
	speed: 0.0051s/iter; time left: 57.3449s
	iters: 700, epoch: 2 | loss: 0.0549221
	speed: 0.0052s/iter; time left: 57.6932s
	iters: 800, epoch: 2 | loss: 0.0164175
	speed: 0.0056s/iter; time left: 61.2723s
	iters: 900, epoch: 2 | loss: 0.0308414
	speed: 0.0053s/iter; time left: 58.1952s
	iters: 1000, epoch: 2 | loss: 0.0543496
	speed: 0.0052s/iter; time left: 56.5999s
	iters: 1100, epoch: 2 | loss: 0.0029161
	speed: 0.0055s/iter; time left: 58.4830s
	iters: 1200, epoch: 2 | loss: 0.0188703
	speed: 0.0058s/iter; time left: 60.8487s
	iters: 1300, epoch: 2 | loss: 0.0265884
	speed: 0.0058s/iter; time left: 60.8307s
Epoch: 2 cost time: 7.3 seconds
Epoch: 2, Steps: 1309 | Train Loss: 0.0343126 Vali Loss: 0.9309997 Test Loss: 4.8366427
Validation loss decreased (0.989026 --> 0.931000).  Saving model ...
Updating learning rate to 0.00025
	iters: 100, epoch: 3 | loss: 0.0473415
	speed: 0.0366s/iter; time left: 379.9757s
	iters: 200, epoch: 3 | loss: 0.0004651
	speed: 0.0054s/iter; time left: 55.4340s
	iters: 300, epoch: 3 | loss: 0.0303886
	speed: 0.0054s/iter; time left: 54.7439s
	iters: 400, epoch: 3 | loss: 0.0361665
	speed: 0.0054s/iter; time left: 54.0756s
	iters: 500, epoch: 3 | loss: 0.0120921
	speed: 0.0056s/iter; time left: 55.7077s
	iters: 600, epoch: 3 | loss: 0.0176783
	speed: 0.0061s/iter; time left: 60.5322s
	iters: 700, epoch: 3 | loss: 0.0462505
	speed: 0.0057s/iter; time left: 56.0891s
	iters: 800, epoch: 3 | loss: 0.0110759
	speed: 0.0052s/iter; time left: 50.4349s
	iters: 900, epoch: 3 | loss: 0.0448173
	speed: 0.0054s/iter; time left: 52.1014s
	iters: 1000, epoch: 3 | loss: 0.0616476
	speed: 0.0050s/iter; time left: 47.6043s
	iters: 1100, epoch: 3 | loss: 0.0287227
	speed: 0.0056s/iter; time left: 52.8365s
	iters: 1200, epoch: 3 | loss: 0.0011853
	speed: 0.0052s/iter; time left: 48.2638s
	iters: 1300, epoch: 3 | loss: 0.0043760
	speed: 0.0054s/iter; time left: 49.1147s
Epoch: 3 cost time: 7.4 seconds
Epoch: 3, Steps: 1309 | Train Loss: 0.0323800 Vali Loss: 0.9062983 Test Loss: 4.7591896
Validation loss decreased (0.931000 --> 0.906298).  Saving model ...
Updating learning rate to 0.000125
	iters: 100, epoch: 4 | loss: 0.0278646
	speed: 0.0364s/iter; time left: 329.8769s
	iters: 200, epoch: 4 | loss: 0.0028818
	speed: 0.0056s/iter; time left: 50.0008s
	iters: 300, epoch: 4 | loss: 0.0499897
	speed: 0.0054s/iter; time left: 47.5613s
	iters: 400, epoch: 4 | loss: 0.0371878
	speed: 0.0051s/iter; time left: 44.9136s
	iters: 500, epoch: 4 | loss: 0.0257337
	speed: 0.0053s/iter; time left: 45.8591s
	iters: 600, epoch: 4 | loss: 0.0226617
	speed: 0.0050s/iter; time left: 43.0119s
	iters: 700, epoch: 4 | loss: 0.1277556
	speed: 0.0053s/iter; time left: 44.7377s
	iters: 800, epoch: 4 | loss: 0.0161530
	speed: 0.0053s/iter; time left: 43.9926s
	iters: 900, epoch: 4 | loss: 0.0430943
	speed: 0.0051s/iter; time left: 42.2916s
	iters: 1000, epoch: 4 | loss: 0.0046243
	speed: 0.0051s/iter; time left: 41.5742s
	iters: 1100, epoch: 4 | loss: 0.0000415
	speed: 0.0051s/iter; time left: 41.1050s
	iters: 1200, epoch: 4 | loss: 0.0449080
	speed: 0.0052s/iter; time left: 41.4549s
	iters: 1300, epoch: 4 | loss: 0.0046057
	speed: 0.0054s/iter; time left: 42.8541s
Epoch: 4 cost time: 7.2 seconds
Epoch: 4, Steps: 1309 | Train Loss: 0.0317485 Vali Loss: 0.9079025 Test Loss: 4.7463498
EarlyStopping counter: 1 out of 3
Updating learning rate to 6.25e-05
	iters: 100, epoch: 5 | loss: 0.0017102
	speed: 0.0384s/iter; time left: 297.5595s
	iters: 200, epoch: 5 | loss: 0.0288699
	speed: 0.0054s/iter; time left: 40.9981s
	iters: 300, epoch: 5 | loss: 0.0079525
	speed: 0.0054s/iter; time left: 40.5556s
	iters: 400, epoch: 5 | loss: 0.0263635
	speed: 0.0061s/iter; time left: 45.6916s
	iters: 500, epoch: 5 | loss: 0.0057559
	speed: 0.0051s/iter; time left: 37.3115s
	iters: 600, epoch: 5 | loss: 0.0373856
	speed: 0.0060s/iter; time left: 43.6795s
	iters: 700, epoch: 5 | loss: 0.0086122
	speed: 0.0055s/iter; time left: 39.2113s
	iters: 800, epoch: 5 | loss: 0.0522255
	speed: 0.0051s/iter; time left: 35.9209s
	iters: 900, epoch: 5 | loss: 0.0397343
	speed: 0.0055s/iter; time left: 38.0940s
	iters: 1000, epoch: 5 | loss: 0.0271719
	speed: 0.0049s/iter; time left: 33.8376s
	iters: 1100, epoch: 5 | loss: 0.0151360
	speed: 0.0053s/iter; time left: 35.7313s
	iters: 1200, epoch: 5 | loss: 0.0378243
	speed: 0.0056s/iter; time left: 36.9537s
	iters: 1300, epoch: 5 | loss: 0.0019850
	speed: 0.0052s/iter; time left: 34.0527s
Epoch: 5 cost time: 7.4 seconds
Epoch: 5, Steps: 1309 | Train Loss: 0.0314810 Vali Loss: 0.9066536 Test Loss: 4.7252989
EarlyStopping counter: 2 out of 3
Updating learning rate to 3.125e-05
	iters: 100, epoch: 6 | loss: 0.0858514
	speed: 0.0361s/iter; time left: 232.5203s
	iters: 200, epoch: 6 | loss: 0.0011654
	speed: 0.0053s/iter; time left: 33.5241s
	iters: 300, epoch: 6 | loss: 0.0550920
	speed: 0.0056s/iter; time left: 35.0028s
	iters: 400, epoch: 6 | loss: 0.0090698
	speed: 0.0056s/iter; time left: 34.6836s
	iters: 500, epoch: 6 | loss: 0.1731708
	speed: 0.0055s/iter; time left: 33.4985s
	iters: 600, epoch: 6 | loss: 0.0473548
	speed: 0.0056s/iter; time left: 33.1044s
	iters: 700, epoch: 6 | loss: 0.0133411
	speed: 0.0054s/iter; time left: 31.6253s
	iters: 800, epoch: 6 | loss: 0.0827665
	speed: 0.0053s/iter; time left: 30.5687s
	iters: 900, epoch: 6 | loss: 0.0015688
	speed: 0.0054s/iter; time left: 30.5199s
	iters: 1000, epoch: 6 | loss: 0.0216712
	speed: 0.0056s/iter; time left: 30.9871s
	iters: 1100, epoch: 6 | loss: 0.0903331
	speed: 0.0047s/iter; time left: 25.7708s
	iters: 1200, epoch: 6 | loss: 0.0115112
	speed: 0.0049s/iter; time left: 26.3656s
	iters: 1300, epoch: 6 | loss: 0.0670243
	speed: 0.0053s/iter; time left: 27.7921s
Epoch: 6 cost time: 7.3 seconds
Epoch: 6, Steps: 1309 | Train Loss: 0.0313248 Vali Loss: 0.9006073 Test Loss: 4.7227764
Validation loss decreased (0.906298 --> 0.900607).  Saving model ...
Updating learning rate to 1.5625e-05
	iters: 100, epoch: 7 | loss: 0.0446917
	speed: 0.0330s/iter; time left: 169.2751s
	iters: 200, epoch: 7 | loss: 0.0052547
	speed: 0.0047s/iter; time left: 23.8133s
	iters: 300, epoch: 7 | loss: 0.0302552
	speed: 0.0052s/iter; time left: 25.4904s
	iters: 400, epoch: 7 | loss: 0.0108915
	speed: 0.0054s/iter; time left: 25.8995s
	iters: 500, epoch: 7 | loss: 0.0056872
	speed: 0.0053s/iter; time left: 25.1561s
	iters: 600, epoch: 7 | loss: 0.0504019
	speed: 0.0053s/iter; time left: 24.3831s
	iters: 700, epoch: 7 | loss: 0.0456967
	speed: 0.0052s/iter; time left: 23.6789s
	iters: 800, epoch: 7 | loss: 0.0021429
	speed: 0.0056s/iter; time left: 24.8964s
	iters: 900, epoch: 7 | loss: 0.0324947
	speed: 0.0053s/iter; time left: 23.1985s
	iters: 1000, epoch: 7 | loss: 0.0328669
	speed: 0.0053s/iter; time left: 22.5609s
	iters: 1100, epoch: 7 | loss: 0.0209833
	speed: 0.0048s/iter; time left: 19.7131s
	iters: 1200, epoch: 7 | loss: 0.0039123
	speed: 0.0055s/iter; time left: 22.1733s
	iters: 1300, epoch: 7 | loss: 0.0160361
	speed: 0.0053s/iter; time left: 20.8061s
Epoch: 7 cost time: 7.1 seconds
Epoch: 7, Steps: 1309 | Train Loss: 0.0312707 Vali Loss: 0.9062066 Test Loss: 4.7173300
EarlyStopping counter: 1 out of 3
Updating learning rate to 7.8125e-06
	iters: 100, epoch: 8 | loss: 0.0168304
	speed: 0.0356s/iter; time left: 136.4127s
	iters: 200, epoch: 8 | loss: 0.0125533
	speed: 0.0050s/iter; time left: 18.7628s
	iters: 300, epoch: 8 | loss: 0.0952516
	speed: 0.0049s/iter; time left: 17.9265s
	iters: 400, epoch: 8 | loss: 0.0468590
	speed: 0.0055s/iter; time left: 19.4134s
	iters: 500, epoch: 8 | loss: 0.0783098
	speed: 0.0060s/iter; time left: 20.6124s
	iters: 600, epoch: 8 | loss: 0.0175688
	speed: 0.0054s/iter; time left: 17.9007s
	iters: 700, epoch: 8 | loss: 0.0274026
	speed: 0.0052s/iter; time left: 16.8994s
	iters: 800, epoch: 8 | loss: 0.0541698
	speed: 0.0052s/iter; time left: 16.1103s
	iters: 900, epoch: 8 | loss: 0.0257938
	speed: 0.0052s/iter; time left: 15.7305s
	iters: 1000, epoch: 8 | loss: 0.0051090
	speed: 0.0052s/iter; time left: 15.3575s
	iters: 1100, epoch: 8 | loss: 0.0167698
	speed: 0.0051s/iter; time left: 14.4393s
	iters: 1200, epoch: 8 | loss: 0.0246134
	speed: 0.0060s/iter; time left: 16.3135s
	iters: 1300, epoch: 8 | loss: 0.0976672
	speed: 0.0052s/iter; time left: 13.7332s
Epoch: 8 cost time: 7.2 seconds
Epoch: 8, Steps: 1309 | Train Loss: 0.0312345 Vali Loss: 0.9050382 Test Loss: 4.7175736
EarlyStopping counter: 2 out of 3
Updating learning rate to 3.90625e-06
	iters: 100, epoch: 9 | loss: 0.0610822
	speed: 0.0355s/iter; time left: 89.4585s
	iters: 200, epoch: 9 | loss: 0.0345931
	speed: 0.0052s/iter; time left: 12.5487s
	iters: 300, epoch: 9 | loss: 0.0399479
	speed: 0.0057s/iter; time left: 13.3243s
	iters: 400, epoch: 9 | loss: 0.0354654
	speed: 0.0050s/iter; time left: 11.1728s
	iters: 500, epoch: 9 | loss: 0.0685621
	speed: 0.0053s/iter; time left: 11.2223s
	iters: 600, epoch: 9 | loss: 0.0342475
	speed: 0.0050s/iter; time left: 10.0732s
	iters: 700, epoch: 9 | loss: 0.0361751
	speed: 0.0053s/iter; time left: 10.1637s
	iters: 800, epoch: 9 | loss: 0.1236267
	speed: 0.0055s/iter; time left: 9.9471s
	iters: 900, epoch: 9 | loss: 0.0259461
	speed: 0.0050s/iter; time left: 8.5129s
	iters: 1000, epoch: 9 | loss: 0.0108883
	speed: 0.0052s/iter; time left: 8.4322s
	iters: 1100, epoch: 9 | loss: 0.0215879
	speed: 0.0052s/iter; time left: 7.9177s
	iters: 1200, epoch: 9 | loss: 0.0346496
	speed: 0.0057s/iter; time left: 8.1574s
	iters: 1300, epoch: 9 | loss: 0.0339690
	speed: 0.0055s/iter; time left: 7.2100s
Epoch: 9 cost time: 7.2 seconds
Epoch: 9, Steps: 1309 | Train Loss: 0.0311974 Vali Loss: 0.9050282 Test Loss: 4.7171626
EarlyStopping counter: 3 out of 3
Early stopping
>>>>>>>testing : FITS_GD_336_192_S_channels_1_FITS_S_channels_6<<<<<<<<<<<<<<<<<<<<<<<<<<<<<<<<<
test 2953
FITS_GD_336_192_S_channels_1_FITS_S_channels_6
Shapes: pred (2952, 192, 1), true (2952, 192, 1), naive_pred (2952, 192, 1)
Shapes: gt (369, 528), pd (369, 528), naive_pd (369, 528)
Final Metrics:
FITS_10         MSE: 4.722776   MAE: 1.636985   SE: 9.919400   RRMSE: 0.141232   RMAE: 0.106385   (numpy)
FITS_10         MSE: 4.722777   MAE: 1.636985   SE: 9.919400   RRMSE: 0.141232   RMAE: 0.106385   (torch)

Repeat       MSE: 4.300982   MAE: 1.530693   SE: 9.897922   RRMSE: 0.134778   RMAE: 0.099477   (numpy)
Repeat       MSE: 4.300982   MAE: 1.530692   SE: 9.897922   RRMSE: 0.134778   RMAE: 0.099477   (torch)


Model(
  (fits): FITS(
    (frequency_upsampler): Linear(in_features=168, out_features=264, bias=True)
  )
)
