Args in experiment:
Namespace(is_training=1, model_id='FITS_GD_336_336_S_channels_1', model='FITS', data='custom', root_path='./dataset/', data_path='GD.csv', features='S', target='Adj Close', freq='h', checkpoints='./checkpoints/', seq_len=336, label_len=48, pred_len=336, individual=False, embed_type=0, enc_in=6, dec_in=7, c_out=7, d_model=512, n_heads=8, e_layers=2, d_layers=1, d_ff=2048, moving_avg=25, factor=1, distil=True, dropout=0.05, embed='timeF', activation='gelu', output_attention=False, do_predict=False, num_workers=10, itr=1, train_epochs=10, batch_size=8, patience=3, learning_rate=0.0005, des='Exp', loss='mse', lradj='type1', use_amp=False, use_gpu=True, gpu=0, use_multi_gpu=False, devices='0,1,2,3', test_flop=False)
FITS_GD_336_336_S_channels_1_FITS_S_channels_6
Using GPU: NVIDIA GeForce RTX 4070 (cuda:0):
>>>>>>>start training : FITS_GD_336_336_S_channels_1_FITS_S_channels_6>>>>>>>>>>>>>>>>>>>>>>>>>>
train 10335
val 1239
test 2809
	iters: 100, epoch: 1 | loss: 0.0465023
	speed: 0.0185s/iter; time left: 236.3931s
	iters: 200, epoch: 1 | loss: 0.0086110
	speed: 0.0047s/iter; time left: 60.3209s
	iters: 300, epoch: 1 | loss: 0.0159516
	speed: 0.0046s/iter; time left: 58.4638s
	iters: 400, epoch: 1 | loss: 0.0925895
	speed: 0.0050s/iter; time left: 62.8750s
	iters: 500, epoch: 1 | loss: 0.0376597
	speed: 0.0047s/iter; time left: 58.6201s
	iters: 600, epoch: 1 | loss: 0.1076471
	speed: 0.0049s/iter; time left: 60.8958s
	iters: 700, epoch: 1 | loss: 0.0092158
	speed: 0.0048s/iter; time left: 58.7929s
	iters: 800, epoch: 1 | loss: 0.0174277
	speed: 0.0049s/iter; time left: 58.8479s
	iters: 900, epoch: 1 | loss: 0.2088065
	speed: 0.0053s/iter; time left: 63.4695s
	iters: 1000, epoch: 1 | loss: 0.0400404
	speed: 0.0053s/iter; time left: 63.0516s
	iters: 1100, epoch: 1 | loss: 0.0098350
	speed: 0.0055s/iter; time left: 65.4339s
	iters: 1200, epoch: 1 | loss: 0.0280669
	speed: 0.0056s/iter; time left: 65.2421s
Epoch: 1 cost time: 7.5 seconds
Epoch: 1, Steps: 1291 | Train Loss: 0.0658800 Vali Loss: 1.4576246 Test Loss: 9.2794390
Validation loss decreased (inf --> 1.457625).  Saving model ...
Updating learning rate to 0.0005
	iters: 100, epoch: 2 | loss: 0.0739167
	speed: 0.0402s/iter; time left: 463.5868s
	iters: 200, epoch: 2 | loss: 0.0119980
	speed: 0.0052s/iter; time left: 59.6053s
	iters: 300, epoch: 2 | loss: 0.0699263
	speed: 0.0053s/iter; time left: 60.5467s
	iters: 400, epoch: 2 | loss: 0.0275658
	speed: 0.0057s/iter; time left: 63.7664s
	iters: 500, epoch: 2 | loss: 0.0999067
	speed: 0.0063s/iter; time left: 69.7692s
	iters: 600, epoch: 2 | loss: 0.1146844
	speed: 0.0055s/iter; time left: 61.0064s
	iters: 700, epoch: 2 | loss: 0.0426718
	speed: 0.0050s/iter; time left: 54.1085s
	iters: 800, epoch: 2 | loss: 0.0474890
	speed: 0.0050s/iter; time left: 54.3029s
	iters: 900, epoch: 2 | loss: 0.0438209
	speed: 0.0052s/iter; time left: 55.3045s
	iters: 1000, epoch: 2 | loss: 0.0135353
	speed: 0.0058s/iter; time left: 62.0684s
	iters: 1100, epoch: 2 | loss: 0.0952979
	speed: 0.0049s/iter; time left: 52.0449s
	iters: 1200, epoch: 2 | loss: 0.0130101
	speed: 0.0053s/iter; time left: 55.0505s
Epoch: 2 cost time: 7.2 seconds
Epoch: 2, Steps: 1291 | Train Loss: 0.0583389 Vali Loss: 1.4398441 Test Loss: 8.7621031
Validation loss decreased (1.457625 --> 1.439844).  Saving model ...
Updating learning rate to 0.00025
	iters: 100, epoch: 3 | loss: 0.0400512
	speed: 0.0389s/iter; time left: 398.3919s
	iters: 200, epoch: 3 | loss: 0.0603070
	speed: 0.0051s/iter; time left: 51.5728s
	iters: 300, epoch: 3 | loss: 0.0543050
	speed: 0.0055s/iter; time left: 55.4549s
	iters: 400, epoch: 3 | loss: 0.0570220
	speed: 0.0059s/iter; time left: 58.6502s
	iters: 500, epoch: 3 | loss: 0.0180590
	speed: 0.0053s/iter; time left: 52.0417s
	iters: 600, epoch: 3 | loss: 0.0305937
	speed: 0.0051s/iter; time left: 49.6745s
	iters: 700, epoch: 3 | loss: 0.0155496
	speed: 0.0053s/iter; time left: 50.7841s
	iters: 800, epoch: 3 | loss: 0.0083284
	speed: 0.0056s/iter; time left: 53.6191s
	iters: 900, epoch: 3 | loss: 0.0704909
	speed: 0.0054s/iter; time left: 51.3348s
	iters: 1000, epoch: 3 | loss: 0.0734585
	speed: 0.0055s/iter; time left: 51.0328s
	iters: 1100, epoch: 3 | loss: 0.0650265
	speed: 0.0051s/iter; time left: 47.1274s
	iters: 1200, epoch: 3 | loss: 0.1380055
	speed: 0.0048s/iter; time left: 44.0643s
Epoch: 3 cost time: 7.2 seconds
Epoch: 3, Steps: 1291 | Train Loss: 0.0566170 Vali Loss: 1.4048693 Test Loss: 8.7446928
Validation loss decreased (1.439844 --> 1.404869).  Saving model ...
Updating learning rate to 0.000125
	iters: 100, epoch: 4 | loss: 0.0774094
	speed: 0.0398s/iter; time left: 355.4917s
	iters: 200, epoch: 4 | loss: 0.0438061
	speed: 0.0052s/iter; time left: 46.1627s
	iters: 300, epoch: 4 | loss: 0.0683864
	speed: 0.0053s/iter; time left: 46.2657s
	iters: 400, epoch: 4 | loss: 0.0003339
	speed: 0.0056s/iter; time left: 48.0652s
	iters: 500, epoch: 4 | loss: 0.0660177
	speed: 0.0058s/iter; time left: 49.8850s
	iters: 600, epoch: 4 | loss: 0.0415451
	speed: 0.0058s/iter; time left: 49.3016s
	iters: 700, epoch: 4 | loss: 0.0037464
	speed: 0.0059s/iter; time left: 49.2164s
	iters: 800, epoch: 4 | loss: 0.1327762
	speed: 0.0054s/iter; time left: 44.6988s
	iters: 900, epoch: 4 | loss: 0.0161370
	speed: 0.0050s/iter; time left: 40.2849s
	iters: 1000, epoch: 4 | loss: 0.0169440
	speed: 0.0048s/iter; time left: 38.9761s
	iters: 1100, epoch: 4 | loss: 0.0266857
	speed: 0.0053s/iter; time left: 42.1535s
	iters: 1200, epoch: 4 | loss: 0.0399140
	speed: 0.0048s/iter; time left: 37.8862s
Epoch: 4 cost time: 7.2 seconds
Epoch: 4, Steps: 1291 | Train Loss: 0.0559409 Vali Loss: 1.4074560 Test Loss: 8.6799402
EarlyStopping counter: 1 out of 3
Updating learning rate to 6.25e-05
	iters: 100, epoch: 5 | loss: 0.1152811
	speed: 0.0403s/iter; time left: 308.3207s
	iters: 200, epoch: 5 | loss: 0.0208760
	speed: 0.0076s/iter; time left: 57.2629s
	iters: 300, epoch: 5 | loss: 0.0103137
	speed: 0.0056s/iter; time left: 41.6189s
	iters: 400, epoch: 5 | loss: 0.0910708
	speed: 0.0049s/iter; time left: 36.2357s
	iters: 500, epoch: 5 | loss: 0.0017939
	speed: 0.0050s/iter; time left: 36.5084s
	iters: 600, epoch: 5 | loss: 0.0870991
	speed: 0.0059s/iter; time left: 42.4367s
	iters: 700, epoch: 5 | loss: 0.0344983
	speed: 0.0054s/iter; time left: 38.3426s
	iters: 800, epoch: 5 | loss: 0.1683135
	speed: 0.0054s/iter; time left: 37.7396s
	iters: 900, epoch: 5 | loss: 0.0614349
	speed: 0.0050s/iter; time left: 33.9395s
	iters: 1000, epoch: 5 | loss: 0.0143200
	speed: 0.0057s/iter; time left: 38.3310s
	iters: 1100, epoch: 5 | loss: 0.0940457
	speed: 0.0055s/iter; time left: 36.6252s
	iters: 1200, epoch: 5 | loss: 0.0854140
	speed: 0.0052s/iter; time left: 34.1746s
Epoch: 5 cost time: 7.6 seconds
Epoch: 5, Steps: 1291 | Train Loss: 0.0556408 Vali Loss: 1.4013124 Test Loss: 8.6735191
Validation loss decreased (1.404869 --> 1.401312).  Saving model ...
Updating learning rate to 3.125e-05
	iters: 100, epoch: 6 | loss: 0.0179416
	speed: 0.0419s/iter; time left: 266.5708s
	iters: 200, epoch: 6 | loss: 0.0394377
	speed: 0.0054s/iter; time left: 34.0333s
	iters: 300, epoch: 6 | loss: 0.0727165
	speed: 0.0057s/iter; time left: 35.2712s
	iters: 400, epoch: 6 | loss: 0.0110591
	speed: 0.0056s/iter; time left: 34.1405s
	iters: 500, epoch: 6 | loss: 0.0052362
	speed: 0.0057s/iter; time left: 34.0455s
	iters: 600, epoch: 6 | loss: 0.0673990
	speed: 0.0057s/iter; time left: 33.4431s
	iters: 700, epoch: 6 | loss: 0.0876603
	speed: 0.0056s/iter; time left: 32.4784s
	iters: 800, epoch: 6 | loss: 0.0240906
	speed: 0.0054s/iter; time left: 30.3279s
	iters: 900, epoch: 6 | loss: 0.0373648
	speed: 0.0056s/iter; time left: 31.1174s
	iters: 1000, epoch: 6 | loss: 0.0132919
	speed: 0.0051s/iter; time left: 28.0005s
	iters: 1100, epoch: 6 | loss: 0.0492727
	speed: 0.0050s/iter; time left: 26.5268s
	iters: 1200, epoch: 6 | loss: 0.0178128
	speed: 0.0052s/iter; time left: 27.3164s
Epoch: 6 cost time: 7.3 seconds
Epoch: 6, Steps: 1291 | Train Loss: 0.0555033 Vali Loss: 1.3982478 Test Loss: 8.6620121
Validation loss decreased (1.401312 --> 1.398248).  Saving model ...
Updating learning rate to 1.5625e-05
	iters: 100, epoch: 7 | loss: 0.0310583
	speed: 0.0389s/iter; time left: 197.1898s
	iters: 200, epoch: 7 | loss: 0.0220849
	speed: 0.0052s/iter; time left: 25.6043s
	iters: 300, epoch: 7 | loss: 0.1081098
	speed: 0.0053s/iter; time left: 25.7757s
	iters: 400, epoch: 7 | loss: 0.1098341
	speed: 0.0053s/iter; time left: 25.3397s
	iters: 500, epoch: 7 | loss: 0.0652602
	speed: 0.0058s/iter; time left: 27.2852s
	iters: 600, epoch: 7 | loss: 0.0418556
	speed: 0.0050s/iter; time left: 22.6847s
	iters: 700, epoch: 7 | loss: 0.1187843
	speed: 0.0051s/iter; time left: 22.7426s
	iters: 800, epoch: 7 | loss: 0.0243434
	speed: 0.0053s/iter; time left: 23.0227s
	iters: 900, epoch: 7 | loss: 0.2424352
	speed: 0.0061s/iter; time left: 26.2003s
	iters: 1000, epoch: 7 | loss: 0.0303343
	speed: 0.0055s/iter; time left: 23.0180s
	iters: 1100, epoch: 7 | loss: 0.0821874
	speed: 0.0055s/iter; time left: 22.2006s
	iters: 1200, epoch: 7 | loss: 0.0503109
	speed: 0.0053s/iter; time left: 21.0923s
Epoch: 7 cost time: 7.2 seconds
Epoch: 7, Steps: 1291 | Train Loss: 0.0554296 Vali Loss: 1.3926471 Test Loss: 8.6577568
Validation loss decreased (1.398248 --> 1.392647).  Saving model ...
Updating learning rate to 7.8125e-06
	iters: 100, epoch: 8 | loss: 0.0491794
	speed: 0.0396s/iter; time left: 149.2742s
	iters: 200, epoch: 8 | loss: 0.0760683
	speed: 0.0052s/iter; time left: 19.2819s
	iters: 300, epoch: 8 | loss: 0.0039078
	speed: 0.0051s/iter; time left: 18.2444s
	iters: 400, epoch: 8 | loss: 0.0069170
	speed: 0.0061s/iter; time left: 21.2406s
	iters: 500, epoch: 8 | loss: 0.0518785
	speed: 0.0054s/iter; time left: 18.1121s
	iters: 600, epoch: 8 | loss: 0.0084216
	speed: 0.0058s/iter; time left: 18.8721s
	iters: 700, epoch: 8 | loss: 0.1779962
	speed: 0.0055s/iter; time left: 17.3389s
	iters: 800, epoch: 8 | loss: 0.0083191
	speed: 0.0054s/iter; time left: 16.6158s
	iters: 900, epoch: 8 | loss: 0.0125197
	speed: 0.0055s/iter; time left: 16.4268s
	iters: 1000, epoch: 8 | loss: 0.0208363
	speed: 0.0051s/iter; time left: 14.7939s
	iters: 1100, epoch: 8 | loss: 0.1037542
	speed: 0.0054s/iter; time left: 15.0947s
	iters: 1200, epoch: 8 | loss: 0.0022174
	speed: 0.0057s/iter; time left: 15.1140s
Epoch: 8 cost time: 7.3 seconds
Epoch: 8, Steps: 1291 | Train Loss: 0.0553957 Vali Loss: 1.3984793 Test Loss: 8.6557217
EarlyStopping counter: 1 out of 3
Updating learning rate to 3.90625e-06
	iters: 100, epoch: 9 | loss: 0.0742049
	speed: 0.0383s/iter; time left: 95.1737s
	iters: 200, epoch: 9 | loss: 0.0305696
	speed: 0.0047s/iter; time left: 11.3032s
	iters: 300, epoch: 9 | loss: 0.0201163
	speed: 0.0048s/iter; time left: 11.0447s
	iters: 400, epoch: 9 | loss: 0.0088426
	speed: 0.0049s/iter; time left: 10.6075s
	iters: 500, epoch: 9 | loss: 0.0203169
	speed: 0.0045s/iter; time left: 9.3035s
	iters: 600, epoch: 9 | loss: 0.1381715
	speed: 0.0049s/iter; time left: 9.7884s
	iters: 700, epoch: 9 | loss: 0.0101366
	speed: 0.0046s/iter; time left: 8.6724s
	iters: 800, epoch: 9 | loss: 0.0184669
	speed: 0.0048s/iter; time left: 8.6140s
	iters: 900, epoch: 9 | loss: 0.0857708
	speed: 0.0050s/iter; time left: 8.3376s
	iters: 1000, epoch: 9 | loss: 0.0011626
	speed: 0.0051s/iter; time left: 8.1301s
	iters: 1100, epoch: 9 | loss: 0.0093920
	speed: 0.0052s/iter; time left: 7.7836s
	iters: 1200, epoch: 9 | loss: 0.0771055
	speed: 0.0053s/iter; time left: 7.3439s
Epoch: 9 cost time: 6.7 seconds
Epoch: 9, Steps: 1291 | Train Loss: 0.0553486 Vali Loss: 1.3963013 Test Loss: 8.6543980
EarlyStopping counter: 2 out of 3
Updating learning rate to 1.953125e-06
	iters: 100, epoch: 10 | loss: 0.0352814
	speed: 0.0409s/iter; time left: 48.7152s
	iters: 200, epoch: 10 | loss: 0.0063433
	speed: 0.0047s/iter; time left: 5.1518s
	iters: 300, epoch: 10 | loss: 0.0537173
	speed: 0.0049s/iter; time left: 4.8642s
	iters: 400, epoch: 10 | loss: 0.0106585
	speed: 0.0048s/iter; time left: 4.2424s
	iters: 500, epoch: 10 | loss: 0.0134868
	speed: 0.0044s/iter; time left: 3.5000s
	iters: 600, epoch: 10 | loss: 0.0052151
	speed: 0.0049s/iter; time left: 3.3744s
	iters: 700, epoch: 10 | loss: 0.0264955
	speed: 0.0048s/iter; time left: 2.8408s
	iters: 800, epoch: 10 | loss: 0.0572050
	speed: 0.0051s/iter; time left: 2.5058s
	iters: 900, epoch: 10 | loss: 0.0033685
	speed: 0.0049s/iter; time left: 1.9391s
	iters: 1000, epoch: 10 | loss: 0.0236047
	speed: 0.0050s/iter; time left: 1.4613s
	iters: 1100, epoch: 10 | loss: 0.0345687
	speed: 0.0051s/iter; time left: 0.9791s
	iters: 1200, epoch: 10 | loss: 0.0400900
	speed: 0.0050s/iter; time left: 0.4589s
Epoch: 10 cost time: 6.7 seconds
Epoch: 10, Steps: 1291 | Train Loss: 0.0553280 Vali Loss: 1.3990086 Test Loss: 8.6537580
EarlyStopping counter: 3 out of 3
Early stopping
>>>>>>>testing : FITS_GD_336_336_S_channels_1_FITS_S_channels_6<<<<<<<<<<<<<<<<<<<<<<<<<<<<<<<<<
test 2809
FITS_GD_336_336_S_channels_1_FITS_S_channels_6
Shapes: pred (2808, 336, 1), true (2808, 336, 1), naive_pred (2808, 336, 1)
Shapes: gt (351, 672), pd (351, 672), naive_pd (351, 672)
Final Metrics:
FITS_10         MSE: 8.657757   MAE: 2.267265   SE: 16.092203  RRMSE: 0.191019   RMAE: 0.147189   (numpy)
FITS_10         MSE: 8.657757   MAE: 2.267265   SE: 16.092203  RRMSE: 0.191019   RMAE: 0.147189   (torch)

Repeat       MSE: 7.578791   MAE: 2.093492   SE: 17.440411  RRMSE: 0.178721   RMAE: 0.135908   (numpy)
Repeat       MSE: 7.578791   MAE: 2.093491   SE: 17.440411  RRMSE: 0.178721   RMAE: 0.135908   (torch)


Model(
  (fits): FITS(
    (frequency_upsampler): Linear(in_features=168, out_features=336, bias=True)
  )
)
