Args in experiment:
Namespace(is_training=1, model_id='FITS_DLinear_MRO_336_96_S_channels_1', model='FITS_DLinear', data='custom', root_path='./dataset/', data_path='MRO.csv', features='S', target='Adj Close', freq='h', checkpoints='./checkpoints/', seq_len=336, label_len=48, pred_len=96, individual=False, embed_type=0, enc_in=6, dec_in=7, c_out=7, d_model=512, n_heads=8, e_layers=2, d_layers=1, d_ff=2048, moving_avg=25, factor=1, distil=True, dropout=0.05, embed='timeF', activation='gelu', output_attention=False, do_predict=False, num_workers=10, itr=1, train_epochs=10, batch_size=8, patience=3, learning_rate=0.0005, des='Exp', loss='mse', lradj='type1', use_amp=False, use_gpu=True, gpu=0, use_multi_gpu=False, devices='0,1,2,3', test_flop=False)
FITS_DLinear_MRO_336_96_S_channels_1_FITS_DLinear_S_channels_6
Using GPU: NVIDIA GeForce RTX 4070 (cuda:0):
FITS cutoff frequency: 168
>>>>>>>start training : FITS_DLinear_MRO_336_96_S_channels_1_FITS_DLinear_S_channels_6>>>>>>>>>>>>>>>>>>>>>>>>>>
train 10575
val 1479
test 3049
	iters: 100, epoch: 1 | loss: 0.0744898
	speed: 0.0194s/iter; time left: 254.8790s
	iters: 200, epoch: 1 | loss: 0.0326290
	speed: 0.0061s/iter; time left: 78.7175s
	iters: 300, epoch: 1 | loss: 0.0371245
	speed: 0.0058s/iter; time left: 74.5592s
	iters: 400, epoch: 1 | loss: 0.0337367
	speed: 0.0060s/iter; time left: 77.3014s
	iters: 500, epoch: 1 | loss: 0.0182292
	speed: 0.0059s/iter; time left: 75.2257s
	iters: 600, epoch: 1 | loss: 0.0172321
	speed: 0.0064s/iter; time left: 81.2943s
	iters: 700, epoch: 1 | loss: 0.0436481
	speed: 0.0066s/iter; time left: 82.7014s
	iters: 800, epoch: 1 | loss: 0.0233683
	speed: 0.0069s/iter; time left: 86.2450s
	iters: 900, epoch: 1 | loss: 0.0174256
	speed: 0.0065s/iter; time left: 80.5037s
	iters: 1000, epoch: 1 | loss: 0.0431663
	speed: 0.0070s/iter; time left: 85.6984s
	iters: 1100, epoch: 1 | loss: 0.0289065
	speed: 0.0065s/iter; time left: 78.3663s
	iters: 1200, epoch: 1 | loss: 0.0182355
	speed: 0.0065s/iter; time left: 77.7029s
	iters: 1300, epoch: 1 | loss: 0.0390022
	speed: 0.0067s/iter; time left: 79.8280s
Epoch: 1 cost time: 9.4 seconds
Epoch: 1, Steps: 1321 | Train Loss: 0.0437907 Vali Loss: 3.0963476 Test Loss: 4.0317454
Validation loss decreased (inf --> 3.096348).  Saving model ...
Updating learning rate to 0.0005
	iters: 100, epoch: 2 | loss: 0.0521127
	speed: 0.0424s/iter; time left: 499.3261s
	iters: 200, epoch: 2 | loss: 0.0469036
	speed: 0.0070s/iter; time left: 81.3817s
	iters: 300, epoch: 2 | loss: 0.0387251
	speed: 0.0071s/iter; time left: 82.0866s
	iters: 400, epoch: 2 | loss: 0.0253085
	speed: 0.0067s/iter; time left: 77.2817s
	iters: 500, epoch: 2 | loss: 0.0197372
	speed: 0.0073s/iter; time left: 82.9079s
	iters: 600, epoch: 2 | loss: 0.0344433
	speed: 0.0070s/iter; time left: 78.8031s
	iters: 700, epoch: 2 | loss: 0.0499175
	speed: 0.0067s/iter; time left: 75.1000s
	iters: 800, epoch: 2 | loss: 0.0715422
	speed: 0.0070s/iter; time left: 77.2444s
	iters: 900, epoch: 2 | loss: 0.0624014
	speed: 0.0068s/iter; time left: 75.1510s
	iters: 1000, epoch: 2 | loss: 0.0264461
	speed: 0.0066s/iter; time left: 71.7065s
	iters: 1100, epoch: 2 | loss: 0.0260349
	speed: 0.0063s/iter; time left: 68.0756s
	iters: 1200, epoch: 2 | loss: 0.0166742
	speed: 0.0067s/iter; time left: 71.1233s
	iters: 1300, epoch: 2 | loss: 0.0604289
	speed: 0.0066s/iter; time left: 70.1170s
Epoch: 2 cost time: 9.4 seconds
Epoch: 2, Steps: 1321 | Train Loss: 0.0393585 Vali Loss: 3.0867939 Test Loss: 4.0486827
Validation loss decreased (3.096348 --> 3.086794).  Saving model ...
Updating learning rate to 0.00025
	iters: 100, epoch: 3 | loss: 0.0046188
	speed: 0.0421s/iter; time left: 440.4532s
	iters: 200, epoch: 3 | loss: 0.0060506
	speed: 0.0074s/iter; time left: 76.3481s
	iters: 300, epoch: 3 | loss: 0.0398302
	speed: 0.0073s/iter; time left: 75.0590s
	iters: 400, epoch: 3 | loss: 0.0276348
	speed: 0.0069s/iter; time left: 70.4437s
	iters: 500, epoch: 3 | loss: 0.0105940
	speed: 0.0073s/iter; time left: 73.2610s
	iters: 600, epoch: 3 | loss: 0.0191359
	speed: 0.0073s/iter; time left: 72.2826s
	iters: 700, epoch: 3 | loss: 0.0141770
	speed: 0.0074s/iter; time left: 73.2719s
	iters: 800, epoch: 3 | loss: 0.0162640
	speed: 0.0074s/iter; time left: 72.1241s
	iters: 900, epoch: 3 | loss: 0.0994308
	speed: 0.0071s/iter; time left: 69.0985s
	iters: 1000, epoch: 3 | loss: 0.0222176
	speed: 0.0073s/iter; time left: 70.1720s
	iters: 1100, epoch: 3 | loss: 0.0222356
	speed: 0.0072s/iter; time left: 68.3573s
	iters: 1200, epoch: 3 | loss: 0.0271078
	speed: 0.0073s/iter; time left: 67.9957s
	iters: 1300, epoch: 3 | loss: 0.0311285
	speed: 0.0074s/iter; time left: 68.9608s
Epoch: 3 cost time: 9.9 seconds
Epoch: 3, Steps: 1321 | Train Loss: 0.0345107 Vali Loss: 3.6602385 Test Loss: 4.9173574
EarlyStopping counter: 1 out of 3
Updating learning rate to 0.000125
	iters: 100, epoch: 4 | loss: 0.0269345
	speed: 0.0445s/iter; time left: 407.0105s
	iters: 200, epoch: 4 | loss: 0.0087059
	speed: 0.0075s/iter; time left: 67.6200s
	iters: 300, epoch: 4 | loss: 0.0048226
	speed: 0.0073s/iter; time left: 65.2936s
	iters: 400, epoch: 4 | loss: 0.0143081
	speed: 0.0073s/iter; time left: 65.0308s
	iters: 500, epoch: 4 | loss: 0.0127773
	speed: 0.0074s/iter; time left: 64.4113s
	iters: 600, epoch: 4 | loss: 0.0977035
	speed: 0.0069s/iter; time left: 59.6063s
	iters: 700, epoch: 4 | loss: 0.1639700
	speed: 0.0069s/iter; time left: 58.9541s
	iters: 800, epoch: 4 | loss: 0.0341255
	speed: 0.0068s/iter; time left: 57.1869s
	iters: 900, epoch: 4 | loss: 0.0399179
	speed: 0.0067s/iter; time left: 55.5882s
	iters: 1000, epoch: 4 | loss: 0.0569269
	speed: 0.0068s/iter; time left: 55.9789s
	iters: 1100, epoch: 4 | loss: 0.0345729
	speed: 0.0070s/iter; time left: 56.7740s
	iters: 1200, epoch: 4 | loss: 0.0271464
	speed: 0.0072s/iter; time left: 57.8443s
	iters: 1300, epoch: 4 | loss: 0.0081512
	speed: 0.0072s/iter; time left: 57.0490s
Epoch: 4 cost time: 9.6 seconds
Epoch: 4, Steps: 1321 | Train Loss: 0.0324987 Vali Loss: 2.4990141 Test Loss: 3.2290130
Validation loss decreased (3.086794 --> 2.499014).  Saving model ...
Updating learning rate to 6.25e-05
	iters: 100, epoch: 5 | loss: 0.0335100
	speed: 0.0451s/iter; time left: 353.3671s
	iters: 200, epoch: 5 | loss: 0.0074496
	speed: 0.0080s/iter; time left: 62.0484s
	iters: 300, epoch: 5 | loss: 0.0505283
	speed: 0.0068s/iter; time left: 51.6913s
	iters: 400, epoch: 5 | loss: 0.0382947
	speed: 0.0070s/iter; time left: 52.7109s
	iters: 500, epoch: 5 | loss: 0.0298630
	speed: 0.0070s/iter; time left: 51.6670s
	iters: 600, epoch: 5 | loss: 0.0139806
	speed: 0.0074s/iter; time left: 54.2239s
	iters: 700, epoch: 5 | loss: 0.0182449
	speed: 0.0072s/iter; time left: 52.1439s
	iters: 800, epoch: 5 | loss: 0.0272231
	speed: 0.0071s/iter; time left: 50.7495s
	iters: 900, epoch: 5 | loss: 0.0258378
	speed: 0.0076s/iter; time left: 53.6695s
	iters: 1000, epoch: 5 | loss: 0.1012756
	speed: 0.0069s/iter; time left: 47.7895s
	iters: 1100, epoch: 5 | loss: 0.0153357
	speed: 0.0071s/iter; time left: 48.4680s
	iters: 1200, epoch: 5 | loss: 0.0227894
	speed: 0.0073s/iter; time left: 49.3021s
	iters: 1300, epoch: 5 | loss: 0.0080177
	speed: 0.0074s/iter; time left: 48.9815s
Epoch: 5 cost time: 10.0 seconds
Epoch: 5, Steps: 1321 | Train Loss: 0.0317126 Vali Loss: 2.4702528 Test Loss: 3.1897697
Validation loss decreased (2.499014 --> 2.470253).  Saving model ...
Updating learning rate to 3.125e-05
	iters: 100, epoch: 6 | loss: 0.0186978
	speed: 0.0424s/iter; time left: 275.7549s
	iters: 200, epoch: 6 | loss: 0.0075514
	speed: 0.0070s/iter; time left: 44.6021s
	iters: 300, epoch: 6 | loss: 0.0504405
	speed: 0.0071s/iter; time left: 44.9225s
	iters: 400, epoch: 6 | loss: 0.0229891
	speed: 0.0068s/iter; time left: 42.4516s
	iters: 500, epoch: 6 | loss: 0.0470923
	speed: 0.0071s/iter; time left: 43.6215s
	iters: 600, epoch: 6 | loss: 0.0139884
	speed: 0.0072s/iter; time left: 43.4730s
	iters: 700, epoch: 6 | loss: 0.0212048
	speed: 0.0069s/iter; time left: 40.8634s
	iters: 800, epoch: 6 | loss: 0.0299560
	speed: 0.0071s/iter; time left: 41.1278s
	iters: 900, epoch: 6 | loss: 0.0960833
	speed: 0.0072s/iter; time left: 41.0287s
	iters: 1000, epoch: 6 | loss: 0.0090962
	speed: 0.0084s/iter; time left: 47.2650s
	iters: 1100, epoch: 6 | loss: 0.0137303
	speed: 0.0073s/iter; time left: 40.2591s
	iters: 1200, epoch: 6 | loss: 0.0207313
	speed: 0.0068s/iter; time left: 36.5929s
	iters: 1300, epoch: 6 | loss: 0.0236054
	speed: 0.0068s/iter; time left: 35.8956s
Epoch: 6 cost time: 9.8 seconds
Epoch: 6, Steps: 1321 | Train Loss: 0.0310289 Vali Loss: 2.4493470 Test Loss: 3.1488342
Validation loss decreased (2.470253 --> 2.449347).  Saving model ...
Updating learning rate to 1.5625e-05
	iters: 100, epoch: 7 | loss: 0.0160533
	speed: 0.0405s/iter; time left: 209.8610s
	iters: 200, epoch: 7 | loss: 0.0166554
	speed: 0.0071s/iter; time left: 36.1149s
	iters: 300, epoch: 7 | loss: 0.0356698
	speed: 0.0067s/iter; time left: 33.3884s
	iters: 400, epoch: 7 | loss: 0.0263908
	speed: 0.0068s/iter; time left: 32.9944s
	iters: 500, epoch: 7 | loss: 0.0124320
	speed: 0.0074s/iter; time left: 35.3161s
	iters: 600, epoch: 7 | loss: 0.0126280
	speed: 0.0071s/iter; time left: 33.4833s
	iters: 700, epoch: 7 | loss: 0.0480289
	speed: 0.0070s/iter; time left: 32.2036s
	iters: 800, epoch: 7 | loss: 0.0124939
	speed: 0.0070s/iter; time left: 31.3407s
	iters: 900, epoch: 7 | loss: 0.0357857
	speed: 0.0070s/iter; time left: 30.8813s
	iters: 1000, epoch: 7 | loss: 0.0262037
	speed: 0.0069s/iter; time left: 29.6737s
	iters: 1100, epoch: 7 | loss: 0.0231209
	speed: 0.0068s/iter; time left: 28.6550s
	iters: 1200, epoch: 7 | loss: 0.0222196
	speed: 0.0072s/iter; time left: 29.2554s
	iters: 1300, epoch: 7 | loss: 0.0156338
	speed: 0.0074s/iter; time left: 29.3584s
Epoch: 7 cost time: 9.6 seconds
Epoch: 7, Steps: 1321 | Train Loss: 0.0305621 Vali Loss: 2.3946395 Test Loss: 3.0619612
Validation loss decreased (2.449347 --> 2.394639).  Saving model ...
Updating learning rate to 7.8125e-06
	iters: 100, epoch: 8 | loss: 0.0185445
	speed: 0.0417s/iter; time left: 161.0667s
	iters: 200, epoch: 8 | loss: 0.0358903
	speed: 0.0069s/iter; time left: 26.1203s
	iters: 300, epoch: 8 | loss: 0.0080660
	speed: 0.0070s/iter; time left: 25.6710s
	iters: 400, epoch: 8 | loss: 0.0631009
	speed: 0.0077s/iter; time left: 27.3406s
	iters: 500, epoch: 8 | loss: 0.0349014
	speed: 0.0075s/iter; time left: 25.8628s
	iters: 600, epoch: 8 | loss: 0.0771375
	speed: 0.0074s/iter; time left: 24.9688s
	iters: 700, epoch: 8 | loss: 0.0555610
	speed: 0.0073s/iter; time left: 23.9828s
	iters: 800, epoch: 8 | loss: 0.0176882
	speed: 0.0074s/iter; time left: 23.5545s
	iters: 900, epoch: 8 | loss: 0.0087760
	speed: 0.0072s/iter; time left: 22.2135s
	iters: 1000, epoch: 8 | loss: 0.0376588
	speed: 0.0069s/iter; time left: 20.5567s
	iters: 1100, epoch: 8 | loss: 0.0262957
	speed: 0.0069s/iter; time left: 19.7362s
	iters: 1200, epoch: 8 | loss: 0.0161291
	speed: 0.0069s/iter; time left: 19.1430s
	iters: 1300, epoch: 8 | loss: 0.0294804
	speed: 0.0074s/iter; time left: 19.6044s
Epoch: 8 cost time: 9.8 seconds
Epoch: 8, Steps: 1321 | Train Loss: 0.0305031 Vali Loss: 2.5126505 Test Loss: 3.2678299
EarlyStopping counter: 1 out of 3
Updating learning rate to 3.90625e-06
	iters: 100, epoch: 9 | loss: 0.0161971
	speed: 0.0429s/iter; time left: 108.9709s
	iters: 200, epoch: 9 | loss: 0.0100930
	speed: 0.0073s/iter; time left: 17.7799s
	iters: 300, epoch: 9 | loss: 0.0140850
	speed: 0.0074s/iter; time left: 17.3111s
	iters: 400, epoch: 9 | loss: 0.0391649
	speed: 0.0076s/iter; time left: 17.0207s
	iters: 500, epoch: 9 | loss: 0.0135003
	speed: 0.0076s/iter; time left: 16.3009s
	iters: 600, epoch: 9 | loss: 0.0095497
	speed: 0.0075s/iter; time left: 15.3895s
	iters: 700, epoch: 9 | loss: 0.0432659
	speed: 0.0073s/iter; time left: 14.2363s
	iters: 800, epoch: 9 | loss: 0.0081960
	speed: 0.0076s/iter; time left: 14.0203s
	iters: 900, epoch: 9 | loss: 0.0277423
	speed: 0.0069s/iter; time left: 12.0657s
	iters: 1000, epoch: 9 | loss: 0.0144431
	speed: 0.0071s/iter; time left: 11.6488s
	iters: 1100, epoch: 9 | loss: 0.0383300
	speed: 0.0070s/iter; time left: 10.8009s
	iters: 1200, epoch: 9 | loss: 0.0324374
	speed: 0.0072s/iter; time left: 10.4070s
	iters: 1300, epoch: 9 | loss: 0.0204472
	speed: 0.0070s/iter; time left: 9.4578s
Epoch: 9 cost time: 9.9 seconds
Epoch: 9, Steps: 1321 | Train Loss: 0.0304177 Vali Loss: 2.5244150 Test Loss: 3.2596631
EarlyStopping counter: 2 out of 3
Updating learning rate to 1.953125e-06
	iters: 100, epoch: 10 | loss: 0.0191913
	speed: 0.0429s/iter; time left: 52.4624s
	iters: 200, epoch: 10 | loss: 0.0203691
	speed: 0.0072s/iter; time left: 8.0969s
	iters: 300, epoch: 10 | loss: 0.0265708
	speed: 0.0067s/iter; time left: 6.8763s
	iters: 400, epoch: 10 | loss: 0.0210265
	speed: 0.0071s/iter; time left: 6.5379s
	iters: 500, epoch: 10 | loss: 0.0148338
	speed: 0.0071s/iter; time left: 5.8242s
	iters: 600, epoch: 10 | loss: 0.0128275
	speed: 0.0067s/iter; time left: 4.8136s
	iters: 700, epoch: 10 | loss: 0.0121403
	speed: 0.0072s/iter; time left: 4.4775s
	iters: 800, epoch: 10 | loss: 0.0344296
	speed: 0.0075s/iter; time left: 3.9231s
	iters: 900, epoch: 10 | loss: 0.0263423
	speed: 0.0076s/iter; time left: 3.2018s
	iters: 1000, epoch: 10 | loss: 0.0191987
	speed: 0.0076s/iter; time left: 2.4497s
	iters: 1100, epoch: 10 | loss: 0.0050142
	speed: 0.0075s/iter; time left: 1.6689s
	iters: 1200, epoch: 10 | loss: 0.0245417
	speed: 0.0073s/iter; time left: 0.8925s
	iters: 1300, epoch: 10 | loss: 0.0970800
	speed: 0.0073s/iter; time left: 0.1612s
Epoch: 10 cost time: 9.9 seconds
Epoch: 10, Steps: 1321 | Train Loss: 0.0303685 Vali Loss: 2.4380617 Test Loss: 3.1379170
EarlyStopping counter: 3 out of 3
Early stopping
>>>>>>>testing : FITS_DLinear_MRO_336_96_S_channels_1_FITS_DLinear_S_channels_6<<<<<<<<<<<<<<<<<<<<<<<<<<<<<<<<<
test 3049
FITS_DLinear_MRO_336_96_S_channels_1_FITS_DLinear_S_channels_6
Shapes: pred (3048, 96, 1), true (3048, 96, 1), naive_pred (3048, 96, 1)
Shapes: gt (381, 432), pd (381, 432), naive_pd (381, 432)
Final Metrics:
FITS_DLinear MSE: 3.061961   MAE: 1.304547   SE: 5.909900   RRMSE: 0.208372   RMAE: 0.155345   (numpy)
FITS_DLinear MSE: 3.061961   MAE: 1.304547   SE: 5.909900   RRMSE: 0.208372   RMAE: 0.155345   (torch)

Repeat       MSE: 2.870288   MAE: 1.261266   SE: 5.347196   RRMSE: 0.201744   RMAE: 0.150191   (numpy)
Repeat       MSE: 2.870288   MAE: 1.261266   SE: 5.347196   RRMSE: 0.201744   RMAE: 0.150191   (torch)


Model(
  (decomposition): SeriesDecomp(
    (moving_avg): MovingAvg(
      (avg): AvgPool1d(kernel_size=(25,), stride=(1,), padding=(0,))
    )
  )
  (fits): FITS(
    (frequency_upsampler): Linear(in_features=168, out_features=216, bias=True)
  )
  (Linear_Seasonal): Linear(in_features=432, out_features=96, bias=True)
  (Linear_Trend): Linear(in_features=336, out_features=96, bias=True)
)
