Args in experiment:
Namespace(is_training=1, model_id='FITS_100_GD_336_96_S_channels_1', model='FITS_100', data='custom', root_path='./dataset/', data_path='GD.csv', features='S', target='Adj Close', freq='h', checkpoints='./checkpoints/', seq_len=336, label_len=48, pred_len=96, individual=False, embed_type=0, enc_in=6, dec_in=7, c_out=7, d_model=512, n_heads=8, e_layers=2, d_layers=1, d_ff=2048, moving_avg=25, factor=1, distil=True, dropout=0.05, embed='timeF', activation='gelu', output_attention=False, do_predict=False, num_workers=10, itr=1, train_epochs=10, batch_size=8, patience=3, learning_rate=0.0005, des='Exp', loss='mse', lradj='type1', use_amp=False, use_gpu=True, gpu=0, use_multi_gpu=False, devices='0,1,2,3', test_flop=False)
FITS_100_GD_336_96_S_channels_1_FITS_100_S_channels_6
Using GPU: NVIDIA GeForce RTX 4070 (cuda:0):
>>>>>>>start training : FITS_100_GD_336_96_S_channels_1_FITS_100_S_channels_6>>>>>>>>>>>>>>>>>>>>>>>>>>
train 10575
val 1479
test 3049
	iters: 100, epoch: 1 | loss: 0.0452295
	speed: 0.0209s/iter; time left: 273.8836s
	iters: 200, epoch: 1 | loss: 0.0529929
	speed: 0.0049s/iter; time left: 64.0583s
	iters: 300, epoch: 1 | loss: 0.0044536
	speed: 0.0049s/iter; time left: 63.8264s
	iters: 400, epoch: 1 | loss: 0.0798874
	speed: 0.0050s/iter; time left: 63.9851s
	iters: 500, epoch: 1 | loss: 0.0103205
	speed: 0.0047s/iter; time left: 59.8079s
	iters: 600, epoch: 1 | loss: 0.0534544
	speed: 0.0051s/iter; time left: 63.7168s
	iters: 700, epoch: 1 | loss: 0.0007641
	speed: 0.0045s/iter; time left: 55.9653s
	iters: 800, epoch: 1 | loss: 0.0009136
	speed: 0.0047s/iter; time left: 58.3520s
	iters: 900, epoch: 1 | loss: 0.0307348
	speed: 0.0045s/iter; time left: 55.7371s
	iters: 1000, epoch: 1 | loss: 0.0003479
	speed: 0.0046s/iter; time left: 56.6020s
	iters: 1100, epoch: 1 | loss: 0.0309360
	speed: 0.0048s/iter; time left: 57.8698s
	iters: 1200, epoch: 1 | loss: 0.0018800
	speed: 0.0053s/iter; time left: 63.5659s
	iters: 1300, epoch: 1 | loss: 0.0389520
	speed: 0.0050s/iter; time left: 60.1383s
Epoch: 1 cost time: 7.6 seconds
Epoch: 1, Steps: 1321 | Train Loss: 0.0236555 Vali Loss: 0.5257628 Test Loss: 2.6278167
Validation loss decreased (inf --> 0.525763).  Saving model ...
Updating learning rate to 0.0005
	iters: 100, epoch: 2 | loss: 0.0313479
	speed: 0.0367s/iter; time left: 432.9733s
	iters: 200, epoch: 2 | loss: 0.0009399
	speed: 0.0053s/iter; time left: 61.4987s
	iters: 300, epoch: 2 | loss: 0.0045771
	speed: 0.0054s/iter; time left: 62.6615s
	iters: 400, epoch: 2 | loss: 0.0160415
	speed: 0.0056s/iter; time left: 64.0581s
	iters: 500, epoch: 2 | loss: 0.0146910
	speed: 0.0050s/iter; time left: 56.9564s
	iters: 600, epoch: 2 | loss: 0.0207045
	speed: 0.0052s/iter; time left: 58.8787s
	iters: 700, epoch: 2 | loss: 0.0009994
	speed: 0.0052s/iter; time left: 58.1687s
	iters: 800, epoch: 2 | loss: 0.0085467
	speed: 0.0055s/iter; time left: 61.1301s
	iters: 900, epoch: 2 | loss: 0.0165457
	speed: 0.0053s/iter; time left: 57.9213s
	iters: 1000, epoch: 2 | loss: 0.0139604
	speed: 0.0054s/iter; time left: 59.1445s
	iters: 1100, epoch: 2 | loss: 0.0270734
	speed: 0.0053s/iter; time left: 57.3631s
	iters: 1200, epoch: 2 | loss: 0.0211763
	speed: 0.0055s/iter; time left: 58.2966s
	iters: 1300, epoch: 2 | loss: 0.1591933
	speed: 0.0052s/iter; time left: 55.0856s
Epoch: 2 cost time: 7.3 seconds
Epoch: 2, Steps: 1321 | Train Loss: 0.0171032 Vali Loss: 0.5037082 Test Loss: 2.4792259
Validation loss decreased (0.525763 --> 0.503708).  Saving model ...
Updating learning rate to 0.00025
	iters: 100, epoch: 3 | loss: 0.0278202
	speed: 0.0379s/iter; time left: 397.2055s
	iters: 200, epoch: 3 | loss: 0.0119413
	speed: 0.0052s/iter; time left: 54.2391s
	iters: 300, epoch: 3 | loss: 0.0174928
	speed: 0.0055s/iter; time left: 56.7599s
	iters: 400, epoch: 3 | loss: 0.0088469
	speed: 0.0054s/iter; time left: 55.0597s
	iters: 500, epoch: 3 | loss: 0.0184418
	speed: 0.0055s/iter; time left: 55.7734s
	iters: 600, epoch: 3 | loss: 0.0226125
	speed: 0.0054s/iter; time left: 54.1965s
	iters: 700, epoch: 3 | loss: 0.0508948
	speed: 0.0056s/iter; time left: 55.7427s
	iters: 800, epoch: 3 | loss: 0.0005031
	speed: 0.0053s/iter; time left: 52.1193s
	iters: 900, epoch: 3 | loss: 0.0233832
	speed: 0.0054s/iter; time left: 51.9493s
	iters: 1000, epoch: 3 | loss: 0.0009113
	speed: 0.0053s/iter; time left: 50.6682s
	iters: 1100, epoch: 3 | loss: 0.0030931
	speed: 0.0052s/iter; time left: 49.6852s
	iters: 1200, epoch: 3 | loss: 0.0131766
	speed: 0.0053s/iter; time left: 49.2789s
	iters: 1300, epoch: 3 | loss: 0.0082817
	speed: 0.0053s/iter; time left: 49.1348s
Epoch: 3 cost time: 7.3 seconds
Epoch: 3, Steps: 1321 | Train Loss: 0.0159933 Vali Loss: 0.4921156 Test Loss: 2.4594281
Validation loss decreased (0.503708 --> 0.492116).  Saving model ...
Updating learning rate to 0.000125
	iters: 100, epoch: 4 | loss: 0.0433338
	speed: 0.0362s/iter; time left: 331.0820s
	iters: 200, epoch: 4 | loss: 0.0030329
	speed: 0.0051s/iter; time left: 46.4602s
	iters: 300, epoch: 4 | loss: 0.0009705
	speed: 0.0051s/iter; time left: 45.3688s
	iters: 400, epoch: 4 | loss: 0.0078999
	speed: 0.0051s/iter; time left: 45.5283s
	iters: 500, epoch: 4 | loss: 0.0005875
	speed: 0.0050s/iter; time left: 44.1099s
	iters: 600, epoch: 4 | loss: 0.1043226
	speed: 0.0052s/iter; time left: 44.7515s
	iters: 700, epoch: 4 | loss: 0.0043706
	speed: 0.0051s/iter; time left: 43.3328s
	iters: 800, epoch: 4 | loss: 0.0016059
	speed: 0.0050s/iter; time left: 42.3594s
	iters: 900, epoch: 4 | loss: 0.0248479
	speed: 0.0050s/iter; time left: 41.4805s
	iters: 1000, epoch: 4 | loss: 0.0150577
	speed: 0.0052s/iter; time left: 42.7882s
	iters: 1100, epoch: 4 | loss: 0.0343258
	speed: 0.0053s/iter; time left: 43.1373s
	iters: 1200, epoch: 4 | loss: 0.0017002
	speed: 0.0051s/iter; time left: 41.3836s
	iters: 1300, epoch: 4 | loss: 0.0195248
	speed: 0.0052s/iter; time left: 41.1702s
Epoch: 4 cost time: 7.0 seconds
Epoch: 4, Steps: 1321 | Train Loss: 0.0156498 Vali Loss: 0.4991109 Test Loss: 2.4050422
EarlyStopping counter: 1 out of 3
Updating learning rate to 6.25e-05
	iters: 100, epoch: 5 | loss: 0.0173704
	speed: 0.0385s/iter; time left: 301.1826s
	iters: 200, epoch: 5 | loss: 0.0034827
	speed: 0.0065s/iter; time left: 49.8463s
	iters: 300, epoch: 5 | loss: 0.0398499
	speed: 0.0059s/iter; time left: 44.9165s
	iters: 400, epoch: 5 | loss: 0.0103674
	speed: 0.0051s/iter; time left: 38.3049s
	iters: 500, epoch: 5 | loss: 0.0076987
	speed: 0.0052s/iter; time left: 38.9062s
	iters: 600, epoch: 5 | loss: 0.0195837
	speed: 0.0060s/iter; time left: 43.9961s
	iters: 700, epoch: 5 | loss: 0.0070959
	speed: 0.0057s/iter; time left: 40.9019s
	iters: 800, epoch: 5 | loss: 0.0188428
	speed: 0.0056s/iter; time left: 40.2216s
	iters: 900, epoch: 5 | loss: 0.0320435
	speed: 0.0051s/iter; time left: 35.6738s
	iters: 1000, epoch: 5 | loss: 0.0147840
	speed: 0.0052s/iter; time left: 36.0517s
	iters: 1100, epoch: 5 | loss: 0.0013695
	speed: 0.0054s/iter; time left: 37.1014s
	iters: 1200, epoch: 5 | loss: 0.0175919
	speed: 0.0054s/iter; time left: 36.0679s
	iters: 1300, epoch: 5 | loss: 0.0233609
	speed: 0.0051s/iter; time left: 33.7178s
Epoch: 5 cost time: 7.7 seconds
Epoch: 5, Steps: 1321 | Train Loss: 0.0154785 Vali Loss: 0.4959881 Test Loss: 2.3986690
EarlyStopping counter: 2 out of 3
Updating learning rate to 3.125e-05
	iters: 100, epoch: 6 | loss: 0.0250004
	speed: 0.0379s/iter; time left: 246.2873s
	iters: 200, epoch: 6 | loss: 0.0148238
	speed: 0.0051s/iter; time left: 32.6537s
	iters: 300, epoch: 6 | loss: 0.0025333
	speed: 0.0050s/iter; time left: 31.7028s
	iters: 400, epoch: 6 | loss: 0.0129287
	speed: 0.0052s/iter; time left: 32.4299s
	iters: 500, epoch: 6 | loss: 0.0253752
	speed: 0.0052s/iter; time left: 31.8145s
	iters: 600, epoch: 6 | loss: 0.0815898
	speed: 0.0052s/iter; time left: 31.1975s
	iters: 700, epoch: 6 | loss: 0.0030245
	speed: 0.0050s/iter; time left: 29.3449s
	iters: 800, epoch: 6 | loss: 0.0210994
	speed: 0.0054s/iter; time left: 31.1606s
	iters: 900, epoch: 6 | loss: 0.0261112
	speed: 0.0052s/iter; time left: 29.6485s
	iters: 1000, epoch: 6 | loss: 0.0115235
	speed: 0.0053s/iter; time left: 29.8142s
	iters: 1100, epoch: 6 | loss: 0.0139148
	speed: 0.0054s/iter; time left: 29.4754s
	iters: 1200, epoch: 6 | loss: 0.0110867
	speed: 0.0056s/iter; time left: 30.0899s
	iters: 1300, epoch: 6 | loss: 0.0011501
	speed: 0.0054s/iter; time left: 28.8753s
Epoch: 6 cost time: 7.2 seconds
Epoch: 6, Steps: 1321 | Train Loss: 0.0154086 Vali Loss: 0.4965135 Test Loss: 2.3957503
EarlyStopping counter: 3 out of 3
Early stopping
>>>>>>>testing : FITS_100_GD_336_96_S_channels_1_FITS_100_S_channels_6<<<<<<<<<<<<<<<<<<<<<<<<<<<<<<<<<
test 3049
FITS_100_GD_336_96_S_channels_1_FITS_100_S_channels_6
Shapes: pred (3048, 96, 1), true (3048, 96, 1), naive_pred (3048, 96, 1)
Shapes: gt (381, 432), pd (381, 432), naive_pd (381, 432)
Final Metrics:
FITS_100     MSE: 2.459428   MAE: 1.152921   SE: 4.802197   RRMSE: 0.101651   RMAE: 0.074730   (numpy)
FITS_100     MSE: 2.459428   MAE: 1.152921   SE: 4.802197   RRMSE: 0.101651   RMAE: 0.074730   (torch)

Repeat       MSE: 2.179713   MAE: 1.044575   SE: 4.422679   RRMSE: 0.095697   RMAE: 0.067707   (numpy)
Repeat       MSE: 2.179713   MAE: 1.044575   SE: 4.422679   RRMSE: 0.095697   RMAE: 0.067707   (torch)


Model(
  (fits): FITS(
    (frequency_upsampler): Linear(in_features=100, out_features=128, bias=True)
  )
)
