Args in experiment:
Namespace(is_training=1, model_id='FITS_GD_336_96_S_channels_1', model='FITS', data='custom', root_path='./dataset/', data_path='GD.csv', features='S', target='Adj Close', freq='h', checkpoints='./checkpoints/', seq_len=336, label_len=48, pred_len=96, individual=False, embed_type=0, enc_in=6, dec_in=7, c_out=7, d_model=512, n_heads=8, e_layers=2, d_layers=1, d_ff=2048, moving_avg=25, factor=1, distil=True, dropout=0.05, embed='timeF', activation='gelu', output_attention=False, do_predict=False, num_workers=10, itr=1, train_epochs=10, batch_size=8, patience=3, learning_rate=0.0005, des='Exp', loss='mse', lradj='type1', use_amp=False, use_gpu=True, gpu=0, use_multi_gpu=False, devices='0,1,2,3', test_flop=False)
FITS_GD_336_96_S_channels_1_FITS_S_channels_6
Using GPU: NVIDIA GeForce RTX 4070 (cuda:0):
>>>>>>>start training : FITS_GD_336_96_S_channels_1_FITS_S_channels_6>>>>>>>>>>>>>>>>>>>>>>>>>>
train 10575
val 1479
test 3049
	iters: 100, epoch: 1 | loss: 0.1225091
	speed: 0.0201s/iter; time left: 263.0584s
	iters: 200, epoch: 1 | loss: 0.0214055
	speed: 0.0046s/iter; time left: 59.6777s
	iters: 300, epoch: 1 | loss: 0.0374737
	speed: 0.0045s/iter; time left: 57.8334s
	iters: 400, epoch: 1 | loss: 0.0020344
	speed: 0.0044s/iter; time left: 56.3478s
	iters: 500, epoch: 1 | loss: 0.0030280
	speed: 0.0047s/iter; time left: 60.0842s
	iters: 600, epoch: 1 | loss: 0.0470679
	speed: 0.0051s/iter; time left: 64.9289s
	iters: 700, epoch: 1 | loss: 0.0060657
	speed: 0.0050s/iter; time left: 63.0907s
	iters: 800, epoch: 1 | loss: 0.0032391
	speed: 0.0047s/iter; time left: 58.4723s
	iters: 900, epoch: 1 | loss: 0.0230060
	speed: 0.0050s/iter; time left: 61.9145s
	iters: 1000, epoch: 1 | loss: 0.0008225
	speed: 0.0058s/iter; time left: 71.0766s
	iters: 1100, epoch: 1 | loss: 0.0199402
	speed: 0.0051s/iter; time left: 62.1130s
	iters: 1200, epoch: 1 | loss: 0.0031528
	speed: 0.0046s/iter; time left: 54.8833s
	iters: 1300, epoch: 1 | loss: 0.0057932
	speed: 0.0050s/iter; time left: 59.1467s
Epoch: 1 cost time: 7.5 seconds
Epoch: 1, Steps: 1321 | Train Loss: 0.0243703 Vali Loss: 0.5471691 Test Loss: 2.6417930
Validation loss decreased (inf --> 0.547169).  Saving model ...
Updating learning rate to 0.0005
	iters: 100, epoch: 2 | loss: 0.0005983
	speed: 0.0367s/iter; time left: 433.1983s
	iters: 200, epoch: 2 | loss: 0.0008791
	speed: 0.0049s/iter; time left: 56.9650s
	iters: 300, epoch: 2 | loss: 0.0010688
	speed: 0.0047s/iter; time left: 54.5498s
	iters: 400, epoch: 2 | loss: 0.0007728
	speed: 0.0046s/iter; time left: 52.3882s
	iters: 500, epoch: 2 | loss: 0.0207899
	speed: 0.0046s/iter; time left: 52.5514s
	iters: 600, epoch: 2 | loss: 0.0256116
	speed: 0.0046s/iter; time left: 52.3805s
	iters: 700, epoch: 2 | loss: 0.0002742
	speed: 0.0047s/iter; time left: 52.9700s
	iters: 800, epoch: 2 | loss: 0.0146137
	speed: 0.0045s/iter; time left: 50.2776s
	iters: 900, epoch: 2 | loss: 0.0103998
	speed: 0.0048s/iter; time left: 52.4128s
	iters: 1000, epoch: 2 | loss: 0.0064054
	speed: 0.0047s/iter; time left: 51.7085s
	iters: 1100, epoch: 2 | loss: 0.0099658
	speed: 0.0047s/iter; time left: 50.8464s
	iters: 1200, epoch: 2 | loss: 0.0129047
	speed: 0.0053s/iter; time left: 56.5634s
	iters: 1300, epoch: 2 | loss: 0.0212278
	speed: 0.0057s/iter; time left: 60.7935s
Epoch: 2 cost time: 6.7 seconds
Epoch: 2, Steps: 1321 | Train Loss: 0.0174885 Vali Loss: 0.5018004 Test Loss: 2.4872816
Validation loss decreased (0.547169 --> 0.501800).  Saving model ...
Updating learning rate to 0.00025
	iters: 100, epoch: 3 | loss: 0.0109635
	speed: 0.0378s/iter; time left: 395.8070s
	iters: 200, epoch: 3 | loss: 0.0247061
	speed: 0.0065s/iter; time left: 67.0239s
	iters: 300, epoch: 3 | loss: 0.0054248
	speed: 0.0053s/iter; time left: 54.5246s
	iters: 400, epoch: 3 | loss: 0.0055771
	speed: 0.0044s/iter; time left: 45.2124s
	iters: 500, epoch: 3 | loss: 0.0151582
	speed: 0.0048s/iter; time left: 47.8518s
	iters: 600, epoch: 3 | loss: 0.0295456
	speed: 0.0046s/iter; time left: 45.7295s
	iters: 700, epoch: 3 | loss: 0.0054330
	speed: 0.0043s/iter; time left: 42.5083s
	iters: 800, epoch: 3 | loss: 0.0007948
	speed: 0.0047s/iter; time left: 45.5081s
	iters: 900, epoch: 3 | loss: 0.0004001
	speed: 0.0054s/iter; time left: 52.6354s
	iters: 1000, epoch: 3 | loss: 0.0003268
	speed: 0.0056s/iter; time left: 53.6770s
	iters: 1100, epoch: 3 | loss: 0.0008936
	speed: 0.0049s/iter; time left: 46.0524s
	iters: 1200, epoch: 3 | loss: 0.0069467
	speed: 0.0053s/iter; time left: 50.0861s
	iters: 1300, epoch: 3 | loss: 0.0128478
	speed: 0.0055s/iter; time left: 51.2698s
Epoch: 3 cost time: 7.0 seconds
Epoch: 3, Steps: 1321 | Train Loss: 0.0161038 Vali Loss: 0.4963675 Test Loss: 2.4350505
Validation loss decreased (0.501800 --> 0.496367).  Saving model ...
Updating learning rate to 0.000125
	iters: 100, epoch: 4 | loss: 0.0185066
	speed: 0.0346s/iter; time left: 316.0756s
	iters: 200, epoch: 4 | loss: 0.0003351
	speed: 0.0051s/iter; time left: 46.1719s
	iters: 300, epoch: 4 | loss: 0.0359884
	speed: 0.0056s/iter; time left: 50.3373s
	iters: 400, epoch: 4 | loss: 0.0017984
	speed: 0.0058s/iter; time left: 51.4558s
	iters: 500, epoch: 4 | loss: 0.0148958
	speed: 0.0046s/iter; time left: 40.6317s
	iters: 600, epoch: 4 | loss: 0.0067339
	speed: 0.0049s/iter; time left: 42.7328s
	iters: 700, epoch: 4 | loss: 0.0282753
	speed: 0.0050s/iter; time left: 42.7874s
	iters: 800, epoch: 4 | loss: 0.0003156
	speed: 0.0044s/iter; time left: 37.3074s
	iters: 900, epoch: 4 | loss: 0.0173027
	speed: 0.0050s/iter; time left: 41.9560s
	iters: 1000, epoch: 4 | loss: 0.0101056
	speed: 0.0055s/iter; time left: 45.4791s
	iters: 1100, epoch: 4 | loss: 0.0370060
	speed: 0.0054s/iter; time left: 43.9937s
	iters: 1200, epoch: 4 | loss: 0.0329450
	speed: 0.0054s/iter; time left: 43.4494s
	iters: 1300, epoch: 4 | loss: 0.0007073
	speed: 0.0061s/iter; time left: 48.3414s
Epoch: 4 cost time: 7.2 seconds
Epoch: 4, Steps: 1321 | Train Loss: 0.0156704 Vali Loss: 0.4938582 Test Loss: 2.4180918
Validation loss decreased (0.496367 --> 0.493858).  Saving model ...
Updating learning rate to 6.25e-05
	iters: 100, epoch: 5 | loss: 0.0161374
	speed: 0.0400s/iter; time left: 313.1749s
	iters: 200, epoch: 5 | loss: 0.0025147
	speed: 0.0067s/iter; time left: 52.1467s
	iters: 300, epoch: 5 | loss: 0.0251257
	speed: 0.0070s/iter; time left: 53.0187s
	iters: 400, epoch: 5 | loss: 0.0115614
	speed: 0.0054s/iter; time left: 40.5847s
	iters: 500, epoch: 5 | loss: 0.0438128
	speed: 0.0052s/iter; time left: 38.5301s
	iters: 600, epoch: 5 | loss: 0.0402912
	speed: 0.0051s/iter; time left: 37.4431s
	iters: 700, epoch: 5 | loss: 0.0005012
	speed: 0.0049s/iter; time left: 35.7717s
	iters: 800, epoch: 5 | loss: 0.0297804
	speed: 0.0051s/iter; time left: 36.3119s
	iters: 900, epoch: 5 | loss: 0.0081751
	speed: 0.0051s/iter; time left: 35.6957s
	iters: 1000, epoch: 5 | loss: 0.0105829
	speed: 0.0054s/iter; time left: 37.2165s
	iters: 1100, epoch: 5 | loss: 0.0465608
	speed: 0.0053s/iter; time left: 36.5123s
	iters: 1200, epoch: 5 | loss: 0.0186778
	speed: 0.0047s/iter; time left: 31.4155s
	iters: 1300, epoch: 5 | loss: 0.0399302
	speed: 0.0051s/iter; time left: 33.6865s
Epoch: 5 cost time: 7.6 seconds
Epoch: 5, Steps: 1321 | Train Loss: 0.0154641 Vali Loss: 0.4962720 Test Loss: 2.3956323
EarlyStopping counter: 1 out of 3
Updating learning rate to 3.125e-05
	iters: 100, epoch: 6 | loss: 0.0248966
	speed: 0.0376s/iter; time left: 244.3338s
	iters: 200, epoch: 6 | loss: 0.0017179
	speed: 0.0058s/iter; time left: 37.1508s
	iters: 300, epoch: 6 | loss: 0.0001281
	speed: 0.0056s/iter; time left: 35.2444s
	iters: 400, epoch: 6 | loss: 0.0268865
	speed: 0.0058s/iter; time left: 35.8476s
	iters: 500, epoch: 6 | loss: 0.0158809
	speed: 0.0056s/iter; time left: 34.2897s
	iters: 600, epoch: 6 | loss: 0.0012401
	speed: 0.0057s/iter; time left: 34.4565s
	iters: 700, epoch: 6 | loss: 0.0113069
	speed: 0.0057s/iter; time left: 33.5847s
	iters: 800, epoch: 6 | loss: 0.0027444
	speed: 0.0056s/iter; time left: 32.3402s
	iters: 900, epoch: 6 | loss: 0.0137383
	speed: 0.0052s/iter; time left: 29.7330s
	iters: 1000, epoch: 6 | loss: 0.0203194
	speed: 0.0054s/iter; time left: 30.4574s
	iters: 1100, epoch: 6 | loss: 0.0115412
	speed: 0.0054s/iter; time left: 29.7051s
	iters: 1200, epoch: 6 | loss: 0.0021094
	speed: 0.0054s/iter; time left: 28.9971s
	iters: 1300, epoch: 6 | loss: 0.0008976
	speed: 0.0054s/iter; time left: 28.6422s
Epoch: 6 cost time: 7.6 seconds
Epoch: 6, Steps: 1321 | Train Loss: 0.0153654 Vali Loss: 0.4937350 Test Loss: 2.3920653
Validation loss decreased (0.493858 --> 0.493735).  Saving model ...
Updating learning rate to 1.5625e-05
	iters: 100, epoch: 7 | loss: 0.0147630
	speed: 0.0371s/iter; time left: 192.5402s
	iters: 200, epoch: 7 | loss: 0.0008293
	speed: 0.0052s/iter; time left: 26.2286s
	iters: 300, epoch: 7 | loss: 0.0343084
	speed: 0.0053s/iter; time left: 26.1849s
	iters: 400, epoch: 7 | loss: 0.0272530
	speed: 0.0051s/iter; time left: 24.7301s
	iters: 500, epoch: 7 | loss: 0.0064799
	speed: 0.0056s/iter; time left: 26.7787s
	iters: 600, epoch: 7 | loss: 0.0053066
	speed: 0.0056s/iter; time left: 26.2273s
	iters: 700, epoch: 7 | loss: 0.0084705
	speed: 0.0059s/iter; time left: 27.1782s
	iters: 800, epoch: 7 | loss: 0.0009880
	speed: 0.0061s/iter; time left: 27.5567s
	iters: 900, epoch: 7 | loss: 0.0003484
	speed: 0.0050s/iter; time left: 21.8848s
	iters: 1000, epoch: 7 | loss: 0.0027828
	speed: 0.0049s/iter; time left: 20.8257s
	iters: 1100, epoch: 7 | loss: 0.0508576
	speed: 0.0049s/iter; time left: 20.6024s
	iters: 1200, epoch: 7 | loss: 0.0158561
	speed: 0.0050s/iter; time left: 20.5373s
	iters: 1300, epoch: 7 | loss: 0.0049712
	speed: 0.0055s/iter; time left: 21.8354s
Epoch: 7 cost time: 7.3 seconds
Epoch: 7, Steps: 1321 | Train Loss: 0.0153498 Vali Loss: 0.4963579 Test Loss: 2.3908963
EarlyStopping counter: 1 out of 3
Updating learning rate to 7.8125e-06
	iters: 100, epoch: 8 | loss: 0.0017566
	speed: 0.0388s/iter; time left: 150.1149s
	iters: 200, epoch: 8 | loss: 0.0053877
	speed: 0.0065s/iter; time left: 24.5478s
	iters: 300, epoch: 8 | loss: 0.0011979
	speed: 0.0047s/iter; time left: 17.3041s
	iters: 400, epoch: 8 | loss: 0.0083005
	speed: 0.0048s/iter; time left: 17.1165s
	iters: 500, epoch: 8 | loss: 0.0135095
	speed: 0.0045s/iter; time left: 15.7317s
	iters: 600, epoch: 8 | loss: 0.0027217
	speed: 0.0047s/iter; time left: 15.7237s
	iters: 700, epoch: 8 | loss: 0.0186355
	speed: 0.0045s/iter; time left: 14.6609s
	iters: 800, epoch: 8 | loss: 0.0067232
	speed: 0.0047s/iter; time left: 14.7916s
	iters: 900, epoch: 8 | loss: 0.0388813
	speed: 0.0045s/iter; time left: 13.6777s
	iters: 1000, epoch: 8 | loss: 0.0014996
	speed: 0.0048s/iter; time left: 14.1136s
	iters: 1100, epoch: 8 | loss: 0.0232275
	speed: 0.0062s/iter; time left: 17.6510s
	iters: 1200, epoch: 8 | loss: 0.0007686
	speed: 0.0058s/iter; time left: 16.1038s
	iters: 1300, epoch: 8 | loss: 0.0082609
	speed: 0.0051s/iter; time left: 13.6214s
Epoch: 8 cost time: 7.1 seconds
Epoch: 8, Steps: 1321 | Train Loss: 0.0153258 Vali Loss: 0.4945296 Test Loss: 2.3909864
EarlyStopping counter: 2 out of 3
Updating learning rate to 3.90625e-06
	iters: 100, epoch: 9 | loss: 0.0045887
	speed: 0.0414s/iter; time left: 105.3293s
	iters: 200, epoch: 9 | loss: 0.0057271
	speed: 0.0060s/iter; time left: 14.6997s
	iters: 300, epoch: 9 | loss: 0.0244638
	speed: 0.0059s/iter; time left: 13.7687s
	iters: 400, epoch: 9 | loss: 0.0107316
	speed: 0.0061s/iter; time left: 13.6304s
	iters: 500, epoch: 9 | loss: 0.0085101
	speed: 0.0061s/iter; time left: 12.9906s
	iters: 600, epoch: 9 | loss: 0.0238251
	speed: 0.0063s/iter; time left: 12.8254s
	iters: 700, epoch: 9 | loss: 0.0007629
	speed: 0.0062s/iter; time left: 11.9634s
	iters: 800, epoch: 9 | loss: 0.1139187
	speed: 0.0057s/iter; time left: 10.4244s
	iters: 900, epoch: 9 | loss: 0.0170369
	speed: 0.0057s/iter; time left: 9.9534s
	iters: 1000, epoch: 9 | loss: 0.0088426
	speed: 0.0056s/iter; time left: 9.2530s
	iters: 1100, epoch: 9 | loss: 0.0276507
	speed: 0.0059s/iter; time left: 9.1206s
	iters: 1200, epoch: 9 | loss: 0.0105931
	speed: 0.0058s/iter; time left: 8.3776s
	iters: 1300, epoch: 9 | loss: 0.0011700
	speed: 0.0059s/iter; time left: 7.9120s
Epoch: 9 cost time: 8.2 seconds
Epoch: 9, Steps: 1321 | Train Loss: 0.0153078 Vali Loss: 0.4941005 Test Loss: 2.3908596
EarlyStopping counter: 3 out of 3
Early stopping
>>>>>>>testing : FITS_GD_336_96_S_channels_1_FITS_S_channels_6<<<<<<<<<<<<<<<<<<<<<<<<<<<<<<<<<
test 3049
FITS_GD_336_96_S_channels_1_FITS_S_channels_6
Shapes: pred (3048, 96, 1), true (3048, 96, 1), naive_pred (3048, 96, 1)
Shapes: gt (381, 432), pd (381, 432), naive_pd (381, 432)
Final Metrics:
FITS_10         MSE: 2.392065   MAE: 1.125018   SE: 4.278111   RRMSE: 0.100250   RMAE: 0.072922   (numpy)
FITS_10         MSE: 2.392065   MAE: 1.125018   SE: 4.278111   RRMSE: 0.100250   RMAE: 0.072922   (torch)

Repeat       MSE: 2.179713   MAE: 1.044575   SE: 4.422679   RRMSE: 0.095697   RMAE: 0.067707   (numpy)
Repeat       MSE: 2.179713   MAE: 1.044575   SE: 4.422679   RRMSE: 0.095697   RMAE: 0.067707   (torch)


Model(
  (fits): FITS(
    (frequency_upsampler): Linear(in_features=168, out_features=216, bias=True)
  )
)
