Args in experiment:
Namespace(is_training=1, model_id='FITS_DLinear_MRO_336_720_S_channels_1', model='FITS_DLinear', data='custom', root_path='./dataset/', data_path='MRO.csv', features='S', target='Adj Close', freq='h', checkpoints='./checkpoints/', seq_len=336, label_len=48, pred_len=720, individual=False, embed_type=0, enc_in=6, dec_in=7, c_out=7, d_model=512, n_heads=8, e_layers=2, d_layers=1, d_ff=2048, moving_avg=25, factor=1, distil=True, dropout=0.05, embed='timeF', activation='gelu', output_attention=False, do_predict=False, num_workers=10, itr=1, train_epochs=10, batch_size=8, patience=3, learning_rate=0.0005, des='Exp', loss='mse', lradj='type1', use_amp=False, use_gpu=True, gpu=0, use_multi_gpu=False, devices='0,1,2,3', test_flop=False)
FITS_DLinear_MRO_336_720_S_channels_1_FITS_DLinear_S_channels_6
Using GPU: NVIDIA GeForce RTX 4070 (cuda:0):
FITS cutoff frequency: 168
>>>>>>>start training : FITS_DLinear_MRO_336_720_S_channels_1_FITS_DLinear_S_channels_6>>>>>>>>>>>>>>>>>>>>>>>>>>
train 9951
val 855
test 2425
	iters: 100, epoch: 1 | loss: 0.2226112
	speed: 0.0199s/iter; time left: 245.8498s
	iters: 200, epoch: 1 | loss: 0.0697490
	speed: 0.0065s/iter; time left: 79.4449s
	iters: 300, epoch: 1 | loss: 0.1813720
	speed: 0.0064s/iter; time left: 77.9429s
	iters: 400, epoch: 1 | loss: 0.0853678
	speed: 0.0066s/iter; time left: 79.6640s
	iters: 500, epoch: 1 | loss: 0.1358146
	speed: 0.0064s/iter; time left: 75.8907s
	iters: 600, epoch: 1 | loss: 0.1793816
	speed: 0.0063s/iter; time left: 74.5467s
	iters: 700, epoch: 1 | loss: 0.1325578
	speed: 0.0066s/iter; time left: 77.4739s
	iters: 800, epoch: 1 | loss: 0.1990990
	speed: 0.0061s/iter; time left: 71.4635s
	iters: 900, epoch: 1 | loss: 0.0985684
	speed: 0.0063s/iter; time left: 73.0935s
	iters: 1000, epoch: 1 | loss: 0.1194214
	speed: 0.0069s/iter; time left: 78.9472s
	iters: 1100, epoch: 1 | loss: 0.1188265
	speed: 0.0072s/iter; time left: 81.6611s
	iters: 1200, epoch: 1 | loss: 0.0602935
	speed: 0.0064s/iter; time left: 71.6001s
Epoch: 1 cost time: 9.1 seconds
Epoch: 1, Steps: 1243 | Train Loss: 0.1476473 Vali Loss: 12.6285362 Test Loss: 23.9827213
Validation loss decreased (inf --> 12.628536).  Saving model ...
Updating learning rate to 0.0005
	iters: 100, epoch: 2 | loss: 0.2962356
	speed: 0.0378s/iter; time left: 419.4923s
	iters: 200, epoch: 2 | loss: 0.0692990
	speed: 0.0065s/iter; time left: 71.7764s
	iters: 300, epoch: 2 | loss: 0.1505461
	speed: 0.0064s/iter; time left: 69.3000s
	iters: 400, epoch: 2 | loss: 0.1276550
	speed: 0.0061s/iter; time left: 66.2577s
	iters: 500, epoch: 2 | loss: 0.1149740
	speed: 0.0061s/iter; time left: 65.6454s
	iters: 600, epoch: 2 | loss: 0.0752412
	speed: 0.0067s/iter; time left: 70.5288s
	iters: 700, epoch: 2 | loss: 0.0689634
	speed: 0.0066s/iter; time left: 69.0300s
	iters: 800, epoch: 2 | loss: 0.0961892
	speed: 0.0068s/iter; time left: 70.3861s
	iters: 900, epoch: 2 | loss: 0.0955190
	speed: 0.0067s/iter; time left: 69.1297s
	iters: 1000, epoch: 2 | loss: 0.1074067
	speed: 0.0068s/iter; time left: 68.8229s
	iters: 1100, epoch: 2 | loss: 0.2238403
	speed: 0.0067s/iter; time left: 67.8582s
	iters: 1200, epoch: 2 | loss: 0.0700409
	speed: 0.0064s/iter; time left: 63.5170s
Epoch: 2 cost time: 8.6 seconds
Epoch: 2, Steps: 1243 | Train Loss: 0.1408718 Vali Loss: 11.4788837 Test Loss: 20.7151108
Validation loss decreased (12.628536 --> 11.478884).  Saving model ...
Updating learning rate to 0.00025
	iters: 100, epoch: 3 | loss: 0.0767133
	speed: 0.0351s/iter; time left: 345.9489s
	iters: 200, epoch: 3 | loss: 0.0696433
	speed: 0.0064s/iter; time left: 62.0994s
	iters: 300, epoch: 3 | loss: 0.0637816
	speed: 0.0065s/iter; time left: 63.0762s
	iters: 400, epoch: 3 | loss: 0.2596560
	speed: 0.0064s/iter; time left: 60.9123s
	iters: 500, epoch: 3 | loss: 0.2901246
	speed: 0.0070s/iter; time left: 65.8182s
	iters: 600, epoch: 3 | loss: 0.1019878
	speed: 0.0071s/iter; time left: 66.5989s
	iters: 700, epoch: 3 | loss: 0.0476134
	speed: 0.0063s/iter; time left: 57.8929s
	iters: 800, epoch: 3 | loss: 0.1001708
	speed: 0.0063s/iter; time left: 57.5861s
	iters: 900, epoch: 3 | loss: 0.1577941
	speed: 0.0064s/iter; time left: 57.7188s
	iters: 1000, epoch: 3 | loss: 0.1939825
	speed: 0.0060s/iter; time left: 53.8253s
	iters: 1100, epoch: 3 | loss: 0.1141310
	speed: 0.0062s/iter; time left: 54.8353s
	iters: 1200, epoch: 3 | loss: 0.1723109
	speed: 0.0064s/iter; time left: 55.8760s
Epoch: 3 cost time: 8.3 seconds
Epoch: 3, Steps: 1243 | Train Loss: 0.1344227 Vali Loss: 13.1011019 Test Loss: 24.2483883
EarlyStopping counter: 1 out of 3
Updating learning rate to 0.000125
	iters: 100, epoch: 4 | loss: 0.2946182
	speed: 0.0343s/iter; time left: 295.3242s
	iters: 200, epoch: 4 | loss: 0.1766021
	speed: 0.0066s/iter; time left: 55.7649s
	iters: 300, epoch: 4 | loss: 0.0765503
	speed: 0.0061s/iter; time left: 50.8540s
	iters: 400, epoch: 4 | loss: 0.3123530
	speed: 0.0060s/iter; time left: 49.8870s
	iters: 500, epoch: 4 | loss: 0.2243766
	speed: 0.0060s/iter; time left: 49.4850s
	iters: 600, epoch: 4 | loss: 0.0615735
	speed: 0.0065s/iter; time left: 52.3984s
	iters: 700, epoch: 4 | loss: 0.0861194
	speed: 0.0064s/iter; time left: 51.5448s
	iters: 800, epoch: 4 | loss: 0.0998423
	speed: 0.0068s/iter; time left: 54.0600s
	iters: 900, epoch: 4 | loss: 0.0742769
	speed: 0.0068s/iter; time left: 53.0299s
	iters: 1000, epoch: 4 | loss: 0.1168609
	speed: 0.0068s/iter; time left: 52.4912s
	iters: 1100, epoch: 4 | loss: 0.0628202
	speed: 0.0061s/iter; time left: 46.4255s
	iters: 1200, epoch: 4 | loss: 0.0587475
	speed: 0.0068s/iter; time left: 51.2218s
Epoch: 4 cost time: 8.4 seconds
Epoch: 4, Steps: 1243 | Train Loss: 0.1316979 Vali Loss: 12.2552586 Test Loss: 22.8466511
EarlyStopping counter: 2 out of 3
Updating learning rate to 6.25e-05
	iters: 100, epoch: 5 | loss: 0.1484340
	speed: 0.0369s/iter; time left: 271.4697s
	iters: 200, epoch: 5 | loss: 0.2166445
	speed: 0.0065s/iter; time left: 47.1787s
	iters: 300, epoch: 5 | loss: 0.0457357
	speed: 0.0069s/iter; time left: 49.7503s
	iters: 400, epoch: 5 | loss: 0.1229388
	speed: 0.0069s/iter; time left: 48.7027s
	iters: 500, epoch: 5 | loss: 0.1276053
	speed: 0.0068s/iter; time left: 47.5295s
	iters: 600, epoch: 5 | loss: 0.0686154
	speed: 0.0069s/iter; time left: 47.4520s
	iters: 700, epoch: 5 | loss: 0.0592619
	speed: 0.0068s/iter; time left: 45.7588s
	iters: 800, epoch: 5 | loss: 0.1028484
	speed: 0.0062s/iter; time left: 41.4634s
	iters: 900, epoch: 5 | loss: 0.0919164
	speed: 0.0067s/iter; time left: 43.7077s
	iters: 1000, epoch: 5 | loss: 0.0906151
	speed: 0.0068s/iter; time left: 43.6383s
	iters: 1100, epoch: 5 | loss: 0.0360113
	speed: 0.0063s/iter; time left: 40.2578s
	iters: 1200, epoch: 5 | loss: 0.0878999
	speed: 0.0072s/iter; time left: 45.0236s
Epoch: 5 cost time: 8.8 seconds
Epoch: 5, Steps: 1243 | Train Loss: 0.1301310 Vali Loss: 10.8857927 Test Loss: 20.1892681
Validation loss decreased (11.478884 --> 10.885793).  Saving model ...
Updating learning rate to 3.125e-05
	iters: 100, epoch: 6 | loss: 0.0578015
	speed: 0.0365s/iter; time left: 223.1927s
	iters: 200, epoch: 6 | loss: 0.2052058
	speed: 0.0065s/iter; time left: 38.9068s
	iters: 300, epoch: 6 | loss: 0.1215555
	speed: 0.0067s/iter; time left: 39.7743s
	iters: 400, epoch: 6 | loss: 0.0533376
	speed: 0.0068s/iter; time left: 39.4709s
	iters: 500, epoch: 6 | loss: 0.1542924
	speed: 0.0066s/iter; time left: 37.9543s
	iters: 600, epoch: 6 | loss: 0.0642405
	speed: 0.0060s/iter; time left: 33.8590s
	iters: 700, epoch: 6 | loss: 0.0811507
	speed: 0.0062s/iter; time left: 34.0000s
	iters: 800, epoch: 6 | loss: 0.1732722
	speed: 0.0069s/iter; time left: 37.5472s
	iters: 900, epoch: 6 | loss: 0.0756722
	speed: 0.0067s/iter; time left: 35.6730s
	iters: 1000, epoch: 6 | loss: 0.1280967
	speed: 0.0063s/iter; time left: 33.0366s
	iters: 1100, epoch: 6 | loss: 0.0898099
	speed: 0.0062s/iter; time left: 31.7145s
	iters: 1200, epoch: 6 | loss: 0.2286625
	speed: 0.0063s/iter; time left: 31.6973s
Epoch: 6 cost time: 8.4 seconds
Epoch: 6, Steps: 1243 | Train Loss: 0.1292386 Vali Loss: 11.4794579 Test Loss: 21.5008736
EarlyStopping counter: 1 out of 3
Updating learning rate to 1.5625e-05
	iters: 100, epoch: 7 | loss: 0.1241467
	speed: 0.0365s/iter; time left: 177.8009s
	iters: 200, epoch: 7 | loss: 0.0495814
	speed: 0.0068s/iter; time left: 32.2669s
	iters: 300, epoch: 7 | loss: 0.0573300
	speed: 0.0064s/iter; time left: 29.7330s
	iters: 400, epoch: 7 | loss: 0.1444751
	speed: 0.0065s/iter; time left: 29.6315s
	iters: 500, epoch: 7 | loss: 0.1423502
	speed: 0.0066s/iter; time left: 29.4578s
	iters: 600, epoch: 7 | loss: 0.0684325
	speed: 0.0068s/iter; time left: 29.7303s
	iters: 700, epoch: 7 | loss: 0.1261570
	speed: 0.0068s/iter; time left: 29.1353s
	iters: 800, epoch: 7 | loss: 0.0363212
	speed: 0.0067s/iter; time left: 28.0597s
	iters: 900, epoch: 7 | loss: 0.0969481
	speed: 0.0065s/iter; time left: 26.4441s
	iters: 1000, epoch: 7 | loss: 0.0676428
	speed: 0.0065s/iter; time left: 25.8277s
	iters: 1100, epoch: 7 | loss: 0.1379857
	speed: 0.0068s/iter; time left: 26.1759s
	iters: 1200, epoch: 7 | loss: 0.0762583
	speed: 0.0071s/iter; time left: 26.8114s
Epoch: 7 cost time: 8.7 seconds
Epoch: 7, Steps: 1243 | Train Loss: 0.1289506 Vali Loss: 11.5899982 Test Loss: 21.8326073
EarlyStopping counter: 2 out of 3
Updating learning rate to 7.8125e-06
	iters: 100, epoch: 8 | loss: 0.1386151
	speed: 0.0363s/iter; time left: 131.7679s
	iters: 200, epoch: 8 | loss: 0.1416138
	speed: 0.0067s/iter; time left: 23.6496s
	iters: 300, epoch: 8 | loss: 0.1192620
	speed: 0.0068s/iter; time left: 23.1942s
	iters: 400, epoch: 8 | loss: 0.1573378
	speed: 0.0068s/iter; time left: 22.5487s
	iters: 500, epoch: 8 | loss: 0.0689837
	speed: 0.0070s/iter; time left: 22.4772s
	iters: 600, epoch: 8 | loss: 0.1906915
	speed: 0.0067s/iter; time left: 21.0709s
	iters: 700, epoch: 8 | loss: 0.0991922
	speed: 0.0069s/iter; time left: 20.8168s
	iters: 800, epoch: 8 | loss: 0.3332052
	speed: 0.0066s/iter; time left: 19.3708s
	iters: 900, epoch: 8 | loss: 0.0839703
	speed: 0.0065s/iter; time left: 18.5263s
	iters: 1000, epoch: 8 | loss: 0.1389389
	speed: 0.0067s/iter; time left: 18.2806s
	iters: 1100, epoch: 8 | loss: 0.1805648
	speed: 0.0065s/iter; time left: 17.1230s
	iters: 1200, epoch: 8 | loss: 0.2988968
	speed: 0.0065s/iter; time left: 16.3542s
Epoch: 8 cost time: 8.7 seconds
Epoch: 8, Steps: 1243 | Train Loss: 0.1286477 Vali Loss: 11.6908350 Test Loss: 22.0939751
EarlyStopping counter: 3 out of 3
Early stopping
>>>>>>>testing : FITS_DLinear_MRO_336_720_S_channels_1_FITS_DLinear_S_channels_6<<<<<<<<<<<<<<<<<<<<<<<<<<<<<<<<<
test 2425
FITS_DLinear_MRO_336_720_S_channels_1_FITS_DLinear_S_channels_6
Shapes: pred (2424, 720, 1), true (2424, 720, 1), naive_pred (2424, 720, 1)
Shapes: gt (303, 1056), pd (303, 1056), naive_pd (303, 1056)
Final Metrics:
FITS_DLinear MSE: 20.189276  MAE: 3.517100   SE: 33.646851  RRMSE: 0.596487   RMAE: 0.466902   (numpy)
FITS_DLinear MSE: 20.189266  MAE: 3.517100   SE: 33.646854  RRMSE: 0.596487   RMAE: 0.466902   (torch)

Repeat       MSE: 23.184877  MAE: 3.680038   SE: 39.829136  RRMSE: 0.639209   RMAE: 0.488532   (numpy)
Repeat       MSE: 23.184883  MAE: 3.680040   SE: 39.829136  RRMSE: 0.639209   RMAE: 0.488532   (torch)


Model(
  (decomposition): SeriesDecomp(
    (moving_avg): MovingAvg(
      (avg): AvgPool1d(kernel_size=(25,), stride=(1,), padding=(0,))
    )
  )
  (fits): FITS(
    (frequency_upsampler): Linear(in_features=168, out_features=528, bias=True)
  )
  (Linear_Seasonal): Linear(in_features=1056, out_features=720, bias=True)
  (Linear_Trend): Linear(in_features=336, out_features=720, bias=True)
)
