Args in experiment:
Namespace(is_training=1, model_id='FITS_MRO_336_192_S_channels_1', model='FITS', data='custom', root_path='./dataset/', data_path='MRO.csv', features='S', target='Adj Close', freq='h', checkpoints='./checkpoints/', seq_len=336, label_len=48, pred_len=192, individual=False, embed_type=0, enc_in=6, dec_in=7, c_out=7, d_model=512, n_heads=8, e_layers=2, d_layers=1, d_ff=2048, moving_avg=25, factor=1, distil=True, dropout=0.05, embed='timeF', activation='gelu', output_attention=False, do_predict=False, num_workers=10, itr=1, train_epochs=10, batch_size=8, patience=3, learning_rate=0.0005, des='Exp', loss='mse', lradj='type1', use_amp=False, use_gpu=True, gpu=0, use_multi_gpu=False, devices='0,1,2,3', test_flop=False)
FITS_MRO_336_192_S_channels_1_FITS_S_channels_6
Using GPU: NVIDIA GeForce RTX 4070 (cuda:0):
>>>>>>>start training : FITS_MRO_336_192_S_channels_1_FITS_S_channels_6>>>>>>>>>>>>>>>>>>>>>>>>>>
train 10479
val 1383
test 2953
	iters: 100, epoch: 1 | loss: 0.2879447
	speed: 0.0175s/iter; time left: 227.7288s
	iters: 200, epoch: 1 | loss: 0.0729757
	speed: 0.0047s/iter; time left: 60.1513s
	iters: 300, epoch: 1 | loss: 0.0379822
	speed: 0.0046s/iter; time left: 58.8481s
	iters: 400, epoch: 1 | loss: 0.2590565
	speed: 0.0045s/iter; time left: 56.9012s
	iters: 500, epoch: 1 | loss: 0.0361432
	speed: 0.0046s/iter; time left: 58.3045s
	iters: 600, epoch: 1 | loss: 0.0657546
	speed: 0.0046s/iter; time left: 57.2129s
	iters: 700, epoch: 1 | loss: 0.0755868
	speed: 0.0045s/iter; time left: 56.1065s
	iters: 800, epoch: 1 | loss: 0.0417030
	speed: 0.0047s/iter; time left: 58.2661s
	iters: 900, epoch: 1 | loss: 0.0456952
	speed: 0.0047s/iter; time left: 57.0686s
	iters: 1000, epoch: 1 | loss: 0.0505849
	speed: 0.0050s/iter; time left: 60.6356s
	iters: 1100, epoch: 1 | loss: 0.0775447
	speed: 0.0051s/iter; time left: 61.0185s
	iters: 1200, epoch: 1 | loss: 0.0407774
	speed: 0.0055s/iter; time left: 64.9460s
	iters: 1300, epoch: 1 | loss: 0.0214309
	speed: 0.0055s/iter; time left: 64.5347s
Epoch: 1 cost time: 7.2 seconds
Epoch: 1, Steps: 1309 | Train Loss: 0.0784298 Vali Loss: 5.2784958 Test Loss: 6.3980379
Validation loss decreased (inf --> 5.278496).  Saving model ...
Updating learning rate to 0.0005
	iters: 100, epoch: 2 | loss: 0.0658454
	speed: 0.0352s/iter; time left: 410.9970s
	iters: 200, epoch: 2 | loss: 0.1213081
	speed: 0.0052s/iter; time left: 60.1297s
	iters: 300, epoch: 2 | loss: 0.0320777
	speed: 0.0056s/iter; time left: 64.5515s
	iters: 400, epoch: 2 | loss: 0.1327482
	speed: 0.0054s/iter; time left: 61.9525s
	iters: 500, epoch: 2 | loss: 0.0767197
	speed: 0.0054s/iter; time left: 61.4277s
	iters: 600, epoch: 2 | loss: 0.0529704
	speed: 0.0056s/iter; time left: 62.7627s
	iters: 700, epoch: 2 | loss: 0.0627239
	speed: 0.0055s/iter; time left: 60.8118s
	iters: 800, epoch: 2 | loss: 0.0984056
	speed: 0.0055s/iter; time left: 60.5912s
	iters: 900, epoch: 2 | loss: 0.2166217
	speed: 0.0055s/iter; time left: 59.7277s
	iters: 1000, epoch: 2 | loss: 0.0770189
	speed: 0.0057s/iter; time left: 60.9200s
	iters: 1100, epoch: 2 | loss: 0.0483665
	speed: 0.0057s/iter; time left: 60.6841s
	iters: 1200, epoch: 2 | loss: 0.0374727
	speed: 0.0056s/iter; time left: 58.7325s
	iters: 1300, epoch: 2 | loss: 0.0335205
	speed: 0.0055s/iter; time left: 57.1942s
Epoch: 2 cost time: 7.5 seconds
Epoch: 2, Steps: 1309 | Train Loss: 0.0643319 Vali Loss: 4.9356999 Test Loss: 5.9104195
Validation loss decreased (5.278496 --> 4.935700).  Saving model ...
Updating learning rate to 0.00025
	iters: 100, epoch: 3 | loss: 0.0888568
	speed: 0.0368s/iter; time left: 382.1238s
	iters: 200, epoch: 3 | loss: 0.0237997
	speed: 0.0051s/iter; time left: 51.9627s
	iters: 300, epoch: 3 | loss: 0.0330553
	speed: 0.0053s/iter; time left: 54.2050s
	iters: 400, epoch: 3 | loss: 0.0658972
	speed: 0.0053s/iter; time left: 53.3151s
	iters: 500, epoch: 3 | loss: 0.0137906
	speed: 0.0054s/iter; time left: 54.2358s
	iters: 600, epoch: 3 | loss: 0.0680182
	speed: 0.0052s/iter; time left: 50.8674s
	iters: 700, epoch: 3 | loss: 0.0706132
	speed: 0.0050s/iter; time left: 48.7454s
	iters: 800, epoch: 3 | loss: 0.0452352
	speed: 0.0049s/iter; time left: 47.5117s
	iters: 900, epoch: 3 | loss: 0.0288805
	speed: 0.0053s/iter; time left: 50.4106s
	iters: 1000, epoch: 3 | loss: 0.0767075
	speed: 0.0051s/iter; time left: 48.1521s
	iters: 1100, epoch: 3 | loss: 0.0451936
	speed: 0.0050s/iter; time left: 46.4819s
	iters: 1200, epoch: 3 | loss: 0.0181262
	speed: 0.0051s/iter; time left: 46.9321s
	iters: 1300, epoch: 3 | loss: 0.0157316
	speed: 0.0050s/iter; time left: 46.1880s
Epoch: 3 cost time: 7.0 seconds
Epoch: 3, Steps: 1309 | Train Loss: 0.0614558 Vali Loss: 4.8508153 Test Loss: 5.8414688
Validation loss decreased (4.935700 --> 4.850815).  Saving model ...
Updating learning rate to 0.000125
	iters: 100, epoch: 4 | loss: 0.0943277
	speed: 0.0359s/iter; time left: 324.9492s
	iters: 200, epoch: 4 | loss: 0.0369897
	speed: 0.0052s/iter; time left: 46.5527s
	iters: 300, epoch: 4 | loss: 0.0336563
	speed: 0.0054s/iter; time left: 48.1818s
	iters: 400, epoch: 4 | loss: 0.0831664
	speed: 0.0053s/iter; time left: 46.0867s
	iters: 500, epoch: 4 | loss: 0.0349561
	speed: 0.0053s/iter; time left: 46.1315s
	iters: 600, epoch: 4 | loss: 0.1869855
	speed: 0.0052s/iter; time left: 44.2140s
	iters: 700, epoch: 4 | loss: 0.0493144
	speed: 0.0054s/iter; time left: 45.7356s
	iters: 800, epoch: 4 | loss: 0.0268622
	speed: 0.0053s/iter; time left: 44.4706s
	iters: 900, epoch: 4 | loss: 0.0493427
	speed: 0.0054s/iter; time left: 44.4787s
	iters: 1000, epoch: 4 | loss: 0.0591700
	speed: 0.0053s/iter; time left: 43.6346s
	iters: 1100, epoch: 4 | loss: 0.0043113
	speed: 0.0051s/iter; time left: 41.3091s
	iters: 1200, epoch: 4 | loss: 0.0477214
	speed: 0.0051s/iter; time left: 40.2304s
	iters: 1300, epoch: 4 | loss: 0.0244368
	speed: 0.0051s/iter; time left: 40.0406s
Epoch: 4 cost time: 7.2 seconds
Epoch: 4, Steps: 1309 | Train Loss: 0.0604788 Vali Loss: 4.7948728 Test Loss: 5.7260327
Validation loss decreased (4.850815 --> 4.794873).  Saving model ...
Updating learning rate to 6.25e-05
	iters: 100, epoch: 5 | loss: 0.0301204
	speed: 0.0380s/iter; time left: 294.7045s
	iters: 200, epoch: 5 | loss: 0.0369885
	speed: 0.0055s/iter; time left: 42.3110s
	iters: 300, epoch: 5 | loss: 0.0481105
	speed: 0.0056s/iter; time left: 42.0419s
	iters: 400, epoch: 5 | loss: 0.0413990
	speed: 0.0060s/iter; time left: 44.9173s
	iters: 500, epoch: 5 | loss: 0.0270753
	speed: 0.0054s/iter; time left: 39.9441s
	iters: 600, epoch: 5 | loss: 0.0398824
	speed: 0.0053s/iter; time left: 38.4335s
	iters: 700, epoch: 5 | loss: 0.0294030
	speed: 0.0053s/iter; time left: 37.9086s
	iters: 800, epoch: 5 | loss: 0.1055187
	speed: 0.0054s/iter; time left: 38.0467s
	iters: 900, epoch: 5 | loss: 0.0726398
	speed: 0.0054s/iter; time left: 37.4307s
	iters: 1000, epoch: 5 | loss: 0.0646313
	speed: 0.0053s/iter; time left: 36.1499s
	iters: 1100, epoch: 5 | loss: 0.0239513
	speed: 0.0053s/iter; time left: 35.6784s
	iters: 1200, epoch: 5 | loss: 0.0804381
	speed: 0.0055s/iter; time left: 36.8940s
	iters: 1300, epoch: 5 | loss: 0.0157552
	speed: 0.0056s/iter; time left: 36.7673s
Epoch: 5 cost time: 7.6 seconds
Epoch: 5, Steps: 1309 | Train Loss: 0.0601026 Vali Loss: 4.7685275 Test Loss: 5.7156272
Validation loss decreased (4.794873 --> 4.768528).  Saving model ...
Updating learning rate to 3.125e-05
	iters: 100, epoch: 6 | loss: 0.0824627
	speed: 0.0365s/iter; time left: 235.3254s
	iters: 200, epoch: 6 | loss: 0.0208137
	speed: 0.0053s/iter; time left: 33.7791s
	iters: 300, epoch: 6 | loss: 0.1532466
	speed: 0.0052s/iter; time left: 32.3000s
	iters: 400, epoch: 6 | loss: 0.0913547
	speed: 0.0055s/iter; time left: 33.8672s
	iters: 500, epoch: 6 | loss: 0.1424608
	speed: 0.0054s/iter; time left: 32.8592s
	iters: 600, epoch: 6 | loss: 0.0272243
	speed: 0.0053s/iter; time left: 31.8069s
	iters: 700, epoch: 6 | loss: 0.0199604
	speed: 0.0053s/iter; time left: 31.1593s
	iters: 800, epoch: 6 | loss: 0.0641040
	speed: 0.0055s/iter; time left: 31.6568s
	iters: 900, epoch: 6 | loss: 0.0324854
	speed: 0.0054s/iter; time left: 30.5536s
	iters: 1000, epoch: 6 | loss: 0.0152864
	speed: 0.0055s/iter; time left: 30.7117s
	iters: 1100, epoch: 6 | loss: 0.0754942
	speed: 0.0053s/iter; time left: 28.6223s
	iters: 1200, epoch: 6 | loss: 0.0743563
	speed: 0.0055s/iter; time left: 29.5741s
	iters: 1300, epoch: 6 | loss: 0.1218344
	speed: 0.0055s/iter; time left: 28.7498s
Epoch: 6 cost time: 7.4 seconds
Epoch: 6, Steps: 1309 | Train Loss: 0.0598666 Vali Loss: 4.7644868 Test Loss: 5.7075090
Validation loss decreased (4.768528 --> 4.764487).  Saving model ...
Updating learning rate to 1.5625e-05
	iters: 100, epoch: 7 | loss: 0.0582678
	speed: 0.0362s/iter; time left: 185.8163s
	iters: 200, epoch: 7 | loss: 0.0705955
	speed: 0.0054s/iter; time left: 26.9783s
	iters: 300, epoch: 7 | loss: 0.0484688
	speed: 0.0056s/iter; time left: 27.8885s
	iters: 400, epoch: 7 | loss: 0.0377700
	speed: 0.0053s/iter; time left: 25.5297s
	iters: 500, epoch: 7 | loss: 0.0380326
	speed: 0.0052s/iter; time left: 24.3956s
	iters: 600, epoch: 7 | loss: 0.0395804
	speed: 0.0052s/iter; time left: 24.1973s
	iters: 700, epoch: 7 | loss: 0.0506467
	speed: 0.0051s/iter; time left: 23.2423s
	iters: 800, epoch: 7 | loss: 0.0195212
	speed: 0.0050s/iter; time left: 22.1936s
	iters: 900, epoch: 7 | loss: 0.0222419
	speed: 0.0051s/iter; time left: 22.0435s
	iters: 1000, epoch: 7 | loss: 0.0824031
	speed: 0.0053s/iter; time left: 22.5984s
	iters: 1100, epoch: 7 | loss: 0.0243432
	speed: 0.0053s/iter; time left: 21.8580s
	iters: 1200, epoch: 7 | loss: 0.0225391
	speed: 0.0055s/iter; time left: 22.0973s
	iters: 1300, epoch: 7 | loss: 0.0568304
	speed: 0.0051s/iter; time left: 20.2028s
Epoch: 7 cost time: 7.2 seconds
Epoch: 7, Steps: 1309 | Train Loss: 0.0597592 Vali Loss: 4.7786860 Test Loss: 5.7051110
EarlyStopping counter: 1 out of 3
Updating learning rate to 7.8125e-06
	iters: 100, epoch: 8 | loss: 0.0409060
	speed: 0.0358s/iter; time left: 137.1912s
	iters: 200, epoch: 8 | loss: 0.0145718
	speed: 0.0051s/iter; time left: 18.8613s
	iters: 300, epoch: 8 | loss: 0.1040502
	speed: 0.0052s/iter; time left: 18.9646s
	iters: 400, epoch: 8 | loss: 0.0906854
	speed: 0.0052s/iter; time left: 18.4775s
	iters: 500, epoch: 8 | loss: 0.1130668
	speed: 0.0051s/iter; time left: 17.4708s
	iters: 600, epoch: 8 | loss: 0.1012220
	speed: 0.0053s/iter; time left: 17.6023s
	iters: 700, epoch: 8 | loss: 0.1226961
	speed: 0.0051s/iter; time left: 16.4234s
	iters: 800, epoch: 8 | loss: 0.0803724
	speed: 0.0052s/iter; time left: 16.1727s
	iters: 900, epoch: 8 | loss: 0.0496350
	speed: 0.0056s/iter; time left: 17.1013s
	iters: 1000, epoch: 8 | loss: 0.0476915
	speed: 0.0057s/iter; time left: 16.6192s
	iters: 1100, epoch: 8 | loss: 0.0443325
	speed: 0.0050s/iter; time left: 14.2324s
	iters: 1200, epoch: 8 | loss: 0.0867531
	speed: 0.0052s/iter; time left: 14.1204s
	iters: 1300, epoch: 8 | loss: 0.1065823
	speed: 0.0050s/iter; time left: 13.0678s
Epoch: 8 cost time: 7.1 seconds
Epoch: 8, Steps: 1309 | Train Loss: 0.0596937 Vali Loss: 4.7647834 Test Loss: 5.7017426
EarlyStopping counter: 2 out of 3
Updating learning rate to 3.90625e-06
	iters: 100, epoch: 9 | loss: 0.0612037
	speed: 0.0370s/iter; time left: 93.1768s
	iters: 200, epoch: 9 | loss: 0.0754187
	speed: 0.0054s/iter; time left: 12.9625s
	iters: 300, epoch: 9 | loss: 0.0961416
	speed: 0.0052s/iter; time left: 12.1679s
	iters: 400, epoch: 9 | loss: 0.0757028
	speed: 0.0055s/iter; time left: 12.2931s
	iters: 500, epoch: 9 | loss: 0.1290663
	speed: 0.0057s/iter; time left: 12.0259s
	iters: 600, epoch: 9 | loss: 0.1085923
	speed: 0.0055s/iter; time left: 11.1216s
	iters: 700, epoch: 9 | loss: 0.0530611
	speed: 0.0055s/iter; time left: 10.6239s
	iters: 800, epoch: 9 | loss: 0.0571028
	speed: 0.0056s/iter; time left: 10.1199s
	iters: 900, epoch: 9 | loss: 0.0252305
	speed: 0.0054s/iter; time left: 9.2782s
	iters: 1000, epoch: 9 | loss: 0.1099290
	speed: 0.0053s/iter; time left: 8.5453s
	iters: 1100, epoch: 9 | loss: 0.1101286
	speed: 0.0056s/iter; time left: 8.4589s
	iters: 1200, epoch: 9 | loss: 0.1006969
	speed: 0.0052s/iter; time left: 7.3780s
	iters: 1300, epoch: 9 | loss: 0.0967138
	speed: 0.0056s/iter; time left: 7.3788s
Epoch: 9 cost time: 7.4 seconds
Epoch: 9, Steps: 1309 | Train Loss: 0.0596881 Vali Loss: 4.7642407 Test Loss: 5.7007847
Validation loss decreased (4.764487 --> 4.764241).  Saving model ...
Updating learning rate to 1.953125e-06
	iters: 100, epoch: 10 | loss: 0.0232583
	speed: 0.0371s/iter; time left: 44.8667s
	iters: 200, epoch: 10 | loss: 0.0451917
	speed: 0.0054s/iter; time left: 5.9521s
	iters: 300, epoch: 10 | loss: 0.0700281
	speed: 0.0053s/iter; time left: 5.4004s
	iters: 400, epoch: 10 | loss: 0.0187007
	speed: 0.0056s/iter; time left: 5.0624s
	iters: 500, epoch: 10 | loss: 0.0305936
	speed: 0.0055s/iter; time left: 4.4351s
	iters: 600, epoch: 10 | loss: 0.0604203
	speed: 0.0056s/iter; time left: 3.9719s
	iters: 700, epoch: 10 | loss: 0.0708494
	speed: 0.0055s/iter; time left: 3.3313s
	iters: 800, epoch: 10 | loss: 0.0677467
	speed: 0.0054s/iter; time left: 2.7379s
	iters: 900, epoch: 10 | loss: 0.0997073
	speed: 0.0052s/iter; time left: 2.1459s
	iters: 1000, epoch: 10 | loss: 0.0342267
	speed: 0.0056s/iter; time left: 1.7345s
	iters: 1100, epoch: 10 | loss: 0.0124044
	speed: 0.0057s/iter; time left: 1.1980s
	iters: 1200, epoch: 10 | loss: 0.0295812
	speed: 0.0058s/iter; time left: 0.6391s
	iters: 1300, epoch: 10 | loss: 0.1192006
	speed: 0.0056s/iter; time left: 0.0564s
Epoch: 10 cost time: 7.6 seconds
Epoch: 10, Steps: 1309 | Train Loss: 0.0596515 Vali Loss: 4.7664671 Test Loss: 5.7000566
EarlyStopping counter: 1 out of 3
Updating learning rate to 9.765625e-07
>>>>>>>testing : FITS_MRO_336_192_S_channels_1_FITS_S_channels_6<<<<<<<<<<<<<<<<<<<<<<<<<<<<<<<<<
test 2953
FITS_MRO_336_192_S_channels_1_FITS_S_channels_6
Shapes: pred (2952, 192, 1), true (2952, 192, 1), naive_pred (2952, 192, 1)
Shapes: gt (369, 528), pd (369, 528), naive_pd (369, 528)
Final Metrics:
FITS         MSE: 5.700786   MAE: 1.879789   SE: 11.050934  RRMSE: 0.287242   RMAE: 0.226146   (numpy)
FITS         MSE: 5.700786   MAE: 1.879789   SE: 11.050934  RRMSE: 0.287242   RMAE: 0.226146   (torch)

Repeat       MSE: 5.362151   MAE: 1.761319   SE: 10.656660  RRMSE: 0.278580   RMAE: 0.211894   (numpy)
Repeat       MSE: 5.362151   MAE: 1.761319   SE: 10.656659  RRMSE: 0.278580   RMAE: 0.211894   (torch)


Model(
  (fits): FITS(
    (frequency_upsampler): Linear(in_features=168, out_features=264, bias=True)
  )
)
