Args in experiment:
Namespace(is_training=1, model_id='FITS_100_GD_336_192_S_channels_1', model='FITS_100', data='custom', root_path='./dataset/', data_path='GD.csv', features='S', target='Adj Close', freq='h', checkpoints='./checkpoints/', seq_len=336, label_len=48, pred_len=192, individual=False, embed_type=0, enc_in=6, dec_in=7, c_out=7, d_model=512, n_heads=8, e_layers=2, d_layers=1, d_ff=2048, moving_avg=25, factor=1, distil=True, dropout=0.05, embed='timeF', activation='gelu', output_attention=False, do_predict=False, num_workers=10, itr=1, train_epochs=10, batch_size=8, patience=3, learning_rate=0.0005, des='Exp', loss='mse', lradj='type1', use_amp=False, use_gpu=True, gpu=0, use_multi_gpu=False, devices='0,1,2,3', test_flop=False)
FITS_100_GD_336_192_S_channels_1_FITS_100_S_channels_6
Using GPU: NVIDIA GeForce RTX 4070 (cuda:0):
>>>>>>>start training : FITS_100_GD_336_192_S_channels_1_FITS_100_S_channels_6>>>>>>>>>>>>>>>>>>>>>>>>>>
train 10479
val 1383
test 2953
	iters: 100, epoch: 1 | loss: 0.0009935
	speed: 0.0184s/iter; time left: 238.9264s
	iters: 200, epoch: 1 | loss: 0.0011764
	speed: 0.0050s/iter; time left: 63.8853s
	iters: 300, epoch: 1 | loss: 0.0696822
	speed: 0.0047s/iter; time left: 60.1295s
	iters: 400, epoch: 1 | loss: 0.1091212
	speed: 0.0048s/iter; time left: 61.0048s
	iters: 500, epoch: 1 | loss: 0.0791913
	speed: 0.0048s/iter; time left: 60.6853s
	iters: 600, epoch: 1 | loss: 0.0500634
	speed: 0.0045s/iter; time left: 55.9860s
	iters: 700, epoch: 1 | loss: 0.0488405
	speed: 0.0046s/iter; time left: 57.0929s
	iters: 800, epoch: 1 | loss: 0.0322881
	speed: 0.0048s/iter; time left: 59.3092s
	iters: 900, epoch: 1 | loss: 0.0530123
	speed: 0.0048s/iter; time left: 57.9751s
	iters: 1000, epoch: 1 | loss: 0.1300657
	speed: 0.0044s/iter; time left: 53.7271s
	iters: 1100, epoch: 1 | loss: 0.0440817
	speed: 0.0047s/iter; time left: 56.0224s
	iters: 1200, epoch: 1 | loss: 0.0063622
	speed: 0.0044s/iter; time left: 52.6730s
	iters: 1300, epoch: 1 | loss: 0.0650095
	speed: 0.0050s/iter; time left: 59.0016s
Epoch: 1 cost time: 7.2 seconds
Epoch: 1, Steps: 1309 | Train Loss: 0.0417137 Vali Loss: 0.9623857 Test Loss: 5.0761442
Validation loss decreased (inf --> 0.962386).  Saving model ...
Updating learning rate to 0.0005
	iters: 100, epoch: 2 | loss: 0.0412880
	speed: 0.0356s/iter; time left: 415.3438s
	iters: 200, epoch: 2 | loss: 0.0636199
	speed: 0.0050s/iter; time left: 57.7437s
	iters: 300, epoch: 2 | loss: 0.0178769
	speed: 0.0050s/iter; time left: 57.8268s
	iters: 400, epoch: 2 | loss: 0.0478103
	speed: 0.0053s/iter; time left: 60.5307s
	iters: 500, epoch: 2 | loss: 0.0295710
	speed: 0.0051s/iter; time left: 57.6430s
	iters: 600, epoch: 2 | loss: 0.0204951
	speed: 0.0054s/iter; time left: 60.4265s
	iters: 700, epoch: 2 | loss: 0.0165181
	speed: 0.0067s/iter; time left: 73.8016s
	iters: 800, epoch: 2 | loss: 0.0295925
	speed: 0.0054s/iter; time left: 58.8443s
	iters: 900, epoch: 2 | loss: 0.0048565
	speed: 0.0051s/iter; time left: 55.6954s
	iters: 1000, epoch: 2 | loss: 0.0007880
	speed: 0.0046s/iter; time left: 49.3910s
	iters: 1100, epoch: 2 | loss: 0.0553687
	speed: 0.0046s/iter; time left: 49.4981s
	iters: 1200, epoch: 2 | loss: 0.0029856
	speed: 0.0049s/iter; time left: 52.3320s
	iters: 1300, epoch: 2 | loss: 0.0111126
	speed: 0.0065s/iter; time left: 68.0137s
Epoch: 2 cost time: 7.2 seconds
Epoch: 2, Steps: 1309 | Train Loss: 0.0341926 Vali Loss: 0.9469562 Test Loss: 4.7578211
Validation loss decreased (0.962386 --> 0.946956).  Saving model ...
Updating learning rate to 0.00025
	iters: 100, epoch: 3 | loss: 0.0228787
	speed: 0.0336s/iter; time left: 348.1327s
	iters: 200, epoch: 3 | loss: 0.0037916
	speed: 0.0043s/iter; time left: 44.2447s
	iters: 300, epoch: 3 | loss: 0.0042950
	speed: 0.0044s/iter; time left: 44.5142s
	iters: 400, epoch: 3 | loss: 0.0209305
	speed: 0.0044s/iter; time left: 44.2665s
	iters: 500, epoch: 3 | loss: 0.0016139
	speed: 0.0047s/iter; time left: 46.6777s
	iters: 600, epoch: 3 | loss: 0.0524061
	speed: 0.0046s/iter; time left: 45.1793s
	iters: 700, epoch: 3 | loss: 0.0371821
	speed: 0.0043s/iter; time left: 42.4308s
	iters: 800, epoch: 3 | loss: 0.0486641
	speed: 0.0045s/iter; time left: 43.8891s
	iters: 900, epoch: 3 | loss: 0.1546919
	speed: 0.0045s/iter; time left: 43.1450s
	iters: 1000, epoch: 3 | loss: 0.1026093
	speed: 0.0045s/iter; time left: 42.3239s
	iters: 1100, epoch: 3 | loss: 0.0016885
	speed: 0.0047s/iter; time left: 43.9355s
	iters: 1200, epoch: 3 | loss: 0.1138665
	speed: 0.0054s/iter; time left: 50.0176s
	iters: 1300, epoch: 3 | loss: 0.0335394
	speed: 0.0044s/iter; time left: 40.0910s
Epoch: 3 cost time: 6.3 seconds
Epoch: 3, Steps: 1309 | Train Loss: 0.0324184 Vali Loss: 0.9145575 Test Loss: 4.7899528
Validation loss decreased (0.946956 --> 0.914558).  Saving model ...
Updating learning rate to 0.000125
	iters: 100, epoch: 4 | loss: 0.0010539
	speed: 0.0335s/iter; time left: 304.0895s
	iters: 200, epoch: 4 | loss: 0.0316638
	speed: 0.0047s/iter; time left: 41.7033s
	iters: 300, epoch: 4 | loss: 0.0583708
	speed: 0.0050s/iter; time left: 43.9417s
	iters: 400, epoch: 4 | loss: 0.0389689
	speed: 0.0047s/iter; time left: 41.3128s
	iters: 500, epoch: 4 | loss: 0.0975317
	speed: 0.0051s/iter; time left: 44.4208s
	iters: 600, epoch: 4 | loss: 0.0196439
	speed: 0.0052s/iter; time left: 44.4018s
	iters: 700, epoch: 4 | loss: 0.0380687
	speed: 0.0051s/iter; time left: 43.2260s
	iters: 800, epoch: 4 | loss: 0.0789402
	speed: 0.0051s/iter; time left: 42.4820s
	iters: 900, epoch: 4 | loss: 0.0822410
	speed: 0.0045s/iter; time left: 37.3221s
	iters: 1000, epoch: 4 | loss: 0.0377833
	speed: 0.0048s/iter; time left: 38.9985s
	iters: 1100, epoch: 4 | loss: 0.0042797
	speed: 0.0050s/iter; time left: 40.5600s
	iters: 1200, epoch: 4 | loss: 0.0241505
	speed: 0.0049s/iter; time left: 38.7251s
	iters: 1300, epoch: 4 | loss: 0.0274773
	speed: 0.0050s/iter; time left: 39.0881s
Epoch: 4 cost time: 6.7 seconds
Epoch: 4, Steps: 1309 | Train Loss: 0.0318589 Vali Loss: 0.9144298 Test Loss: 4.7406054
Validation loss decreased (0.914558 --> 0.914430).  Saving model ...
Updating learning rate to 6.25e-05
	iters: 100, epoch: 5 | loss: 0.0052420
	speed: 0.0336s/iter; time left: 260.9329s
	iters: 200, epoch: 5 | loss: 0.0017566
	speed: 0.0046s/iter; time left: 35.0213s
	iters: 300, epoch: 5 | loss: 0.1018699
	speed: 0.0046s/iter; time left: 34.4140s
	iters: 400, epoch: 5 | loss: 0.0045670
	speed: 0.0046s/iter; time left: 34.6149s
	iters: 500, epoch: 5 | loss: 0.0026151
	speed: 0.0046s/iter; time left: 33.5763s
	iters: 600, epoch: 5 | loss: 0.0293357
	speed: 0.0046s/iter; time left: 33.7347s
	iters: 700, epoch: 5 | loss: 0.0062927
	speed: 0.0048s/iter; time left: 34.1126s
	iters: 800, epoch: 5 | loss: 0.1341560
	speed: 0.0047s/iter; time left: 32.8218s
	iters: 900, epoch: 5 | loss: 0.0436699
	speed: 0.0048s/iter; time left: 33.3481s
	iters: 1000, epoch: 5 | loss: 0.0231398
	speed: 0.0046s/iter; time left: 31.3939s
	iters: 1100, epoch: 5 | loss: 0.0350508
	speed: 0.0044s/iter; time left: 29.9932s
	iters: 1200, epoch: 5 | loss: 0.0307514
	speed: 0.0043s/iter; time left: 28.3154s
	iters: 1300, epoch: 5 | loss: 0.0274693
	speed: 0.0044s/iter; time left: 29.1376s
Epoch: 5 cost time: 6.3 seconds
Epoch: 5, Steps: 1309 | Train Loss: 0.0316038 Vali Loss: 0.9062449 Test Loss: 4.7376056
Validation loss decreased (0.914430 --> 0.906245).  Saving model ...
Updating learning rate to 3.125e-05
	iters: 100, epoch: 6 | loss: 0.0035913
	speed: 0.0322s/iter; time left: 207.6695s
	iters: 200, epoch: 6 | loss: 0.0021699
	speed: 0.0045s/iter; time left: 28.3850s
	iters: 300, epoch: 6 | loss: 0.0431927
	speed: 0.0049s/iter; time left: 30.7983s
	iters: 400, epoch: 6 | loss: 0.0146674
	speed: 0.0050s/iter; time left: 30.6710s
	iters: 500, epoch: 6 | loss: 0.0114658
	speed: 0.0047s/iter; time left: 28.6936s
	iters: 600, epoch: 6 | loss: 0.0560100
	speed: 0.0047s/iter; time left: 28.0920s
	iters: 700, epoch: 6 | loss: 0.0286495
	speed: 0.0048s/iter; time left: 28.0891s
	iters: 800, epoch: 6 | loss: 0.0785203
	speed: 0.0047s/iter; time left: 26.8248s
	iters: 900, epoch: 6 | loss: 0.0534096
	speed: 0.0047s/iter; time left: 26.5258s
	iters: 1000, epoch: 6 | loss: 0.0021826
	speed: 0.0049s/iter; time left: 27.0324s
	iters: 1100, epoch: 6 | loss: 0.0031767
	speed: 0.0048s/iter; time left: 25.8951s
	iters: 1200, epoch: 6 | loss: 0.0080000
	speed: 0.0046s/iter; time left: 24.6038s
	iters: 1300, epoch: 6 | loss: 0.0078297
	speed: 0.0046s/iter; time left: 24.1664s
Epoch: 6 cost time: 6.5 seconds
Epoch: 6, Steps: 1309 | Train Loss: 0.0314882 Vali Loss: 0.9113109 Test Loss: 4.7333484
EarlyStopping counter: 1 out of 3
Updating learning rate to 1.5625e-05
	iters: 100, epoch: 7 | loss: 0.0013998
	speed: 0.0314s/iter; time left: 161.3465s
	iters: 200, epoch: 7 | loss: 0.0512093
	speed: 0.0051s/iter; time left: 25.4696s
	iters: 300, epoch: 7 | loss: 0.0054214
	speed: 0.0051s/iter; time left: 25.3511s
	iters: 400, epoch: 7 | loss: 0.0508882
	speed: 0.0056s/iter; time left: 27.2745s
	iters: 500, epoch: 7 | loss: 0.0393814
	speed: 0.0064s/iter; time left: 30.2542s
	iters: 600, epoch: 7 | loss: 0.0187657
	speed: 0.0054s/iter; time left: 25.1369s
	iters: 700, epoch: 7 | loss: 0.0212781
	speed: 0.0065s/iter; time left: 29.3899s
	iters: 800, epoch: 7 | loss: 0.0129750
	speed: 0.0055s/iter; time left: 24.4923s
	iters: 900, epoch: 7 | loss: 0.0377973
	speed: 0.0051s/iter; time left: 22.1084s
	iters: 1000, epoch: 7 | loss: 0.0307492
	speed: 0.0051s/iter; time left: 21.4973s
	iters: 1100, epoch: 7 | loss: 0.0287800
	speed: 0.0051s/iter; time left: 20.9178s
	iters: 1200, epoch: 7 | loss: 0.0240869
	speed: 0.0055s/iter; time left: 22.2079s
	iters: 1300, epoch: 7 | loss: 0.0580526
	speed: 0.0053s/iter; time left: 20.9010s
Epoch: 7 cost time: 7.3 seconds
Epoch: 7, Steps: 1309 | Train Loss: 0.0314223 Vali Loss: 0.9065940 Test Loss: 4.7316728
EarlyStopping counter: 2 out of 3
Updating learning rate to 7.8125e-06
	iters: 100, epoch: 8 | loss: 0.0586580
	speed: 0.0364s/iter; time left: 139.2447s
	iters: 200, epoch: 8 | loss: 0.0423651
	speed: 0.0047s/iter; time left: 17.5725s
	iters: 300, epoch: 8 | loss: 0.0049747
	speed: 0.0051s/iter; time left: 18.3234s
	iters: 400, epoch: 8 | loss: 0.0337538
	speed: 0.0051s/iter; time left: 17.8334s
	iters: 500, epoch: 8 | loss: 0.0192015
	speed: 0.0052s/iter; time left: 17.9041s
	iters: 600, epoch: 8 | loss: 0.0120248
	speed: 0.0059s/iter; time left: 19.7252s
	iters: 700, epoch: 8 | loss: 0.0679899
	speed: 0.0060s/iter; time left: 19.3894s
	iters: 800, epoch: 8 | loss: 0.0068454
	speed: 0.0055s/iter; time left: 17.1626s
	iters: 900, epoch: 8 | loss: 0.0259658
	speed: 0.0050s/iter; time left: 15.0251s
	iters: 1000, epoch: 8 | loss: 0.0052746
	speed: 0.0053s/iter; time left: 15.6051s
	iters: 1100, epoch: 8 | loss: 0.1073142
	speed: 0.0052s/iter; time left: 14.8310s
	iters: 1200, epoch: 8 | loss: 0.0063980
	speed: 0.0052s/iter; time left: 14.3120s
	iters: 1300, epoch: 8 | loss: 0.0316807
	speed: 0.0051s/iter; time left: 13.5320s
Epoch: 8 cost time: 7.2 seconds
Epoch: 8, Steps: 1309 | Train Loss: 0.0313966 Vali Loss: 0.9111223 Test Loss: 4.7305837
EarlyStopping counter: 3 out of 3
Early stopping
>>>>>>>testing : FITS_100_GD_336_192_S_channels_1_FITS_100_S_channels_6<<<<<<<<<<<<<<<<<<<<<<<<<<<<<<<<<
test 2953
FITS_100_GD_336_192_S_channels_1_FITS_100_S_channels_6
Shapes: pred (2952, 192, 1), true (2952, 192, 1), naive_pred (2952, 192, 1)
Shapes: gt (369, 528), pd (369, 528), naive_pd (369, 528)
Final Metrics:
FITS_100     MSE: 4.737605   MAE: 1.642322   SE: 10.412119  RRMSE: 0.141453   RMAE: 0.106731   (numpy)
FITS_100     MSE: 4.737606   MAE: 1.642322   SE: 10.412119  RRMSE: 0.141454   RMAE: 0.106731   (torch)

Repeat       MSE: 4.300982   MAE: 1.530693   SE: 9.897922   RRMSE: 0.134778   RMAE: 0.099477   (numpy)
Repeat       MSE: 4.300982   MAE: 1.530692   SE: 9.897922   RRMSE: 0.134778   RMAE: 0.099477   (torch)


Model(
  (fits): FITS(
    (frequency_upsampler): Linear(in_features=100, out_features=157, bias=True)
  )
)
