Args in experiment:
Namespace(is_training=1, model_id='FITS_100_exchange_rate_336_336_S_channels_1', model='FITS_100', data='custom', root_path='./dataset/', data_path='exchange_rate.csv', features='S', target='OT', freq='h', checkpoints='./checkpoints/', seq_len=336, label_len=48, pred_len=336, individual=False, embed_type=0, enc_in=7, dec_in=7, c_out=7, d_model=512, n_heads=8, e_layers=2, d_layers=1, d_ff=2048, moving_avg=25, factor=1, distil=True, dropout=0.05, embed='timeF', activation='gelu', output_attention=False, do_predict=False, num_workers=10, itr=1, train_epochs=10, batch_size=8, patience=3, learning_rate=0.0005, des='Exp', loss='mse', lradj='type1', use_amp=False, use_gpu=True, gpu=0, use_multi_gpu=False, devices='0,1,2,3', test_flop=False)
FITS_100_exchange_rate_336_336_S_channels_1_FITS_100_S_channels_7
Using GPU: NVIDIA GeForce RTX 4070 (cuda:0):
>>>>>>>start training : FITS_100_exchange_rate_336_336_S_channels_1_FITS_100_S_channels_7>>>>>>>>>>>>>>>>>>>>>>>>>>
train 4640
val 425
test 1182
	iters: 100, epoch: 1 | loss: 0.7975451
	speed: 0.0182s/iter; time left: 103.7809s
	iters: 200, epoch: 1 | loss: 0.7968899
	speed: 0.0046s/iter; time left: 25.6518s
	iters: 300, epoch: 1 | loss: 1.0568194
	speed: 0.0046s/iter; time left: 25.4606s
	iters: 400, epoch: 1 | loss: 0.3012446
	speed: 0.0047s/iter; time left: 25.1314s
	iters: 500, epoch: 1 | loss: 0.5901670
	speed: 0.0048s/iter; time left: 25.4387s
Epoch: 1 cost time: 3.7 seconds
Epoch: 1, Steps: 580 | Train Loss: 0.6829715 Vali Loss: 0.3505125 Test Loss: 0.4317020
Validation loss decreased (inf --> 0.350512).  Saving model ...
Updating learning rate to 0.0005
	iters: 100, epoch: 2 | loss: 0.6403210
	speed: 0.0240s/iter; time left: 122.8162s
	iters: 200, epoch: 2 | loss: 0.6009316
	speed: 0.0044s/iter; time left: 22.2859s
	iters: 300, epoch: 2 | loss: 0.7578971
	speed: 0.0045s/iter; time left: 22.0790s
	iters: 400, epoch: 2 | loss: 0.5242983
	speed: 0.0049s/iter; time left: 23.3986s
	iters: 500, epoch: 2 | loss: 0.5285174
	speed: 0.0048s/iter; time left: 22.6779s
Epoch: 2 cost time: 3.0 seconds
Epoch: 2, Steps: 580 | Train Loss: 0.5963330 Vali Loss: 0.3416461 Test Loss: 0.4147631
Validation loss decreased (0.350512 --> 0.341646).  Saving model ...
Updating learning rate to 0.00025
	iters: 100, epoch: 3 | loss: 0.1059074
	speed: 0.0245s/iter; time left: 111.2638s
	iters: 200, epoch: 3 | loss: 0.9035283
	speed: 0.0045s/iter; time left: 20.1881s
	iters: 300, epoch: 3 | loss: 0.8026090
	speed: 0.0049s/iter; time left: 21.4316s
	iters: 400, epoch: 3 | loss: 0.5235465
	speed: 0.0051s/iter; time left: 21.8129s
	iters: 500, epoch: 3 | loss: 0.4841556
	speed: 0.0046s/iter; time left: 18.8691s
Epoch: 3 cost time: 3.0 seconds
Epoch: 3, Steps: 580 | Train Loss: 0.5808847 Vali Loss: 0.3354422 Test Loss: 0.4077463
Validation loss decreased (0.341646 --> 0.335442).  Saving model ...
Updating learning rate to 0.000125
	iters: 100, epoch: 4 | loss: 0.8907224
	speed: 0.0243s/iter; time left: 96.3486s
	iters: 200, epoch: 4 | loss: 0.9294258
	speed: 0.0057s/iter; time left: 21.9824s
	iters: 300, epoch: 4 | loss: 0.6148645
	speed: 0.0053s/iter; time left: 19.9156s
	iters: 400, epoch: 4 | loss: 0.2818535
	speed: 0.0051s/iter; time left: 18.5193s
	iters: 500, epoch: 4 | loss: 0.8415161
	speed: 0.0050s/iter; time left: 17.7561s
Epoch: 4 cost time: 3.3 seconds
Epoch: 4, Steps: 580 | Train Loss: 0.5748748 Vali Loss: 0.3345450 Test Loss: 0.4060770
Validation loss decreased (0.335442 --> 0.334545).  Saving model ...
Updating learning rate to 6.25e-05
	iters: 100, epoch: 5 | loss: 0.3046728
	speed: 0.0250s/iter; time left: 84.5991s
	iters: 200, epoch: 5 | loss: 0.6263346
	speed: 0.0050s/iter; time left: 16.5139s
	iters: 300, epoch: 5 | loss: 0.5258855
	speed: 0.0046s/iter; time left: 14.6276s
	iters: 400, epoch: 5 | loss: 0.6580390
	speed: 0.0047s/iter; time left: 14.3968s
	iters: 500, epoch: 5 | loss: 0.4438056
	speed: 0.0063s/iter; time left: 18.8099s
Epoch: 5 cost time: 3.3 seconds
Epoch: 5, Steps: 580 | Train Loss: 0.5721822 Vali Loss: 0.3342769 Test Loss: 0.4050572
Validation loss decreased (0.334545 --> 0.334277).  Saving model ...
Updating learning rate to 3.125e-05
	iters: 100, epoch: 6 | loss: 0.7884769
	speed: 0.0265s/iter; time left: 74.0988s
	iters: 200, epoch: 6 | loss: 0.4041487
	speed: 0.0052s/iter; time left: 14.0428s
	iters: 300, epoch: 6 | loss: 0.4386888
	speed: 0.0052s/iter; time left: 13.4712s
	iters: 400, epoch: 6 | loss: 0.3854373
	speed: 0.0053s/iter; time left: 13.1505s
	iters: 500, epoch: 6 | loss: 0.5971366
	speed: 0.0054s/iter; time left: 12.8906s
Epoch: 6 cost time: 3.4 seconds
Epoch: 6, Steps: 580 | Train Loss: 0.5708850 Vali Loss: 0.3345260 Test Loss: 0.4046150
EarlyStopping counter: 1 out of 3
Updating learning rate to 1.5625e-05
	iters: 100, epoch: 7 | loss: 0.4957292
	speed: 0.0259s/iter; time left: 57.5956s
	iters: 200, epoch: 7 | loss: 0.6001896
	speed: 0.0058s/iter; time left: 12.2540s
	iters: 300, epoch: 7 | loss: 0.4497347
	speed: 0.0056s/iter; time left: 11.2929s
	iters: 400, epoch: 7 | loss: 0.4953666
	speed: 0.0052s/iter; time left: 9.9115s
	iters: 500, epoch: 7 | loss: 0.4354904
	speed: 0.0052s/iter; time left: 9.4299s
Epoch: 7 cost time: 3.4 seconds
Epoch: 7, Steps: 580 | Train Loss: 0.5702423 Vali Loss: 0.3340542 Test Loss: 0.4043935
Validation loss decreased (0.334277 --> 0.334054).  Saving model ...
Updating learning rate to 7.8125e-06
	iters: 100, epoch: 8 | loss: 0.4060318
	speed: 0.0254s/iter; time left: 41.7118s
	iters: 200, epoch: 8 | loss: 0.4960059
	speed: 0.0052s/iter; time left: 7.9556s
	iters: 300, epoch: 8 | loss: 0.3920076
	speed: 0.0053s/iter; time left: 7.6160s
	iters: 400, epoch: 8 | loss: 0.9411106
	speed: 0.0054s/iter; time left: 7.2173s
	iters: 500, epoch: 8 | loss: 0.4143578
	speed: 0.0052s/iter; time left: 6.4798s
Epoch: 8 cost time: 3.4 seconds
Epoch: 8, Steps: 580 | Train Loss: 0.5699175 Vali Loss: 0.3344203 Test Loss: 0.4042865
EarlyStopping counter: 1 out of 3
Updating learning rate to 3.90625e-06
	iters: 100, epoch: 9 | loss: 0.8757969
	speed: 0.0268s/iter; time left: 28.4440s
	iters: 200, epoch: 9 | loss: 0.9597751
	speed: 0.0054s/iter; time left: 5.2236s
	iters: 300, epoch: 9 | loss: 0.5149435
	speed: 0.0055s/iter; time left: 4.6981s
	iters: 400, epoch: 9 | loss: 0.5923706
	speed: 0.0054s/iter; time left: 4.1093s
	iters: 500, epoch: 9 | loss: 0.6770628
	speed: 0.0053s/iter; time left: 3.5338s
Epoch: 9 cost time: 3.4 seconds
Epoch: 9, Steps: 580 | Train Loss: 0.5697593 Vali Loss: 0.3340159 Test Loss: 0.4042370
Validation loss decreased (0.334054 --> 0.334016).  Saving model ...
Updating learning rate to 1.953125e-06
	iters: 100, epoch: 10 | loss: 0.6567537
	speed: 0.0253s/iter; time left: 12.1715s
	iters: 200, epoch: 10 | loss: 0.5374082
	speed: 0.0054s/iter; time left: 2.0705s
	iters: 300, epoch: 10 | loss: 0.3910557
	speed: 0.0052s/iter; time left: 1.4472s
	iters: 400, epoch: 10 | loss: 0.2462321
	speed: 0.0054s/iter; time left: 0.9721s
	iters: 500, epoch: 10 | loss: 0.5449945
	speed: 0.0051s/iter; time left: 0.4114s
Epoch: 10 cost time: 3.3 seconds
Epoch: 10, Steps: 580 | Train Loss: 0.5696769 Vali Loss: 0.3337196 Test Loss: 0.4042092
Validation loss decreased (0.334016 --> 0.333720).  Saving model ...
Updating learning rate to 9.765625e-07
>>>>>>>testing : FITS_100_exchange_rate_336_336_S_channels_1_FITS_100_S_channels_7<<<<<<<<<<<<<<<<<<<<<<<<<<<<<<<<<
test 1182
FITS_100_exchange_rate_336_336_S_channels_1_FITS_100_S_channels_7
Shapes: pred (1176, 336, 1), true (1176, 336, 1), naive_pred (1176, 336, 1)
Shapes: gt (147, 672), pd (147, 672), naive_pd (147, 672)
Final Metrics:
FITS_100     MSE: 0.404209   MAE: 0.487298   SE: 0.817391   RRMSE: 0.381279   RMAE: 0.292237   (numpy)
FITS_100     MSE: 0.404209   MAE: 0.487298   SE: 0.817391   RRMSE: 0.381279   RMAE: 0.292237   (torch)

Repeat       MSE: 0.370203   MAE: 0.467749   SE: 0.809456   RRMSE: 0.364888   RMAE: 0.280513   (numpy)
Repeat       MSE: 0.370203   MAE: 0.467749   SE: 0.809456   RRMSE: 0.364888   RMAE: 0.280513   (torch)


Model(
  (fits): FITS(
    (frequency_upsampler): Linear(in_features=100, out_features=200, bias=True)
  )
)
