Args in experiment:
Namespace(is_training=1, model_id='FITS_100_GD_336_720_S_channels_1', model='FITS_100', data='custom', root_path='./dataset/', data_path='GD.csv', features='S', target='Adj Close', freq='h', checkpoints='./checkpoints/', seq_len=336, label_len=48, pred_len=720, individual=False, embed_type=0, enc_in=6, dec_in=7, c_out=7, d_model=512, n_heads=8, e_layers=2, d_layers=1, d_ff=2048, moving_avg=25, factor=1, distil=True, dropout=0.05, embed='timeF', activation='gelu', output_attention=False, do_predict=False, num_workers=10, itr=1, train_epochs=10, batch_size=8, patience=3, learning_rate=0.0005, des='Exp', loss='mse', lradj='type1', use_amp=False, use_gpu=True, gpu=0, use_multi_gpu=False, devices='0,1,2,3', test_flop=False)
FITS_100_GD_336_720_S_channels_1_FITS_100_S_channels_6
Using GPU: NVIDIA GeForce RTX 4070 (cuda:0):
>>>>>>>start training : FITS_100_GD_336_720_S_channels_1_FITS_100_S_channels_6>>>>>>>>>>>>>>>>>>>>>>>>>>
train 9951
val 855
test 2425
	iters: 100, epoch: 1 | loss: 0.0368877
	speed: 0.0179s/iter; time left: 220.9709s
	iters: 200, epoch: 1 | loss: 0.0747109
	speed: 0.0048s/iter; time left: 58.3242s
	iters: 300, epoch: 1 | loss: 0.1328102
	speed: 0.0046s/iter; time left: 56.3479s
	iters: 400, epoch: 1 | loss: 0.1655241
	speed: 0.0049s/iter; time left: 58.4789s
	iters: 500, epoch: 1 | loss: 0.0683593
	speed: 0.0047s/iter; time left: 56.1612s
	iters: 600, epoch: 1 | loss: 0.1253061
	speed: 0.0046s/iter; time left: 54.2222s
	iters: 700, epoch: 1 | loss: 0.0492334
	speed: 0.0049s/iter; time left: 57.1634s
	iters: 800, epoch: 1 | loss: 0.0292457
	speed: 0.0053s/iter; time left: 61.9406s
	iters: 900, epoch: 1 | loss: 0.0606436
	speed: 0.0052s/iter; time left: 59.8067s
	iters: 1000, epoch: 1 | loss: 0.0845461
	speed: 0.0053s/iter; time left: 61.0277s
	iters: 1100, epoch: 1 | loss: 0.0249544
	speed: 0.0051s/iter; time left: 58.0702s
	iters: 1200, epoch: 1 | loss: 0.0104054
	speed: 0.0048s/iter; time left: 53.4189s
Epoch: 1 cost time: 7.0 seconds
Epoch: 1, Steps: 1243 | Train Loss: 0.0854278 Vali Loss: 2.4868357 Test Loss: 23.6231766
Validation loss decreased (inf --> 2.486836).  Saving model ...
Updating learning rate to 0.0005
	iters: 100, epoch: 2 | loss: 0.0441215
	speed: 0.0330s/iter; time left: 365.4228s
	iters: 200, epoch: 2 | loss: 0.0540083
	speed: 0.0062s/iter; time left: 67.7152s
	iters: 300, epoch: 2 | loss: 0.0246508
	speed: 0.0056s/iter; time left: 61.4042s
	iters: 400, epoch: 2 | loss: 0.0312423
	speed: 0.0060s/iter; time left: 64.5180s
	iters: 500, epoch: 2 | loss: 0.0040439
	speed: 0.0057s/iter; time left: 61.0690s
	iters: 600, epoch: 2 | loss: 0.0045556
	speed: 0.0058s/iter; time left: 61.8854s
	iters: 700, epoch: 2 | loss: 0.0010811
	speed: 0.0056s/iter; time left: 59.1373s
	iters: 800, epoch: 2 | loss: 0.1211880
	speed: 0.0058s/iter; time left: 60.3400s
	iters: 900, epoch: 2 | loss: 0.0859057
	speed: 0.0060s/iter; time left: 61.5659s
	iters: 1000, epoch: 2 | loss: 0.0510724
	speed: 0.0055s/iter; time left: 55.9838s
	iters: 1100, epoch: 2 | loss: 0.2312778
	speed: 0.0057s/iter; time left: 57.2083s
	iters: 1200, epoch: 2 | loss: 0.2678688
	speed: 0.0054s/iter; time left: 53.5333s
Epoch: 2 cost time: 7.4 seconds
Epoch: 2, Steps: 1243 | Train Loss: 0.0696012 Vali Loss: 2.5839701 Test Loss: 23.6951389
EarlyStopping counter: 1 out of 3
Updating learning rate to 0.00025
	iters: 100, epoch: 3 | loss: 0.1737486
	speed: 0.0362s/iter; time left: 356.3056s
	iters: 200, epoch: 3 | loss: 0.0175548
	speed: 0.0054s/iter; time left: 52.6979s
	iters: 300, epoch: 3 | loss: 0.0021281
	speed: 0.0055s/iter; time left: 52.6142s
	iters: 400, epoch: 3 | loss: 0.0494571
	speed: 0.0056s/iter; time left: 53.6711s
	iters: 500, epoch: 3 | loss: 0.0329185
	speed: 0.0061s/iter; time left: 57.7675s
	iters: 600, epoch: 3 | loss: 0.0310736
	speed: 0.0058s/iter; time left: 54.1852s
	iters: 700, epoch: 3 | loss: 0.0302197
	speed: 0.0057s/iter; time left: 52.6711s
	iters: 800, epoch: 3 | loss: 0.0358794
	speed: 0.0060s/iter; time left: 54.4985s
	iters: 900, epoch: 3 | loss: 0.1309456
	speed: 0.0060s/iter; time left: 54.2774s
	iters: 1000, epoch: 3 | loss: 0.0303227
	speed: 0.0058s/iter; time left: 51.6736s
	iters: 1100, epoch: 3 | loss: 0.0848030
	speed: 0.0052s/iter; time left: 46.0636s
	iters: 1200, epoch: 3 | loss: 0.0322491
	speed: 0.0055s/iter; time left: 47.6915s
Epoch: 3 cost time: 7.3 seconds
Epoch: 3, Steps: 1243 | Train Loss: 0.0676566 Vali Loss: 2.6246948 Test Loss: 23.8530197
EarlyStopping counter: 2 out of 3
Updating learning rate to 0.000125
	iters: 100, epoch: 4 | loss: 0.0811763
	speed: 0.0348s/iter; time left: 299.0182s
	iters: 200, epoch: 4 | loss: 0.1981609
	speed: 0.0062s/iter; time left: 52.7614s
	iters: 300, epoch: 4 | loss: 0.0228941
	speed: 0.0052s/iter; time left: 43.9256s
	iters: 400, epoch: 4 | loss: 0.0350963
	speed: 0.0052s/iter; time left: 42.9537s
	iters: 500, epoch: 4 | loss: 0.0791709
	speed: 0.0053s/iter; time left: 43.5550s
	iters: 600, epoch: 4 | loss: 0.0077430
	speed: 0.0053s/iter; time left: 42.9516s
	iters: 700, epoch: 4 | loss: 0.0204575
	speed: 0.0051s/iter; time left: 40.7171s
	iters: 800, epoch: 4 | loss: 0.1817083
	speed: 0.0053s/iter; time left: 41.9341s
	iters: 900, epoch: 4 | loss: 0.1109223
	speed: 0.0054s/iter; time left: 42.4838s
	iters: 1000, epoch: 4 | loss: 0.0682680
	speed: 0.0056s/iter; time left: 42.7696s
	iters: 1100, epoch: 4 | loss: 0.2078428
	speed: 0.0051s/iter; time left: 38.4452s
	iters: 1200, epoch: 4 | loss: 0.0978669
	speed: 0.0054s/iter; time left: 40.8304s
Epoch: 4 cost time: 7.0 seconds
Epoch: 4, Steps: 1243 | Train Loss: 0.0672319 Vali Loss: 2.6204596 Test Loss: 23.8439331
EarlyStopping counter: 3 out of 3
Early stopping
>>>>>>>testing : FITS_100_GD_336_720_S_channels_1_FITS_100_S_channels_6<<<<<<<<<<<<<<<<<<<<<<<<<<<<<<<<<
test 2425
FITS_100_GD_336_720_S_channels_1_FITS_100_S_channels_6
Shapes: pred (2424, 720, 1), true (2424, 720, 1), naive_pred (2424, 720, 1)
Shapes: gt (303, 1056), pd (303, 1056), naive_pd (303, 1056)
Final Metrics:
FITS_100     MSE: 23.623173  MAE: 3.919071   SE: 64.023758  RRMSE: 0.314719   RMAE: 0.253768   (numpy)
FITS_100     MSE: 23.623177  MAE: 3.919070   SE: 64.023758  RRMSE: 0.314719   RMAE: 0.253768   (torch)

Repeat       MSE: 20.162743  MAE: 3.575489   SE: 46.713753  RRMSE: 0.290756   RMAE: 0.231521   (numpy)
Repeat       MSE: 20.162741  MAE: 3.575489   SE: 46.713760  RRMSE: 0.290756   RMAE: 0.231521   (torch)


Model(
  (fits): FITS(
    (frequency_upsampler): Linear(in_features=100, out_features=314, bias=True)
  )
)
