Args in experiment:
Namespace(is_training=1, model_id='FITS_100_exchange_rate_336_96_S_channels_1', model='FITS_100', data='custom', root_path='./dataset/', data_path='exchange_rate.csv', features='S', target='OT', freq='h', checkpoints='./checkpoints/', seq_len=336, label_len=48, pred_len=96, individual=False, embed_type=0, enc_in=7, dec_in=7, c_out=7, d_model=512, n_heads=8, e_layers=2, d_layers=1, d_ff=2048, moving_avg=25, factor=1, distil=True, dropout=0.05, embed='timeF', activation='gelu', output_attention=False, do_predict=False, num_workers=10, itr=1, train_epochs=10, batch_size=8, patience=3, learning_rate=0.0005, des='Exp', loss='mse', lradj='type1', use_amp=False, use_gpu=True, gpu=0, use_multi_gpu=False, devices='0,1,2,3', test_flop=False)
FITS_100_exchange_rate_336_96_S_channels_1_FITS_100_S_channels_7
Using GPU: NVIDIA GeForce RTX 4070 (cuda:0):
>>>>>>>start training : FITS_100_exchange_rate_336_96_S_channels_1_FITS_100_S_channels_7>>>>>>>>>>>>>>>>>>>>>>>>>>
train 4880
val 665
test 1422
	iters: 100, epoch: 1 | loss: 0.3026242
	speed: 0.0201s/iter; time left: 120.6542s
	iters: 200, epoch: 1 | loss: 0.3138554
	speed: 0.0049s/iter; time left: 29.0100s
	iters: 300, epoch: 1 | loss: 0.0934076
	speed: 0.0048s/iter; time left: 27.7229s
	iters: 400, epoch: 1 | loss: 0.1738969
	speed: 0.0051s/iter; time left: 29.3452s
	iters: 500, epoch: 1 | loss: 0.3918848
	speed: 0.0047s/iter; time left: 26.5302s
	iters: 600, epoch: 1 | loss: 0.0931085
	speed: 0.0048s/iter; time left: 26.1434s
Epoch: 1 cost time: 4.1 seconds
Epoch: 1, Steps: 610 | Train Loss: 0.2215002 Vali Loss: 0.1799846 Test Loss: 0.1185514
Validation loss decreased (inf --> 0.179985).  Saving model ...
Updating learning rate to 0.0005
	iters: 100, epoch: 2 | loss: 0.0833704
	speed: 0.0243s/iter; time left: 130.9369s
	iters: 200, epoch: 2 | loss: 0.2163819
	speed: 0.0050s/iter; time left: 26.6381s
	iters: 300, epoch: 2 | loss: 0.2476396
	speed: 0.0049s/iter; time left: 25.4416s
	iters: 400, epoch: 2 | loss: 0.3844484
	speed: 0.0047s/iter; time left: 23.6871s
	iters: 500, epoch: 2 | loss: 0.0797711
	speed: 0.0056s/iter; time left: 28.0563s
	iters: 600, epoch: 2 | loss: 0.1170530
	speed: 0.0052s/iter; time left: 25.2839s
Epoch: 2 cost time: 3.4 seconds
Epoch: 2, Steps: 610 | Train Loss: 0.1430214 Vali Loss: 0.1964145 Test Loss: 0.1136494
EarlyStopping counter: 1 out of 3
Updating learning rate to 0.00025
	iters: 100, epoch: 3 | loss: 0.1594300
	speed: 0.0234s/iter; time left: 111.9914s
	iters: 200, epoch: 3 | loss: 0.0828811
	speed: 0.0055s/iter; time left: 25.9455s
	iters: 300, epoch: 3 | loss: 0.1306502
	speed: 0.0052s/iter; time left: 23.5937s
	iters: 400, epoch: 3 | loss: 0.0703354
	speed: 0.0049s/iter; time left: 22.1257s
	iters: 500, epoch: 3 | loss: 0.0815632
	speed: 0.0050s/iter; time left: 22.0484s
	iters: 600, epoch: 3 | loss: 0.0992709
	speed: 0.0056s/iter; time left: 23.9737s
Epoch: 3 cost time: 3.4 seconds
Epoch: 3, Steps: 610 | Train Loss: 0.1288939 Vali Loss: 0.2004673 Test Loss: 0.1128426
EarlyStopping counter: 2 out of 3
Updating learning rate to 0.000125
	iters: 100, epoch: 4 | loss: 0.0862940
	speed: 0.0250s/iter; time left: 104.1624s
	iters: 200, epoch: 4 | loss: 0.1205590
	speed: 0.0052s/iter; time left: 21.0759s
	iters: 300, epoch: 4 | loss: 0.1252344
	speed: 0.0050s/iter; time left: 20.0397s
	iters: 400, epoch: 4 | loss: 0.0666793
	speed: 0.0051s/iter; time left: 19.6068s
	iters: 500, epoch: 4 | loss: 0.0718149
	speed: 0.0049s/iter; time left: 18.3389s
	iters: 600, epoch: 4 | loss: 0.0850286
	speed: 0.0044s/iter; time left: 16.1546s
Epoch: 4 cost time: 3.3 seconds
Epoch: 4, Steps: 610 | Train Loss: 0.1246825 Vali Loss: 0.2055338 Test Loss: 0.1121634
EarlyStopping counter: 3 out of 3
Early stopping
>>>>>>>testing : FITS_100_exchange_rate_336_96_S_channels_1_FITS_100_S_channels_7<<<<<<<<<<<<<<<<<<<<<<<<<<<<<<<<<
test 1422
FITS_100_exchange_rate_336_96_S_channels_1_FITS_100_S_channels_7
Shapes: pred (1416, 96, 1), true (1416, 96, 1), naive_pred (1416, 96, 1)
Shapes: gt (177, 432), pd (177, 432), naive_pd (177, 432)
Final Metrics:
FITS_100     MSE: 0.118551   MAE: 0.273380   SE: 0.247186   RRMSE: 0.205415   RMAE: 0.163097   (numpy)
FITS_100     MSE: 0.118551   MAE: 0.273380   SE: 0.247186   RRMSE: 0.205415   RMAE: 0.163097   (torch)

Repeat       MSE: 0.087784   MAE: 0.220754   SE: 0.178736   RRMSE: 0.176762   RMAE: 0.131701   (numpy)
Repeat       MSE: 0.087784   MAE: 0.220754   SE: 0.178736   RRMSE: 0.176762   RMAE: 0.131701   (torch)


Model(
  (fits): FITS(
    (frequency_upsampler): Linear(in_features=100, out_features=128, bias=True)
  )
)
