Args in experiment:
Namespace(is_training=1, model_id='FITS_DLinear_GD_336_96_S_channels_1', model='FITS_DLinear', data='custom', root_path='./dataset/', data_path='GD.csv', features='S', target='Adj Close', freq='h', checkpoints='./checkpoints/', seq_len=336, label_len=48, pred_len=96, individual=False, embed_type=0, enc_in=6, dec_in=7, c_out=7, d_model=512, n_heads=8, e_layers=2, d_layers=1, d_ff=2048, moving_avg=25, factor=1, distil=True, dropout=0.05, embed='timeF', activation='gelu', output_attention=False, do_predict=False, num_workers=10, itr=1, train_epochs=10, batch_size=8, patience=3, learning_rate=0.0005, des='Exp', loss='mse', lradj='type1', use_amp=False, use_gpu=True, gpu=0, use_multi_gpu=False, devices='0,1,2,3', test_flop=False)
FITS_DLinear_GD_336_96_S_channels_1_FITS_DLinear_S_channels_6
Using GPU: NVIDIA GeForce RTX 4070 (cuda:0):
FITS cutoff frequency: 168
>>>>>>>start training : FITS_DLinear_GD_336_96_S_channels_1_FITS_DLinear_S_channels_6>>>>>>>>>>>>>>>>>>>>>>>>>>
train 10575
val 1479
test 3049
	iters: 100, epoch: 1 | loss: 0.0159863
	speed: 0.0198s/iter; time left: 260.1096s
	iters: 200, epoch: 1 | loss: 0.0020484
	speed: 0.0069s/iter; time left: 90.1668s
	iters: 300, epoch: 1 | loss: 0.0073056
	speed: 0.0063s/iter; time left: 81.7289s
	iters: 400, epoch: 1 | loss: 0.0313028
	speed: 0.0063s/iter; time left: 80.8654s
	iters: 500, epoch: 1 | loss: 0.0089540
	speed: 0.0063s/iter; time left: 80.6831s
	iters: 600, epoch: 1 | loss: 0.0055687
	speed: 0.0064s/iter; time left: 81.1446s
	iters: 700, epoch: 1 | loss: 0.0106082
	speed: 0.0072s/iter; time left: 89.5561s
	iters: 800, epoch: 1 | loss: 0.0358014
	speed: 0.0065s/iter; time left: 80.4223s
	iters: 900, epoch: 1 | loss: 0.0017312
	speed: 0.0065s/iter; time left: 79.8717s
	iters: 1000, epoch: 1 | loss: 0.0062235
	speed: 0.0070s/iter; time left: 85.1574s
	iters: 1100, epoch: 1 | loss: 0.0044537
	speed: 0.0068s/iter; time left: 81.9572s
	iters: 1200, epoch: 1 | loss: 0.0277320
	speed: 0.0067s/iter; time left: 80.8911s
	iters: 1300, epoch: 1 | loss: 0.0207694
	speed: 0.0069s/iter; time left: 82.2878s
Epoch: 1 cost time: 9.7 seconds
Epoch: 1, Steps: 1321 | Train Loss: 0.0251828 Vali Loss: 0.5555317 Test Loss: 4.1327710
Validation loss decreased (inf --> 0.555532).  Saving model ...
Updating learning rate to 0.0005
	iters: 100, epoch: 2 | loss: 0.0339219
	speed: 0.0426s/iter; time left: 502.0435s
	iters: 200, epoch: 2 | loss: 0.0130435
	speed: 0.0070s/iter; time left: 81.6037s
	iters: 300, epoch: 2 | loss: 0.0225993
	speed: 0.0071s/iter; time left: 81.8761s
	iters: 400, epoch: 2 | loss: 0.0012211
	speed: 0.0072s/iter; time left: 83.2501s
	iters: 500, epoch: 2 | loss: 0.0025858
	speed: 0.0074s/iter; time left: 84.7839s
	iters: 600, epoch: 2 | loss: 0.1426170
	speed: 0.0074s/iter; time left: 83.0176s
	iters: 700, epoch: 2 | loss: 0.0495804
	speed: 0.0070s/iter; time left: 78.6550s
	iters: 800, epoch: 2 | loss: 0.0349893
	speed: 0.0071s/iter; time left: 78.6061s
	iters: 900, epoch: 2 | loss: 0.0142998
	speed: 0.0074s/iter; time left: 81.6060s
	iters: 1000, epoch: 2 | loss: 0.0007819
	speed: 0.0074s/iter; time left: 80.9089s
	iters: 1100, epoch: 2 | loss: 0.0027553
	speed: 0.0068s/iter; time left: 73.5510s
	iters: 1200, epoch: 2 | loss: 0.0182947
	speed: 0.0074s/iter; time left: 78.8330s
	iters: 1300, epoch: 2 | loss: 0.0296961
	speed: 0.0074s/iter; time left: 77.8986s
Epoch: 2 cost time: 9.8 seconds
Epoch: 2, Steps: 1321 | Train Loss: 0.0210127 Vali Loss: 0.5293534 Test Loss: 3.3837750
Validation loss decreased (0.555532 --> 0.529353).  Saving model ...
Updating learning rate to 0.00025
	iters: 100, epoch: 3 | loss: 0.0013448
	speed: 0.0444s/iter; time left: 465.2943s
	iters: 200, epoch: 3 | loss: 0.0013818
	speed: 0.0072s/iter; time left: 74.7501s
	iters: 300, epoch: 3 | loss: 0.0053186
	speed: 0.0076s/iter; time left: 78.2107s
	iters: 400, epoch: 3 | loss: 0.0102897
	speed: 0.0074s/iter; time left: 74.9154s
	iters: 500, epoch: 3 | loss: 0.0015129
	speed: 0.0078s/iter; time left: 78.1754s
	iters: 600, epoch: 3 | loss: 0.0051621
	speed: 0.0079s/iter; time left: 78.2857s
	iters: 700, epoch: 3 | loss: 0.0005779
	speed: 0.0073s/iter; time left: 72.1681s
	iters: 800, epoch: 3 | loss: 0.0024523
	speed: 0.0074s/iter; time left: 72.7237s
	iters: 900, epoch: 3 | loss: 0.0569202
	speed: 0.0070s/iter; time left: 67.6831s
	iters: 1000, epoch: 3 | loss: 0.0072660
	speed: 0.0070s/iter; time left: 67.4081s
	iters: 1100, epoch: 3 | loss: 0.0034751
	speed: 0.0072s/iter; time left: 68.5979s
	iters: 1200, epoch: 3 | loss: 0.0098064
	speed: 0.0076s/iter; time left: 71.5740s
	iters: 1300, epoch: 3 | loss: 0.0099969
	speed: 0.0075s/iter; time left: 69.4933s
Epoch: 3 cost time: 10.1 seconds
Epoch: 3, Steps: 1321 | Train Loss: 0.0161697 Vali Loss: 0.5530203 Test Loss: 2.5132864
EarlyStopping counter: 1 out of 3
Updating learning rate to 0.000125
	iters: 100, epoch: 4 | loss: 0.0311200
	speed: 0.0440s/iter; time left: 402.5859s
	iters: 200, epoch: 4 | loss: 0.0322080
	speed: 0.0066s/iter; time left: 59.5492s
	iters: 300, epoch: 4 | loss: 0.0009451
	speed: 0.0067s/iter; time left: 59.8161s
	iters: 400, epoch: 4 | loss: 0.0042447
	speed: 0.0067s/iter; time left: 59.6652s
	iters: 500, epoch: 4 | loss: 0.0028209
	speed: 0.0067s/iter; time left: 58.8526s
	iters: 600, epoch: 4 | loss: 0.0051011
	speed: 0.0066s/iter; time left: 56.8773s
	iters: 700, epoch: 4 | loss: 0.0935691
	speed: 0.0080s/iter; time left: 68.1249s
	iters: 800, epoch: 4 | loss: 0.0240562
	speed: 0.0071s/iter; time left: 59.7325s
	iters: 900, epoch: 4 | loss: 0.0866735
	speed: 0.0066s/iter; time left: 55.1713s
	iters: 1000, epoch: 4 | loss: 0.0046768
	speed: 0.0071s/iter; time left: 58.6739s
	iters: 1100, epoch: 4 | loss: 0.0085935
	speed: 0.0069s/iter; time left: 55.9291s
	iters: 1200, epoch: 4 | loss: 0.0012382
	speed: 0.0075s/iter; time left: 60.3415s
	iters: 1300, epoch: 4 | loss: 0.0017809
	speed: 0.0075s/iter; time left: 59.3090s
Epoch: 4 cost time: 9.6 seconds
Epoch: 4, Steps: 1321 | Train Loss: 0.0146187 Vali Loss: 0.5655754 Test Loss: 2.5288391
EarlyStopping counter: 2 out of 3
Updating learning rate to 6.25e-05
	iters: 100, epoch: 5 | loss: 0.0025551
	speed: 0.0477s/iter; time left: 373.3050s
	iters: 200, epoch: 5 | loss: 0.0017680
	speed: 0.0080s/iter; time left: 62.1043s
	iters: 300, epoch: 5 | loss: 0.0060810
	speed: 0.0073s/iter; time left: 55.3027s
	iters: 400, epoch: 5 | loss: 0.0246241
	speed: 0.0071s/iter; time left: 53.7755s
	iters: 500, epoch: 5 | loss: 0.0282946
	speed: 0.0071s/iter; time left: 52.7615s
	iters: 600, epoch: 5 | loss: 0.0064412
	speed: 0.0074s/iter; time left: 54.1983s
	iters: 700, epoch: 5 | loss: 0.0142678
	speed: 0.0068s/iter; time left: 48.9055s
	iters: 800, epoch: 5 | loss: 0.0081494
	speed: 0.0074s/iter; time left: 52.4852s
	iters: 900, epoch: 5 | loss: 0.0383803
	speed: 0.0068s/iter; time left: 47.7588s
	iters: 1000, epoch: 5 | loss: 0.0148261
	speed: 0.0065s/iter; time left: 45.0497s
	iters: 1100, epoch: 5 | loss: 0.0019363
	speed: 0.0068s/iter; time left: 46.6285s
	iters: 1200, epoch: 5 | loss: 0.0266359
	speed: 0.0069s/iter; time left: 46.7230s
	iters: 1300, epoch: 5 | loss: 0.0058559
	speed: 0.0076s/iter; time left: 50.5940s
Epoch: 5 cost time: 10.0 seconds
Epoch: 5, Steps: 1321 | Train Loss: 0.0136508 Vali Loss: 0.4960791 Test Loss: 2.3159039
Validation loss decreased (0.529353 --> 0.496079).  Saving model ...
Updating learning rate to 3.125e-05
	iters: 100, epoch: 6 | loss: 0.0175868
	speed: 0.0488s/iter; time left: 317.7958s
	iters: 200, epoch: 6 | loss: 0.0029696
	speed: 0.0082s/iter; time left: 52.2469s
	iters: 300, epoch: 6 | loss: 0.0008552
	speed: 0.0082s/iter; time left: 51.5590s
	iters: 400, epoch: 6 | loss: 0.0111430
	speed: 0.0083s/iter; time left: 51.2351s
	iters: 500, epoch: 6 | loss: 0.0294975
	speed: 0.0084s/iter; time left: 51.0943s
	iters: 600, epoch: 6 | loss: 0.0018903
	speed: 0.0080s/iter; time left: 47.8754s
	iters: 700, epoch: 6 | loss: 0.0073777
	speed: 0.0076s/iter; time left: 44.8335s
	iters: 800, epoch: 6 | loss: 0.0219477
	speed: 0.0072s/iter; time left: 42.0010s
	iters: 900, epoch: 6 | loss: 0.0215313
	speed: 0.0075s/iter; time left: 43.0472s
	iters: 1000, epoch: 6 | loss: 0.0025957
	speed: 0.0079s/iter; time left: 44.1113s
	iters: 1100, epoch: 6 | loss: 0.0007190
	speed: 0.0076s/iter; time left: 41.6068s
	iters: 1200, epoch: 6 | loss: 0.0111997
	speed: 0.0074s/iter; time left: 39.9202s
	iters: 1300, epoch: 6 | loss: 0.0038135
	speed: 0.0067s/iter; time left: 35.7064s
Epoch: 6 cost time: 10.6 seconds
Epoch: 6, Steps: 1321 | Train Loss: 0.0132786 Vali Loss: 0.4938501 Test Loss: 2.2074468
Validation loss decreased (0.496079 --> 0.493850).  Saving model ...
Updating learning rate to 1.5625e-05
	iters: 100, epoch: 7 | loss: 0.0004675
	speed: 0.0428s/iter; time left: 221.8081s
	iters: 200, epoch: 7 | loss: 0.0090917
	speed: 0.0064s/iter; time left: 32.5434s
	iters: 300, epoch: 7 | loss: 0.0310468
	speed: 0.0067s/iter; time left: 33.2643s
	iters: 400, epoch: 7 | loss: 0.0023398
	speed: 0.0066s/iter; time left: 32.3723s
	iters: 500, epoch: 7 | loss: 0.0029993
	speed: 0.0064s/iter; time left: 30.5126s
	iters: 600, epoch: 7 | loss: 0.0027813
	speed: 0.0068s/iter; time left: 31.6677s
	iters: 700, epoch: 7 | loss: 0.0212396
	speed: 0.0071s/iter; time left: 32.3316s
	iters: 800, epoch: 7 | loss: 0.0098325
	speed: 0.0069s/iter; time left: 31.1208s
	iters: 900, epoch: 7 | loss: 0.0458635
	speed: 0.0073s/iter; time left: 32.1998s
	iters: 1000, epoch: 7 | loss: 0.0137788
	speed: 0.0069s/iter; time left: 29.5330s
	iters: 1100, epoch: 7 | loss: 0.0127245
	speed: 0.0074s/iter; time left: 30.8224s
	iters: 1200, epoch: 7 | loss: 0.0103047
	speed: 0.0079s/iter; time left: 32.4154s
	iters: 1300, epoch: 7 | loss: 0.0032026
	speed: 0.0073s/iter; time left: 28.9107s
Epoch: 7 cost time: 9.6 seconds
Epoch: 7, Steps: 1321 | Train Loss: 0.0129926 Vali Loss: 0.4629981 Test Loss: 2.3842614
Validation loss decreased (0.493850 --> 0.462998).  Saving model ...
Updating learning rate to 7.8125e-06
	iters: 100, epoch: 8 | loss: 0.0056198
	speed: 0.0477s/iter; time left: 184.1607s
	iters: 200, epoch: 8 | loss: 0.0213012
	speed: 0.0077s/iter; time left: 28.8726s
	iters: 300, epoch: 8 | loss: 0.0076166
	speed: 0.0073s/iter; time left: 26.7420s
	iters: 400, epoch: 8 | loss: 0.0109132
	speed: 0.0075s/iter; time left: 26.7574s
	iters: 500, epoch: 8 | loss: 0.0048112
	speed: 0.0078s/iter; time left: 27.0763s
	iters: 600, epoch: 8 | loss: 0.0073668
	speed: 0.0082s/iter; time left: 27.4188s
	iters: 700, epoch: 8 | loss: 0.0199815
	speed: 0.0072s/iter; time left: 23.5248s
	iters: 800, epoch: 8 | loss: 0.0074601
	speed: 0.0066s/iter; time left: 20.7716s
	iters: 900, epoch: 8 | loss: 0.0010474
	speed: 0.0078s/iter; time left: 23.7585s
	iters: 1000, epoch: 8 | loss: 0.0116231
	speed: 0.0077s/iter; time left: 22.7634s
	iters: 1100, epoch: 8 | loss: 0.0031239
	speed: 0.0081s/iter; time left: 23.0826s
	iters: 1200, epoch: 8 | loss: 0.0433925
	speed: 0.0078s/iter; time left: 21.6003s
	iters: 1300, epoch: 8 | loss: 0.0379272
	speed: 0.0078s/iter; time left: 20.6610s
Epoch: 8 cost time: 10.4 seconds
Epoch: 8, Steps: 1321 | Train Loss: 0.0129440 Vali Loss: 0.5167077 Test Loss: 2.2382102
EarlyStopping counter: 1 out of 3
Updating learning rate to 3.90625e-06
	iters: 100, epoch: 9 | loss: 0.0083900
	speed: 0.0483s/iter; time left: 122.7375s
	iters: 200, epoch: 9 | loss: 0.0048913
	speed: 0.0071s/iter; time left: 17.3699s
	iters: 300, epoch: 9 | loss: 0.0022968
	speed: 0.0072s/iter; time left: 16.7702s
	iters: 400, epoch: 9 | loss: 0.0140721
	speed: 0.0065s/iter; time left: 14.5613s
	iters: 500, epoch: 9 | loss: 0.0006274
	speed: 0.0063s/iter; time left: 13.5510s
	iters: 600, epoch: 9 | loss: 0.0005894
	speed: 0.0064s/iter; time left: 13.0771s
	iters: 700, epoch: 9 | loss: 0.0224584
	speed: 0.0066s/iter; time left: 12.8709s
	iters: 800, epoch: 9 | loss: 0.0011149
	speed: 0.0076s/iter; time left: 14.0823s
	iters: 900, epoch: 9 | loss: 0.0107409
	speed: 0.0078s/iter; time left: 13.5471s
	iters: 1000, epoch: 9 | loss: 0.0002017
	speed: 0.0080s/iter; time left: 13.0796s
	iters: 1100, epoch: 9 | loss: 0.0096085
	speed: 0.0076s/iter; time left: 11.6688s
	iters: 1200, epoch: 9 | loss: 0.0001811
	speed: 0.0074s/iter; time left: 10.6748s
	iters: 1300, epoch: 9 | loss: 0.0069562
	speed: 0.0076s/iter; time left: 10.2054s
Epoch: 9 cost time: 9.8 seconds
Epoch: 9, Steps: 1321 | Train Loss: 0.0128331 Vali Loss: 0.4912100 Test Loss: 2.1863308
EarlyStopping counter: 2 out of 3
Updating learning rate to 1.953125e-06
	iters: 100, epoch: 10 | loss: 0.0147933
	speed: 0.0486s/iter; time left: 59.3859s
	iters: 200, epoch: 10 | loss: 0.0032100
	speed: 0.0076s/iter; time left: 8.5052s
	iters: 300, epoch: 10 | loss: 0.0158086
	speed: 0.0077s/iter; time left: 7.8968s
	iters: 400, epoch: 10 | loss: 0.0053336
	speed: 0.0073s/iter; time left: 6.7653s
	iters: 500, epoch: 10 | loss: 0.0024446
	speed: 0.0077s/iter; time left: 6.3532s
	iters: 600, epoch: 10 | loss: 0.0052904
	speed: 0.0073s/iter; time left: 5.2637s
	iters: 700, epoch: 10 | loss: 0.0062737
	speed: 0.0080s/iter; time left: 4.9484s
	iters: 800, epoch: 10 | loss: 0.0023272
	speed: 0.0080s/iter; time left: 4.1590s
	iters: 900, epoch: 10 | loss: 0.0352535
	speed: 0.0074s/iter; time left: 3.1024s
	iters: 1000, epoch: 10 | loss: 0.0323305
	speed: 0.0067s/iter; time left: 2.1472s
	iters: 1100, epoch: 10 | loss: 0.0012423
	speed: 0.0065s/iter; time left: 1.4530s
	iters: 1200, epoch: 10 | loss: 0.0025813
	speed: 0.0067s/iter; time left: 0.8201s
	iters: 1300, epoch: 10 | loss: 0.0040111
	speed: 0.0069s/iter; time left: 0.1513s
Epoch: 10 cost time: 10.1 seconds
Epoch: 10, Steps: 1321 | Train Loss: 0.0128018 Vali Loss: 0.5007596 Test Loss: 2.1950691
EarlyStopping counter: 3 out of 3
Early stopping
>>>>>>>testing : FITS_DLinear_GD_336_96_S_channels_1_FITS_DLinear_S_channels_6<<<<<<<<<<<<<<<<<<<<<<<<<<<<<<<<<
test 3049
FITS_DLinear_GD_336_96_S_channels_1_FITS_DLinear_S_channels_6
Shapes: pred (3048, 96, 1), true (3048, 96, 1), naive_pred (3048, 96, 1)
Shapes: gt (381, 432), pd (381, 432), naive_pd (381, 432)
Final Metrics:
FITS_DLinear MSE: 2.384261   MAE: 1.121205   SE: 4.210009   RRMSE: 0.100086   RMAE: 0.072674   (numpy)
FITS_DLinear MSE: 2.384261   MAE: 1.121205   SE: 4.210009   RRMSE: 0.100086   RMAE: 0.072674   (torch)

Repeat       MSE: 2.179713   MAE: 1.044575   SE: 4.422679   RRMSE: 0.095697   RMAE: 0.067707   (numpy)
Repeat       MSE: 2.179713   MAE: 1.044575   SE: 4.422679   RRMSE: 0.095697   RMAE: 0.067707   (torch)


Model(
  (decomposition): SeriesDecomp(
    (moving_avg): MovingAvg(
      (avg): AvgPool1d(kernel_size=(25,), stride=(1,), padding=(0,))
    )
  )
  (fits): FITS(
    (frequency_upsampler): Linear(in_features=168, out_features=216, bias=True)
  )
  (Linear_Seasonal): Linear(in_features=432, out_features=96, bias=True)
  (Linear_Trend): Linear(in_features=336, out_features=96, bias=True)
)
