Args in experiment:
Namespace(is_training=1, model_id='FITS_DLinear_exchange_rate_336_720_S_channels_1', model='FITS_DLinear', data='custom', root_path='./dataset/', data_path='exchange_rate.csv', features='S', target='OT', freq='h', checkpoints='./checkpoints/', seq_len=336, label_len=48, pred_len=720, individual=False, embed_type=0, enc_in=7, dec_in=7, c_out=7, d_model=512, n_heads=8, e_layers=2, d_layers=1, d_ff=2048, moving_avg=25, factor=1, distil=True, dropout=0.05, embed='timeF', activation='gelu', output_attention=False, do_predict=False, num_workers=10, itr=1, train_epochs=10, batch_size=8, patience=3, learning_rate=0.0005, des='Exp', loss='mse', lradj='type1', use_amp=False, use_gpu=True, gpu=0, use_multi_gpu=False, devices='0,1,2,3', test_flop=False)
FITS_DLinear_exchange_rate_336_720_S_channels_1_FITS_DLinear_S_channels_7
Using GPU: NVIDIA GeForce RTX 4070 (cuda:0):
FITS cutoff frequency: 168
>>>>>>>start training : FITS_DLinear_exchange_rate_336_720_S_channels_1_FITS_DLinear_S_channels_7>>>>>>>>>>>>>>>>>>>>>>>>>>
train 4256
val 41
test 798
	iters: 100, epoch: 1 | loss: 0.6936089
	speed: 0.0203s/iter; time left: 106.1481s
	iters: 200, epoch: 1 | loss: 0.4683120
	speed: 0.0071s/iter; time left: 36.1624s
	iters: 300, epoch: 1 | loss: 0.5169261
	speed: 0.0074s/iter; time left: 37.1632s
	iters: 400, epoch: 1 | loss: 1.0807947
	speed: 0.0066s/iter; time left: 32.5462s
	iters: 500, epoch: 1 | loss: 0.6882222
	speed: 0.0064s/iter; time left: 30.6330s
Epoch: 1 cost time: 4.6 seconds
Epoch: 1, Steps: 532 | Train Loss: 0.6364529 Vali Loss: 2.5140605 Test Loss: 1.0628475
Validation loss decreased (inf --> 2.514060).  Saving model ...
Updating learning rate to 0.0005
	iters: 100, epoch: 2 | loss: 0.6151595
	speed: 0.0216s/iter; time left: 101.2611s
	iters: 200, epoch: 2 | loss: 0.8420337
	speed: 0.0067s/iter; time left: 30.7213s
	iters: 300, epoch: 2 | loss: 1.1782598
	speed: 0.0074s/iter; time left: 33.3716s
	iters: 400, epoch: 2 | loss: 0.5795859
	speed: 0.0070s/iter; time left: 30.8645s
	iters: 500, epoch: 2 | loss: 0.6036227
	speed: 0.0066s/iter; time left: 28.3304s
Epoch: 2 cost time: 4.0 seconds
Epoch: 2, Steps: 532 | Train Loss: 0.6189614 Vali Loss: 2.0876851 Test Loss: 1.3449976
Validation loss decreased (2.514060 --> 2.087685).  Saving model ...
Updating learning rate to 0.00025
	iters: 100, epoch: 3 | loss: 0.5966327
	speed: 0.0244s/iter; time left: 101.3424s
	iters: 200, epoch: 3 | loss: 0.8491988
	speed: 0.0076s/iter; time left: 30.8761s
	iters: 300, epoch: 3 | loss: 0.3244210
	speed: 0.0077s/iter; time left: 30.3701s
	iters: 400, epoch: 3 | loss: 0.6246141
	speed: 0.0076s/iter; time left: 29.1318s
	iters: 500, epoch: 3 | loss: 0.8521501
	speed: 0.0069s/iter; time left: 25.7618s
Epoch: 3 cost time: 4.2 seconds
Epoch: 3, Steps: 532 | Train Loss: 0.5971470 Vali Loss: 2.3426976 Test Loss: 1.2920114
EarlyStopping counter: 1 out of 3
Updating learning rate to 0.000125
	iters: 100, epoch: 4 | loss: 0.7669858
	speed: 0.0244s/iter; time left: 88.5731s
	iters: 200, epoch: 4 | loss: 1.0297772
	speed: 0.0069s/iter; time left: 24.3202s
	iters: 300, epoch: 4 | loss: 0.7849811
	speed: 0.0066s/iter; time left: 22.7312s
	iters: 400, epoch: 4 | loss: 0.7506312
	speed: 0.0066s/iter; time left: 22.0757s
	iters: 500, epoch: 4 | loss: 0.4711159
	speed: 0.0070s/iter; time left: 22.4714s
Epoch: 4 cost time: 4.1 seconds
Epoch: 4, Steps: 532 | Train Loss: 0.5899139 Vali Loss: 2.7133334 Test Loss: 1.7720600
EarlyStopping counter: 2 out of 3
Updating learning rate to 6.25e-05
	iters: 100, epoch: 5 | loss: 0.7442994
	speed: 0.0257s/iter; time left: 79.4950s
	iters: 200, epoch: 5 | loss: 0.3544317
	speed: 0.0075s/iter; time left: 22.5267s
	iters: 300, epoch: 5 | loss: 0.9338859
	speed: 0.0077s/iter; time left: 22.2163s
	iters: 400, epoch: 5 | loss: 0.4354363
	speed: 0.0078s/iter; time left: 21.8536s
	iters: 500, epoch: 5 | loss: 0.4432834
	speed: 0.0080s/iter; time left: 21.4109s
Epoch: 5 cost time: 4.5 seconds
Epoch: 5, Steps: 532 | Train Loss: 0.5836585 Vali Loss: 2.2260005 Test Loss: 1.0702889
EarlyStopping counter: 3 out of 3
Early stopping
>>>>>>>testing : FITS_DLinear_exchange_rate_336_720_S_channels_1_FITS_DLinear_S_channels_7<<<<<<<<<<<<<<<<<<<<<<<<<<<<<<<<<
test 798
FITS_DLinear_exchange_rate_336_720_S_channels_1_FITS_DLinear_S_channels_7
Shapes: pred (792, 720, 1), true (792, 720, 1), naive_pred (792, 720, 1)
Shapes: gt (99, 1056), pd (99, 1056), naive_pd (99, 1056)
Final Metrics:
FITS_DLinear MSE: 1.344997   MAE: 0.913942   SE: 3.307620   RRMSE: 0.675596   RMAE: 0.532408   (numpy)
FITS_DLinear MSE: 1.344998   MAE: 0.913942   SE: 3.307620   RRMSE: 0.675596   RMAE: 0.532408   (torch)

Repeat       MSE: 1.002388   MAE: 0.764844   SE: 1.831217   RRMSE: 0.583236   RMAE: 0.445552   (numpy)
Repeat       MSE: 1.002388   MAE: 0.764844   SE: 1.831217   RRMSE: 0.583236   RMAE: 0.445553   (torch)


Model(
  (decomposition): SeriesDecomp(
    (moving_avg): MovingAvg(
      (avg): AvgPool1d(kernel_size=(25,), stride=(1,), padding=(0,))
    )
  )
  (fits): FITS(
    (frequency_upsampler): Linear(in_features=168, out_features=528, bias=True)
  )
  (Linear_Seasonal): Linear(in_features=1056, out_features=720, bias=True)
  (Linear_Trend): Linear(in_features=336, out_features=720, bias=True)
)
