Args in experiment:
Namespace(is_training=1, model_id='FITS_MRO_336_96_S_channels_1', model='FITS', data='custom', root_path='./dataset/', data_path='MRO.csv', features='S', target='Adj Close', freq='h', checkpoints='./checkpoints/', seq_len=336, label_len=48, pred_len=96, individual=False, embed_type=0, enc_in=6, dec_in=7, c_out=7, d_model=512, n_heads=8, e_layers=2, d_layers=1, d_ff=2048, moving_avg=25, factor=1, distil=True, dropout=0.05, embed='timeF', activation='gelu', output_attention=False, do_predict=False, num_workers=10, itr=1, train_epochs=10, batch_size=8, patience=3, learning_rate=0.0005, des='Exp', loss='mse', lradj='type1', use_amp=False, use_gpu=True, gpu=0, use_multi_gpu=False, devices='0,1,2,3', test_flop=False)
FITS_MRO_336_96_S_channels_1_FITS_S_channels_6
Using GPU: NVIDIA GeForce RTX 4070 (cuda:0):
>>>>>>>start training : FITS_MRO_336_96_S_channels_1_FITS_S_channels_6>>>>>>>>>>>>>>>>>>>>>>>>>>
train 10575
val 1479
test 3049
	iters: 100, epoch: 1 | loss: 0.0273154
	speed: 0.0172s/iter; time left: 224.9152s
	iters: 200, epoch: 1 | loss: 0.0144681
	speed: 0.0044s/iter; time left: 57.1186s
	iters: 300, epoch: 1 | loss: 0.0406262
	speed: 0.0046s/iter; time left: 59.0166s
	iters: 400, epoch: 1 | loss: 0.0178606
	speed: 0.0048s/iter; time left: 61.9476s
	iters: 500, epoch: 1 | loss: 0.0457180
	speed: 0.0044s/iter; time left: 56.3929s
	iters: 600, epoch: 1 | loss: 0.0499392
	speed: 0.0044s/iter; time left: 55.4764s
	iters: 700, epoch: 1 | loss: 0.0246219
	speed: 0.0043s/iter; time left: 54.0315s
	iters: 800, epoch: 1 | loss: 0.0449203
	speed: 0.0046s/iter; time left: 57.1590s
	iters: 900, epoch: 1 | loss: 0.0346080
	speed: 0.0049s/iter; time left: 60.4129s
	iters: 1000, epoch: 1 | loss: 0.0144870
	speed: 0.0048s/iter; time left: 59.0500s
	iters: 1100, epoch: 1 | loss: 0.0345942
	speed: 0.0049s/iter; time left: 59.4138s
	iters: 1200, epoch: 1 | loss: 0.0224316
	speed: 0.0049s/iter; time left: 58.9681s
	iters: 1300, epoch: 1 | loss: 0.0306498
	speed: 0.0050s/iter; time left: 59.5927s
Epoch: 1 cost time: 7.1 seconds
Epoch: 1, Steps: 1321 | Train Loss: 0.0455959 Vali Loss: 2.7766590 Test Loss: 3.5866046
Validation loss decreased (inf --> 2.776659).  Saving model ...
Updating learning rate to 0.0005
	iters: 100, epoch: 2 | loss: 0.0073109
	speed: 0.0354s/iter; time left: 417.8838s
	iters: 200, epoch: 2 | loss: 0.0156314
	speed: 0.0052s/iter; time left: 60.6269s
	iters: 300, epoch: 2 | loss: 0.0046510
	speed: 0.0052s/iter; time left: 60.1458s
	iters: 400, epoch: 2 | loss: 0.0137944
	speed: 0.0050s/iter; time left: 57.9867s
	iters: 500, epoch: 2 | loss: 0.0211583
	speed: 0.0052s/iter; time left: 58.9746s
	iters: 600, epoch: 2 | loss: 0.0263736
	speed: 0.0055s/iter; time left: 61.7676s
	iters: 700, epoch: 2 | loss: 0.0111006
	speed: 0.0055s/iter; time left: 61.4351s
	iters: 800, epoch: 2 | loss: 0.0236525
	speed: 0.0052s/iter; time left: 58.1689s
	iters: 900, epoch: 2 | loss: 0.0610353
	speed: 0.0052s/iter; time left: 56.9167s
	iters: 1000, epoch: 2 | loss: 0.0573548
	speed: 0.0053s/iter; time left: 57.3592s
	iters: 1100, epoch: 2 | loss: 0.0198545
	speed: 0.0050s/iter; time left: 54.4661s
	iters: 1200, epoch: 2 | loss: 0.0263196
	speed: 0.0050s/iter; time left: 53.3505s
	iters: 1300, epoch: 2 | loss: 0.0960811
	speed: 0.0051s/iter; time left: 53.4836s
Epoch: 2 cost time: 7.1 seconds
Epoch: 2, Steps: 1321 | Train Loss: 0.0366036 Vali Loss: 2.6505315 Test Loss: 3.3820658
Validation loss decreased (2.776659 --> 2.650532).  Saving model ...
Updating learning rate to 0.00025
	iters: 100, epoch: 3 | loss: 0.0242299
	speed: 0.0374s/iter; time left: 391.2135s
	iters: 200, epoch: 3 | loss: 0.0205647
	speed: 0.0054s/iter; time left: 56.4036s
	iters: 300, epoch: 3 | loss: 0.0110053
	speed: 0.0054s/iter; time left: 55.6824s
	iters: 400, epoch: 3 | loss: 0.0467739
	speed: 0.0053s/iter; time left: 54.1905s
	iters: 500, epoch: 3 | loss: 0.0348321
	speed: 0.0054s/iter; time left: 54.0111s
	iters: 600, epoch: 3 | loss: 0.0234498
	speed: 0.0056s/iter; time left: 55.4008s
	iters: 700, epoch: 3 | loss: 0.0479336
	speed: 0.0054s/iter; time left: 53.1272s
	iters: 800, epoch: 3 | loss: 0.0275520
	speed: 0.0056s/iter; time left: 54.6570s
	iters: 900, epoch: 3 | loss: 0.0045698
	speed: 0.0052s/iter; time left: 50.0621s
	iters: 1000, epoch: 3 | loss: 0.0267476
	speed: 0.0056s/iter; time left: 54.0105s
	iters: 1100, epoch: 3 | loss: 0.0042636
	speed: 0.0055s/iter; time left: 51.6333s
	iters: 1200, epoch: 3 | loss: 0.0123891
	speed: 0.0055s/iter; time left: 51.9662s
	iters: 1300, epoch: 3 | loss: 0.0194682
	speed: 0.0052s/iter; time left: 47.7554s
Epoch: 3 cost time: 7.4 seconds
Epoch: 3, Steps: 1321 | Train Loss: 0.0347831 Vali Loss: 2.5517018 Test Loss: 3.2170141
Validation loss decreased (2.650532 --> 2.551702).  Saving model ...
Updating learning rate to 0.000125
	iters: 100, epoch: 4 | loss: 0.0459925
	speed: 0.0385s/iter; time left: 352.1844s
	iters: 200, epoch: 4 | loss: 0.0146989
	speed: 0.0054s/iter; time left: 48.7063s
	iters: 300, epoch: 4 | loss: 0.0329583
	speed: 0.0053s/iter; time left: 47.0524s
	iters: 400, epoch: 4 | loss: 0.0078574
	speed: 0.0054s/iter; time left: 47.8979s
	iters: 500, epoch: 4 | loss: 0.0838250
	speed: 0.0053s/iter; time left: 46.0541s
	iters: 600, epoch: 4 | loss: 0.0149236
	speed: 0.0053s/iter; time left: 45.4814s
	iters: 700, epoch: 4 | loss: 0.0573977
	speed: 0.0053s/iter; time left: 45.0235s
	iters: 800, epoch: 4 | loss: 0.0095529
	speed: 0.0057s/iter; time left: 48.1979s
	iters: 900, epoch: 4 | loss: 0.0148903
	speed: 0.0055s/iter; time left: 45.8246s
	iters: 1000, epoch: 4 | loss: 0.0290635
	speed: 0.0054s/iter; time left: 44.3483s
	iters: 1100, epoch: 4 | loss: 0.0537892
	speed: 0.0051s/iter; time left: 41.4905s
	iters: 1200, epoch: 4 | loss: 0.0192733
	speed: 0.0054s/iter; time left: 43.1450s
	iters: 1300, epoch: 4 | loss: 0.0130212
	speed: 0.0053s/iter; time left: 42.4419s
Epoch: 4 cost time: 7.3 seconds
Epoch: 4, Steps: 1321 | Train Loss: 0.0341089 Vali Loss: 2.5137963 Test Loss: 3.1726351
Validation loss decreased (2.551702 --> 2.513796).  Saving model ...
Updating learning rate to 6.25e-05
	iters: 100, epoch: 5 | loss: 0.0654026
	speed: 0.0386s/iter; time left: 302.1852s
	iters: 200, epoch: 5 | loss: 0.0632884
	speed: 0.0065s/iter; time left: 49.9350s
	iters: 300, epoch: 5 | loss: 0.0228651
	speed: 0.0057s/iter; time left: 43.7431s
	iters: 400, epoch: 5 | loss: 0.0403218
	speed: 0.0052s/iter; time left: 38.9461s
	iters: 500, epoch: 5 | loss: 0.1387586
	speed: 0.0052s/iter; time left: 38.5324s
	iters: 600, epoch: 5 | loss: 0.0582107
	speed: 0.0057s/iter; time left: 41.9217s
	iters: 700, epoch: 5 | loss: 0.0254014
	speed: 0.0051s/iter; time left: 36.8810s
	iters: 800, epoch: 5 | loss: 0.0391626
	speed: 0.0051s/iter; time left: 36.4189s
	iters: 900, epoch: 5 | loss: 0.0559021
	speed: 0.0052s/iter; time left: 36.2551s
	iters: 1000, epoch: 5 | loss: 0.0464208
	speed: 0.0052s/iter; time left: 36.2175s
	iters: 1100, epoch: 5 | loss: 0.0271227
	speed: 0.0052s/iter; time left: 35.5686s
	iters: 1200, epoch: 5 | loss: 0.0495391
	speed: 0.0050s/iter; time left: 33.8851s
	iters: 1300, epoch: 5 | loss: 0.0663693
	speed: 0.0053s/iter; time left: 34.8207s
Epoch: 5 cost time: 7.5 seconds
Epoch: 5, Steps: 1321 | Train Loss: 0.0338344 Vali Loss: 2.5121670 Test Loss: 3.1719151
Validation loss decreased (2.513796 --> 2.512167).  Saving model ...
Updating learning rate to 3.125e-05
	iters: 100, epoch: 6 | loss: 0.0387111
	speed: 0.0372s/iter; time left: 241.9962s
	iters: 200, epoch: 6 | loss: 0.0069683
	speed: 0.0055s/iter; time left: 35.1691s
	iters: 300, epoch: 6 | loss: 0.0033373
	speed: 0.0053s/iter; time left: 33.5695s
	iters: 400, epoch: 6 | loss: 0.0457554
	speed: 0.0055s/iter; time left: 33.9179s
	iters: 500, epoch: 6 | loss: 0.0229797
	speed: 0.0055s/iter; time left: 33.6603s
	iters: 600, epoch: 6 | loss: 0.0466836
	speed: 0.0057s/iter; time left: 33.9943s
	iters: 700, epoch: 6 | loss: 0.0155894
	speed: 0.0055s/iter; time left: 32.6940s
	iters: 800, epoch: 6 | loss: 0.0477042
	speed: 0.0054s/iter; time left: 31.1786s
	iters: 900, epoch: 6 | loss: 0.0130402
	speed: 0.0055s/iter; time left: 31.2759s
	iters: 1000, epoch: 6 | loss: 0.0445655
	speed: 0.0054s/iter; time left: 30.5188s
	iters: 1100, epoch: 6 | loss: 0.0150657
	speed: 0.0056s/iter; time left: 30.8858s
	iters: 1200, epoch: 6 | loss: 0.0124865
	speed: 0.0058s/iter; time left: 31.3312s
	iters: 1300, epoch: 6 | loss: 0.0285406
	speed: 0.0057s/iter; time left: 30.1709s
Epoch: 6 cost time: 7.6 seconds
Epoch: 6, Steps: 1321 | Train Loss: 0.0337187 Vali Loss: 2.5051539 Test Loss: 3.1630149
Validation loss decreased (2.512167 --> 2.505154).  Saving model ...
Updating learning rate to 1.5625e-05
	iters: 100, epoch: 7 | loss: 0.0231693
	speed: 0.0380s/iter; time left: 196.8951s
	iters: 200, epoch: 7 | loss: 0.0568914
	speed: 0.0050s/iter; time left: 25.2743s
	iters: 300, epoch: 7 | loss: 0.0425139
	speed: 0.0052s/iter; time left: 26.1277s
	iters: 400, epoch: 7 | loss: 0.0633912
	speed: 0.0051s/iter; time left: 24.8358s
	iters: 500, epoch: 7 | loss: 0.0099250
	speed: 0.0052s/iter; time left: 24.6461s
	iters: 600, epoch: 7 | loss: 0.0810326
	speed: 0.0052s/iter; time left: 24.1791s
	iters: 700, epoch: 7 | loss: 0.0309388
	speed: 0.0053s/iter; time left: 24.4185s
	iters: 800, epoch: 7 | loss: 0.0250091
	speed: 0.0052s/iter; time left: 23.2216s
	iters: 900, epoch: 7 | loss: 0.0166404
	speed: 0.0055s/iter; time left: 24.1597s
	iters: 1000, epoch: 7 | loss: 0.0260733
	speed: 0.0055s/iter; time left: 23.5065s
	iters: 1100, epoch: 7 | loss: 0.0429415
	speed: 0.0054s/iter; time left: 22.7212s
	iters: 1200, epoch: 7 | loss: 0.0379239
	speed: 0.0052s/iter; time left: 21.2711s
	iters: 1300, epoch: 7 | loss: 0.0077218
	speed: 0.0051s/iter; time left: 20.4093s
Epoch: 7 cost time: 7.2 seconds
Epoch: 7, Steps: 1321 | Train Loss: 0.0336661 Vali Loss: 2.5095501 Test Loss: 3.1562538
EarlyStopping counter: 1 out of 3
Updating learning rate to 7.8125e-06
	iters: 100, epoch: 8 | loss: 0.0340749
	speed: 0.0377s/iter; time left: 145.7475s
	iters: 200, epoch: 8 | loss: 0.0213282
	speed: 0.0055s/iter; time left: 20.7272s
	iters: 300, epoch: 8 | loss: 0.0219886
	speed: 0.0054s/iter; time left: 19.7900s
	iters: 400, epoch: 8 | loss: 0.0292814
	speed: 0.0055s/iter; time left: 19.6527s
	iters: 500, epoch: 8 | loss: 0.0326568
	speed: 0.0052s/iter; time left: 18.1008s
	iters: 600, epoch: 8 | loss: 0.0226279
	speed: 0.0052s/iter; time left: 17.4586s
	iters: 700, epoch: 8 | loss: 0.0305091
	speed: 0.0052s/iter; time left: 17.0325s
	iters: 800, epoch: 8 | loss: 0.0130087
	speed: 0.0053s/iter; time left: 16.8334s
	iters: 900, epoch: 8 | loss: 0.0271649
	speed: 0.0052s/iter; time left: 16.0212s
	iters: 1000, epoch: 8 | loss: 0.0311424
	speed: 0.0053s/iter; time left: 15.5639s
	iters: 1100, epoch: 8 | loss: 0.0501007
	speed: 0.0052s/iter; time left: 14.9790s
	iters: 1200, epoch: 8 | loss: 0.0188692
	speed: 0.0054s/iter; time left: 14.8270s
	iters: 1300, epoch: 8 | loss: 0.0262949
	speed: 0.0052s/iter; time left: 13.8540s
Epoch: 8 cost time: 7.3 seconds
Epoch: 8, Steps: 1321 | Train Loss: 0.0336135 Vali Loss: 2.5068777 Test Loss: 3.1559002
EarlyStopping counter: 2 out of 3
Updating learning rate to 3.90625e-06
	iters: 100, epoch: 9 | loss: 0.0131450
	speed: 0.0370s/iter; time left: 94.1118s
	iters: 200, epoch: 9 | loss: 0.0128034
	speed: 0.0052s/iter; time left: 12.7056s
	iters: 300, epoch: 9 | loss: 0.0188081
	speed: 0.0054s/iter; time left: 12.6132s
	iters: 400, epoch: 9 | loss: 0.0239430
	speed: 0.0053s/iter; time left: 11.9580s
	iters: 500, epoch: 9 | loss: 0.0249022
	speed: 0.0053s/iter; time left: 11.3610s
	iters: 600, epoch: 9 | loss: 0.0105580
	speed: 0.0053s/iter; time left: 10.8166s
	iters: 700, epoch: 9 | loss: 0.0149165
	speed: 0.0053s/iter; time left: 10.3280s
	iters: 800, epoch: 9 | loss: 0.0390088
	speed: 0.0051s/iter; time left: 9.4346s
	iters: 900, epoch: 9 | loss: 0.0335755
	speed: 0.0053s/iter; time left: 9.3034s
	iters: 1000, epoch: 9 | loss: 0.0437076
	speed: 0.0052s/iter; time left: 8.5661s
	iters: 1100, epoch: 9 | loss: 0.0347984
	speed: 0.0050s/iter; time left: 7.7763s
	iters: 1200, epoch: 9 | loss: 0.1108159
	speed: 0.0050s/iter; time left: 7.1691s
	iters: 1300, epoch: 9 | loss: 0.0325498
	speed: 0.0050s/iter; time left: 6.7234s
Epoch: 9 cost time: 7.2 seconds
Epoch: 9, Steps: 1321 | Train Loss: 0.0335991 Vali Loss: 2.5056562 Test Loss: 3.1548562
EarlyStopping counter: 3 out of 3
Early stopping
>>>>>>>testing : FITS_MRO_336_96_S_channels_1_FITS_S_channels_6<<<<<<<<<<<<<<<<<<<<<<<<<<<<<<<<<
test 3049
FITS_MRO_336_96_S_channels_1_FITS_S_channels_6
Shapes: pred (3048, 96, 1), true (3048, 96, 1), naive_pred (3048, 96, 1)
Shapes: gt (381, 432), pd (381, 432), naive_pd (381, 432)
Final Metrics:
FITS         MSE: 3.163015   MAE: 1.385389   SE: 6.150435   RRMSE: 0.211782   RMAE: 0.164972   (numpy)
FITS         MSE: 3.163015   MAE: 1.385389   SE: 6.150436   RRMSE: 0.211782   RMAE: 0.164972   (torch)

Repeat       MSE: 2.870288   MAE: 1.261266   SE: 5.347196   RRMSE: 0.201744   RMAE: 0.150191   (numpy)
Repeat       MSE: 2.870288   MAE: 1.261266   SE: 5.347196   RRMSE: 0.201744   RMAE: 0.150191   (torch)


Model(
  (fits): FITS(
    (frequency_upsampler): Linear(in_features=168, out_features=216, bias=True)
  )
)
