Args in experiment:
Namespace(is_training=1, model_id='FITS_exchange_rate_336_192_S_channels_1', model='FITS', data='custom', root_path='./dataset/', data_path='exchange_rate.csv', features='S', target='OT', freq='h', checkpoints='./checkpoints/', seq_len=336, label_len=48, pred_len=192, individual=False, embed_type=0, enc_in=7, dec_in=7, c_out=7, d_model=512, n_heads=8, e_layers=2, d_layers=1, d_ff=2048, moving_avg=25, factor=1, distil=True, dropout=0.05, embed='timeF', activation='gelu', output_attention=False, do_predict=False, num_workers=10, itr=1, train_epochs=10, batch_size=8, patience=3, learning_rate=0.0005, des='Exp', loss='mse', lradj='type1', use_amp=False, use_gpu=True, gpu=0, use_multi_gpu=False, devices='0,1,2,3', test_flop=False)
FITS_exchange_rate_336_192_S_channels_1_FITS_S_channels_7
Using GPU: NVIDIA GeForce RTX 4070 (cuda:0):
>>>>>>>start training : FITS_exchange_rate_336_192_S_channels_1_FITS_S_channels_7>>>>>>>>>>>>>>>>>>>>>>>>>>
train 4784
val 569
test 1326
	iters: 100, epoch: 1 | loss: 0.6083601
	speed: 0.0191s/iter; time left: 112.4422s
	iters: 200, epoch: 1 | loss: 0.3577623
	speed: 0.0047s/iter; time left: 27.2782s
	iters: 300, epoch: 1 | loss: 0.6461867
	speed: 0.0046s/iter; time left: 26.1903s
	iters: 400, epoch: 1 | loss: 0.3738307
	speed: 0.0051s/iter; time left: 28.4766s
	iters: 500, epoch: 1 | loss: 0.3047192
	speed: 0.0046s/iter; time left: 24.9880s
Epoch: 1 cost time: 3.9 seconds
Epoch: 1, Steps: 598 | Train Loss: 0.4415227 Vali Loss: 0.2039624 Test Loss: 0.2429020
Validation loss decreased (inf --> 0.203962).  Saving model ...
Updating learning rate to 0.0005
	iters: 100, epoch: 2 | loss: 0.1982040
	speed: 0.0259s/iter; time left: 136.6817s
	iters: 200, epoch: 2 | loss: 0.7374943
	speed: 0.0049s/iter; time left: 25.5147s
	iters: 300, epoch: 2 | loss: 0.2940852
	speed: 0.0049s/iter; time left: 24.7932s
	iters: 400, epoch: 2 | loss: 1.0636125
	speed: 0.0056s/iter; time left: 27.6923s
	iters: 500, epoch: 2 | loss: 0.1596623
	speed: 0.0051s/iter; time left: 24.7490s
Epoch: 2 cost time: 3.3 seconds
Epoch: 2, Steps: 598 | Train Loss: 0.3431380 Vali Loss: 0.2149147 Test Loss: 0.2303760
EarlyStopping counter: 1 out of 3
Updating learning rate to 0.00025
	iters: 100, epoch: 3 | loss: 0.2393863
	speed: 0.0284s/iter; time left: 133.0414s
	iters: 200, epoch: 3 | loss: 0.1875561
	speed: 0.0056s/iter; time left: 25.7424s
	iters: 300, epoch: 3 | loss: 0.2142230
	speed: 0.0052s/iter; time left: 23.2803s
	iters: 400, epoch: 3 | loss: 0.3081805
	speed: 0.0054s/iter; time left: 23.7518s
	iters: 500, epoch: 3 | loss: 0.5249504
	speed: 0.0051s/iter; time left: 21.6567s
Epoch: 3 cost time: 3.4 seconds
Epoch: 3, Steps: 598 | Train Loss: 0.3202108 Vali Loss: 0.2208607 Test Loss: 0.2269385
EarlyStopping counter: 2 out of 3
Updating learning rate to 0.000125
	iters: 100, epoch: 4 | loss: 0.3457810
	speed: 0.0317s/iter; time left: 129.6605s
	iters: 200, epoch: 4 | loss: 0.2207521
	speed: 0.0059s/iter; time left: 23.4382s
	iters: 300, epoch: 4 | loss: 0.2278413
	speed: 0.0051s/iter; time left: 19.7018s
	iters: 400, epoch: 4 | loss: 0.2196628
	speed: 0.0048s/iter; time left: 18.1743s
	iters: 500, epoch: 4 | loss: 0.2648596
	speed: 0.0056s/iter; time left: 20.4638s
Epoch: 4 cost time: 3.4 seconds
Epoch: 4, Steps: 598 | Train Loss: 0.3117718 Vali Loss: 0.2230401 Test Loss: 0.2256498
EarlyStopping counter: 3 out of 3
Early stopping
>>>>>>>testing : FITS_exchange_rate_336_192_S_channels_1_FITS_S_channels_7<<<<<<<<<<<<<<<<<<<<<<<<<<<<<<<<<
test 1326
FITS_exchange_rate_336_192_S_channels_1_FITS_S_channels_7
Shapes: pred (1320, 192, 1), true (1320, 192, 1), naive_pred (1320, 192, 1)
Shapes: gt (165, 528), pd (165, 528), naive_pd (165, 528)
Final Metrics:
FITS_10         MSE: 0.242902   MAE: 0.393288   SE: 0.472034   RRMSE: 0.295765   RMAE: 0.236016   (numpy)
FITS_10         MSE: 0.242902   MAE: 0.393288   SE: 0.472034   RRMSE: 0.295765   RMAE: 0.236016   (torch)

Repeat       MSE: 0.188096   MAE: 0.332759   SE: 0.385642   RRMSE: 0.260268   RMAE: 0.199692   (numpy)
Repeat       MSE: 0.188096   MAE: 0.332759   SE: 0.385642   RRMSE: 0.260268   RMAE: 0.199692   (torch)


Model(
  (fits): FITS(
    (frequency_upsampler): Linear(in_features=168, out_features=264, bias=True)
  )
)
