Args in experiment:
Namespace(is_training=1, model_id='FITS_100_exchange_rate_336_720_S_channels_1', model='FITS_100', data='custom', root_path='./dataset/', data_path='exchange_rate.csv', features='S', target='OT', freq='h', checkpoints='./checkpoints/', seq_len=336, label_len=48, pred_len=720, individual=False, embed_type=0, enc_in=7, dec_in=7, c_out=7, d_model=512, n_heads=8, e_layers=2, d_layers=1, d_ff=2048, moving_avg=25, factor=1, distil=True, dropout=0.05, embed='timeF', activation='gelu', output_attention=False, do_predict=False, num_workers=10, itr=1, train_epochs=10, batch_size=8, patience=3, learning_rate=0.0005, des='Exp', loss='mse', lradj='type1', use_amp=False, use_gpu=True, gpu=0, use_multi_gpu=False, devices='0,1,2,3', test_flop=False)
FITS_100_exchange_rate_336_720_S_channels_1_FITS_100_S_channels_7
Using GPU: NVIDIA GeForce RTX 4070 (cuda:0):
>>>>>>>start training : FITS_100_exchange_rate_336_720_S_channels_1_FITS_100_S_channels_7>>>>>>>>>>>>>>>>>>>>>>>>>>
train 4256
val 41
test 798
	iters: 100, epoch: 1 | loss: 1.4351834
	speed: 0.0183s/iter; time left: 95.7917s
	iters: 200, epoch: 1 | loss: 0.8634534
	speed: 0.0046s/iter; time left: 23.4204s
	iters: 300, epoch: 1 | loss: 1.0921704
	speed: 0.0045s/iter; time left: 22.6844s
	iters: 400, epoch: 1 | loss: 0.8895938
	speed: 0.0043s/iter; time left: 21.0199s
	iters: 500, epoch: 1 | loss: 0.7362344
	speed: 0.0045s/iter; time left: 21.4879s
Epoch: 1 cost time: 3.4 seconds
Epoch: 1, Steps: 532 | Train Loss: 1.2116566 Vali Loss: 0.7263686 Test Loss: 1.0481204
Validation loss decreased (inf --> 0.726369).  Saving model ...
Updating learning rate to 0.0005
	iters: 100, epoch: 2 | loss: 0.6547323
	speed: 0.0167s/iter; time left: 78.2877s
	iters: 200, epoch: 2 | loss: 1.0906570
	speed: 0.0046s/iter; time left: 21.1423s
	iters: 300, epoch: 2 | loss: 0.7053092
	speed: 0.0047s/iter; time left: 21.3189s
	iters: 400, epoch: 2 | loss: 1.6943084
	speed: 0.0052s/iter; time left: 22.6188s
	iters: 500, epoch: 2 | loss: 1.0861936
	speed: 0.0050s/iter; time left: 21.4167s
Epoch: 2 cost time: 2.8 seconds
Epoch: 2, Steps: 532 | Train Loss: 1.0816869 Vali Loss: 0.7294685 Test Loss: 1.0663654
EarlyStopping counter: 1 out of 3
Updating learning rate to 0.00025
	iters: 100, epoch: 3 | loss: 1.2978503
	speed: 0.0194s/iter; time left: 80.5317s
	iters: 200, epoch: 3 | loss: 1.6598762
	speed: 0.0052s/iter; time left: 21.2335s
	iters: 300, epoch: 3 | loss: 1.2359762
	speed: 0.0053s/iter; time left: 20.9870s
	iters: 400, epoch: 3 | loss: 0.7222278
	speed: 0.0053s/iter; time left: 20.2575s
	iters: 500, epoch: 3 | loss: 0.9653884
	speed: 0.0054s/iter; time left: 20.4267s
Epoch: 3 cost time: 3.1 seconds
Epoch: 3, Steps: 532 | Train Loss: 1.0604370 Vali Loss: 0.7407666 Test Loss: 1.0663460
EarlyStopping counter: 2 out of 3
Updating learning rate to 0.000125
	iters: 100, epoch: 4 | loss: 1.4689360
	speed: 0.0187s/iter; time left: 67.7500s
	iters: 200, epoch: 4 | loss: 1.5288804
	speed: 0.0052s/iter; time left: 18.4526s
	iters: 300, epoch: 4 | loss: 0.9541748
	speed: 0.0053s/iter; time left: 18.1591s
	iters: 400, epoch: 4 | loss: 0.8725203
	speed: 0.0053s/iter; time left: 17.4913s
	iters: 500, epoch: 4 | loss: 0.8998378
	speed: 0.0051s/iter; time left: 16.5659s
Epoch: 4 cost time: 3.0 seconds
Epoch: 4, Steps: 532 | Train Loss: 1.0539469 Vali Loss: 0.7467836 Test Loss: 1.0669227
EarlyStopping counter: 3 out of 3
Early stopping
>>>>>>>testing : FITS_100_exchange_rate_336_720_S_channels_1_FITS_100_S_channels_7<<<<<<<<<<<<<<<<<<<<<<<<<<<<<<<<<
test 798
FITS_100_exchange_rate_336_720_S_channels_1_FITS_100_S_channels_7
Shapes: pred (792, 720, 1), true (792, 720, 1), naive_pred (792, 720, 1)
Shapes: gt (99, 1056), pd (99, 1056), naive_pd (99, 1056)
Final Metrics:
FITS_100     MSE: 1.048120   MAE: 0.802289   SE: 2.063819   RRMSE: 0.596392   RMAE: 0.467366   (numpy)
FITS_100     MSE: 1.048120   MAE: 0.802288   SE: 2.063819   RRMSE: 0.596392   RMAE: 0.467366   (torch)

Repeat       MSE: 1.002388   MAE: 0.764844   SE: 1.831217   RRMSE: 0.583236   RMAE: 0.445552   (numpy)
Repeat       MSE: 1.002388   MAE: 0.764844   SE: 1.831217   RRMSE: 0.583236   RMAE: 0.445553   (torch)


Model(
  (fits): FITS(
    (frequency_upsampler): Linear(in_features=100, out_features=314, bias=True)
  )
)
