Args in experiment:
Namespace(is_training=1, model_id='FITS_MRO_336_192_S_channels_1', model='FITS', data='custom', root_path='./dataset/', data_path='MRO.csv', features='S', target='Adj Close', freq='h', checkpoints='./checkpoints/', seq_len=336, label_len=48, pred_len=192, individual=False, embed_type=0, enc_in=6, dec_in=7, c_out=7, d_model=512, n_heads=8, e_layers=2, d_layers=1, d_ff=2048, moving_avg=25, factor=1, distil=True, dropout=0.05, embed='timeF', activation='gelu', output_attention=False, do_predict=False, num_workers=10, itr=1, train_epochs=10, batch_size=8, patience=3, learning_rate=0.0005, des='Exp', loss='mse', lradj='type1', use_amp=False, use_gpu=True, gpu=0, use_multi_gpu=False, devices='0,1,2,3', test_flop=False)
FITS_MRO_336_192_S_channels_1_FITS_S_channels_6
Using GPU: NVIDIA GeForce RTX 4070 (cuda:0):
>>>>>>>start training : FITS_MRO_336_192_S_channels_1_FITS_S_channels_6>>>>>>>>>>>>>>>>>>>>>>>>>>
train 10479
val 1383
test 2953
	iters: 100, epoch: 1 | loss: 0.2879447
	speed: 0.0179s/iter; time left: 233.1602s
	iters: 200, epoch: 1 | loss: 0.0729757
	speed: 0.0045s/iter; time left: 58.2255s
	iters: 300, epoch: 1 | loss: 0.0379822
	speed: 0.0044s/iter; time left: 56.2143s
	iters: 400, epoch: 1 | loss: 0.2590565
	speed: 0.0046s/iter; time left: 58.7451s
	iters: 500, epoch: 1 | loss: 0.0361432
	speed: 0.0044s/iter; time left: 55.2989s
	iters: 600, epoch: 1 | loss: 0.0657546
	speed: 0.0045s/iter; time left: 56.3330s
	iters: 700, epoch: 1 | loss: 0.0755868
	speed: 0.0046s/iter; time left: 56.8300s
	iters: 800, epoch: 1 | loss: 0.0417030
	speed: 0.0044s/iter; time left: 53.5017s
	iters: 900, epoch: 1 | loss: 0.0456952
	speed: 0.0045s/iter; time left: 54.8669s
	iters: 1000, epoch: 1 | loss: 0.0505849
	speed: 0.0045s/iter; time left: 54.2675s
	iters: 1100, epoch: 1 | loss: 0.0775447
	speed: 0.0045s/iter; time left: 53.5537s
	iters: 1200, epoch: 1 | loss: 0.0407774
	speed: 0.0047s/iter; time left: 56.1577s
	iters: 1300, epoch: 1 | loss: 0.0214309
	speed: 0.0047s/iter; time left: 55.3463s
Epoch: 1 cost time: 6.9 seconds
Epoch: 1, Steps: 1309 | Train Loss: 0.0784298 Vali Loss: 5.2784958 Test Loss: 6.3980379
Validation loss decreased (inf --> 5.278496).  Saving model ...
Updating learning rate to 0.0005
	iters: 100, epoch: 2 | loss: 0.0658454
	speed: 0.0370s/iter; time left: 432.5695s
	iters: 200, epoch: 2 | loss: 0.1213081
	speed: 0.0047s/iter; time left: 54.1241s
	iters: 300, epoch: 2 | loss: 0.0320777
	speed: 0.0049s/iter; time left: 56.0111s
	iters: 400, epoch: 2 | loss: 0.1327482
	speed: 0.0050s/iter; time left: 57.1596s
	iters: 500, epoch: 2 | loss: 0.0767197
	speed: 0.0050s/iter; time left: 56.3842s
	iters: 600, epoch: 2 | loss: 0.0529704
	speed: 0.0056s/iter; time left: 62.4440s
	iters: 700, epoch: 2 | loss: 0.0627239
	speed: 0.0056s/iter; time left: 61.7204s
	iters: 800, epoch: 2 | loss: 0.0984056
	speed: 0.0050s/iter; time left: 54.6797s
	iters: 900, epoch: 2 | loss: 0.2166217
	speed: 0.0056s/iter; time left: 61.4669s
	iters: 1000, epoch: 2 | loss: 0.0770189
	speed: 0.0048s/iter; time left: 52.0859s
	iters: 1100, epoch: 2 | loss: 0.0483665
	speed: 0.0053s/iter; time left: 56.7370s
	iters: 1200, epoch: 2 | loss: 0.0374727
	speed: 0.0052s/iter; time left: 54.9873s
	iters: 1300, epoch: 2 | loss: 0.0335205
	speed: 0.0062s/iter; time left: 64.6942s
Epoch: 2 cost time: 7.1 seconds
Epoch: 2, Steps: 1309 | Train Loss: 0.0643319 Vali Loss: 4.9356999 Test Loss: 5.9104195
Validation loss decreased (5.278496 --> 4.935700).  Saving model ...
Updating learning rate to 0.00025
	iters: 100, epoch: 3 | loss: 0.0888568
	speed: 0.0420s/iter; time left: 435.9886s
	iters: 200, epoch: 3 | loss: 0.0237997
	speed: 0.0083s/iter; time left: 85.6241s
	iters: 300, epoch: 3 | loss: 0.0330553
	speed: 0.0088s/iter; time left: 89.2006s
	iters: 400, epoch: 3 | loss: 0.0658972
	speed: 0.0081s/iter; time left: 81.9259s
	iters: 500, epoch: 3 | loss: 0.0137906
	speed: 0.0070s/iter; time left: 69.9205s
	iters: 600, epoch: 3 | loss: 0.0680182
	speed: 0.0056s/iter; time left: 55.4927s
	iters: 700, epoch: 3 | loss: 0.0706132
	speed: 0.0063s/iter; time left: 62.0346s
	iters: 800, epoch: 3 | loss: 0.0452352
	speed: 0.0077s/iter; time left: 74.0456s
	iters: 900, epoch: 3 | loss: 0.0288805
	speed: 0.0073s/iter; time left: 69.5680s
	iters: 1000, epoch: 3 | loss: 0.0767075
	speed: 0.0091s/iter; time left: 85.8685s
	iters: 1100, epoch: 3 | loss: 0.0451936
	speed: 0.0068s/iter; time left: 64.1154s
	iters: 1200, epoch: 3 | loss: 0.0181262
	speed: 0.0050s/iter; time left: 46.2650s
	iters: 1300, epoch: 3 | loss: 0.0157316
	speed: 0.0052s/iter; time left: 47.2588s
Epoch: 3 cost time: 9.5 seconds
Epoch: 3, Steps: 1309 | Train Loss: 0.0614558 Vali Loss: 4.8508153 Test Loss: 5.8414688
Validation loss decreased (4.935700 --> 4.850815).  Saving model ...
Updating learning rate to 0.000125
	iters: 100, epoch: 4 | loss: 0.0943277
	speed: 0.0361s/iter; time left: 327.1718s
	iters: 200, epoch: 4 | loss: 0.0369897
	speed: 0.0048s/iter; time left: 43.2210s
	iters: 300, epoch: 4 | loss: 0.0336563
	speed: 0.0048s/iter; time left: 42.6425s
	iters: 400, epoch: 4 | loss: 0.0831664
	speed: 0.0048s/iter; time left: 42.0597s
	iters: 500, epoch: 4 | loss: 0.0349561
	speed: 0.0048s/iter; time left: 41.7593s
	iters: 600, epoch: 4 | loss: 0.1869855
	speed: 0.0049s/iter; time left: 41.6960s
	iters: 700, epoch: 4 | loss: 0.0493144
	speed: 0.0048s/iter; time left: 40.3172s
	iters: 800, epoch: 4 | loss: 0.0268622
	speed: 0.0049s/iter; time left: 41.2911s
	iters: 900, epoch: 4 | loss: 0.0493427
	speed: 0.0049s/iter; time left: 40.3466s
	iters: 1000, epoch: 4 | loss: 0.0591700
	speed: 0.0048s/iter; time left: 39.0774s
	iters: 1100, epoch: 4 | loss: 0.0043113
	speed: 0.0051s/iter; time left: 41.2694s
	iters: 1200, epoch: 4 | loss: 0.0477214
	speed: 0.0054s/iter; time left: 42.7045s
	iters: 1300, epoch: 4 | loss: 0.0244368
	speed: 0.0053s/iter; time left: 41.9417s
Epoch: 4 cost time: 6.8 seconds
Epoch: 4, Steps: 1309 | Train Loss: 0.0604788 Vali Loss: 4.7948728 Test Loss: 5.7260327
Validation loss decreased (4.850815 --> 4.794873).  Saving model ...
Updating learning rate to 6.25e-05
	iters: 100, epoch: 5 | loss: 0.0301204
	speed: 0.0407s/iter; time left: 315.8003s
	iters: 200, epoch: 5 | loss: 0.0369885
	speed: 0.0045s/iter; time left: 34.1776s
	iters: 300, epoch: 5 | loss: 0.0481105
	speed: 0.0046s/iter; time left: 34.6475s
	iters: 400, epoch: 5 | loss: 0.0413990
	speed: 0.0047s/iter; time left: 35.3598s
	iters: 500, epoch: 5 | loss: 0.0270753
	speed: 0.0061s/iter; time left: 45.0444s
	iters: 600, epoch: 5 | loss: 0.0398824
	speed: 0.0058s/iter; time left: 42.3890s
	iters: 700, epoch: 5 | loss: 0.0294030
	speed: 0.0055s/iter; time left: 39.3752s
	iters: 800, epoch: 5 | loss: 0.1055187
	speed: 0.0053s/iter; time left: 37.4284s
	iters: 900, epoch: 5 | loss: 0.0726398
	speed: 0.0048s/iter; time left: 33.1390s
	iters: 1000, epoch: 5 | loss: 0.0646313
	speed: 0.0049s/iter; time left: 33.3333s
	iters: 1100, epoch: 5 | loss: 0.0239513
	speed: 0.0051s/iter; time left: 34.1197s
	iters: 1200, epoch: 5 | loss: 0.0804381
	speed: 0.0052s/iter; time left: 34.5731s
	iters: 1300, epoch: 5 | loss: 0.0157552
	speed: 0.0053s/iter; time left: 34.4231s
Epoch: 5 cost time: 7.1 seconds
Epoch: 5, Steps: 1309 | Train Loss: 0.0601026 Vali Loss: 4.7685275 Test Loss: 5.7156272
Validation loss decreased (4.794873 --> 4.768528).  Saving model ...
Updating learning rate to 3.125e-05
	iters: 100, epoch: 6 | loss: 0.0824627
	speed: 0.0361s/iter; time left: 232.9593s
	iters: 200, epoch: 6 | loss: 0.0208137
	speed: 0.0055s/iter; time left: 35.0681s
	iters: 300, epoch: 6 | loss: 0.1532466
	speed: 0.0052s/iter; time left: 32.5713s
	iters: 400, epoch: 6 | loss: 0.0913547
	speed: 0.0070s/iter; time left: 42.9635s
	iters: 500, epoch: 6 | loss: 0.1424608
	speed: 0.0052s/iter; time left: 31.3849s
	iters: 600, epoch: 6 | loss: 0.0272243
	speed: 0.0064s/iter; time left: 37.9373s
	iters: 700, epoch: 6 | loss: 0.0199604
	speed: 0.0049s/iter; time left: 28.6595s
	iters: 800, epoch: 6 | loss: 0.0641040
	speed: 0.0047s/iter; time left: 27.1186s
	iters: 900, epoch: 6 | loss: 0.0324854
	speed: 0.0050s/iter; time left: 28.1053s
	iters: 1000, epoch: 6 | loss: 0.0152864
	speed: 0.0054s/iter; time left: 29.8094s
	iters: 1100, epoch: 6 | loss: 0.0754942
	speed: 0.0051s/iter; time left: 27.7631s
	iters: 1200, epoch: 6 | loss: 0.0743563
	speed: 0.0061s/iter; time left: 32.7386s
	iters: 1300, epoch: 6 | loss: 0.1218344
	speed: 0.0055s/iter; time left: 29.0250s
Epoch: 6 cost time: 7.5 seconds
Epoch: 6, Steps: 1309 | Train Loss: 0.0598666 Vali Loss: 4.7644868 Test Loss: 5.7075090
Validation loss decreased (4.768528 --> 4.764487).  Saving model ...
Updating learning rate to 1.5625e-05
	iters: 100, epoch: 7 | loss: 0.0582678
	speed: 0.0404s/iter; time left: 207.5920s
	iters: 200, epoch: 7 | loss: 0.0705955
	speed: 0.0056s/iter; time left: 28.2990s
	iters: 300, epoch: 7 | loss: 0.0484688
	speed: 0.0049s/iter; time left: 24.4278s
	iters: 400, epoch: 7 | loss: 0.0377700
	speed: 0.0050s/iter; time left: 24.3069s
	iters: 500, epoch: 7 | loss: 0.0380326
	speed: 0.0050s/iter; time left: 23.7619s
	iters: 600, epoch: 7 | loss: 0.0395804
	speed: 0.0064s/iter; time left: 29.5309s
	iters: 700, epoch: 7 | loss: 0.0506467
	speed: 0.0050s/iter; time left: 22.8164s
	iters: 800, epoch: 7 | loss: 0.0195212
	speed: 0.0052s/iter; time left: 23.0765s
	iters: 900, epoch: 7 | loss: 0.0222419
	speed: 0.0050s/iter; time left: 21.6827s
	iters: 1000, epoch: 7 | loss: 0.0824031
	speed: 0.0057s/iter; time left: 24.1155s
	iters: 1100, epoch: 7 | loss: 0.0243432
	speed: 0.0048s/iter; time left: 19.7356s
	iters: 1200, epoch: 7 | loss: 0.0225391
	speed: 0.0046s/iter; time left: 18.5847s
	iters: 1300, epoch: 7 | loss: 0.0568304
	speed: 0.0047s/iter; time left: 18.3469s
Epoch: 7 cost time: 7.1 seconds
Epoch: 7, Steps: 1309 | Train Loss: 0.0597592 Vali Loss: 4.7786860 Test Loss: 5.7051110
EarlyStopping counter: 1 out of 3
Updating learning rate to 7.8125e-06
	iters: 100, epoch: 8 | loss: 0.0409060
	speed: 0.0381s/iter; time left: 145.9194s
	iters: 200, epoch: 8 | loss: 0.0145718
	speed: 0.0048s/iter; time left: 18.0558s
	iters: 300, epoch: 8 | loss: 0.1040502
	speed: 0.0058s/iter; time left: 21.0155s
	iters: 400, epoch: 8 | loss: 0.0906854
	speed: 0.0054s/iter; time left: 19.0761s
	iters: 500, epoch: 8 | loss: 0.1130668
	speed: 0.0049s/iter; time left: 16.9547s
	iters: 600, epoch: 8 | loss: 0.1012220
	speed: 0.0054s/iter; time left: 17.8516s
	iters: 700, epoch: 8 | loss: 0.1226961
	speed: 0.0051s/iter; time left: 16.4968s
	iters: 800, epoch: 8 | loss: 0.0803724
	speed: 0.0050s/iter; time left: 15.4966s
	iters: 900, epoch: 8 | loss: 0.0496350
	speed: 0.0052s/iter; time left: 15.8400s
	iters: 1000, epoch: 8 | loss: 0.0476915
	speed: 0.0047s/iter; time left: 13.8889s
	iters: 1100, epoch: 8 | loss: 0.0443325
	speed: 0.0051s/iter; time left: 14.4766s
	iters: 1200, epoch: 8 | loss: 0.0867531
	speed: 0.0048s/iter; time left: 13.1862s
	iters: 1300, epoch: 8 | loss: 0.1065823
	speed: 0.0048s/iter; time left: 12.5142s
Epoch: 8 cost time: 6.9 seconds
Epoch: 8, Steps: 1309 | Train Loss: 0.0596937 Vali Loss: 4.7647834 Test Loss: 5.7017426
EarlyStopping counter: 2 out of 3
Updating learning rate to 3.90625e-06
	iters: 100, epoch: 9 | loss: 0.0612037
	speed: 0.0344s/iter; time left: 86.6466s
	iters: 200, epoch: 9 | loss: 0.0754187
	speed: 0.0060s/iter; time left: 14.4302s
	iters: 300, epoch: 9 | loss: 0.0961416
	speed: 0.0054s/iter; time left: 12.5562s
	iters: 400, epoch: 9 | loss: 0.0757028
	speed: 0.0055s/iter; time left: 12.1676s
	iters: 500, epoch: 9 | loss: 0.1290663
	speed: 0.0046s/iter; time left: 9.8169s
	iters: 600, epoch: 9 | loss: 0.1085923
	speed: 0.0046s/iter; time left: 9.3827s
	iters: 700, epoch: 9 | loss: 0.0530611
	speed: 0.0047s/iter; time left: 9.0175s
	iters: 800, epoch: 9 | loss: 0.0571028
	speed: 0.0050s/iter; time left: 9.0413s
	iters: 900, epoch: 9 | loss: 0.0252305
	speed: 0.0048s/iter; time left: 8.2265s
	iters: 1000, epoch: 9 | loss: 0.1099290
	speed: 0.0048s/iter; time left: 7.7723s
	iters: 1100, epoch: 9 | loss: 0.1101286
	speed: 0.0046s/iter; time left: 6.9394s
	iters: 1200, epoch: 9 | loss: 0.1006969
	speed: 0.0048s/iter; time left: 6.8386s
	iters: 1300, epoch: 9 | loss: 0.0967138
	speed: 0.0051s/iter; time left: 6.6805s
Epoch: 9 cost time: 6.8 seconds
Epoch: 9, Steps: 1309 | Train Loss: 0.0596881 Vali Loss: 4.7642407 Test Loss: 5.7007847
Validation loss decreased (4.764487 --> 4.764241).  Saving model ...
Updating learning rate to 1.953125e-06
	iters: 100, epoch: 10 | loss: 0.0232583
	speed: 0.0356s/iter; time left: 43.0348s
	iters: 200, epoch: 10 | loss: 0.0451917
	speed: 0.0055s/iter; time left: 6.1380s
	iters: 300, epoch: 10 | loss: 0.0700281
	speed: 0.0054s/iter; time left: 5.4963s
	iters: 400, epoch: 10 | loss: 0.0187007
	speed: 0.0051s/iter; time left: 4.6140s
	iters: 500, epoch: 10 | loss: 0.0305936
	speed: 0.0049s/iter; time left: 4.0060s
	iters: 600, epoch: 10 | loss: 0.0604203
	speed: 0.0055s/iter; time left: 3.8763s
	iters: 700, epoch: 10 | loss: 0.0708494
	speed: 0.0046s/iter; time left: 2.8179s
	iters: 800, epoch: 10 | loss: 0.0677467
	speed: 0.0051s/iter; time left: 2.6196s
	iters: 900, epoch: 10 | loss: 0.0997073
	speed: 0.0051s/iter; time left: 2.0806s
	iters: 1000, epoch: 10 | loss: 0.0342267
	speed: 0.0051s/iter; time left: 1.5747s
	iters: 1100, epoch: 10 | loss: 0.0124044
	speed: 0.0053s/iter; time left: 1.1119s
	iters: 1200, epoch: 10 | loss: 0.0295812
	speed: 0.0051s/iter; time left: 0.5663s
	iters: 1300, epoch: 10 | loss: 0.1192006
	speed: 0.0055s/iter; time left: 0.0550s
Epoch: 10 cost time: 7.1 seconds
Epoch: 10, Steps: 1309 | Train Loss: 0.0596515 Vali Loss: 4.7664671 Test Loss: 5.7000566
EarlyStopping counter: 1 out of 3
Updating learning rate to 9.765625e-07
>>>>>>>testing : FITS_MRO_336_192_S_channels_1_FITS_S_channels_6<<<<<<<<<<<<<<<<<<<<<<<<<<<<<<<<<
test 2953
FITS_MRO_336_192_S_channels_1_FITS_S_channels_6
Shapes: pred (2952, 192, 1), true (2952, 192, 1), naive_pred (2952, 192, 1)
Shapes: gt (369, 528), pd (369, 528), naive_pd (369, 528)
Final Metrics:
FITS_10         MSE: 5.700786   MAE: 1.879789   SE: 11.050934  RRMSE: 0.287242   RMAE: 0.226146   (numpy)
FITS_10         MSE: 5.700786   MAE: 1.879789   SE: 11.050934  RRMSE: 0.287242   RMAE: 0.226146   (torch)

Repeat       MSE: 5.362151   MAE: 1.761319   SE: 10.656660  RRMSE: 0.278580   RMAE: 0.211894   (numpy)
Repeat       MSE: 5.362151   MAE: 1.761319   SE: 10.656659  RRMSE: 0.278580   RMAE: 0.211894   (torch)


Model(
  (fits): FITS(
    (frequency_upsampler): Linear(in_features=168, out_features=264, bias=True)
  )
)
