Args in experiment:
Namespace(is_training=1, model_id='FITS_100_exchange_rate_336_192_S_channels_1', model='FITS_100', data='custom', root_path='./dataset/', data_path='exchange_rate.csv', features='S', target='OT', freq='h', checkpoints='./checkpoints/', seq_len=336, label_len=48, pred_len=192, individual=False, embed_type=0, enc_in=7, dec_in=7, c_out=7, d_model=512, n_heads=8, e_layers=2, d_layers=1, d_ff=2048, moving_avg=25, factor=1, distil=True, dropout=0.05, embed='timeF', activation='gelu', output_attention=False, do_predict=False, num_workers=10, itr=1, train_epochs=10, batch_size=8, patience=3, learning_rate=0.0005, des='Exp', loss='mse', lradj='type1', use_amp=False, use_gpu=True, gpu=0, use_multi_gpu=False, devices='0,1,2,3', test_flop=False)
FITS_100_exchange_rate_336_192_S_channels_1_FITS_100_S_channels_7
Using GPU: NVIDIA GeForce RTX 4070 (cuda:0):
>>>>>>>start training : FITS_100_exchange_rate_336_192_S_channels_1_FITS_100_S_channels_7>>>>>>>>>>>>>>>>>>>>>>>>>>
train 4784
val 569
test 1326
	iters: 100, epoch: 1 | loss: 0.2661991
	speed: 0.0185s/iter; time left: 108.5676s
	iters: 200, epoch: 1 | loss: 0.4032993
	speed: 0.0047s/iter; time left: 27.2266s
	iters: 300, epoch: 1 | loss: 0.2236278
	speed: 0.0046s/iter; time left: 26.4113s
	iters: 400, epoch: 1 | loss: 0.4393999
	speed: 0.0046s/iter; time left: 25.4598s
	iters: 500, epoch: 1 | loss: 0.3616432
	speed: 0.0048s/iter; time left: 26.2366s
Epoch: 1 cost time: 3.8 seconds
Epoch: 1, Steps: 598 | Train Loss: 0.4186877 Vali Loss: 0.2057107 Test Loss: 0.2393553
Validation loss decreased (inf --> 0.205711).  Saving model ...
Updating learning rate to 0.0005
	iters: 100, epoch: 2 | loss: 0.3347666
	speed: 0.0251s/iter; time left: 132.7159s
	iters: 200, epoch: 2 | loss: 0.2500328
	speed: 0.0049s/iter; time left: 25.5046s
	iters: 300, epoch: 2 | loss: 0.2856520
	speed: 0.0051s/iter; time left: 25.7332s
	iters: 400, epoch: 2 | loss: 0.6204923
	speed: 0.0048s/iter; time left: 24.0651s
	iters: 500, epoch: 2 | loss: 0.3505123
	speed: 0.0048s/iter; time left: 23.6178s
Epoch: 2 cost time: 3.2 seconds
Epoch: 2, Steps: 598 | Train Loss: 0.3366390 Vali Loss: 0.2166060 Test Loss: 0.2281214
EarlyStopping counter: 1 out of 3
Updating learning rate to 0.00025
	iters: 100, epoch: 3 | loss: 0.6144985
	speed: 0.0253s/iter; time left: 118.7196s
	iters: 200, epoch: 3 | loss: 0.3329314
	speed: 0.0045s/iter; time left: 20.8104s
	iters: 300, epoch: 3 | loss: 0.3680190
	speed: 0.0046s/iter; time left: 20.5603s
	iters: 400, epoch: 3 | loss: 0.2615468
	speed: 0.0044s/iter; time left: 19.2366s
	iters: 500, epoch: 3 | loss: 0.1491277
	speed: 0.0045s/iter; time left: 19.1025s
Epoch: 3 cost time: 3.0 seconds
Epoch: 3, Steps: 598 | Train Loss: 0.3164524 Vali Loss: 0.2226163 Test Loss: 0.2251973
EarlyStopping counter: 2 out of 3
Updating learning rate to 0.000125
	iters: 100, epoch: 4 | loss: 0.1055892
	speed: 0.0267s/iter; time left: 109.1421s
	iters: 200, epoch: 4 | loss: 0.3249603
	speed: 0.0045s/iter; time left: 17.8616s
	iters: 300, epoch: 4 | loss: 0.1277482
	speed: 0.0044s/iter; time left: 16.9503s
	iters: 400, epoch: 4 | loss: 0.3102393
	speed: 0.0043s/iter; time left: 16.3586s
	iters: 500, epoch: 4 | loss: 0.2101484
	speed: 0.0047s/iter; time left: 17.5089s
Epoch: 4 cost time: 3.0 seconds
Epoch: 4, Steps: 598 | Train Loss: 0.3092845 Vali Loss: 0.2261667 Test Loss: 0.2244637
EarlyStopping counter: 3 out of 3
Early stopping
>>>>>>>testing : FITS_100_exchange_rate_336_192_S_channels_1_FITS_100_S_channels_7<<<<<<<<<<<<<<<<<<<<<<<<<<<<<<<<<
test 1326
FITS_100_exchange_rate_336_192_S_channels_1_FITS_100_S_channels_7
Shapes: pred (1320, 192, 1), true (1320, 192, 1), naive_pred (1320, 192, 1)
Shapes: gt (165, 528), pd (165, 528), naive_pd (165, 528)
Final Metrics:
FITS_100     MSE: 0.239355   MAE: 0.389341   SE: 0.442538   RRMSE: 0.293597   RMAE: 0.233647   (numpy)
FITS_100     MSE: 0.239355   MAE: 0.389341   SE: 0.442538   RRMSE: 0.293597   RMAE: 0.233647   (torch)

Repeat       MSE: 0.188096   MAE: 0.332759   SE: 0.385642   RRMSE: 0.260268   RMAE: 0.199692   (numpy)
Repeat       MSE: 0.188096   MAE: 0.332759   SE: 0.385642   RRMSE: 0.260268   RMAE: 0.199692   (torch)


Model(
  (fits): FITS(
    (frequency_upsampler): Linear(in_features=100, out_features=157, bias=True)
  )
)
