Args in experiment:
Namespace(is_training=1, model_id='FITS_100_MRO_336_336_S_channels_1', model='FITS_100', data='custom', root_path='./dataset/', data_path='MRO.csv', features='S', target='Adj Close', freq='h', checkpoints='./checkpoints/', seq_len=336, label_len=48, pred_len=336, individual=False, embed_type=0, enc_in=6, dec_in=7, c_out=7, d_model=512, n_heads=8, e_layers=2, d_layers=1, d_ff=2048, moving_avg=25, factor=1, distil=True, dropout=0.05, embed='timeF', activation='gelu', output_attention=False, do_predict=False, num_workers=10, itr=1, train_epochs=10, batch_size=8, patience=3, learning_rate=0.0005, des='Exp', loss='mse', lradj='type1', use_amp=False, use_gpu=True, gpu=0, use_multi_gpu=False, devices='0,1,2,3', test_flop=False)
FITS_100_MRO_336_336_S_channels_1_FITS_100_S_channels_6
Using GPU: NVIDIA GeForce RTX 4070 (cuda:0):
>>>>>>>start training : FITS_100_MRO_336_336_S_channels_1_FITS_100_S_channels_6>>>>>>>>>>>>>>>>>>>>>>>>>>
train 10335
val 1239
test 2809
	iters: 100, epoch: 1 | loss: 0.1005295
	speed: 0.0190s/iter; time left: 243.0091s
	iters: 200, epoch: 1 | loss: 0.0721222
	speed: 0.0046s/iter; time left: 58.9880s
	iters: 300, epoch: 1 | loss: 0.0612074
	speed: 0.0045s/iter; time left: 56.8706s
	iters: 400, epoch: 1 | loss: 0.0817606
	speed: 0.0049s/iter; time left: 61.0758s
	iters: 500, epoch: 1 | loss: 0.1845269
	speed: 0.0048s/iter; time left: 59.5654s
	iters: 600, epoch: 1 | loss: 0.1271825
	speed: 0.0051s/iter; time left: 62.8083s
	iters: 700, epoch: 1 | loss: 0.0995920
	speed: 0.0051s/iter; time left: 62.7260s
	iters: 800, epoch: 1 | loss: 0.2134987
	speed: 0.0051s/iter; time left: 62.0748s
	iters: 900, epoch: 1 | loss: 0.0458687
	speed: 0.0053s/iter; time left: 63.4818s
	iters: 1000, epoch: 1 | loss: 0.0470695
	speed: 0.0052s/iter; time left: 61.9278s
	iters: 1100, epoch: 1 | loss: 0.0346911
	speed: 0.0056s/iter; time left: 65.8016s
	iters: 1200, epoch: 1 | loss: 0.1896564
	speed: 0.0052s/iter; time left: 60.7386s
Epoch: 1 cost time: 7.6 seconds
Epoch: 1, Steps: 1291 | Train Loss: 0.1203721 Vali Loss: 8.5349102 Test Loss: 11.7287922
Validation loss decreased (inf --> 8.534910).  Saving model ...
Updating learning rate to 0.0005
	iters: 100, epoch: 2 | loss: 0.0355677
	speed: 0.0366s/iter; time left: 421.6852s
	iters: 200, epoch: 2 | loss: 0.1215187
	speed: 0.0052s/iter; time left: 59.5586s
	iters: 300, epoch: 2 | loss: 0.0916338
	speed: 0.0049s/iter; time left: 55.9105s
	iters: 400, epoch: 2 | loss: 0.0794483
	speed: 0.0051s/iter; time left: 57.2514s
	iters: 500, epoch: 2 | loss: 0.0428756
	speed: 0.0047s/iter; time left: 51.7904s
	iters: 600, epoch: 2 | loss: 0.0563978
	speed: 0.0050s/iter; time left: 54.8784s
	iters: 700, epoch: 2 | loss: 0.1939820
	speed: 0.0050s/iter; time left: 54.8678s
	iters: 800, epoch: 2 | loss: 0.0156468
	speed: 0.0050s/iter; time left: 53.7928s
	iters: 900, epoch: 2 | loss: 0.1833787
	speed: 0.0048s/iter; time left: 51.4976s
	iters: 1000, epoch: 2 | loss: 0.0177162
	speed: 0.0046s/iter; time left: 48.7707s
	iters: 1100, epoch: 2 | loss: 0.0553828
	speed: 0.0049s/iter; time left: 51.9585s
	iters: 1200, epoch: 2 | loss: 0.0834634
	speed: 0.0048s/iter; time left: 49.9827s
Epoch: 2 cost time: 6.6 seconds
Epoch: 2, Steps: 1291 | Train Loss: 0.1070879 Vali Loss: 8.2151937 Test Loss: 11.2193193
Validation loss decreased (8.534910 --> 8.215194).  Saving model ...
Updating learning rate to 0.00025
	iters: 100, epoch: 3 | loss: 0.0424310
	speed: 0.0356s/iter; time left: 364.3121s
	iters: 200, epoch: 3 | loss: 0.0504911
	speed: 0.0051s/iter; time left: 52.0284s
	iters: 300, epoch: 3 | loss: 0.0497319
	speed: 0.0052s/iter; time left: 52.0078s
	iters: 400, epoch: 3 | loss: 0.0454565
	speed: 0.0051s/iter; time left: 50.2489s
	iters: 500, epoch: 3 | loss: 0.2695997
	speed: 0.0051s/iter; time left: 50.1763s
	iters: 600, epoch: 3 | loss: 0.0686782
	speed: 0.0048s/iter; time left: 47.1178s
	iters: 700, epoch: 3 | loss: 0.0426382
	speed: 0.0052s/iter; time left: 50.5219s
	iters: 800, epoch: 3 | loss: 0.0633816
	speed: 0.0051s/iter; time left: 48.1897s
	iters: 900, epoch: 3 | loss: 0.1197405
	speed: 0.0046s/iter; time left: 43.1783s
	iters: 1000, epoch: 3 | loss: 0.0421591
	speed: 0.0048s/iter; time left: 44.4846s
	iters: 1100, epoch: 3 | loss: 0.0759019
	speed: 0.0046s/iter; time left: 42.2468s
	iters: 1200, epoch: 3 | loss: 0.0090694
	speed: 0.0047s/iter; time left: 42.9144s
Epoch: 3 cost time: 6.6 seconds
Epoch: 3, Steps: 1291 | Train Loss: 0.1039299 Vali Loss: 8.0463095 Test Loss: 11.0147820
Validation loss decreased (8.215194 --> 8.046309).  Saving model ...
Updating learning rate to 0.000125
	iters: 100, epoch: 4 | loss: 0.0345435
	speed: 0.0357s/iter; time left: 319.2233s
	iters: 200, epoch: 4 | loss: 0.0223618
	speed: 0.0050s/iter; time left: 43.9521s
	iters: 300, epoch: 4 | loss: 0.1042854
	speed: 0.0049s/iter; time left: 43.1070s
	iters: 400, epoch: 4 | loss: 0.1166831
	speed: 0.0050s/iter; time left: 43.1786s
	iters: 500, epoch: 4 | loss: 0.0805837
	speed: 0.0056s/iter; time left: 47.8784s
	iters: 600, epoch: 4 | loss: 0.0378693
	speed: 0.0060s/iter; time left: 50.3649s
	iters: 700, epoch: 4 | loss: 0.1182217
	speed: 0.0058s/iter; time left: 48.5276s
	iters: 800, epoch: 4 | loss: 0.0283981
	speed: 0.0054s/iter; time left: 44.1971s
	iters: 900, epoch: 4 | loss: 0.0957588
	speed: 0.0046s/iter; time left: 37.2590s
	iters: 1000, epoch: 4 | loss: 0.0600264
	speed: 0.0047s/iter; time left: 37.4084s
	iters: 1100, epoch: 4 | loss: 0.0797145
	speed: 0.0048s/iter; time left: 38.2755s
	iters: 1200, epoch: 4 | loss: 0.0912164
	speed: 0.0051s/iter; time left: 39.7004s
Epoch: 4 cost time: 7.0 seconds
Epoch: 4, Steps: 1291 | Train Loss: 0.1026880 Vali Loss: 8.0287495 Test Loss: 10.9696627
Validation loss decreased (8.046309 --> 8.028749).  Saving model ...
Updating learning rate to 6.25e-05
	iters: 100, epoch: 5 | loss: 0.1202779
	speed: 0.0396s/iter; time left: 302.9683s
	iters: 200, epoch: 5 | loss: 0.2063946
	speed: 0.0063s/iter; time left: 47.8206s
	iters: 300, epoch: 5 | loss: 0.2296575
	speed: 0.0061s/iter; time left: 45.4841s
	iters: 400, epoch: 5 | loss: 0.1645895
	speed: 0.0049s/iter; time left: 35.7142s
	iters: 500, epoch: 5 | loss: 0.1553595
	speed: 0.0050s/iter; time left: 36.0294s
	iters: 600, epoch: 5 | loss: 0.0488649
	speed: 0.0049s/iter; time left: 35.2861s
	iters: 700, epoch: 5 | loss: 0.0751965
	speed: 0.0050s/iter; time left: 35.2432s
	iters: 800, epoch: 5 | loss: 0.0484251
	speed: 0.0051s/iter; time left: 35.2708s
	iters: 900, epoch: 5 | loss: 0.1038527
	speed: 0.0050s/iter; time left: 34.1775s
	iters: 1000, epoch: 5 | loss: 0.2771895
	speed: 0.0052s/iter; time left: 34.7696s
	iters: 1100, epoch: 5 | loss: 0.0453051
	speed: 0.0049s/iter; time left: 32.8058s
	iters: 1200, epoch: 5 | loss: 0.1945250
	speed: 0.0047s/iter; time left: 30.8804s
Epoch: 5 cost time: 7.0 seconds
Epoch: 5, Steps: 1291 | Train Loss: 0.1022112 Vali Loss: 8.0129461 Test Loss: 10.9137402
Validation loss decreased (8.028749 --> 8.012946).  Saving model ...
Updating learning rate to 3.125e-05
	iters: 100, epoch: 6 | loss: 0.1412529
	speed: 0.0371s/iter; time left: 235.6724s
	iters: 200, epoch: 6 | loss: 0.0551684
	speed: 0.0051s/iter; time left: 31.6038s
	iters: 300, epoch: 6 | loss: 0.0416520
	speed: 0.0048s/iter; time left: 29.7980s
	iters: 400, epoch: 6 | loss: 0.0698270
	speed: 0.0046s/iter; time left: 27.6540s
	iters: 500, epoch: 6 | loss: 0.1632760
	speed: 0.0046s/iter; time left: 27.1939s
	iters: 600, epoch: 6 | loss: 0.0506007
	speed: 0.0045s/iter; time left: 26.4043s
	iters: 700, epoch: 6 | loss: 0.0520122
	speed: 0.0046s/iter; time left: 26.4816s
	iters: 800, epoch: 6 | loss: 0.0233144
	speed: 0.0045s/iter; time left: 25.6864s
	iters: 900, epoch: 6 | loss: 0.1221118
	speed: 0.0045s/iter; time left: 25.1061s
	iters: 1000, epoch: 6 | loss: 0.0382939
	speed: 0.0046s/iter; time left: 24.8433s
	iters: 1100, epoch: 6 | loss: 0.1305998
	speed: 0.0048s/iter; time left: 25.6180s
	iters: 1200, epoch: 6 | loss: 0.0367143
	speed: 0.0050s/iter; time left: 26.5311s
Epoch: 6 cost time: 6.4 seconds
Epoch: 6, Steps: 1291 | Train Loss: 0.1018923 Vali Loss: 7.9896722 Test Loss: 10.9041443
Validation loss decreased (8.012946 --> 7.989672).  Saving model ...
Updating learning rate to 1.5625e-05
	iters: 100, epoch: 7 | loss: 0.1216035
	speed: 0.0378s/iter; time left: 191.4425s
	iters: 200, epoch: 7 | loss: 0.0624724
	speed: 0.0054s/iter; time left: 26.7632s
	iters: 300, epoch: 7 | loss: 0.0203968
	speed: 0.0053s/iter; time left: 25.9844s
	iters: 400, epoch: 7 | loss: 0.0586073
	speed: 0.0051s/iter; time left: 24.4283s
	iters: 500, epoch: 7 | loss: 0.0722609
	speed: 0.0054s/iter; time left: 24.9743s
	iters: 600, epoch: 7 | loss: 0.0379588
	speed: 0.0055s/iter; time left: 25.0535s
	iters: 700, epoch: 7 | loss: 0.0570020
	speed: 0.0059s/iter; time left: 26.4542s
	iters: 800, epoch: 7 | loss: 0.0837628
	speed: 0.0054s/iter; time left: 23.6834s
	iters: 900, epoch: 7 | loss: 0.1624752
	speed: 0.0057s/iter; time left: 24.4246s
	iters: 1000, epoch: 7 | loss: 0.0381786
	speed: 0.0057s/iter; time left: 23.7733s
	iters: 1100, epoch: 7 | loss: 0.1626705
	speed: 0.0056s/iter; time left: 22.8868s
	iters: 1200, epoch: 7 | loss: 0.0698176
	speed: 0.0059s/iter; time left: 23.4047s
Epoch: 7 cost time: 7.4 seconds
Epoch: 7, Steps: 1291 | Train Loss: 0.1018658 Vali Loss: 7.9856791 Test Loss: 10.8956919
Validation loss decreased (7.989672 --> 7.985679).  Saving model ...
Updating learning rate to 7.8125e-06
	iters: 100, epoch: 8 | loss: 0.1437836
	speed: 0.0389s/iter; time left: 146.9874s
	iters: 200, epoch: 8 | loss: 0.0679667
	speed: 0.0054s/iter; time left: 19.8351s
	iters: 300, epoch: 8 | loss: 0.0754783
	speed: 0.0055s/iter; time left: 19.6335s
	iters: 400, epoch: 8 | loss: 0.0557428
	speed: 0.0051s/iter; time left: 17.7928s
	iters: 500, epoch: 8 | loss: 0.0678512
	speed: 0.0052s/iter; time left: 17.5443s
	iters: 600, epoch: 8 | loss: 0.0758137
	speed: 0.0053s/iter; time left: 17.2217s
	iters: 700, epoch: 8 | loss: 0.0407683
	speed: 0.0052s/iter; time left: 16.4059s
	iters: 800, epoch: 8 | loss: 0.0813963
	speed: 0.0052s/iter; time left: 16.1373s
	iters: 900, epoch: 8 | loss: 0.1725730
	speed: 0.0051s/iter; time left: 15.1782s
	iters: 1000, epoch: 8 | loss: 0.1013195
	speed: 0.0051s/iter; time left: 14.7698s
	iters: 1100, epoch: 8 | loss: 0.0575035
	speed: 0.0054s/iter; time left: 14.9077s
	iters: 1200, epoch: 8 | loss: 0.0506314
	speed: 0.0056s/iter; time left: 14.9383s
Epoch: 8 cost time: 7.1 seconds
Epoch: 8, Steps: 1291 | Train Loss: 0.1018031 Vali Loss: 7.9704604 Test Loss: 10.8918839
Validation loss decreased (7.985679 --> 7.970460).  Saving model ...
Updating learning rate to 3.90625e-06
	iters: 100, epoch: 9 | loss: 0.1433297
	speed: 0.0397s/iter; time left: 98.5817s
	iters: 200, epoch: 9 | loss: 0.2049725
	speed: 0.0052s/iter; time left: 12.3898s
	iters: 300, epoch: 9 | loss: 0.1349394
	speed: 0.0053s/iter; time left: 12.1595s
	iters: 400, epoch: 9 | loss: 0.0395784
	speed: 0.0052s/iter; time left: 11.2545s
	iters: 500, epoch: 9 | loss: 0.0328009
	speed: 0.0052s/iter; time left: 10.9238s
	iters: 600, epoch: 9 | loss: 0.0306900
	speed: 0.0052s/iter; time left: 10.3487s
	iters: 700, epoch: 9 | loss: 0.0378628
	speed: 0.0052s/iter; time left: 9.7432s
	iters: 800, epoch: 9 | loss: 0.1715503
	speed: 0.0051s/iter; time left: 9.1626s
	iters: 900, epoch: 9 | loss: 0.1844199
	speed: 0.0056s/iter; time left: 9.3735s
	iters: 1000, epoch: 9 | loss: 0.0600788
	speed: 0.0056s/iter; time left: 8.8541s
	iters: 1100, epoch: 9 | loss: 0.0469586
	speed: 0.0053s/iter; time left: 7.7903s
	iters: 1200, epoch: 9 | loss: 0.3272181
	speed: 0.0051s/iter; time left: 7.1026s
Epoch: 9 cost time: 7.0 seconds
Epoch: 9, Steps: 1291 | Train Loss: 0.1016692 Vali Loss: 7.9776721 Test Loss: 10.8898277
EarlyStopping counter: 1 out of 3
Updating learning rate to 1.953125e-06
	iters: 100, epoch: 10 | loss: 0.1584853
	speed: 0.0378s/iter; time left: 45.0169s
	iters: 200, epoch: 10 | loss: 0.0819426
	speed: 0.0059s/iter; time left: 6.4366s
	iters: 300, epoch: 10 | loss: 0.0274118
	speed: 0.0059s/iter; time left: 5.8783s
	iters: 400, epoch: 10 | loss: 0.1480204
	speed: 0.0056s/iter; time left: 4.9776s
	iters: 500, epoch: 10 | loss: 0.0640552
	speed: 0.0051s/iter; time left: 4.0410s
	iters: 600, epoch: 10 | loss: 0.0285123
	speed: 0.0049s/iter; time left: 3.3608s
	iters: 700, epoch: 10 | loss: 0.0536955
	speed: 0.0054s/iter; time left: 3.2118s
	iters: 800, epoch: 10 | loss: 0.1202182
	speed: 0.0054s/iter; time left: 2.6327s
	iters: 900, epoch: 10 | loss: 0.0818973
	speed: 0.0056s/iter; time left: 2.2107s
	iters: 1000, epoch: 10 | loss: 0.1257447
	speed: 0.0054s/iter; time left: 1.5824s
	iters: 1100, epoch: 10 | loss: 0.0771792
	speed: 0.0056s/iter; time left: 1.0741s
	iters: 1200, epoch: 10 | loss: 0.1213424
	speed: 0.0056s/iter; time left: 0.5153s
Epoch: 10 cost time: 7.3 seconds
Epoch: 10, Steps: 1291 | Train Loss: 0.1017233 Vali Loss: 7.9745951 Test Loss: 10.8889294
EarlyStopping counter: 2 out of 3
Updating learning rate to 9.765625e-07
>>>>>>>testing : FITS_100_MRO_336_336_S_channels_1_FITS_100_S_channels_6<<<<<<<<<<<<<<<<<<<<<<<<<<<<<<<<<
test 2809
FITS_100_MRO_336_336_S_channels_1_FITS_100_S_channels_6
Shapes: pred (2808, 336, 1), true (2808, 336, 1), naive_pred (2808, 336, 1)
Shapes: gt (351, 672), pd (351, 672), naive_pd (351, 672)
Final Metrics:
FITS_100     MSE: 10.891885  MAE: 2.545341   SE: 20.770012  RRMSE: 0.404434   RMAE: 0.311919   (numpy)
FITS_100     MSE: 10.891885  MAE: 2.545341   SE: 20.770014  RRMSE: 0.404434   RMAE: 0.311919   (torch)

Repeat       MSE: 10.261215  MAE: 2.420922   SE: 21.428272  RRMSE: 0.392551   RMAE: 0.296672   (numpy)
Repeat       MSE: 10.261217  MAE: 2.420922   SE: 21.428272  RRMSE: 0.392551   RMAE: 0.296672   (torch)


Model(
  (fits): FITS(
    (frequency_upsampler): Linear(in_features=100, out_features=200, bias=True)
  )
)
