Args in experiment:
Namespace(is_training=1, model_id='FITS_MRO_336_720_S_channels_1', model='FITS', data='custom', root_path='./dataset/', data_path='MRO.csv', features='S', target='Adj Close', freq='h', checkpoints='./checkpoints/', seq_len=336, label_len=48, pred_len=720, individual=False, embed_type=0, enc_in=6, dec_in=7, c_out=7, d_model=512, n_heads=8, e_layers=2, d_layers=1, d_ff=2048, moving_avg=25, factor=1, distil=True, dropout=0.05, embed='timeF', activation='gelu', output_attention=False, do_predict=False, num_workers=10, itr=1, train_epochs=10, batch_size=8, patience=3, learning_rate=0.0005, des='Exp', loss='mse', lradj='type1', use_amp=False, use_gpu=True, gpu=0, use_multi_gpu=False, devices='0,1,2,3', test_flop=False)
FITS_MRO_336_720_S_channels_1_FITS_S_channels_6
Using GPU: NVIDIA GeForce RTX 4070 (cuda:0):
>>>>>>>start training : FITS_MRO_336_720_S_channels_1_FITS_S_channels_6>>>>>>>>>>>>>>>>>>>>>>>>>>
train 9951
val 855
test 2425
	iters: 100, epoch: 1 | loss: 0.3290924
	speed: 0.0175s/iter; time left: 215.4825s
	iters: 200, epoch: 1 | loss: 0.1893792
	speed: 0.0045s/iter; time left: 54.9336s
	iters: 300, epoch: 1 | loss: 0.0785988
	speed: 0.0048s/iter; time left: 58.2985s
	iters: 400, epoch: 1 | loss: 0.0390338
	speed: 0.0050s/iter; time left: 59.7242s
	iters: 500, epoch: 1 | loss: 0.0638966
	speed: 0.0048s/iter; time left: 57.0646s
	iters: 600, epoch: 1 | loss: 0.0498946
	speed: 0.0046s/iter; time left: 54.3735s
	iters: 700, epoch: 1 | loss: 0.0992364
	speed: 0.0048s/iter; time left: 56.8547s
	iters: 800, epoch: 1 | loss: 0.2961806
	speed: 0.0051s/iter; time left: 59.5536s
	iters: 900, epoch: 1 | loss: 0.2962746
	speed: 0.0052s/iter; time left: 59.4016s
	iters: 1000, epoch: 1 | loss: 0.1434475
	speed: 0.0048s/iter; time left: 54.6700s
	iters: 1100, epoch: 1 | loss: 0.3682888
	speed: 0.0045s/iter; time left: 51.0276s
	iters: 1200, epoch: 1 | loss: 0.1152695
	speed: 0.0049s/iter; time left: 54.6904s
Epoch: 1 cost time: 6.9 seconds
Epoch: 1, Steps: 1243 | Train Loss: 0.1610162 Vali Loss: 12.8003139 Test Loss: 23.2456875
Validation loss decreased (inf --> 12.800314).  Saving model ...
Updating learning rate to 0.0005
	iters: 100, epoch: 2 | loss: 0.1923667
	speed: 0.0338s/iter; time left: 374.9312s
	iters: 200, epoch: 2 | loss: 0.2408944
	speed: 0.0061s/iter; time left: 67.1624s
	iters: 300, epoch: 2 | loss: 0.0781849
	speed: 0.0059s/iter; time left: 63.9618s
	iters: 400, epoch: 2 | loss: 0.1018216
	speed: 0.0060s/iter; time left: 64.8649s
	iters: 500, epoch: 2 | loss: 0.1317641
	speed: 0.0059s/iter; time left: 63.4407s
	iters: 600, epoch: 2 | loss: 0.1741220
	speed: 0.0058s/iter; time left: 60.9746s
	iters: 700, epoch: 2 | loss: 0.1681977
	speed: 0.0058s/iter; time left: 60.9344s
	iters: 800, epoch: 2 | loss: 0.0779043
	speed: 0.0059s/iter; time left: 61.3151s
	iters: 900, epoch: 2 | loss: 0.0816582
	speed: 0.0061s/iter; time left: 62.6691s
	iters: 1000, epoch: 2 | loss: 0.0730942
	speed: 0.0056s/iter; time left: 56.6512s
	iters: 1100, epoch: 2 | loss: 0.2882600
	speed: 0.0055s/iter; time left: 55.6899s
	iters: 1200, epoch: 2 | loss: 0.0649571
	speed: 0.0057s/iter; time left: 57.2106s
Epoch: 2 cost time: 7.5 seconds
Epoch: 2, Steps: 1243 | Train Loss: 0.1527855 Vali Loss: 12.6787386 Test Loss: 23.1172428
Validation loss decreased (12.800314 --> 12.678739).  Saving model ...
Updating learning rate to 0.00025
	iters: 100, epoch: 3 | loss: 0.1318494
	speed: 0.0348s/iter; time left: 342.3064s
	iters: 200, epoch: 3 | loss: 0.1760367
	speed: 0.0060s/iter; time left: 58.3272s
	iters: 300, epoch: 3 | loss: 0.0867442
	speed: 0.0058s/iter; time left: 56.2803s
	iters: 400, epoch: 3 | loss: 0.0806256
	speed: 0.0055s/iter; time left: 52.3785s
	iters: 500, epoch: 3 | loss: 0.0824753
	speed: 0.0052s/iter; time left: 49.2869s
	iters: 600, epoch: 3 | loss: 0.0633144
	speed: 0.0056s/iter; time left: 51.9419s
	iters: 700, epoch: 3 | loss: 0.1195103
	speed: 0.0055s/iter; time left: 51.2111s
	iters: 800, epoch: 3 | loss: 0.0969524
	speed: 0.0055s/iter; time left: 50.1023s
	iters: 900, epoch: 3 | loss: 0.0849229
	speed: 0.0053s/iter; time left: 47.9842s
	iters: 1000, epoch: 3 | loss: 0.4783749
	speed: 0.0056s/iter; time left: 50.2274s
	iters: 1100, epoch: 3 | loss: 0.0887708
	speed: 0.0057s/iter; time left: 50.0609s
	iters: 1200, epoch: 3 | loss: 0.2417271
	speed: 0.0058s/iter; time left: 50.3196s
Epoch: 3 cost time: 7.2 seconds
Epoch: 3, Steps: 1243 | Train Loss: 0.1513628 Vali Loss: 12.5165033 Test Loss: 22.8842258
Validation loss decreased (12.678739 --> 12.516503).  Saving model ...
Updating learning rate to 0.000125
	iters: 100, epoch: 4 | loss: 0.1159058
	speed: 0.0359s/iter; time left: 308.4402s
	iters: 200, epoch: 4 | loss: 0.1096197
	speed: 0.0057s/iter; time left: 48.5195s
	iters: 300, epoch: 4 | loss: 0.2358663
	speed: 0.0055s/iter; time left: 46.4690s
	iters: 400, epoch: 4 | loss: 0.1193507
	speed: 0.0059s/iter; time left: 49.0248s
	iters: 500, epoch: 4 | loss: 0.0875794
	speed: 0.0052s/iter; time left: 42.5417s
	iters: 600, epoch: 4 | loss: 0.2126664
	speed: 0.0054s/iter; time left: 43.6971s
	iters: 700, epoch: 4 | loss: 0.0680712
	speed: 0.0059s/iter; time left: 47.5956s
	iters: 800, epoch: 4 | loss: 0.1384241
	speed: 0.0056s/iter; time left: 44.4258s
	iters: 900, epoch: 4 | loss: 0.0847991
	speed: 0.0057s/iter; time left: 44.4678s
	iters: 1000, epoch: 4 | loss: 0.2053325
	speed: 0.0054s/iter; time left: 41.5790s
	iters: 1100, epoch: 4 | loss: 0.2211609
	speed: 0.0056s/iter; time left: 42.6230s
	iters: 1200, epoch: 4 | loss: 0.2632820
	speed: 0.0056s/iter; time left: 42.1483s
Epoch: 4 cost time: 7.3 seconds
Epoch: 4, Steps: 1243 | Train Loss: 0.1508999 Vali Loss: 12.5389338 Test Loss: 22.8858395
EarlyStopping counter: 1 out of 3
Updating learning rate to 6.25e-05
	iters: 100, epoch: 5 | loss: 0.1744000
	speed: 0.0374s/iter; time left: 275.0257s
	iters: 200, epoch: 5 | loss: 0.0762074
	speed: 0.0059s/iter; time left: 43.1616s
	iters: 300, epoch: 5 | loss: 0.1878763
	speed: 0.0061s/iter; time left: 43.7476s
	iters: 400, epoch: 5 | loss: 0.0279609
	speed: 0.0060s/iter; time left: 42.1304s
	iters: 500, epoch: 5 | loss: 0.4792137
	speed: 0.0075s/iter; time left: 51.8491s
	iters: 600, epoch: 5 | loss: 0.1679766
	speed: 0.0058s/iter; time left: 39.7191s
	iters: 700, epoch: 5 | loss: 0.1901786
	speed: 0.0059s/iter; time left: 39.6649s
	iters: 800, epoch: 5 | loss: 0.2142539
	speed: 0.0059s/iter; time left: 39.2820s
	iters: 900, epoch: 5 | loss: 0.0588439
	speed: 0.0061s/iter; time left: 40.0296s
	iters: 1000, epoch: 5 | loss: 0.0522780
	speed: 0.0058s/iter; time left: 37.7794s
	iters: 1100, epoch: 5 | loss: 0.3884230
	speed: 0.0058s/iter; time left: 37.1064s
	iters: 1200, epoch: 5 | loss: 0.0663444
	speed: 0.0059s/iter; time left: 36.8418s
Epoch: 5 cost time: 8.0 seconds
Epoch: 5, Steps: 1243 | Train Loss: 0.1505884 Vali Loss: 12.5050306 Test Loss: 22.8658829
Validation loss decreased (12.516503 --> 12.505031).  Saving model ...
Updating learning rate to 3.125e-05
	iters: 100, epoch: 6 | loss: 0.0912742
	speed: 0.0360s/iter; time left: 220.0796s
	iters: 200, epoch: 6 | loss: 0.3873273
	speed: 0.0060s/iter; time left: 35.8612s
	iters: 300, epoch: 6 | loss: 0.0449780
	speed: 0.0058s/iter; time left: 34.0668s
	iters: 400, epoch: 6 | loss: 0.1150239
	speed: 0.0057s/iter; time left: 33.2929s
	iters: 500, epoch: 6 | loss: 0.0725099
	speed: 0.0056s/iter; time left: 32.0099s
	iters: 600, epoch: 6 | loss: 0.1044400
	speed: 0.0057s/iter; time left: 31.8482s
	iters: 700, epoch: 6 | loss: 0.0616112
	speed: 0.0057s/iter; time left: 31.3550s
	iters: 800, epoch: 6 | loss: 0.1982411
	speed: 0.0055s/iter; time left: 29.9710s
	iters: 900, epoch: 6 | loss: 0.1855347
	speed: 0.0058s/iter; time left: 30.7373s
	iters: 1000, epoch: 6 | loss: 0.0558777
	speed: 0.0057s/iter; time left: 29.6149s
	iters: 1100, epoch: 6 | loss: 0.1101127
	speed: 0.0056s/iter; time left: 28.7125s
	iters: 1200, epoch: 6 | loss: 0.2256419
	speed: 0.0055s/iter; time left: 27.3920s
Epoch: 6 cost time: 7.4 seconds
Epoch: 6, Steps: 1243 | Train Loss: 0.1505451 Vali Loss: 12.4809637 Test Loss: 22.8645535
Validation loss decreased (12.505031 --> 12.480964).  Saving model ...
Updating learning rate to 1.5625e-05
	iters: 100, epoch: 7 | loss: 0.1337560
	speed: 0.0356s/iter; time left: 173.2968s
	iters: 200, epoch: 7 | loss: 0.1893419
	speed: 0.0057s/iter; time left: 27.4176s
	iters: 300, epoch: 7 | loss: 0.3067639
	speed: 0.0055s/iter; time left: 25.8336s
	iters: 400, epoch: 7 | loss: 0.1351989
	speed: 0.0058s/iter; time left: 26.2975s
	iters: 500, epoch: 7 | loss: 0.1949866
	speed: 0.0060s/iter; time left: 26.8371s
	iters: 600, epoch: 7 | loss: 0.1085006
	speed: 0.0058s/iter; time left: 25.1821s
	iters: 700, epoch: 7 | loss: 0.2788247
	speed: 0.0055s/iter; time left: 23.6701s
	iters: 800, epoch: 7 | loss: 0.0959454
	speed: 0.0055s/iter; time left: 22.8821s
	iters: 900, epoch: 7 | loss: 0.0799550
	speed: 0.0057s/iter; time left: 23.1613s
	iters: 1000, epoch: 7 | loss: 0.0758483
	speed: 0.0053s/iter; time left: 21.0597s
	iters: 1100, epoch: 7 | loss: 0.0710281
	speed: 0.0058s/iter; time left: 22.5414s
	iters: 1200, epoch: 7 | loss: 0.0515558
	speed: 0.0055s/iter; time left: 20.7342s
Epoch: 7 cost time: 7.3 seconds
Epoch: 7, Steps: 1243 | Train Loss: 0.1503662 Vali Loss: 12.5300026 Test Loss: 22.8548565
EarlyStopping counter: 1 out of 3
Updating learning rate to 7.8125e-06
	iters: 100, epoch: 8 | loss: 0.2150008
	speed: 0.0339s/iter; time left: 122.9979s
	iters: 200, epoch: 8 | loss: 0.2029563
	speed: 0.0056s/iter; time left: 19.8118s
	iters: 300, epoch: 8 | loss: 0.1421378
	speed: 0.0058s/iter; time left: 19.7653s
	iters: 400, epoch: 8 | loss: 0.2722405
	speed: 0.0061s/iter; time left: 20.4262s
	iters: 500, epoch: 8 | loss: 0.1108311
	speed: 0.0059s/iter; time left: 19.1609s
	iters: 600, epoch: 8 | loss: 0.0778747
	speed: 0.0059s/iter; time left: 18.6088s
	iters: 700, epoch: 8 | loss: 0.0257101
	speed: 0.0055s/iter; time left: 16.5990s
	iters: 800, epoch: 8 | loss: 0.0460198
	speed: 0.0055s/iter; time left: 16.0066s
	iters: 900, epoch: 8 | loss: 0.1012226
	speed: 0.0054s/iter; time left: 15.3742s
	iters: 1000, epoch: 8 | loss: 0.0359613
	speed: 0.0057s/iter; time left: 15.4633s
	iters: 1100, epoch: 8 | loss: 0.1870954
	speed: 0.0054s/iter; time left: 14.2919s
	iters: 1200, epoch: 8 | loss: 0.1074838
	speed: 0.0056s/iter; time left: 14.2752s
Epoch: 8 cost time: 7.3 seconds
Epoch: 8, Steps: 1243 | Train Loss: 0.1503927 Vali Loss: 12.5099449 Test Loss: 22.8531666
EarlyStopping counter: 2 out of 3
Updating learning rate to 3.90625e-06
	iters: 100, epoch: 9 | loss: 0.1032894
	speed: 0.0351s/iter; time left: 83.7162s
	iters: 200, epoch: 9 | loss: 0.0977728
	speed: 0.0055s/iter; time left: 12.6161s
	iters: 300, epoch: 9 | loss: 0.2266347
	speed: 0.0056s/iter; time left: 12.2681s
	iters: 400, epoch: 9 | loss: 0.1571997
	speed: 0.0056s/iter; time left: 11.6933s
	iters: 500, epoch: 9 | loss: 0.0739228
	speed: 0.0058s/iter; time left: 11.5331s
	iters: 600, epoch: 9 | loss: 0.1663760
	speed: 0.0055s/iter; time left: 10.3560s
	iters: 700, epoch: 9 | loss: 0.4239717
	speed: 0.0053s/iter; time left: 9.5568s
	iters: 800, epoch: 9 | loss: 0.1233706
	speed: 0.0056s/iter; time left: 9.4333s
	iters: 900, epoch: 9 | loss: 0.1991665
	speed: 0.0055s/iter; time left: 8.7618s
	iters: 1000, epoch: 9 | loss: 0.1126635
	speed: 0.0053s/iter; time left: 7.8995s
	iters: 1100, epoch: 9 | loss: 0.1062240
	speed: 0.0055s/iter; time left: 7.6900s
	iters: 1200, epoch: 9 | loss: 0.0707484
	speed: 0.0057s/iter; time left: 7.3024s
Epoch: 9 cost time: 7.2 seconds
Epoch: 9, Steps: 1243 | Train Loss: 0.1504820 Vali Loss: 12.4942894 Test Loss: 22.8519688
EarlyStopping counter: 3 out of 3
Early stopping
>>>>>>>testing : FITS_MRO_336_720_S_channels_1_FITS_S_channels_6<<<<<<<<<<<<<<<<<<<<<<<<<<<<<<<<<
test 2425
FITS_MRO_336_720_S_channels_1_FITS_S_channels_6
Shapes: pred (2424, 720, 1), true (2424, 720, 1), naive_pred (2424, 720, 1)
Shapes: gt (303, 1056), pd (303, 1056), naive_pd (303, 1056)
Final Metrics:
FITS_10         MSE: 22.864557  MAE: 3.719847   SE: 36.404064  RRMSE: 0.634778   RMAE: 0.493817   (numpy)
FITS_10         MSE: 22.864553  MAE: 3.719845   SE: 36.404068  RRMSE: 0.634778   RMAE: 0.493816   (torch)

Repeat       MSE: 23.184877  MAE: 3.680038   SE: 39.829136  RRMSE: 0.639209   RMAE: 0.488532   (numpy)
Repeat       MSE: 23.184883  MAE: 3.680040   SE: 39.829136  RRMSE: 0.639209   RMAE: 0.488532   (torch)


Model(
  (fits): FITS(
    (frequency_upsampler): Linear(in_features=168, out_features=528, bias=True)
  )
)
