Args in experiment:
Namespace(is_training=1, model_id='FITS_exchange_rate_336_336_S_channels_1', model='FITS', data='custom', root_path='./dataset/', data_path='exchange_rate.csv', features='S', target='OT', freq='h', checkpoints='./checkpoints/', seq_len=336, label_len=48, pred_len=336, individual=False, embed_type=0, enc_in=7, dec_in=7, c_out=7, d_model=512, n_heads=8, e_layers=2, d_layers=1, d_ff=2048, moving_avg=25, factor=1, distil=True, dropout=0.05, embed='timeF', activation='gelu', output_attention=False, do_predict=False, num_workers=10, itr=1, train_epochs=10, batch_size=8, patience=3, learning_rate=0.0005, des='Exp', loss='mse', lradj='type1', use_amp=False, use_gpu=True, gpu=0, use_multi_gpu=False, devices='0,1,2,3', test_flop=False)
FITS_exchange_rate_336_336_S_channels_1_FITS_S_channels_7
Using GPU: NVIDIA GeForce RTX 4070 (cuda:0):
>>>>>>>start training : FITS_exchange_rate_336_336_S_channels_1_FITS_S_channels_7>>>>>>>>>>>>>>>>>>>>>>>>>>
train 4640
val 425
test 1182
	iters: 100, epoch: 1 | loss: 0.7487258
	speed: 0.0197s/iter; time left: 112.3003s
	iters: 200, epoch: 1 | loss: 0.4266842
	speed: 0.0052s/iter; time left: 29.2239s
	iters: 300, epoch: 1 | loss: 0.5725924
	speed: 0.0047s/iter; time left: 26.0437s
	iters: 400, epoch: 1 | loss: 0.5435463
	speed: 0.0047s/iter; time left: 25.1282s
	iters: 500, epoch: 1 | loss: 0.6727959
	speed: 0.0050s/iter; time left: 26.7340s
Epoch: 1 cost time: 3.9 seconds
Epoch: 1, Steps: 580 | Train Loss: 0.6785987 Vali Loss: 0.3586520 Test Loss: 0.4331389
Validation loss decreased (inf --> 0.358652).  Saving model ...
Updating learning rate to 0.0005
	iters: 100, epoch: 2 | loss: 0.7589120
	speed: 0.0253s/iter; time left: 129.7558s
	iters: 200, epoch: 2 | loss: 0.2583228
	speed: 0.0058s/iter; time left: 28.9863s
	iters: 300, epoch: 2 | loss: 0.9599012
	speed: 0.0056s/iter; time left: 27.6250s
	iters: 400, epoch: 2 | loss: 0.4853534
	speed: 0.0057s/iter; time left: 27.6038s
	iters: 500, epoch: 2 | loss: 1.1356825
	speed: 0.0058s/iter; time left: 27.3026s
Epoch: 2 cost time: 3.5 seconds
Epoch: 2, Steps: 580 | Train Loss: 0.5917851 Vali Loss: 0.3379115 Test Loss: 0.4122023
Validation loss decreased (0.358652 --> 0.337911).  Saving model ...
Updating learning rate to 0.00025
	iters: 100, epoch: 3 | loss: 0.4008286
	speed: 0.0258s/iter; time left: 117.3613s
	iters: 200, epoch: 3 | loss: 0.6841952
	speed: 0.0057s/iter; time left: 25.4514s
	iters: 300, epoch: 3 | loss: 0.4137546
	speed: 0.0061s/iter; time left: 26.3716s
	iters: 400, epoch: 3 | loss: 0.4573093
	speed: 0.0055s/iter; time left: 23.4070s
	iters: 500, epoch: 3 | loss: 0.5569496
	speed: 0.0057s/iter; time left: 23.6249s
Epoch: 3 cost time: 3.6 seconds
Epoch: 3, Steps: 580 | Train Loss: 0.5771481 Vali Loss: 0.3372355 Test Loss: 0.4083400
Validation loss decreased (0.337911 --> 0.337236).  Saving model ...
Updating learning rate to 0.000125
	iters: 100, epoch: 4 | loss: 0.7229089
	speed: 0.0265s/iter; time left: 105.0553s
	iters: 200, epoch: 4 | loss: 0.5932407
	speed: 0.0054s/iter; time left: 20.9214s
	iters: 300, epoch: 4 | loss: 0.5143642
	speed: 0.0056s/iter; time left: 21.1422s
	iters: 400, epoch: 4 | loss: 0.3305215
	speed: 0.0054s/iter; time left: 19.8134s
	iters: 500, epoch: 4 | loss: 0.6345650
	speed: 0.0059s/iter; time left: 21.1478s
Epoch: 4 cost time: 3.5 seconds
Epoch: 4, Steps: 580 | Train Loss: 0.5714944 Vali Loss: 0.3355320 Test Loss: 0.4064374
Validation loss decreased (0.337236 --> 0.335532).  Saving model ...
Updating learning rate to 6.25e-05
	iters: 100, epoch: 5 | loss: 0.4742316
	speed: 0.0285s/iter; time left: 96.3669s
	iters: 200, epoch: 5 | loss: 0.2491117
	speed: 0.0054s/iter; time left: 17.7395s
	iters: 300, epoch: 5 | loss: 0.7002800
	speed: 0.0059s/iter; time left: 18.8103s
	iters: 400, epoch: 5 | loss: 0.4263693
	speed: 0.0062s/iter; time left: 19.0675s
	iters: 500, epoch: 5 | loss: 0.4131378
	speed: 0.0073s/iter; time left: 21.7085s
Epoch: 5 cost time: 4.0 seconds
Epoch: 5, Steps: 580 | Train Loss: 0.5688531 Vali Loss: 0.3351886 Test Loss: 0.4055785
Validation loss decreased (0.335532 --> 0.335189).  Saving model ...
Updating learning rate to 3.125e-05
	iters: 100, epoch: 6 | loss: 0.6801518
	speed: 0.0286s/iter; time left: 80.2360s
	iters: 200, epoch: 6 | loss: 0.5905123
	speed: 0.0057s/iter; time left: 15.4851s
	iters: 300, epoch: 6 | loss: 0.5034154
	speed: 0.0052s/iter; time left: 13.4055s
	iters: 400, epoch: 6 | loss: 0.4250377
	speed: 0.0051s/iter; time left: 12.7922s
	iters: 500, epoch: 6 | loss: 0.9532236
	speed: 0.0055s/iter; time left: 13.2139s
Epoch: 6 cost time: 3.5 seconds
Epoch: 6, Steps: 580 | Train Loss: 0.5675831 Vali Loss: 0.3350404 Test Loss: 0.4051964
Validation loss decreased (0.335189 --> 0.335040).  Saving model ...
Updating learning rate to 1.5625e-05
	iters: 100, epoch: 7 | loss: 0.6625484
	speed: 0.0281s/iter; time left: 62.4103s
	iters: 200, epoch: 7 | loss: 0.4150507
	speed: 0.0057s/iter; time left: 12.0713s
	iters: 300, epoch: 7 | loss: 0.5481725
	speed: 0.0053s/iter; time left: 10.7092s
	iters: 400, epoch: 7 | loss: 0.4271850
	speed: 0.0067s/iter; time left: 12.8495s
	iters: 500, epoch: 7 | loss: 0.7450934
	speed: 0.0056s/iter; time left: 10.1846s
Epoch: 7 cost time: 3.6 seconds
Epoch: 7, Steps: 580 | Train Loss: 0.5669437 Vali Loss: 0.3353289 Test Loss: 0.4049938
EarlyStopping counter: 1 out of 3
Updating learning rate to 7.8125e-06
	iters: 100, epoch: 8 | loss: 0.3718272
	speed: 0.0253s/iter; time left: 41.5710s
	iters: 200, epoch: 8 | loss: 0.9414190
	speed: 0.0050s/iter; time left: 7.7366s
	iters: 300, epoch: 8 | loss: 0.8897264
	speed: 0.0050s/iter; time left: 7.2489s
	iters: 400, epoch: 8 | loss: 0.4221412
	speed: 0.0051s/iter; time left: 6.8571s
	iters: 500, epoch: 8 | loss: 0.7083795
	speed: 0.0052s/iter; time left: 6.4019s
Epoch: 8 cost time: 3.3 seconds
Epoch: 8, Steps: 580 | Train Loss: 0.5666332 Vali Loss: 0.3355028 Test Loss: 0.4048870
EarlyStopping counter: 2 out of 3
Updating learning rate to 3.90625e-06
	iters: 100, epoch: 9 | loss: 0.5008839
	speed: 0.0255s/iter; time left: 27.0159s
	iters: 200, epoch: 9 | loss: 0.7491364
	speed: 0.0051s/iter; time left: 4.9489s
	iters: 300, epoch: 9 | loss: 0.5807510
	speed: 0.0051s/iter; time left: 4.3908s
	iters: 400, epoch: 9 | loss: 0.5574234
	speed: 0.0052s/iter; time left: 3.9526s
	iters: 500, epoch: 9 | loss: 0.8875983
	speed: 0.0054s/iter; time left: 3.5521s
Epoch: 9 cost time: 3.3 seconds
Epoch: 9, Steps: 580 | Train Loss: 0.5664751 Vali Loss: 0.3358862 Test Loss: 0.4048446
EarlyStopping counter: 3 out of 3
Early stopping
>>>>>>>testing : FITS_exchange_rate_336_336_S_channels_1_FITS_S_channels_7<<<<<<<<<<<<<<<<<<<<<<<<<<<<<<<<<
test 1182
FITS_exchange_rate_336_336_S_channels_1_FITS_S_channels_7
Shapes: pred (1176, 336, 1), true (1176, 336, 1), naive_pred (1176, 336, 1)
Shapes: gt (147, 672), pd (147, 672), naive_pd (147, 672)
Final Metrics:
FITS_10         MSE: 0.405196   MAE: 0.484977   SE: 0.850832   RRMSE: 0.381744   RMAE: 0.290845   (numpy)
FITS_10         MSE: 0.405196   MAE: 0.484977   SE: 0.850832   RRMSE: 0.381744   RMAE: 0.290845   (torch)

Repeat       MSE: 0.370203   MAE: 0.467749   SE: 0.809456   RRMSE: 0.364888   RMAE: 0.280513   (numpy)
Repeat       MSE: 0.370203   MAE: 0.467749   SE: 0.809456   RRMSE: 0.364888   RMAE: 0.280513   (torch)


Model(
  (fits): FITS(
    (frequency_upsampler): Linear(in_features=168, out_features=336, bias=True)
  )
)
