Args in experiment:
Namespace(is_training=1, model_id='FITS_DLinear_GD_336_336_S_channels_1', model='FITS_DLinear', data='custom', root_path='./dataset/', data_path='GD.csv', features='S', target='Adj Close', freq='h', checkpoints='./checkpoints/', seq_len=336, label_len=48, pred_len=336, individual=False, embed_type=0, enc_in=6, dec_in=7, c_out=7, d_model=512, n_heads=8, e_layers=2, d_layers=1, d_ff=2048, moving_avg=25, factor=1, distil=True, dropout=0.05, embed='timeF', activation='gelu', output_attention=False, do_predict=False, num_workers=10, itr=1, train_epochs=10, batch_size=8, patience=3, learning_rate=0.0005, des='Exp', loss='mse', lradj='type1', use_amp=False, use_gpu=True, gpu=0, use_multi_gpu=False, devices='0,1,2,3', test_flop=False)
FITS_DLinear_GD_336_336_S_channels_1_FITS_DLinear_S_channels_6
Using GPU: NVIDIA GeForce RTX 4070 (cuda:0):
FITS cutoff frequency: 168
>>>>>>>start training : FITS_DLinear_GD_336_336_S_channels_1_FITS_DLinear_S_channels_6>>>>>>>>>>>>>>>>>>>>>>>>>>
train 10335
val 1239
test 2809
	iters: 100, epoch: 1 | loss: 0.0819590
	speed: 0.0207s/iter; time left: 265.0915s
	iters: 200, epoch: 1 | loss: 0.0623717
	speed: 0.0067s/iter; time left: 84.5689s
	iters: 300, epoch: 1 | loss: 0.0267942
	speed: 0.0069s/iter; time left: 86.6172s
	iters: 400, epoch: 1 | loss: 0.0145651
	speed: 0.0066s/iter; time left: 83.0417s
	iters: 500, epoch: 1 | loss: 0.0273647
	speed: 0.0070s/iter; time left: 87.4345s
	iters: 600, epoch: 1 | loss: 0.0101778
	speed: 0.0070s/iter; time left: 86.2402s
	iters: 700, epoch: 1 | loss: 0.0293799
	speed: 0.0069s/iter; time left: 84.5142s
	iters: 800, epoch: 1 | loss: 0.0134045
	speed: 0.0070s/iter; time left: 85.3168s
	iters: 900, epoch: 1 | loss: 0.0596274
	speed: 0.0070s/iter; time left: 84.0190s
	iters: 1000, epoch: 1 | loss: 0.0092403
	speed: 0.0071s/iter; time left: 84.8231s
	iters: 1100, epoch: 1 | loss: 0.0291895
	speed: 0.0077s/iter; time left: 91.4207s
	iters: 1200, epoch: 1 | loss: 0.0217605
	speed: 0.0072s/iter; time left: 84.5688s
Epoch: 1 cost time: 10.1 seconds
Epoch: 1, Steps: 1291 | Train Loss: 0.0507274 Vali Loss: 1.6140742 Test Loss: 9.3809509
Validation loss decreased (inf --> 1.614074).  Saving model ...
Updating learning rate to 0.0005
	iters: 100, epoch: 2 | loss: 0.0103079
	speed: 0.0494s/iter; time left: 569.0830s
	iters: 200, epoch: 2 | loss: 0.0625875
	speed: 0.0071s/iter; time left: 80.7851s
	iters: 300, epoch: 2 | loss: 0.0061753
	speed: 0.0070s/iter; time left: 79.1567s
	iters: 400, epoch: 2 | loss: 0.0156395
	speed: 0.0074s/iter; time left: 83.4083s
	iters: 500, epoch: 2 | loss: 0.0088453
	speed: 0.0072s/iter; time left: 79.5544s
	iters: 600, epoch: 2 | loss: 0.0130635
	speed: 0.0074s/iter; time left: 81.2432s
	iters: 700, epoch: 2 | loss: 0.0419476
	speed: 0.0071s/iter; time left: 77.9401s
	iters: 800, epoch: 2 | loss: 0.0104678
	speed: 0.0071s/iter; time left: 77.0690s
	iters: 900, epoch: 2 | loss: 0.1025148
	speed: 0.0072s/iter; time left: 76.6611s
	iters: 1000, epoch: 2 | loss: 0.0377456
	speed: 0.0066s/iter; time left: 70.3684s
	iters: 1100, epoch: 2 | loss: 0.0223119
	speed: 0.0074s/iter; time left: 77.5360s
	iters: 1200, epoch: 2 | loss: 0.0063119
	speed: 0.0073s/iter; time left: 75.7511s
Epoch: 2 cost time: 9.7 seconds
Epoch: 2, Steps: 1291 | Train Loss: 0.0438142 Vali Loss: 2.1244020 Test Loss: 9.7442350
EarlyStopping counter: 1 out of 3
Updating learning rate to 0.00025
	iters: 100, epoch: 3 | loss: 0.0340803
	speed: 0.0475s/iter; time left: 486.2994s
	iters: 200, epoch: 3 | loss: 0.0063738
	speed: 0.0073s/iter; time left: 74.2233s
	iters: 300, epoch: 3 | loss: 0.0228257
	speed: 0.0073s/iter; time left: 73.0328s
	iters: 400, epoch: 3 | loss: 0.0101636
	speed: 0.0070s/iter; time left: 69.7851s
	iters: 500, epoch: 3 | loss: 0.0177670
	speed: 0.0075s/iter; time left: 73.2370s
	iters: 600, epoch: 3 | loss: 0.0402701
	speed: 0.0069s/iter; time left: 67.3530s
	iters: 700, epoch: 3 | loss: 0.1521646
	speed: 0.0066s/iter; time left: 63.5875s
	iters: 800, epoch: 3 | loss: 0.0072882
	speed: 0.0068s/iter; time left: 64.7652s
	iters: 900, epoch: 3 | loss: 0.0376491
	speed: 0.0070s/iter; time left: 65.7421s
	iters: 1000, epoch: 3 | loss: 0.0042246
	speed: 0.0071s/iter; time left: 65.9570s
	iters: 1100, epoch: 3 | loss: 0.0141201
	speed: 0.0071s/iter; time left: 65.2215s
	iters: 1200, epoch: 3 | loss: 0.0051168
	speed: 0.0069s/iter; time left: 63.3575s
Epoch: 3 cost time: 9.4 seconds
Epoch: 3, Steps: 1291 | Train Loss: 0.0388803 Vali Loss: 1.5865363 Test Loss: 8.6852932
Validation loss decreased (1.614074 --> 1.586536).  Saving model ...
Updating learning rate to 0.000125
	iters: 100, epoch: 4 | loss: 0.0391230
	speed: 0.0445s/iter; time left: 398.0761s
	iters: 200, epoch: 4 | loss: 0.0055756
	speed: 0.0073s/iter; time left: 64.1241s
	iters: 300, epoch: 4 | loss: 0.0321775
	speed: 0.0073s/iter; time left: 63.3507s
	iters: 400, epoch: 4 | loss: 0.0046949
	speed: 0.0072s/iter; time left: 62.2911s
	iters: 500, epoch: 4 | loss: 0.1025974
	speed: 0.0073s/iter; time left: 62.3660s
	iters: 600, epoch: 4 | loss: 0.0953901
	speed: 0.0069s/iter; time left: 58.4447s
	iters: 700, epoch: 4 | loss: 0.1427605
	speed: 0.0068s/iter; time left: 56.3654s
	iters: 800, epoch: 4 | loss: 0.0078369
	speed: 0.0072s/iter; time left: 59.2488s
	iters: 900, epoch: 4 | loss: 0.0087709
	speed: 0.0070s/iter; time left: 57.2848s
	iters: 1000, epoch: 4 | loss: 0.0075841
	speed: 0.0074s/iter; time left: 59.0839s
	iters: 1100, epoch: 4 | loss: 0.0107524
	speed: 0.0070s/iter; time left: 55.2346s
	iters: 1200, epoch: 4 | loss: 0.0298958
	speed: 0.0072s/iter; time left: 56.4585s
Epoch: 4 cost time: 9.5 seconds
Epoch: 4, Steps: 1291 | Train Loss: 0.0355751 Vali Loss: 2.1410296 Test Loss: 9.3732052
EarlyStopping counter: 1 out of 3
Updating learning rate to 6.25e-05
	iters: 100, epoch: 5 | loss: 0.0441166
	speed: 0.0453s/iter; time left: 346.3950s
	iters: 200, epoch: 5 | loss: 0.0095061
	speed: 0.0076s/iter; time left: 57.4360s
	iters: 300, epoch: 5 | loss: 0.0047279
	speed: 0.0075s/iter; time left: 56.2248s
	iters: 400, epoch: 5 | loss: 0.0344912
	speed: 0.0070s/iter; time left: 51.5971s
	iters: 500, epoch: 5 | loss: 0.0014396
	speed: 0.0072s/iter; time left: 51.9659s
	iters: 600, epoch: 5 | loss: 0.0633853
	speed: 0.0084s/iter; time left: 59.9230s
	iters: 700, epoch: 5 | loss: 0.0154960
	speed: 0.0066s/iter; time left: 46.7802s
	iters: 800, epoch: 5 | loss: 0.0072239
	speed: 0.0070s/iter; time left: 48.7702s
	iters: 900, epoch: 5 | loss: 0.0454962
	speed: 0.0070s/iter; time left: 47.8661s
	iters: 1000, epoch: 5 | loss: 0.0126807
	speed: 0.0072s/iter; time left: 48.8039s
	iters: 1100, epoch: 5 | loss: 0.0061562
	speed: 0.0081s/iter; time left: 53.8512s
	iters: 1200, epoch: 5 | loss: 0.1132502
	speed: 0.0068s/iter; time left: 44.7438s
Epoch: 5 cost time: 9.9 seconds
Epoch: 5, Steps: 1291 | Train Loss: 0.0343805 Vali Loss: 1.6538403 Test Loss: 8.1068573
EarlyStopping counter: 2 out of 3
Updating learning rate to 3.125e-05
	iters: 100, epoch: 6 | loss: 0.0137801
	speed: 0.0478s/iter; time left: 303.8186s
	iters: 200, epoch: 6 | loss: 0.0507145
	speed: 0.0074s/iter; time left: 46.5220s
	iters: 300, epoch: 6 | loss: 0.0035151
	speed: 0.0076s/iter; time left: 46.8225s
	iters: 400, epoch: 6 | loss: 0.0053920
	speed: 0.0073s/iter; time left: 43.9977s
	iters: 500, epoch: 6 | loss: 0.1128309
	speed: 0.0071s/iter; time left: 42.3616s
	iters: 600, epoch: 6 | loss: 0.0137677
	speed: 0.0077s/iter; time left: 44.9581s
	iters: 700, epoch: 6 | loss: 0.0345675
	speed: 0.0078s/iter; time left: 45.1133s
	iters: 800, epoch: 6 | loss: 0.0328394
	speed: 0.0067s/iter; time left: 38.1067s
	iters: 900, epoch: 6 | loss: 0.0494852
	speed: 0.0070s/iter; time left: 38.6490s
	iters: 1000, epoch: 6 | loss: 0.0261315
	speed: 0.0067s/iter; time left: 36.8183s
	iters: 1100, epoch: 6 | loss: 0.0191591
	speed: 0.0068s/iter; time left: 36.1894s
	iters: 1200, epoch: 6 | loss: 0.0114951
	speed: 0.0066s/iter; time left: 34.5779s
Epoch: 6 cost time: 9.6 seconds
Epoch: 6, Steps: 1291 | Train Loss: 0.0336208 Vali Loss: 2.1992345 Test Loss: 9.4563589
EarlyStopping counter: 3 out of 3
Early stopping
>>>>>>>testing : FITS_DLinear_GD_336_336_S_channels_1_FITS_DLinear_S_channels_6<<<<<<<<<<<<<<<<<<<<<<<<<<<<<<<<<
test 2809
FITS_DLinear_GD_336_336_S_channels_1_FITS_DLinear_S_channels_6
Shapes: pred (2808, 336, 1), true (2808, 336, 1), naive_pred (2808, 336, 1)
Shapes: gt (351, 672), pd (351, 672), naive_pd (351, 672)
Final Metrics:
FITS_DLinear MSE: 8.685295   MAE: 2.286567   SE: 16.112692  RRMSE: 0.191323   RMAE: 0.148443   (numpy)
FITS_DLinear MSE: 8.685293   MAE: 2.286568   SE: 16.112692  RRMSE: 0.191323   RMAE: 0.148443   (torch)

Repeat       MSE: 7.578791   MAE: 2.093492   SE: 17.440411  RRMSE: 0.178721   RMAE: 0.135908   (numpy)
Repeat       MSE: 7.578791   MAE: 2.093491   SE: 17.440411  RRMSE: 0.178721   RMAE: 0.135908   (torch)


Model(
  (decomposition): SeriesDecomp(
    (moving_avg): MovingAvg(
      (avg): AvgPool1d(kernel_size=(25,), stride=(1,), padding=(0,))
    )
  )
  (fits): FITS(
    (frequency_upsampler): Linear(in_features=168, out_features=336, bias=True)
  )
  (Linear_Seasonal): Linear(in_features=672, out_features=336, bias=True)
  (Linear_Trend): Linear(in_features=336, out_features=336, bias=True)
)
