Args in experiment:
Namespace(is_training=1, model_id='exchange_rate_336_96_S_channels_8', model='FITS10', data='custom', root_path='./dataset/', data_path='exchange_rate.csv', features='S', target='OT', freq='h', checkpoints='./checkpoints/', seq_len=336, label_len=48, pred_len=96, individual=False, embed_type=0, enc_in=8, dec_in=7, c_out=7, d_model=512, n_heads=8, e_layers=2, d_layers=1, d_ff=2048, moving_avg=25, factor=1, distil=True, dropout=0.05, embed='timeF', activation='gelu', output_attention=False, do_predict=False, num_workers=0, itr=1, train_epochs=10, batch_size=8, patience=3, learning_rate=0.0005, des='Exp', loss='mse', lradj='type1', use_amp=False, use_gpu=False, gpu=0, use_multi_gpu=False, devices='0,1,2,3', test_flop=False)
exchange_rate_336_96_S_channels_8
Use CPU
FITS cutoff frequency: 10

Model(
  (fits): FITS(
    (frequency_upsampler): Linear(in_features=10, out_features=12, bias=True)
  )
)

>>>>>>>start training : exchange_rate_336_96_S_channels_8>>>>>>>>>>>>>>>>>>>>>>>>>>

train 4880
val 665
test 1422
	iters: 100, epoch: 1 | loss: 0.2440242
	speed: 0.0037s/iter; time left: 22.2521s
	iters: 200, epoch: 1 | loss: 0.4417954
	speed: 0.0004s/iter; time left: 2.1027s
	iters: 300, epoch: 1 | loss: 0.2007709
	speed: 0.0004s/iter; time left: 2.1851s
	iters: 400, epoch: 1 | loss: 0.0477866
	speed: 0.0004s/iter; time left: 2.1363s
	iters: 500, epoch: 1 | loss: 0.2704290
	speed: 0.0003s/iter; time left: 1.9574s
	iters: 600, epoch: 1 | loss: 0.1813468
	speed: 0.0004s/iter; time left: 1.9541s
Epoch: 1 cost time: 0.2s
Epoch: 1, Steps: 610 | Train Loss: 0.2507091 Vali Loss: 0.1921573 Test Loss: 0.1430940
Validation loss decreased (inf --> 0.192157).  Saving model ...
Updating learning rate to 0.0005
	iters: 100, epoch: 2 | loss: 0.3644137
	speed: 0.0009s/iter; time left: 4.8550s
	iters: 200, epoch: 2 | loss: 0.2262414
	speed: 0.0003s/iter; time left: 1.8211s
	iters: 300, epoch: 2 | loss: 0.1631867
	speed: 0.0003s/iter; time left: 1.7711s
	iters: 400, epoch: 2 | loss: 0.2768095
	speed: 0.0003s/iter; time left: 1.7413s
	iters: 500, epoch: 2 | loss: 0.1168593
	speed: 0.0003s/iter; time left: 1.7274s
	iters: 600, epoch: 2 | loss: 0.1085070
	speed: 0.0004s/iter; time left: 1.9242s
Epoch: 2 cost time: 0.2s
Epoch: 2, Steps: 610 | Train Loss: 0.1753543 Vali Loss: 0.2037819 Test Loss: 0.1281555
EarlyStopping counter: 1 out of 3
Updating learning rate to 0.00025
	iters: 100, epoch: 3 | loss: 0.1039562
	speed: 0.0009s/iter; time left: 4.2945s
	iters: 200, epoch: 3 | loss: 0.0955237
	speed: 0.0003s/iter; time left: 1.6208s
	iters: 300, epoch: 3 | loss: 0.1220160
	speed: 0.0003s/iter; time left: 1.5852s
	iters: 400, epoch: 3 | loss: 0.3400771
	speed: 0.0003s/iter; time left: 1.5281s
	iters: 500, epoch: 3 | loss: 0.1627227
	speed: 0.0003s/iter; time left: 1.5033s
	iters: 600, epoch: 3 | loss: 0.3799869
	speed: 0.0003s/iter; time left: 1.4500s
Epoch: 3 cost time: 0.2s
Epoch: 3, Steps: 610 | Train Loss: 0.1549969 Vali Loss: 0.2077009 Test Loss: 0.1250730
EarlyStopping counter: 2 out of 3
Updating learning rate to 0.000125
	iters: 100, epoch: 4 | loss: 0.1250451
	speed: 0.0009s/iter; time left: 3.7998s
	iters: 200, epoch: 4 | loss: 0.0868958
	speed: 0.0003s/iter; time left: 1.3808s
	iters: 300, epoch: 4 | loss: 0.0540620
	speed: 0.0003s/iter; time left: 1.3626s
	iters: 400, epoch: 4 | loss: 0.1539754
	speed: 0.0003s/iter; time left: 1.3280s
	iters: 500, epoch: 4 | loss: 0.1302891
	speed: 0.0003s/iter; time left: 1.2974s
	iters: 600, epoch: 4 | loss: 0.2139831
	speed: 0.0003s/iter; time left: 1.2359s
Epoch: 4 cost time: 0.2s
Epoch: 4, Steps: 610 | Train Loss: 0.1483603 Vali Loss: 0.2105911 Test Loss: 0.1238527
EarlyStopping counter: 3 out of 3
Early stopping
>>>>>>>testing : exchange_rate_336_96_S_channels_8<<<<<<<<<<<<<<<<<<<<<<<<<<<<<<<<<
test 1422

Final Metrics:

FITS10       MSE: 0.143094   MAE: 0.302517   SE: 0.275791   RRMSE: 0.225679   RMAE: 0.180480   (numpy)
FITS10       MSE: 0.143094   MAE: 0.302517   SE: 0.275791   RRMSE: 0.225679   RMAE: 0.180480   (torch)

Repeat       MSE: 0.087784   MAE: 0.220754   SE: 0.178736   RRMSE: 0.176762   RMAE: 0.131701   (numpy)
Repeat       MSE: 0.087784   MAE: 0.220754   SE: 0.178736   RRMSE: 0.176762   RMAE: 0.131701   (torch)

Shapes: pred (1416, 96, 1), true (1416, 96, 1), naive_pred (1416, 96, 1), gt (1416, 432, 1), metrics {'FITS10': {'mse': 0.14309396, 'mae': 0.30251682, 'se': 0.27579138, 'relative_rmse': 0.22567852, 'relative_mae': 0.18048, 'mse_torch': 0.14309397339820862, 'mae_torch': 0.30251678824424744, 'se_torch': 0.27579134702682495, 'relative_rmse_torch': 0.22567852366851085, 'relative_mae_torch': 0.18047998301662566}, 'Repeat': {'mse': 0.08778446, 'mae': 0.2207538, 'se': 0.1787358, 'relative_rmse': 0.17676179, 'relative_mae': 0.1317006, 'mse_torch': 0.08778446912765503, 'mae_torch': 0.22075381875038147, 'se_torch': 0.17873577773571014, 'relative_rmse_torch': 0.17676179537314649, 'relative_mae_torch': 0.13170060970882902}}
