Args in experiment:
Namespace(is_training=1, model_id='exchange_rate_336_336_M_channels_8', model='DLinear', data='custom', root_path='./dataset/', data_path='exchange_rate.csv', features='M', target='OT', freq='h', checkpoints='./checkpoints/', seq_len=336, label_len=48, pred_len=336, individual=False, embed_type=0, enc_in=8, dec_in=7, c_out=7, d_model=512, n_heads=8, e_layers=2, d_layers=1, d_ff=2048, moving_avg=25, factor=1, distil=True, dropout=0.05, embed='timeF', activation='gelu', output_attention=False, do_predict=False, num_workers=0, itr=1, train_epochs=10, batch_size=8, patience=3, learning_rate=0.0005, des='Exp', loss='mse', lradj='type1', use_amp=False, use_gpu=False, gpu=0, use_multi_gpu=False, devices='0,1,2,3', test_flop=False)
exchange_rate_336_336_M_channels_8
Use CPU

Model(
  (decompsition): series_decomp(
    (moving_avg): moving_avg(
      (avg): AvgPool1d(kernel_size=(25,), stride=(1,), padding=(0,))
    )
  )
  (Linear_Seasonal): Linear(in_features=336, out_features=336, bias=True)
  (Linear_Trend): Linear(in_features=336, out_features=336, bias=True)
  (Linear_Decoder): Linear(in_features=336, out_features=336, bias=True)
)

>>>>>>>start training : exchange_rate_336_336_M_channels_8>>>>>>>>>>>>>>>>>>>>>>>>>>

train 4640
val 425
test 1182
	iters: 100, epoch: 1 | loss: 0.3632536
	speed: 0.0075s/iter; time left: 42.8696s
	iters: 200, epoch: 1 | loss: 0.1986330
	speed: 0.0047s/iter; time left: 26.3282s
	iters: 300, epoch: 1 | loss: 0.3260362
	speed: 0.0024s/iter; time left: 12.9806s
	iters: 400, epoch: 1 | loss: 0.5490734
	speed: 0.0037s/iter; time left: 20.0099s
	iters: 500, epoch: 1 | loss: 0.4520192
	speed: 0.0037s/iter; time left: 19.6575s
Epoch: 1 cost time: 2.2s
Epoch: 1, Steps: 580 | Train Loss: 0.4037722 Vali Loss: 0.8047584 Test Loss: 0.2992852
Validation loss decreased (inf --> 0.804758).  Saving model ...
Updating learning rate to 0.0005
	iters: 100, epoch: 2 | loss: 0.4445744
	speed: 0.0086s/iter; time left: 44.1895s
	iters: 200, epoch: 2 | loss: 0.1876303
	speed: 0.0031s/iter; time left: 15.6515s
	iters: 300, epoch: 2 | loss: 0.3482082
	speed: 0.0036s/iter; time left: 17.7907s
	iters: 400, epoch: 2 | loss: 0.2474617
	speed: 0.0042s/iter; time left: 20.4196s
	iters: 500, epoch: 2 | loss: 0.4702520
	speed: 0.0028s/iter; time left: 13.0434s
Epoch: 2 cost time: 1.9s
Epoch: 2, Steps: 580 | Train Loss: 0.3845444 Vali Loss: 0.9299761 Test Loss: 0.3253516
EarlyStopping counter: 1 out of 3
Updating learning rate to 0.00025
	iters: 100, epoch: 3 | loss: 0.3833686
	speed: 0.0072s/iter; time left: 32.6007s
	iters: 200, epoch: 3 | loss: 0.2599636
	speed: 0.0047s/iter; time left: 20.7384s
	iters: 300, epoch: 3 | loss: 0.3490108
	speed: 0.0090s/iter; time left: 39.1445s
	iters: 400, epoch: 3 | loss: 0.3295802
	speed: 0.0052s/iter; time left: 22.1224s
	iters: 500, epoch: 3 | loss: 0.2931992
	speed: 0.0039s/iter; time left: 16.2763s
Epoch: 3 cost time: 2.9s
Epoch: 3, Steps: 580 | Train Loss: 0.3734242 Vali Loss: 0.8343892 Test Loss: 0.3020738
EarlyStopping counter: 2 out of 3
Updating learning rate to 0.000125
	iters: 100, epoch: 4 | loss: 0.4434443
	speed: 0.0100s/iter; time left: 39.7129s
	iters: 200, epoch: 4 | loss: 0.5251034
	speed: 0.0036s/iter; time left: 13.9337s
	iters: 300, epoch: 4 | loss: 0.2511770
	speed: 0.0030s/iter; time left: 11.2594s
	iters: 400, epoch: 4 | loss: 0.3035653
	speed: 0.0028s/iter; time left: 10.3161s
	iters: 500, epoch: 4 | loss: 0.4014680
	speed: 0.0029s/iter; time left: 10.3621s
Epoch: 4 cost time: 1.9s
Epoch: 4, Steps: 580 | Train Loss: 0.3697386 Vali Loss: 1.2294409 Test Loss: 0.5073345
EarlyStopping counter: 3 out of 3
Early stopping
>>>>>>>testing : exchange_rate_336_336_M_channels_8<<<<<<<<<<<<<<<<<<<<<<<<<<<<<<<<<
test 1182

Final Metrics:

DLinear      MSE: 0.299285   MAE: 0.416827   SE: 0.491843   RRMSE: 0.384426   RMAE: 0.292904   (numpy)
DLinear      MSE: 0.299285   MAE: 0.416827   SE: 0.491843   RRMSE: 0.384426   RMAE: 0.292904   (torch)

Repeat       MSE: 0.305604   MAE: 0.397465   SE: 0.625618   RRMSE: 0.388463   RMAE: 0.279299   (numpy)
Repeat       MSE: 0.305604   MAE: 0.397465   SE: 0.625618   RRMSE: 0.388463   RMAE: 0.279299   (torch)

Shapes: pred (1176, 336, 8), true (1176, 336, 8), naive_pred (1176, 336, 8), gt (1176, 672, 8), metrics {'DLinear': {'mse': 0.2992852, 'mae': 0.41682696, 'se': 0.49184334, 'relative_rmse': 0.38442585, 'relative_mae': 0.2929043, 'mse_torch': 0.29928523302078247, 'mae_torch': 0.4168269634246826, 'se_torch': 0.4918432831764221, 'relative_rmse_torch': 0.38442584290481463, 'relative_mae_torch': 0.29290429188047495}, 'Repeat': {'mse': 0.3056037, 'mae': 0.3974653, 'se': 0.62561846, 'relative_rmse': 0.38846263, 'relative_mae': 0.27929884, 'mse_torch': 0.30560362339019775, 'mae_torch': 0.3974652588367462, 'se_torch': 0.6256184577941895, 'relative_rmse_torch': 0.3884625712014287, 'relative_mae_torch': 0.27929882277805884}}
