Args in experiment:
Namespace(is_training=1, model_id='GD_336_720_M_channels_6', model='FITS_DLinear', data='custom', root_path='./dataset/', data_path='GD.csv', features='M', target='Adj Close', freq='h', checkpoints='./checkpoints/', seq_len=336, label_len=48, pred_len=720, individual=False, embed_type=0, enc_in=6, dec_in=7, c_out=7, d_model=512, n_heads=8, e_layers=2, d_layers=1, d_ff=2048, moving_avg=25, factor=1, distil=True, dropout=0.05, embed='timeF', activation='gelu', output_attention=False, do_predict=False, num_workers=10, itr=1, train_epochs=10, batch_size=8, patience=3, learning_rate=0.0005, des='Exp', loss='mse', lradj='type1', use_amp=False, use_gpu=True, gpu=0, use_multi_gpu=False, devices='0,1,2,3', test_flop=False)
GD_336_720_M_channels_6
Using GPU: NVIDIA GeForce RTX 4070 (cuda:0):
FITS cutoff frequency: 168

Model(
  (decomposition): SeriesDecomp(
    (moving_avg): MovingAvg(
      (avg): AvgPool1d(kernel_size=(25,), stride=(1,), padding=(0,))
    )
  )
  (fits): FITS(
    (frequency_upsampler): Linear(in_features=168, out_features=528, bias=True)
  )
  (Linear_Seasonal): Linear(in_features=1056, out_features=720, bias=True)
  (Linear_Trend): Linear(in_features=336, out_features=720, bias=True)
)

>>>>>>>start training : GD_336_720_M_channels_6>>>>>>>>>>>>>>>>>>>>>>>>>>

train 9951
val 855
test 2425
	iters: 100, epoch: 1 | loss: 0.3760123
	speed: 0.0215s/iter; time left: 264.6730s
	iters: 200, epoch: 1 | loss: 0.2481993
	speed: 0.0064s/iter; time left: 78.5830s
	iters: 300, epoch: 1 | loss: 0.2685359
	speed: 0.0068s/iter; time left: 82.9685s
	iters: 400, epoch: 1 | loss: 0.2585162
	speed: 0.0063s/iter; time left: 76.2728s
	iters: 500, epoch: 1 | loss: 0.3929151
	speed: 0.0064s/iter; time left: 76.2168s
	iters: 600, epoch: 1 | loss: 0.1779352
	speed: 0.0062s/iter; time left: 73.0885s
	iters: 700, epoch: 1 | loss: 0.1828036
	speed: 0.0088s/iter; time left: 103.6525s
	iters: 800, epoch: 1 | loss: 0.5518278
	speed: 0.0067s/iter; time left: 77.7426s
	iters: 900, epoch: 1 | loss: 0.2017937
	speed: 0.0059s/iter; time left: 68.3243s
	iters: 1000, epoch: 1 | loss: 0.1583742
	speed: 0.0058s/iter; time left: 65.8927s
	iters: 1100, epoch: 1 | loss: 0.1408432
	speed: 0.0066s/iter; time left: 74.7691s
	iters: 1200, epoch: 1 | loss: 0.1358890
	speed: 0.0061s/iter; time left: 68.8145s
Epoch: 1 cost time: 9.2s
Epoch: 1, Steps: 1243 | Train Loss: 0.2336377 Vali Loss: 3.2354953 Test Loss: 9.0902586
Validation loss decreased (inf --> 3.235495).  Saving model ...
Updating learning rate to 0.0005
	iters: 100, epoch: 2 | loss: 0.2350270
	speed: 0.0340s/iter; time left: 376.7592s
	iters: 200, epoch: 2 | loss: 0.2171674
	speed: 0.0061s/iter; time left: 67.5299s
	iters: 300, epoch: 2 | loss: 0.3049530
	speed: 0.0057s/iter; time left: 61.7373s
	iters: 400, epoch: 2 | loss: 0.2504316
	speed: 0.0060s/iter; time left: 64.5201s
	iters: 500, epoch: 2 | loss: 0.1820838
	speed: 0.0059s/iter; time left: 62.6500s
	iters: 600, epoch: 2 | loss: 0.2094115
	speed: 0.0056s/iter; time left: 58.8575s
	iters: 700, epoch: 2 | loss: 0.1393779
	speed: 0.0058s/iter; time left: 61.2473s
	iters: 800, epoch: 2 | loss: 0.1648408
	speed: 0.0061s/iter; time left: 63.5326s
	iters: 900, epoch: 2 | loss: 0.3781574
	speed: 0.0061s/iter; time left: 62.5150s
	iters: 1000, epoch: 2 | loss: 0.2859984
	speed: 0.0061s/iter; time left: 61.9599s
	iters: 1100, epoch: 2 | loss: 0.2595057
	speed: 0.0066s/iter; time left: 66.3302s
	iters: 1200, epoch: 2 | loss: 0.1335669
	speed: 0.0065s/iter; time left: 64.8434s
Epoch: 2 cost time: 7.8s
Epoch: 2, Steps: 1243 | Train Loss: 0.2170660 Vali Loss: 4.8073511 Test Loss: 11.6254768
EarlyStopping counter: 1 out of 3
Updating learning rate to 0.00025
	iters: 100, epoch: 3 | loss: 0.3249620
	speed: 0.0329s/iter; time left: 324.2880s
	iters: 200, epoch: 3 | loss: 0.1745666
	speed: 0.0056s/iter; time left: 54.6044s
	iters: 300, epoch: 3 | loss: 0.2288929
	speed: 0.0059s/iter; time left: 56.8033s
	iters: 400, epoch: 3 | loss: 0.2645907
	speed: 0.0058s/iter; time left: 55.2749s
	iters: 500, epoch: 3 | loss: 0.2908112
	speed: 0.0062s/iter; time left: 58.1214s
	iters: 600, epoch: 3 | loss: 0.1719908
	speed: 0.0056s/iter; time left: 52.0939s
	iters: 700, epoch: 3 | loss: 0.2085159
	speed: 0.0062s/iter; time left: 56.9178s
	iters: 800, epoch: 3 | loss: 0.1248796
	speed: 0.0058s/iter; time left: 52.8974s
	iters: 900, epoch: 3 | loss: 0.2619107
	speed: 0.0060s/iter; time left: 54.6641s
	iters: 1000, epoch: 3 | loss: 0.2963987
	speed: 0.0063s/iter; time left: 56.4794s
	iters: 1100, epoch: 3 | loss: 0.1369717
	speed: 0.0065s/iter; time left: 57.6238s
	iters: 1200, epoch: 3 | loss: 0.3609824
	speed: 0.0058s/iter; time left: 50.7347s
Epoch: 3 cost time: 7.7s
Epoch: 3, Steps: 1243 | Train Loss: 0.2068335 Vali Loss: 2.5921466 Test Loss: 8.6782589
Validation loss decreased (3.235495 --> 2.592147).  Saving model ...
Updating learning rate to 0.000125
	iters: 100, epoch: 4 | loss: 0.3309588
	speed: 0.0342s/iter; time left: 294.2382s
	iters: 200, epoch: 4 | loss: 0.2769535
	speed: 0.0061s/iter; time left: 52.1109s
	iters: 300, epoch: 4 | loss: 0.2081678
	speed: 0.0059s/iter; time left: 49.3146s
	iters: 400, epoch: 4 | loss: 0.3241389
	speed: 0.0057s/iter; time left: 47.5469s
	iters: 500, epoch: 4 | loss: 0.2775869
	speed: 0.0057s/iter; time left: 46.9038s
	iters: 600, epoch: 4 | loss: 0.1004405
	speed: 0.0058s/iter; time left: 47.2326s
	iters: 700, epoch: 4 | loss: 0.2735385
	speed: 0.0058s/iter; time left: 46.5908s
	iters: 800, epoch: 4 | loss: 0.1415968
	speed: 0.0059s/iter; time left: 46.4419s
	iters: 900, epoch: 4 | loss: 0.1528967
	speed: 0.0057s/iter; time left: 44.6094s
	iters: 1000, epoch: 4 | loss: 0.1324870
	speed: 0.0055s/iter; time left: 42.5412s
	iters: 1100, epoch: 4 | loss: 0.1415298
	speed: 0.0056s/iter; time left: 42.6620s
	iters: 1200, epoch: 4 | loss: 0.1414860
	speed: 0.0056s/iter; time left: 41.8317s
Epoch: 4 cost time: 7.5s
Epoch: 4, Steps: 1243 | Train Loss: 0.2010808 Vali Loss: 3.0520134 Test Loss: 8.6500397
EarlyStopping counter: 1 out of 3
Updating learning rate to 6.25e-05
	iters: 100, epoch: 5 | loss: 0.1819419
	speed: 0.0355s/iter; time left: 261.1054s
	iters: 200, epoch: 5 | loss: 0.1379310
	speed: 0.0068s/iter; time left: 49.0659s
	iters: 300, epoch: 5 | loss: 0.2150033
	speed: 0.0066s/iter; time left: 47.1424s
	iters: 400, epoch: 5 | loss: 0.1392413
	speed: 0.0062s/iter; time left: 43.4313s
	iters: 500, epoch: 5 | loss: 0.3507839
	speed: 0.0060s/iter; time left: 41.9910s
	iters: 600, epoch: 5 | loss: 0.1617811
	speed: 0.0067s/iter; time left: 45.6973s
	iters: 700, epoch: 5 | loss: 0.2306769
	speed: 0.0065s/iter; time left: 43.8856s
	iters: 800, epoch: 5 | loss: 0.2897012
	speed: 0.0067s/iter; time left: 44.3661s
	iters: 900, epoch: 5 | loss: 0.1988715
	speed: 0.0062s/iter; time left: 40.5207s
	iters: 1000, epoch: 5 | loss: 0.1532669
	speed: 0.0073s/iter; time left: 46.9227s
	iters: 1100, epoch: 5 | loss: 0.1193233
	speed: 0.0068s/iter; time left: 43.0999s
	iters: 1200, epoch: 5 | loss: 0.2692961
	speed: 0.0089s/iter; time left: 55.6994s
Epoch: 5 cost time: 8.7s
Epoch: 5, Steps: 1243 | Train Loss: 0.1975955 Vali Loss: 3.1574161 Test Loss: 8.5353870
EarlyStopping counter: 2 out of 3
Updating learning rate to 3.125e-05
	iters: 100, epoch: 6 | loss: 0.1001891
	speed: 0.0390s/iter; time left: 238.3967s
	iters: 200, epoch: 6 | loss: 0.2498490
	speed: 0.0069s/iter; time left: 41.4363s
	iters: 300, epoch: 6 | loss: 0.1228473
	speed: 0.0070s/iter; time left: 41.3277s
	iters: 400, epoch: 6 | loss: 0.1799069
	speed: 0.0064s/iter; time left: 37.3778s
	iters: 500, epoch: 6 | loss: 0.2769652
	speed: 0.0059s/iter; time left: 33.6521s
	iters: 600, epoch: 6 | loss: 0.1469732
	speed: 0.0056s/iter; time left: 31.6837s
	iters: 700, epoch: 6 | loss: 0.1458626
	speed: 0.0056s/iter; time left: 30.8674s
	iters: 800, epoch: 6 | loss: 0.1999529
	speed: 0.0061s/iter; time left: 33.2446s
	iters: 900, epoch: 6 | loss: 0.1719024
	speed: 0.0059s/iter; time left: 31.4630s
	iters: 1000, epoch: 6 | loss: 0.2074114
	speed: 0.0059s/iter; time left: 30.8576s
	iters: 1100, epoch: 6 | loss: 0.2579818
	speed: 0.0058s/iter; time left: 29.9281s
	iters: 1200, epoch: 6 | loss: 0.1460841
	speed: 0.0065s/iter; time left: 32.7218s
Epoch: 6 cost time: 8.2s
Epoch: 6, Steps: 1243 | Train Loss: 0.1956022 Vali Loss: 2.9569941 Test Loss: 8.4508524
EarlyStopping counter: 3 out of 3
Early stopping
>>>>>>>testing : GD_336_720_M_channels_6<<<<<<<<<<<<<<<<<<<<<<<<<<<<<<<<<
test 2425
Shapes: inputs (2424, 336, 6), trues (2424, 720, 6)
Final Metrics:
FITS_DLinear MSE: 8.678262   MAE: 2.288194   SE: 15.242016  RRMSE: 0.292944   RMAE: 0.227542   (numpy)
FITS_DLinear MSE: 8.678258   MAE: 2.288195   SE: 15.242017  RRMSE: 0.292944   RMAE: 0.227542   (torch)

Repeat       MSE: 9.859303   MAE: 2.366078   SE: 21.450809  RRMSE: 0.312242   RMAE: 0.235287   (numpy)
Repeat       MSE: 9.859306   MAE: 2.366079   SE: 21.450809  RRMSE: 0.312242   RMAE: 0.235287   (torch)

Shapes: pred (2424, 720, 6), true (2424, 720, 6), naive_pred (2424, 720, 6), gt (2424, 1056, 6), metrics {'FITS_DLinear': {'mse': 8.678262, 'mae': 2.2881944, 'se': 15.242016, 'relative_rmse': 0.29294428, 'relative_mae': 0.227542, 'mse_torch': 8.678257942199707, 'mae_torch': 2.2881951332092285, 'se_torch': 15.242016792297363, 'relative_rmse_torch': 0.29294421593904146, 'relative_mae_torch': 0.22754207165961662}, 'Repeat': {'mse': 9.8593025, 'mae': 2.3660777, 'se': 21.45081, 'relative_rmse': 0.3122423, 'relative_mae': 0.23528685, 'mse_torch': 9.859306335449219, 'mae_torch': 2.3660788536071777, 'se_torch': 21.450809478759766, 'relative_rmse_torch': 0.3122423670383714, 'relative_mae_torch': 0.23528696318163145}}
