Args in experiment:
Namespace(is_training=1, model_id='GD_336_720_M_channels_6', model='FITS100', data='custom', root_path='./dataset/', data_path='GD.csv', features='M', target='Adj Close', freq='h', checkpoints='./checkpoints/', seq_len=336, label_len=48, pred_len=720, individual=False, embed_type=0, enc_in=6, dec_in=7, c_out=7, d_model=512, n_heads=8, e_layers=2, d_layers=1, d_ff=2048, moving_avg=25, factor=1, distil=True, dropout=0.05, embed='timeF', activation='gelu', output_attention=False, do_predict=False, num_workers=0, itr=1, train_epochs=10, batch_size=8, patience=3, learning_rate=0.0005, des='Exp', loss='mse', lradj='type1', use_amp=False, use_gpu=False, gpu=0, use_multi_gpu=False, devices='0,1,2,3', test_flop=False)
GD_336_720_M_channels_6
Use CPU
FITS cutoff frequency: 100

Model(
  (fits): FITS(
    (frequency_upsampler): Linear(in_features=100, out_features=314, bias=True)
  )
)

>>>>>>>start training : GD_336_720_M_channels_6>>>>>>>>>>>>>>>>>>>>>>>>>>

train 9951
val 855
test 2425
	iters: 100, epoch: 1 | loss: 0.2156569
	speed: 0.0066s/iter; time left: 81.6761s
	iters: 200, epoch: 1 | loss: 0.2889166
	speed: 0.0030s/iter; time left: 36.9298s
	iters: 300, epoch: 1 | loss: 0.3689171
	speed: 0.0031s/iter; time left: 37.7137s
	iters: 400, epoch: 1 | loss: 0.4264940
	speed: 0.0028s/iter; time left: 33.7556s
	iters: 500, epoch: 1 | loss: 0.2476865
	speed: 0.0030s/iter; time left: 35.4214s
	iters: 600, epoch: 1 | loss: 0.2575712
	speed: 0.0029s/iter; time left: 33.7546s
	iters: 700, epoch: 1 | loss: 0.1293744
	speed: 0.0028s/iter; time left: 33.1544s
	iters: 800, epoch: 1 | loss: 0.1358346
	speed: 0.0028s/iter; time left: 32.8949s
	iters: 900, epoch: 1 | loss: 0.1799464
	speed: 0.0032s/iter; time left: 36.7930s
	iters: 1000, epoch: 1 | loss: 0.2208617
	speed: 0.0031s/iter; time left: 34.9677s
	iters: 1100, epoch: 1 | loss: 0.1132692
	speed: 0.0029s/iter; time left: 33.1089s
	iters: 1200, epoch: 1 | loss: 0.1351350
	speed: 0.0030s/iter; time left: 33.8946s
Epoch: 1 cost time: 3.7s
Epoch: 1, Steps: 1243 | Train Loss: 0.2627501 Vali Loss: 1.9221269 Test Loss: 11.1605043
Validation loss decreased (inf --> 1.922127).  Saving model ...
Updating learning rate to 0.0005
	iters: 100, epoch: 2 | loss: 0.1872460
	speed: 0.0099s/iter; time left: 109.5658s
	iters: 200, epoch: 2 | loss: 0.2110270
	speed: 0.0029s/iter; time left: 31.5749s
	iters: 300, epoch: 2 | loss: 0.1200372
	speed: 0.0036s/iter; time left: 38.7937s
	iters: 400, epoch: 2 | loss: 0.1582009
	speed: 0.0032s/iter; time left: 34.6897s
	iters: 500, epoch: 2 | loss: 0.1163174
	speed: 0.0035s/iter; time left: 37.5092s
	iters: 600, epoch: 2 | loss: 0.1250850
	speed: 0.0031s/iter; time left: 32.3672s
	iters: 700, epoch: 2 | loss: 0.1001823
	speed: 0.0040s/iter; time left: 41.6474s
	iters: 800, epoch: 2 | loss: 0.3029734
	speed: 0.0029s/iter; time left: 30.1865s
	iters: 900, epoch: 2 | loss: 0.2955756
	speed: 0.0031s/iter; time left: 31.9816s
	iters: 1000, epoch: 2 | loss: 0.1521382
	speed: 0.0033s/iter; time left: 33.1601s
	iters: 1100, epoch: 2 | loss: 0.4528508
	speed: 0.0034s/iter; time left: 33.9062s
	iters: 1200, epoch: 2 | loss: 0.5458371
	speed: 0.0029s/iter; time left: 29.0227s
Epoch: 2 cost time: 4.0s
Epoch: 2, Steps: 1243 | Train Loss: 0.2270911 Vali Loss: 1.9336565 Test Loss: 11.0143776
EarlyStopping counter: 1 out of 3
Updating learning rate to 0.00025
	iters: 100, epoch: 3 | loss: 0.3548636
	speed: 0.0103s/iter; time left: 101.6335s
	iters: 200, epoch: 3 | loss: 0.1675670
	speed: 0.0040s/iter; time left: 39.1109s
	iters: 300, epoch: 3 | loss: 0.1020086
	speed: 0.0029s/iter; time left: 28.2046s
	iters: 400, epoch: 3 | loss: 0.2401518
	speed: 0.0033s/iter; time left: 31.9000s
	iters: 500, epoch: 3 | loss: 0.1626972
	speed: 0.0031s/iter; time left: 28.9344s
	iters: 600, epoch: 3 | loss: 0.1458333
	speed: 0.0035s/iter; time left: 32.7058s
	iters: 700, epoch: 3 | loss: 0.1217782
	speed: 0.0032s/iter; time left: 29.4256s
	iters: 800, epoch: 3 | loss: 0.1295971
	speed: 0.0037s/iter; time left: 33.7792s
	iters: 900, epoch: 3 | loss: 0.3210538
	speed: 0.0033s/iter; time left: 29.4639s
	iters: 1000, epoch: 3 | loss: 0.1504924
	speed: 0.0035s/iter; time left: 30.9645s
	iters: 1100, epoch: 3 | loss: 0.2390305
	speed: 0.0034s/iter; time left: 30.4124s
	iters: 1200, epoch: 3 | loss: 0.1436604
	speed: 0.0032s/iter; time left: 27.5545s
Epoch: 3 cost time: 4.1s
Epoch: 3, Steps: 1243 | Train Loss: 0.2245275 Vali Loss: 1.9335641 Test Loss: 10.9829550
EarlyStopping counter: 2 out of 3
Updating learning rate to 0.000125
	iters: 100, epoch: 4 | loss: 0.3624938
	speed: 0.0099s/iter; time left: 85.2243s
	iters: 200, epoch: 4 | loss: 0.3875557
	speed: 0.0034s/iter; time left: 29.1154s
	iters: 300, epoch: 4 | loss: 0.1236667
	speed: 0.0033s/iter; time left: 27.5773s
	iters: 400, epoch: 4 | loss: 0.1779395
	speed: 0.0038s/iter; time left: 31.5296s
	iters: 500, epoch: 4 | loss: 0.2662071
	speed: 0.0035s/iter; time left: 28.4482s
	iters: 600, epoch: 4 | loss: 0.1404438
	speed: 0.0034s/iter; time left: 27.8989s
	iters: 700, epoch: 4 | loss: 0.1242914
	speed: 0.0031s/iter; time left: 24.4766s
	iters: 800, epoch: 4 | loss: 0.3676848
	speed: 0.0032s/iter; time left: 25.1619s
	iters: 900, epoch: 4 | loss: 0.3657616
	speed: 0.0033s/iter; time left: 25.7789s
	iters: 1000, epoch: 4 | loss: 0.1876234
	speed: 0.0031s/iter; time left: 23.8906s
	iters: 1100, epoch: 4 | loss: 0.4222432
	speed: 0.0029s/iter; time left: 22.0383s
	iters: 1200, epoch: 4 | loss: 0.2914720
	speed: 0.0034s/iter; time left: 25.6720s
Epoch: 4 cost time: 4.0s
Epoch: 4, Steps: 1243 | Train Loss: 0.2234658 Vali Loss: 1.9330046 Test Loss: 10.9724360
EarlyStopping counter: 3 out of 3
Early stopping
>>>>>>>testing : GD_336_720_M_channels_6<<<<<<<<<<<<<<<<<<<<<<<<<<<<<<<<<
test 2425

Final Metrics:

FITS100      MSE: 11.160507  MAE: 2.602166   SE: 25.952364  RRMSE: 0.332208   RMAE: 0.258764   (numpy)
FITS100      MSE: 11.160504  MAE: 2.602167   SE: 25.952362  RRMSE: 0.332208   RMAE: 0.258764   (torch)

Repeat       MSE: 9.859303   MAE: 2.366078   SE: 21.450809  RRMSE: 0.312242   RMAE: 0.235287   (numpy)
Repeat       MSE: 9.859306   MAE: 2.366079   SE: 21.450809  RRMSE: 0.312242   RMAE: 0.235287   (torch)

Shapes: pred (2424, 720, 6), true (2424, 720, 6), naive_pred (2424, 720, 6), gt (2424, 1056, 6), metrics {'FITS100': {'mse': 11.160507, 'mae': 2.602166, 'se': 25.952364, 'relative_rmse': 0.3322084, 'relative_mae': 0.25876388, 'mse_torch': 11.160504341125488, 'mae_torch': 2.6021671295166016, 'se_torch': 25.952362060546875, 'relative_rmse_torch': 0.33220836257795705, 'relative_mae_torch': 0.2587639886395234}, 'Repeat': {'mse': 9.8593025, 'mae': 2.3660777, 'se': 21.45081, 'relative_rmse': 0.3122423, 'relative_mae': 0.23528685, 'mse_torch': 9.859306335449219, 'mae_torch': 2.3660788536071777, 'se_torch': 21.450809478759766, 'relative_rmse_torch': 0.3122423670383714, 'relative_mae_torch': 0.23528696318163145}}
