Args in experiment:
Namespace(is_training=1, model_id='exchange_rate_336_720_MS_channels_8', model='DLinear_FITS', data='custom', root_path='./dataset/', data_path='exchange_rate.csv', features='MS', target='OT', freq='h', checkpoints='./checkpoints/', seq_len=336, label_len=48, pred_len=720, individual=False, embed_type=0, enc_in=8, dec_in=7, c_out=7, d_model=512, n_heads=8, e_layers=2, d_layers=1, d_ff=2048, moving_avg=25, factor=1, distil=True, dropout=0.05, embed='timeF', activation='gelu', output_attention=False, do_predict=False, num_workers=0, itr=1, train_epochs=10, batch_size=8, patience=3, learning_rate=0.0005, des='Exp', loss='mse', lradj='type1', use_amp=False, use_gpu=False, gpu=0, use_multi_gpu=False, devices='0,1,2,3', test_flop=False)
exchange_rate_336_720_MS_channels_8
Use CPU
FITS cutoff frequency: 49

Model(
  (decomposition): SeriesDecomp(
    (moving_avg): MovingAvg(
      (avg): AvgPool1d(kernel_size=(25,), stride=(1,), padding=(0,))
    )
  )
  (fits): FITS(
    (frequency_upsampler): Linear(in_features=49, out_features=154, bias=True)
  )
  (Linear_Seasonal): Linear(in_features=336, out_features=720, bias=True)
  (Linear_Trend): Linear(in_features=336, out_features=720, bias=True)
)

>>>>>>>start training : exchange_rate_336_720_MS_channels_8>>>>>>>>>>>>>>>>>>>>>>>>>>

train 4256
val 41
test 798
	iters: 100, epoch: 1 | loss: 0.8927156
	speed: 0.0111s/iter; time left: 58.1590s
	iters: 200, epoch: 1 | loss: 0.5221605
	speed: 0.0078s/iter; time left: 39.8816s
	iters: 300, epoch: 1 | loss: 0.7177993
	speed: 0.0081s/iter; time left: 40.5868s
	iters: 400, epoch: 1 | loss: 0.4384240
	speed: 0.0082s/iter; time left: 40.2179s
	iters: 500, epoch: 1 | loss: 0.6563390
	speed: 0.0079s/iter; time left: 38.0959s
Epoch: 1 cost time: 4.3s
Epoch: 1, Steps: 532 | Train Loss: 0.7165544 Vali Loss: 2.9630711 Test Loss: 1.8206798
Validation loss decreased (inf --> 2.963071).  Saving model ...
Updating learning rate to 0.0005
	iters: 100, epoch: 2 | loss: 0.5942786
	speed: 0.0160s/iter; time left: 75.1940s
	iters: 200, epoch: 2 | loss: 0.3672587
	speed: 0.0078s/iter; time left: 35.6038s
	iters: 300, epoch: 2 | loss: 0.7379290
	speed: 0.0077s/iter; time left: 34.6476s
	iters: 400, epoch: 2 | loss: 0.5610534
	speed: 0.0083s/iter; time left: 36.4558s
	iters: 500, epoch: 2 | loss: 0.7834720
	speed: 0.0081s/iter; time left: 34.5742s
Epoch: 2 cost time: 4.4s
Epoch: 2, Steps: 532 | Train Loss: 0.6240817 Vali Loss: 2.7832465 Test Loss: 1.6707752
Validation loss decreased (2.963071 --> 2.783247).  Saving model ...
Updating learning rate to 0.00025
	iters: 100, epoch: 3 | loss: 0.4070902
	speed: 0.0148s/iter; time left: 61.5632s
	iters: 200, epoch: 3 | loss: 0.9683294
	speed: 0.0076s/iter; time left: 30.9001s
	iters: 300, epoch: 3 | loss: 0.4120586
	speed: 0.0078s/iter; time left: 30.7560s
	iters: 400, epoch: 3 | loss: 0.7914305
	speed: 0.0080s/iter; time left: 30.8418s
	iters: 500, epoch: 3 | loss: 0.9137210
	speed: 0.0079s/iter; time left: 29.8663s
Epoch: 3 cost time: 4.2s
Epoch: 3, Steps: 532 | Train Loss: 0.5980936 Vali Loss: 2.7079654 Test Loss: 1.4922676
Validation loss decreased (2.783247 --> 2.707965).  Saving model ...
Updating learning rate to 0.000125
	iters: 100, epoch: 4 | loss: 0.4853300
	speed: 0.0134s/iter; time left: 48.6606s
	iters: 200, epoch: 4 | loss: 0.3199895
	speed: 0.0078s/iter; time left: 27.5173s
	iters: 300, epoch: 4 | loss: 0.4270990
	speed: 0.0075s/iter; time left: 25.7811s
	iters: 400, epoch: 4 | loss: 0.5250857
	speed: 0.0078s/iter; time left: 26.0507s
	iters: 500, epoch: 4 | loss: 0.2202204
	speed: 0.0079s/iter; time left: 25.5738s
Epoch: 4 cost time: 4.2s
Epoch: 4, Steps: 532 | Train Loss: 0.5900740 Vali Loss: 2.7449026 Test Loss: 1.5819403
EarlyStopping counter: 1 out of 3
Updating learning rate to 6.25e-05
	iters: 100, epoch: 5 | loss: 0.2552262
	speed: 0.0130s/iter; time left: 40.0680s
	iters: 200, epoch: 5 | loss: 0.2600838
	speed: 0.0078s/iter; time left: 23.4191s
	iters: 300, epoch: 5 | loss: 0.4042312
	speed: 0.0083s/iter; time left: 24.0652s
	iters: 400, epoch: 5 | loss: 0.4855066
	speed: 0.0078s/iter; time left: 21.8249s
	iters: 500, epoch: 5 | loss: 0.8892519
	speed: 0.0076s/iter; time left: 20.3661s
Epoch: 5 cost time: 4.2s
Epoch: 5, Steps: 532 | Train Loss: 0.5850907 Vali Loss: 2.3201232 Test Loss: 1.0571142
Validation loss decreased (2.707965 --> 2.320123).  Saving model ...
Updating learning rate to 3.125e-05
	iters: 100, epoch: 6 | loss: 0.6003896
	speed: 0.0302s/iter; time left: 77.2274s
	iters: 200, epoch: 6 | loss: 0.3556375
	speed: 0.0385s/iter; time left: 94.8385s
	iters: 300, epoch: 6 | loss: 0.4893908
	speed: 0.0186s/iter; time left: 43.9463s
	iters: 400, epoch: 6 | loss: 0.4869364
	speed: 0.0194s/iter; time left: 43.7878s
	iters: 500, epoch: 6 | loss: 0.5359141
	speed: 0.0088s/iter; time left: 18.9349s
Epoch: 6 cost time: 11.2s
Epoch: 6, Steps: 532 | Train Loss: 0.5839410 Vali Loss: 2.5067964 Test Loss: 1.3009971
EarlyStopping counter: 1 out of 3
Updating learning rate to 1.5625e-05
	iters: 100, epoch: 7 | loss: 1.1060573
	speed: 0.0151s/iter; time left: 30.5735s
	iters: 200, epoch: 7 | loss: 0.4727803
	speed: 0.0091s/iter; time left: 17.6347s
	iters: 300, epoch: 7 | loss: 0.7309392
	speed: 0.0082s/iter; time left: 14.9945s
	iters: 400, epoch: 7 | loss: 0.4897945
	speed: 0.0094s/iter; time left: 16.1690s
	iters: 500, epoch: 7 | loss: 0.6642218
	speed: 0.0080s/iter; time left: 13.0269s
Epoch: 7 cost time: 4.8s
Epoch: 7, Steps: 532 | Train Loss: 0.5822463 Vali Loss: 2.5251241 Test Loss: 1.3082647
EarlyStopping counter: 2 out of 3
Updating learning rate to 7.8125e-06
	iters: 100, epoch: 8 | loss: 0.9019811
	speed: 0.0168s/iter; time left: 25.1275s
	iters: 200, epoch: 8 | loss: 0.4417052
	speed: 0.0140s/iter; time left: 19.5057s
	iters: 300, epoch: 8 | loss: 0.9407412
	speed: 0.0088s/iter; time left: 11.4309s
	iters: 400, epoch: 8 | loss: 0.8112335
	speed: 0.0093s/iter; time left: 11.1882s
	iters: 500, epoch: 8 | loss: 0.5506137
	speed: 0.0090s/iter; time left: 9.8802s
Epoch: 8 cost time: 5.4s
Epoch: 8, Steps: 532 | Train Loss: 0.5815826 Vali Loss: 2.5653131 Test Loss: 1.3682678
EarlyStopping counter: 3 out of 3
Early stopping
>>>>>>>testing : exchange_rate_336_720_MS_channels_8<<<<<<<<<<<<<<<<<<<<<<<<<<<<<<<<<
test 798

Final Metrics:

DLinear_FITS MSE: 1.057114   MAE: 0.803428   SE: 1.072346   RRMSE: 0.598945   RMAE: 0.468030   (numpy)
DLinear_FITS MSE: 1.057114   MAE: 0.803428   SE: 1.072346   RRMSE: 0.598945   RMAE: 0.468030   (torch)

Repeat       MSE: 1.002388   MAE: 0.764844   SE: 1.831217   RRMSE: 0.583236   RMAE: 0.445552   (numpy)
Repeat       MSE: 1.002388   MAE: 0.764844   SE: 1.831217   RRMSE: 0.583236   RMAE: 0.445553   (torch)

Shapes: pred (792, 720, 1), true (792, 720, 1), naive_pred (792, 720, 1), gt (792, 1056, 1), metrics {'DLinear_FITS': {'mse': 1.057114, 'mae': 0.8034283, 'se': 1.072346, 'relative_rmse': 0.59894526, 'relative_mae': 0.46802965, 'mse_torch': 1.0571141242980957, 'mae_torch': 0.8034282326698303, 'se_torch': 1.0723459720611572, 'relative_rmse_torch': 0.598945311642203, 'relative_mae_torch': 0.4680296004753876}, 'Repeat': {'mse': 1.0023881, 'mae': 0.76484364, 'se': 1.8312168, 'relative_rmse': 0.58323586, 'relative_mae': 0.4455525, 'mse_torch': 1.00238835811615, 'mae_torch': 0.7648436427116394, 'se_torch': 1.8312169313430786, 'relative_rmse_torch': 0.5832358874714016, 'relative_mae_torch': 0.44555250857306705}}
