Args in experiment:
Namespace(is_training=1, model_id='exchange_rate_336_720_MS_channels_8', model='FITS', data='custom', root_path='./dataset/', data_path='exchange_rate.csv', features='MS', target='OT', freq='h', checkpoints='./checkpoints/', seq_len=336, label_len=48, pred_len=720, individual=False, embed_type=0, enc_in=8, dec_in=7, c_out=7, d_model=512, n_heads=8, e_layers=2, d_layers=1, d_ff=2048, moving_avg=25, factor=1, distil=True, dropout=0.05, embed='timeF', activation='gelu', output_attention=False, do_predict=False, num_workers=0, itr=1, train_epochs=10, batch_size=8, patience=3, learning_rate=0.0005, des='Exp', loss='mse', lradj='type1', use_amp=False, use_gpu=False, gpu=0, use_multi_gpu=False, devices='0,1,2,3', test_flop=False)
exchange_rate_336_720_MS_channels_8
Use CPU
FITS cutoff frequency: 168

Model(
  (fits): FITS(
    (frequency_upsampler): Linear(in_features=168, out_features=528, bias=True)
  )
)

>>>>>>>start training : exchange_rate_336_720_MS_channels_8>>>>>>>>>>>>>>>>>>>>>>>>>>

train 4256
val 41
test 798
	iters: 100, epoch: 1 | loss: 1.6424218
	speed: 0.0076s/iter; time left: 39.4447s
	iters: 200, epoch: 1 | loss: 1.6212828
	speed: 0.0050s/iter; time left: 25.6448s
	iters: 300, epoch: 1 | loss: 2.1393840
	speed: 0.0040s/iter; time left: 20.2601s
	iters: 400, epoch: 1 | loss: 1.5131948
	speed: 0.0041s/iter; time left: 20.0437s
	iters: 500, epoch: 1 | loss: 1.8659194
	speed: 0.0042s/iter; time left: 20.3581s
Epoch: 1 cost time: 2.3s
Epoch: 1, Steps: 532 | Train Loss: 1.2010278 Vali Loss: 0.6956926 Test Loss: 1.0432931
Validation loss decreased (inf --> 0.695693).  Saving model ...
Updating learning rate to 0.0005
	iters: 100, epoch: 2 | loss: 1.4016206
	speed: 0.0073s/iter; time left: 34.4135s
	iters: 200, epoch: 2 | loss: 1.1836787
	speed: 0.0044s/iter; time left: 20.2038s
	iters: 300, epoch: 2 | loss: 0.8016091
	speed: 0.0042s/iter; time left: 19.0561s
	iters: 400, epoch: 2 | loss: 0.6692995
	speed: 0.0044s/iter; time left: 19.1118s
	iters: 500, epoch: 2 | loss: 0.9032094
	speed: 0.0044s/iter; time left: 18.8646s
Epoch: 2 cost time: 2.3s
Epoch: 2, Steps: 532 | Train Loss: 1.0755962 Vali Loss: 0.6909341 Test Loss: 1.0656818
Validation loss decreased (0.695693 --> 0.690934).  Saving model ...
Updating learning rate to 0.00025
	iters: 100, epoch: 3 | loss: 1.2901003
	speed: 0.0068s/iter; time left: 28.4050s
	iters: 200, epoch: 3 | loss: 0.8620085
	speed: 0.0041s/iter; time left: 16.6947s
	iters: 300, epoch: 3 | loss: 0.7894470
	speed: 0.0039s/iter; time left: 15.6082s
	iters: 400, epoch: 3 | loss: 1.7596066
	speed: 0.0041s/iter; time left: 15.7354s
	iters: 500, epoch: 3 | loss: 0.7150806
	speed: 0.0045s/iter; time left: 16.7517s
Epoch: 3 cost time: 2.2s
Epoch: 3, Steps: 532 | Train Loss: 1.0557241 Vali Loss: 0.7003383 Test Loss: 1.0674980
EarlyStopping counter: 1 out of 3
Updating learning rate to 0.000125
	iters: 100, epoch: 4 | loss: 1.1504571
	speed: 0.0070s/iter; time left: 25.2744s
	iters: 200, epoch: 4 | loss: 1.1595647
	speed: 0.0042s/iter; time left: 14.8983s
	iters: 300, epoch: 4 | loss: 1.8692132
	speed: 0.0042s/iter; time left: 14.5098s
	iters: 400, epoch: 4 | loss: 1.0054088
	speed: 0.0042s/iter; time left: 13.9590s
	iters: 500, epoch: 4 | loss: 1.3744273
	speed: 0.0041s/iter; time left: 13.1632s
Epoch: 4 cost time: 2.2s
Epoch: 4, Steps: 532 | Train Loss: 1.0498965 Vali Loss: 0.7107829 Test Loss: 1.0650061
EarlyStopping counter: 2 out of 3
Updating learning rate to 6.25e-05
	iters: 100, epoch: 5 | loss: 0.6855310
	speed: 0.0070s/iter; time left: 21.6246s
	iters: 200, epoch: 5 | loss: 0.6698281
	speed: 0.0040s/iter; time left: 12.0425s
	iters: 300, epoch: 5 | loss: 1.2626370
	speed: 0.0047s/iter; time left: 13.4843s
	iters: 400, epoch: 5 | loss: 1.2106805
	speed: 0.0040s/iter; time left: 11.1770s
	iters: 500, epoch: 5 | loss: 1.1319548
	speed: 0.0041s/iter; time left: 11.1221s
Epoch: 5 cost time: 2.2s
Epoch: 5, Steps: 532 | Train Loss: 1.0472873 Vali Loss: 0.7148428 Test Loss: 1.0645921
EarlyStopping counter: 3 out of 3
Early stopping
>>>>>>>testing : exchange_rate_336_720_MS_channels_8<<<<<<<<<<<<<<<<<<<<<<<<<<<<<<<<<
test 798

Final Metrics:

FITS         MSE: 1.065682   MAE: 0.808006   SE: 2.415357   RRMSE: 0.601368   RMAE: 0.470696   (numpy)
FITS         MSE: 1.065682   MAE: 0.808006   SE: 2.415356   RRMSE: 0.601368   RMAE: 0.470696   (torch)

Repeat       MSE: 1.002388   MAE: 0.764844   SE: 1.831217   RRMSE: 0.583236   RMAE: 0.445552   (numpy)
Repeat       MSE: 1.002388   MAE: 0.764844   SE: 1.831217   RRMSE: 0.583236   RMAE: 0.445553   (torch)

Shapes: pred (792, 720, 1), true (792, 720, 1), naive_pred (792, 720, 1), gt (792, 1056, 1), metrics {'FITS': {'mse': 1.0656818, 'mae': 0.80800575, 'se': 2.4153566, 'relative_rmse': 0.6013676, 'relative_mae': 0.47069618, 'mse_torch': 1.0656819343566895, 'mae_torch': 0.8080058097839355, 'se_torch': 2.415356397628784, 'relative_rmse_torch': 0.6013676109894243, 'relative_mae_torch': 0.4706962251977234}, 'Repeat': {'mse': 1.0023881, 'mae': 0.76484364, 'se': 1.8312168, 'relative_rmse': 0.58323586, 'relative_mae': 0.4455525, 'mse_torch': 1.00238835811615, 'mae_torch': 0.7648436427116394, 'se_torch': 1.8312169313430786, 'relative_rmse_torch': 0.5832358874714016, 'relative_mae_torch': 0.44555250857306705}}
